loading data...processing 4000 predictions...

0%   10   20   30   40   50   60   70   80   90   100%
|----|----|----|----|----|----|----|----|----|----|
***************************************************
 done.
elapsed: [1.53s cpu, 4077.6068 mticks, 1.53s wall]
score: 0.4311  baseline: 0.4307  diff: 0.00040
category UNKNOWN: count 0 avg error 0 baseline avg error 0 avg improvement 0
category AUTO: count 1704 avg error 0.0241104 baseline avg error 0.0241654 avg improvement 5.50101e-05
category POSS: count 2029 avg error 0.202264 baseline avg error 0.201632 avg improvement -0.000631498
category IMP: count 267 avg error 1.09389 baseline avg error 1.09319 avg improvement -0.000702661
overall: count 4000 avg error 0.185886 baseline avg error 0.185543 avg improvement -0.000343796
worst entries: 
0: 3806  label: -1 pred: 0.644775 bl: 0.59105 IMP error_pred: 2.70528 error_bl: 2.53144 improvement: -0.173845
    min: 0.097  max: 0.96 avg: 0.659574
explanation: 


1: 2946  label: -1 pred: 0.247275 bl: 0.17975 IMP error_pred: 1.55569 error_bl: 1.39181 improvement: -0.163885
    min: -0.2075  max: 0.597 avg: 0.306006
explanation: 


2: 3162  label: -1 pred: -0.187575 bl: -0.2898 POSS error_pred: 0.660034 error_bl: 0.504384 improvement: -0.15565
    min: -0.589  max: 0.6685 avg: -0.280278
explanation: 


3: 190  label: -1 pred: 0.456125 bl: 0.40615 IMP error_pred: 2.1203 error_bl: 1.97726 improvement: -0.143042
    min: -0.05  max: 0.797 avg: 0.321118
explanation: 


4: 2007  label: -1 pred: -0.061725 bl: -0.1352 IMP error_pred: 0.88036 error_bl: 0.747879 improvement: -0.132481
    min: -0.426  max: 0.655 avg: 0.003764
explanation: 


5: 343  label: -1 pred: 0.406725 bl: 0.3604 IMP error_pred: 1.97888 error_bl: 1.85069 improvement: -0.128187
    min: -0.1085  max: 0.9345 avg: 0.54374
explanation: 


6: 1360  label: -1 pred: 0.240375 bl: 0.2002 IMP error_pred: 1.53853 error_bl: 1.44048 improvement: -0.0980502
    min: -0.268  max: 0.5345 avg: 0.139806
explanation: 


7: 3813  label: 1 pred: 0.235125 bl: 0.3017 IMP error_pred: 0.585034 error_bl: 0.487623 improvement: -0.0974109
    min: -0.1395  max: 0.492 avg: 0.200376
explanation: 


8: 1736  label: 1 pred: 0.338725 bl: 0.4156 POSS error_pred: 0.437285 error_bl: 0.341523 improvement: -0.0957613
    min: -0.289  max: 0.9105 avg: 0.23818
explanation: 


9: 1108  label: -1 pred: 0.195725 bl: 0.15575 IMP error_pred: 1.42976 error_bl: 1.33576 improvement: -0.0940001
    min: -0.165  max: 0.509 avg: 0.18167
explanation: 


10: 3606  label: -1 pred: 0.7197 bl: 0.69245 IMP error_pred: 2.95737 error_bl: 2.86439 improvement: -0.0929811
    min: 0.444  max: 1 avg: 0.745362
explanation: 


11: 3464  label: 1 pred: 0.047125 bl: 0.09515 POSS error_pred: 0.907971 error_bl: 0.818754 improvement: -0.0892172
    min: -0.3395  max: 0.5675 avg: 0.083992
explanation: 


12: 3452  label: -1 pred: -0.357775 bl: -0.4294 POSS error_pred: 0.412453 error_bl: 0.325584 improvement: -0.0868686
    min: -0.969  max: 0.9725 avg: 0.002836
explanation: 


13: 1082  label: -1 pred: -0.2771 bl: -0.3378 POSS error_pred: 0.522584 error_bl: 0.438509 improvement: -0.0840756
    min: -0.733  max: 0.6165 avg: -0.117812
explanation: 


14: 2169  label: -1 pred: 0.270625 bl: 0.2379 IMP error_pred: 1.61449 error_bl: 1.5324 improvement: -0.0820915
    min: -0.018  max: 0.51 avg: 0.22713
explanation: 


15: 3309  label: -0.5 pred: 0.71445 bl: 0.68025 IMP error_pred: 1.47489 error_bl: 1.39299 improvement: -0.0818986
    min: 0.174  max: 0.9645 avg: 0.461452
explanation: 


16: 1724  label: 1 pred: 0.129725 bl: 0.1772 POSS error_pred: 0.757379 error_bl: 0.677 improvement: -0.0803788
    min: -0.196  max: 0.5185 avg: 0.167938
explanation: 


17: 758  label: 1 pred: -0.077 bl: -0.03915 IMP error_pred: 1.15993 error_bl: 1.07983 improvement: -0.0800964
    min: -0.5365  max: 0.343 avg: -0.033306
explanation: 


18: 3729  label: -1 pred: 0.0051 bl: -0.03525 IMP error_pred: 1.01023 error_bl: 0.930743 improvement: -0.0794834
    min: -0.328  max: 0.383 avg: -0.02755
explanation: 


19: 60  label: -1 pred: 0.168225 bl: 0.13445 IMP error_pred: 1.36475 error_bl: 1.28698 improvement: -0.0777731
    min: -0.388  max: 0.536 avg: 0.185212
explanation: 


20: 1622  label: -1 pred: 0.30305 bl: 0.2732 IMP error_pred: 1.69794 error_bl: 1.62104 improvement: -0.0769011
    min: 0.067  max: 0.5525 avg: 0.297508
explanation: 


21: 3076  label: -1 pred: -0.06785 bl: -0.11005 IMP error_pred: 0.868904 error_bl: 0.792011 improvement: -0.0768927
    min: -0.3805  max: 0.1775 avg: -0.102416
explanation: 


22: 1425  label: 1 pred: 0.43215 bl: 0.50425 POSS error_pred: 0.322454 error_bl: 0.245768 improvement: -0.0766855
    min: 0.1005  max: 0.8915 avg: 0.443448
explanation: 


23: 567  label: 0.5 pred: -0.343125 bl: -0.298 IMP error_pred: 0.71086 error_bl: 0.636804 improvement: -0.0740557
    min: -0.6795  max: -0.1285 avg: -0.381858
explanation: 


24: 1707  label: 0.5 pred: -0.251625 bl: -0.2007 POSS error_pred: 0.56494 error_bl: 0.49098 improvement: -0.0739597
    min: -0.5545  max: 0.2005 avg: -0.24625
explanation: 


25: 3936  label: -1 pred: 0.16195 bl: 0.1309 IMP error_pred: 1.35013 error_bl: 1.27893 improvement: -0.071193
    min: -0.3205  max: 0.466 avg: 0.130098
explanation: 


26: 2507  label: -1 pred: -0.169575 bl: -0.21255 POSS error_pred: 0.689606 error_bl: 0.620078 improvement: -0.0695282
    min: -0.8405  max: 0.2125 avg: -0.28952
explanation: 


27: 1709  label: -0.5 pred: 0.780275 bl: 0.753 IMP error_pred: 1.6391 error_bl: 1.57001 improvement: -0.069095
    min: 0.5  max: 1 avg: 0.737496
explanation: 


28: 2684  label: -0.5 pred: 0.246075 bl: 0.1986 POSS error_pred: 0.556628 error_bl: 0.488042 improvement: -0.068586
    min: -0.1115  max: 0.6375 avg: 0.181428
explanation: 


29: 3748  label: -1 pred: -0.200525 bl: -0.24415 POSS error_pred: 0.63916 error_bl: 0.571309 improvement: -0.0678511
    min: -0.553  max: 0.123 avg: -0.2132
explanation: 


30: 3949  label: -0.5 pred: 0.25515 bl: 0.20915 IMP error_pred: 0.570251 error_bl: 0.502894 improvement: -0.0673577
    min: 0.1055  max: 0.6215 avg: 0.31093
explanation: 


31: 1311  label: 1 pred: 0.410175 bl: 0.4703 POSS error_pred: 0.347894 error_bl: 0.280582 improvement: -0.0673115
    min: 0.188  max: 0.6535 avg: 0.4644
explanation: 


32: 144  label: -0.5 pred: 0.5046 bl: 0.4707 IMP error_pred: 1.00922 error_bl: 0.942259 improvement: -0.0669628
    min: 0.2565  max: 0.695 avg: 0.462892
explanation: 


33: 1277  label: 1 pred: 0.47015 bl: 0.537 POSS error_pred: 0.280741 error_bl: 0.214369 improvement: -0.066372
    min: 0.002  max: 0.803 avg: 0.423516
explanation: 


34: 3423  label: 1 pred: 0.2723 bl: 0.31915 POSS error_pred: 0.529547 error_bl: 0.463557 improvement: -0.0659905
    min: -0.123  max: 0.5615 avg: 0.230578
explanation: 


35: 2431  label: -0.5 pred: 0.60045 bl: 0.5709 IMP error_pred: 1.21099 error_bl: 1.14683 improvement: -0.0641636
    min: 0.384  max: 0.7875 avg: 0.57257
explanation: 


36: 1616  label: 1 pred: 0.2668 bl: 0.3104 POSS error_pred: 0.537582 error_bl: 0.475548 improvement: -0.062034
    min: -0.0265  max: 0.5835 avg: 0.298246
explanation: 


37: 3077  label: -1 pred: 0.04785 bl: 0.018 IMP error_pred: 1.09799 error_bl: 1.03632 improvement: -0.0616657
    min: -0.228  max: 0.3405 avg: 0.045326
explanation: 


38: 707  label: -1 pred: 0.024675 bl: -0.0058 IMP error_pred: 1.04996 error_bl: 0.988434 improvement: -0.0615252
    min: -0.178  max: 0.2315 avg: 0.030796
explanation: 


39: 2764  label: 1 pred: 0.151975 bl: 0.189 IMP error_pred: 0.719146 error_bl: 0.657721 improvement: -0.0614253
    min: -0.304  max: 0.4475 avg: 0.174016
explanation: 


40: 2911  label: -1 pred: -0.074575 bl: -0.1082 POSS error_pred: 0.856411 error_bl: 0.795307 improvement: -0.0611042
    min: -0.578  max: 0.426 avg: -0.117808
explanation: 


41: 3715  label: -1 pred: 0.136575 bl: 0.1094 IMP error_pred: 1.2918 error_bl: 1.23077 improvement: -0.0610342
    min: -0.3155  max: 0.4965 avg: 0.112652
explanation: 


42: 2204  label: -1 pred: -0.0198 bl: -0.0512 POSS error_pred: 0.960792 error_bl: 0.900221 improvement: -0.0605706
    min: -0.5025  max: 0.277 avg: -0.123808
explanation: 


43: 3161  label: -0.5 pred: 0.0286 bl: -0.03025 POSS error_pred: 0.279418 error_bl: 0.220665 improvement: -0.0587529
    min: -0.3115  max: 0.5245 avg: 0.076312
explanation: 


44: 487  label: -0.5 pred: 0.8776 bl: 0.8563 IMP error_pred: 1.89778 error_bl: 1.83955 improvement: -0.0582319
    min: 0.62  max: 1 avg: 0.830374
explanation: 


45: 1433  label: -0.5 pred: -0.041325 bl: -0.1094 POSS error_pred: 0.210383 error_bl: 0.152568 improvement: -0.0578144
    min: -0.2725  max: 0.308 avg: -0.03296
explanation: 


46: 1286  label: -1 pred: 0.053875 bl: 0.02625 IMP error_pred: 1.11065 error_bl: 1.05319 improvement: -0.0574634
    min: -0.2045  max: 0.4125 avg: 0.037754
explanation: 


47: 129  label: 1 pred: 0.252025 bl: 0.2906 POSS error_pred: 0.559467 error_bl: 0.503248 improvement: -0.0562183
    min: 0.0245  max: 0.565 avg: 0.297852
explanation: 


48: 1885  label: -0.5 pred: 0.07505 bl: 0.024 POSS error_pred: 0.330682 error_bl: 0.274576 improvement: -0.0561065
    min: -0.0965  max: 0.3185 avg: 0.101048
explanation: 


49: 3135  label: -1 pred: 0.258025 bl: 0.23555 IMP error_pred: 1.58263 error_bl: 1.52658 improvement: -0.0560428
    min: 0.0425  max: 0.5715 avg: 0.23935
explanation: 


best entries: 
0: 1085  label: -1 pred: 0.653625 bl: 0.71065 IMP error_pred: 2.73448 error_bl: 2.92632 improvement: 0.191848
1: 2211  label: 1 pred: 0.011425 bl: -0.0564 IMP error_pred: 0.97728 error_bl: 1.11598 improvement: 0.138701
2: 2651  label: -0.5 pred: 0.70335 bl: 0.75845 POSS error_pred: 1.44805 error_bl: 1.5837 improvement: 0.135645
3: 277  label: -1 pred: 0.4062 bl: 0.45 IMP error_pred: 1.9774 error_bl: 2.1025 improvement: 0.125102
4: 3516  label: -0.5 pred: 0.2702 bl: 0.34635 POSS error_pred: 0.593208 error_bl: 0.716308 improvement: 0.1231
5: 1391  label: -1 pred: 0.563375 bl: 0.60215 IMP error_pred: 2.44414 error_bl: 2.56688 improvement: 0.122743
6: 1701  label: -0.5 pred: 0.455675 bl: 0.511 IMP error_pred: 0.913315 error_bl: 1.02212 improvement: 0.108806
7: 2813  label: 0.5 pred: -0.379175 bl: -0.43855 POSS error_pred: 0.772949 error_bl: 0.880876 improvement: 0.107927
8: 3336  label: -1 pred: -0.01065 bl: 0.04125 IMP error_pred: 0.978813 error_bl: 1.0842 improvement: 0.105388
9: 1676  label: 1 pred: 0.4473 bl: 0.36225 POSS error_pred: 0.305477 error_bl: 0.406725 improvement: 0.101248
10: 2100  label: 1 pred: 0.063625 bl: 0.01385 IMP error_pred: 0.876798 error_bl: 0.972492 improvement: 0.0956937
11: 633  label: -1 pred: 0.100975 bl: 0.14355 IMP error_pred: 1.21215 error_bl: 1.30771 improvement: 0.0955607
12: 3489  label: 0 pred: 0.76405 bl: 0.82145 POSS error_pred: 0.583772 error_bl: 0.67478 improvement: 0.0910076
13: 1454  label: 1 pred: 0.035225 bl: -0.0107 IMP error_pred: 0.930791 error_bl: 1.02151 improvement: 0.0907236
14: 1852  label: -1 pred: 0.38345 bl: 0.4154 IMP error_pred: 1.91393 error_bl: 2.00336 improvement: 0.0894232
15: 481  label: 0.5 pred: 0.050325 bl: -0.03995 POSS error_pred: 0.202208 error_bl: 0.291546 improvement: 0.0893384
16: 48  label: -0.5 pred: 0.593375 bl: 0.63255 IMP error_pred: 1.19547 error_bl: 1.28267 improvement: 0.0872008
17: 3590  label: 1 pred: -0.051125 bl: -0.0918 IMP error_pred: 1.10486 error_bl: 1.19203 improvement: 0.0871633
18: 2349  label: 1 pred: 0.13465 bl: 0.08725 IMP error_pred: 0.748831 error_bl: 0.833113 improvement: 0.084282
19: 72  label: 0.5 pred: 0.027325 bl: -0.0535 POSS error_pred: 0.223422 error_bl: 0.306362 improvement: 0.0829406
20: 2515  label: 1 pred: 0.316025 bl: 0.26285 POSS error_pred: 0.467822 error_bl: 0.54339 improvement: 0.0755684
21: 2774  label: -1 pred: 0.5134 bl: 0.53775 IMP error_pred: 2.29038 error_bl: 2.36468 improvement: 0.0742953
22: 274  label: -1 pred: -0.163375 bl: -0.12085 POSS error_pred: 0.699941 error_bl: 0.772905 improvement: 0.0729634
23: 2198  label: 0 pred: 0.856 bl: 0.897 POSS error_pred: 0.732736 error_bl: 0.804609 improvement: 0.071873
24: 1376  label: -1 pred: 0.01755 bl: 0.05225 IMP error_pred: 1.03541 error_bl: 1.10723 improvement: 0.071822
25: 3334  label: 1 pred: 0.1815 bl: 0.1394 IMP error_pred: 0.669942 error_bl: 0.740632 improvement: 0.0706902
26: 2276  label: 0.5 pred: -0.140625 bl: -0.1927 POSS error_pred: 0.4104 error_bl: 0.479833 improvement: 0.0694329
27: 3702  label: 0.5 pred: -0.104525 bl: -0.1593 POSS error_pred: 0.36545 error_bl: 0.434676 improvement: 0.069226
28: 3050  label: -0.5 pred: 0.550425 bl: 0.58225 IMP error_pred: 1.10339 error_bl: 1.17127 improvement: 0.0678722
29: 1373  label: 0 pred: 0.82425 bl: 0.86435 POSS error_pred: 0.679388 error_bl: 0.747101 improvement: 0.0677129
30: 1812  label: -1 pred: 0.475175 bl: 0.4979 IMP error_pred: 2.17614 error_bl: 2.2437 improvement: 0.0675631
31: 1541  label: 0 pred: 0.839075 bl: 0.87825 POSS error_pred: 0.704047 error_bl: 0.771323 improvement: 0.0672762
32: 159  label: -0.5 pred: 0.409725 bl: 0.44435 IMP error_pred: 0.8276 error_bl: 0.891797 improvement: 0.0641974
33: 547  label: 0.5 pred: -0.53615 bl: -0.5661 IMP error_pred: 1.07361 error_bl: 1.13657 improvement: 0.0629625
34: 1860  label: -1 pred: 0.335525 bl: 0.35845 IMP error_pred: 1.78363 error_bl: 1.84539 improvement: 0.0617594
35: 1793  label: 1 pred: 0.11445 bl: 0.08045 IMP error_pred: 0.784199 error_bl: 0.845572 improvement: 0.0613734
36: 3602  label: -1 pred: -0.249875 bl: -0.21035 POSS error_pred: 0.562688 error_bl: 0.623547 improvement: 0.0608596
37: 2389  label: -0.5 pred: -0.047225 bl: 0.01535 POSS error_pred: 0.205005 error_bl: 0.265586 improvement: 0.0605804
38: 2966  label: -1 pred: 0.49795 bl: 0.518 IMP error_pred: 2.24385 error_bl: 2.30432 improvement: 0.0604694
39: 1403  label: 0.5 pred: -0.02675 bl: -0.0813 POSS error_pred: 0.277466 error_bl: 0.33791 improvement: 0.0604441
40: 3817  label: -1 pred: 0.444125 bl: 0.46485 IMP error_pred: 2.0855 error_bl: 2.14579 improvement: 0.0602884
41: 3104  label: -0.5 pred: 0.231075 bl: 0.27045 POSS error_pred: 0.534471 error_bl: 0.593593 improvement: 0.0591226
42: 1004  label: 1 pred: 0.181375 bl: 0.14665 POSS error_pred: 0.670147 error_bl: 0.728206 improvement: 0.0580594
43: 2766  label: 1 pred: 0.14425 bl: 0.1118 POSS error_pred: 0.732308 error_bl: 0.788899 improvement: 0.0565912
44: 2122  label: 0 pred: -0.49075 bl: -0.5439 POSS error_pred: 0.240836 error_bl: 0.295827 improvement: 0.0549916
45: 3860  label: 0.5 pred: -0.11395 bl: -0.15635 POSS error_pred: 0.376935 error_bl: 0.430795 improvement: 0.0538607
46: 204  label: 1 pred: -0.1062 bl: -0.13005 IMP error_pred: 1.22368 error_bl: 1.27701 improvement: 0.0533345
47: 2867  label: -0.5 pred: 0.043575 bl: 0.09055 POSS error_pred: 0.295474 error_bl: 0.348749 improvement: 0.0532756
48: 1510  label: -0.5 pred: 0.6013 bl: 0.62495 IMP error_pred: 1.21286 error_bl: 1.26551 improvement: 0.0526507
49: 1125  label: 0.5 pred: -0.0997 bl: -0.142 POSS error_pred: 0.35964 error_bl: 0.412164 improvement: 0.052524

total is 0
score for UNKNOWN: nan baseline: nan diff:    nan
total is 1704
score for AUTO: 0.1553 baseline: 0.1555 diff: -0.0002
total is 2029
score for POSS: 0.4497 baseline: 0.4490 diff: 0.0007
total is 267
score for IMP: 1.0459 baseline: 1.0456 diff: 0.0003
writing 20000 official test outputs

0%   10   20   30   40   50   60   70   80   90   100%
|----|----|----|----|----|----|----|----|----|----|
***************************************************
scores: [ 0.431145 ]
0.4311 +/-    nan
