loading data...order = 1151
nm = 1151
nx = 50000
nvalues = 1151
singular_values = { 2830.24 257.365 230.482 190.919 161.699 140.275 118.585 112.076 101.221 95.6505 92.4441 85.5444 82.5308 75.9819 73.8328 70.6994 67.5904 65.6535 62.383 61.3324 60.1399 59.1862 57.5297 56.0432 54.7839 52.9803 52.5952 51.9474 51.7946 50.7626 50.1467 49.0847 49.0126 47.5257 46.5509 46.2982 45.6114 44.9637 44.2184 43.6337 42.7768 42.5523 42.3377 41.7535 41.4264 41.3242 40.2764 40.0653 39.6157 39.0949 39.0616 38.4923 38.1954 38.0343 37.5143 37.2368 36.7783 36.5751 36.4169 35.8289 35.6501 35.5367 35.3343 34.8464 34.7267 34.6558 34.17 34.0781 33.8106 33.5981 33.2068 32.6744 32.3795 32.3183 31.9841 31.7259 31.4584 31.2626 31.2022 30.9755 30.51 30.3066 30.2613 29.8572 29.8185 29.6958 29.6205 29.3499 29.2183 28.8429 28.8092 28.5659 28.3093 28.1616 28.0935 27.8605 27.7087 27.6447 27.5784 27.2772 27.129 26.9364 26.7507 26.7053 26.5705 26.4997 26.3859 26.2914 26.1072 26.056 25.945 25.7953 25.7089 25.5817 25.3414 25.3269 25.2041 25.1574 25.0813 25.0619 24.8068 24.7739 24.574 24.5489 24.4113 24.2134 24.1931 24.0855 24.0345 23.9306 23.8117 23.7026 23.5627 23.4828 23.3763 23.3653 23.1751 23.1013 23.0403 22.9875 22.8886 22.8313 22.7193 22.628 22.5702 22.4633 22.4179 22.3665 22.269 22.2312 22.1749 22.0249 21.9984 21.9464 21.8383 21.8131 21.7018 21.6602 21.6004 21.5108 21.4503 21.3661 21.2208 21.1763 21.098 21.0618 21.0129 20.9649 20.8196 20.7527 20.6998 20.5519 20.5207 20.5007 20.4139 20.3742 20.259 20.2547 20.173 20.1066 19.9921 19.915 19.8066 19.7947 19.7232 19.6714 19.5816 19.5293 19.5067 19.4576 19.372 19.2856 19.2634 19.2152 19.1239 19.1047 19.0291 18.9109 18.8317 18.7993 18.7726 18.687 18.6839 18.6391 18.4921 18.4392 18.3821 18.315 18.263 18.1912 18.1359 18.1139 18.0814 18.0368 17.8911 17.8197 17.7947 17.7795 17.6936 17.6244 17.548 17.5437 17.4579 17.4123 17.3562 17.2891 17.2872 17.2697 17.2159 17.158 17.1213 17.0676 17.0295 16.9664 16.9472 16.9247 16.8458 16.799 16.7799 16.6824 16.6447 16.5847 16.5663 16.5084 16.4631 16.4152 16.3899 16.322 16.2857 16.2701 16.2054 16.1971 16.1197 16.0956 16.055 16.0203 15.9956 15.9439 15.8675 15.8251 15.812 15.7821 15.7284 15.6612 15.6438 15.5497 15.5156 15.5029 15.4521 15.3888 15.3684 15.3456 15.3016 15.2396 15.1938 15.1397 15.1174 15.0871 15.0536 15.0141 14.9472 14.9221 14.8827 14.8401 14.8332 14.7931 14.7187 14.7058 14.654 14.612 14.6051 14.5799 14.5245 14.5107 14.4688 14.4499 14.4426 14.4083 14.3452 14.2626 14.2006 14.1279 14.099 14.0367 14.0052 13.9847 13.9556 13.9377 13.8861 13.8649 13.8123 13.7945 13.7622 13.7313 13.6622 13.6528 13.63 13.5507 13.5201 13.4542 13.4349 13.4156 13.384 13.3421 13.306 13.2669 13.2271 13.1918 13.132 13.1061 13.0978 13.0331 13.003 12.9882 12.9413 12.9117 12.8477 12.8101 12.7875 12.7568 12.736 12.6654 12.6238 12.6052 12.5526 12.5389 12.4673 12.458 12.3979 12.3627 12.3298 12.3061 12.2899 12.2425 12.2261 12.1922 12.1709 12.1501 12.0967 12.0779 12.0169 11.9899 11.9499 11.9306 11.8896 11.8714 11.8352 11.8111 11.7532 11.7491 11.7257 11.6818 11.6589 11.6277 11.6139 11.5811 11.5479 11.5319 11.5098 11.4854 11.4581 11.431 11.3884 11.3686 11.3187 11.2764 11.2735 11.2494 11.1927 11.1748 11.1509 11.1274 11.12 11.0871 11.0322 10.9995 10.9913 10.9519 10.9346 10.9115 10.8703 10.8403 10.8155 10.8018 10.7473 10.7324 10.7089 10.6511 10.6383 10.6105 10.6058 10.5894 10.523 10.4892 10.4654 10.4433 10.4181 10.3948 10.3858 10.3642 10.3203 10.304 10.2819 10.2494 10.2458 10.1993 10.1923 10.1645 10.1208 10.0836 10.0781 10.0541 10.0458 9.9956 9.98995 9.95477 9.93035 9.90417 9.88305 9.85516 9.84534 9.82928 9.79816 9.78949 9.74253 9.73615 9.7147 9.6925 9.66683 9.66575 9.64243 9.61915 9.60203 9.58176 9.55617 9.52062 9.50648 9.48747 9.44775 9.43702 9.40856 9.38899 9.38547 9.35573 9.32938 9.31952 9.3137 9.27238 9.24257 9.22034 9.18879 9.18569 9.18221 9.14763 9.12223 9.10504 9.08331 9.04582 8.99395 8.98616 8.96953 8.93976 8.92581 8.91653 8.9069 8.86455 8.8543 8.81931 8.81743 8.78733 8.77952 8.75882 8.73503 8.70715 8.68848 8.66837 8.65764 8.6373 8.61487 8.60015 8.58907 8.56763 8.54072 8.52194 8.48813 8.46968 8.45531 8.45228 8.42113 8.41268 8.37649 8.36317 8.35275 8.32969 8.31529 8.30406 8.28896 8.27892 8.23248 8.21798 8.20756 8.17398 8.16115 8.116 8.10871 8.09309 8.06653 8.03758 8.0128 8.00702 7.984 7.94642 7.94079 7.91917 7.90491 7.8819 7.86518 7.85704 7.83053 7.7898 7.77363 7.75291 7.72481 7.7069 7.68383 7.67486 7.65167 7.63459 7.61644 7.59689 7.58426 7.55237 7.54329 7.52734 7.49707 7.48991 7.48311 7.4708 7.44901 7.43361 7.40933 7.39932 7.36743 7.34296 7.33376 7.30399 7.29246 7.28542 7.25625 7.24255 7.22076 7.21824 7.1859 7.17311 7.16874 7.14106 7.11575 7.09756 7.09297 7.06624 7.05812 7.04669 7.03599 7.02366 7.00765 6.98443 6.97166 6.94269 6.93472 6.92941 6.91102 6.9061 6.89605 6.87055 6.85689 6.84168 6.82065 6.81003 6.80331 6.77265 6.75054 6.74036 6.72387 6.71063 6.67942 6.6724 6.63848 6.63139 6.61532 6.60365 6.59484 6.57964 6.55655 6.54759 6.51698 6.50659 6.48962 6.48323 6.46485 6.44823 6.42608 6.40092 6.38773 6.36493 6.33909 6.33281 6.30993 6.30358 6.27078 6.24466 6.24036 6.21589 6.20012 6.19333 6.17378 6.14038 6.1242 6.11851 6.08673 6.07591 6.06672 6.04486 6.01622 6.00955 5.99594 5.9639 5.9555 5.94284 5.93967 5.91743 5.87935 5.85871 5.85345 5.83985 5.82391 5.81066 5.78769 5.76231 5.74386 5.72953 5.71366 5.70458 5.68842 5.66673 5.64766 5.62469 5.61322 5.6037 5.58371 5.57399 5.56816 5.54768 5.53077 5.51021 5.47806 5.46477 5.45529 5.44409 5.43281 5.42756 5.40378 5.39153 5.38232 5.3634 5.34237 5.33362 5.303 5.29531 5.28227 5.26897 5.26235 5.24479 5.23771 5.2126 5.20682 5.19142 5.18534 5.1578 5.14833 5.1419 5.12917 5.11662 5.09325 5.08445 5.07524 5.05787 5.04258 5.03455 5.01662 5.00967 5.00104 4.98255 4.96993 4.95218 4.93939 4.92733 4.91609 4.88057 4.86896 4.85551 4.85144 4.84413 4.82759 4.81671 4.81136 4.77488 4.77142 4.75909 4.73852 4.72201 4.7133 4.70653 4.69918 4.68058 4.66258 4.65698 4.62299 4.61867 4.59709 4.59391 4.56734 4.5512 4.53137 4.52151 4.49729 4.49346 4.46116 4.45311 4.43141 4.42243 4.41658 4.39801 4.38921 4.37048 4.3624 4.35138 4.33198 4.31734 4.30181 4.29025 4.28408 4.27854 4.26341 4.2586 4.25075 4.23218 4.22736 4.20773 4.19805 4.19322 4.17362 4.15344 4.14936 4.13684 4.11575 4.09005 4.07818 4.05931 4.05424 4.04372 4.02807 3.99388 3.99048 3.96745 3.96216 3.95414 3.92808 3.91095 3.89631 3.88354 3.87508 3.86376 3.85049 3.84649 3.83956 3.81527 3.80206 3.79383 3.78339 3.77498 3.75848 3.75015 3.72863 3.72072 3.70806 3.69715 3.68479 3.67281 3.6473 3.64358 3.62971 3.60462 3.59848 3.59107 3.57241 3.55677 3.54928 3.53672 3.51678 3.51399 3.49783 3.48525 3.47415 3.467 3.45264 3.43498 3.42998 3.41358 3.40664 3.39092 3.37818 3.37659 3.35634 3.34242 3.33023 3.31457 3.29952 3.28964 3.28749 3.27359 3.26905 3.25931 3.24472 3.23247 3.21916 3.21432 3.20897 3.20503 3.19047 3.18719 3.17581 3.16423 3.15103 3.14685 3.12723 3.11896 3.10355 3.09557 3.08322 3.07221 3.07001 3.04753 3.03772 3.02382 3.00947 2.99649 2.9838 2.97558 2.97101 2.95552 2.94453 2.93885 2.92965 2.91298 2.89887 2.89091 2.87829 2.87573 2.85766 2.85157 2.83811 2.83246 2.8135 2.80907 2.7955 2.7887 2.78171 2.77051 2.76254 2.76172 2.73877 2.72724 2.71002 2.70786 2.70151 2.68928 2.66739 2.65368 2.64566 2.64023 2.62964 2.62548 2.61774 2.60996 2.60365 2.58379 2.56647 2.56362 2.56026 2.54878 2.53834 2.52893 2.52729 2.51313 2.49898 2.49123 2.48839 2.47801 2.46388 2.45237 2.445 2.43871 2.42316 2.41492 2.40645 2.39679 2.3771 2.37101 2.37043 2.35074 2.34452 2.32991 2.32233 2.31165 2.29824 2.29393 2.27846 2.26791 2.25469 2.24813 2.24459 2.23884 2.23078 2.21619 2.21118 2.19869 2.19322 2.18354 2.18006 2.1694 2.159 2.1536 2.13971 2.13269 2.12446 2.11615 2.10931 2.10151 2.0896 2.08246 2.07748 2.066 2.05962 2.0439 2.03675 2.02299 2.01671 2.01004 1.99553 1.98435 1.96949 1.96303 1.96013 1.95247 1.94491 1.94012 1.92019 1.91185 1.89003 1.87593 1.874 1.85701 1.85203 1.84032 1.82412 1.80964 1.80127 1.79281 1.78515 1.77366 1.76028 1.73571 1.72534 1.71108 1.70293 1.69379 1.6823 1.67425 1.66696 1.66488 1.65765 1.6492 1.63799 1.635 1.62132 1.61855 1.6142 1.59162 1.57936 1.57185 1.56511 1.55311 1.54869 1.5402 1.53252 1.52794 1.52377 1.51999 1.51077 1.50375 1.48859 1.48159 1.47077 1.46699 1.46032 1.45602 1.44087 1.44039 1.43112 1.42875 1.42103 1.41874 1.41031 1.38881 1.38299 1.37576 1.36838 1.35889 1.35555 1.34664 1.34061 1.33245 1.32085 1.31244 1.30748 1.29276 1.28067 1.27735 1.27724 1.2418 1.23596 1.22865 1.22418 1.19118 1.18901 1.18228 1.17051 1.15228 1.14732 1.12238 1.11657 1.10404 1.09942 1.09299 1.08264 1.05337 1.03808 1.0316 1.02637 1.01811 1.00341 0.993708 0.988038 0.97599 0.971771 0.959784 0.955818 0.945152 0.924739 0.918239 0.911262 0.908297 0.898756 0.892522 0.882457 0.868575 0.853372 0.849264 0.83179 0.817849 0.806287 0.797206 0.781523 0.779046 0.770849 0.753098 0.752549 0.732704 0.718999 0.713692 0.707391 0.698797 0.691466 0.683291 0.677039 0.661634 0.623616 0.618803 0.607407 0.598787 0.596371 0.58088 0.571932 0.568078 0.557001 0.555148 0.547266 0.508066 0.504732 0.501983 0.495396 0.475942 0.462138 0.452751 0.450941 0.430904 0.424267 0.400104 0.380804 0.3721 0.353588 0.318583 0.300447 0.271868 0.269498 0.265389 0.256906 0.237921 0.223796 0.210466 0.183366 0.15217 0.126619 0.0843423 0.0707529 0.00067474 0.000164775 3.74197e-05 1.94869e-05 1.87449e-05 1.24099e-05 }
applying decomposition
done.
training 500 models

0%   10   20   30   40   50   60   70   80   90   100%
|----|----|----|----|----|----|----|----|----|----|
***************************************************
processing 10000 predictions...

0%   10   20   30   40   50   60   70   80   90   100%
|----|----|----|----|----|----|----|----|----|----|
***************************************************
 done.
elapsed: [4690.38s cpu, 2719355.4094 mticks, 1017.45s wall]
score: 0.1499  baseline: 0.1635  diff: -0.01353
category UNKNOWN: count 0 avg error 0 baseline avg error 0 avg improvement 0
category AUTO: count 3347 avg error 0.0477329 baseline avg error 0.0652753 avg improvement 0.0175425
category POSS: count 5942 avg error 0.161294 baseline avg error 0.171225 avg improvement 0.00993108
category IMP: count 711 avg error 0.536098 baseline avg error 0.56085 avg improvement 0.024752
overall: count 10000 avg error 0.149934 baseline avg error 0.163466 avg improvement 0.0135324
worst entries: 
0: 1761  label: 1 pred: 0.0877661 bl: 0.09385 POSS error_pred: 0.849263 error_bl: 0.391478 improvement: -0.457786
    min: -0.812  max: 0.6365 avg: -0.0227042
explanation: 


1: 7689  label: 1 pred: 0.2324 bl: 0.33235 POSS error_pred: 0.569096 error_bl: 0.148049 improvement: -0.421047
    min: -0.4415  max: 0.8675 avg: 0.256449
explanation: 


2: 8757  label: 1 pred: 0.115701 bl: 0.0928 POSS error_pred: 0.783552 error_bl: 0.392274 improvement: -0.391278
    min: -0.7995  max: 0.5695 avg: -0.131028
explanation: 


3: 9035  label: 1 pred: 0.329654 bl: 0.4348 POSS error_pred: 0.433891 error_bl: 0.0838311 improvement: -0.35006
    min: -0.5205  max: 0.871 avg: 0.423296
explanation: 


4: 1612  label: 1 pred: 0.252036 bl: 0.25805 POSS error_pred: 0.539227 error_bl: 0.20689 improvement: -0.332338
    min: -0.2395  max: 0.827 avg: 0.335646
explanation: 


5: 3090  label: 1 pred: 0.385694 bl: 0.45915 POSS error_pred: 0.366786 error_bl: 0.0730785 improvement: -0.293708
    min: -0.5395  max: 0.746 avg: 0.21589
explanation: 


6: 2549  label: 1 pred: 0.237093 bl: 0.1904 POSS error_pred: 0.563521 error_bl: 0.277479 improvement: -0.286041
    min: -0.3835  max: 0.5405 avg: -0.0277163
explanation: 


7: 8452  label: 1 pred: 0.17074 bl: 0.09675 POSS error_pred: 0.671247 error_bl: 0.387893 improvement: -0.283353
    min: -0.2815  max: 0.789 avg: 0.141303
explanation: 


8: 3420  label: 1 pred: 0.282393 bl: 0.2492 POSS error_pred: 0.492234 error_bl: 0.217045 improvement: -0.275189
    min: -0.534  max: 0.784 avg: 0.139198
explanation: 


9: 5381  label: -1 pred: 0.818829 bl: 0.32645 IMP error_pred: 0.644837 error_bl: 0.37284 improvement: -0.271997
    min: 0.1755  max: 0.5815 avg: 0.376663
explanation: 


10: 4377  label: 1 pred: 0.0599509 bl: -0.10075 POSS error_pred: 0.908403 error_bl: 0.644763 improvement: -0.26364
    min: -0.9275  max: 0.9535 avg: -0.121816
explanation: 


11: 7938  label: 1 pred: 0.330846 bl: 0.2919 POSS error_pred: 0.432497 error_bl: 0.178017 improvement: -0.25448
    min: -0.1665  max: 0.864 avg: 0.267188
explanation: 


12: 6100  label: 1 pred: 0.27185 bl: 0.2091 POSS error_pred: 0.507567 error_bl: 0.25687 improvement: -0.250697
    min: -0.582  max: 0.7995 avg: 0.249492
explanation: 


13: 8993  label: 1 pred: 0.21391 bl: 0.12525 POSS error_pred: 0.594584 error_bl: 0.351454 improvement: -0.24313
    min: -0.718  max: 0.6875 avg: 0.243767
explanation: 


14: 1418  label: 1 pred: 0.231645 bl: 0.149 POSS error_pred: 0.569892 error_bl: 0.326961 improvement: -0.242931
    min: -0.859  max: 0.9175 avg: 0.0624135
explanation: 


15: 648  label: 1 pred: 0.137324 bl: 0.0059 POSS error_pred: 0.739546 error_bl: 0.506372 improvement: -0.233174
    min: -0.355  max: 0.933 avg: 0.142074
explanation: 


16: 4693  label: 1 pred: 0.0747161 bl: -0.10925 POSS error_pred: 0.878534 error_bl: 0.65671 improvement: -0.221824
    min: -0.753  max: 0.438 avg: -0.101332
explanation: 


17: 6810  label: 1 pred: 0.189102 bl: 0.0708 POSS error_pred: 0.639387 error_bl: 0.420948 improvement: -0.218439
    min: -0.8215  max: 0.438 avg: 0.0270113
explanation: 


18: 9978  label: 1 pred: 0.42708 bl: 0.397 POSS error_pred: 0.324771 error_bl: 0.107328 improvement: -0.217443
    min: -0.4115  max: 0.976 avg: 0.501333
explanation: 


19: 3991  label: 1 pred: 0.340515 bl: 0.2608 POSS error_pred: 0.419952 error_bl: 0.204102 improvement: -0.21585
    min: -0.4995  max: 0.7985 avg: -0.0449257
explanation: 


20: 8419  label: 1 pred: 0.201769 bl: 0.0815 POSS error_pred: 0.617881 error_bl: 0.407806 improvement: -0.210076
    min: -0.438  max: 0.801 avg: 0.208023
explanation: 


21: 9883  label: 1 pred: 0.522335 bl: 0.58435 POSS error_pred: 0.236161 error_bl: 0.0282756 improvement: -0.207885
    min: -0.298  max: 1 avg: 0.462209
explanation: 


22: 4976  label: 1 pred: 0.515138 bl: 0.5239 POSS error_pred: 0.24313 error_bl: 0.0461968 improvement: -0.196933
    min: -0.7525  max: 0.8775 avg: 0.34224
explanation: 


23: 7509  label: 1 pred: 0.165013 bl: 0.0171 POSS error_pred: 0.686579 error_bl: 0.491438 improvement: -0.195141
    min: -0.5205  max: 0.8425 avg: 0.0462437
explanation: 


24: 2186  label: -1 pred: 0.714714 bl: 0.24695 IMP error_pred: 0.450583 error_bl: 0.259944 improvement: -0.190639
    min: 0.136  max: 0.524 avg: 0.319383
explanation: 


25: 6994  label: 1 pred: 0.209568 bl: 0.07535 POSS error_pred: 0.60454 error_bl: 0.415372 improvement: -0.189168
    min: -0.616  max: 0.586 avg: 0.00781582
explanation: 


26: 8222  label: 1 pred: 0.306676 bl: 0.1957 POSS error_pred: 0.459976 error_bl: 0.271207 improvement: -0.188769
    min: -0.314  max: 0.6965 avg: 0.252207
explanation: 


27: 8226  label: 1 pred: 0.198838 bl: 0.06075 POSS error_pred: 0.622063 error_bl: 0.433393 improvement: -0.18867
    min: -0.681  max: 0.742 avg: -0.00170503
explanation: 


28: 4502  label: 1 pred: 0.37581 bl: 0.2749 POSS error_pred: 0.37953 error_bl: 0.191458 improvement: -0.188072
    min: -0.4375  max: 0.7885 avg: 0.267419
explanation: 


29: 3873  label: 1 pred: 0.10771 bl: -0.08065 POSS error_pred: 0.805058 error_bl: 0.617881 improvement: -0.187176
    min: -0.8175  max: 0.5805 avg: 0.117659
explanation: 


30: 2383  label: 1 pred: 0.449327 bl: 0.38215 POSS error_pred: 0.301872 error_bl: 0.116687 improvement: -0.185185
    min: -0.2235  max: 0.685 avg: 0.333588
explanation: 


31: 7081  label: 1 pred: 0.131387 bl: -0.0413 POSS error_pred: 0.7499 error_bl: 0.565114 improvement: -0.184787
    min: -0.7545  max: 0.2925 avg: -0.112842
explanation: 


32: 2639  label: 1 pred: 0.315188 bl: 0.20205 POSS error_pred: 0.448825 error_bl: 0.265631 improvement: -0.183194
    min: -0.424  max: 0.536 avg: 0.151531
explanation: 


33: 3407  label: 1 pred: 0.250884 bl: 0.11985 POSS error_pred: 0.540223 error_bl: 0.357427 improvement: -0.182796
    min: -0.7165  max: 0.6685 avg: 0.0178354
explanation: 


34: 8831  label: 1 pred: 0.340648 bl: 0.22685 POSS error_pred: 0.419952 error_bl: 0.237356 improvement: -0.182597
    min: -0.7055  max: 0.542 avg: 0.284665
explanation: 


35: 5331  label: 1 pred: 0.349235 bl: 0.2391 POSS error_pred: 0.409399 error_bl: 0.227798 improvement: -0.181601
    min: -0.35  max: 0.6585 avg: 0.133256
explanation: 


36: 975  label: -1 pred: 0.705354 bl: 0.24115 IMP error_pred: 0.433106 error_bl: 0.251908 improvement: -0.181197
    min: 0.0445  max: 0.463 avg: 0.204512
explanation: 


37: 2555  label: -1 pred: 0.843096 bl: 0.4213 IMP error_pred: 0.705102 error_bl: 0.525512 improvement: -0.17959
    min: 0.1745  max: 0.553 avg: 0.3955
explanation: 


38: 4174  label: -1 pred: 0.646054 bl: 0.17015 POSS error_pred: 0.350743 error_bl: 0.172861 improvement: -0.177883
    min: -0.1245  max: 0.4595 avg: 0.129214
explanation: 


39: 8166  label: 1 pred: 0.262643 bl: 0.13465 POSS error_pred: 0.520311 error_bl: 0.342692 improvement: -0.177619
    min: -0.383  max: 0.667 avg: 0.187428
explanation: 


40: 536  label: 1 pred: 0.38336 bl: 0.27315 POSS error_pred: 0.368976 error_bl: 0.192951 improvement: -0.176025
    min: -0.4475  max: 0.897 avg: 0.264372
explanation: 


41: 9764  label: 1 pred: 0.45012 bl: 0.367 POSS error_pred: 0.301075 error_bl: 0.126444 improvement: -0.174632
    min: -0.123  max: 0.8505 avg: 0.272571
explanation: 


42: 3086  label: 1 pred: 0.467252 bl: 0.39145 POSS error_pred: 0.284548 error_bl: 0.110115 improvement: -0.174433
    min: -0.369  max: 0.917 avg: 0.322711
explanation: 


43: 5456  label: -1 pred: 0.765508 bl: 0.31865 IMP error_pred: 0.536762 error_bl: 0.362395 improvement: -0.174367
    min: 0.0705  max: 0.475 avg: 0.246824
explanation: 


44: 5300  label: -1 pred: 0.728963 bl: 0.279 IMP error_pred: 0.475693 error_bl: 0.302632 improvement: -0.173061
    min: 0.1705  max: 0.4935 avg: 0.30585
explanation: 


45: 9618  label: 1 pred: 0.267894 bl: 0.13535 POSS error_pred: 0.513142 error_bl: 0.341896 improvement: -0.171247
    min: -0.3705  max: 0.8755 avg: 0.115107
explanation: 


46: 5934  label: -1 pred: 0.625264 bl: 0.1522 POSS error_pred: 0.32724 error_bl: 0.156689 improvement: -0.17055
    min: -0.045  max: 0.4255 avg: 0.140151
explanation: 


47: 4660  label: 1 pred: 0.209117 bl: 0.05865 POSS error_pred: 0.605536 error_bl: 0.437276 improvement: -0.16826
    min: -0.8895  max: 0.4485 avg: 0.108357
explanation: 


48: 9689  label: 1 pred: 0.474745 bl: 0.39035 POSS error_pred: 0.27738 error_bl: 0.110414 improvement: -0.166965
    min: -0.0515  max: 0.882 avg: 0.389835
explanation: 


49: 5086  label: 1 pred: 0.427731 bl: 0.31715 POSS error_pred: 0.324174 error_bl: 0.1591 improvement: -0.165074
    min: -0.8305  max: 0.569 avg: 0.0911051
explanation: 


best entries: 
0: 8121  label: -1 pred: 0.553065 bl: 0.6206 IMP error_pred: 0.246485 error_bl: 0.820209 improvement: 0.573724
1: 7193  label: -1 pred: 0.360824 bl: 0.49475 POSS error_pred: 0.101245 error_bl: 0.646043 improvement: 0.544797
2: 6838  label: -1 pred: 0.351046 bl: 0.48985 POSS error_pred: 0.0970269 error_bl: 0.63861 improvement: 0.541583
3: 7534  label: -1 pred: 0.524559 bl: 0.5705 POSS error_pred: 0.219566 error_bl: 0.756227 improvement: 0.536661
4: 363  label: -1 pred: 0.328124 bl: 0.47065 POSS error_pred: 0.0845721 error_bl: 0.607372 improvement: 0.5228
5: 657  label: -1 pred: 0.44197 bl: 0.5105 POSS error_pred: 0.154078 error_bl: 0.671254 improvement: 0.517176
6: 9754  label: -1 pred: 0.264347 bl: 0.44215 POSS error_pred: 0.0582563 error_bl: 0.560064 improvement: 0.501808
7: 2133  label: -1 pred: 0.517742 bl: 0.53725 POSS error_pred: 0.213941 error_bl: 0.711029 improvement: 0.497087
8: 6478  label: -1 pred: 0.687271 bl: 0.6926 POSS error_pred: 0.406388 error_bl: 0.889916 improvement: 0.483528
9: 2234  label: -1 pred: 0.662754 bl: 0.5954 IMP error_pred: 0.370631 error_bl: 0.786862 improvement: 0.416231
10: 8852  label: -1 pred: 0.6693 bl: 0.6012 POSS error_pred: 0.378666 error_bl: 0.793692 improvement: 0.415026
11: 2104  label: -1 pred: 0.689104 bl: 0.61455 POSS error_pred: 0.406991 error_bl: 0.81358 improvement: 0.406589
12: 9694  label: -1 pred: 0.741315 bl: 0.70485 POSS error_pred: 0.497991 error_bl: 0.899759 improvement: 0.401768
13: 8252  label: -1 pred: 0.313411 bl: 0.38665 POSS error_pred: 0.0777421 error_bl: 0.467658 improvement: 0.389916
14: 581  label: -1 pred: 0.722141 bl: 0.65035 POSS error_pred: 0.464444 error_bl: 0.853556 improvement: 0.389112
15: 8842  label: -1 pred: 0.728486 bl: 0.65865 POSS error_pred: 0.47489 error_bl: 0.861892 improvement: 0.387003
16: 6785  label: -1 pred: 0.647372 bl: 0.5458 POSS error_pred: 0.352752 error_bl: 0.725191 improvement: 0.372439
17: 3107  label: -1 pred: 0.635042 bl: 0.52815 POSS error_pred: 0.338891 error_bl: 0.697971 improvement: 0.35908
18: 7192  label: -1 pred: 0.533814 bl: 0.45615 POSS error_pred: 0.228003 error_bl: 0.583869 improvement: 0.355866
19: 3096  label: -1 pred: 0.706336 bl: 0.5983 IMP error_pred: 0.434512 error_bl: 0.789273 improvement: 0.354761
20: 2277  label: -1 pred: 0.64504 bl: 0.53195 IMP error_pred: 0.349538 error_bl: 0.703295 improvement: 0.353757
21: 2510  label: -1 pred: 0.543025 bl: 0.45885 POSS error_pred: 0.236842 error_bl: 0.587987 improvement: 0.351145
22: 1891  label: -1 pred: 0.394157 bl: 0.38375 POSS error_pred: 0.120731 error_bl: 0.462234 improvement: 0.341503
23: 2070  label: -1 pred: 0.689479 bl: 0.56225 IMP error_pred: 0.407995 error_bl: 0.746786 improvement: 0.338791
24: 1646  label: -1 pred: 0.767846 bl: 0.65775 IMP error_pred: 0.540378 error_bl: 0.860587 improvement: 0.320209
25: 2947  label: -1 pred: 0.779227 bl: 0.68375 IMP error_pred: 0.561872 error_bl: 0.88188 improvement: 0.320008
26: 6778  label: -1 pred: 0.743789 bl: 0.62295 IMP error_pred: 0.503214 error_bl: 0.822619 improvement: 0.319405
27: 7231  label: -1 pred: 0.369799 bl: 0.35665 POSS error_pred: 0.105464 error_bl: 0.419847 improvement: 0.314383
28: 11  label: -1 pred: 0.617283 bl: 0.48445 IMP error_pred: 0.316392 error_bl: 0.630173 improvement: 0.313781
29: 9062  label: -1 pred: 0.509913 bl: 0.4199 POSS error_pred: 0.208718 error_bl: 0.522499 improvement: 0.313781
30: 2246  label: -1 pred: 0.573635 bl: 0.4533 IMP error_pred: 0.266975 error_bl: 0.580153 improvement: 0.313178
31: 4292  label: -1 pred: 0.467789 bl: 0.3975 POSS error_pred: 0.173363 error_bl: 0.485838 improvement: 0.312475
32: 1656  label: -1 pred: 0.582418 bl: 0.4612 POSS error_pred: 0.279229 error_bl: 0.591603 improvement: 0.312374
33: 8646  label: -1 pred: 0.568082 bl: 0.44835 POSS error_pred: 0.26135 error_bl: 0.569908 improvement: 0.308558
34: 4453  label: -1 pred: 0.817654 bl: 0.7789 IMP error_pred: 0.641221 error_bl: 0.948172 improvement: 0.306951
35: 6975  label: -1 pred: 0.489805 bl: 0.4071 POSS error_pred: 0.19325 error_bl: 0.500201 improvement: 0.306951
36: 9801  label: -1 pred: 0.804929 bl: 0.73945 IMP error_pred: 0.617517 error_bl: 0.924066 improvement: 0.306549
37: 5369  label: -1 pred: 0.446426 bl: 0.3811 POSS error_pred: 0.156288 error_bl: 0.45671 improvement: 0.300422
38: 7206  label: -1 pred: 0.708066 bl: 0.55555 POSS error_pred: 0.437927 error_bl: 0.736641 improvement: 0.298714
39: 7505  label: -1 pred: 0.562614 bl: 0.43835 POSS error_pred: 0.256127 error_bl: 0.554038 improvement: 0.297911
40: 768  label: -1 pred: 0.72583 bl: 0.57735 IMP error_pred: 0.470068 error_bl: 0.764564 improvement: 0.294496
41: 4145  label: -1 pred: 0.463178 bl: 0.3836 POSS error_pred: 0.169747 error_bl: 0.462033 improvement: 0.292286
42: 2192  label: -1 pred: 0.651546 bl: 0.4969 POSS error_pred: 0.357372 error_bl: 0.649458 improvement: 0.292085
43: 6652  label: -1 pred: 0.722013 bl: 0.57045 IMP error_pred: 0.464243 error_bl: 0.756027 improvement: 0.291784
44: 1669  label: -1 pred: 0.652505 bl: 0.4963 IMP error_pred: 0.358176 error_bl: 0.648855 improvement: 0.290679
45: 6192  label: -1 pred: 0.625543 bl: 0.4775 POSS error_pred: 0.327441 error_bl: 0.617115 improvement: 0.289675
46: 7397  label: -1 pred: 0.365617 bl: 0.3377 POSS error_pred: 0.103455 error_bl: 0.392025 improvement: 0.28857
47: 2934  label: -1 pred: 0.496513 bl: 0.3964 POSS error_pred: 0.198072 error_bl: 0.483728 improvement: 0.285657
48: 2959  label: -1 pred: 0.535367 bl: 0.41405 POSS error_pred: 0.229209 error_bl: 0.512656 improvement: 0.283447
49: 2666  label: -1 pred: 0.705226 bl: 0.5393 POSS error_pred: 0.433106 error_bl: 0.715548 improvement: 0.282443

total is 0
score for UNKNOWN: 1.0000 baseline: 1.0000 diff: 0.0000
total is 3347
score for AUTO: 0.0000 baseline: 0.0000 diff: 0.0000
total is 5942
score for POSS: 0.2277 baseline: 0.2389 diff: -0.0112
total is 711
score for IMP: 1.0000 baseline: 1.0000 diff: 0.0000
writing 50000 official test outputs

0%   10   20   30   40   50   60   70   80   90   100%
|----|----|----|----|----|----|----|----|----|----|
***************************************************
scores: [ 0.149934 ]
0.1499 +/-    nan
4808.12user 26.47system 17:16.12elapsed 466%CPU (0avgtext+0avgdata 0maxresident)k
0inputs+1104outputs (0major+9999460minor)pagefaults 0swaps
