loading data...order = 200
nm = 200
nx = 15000
nvalues = 200
singular_values = { 936.533 69.9855 60.0894 56.6065 48.1996 38.0334 32.1303 29.9571 29.497 26.4027 24.5061 23.3913 22.3554 20.9501 20.7021 20.2733 19.8179 18.8548 18.8174 18.2409 17.9258 17.7361 17.4419 17.2164 16.8617 16.2235 15.9119 15.7434 15.3661 15.2335 14.8332 14.7238 14.5569 14.2866 14.2568 14.122 13.7691 13.5441 13.4232 13.3005 13.127 12.9442 12.8292 12.7391 12.6557 12.637 12.3766 12.2191 12.1447 12.0557 11.8656 11.7896 11.7243 11.5043 11.4617 11.3919 11.3284 11.2165 11.0649 10.9714 10.8615 10.8218 10.7226 10.6313 10.4816 10.4121 10.3911 10.3052 10.2683 10.2206 10.159 10.0058 9.9189 9.87272 9.8541 9.80079 9.66645 9.64629 9.57635 9.52476 9.48668 9.38886 9.34649 9.31076 9.19789 9.16438 9.08403 9.01683 8.99114 8.91368 8.89241 8.83768 8.78485 8.69364 8.66916 8.57577 8.4901 8.38756 8.36964 8.31689 8.2462 8.21026 8.1505 8.10192 8.06686 8.02529 7.96015 7.86972 7.80517 7.7796 7.71114 7.6539 7.51093 7.49479 7.41829 7.33433 7.2575 7.15692 7.12206 7.03862 7.01555 6.93754 6.85023 6.76431 6.71339 6.65837 6.57294 6.49987 6.44649 6.41925 6.40523 6.32463 6.24432 6.19762 6.1636 6.07073 5.89455 5.86866 5.83286 5.76397 5.72892 5.5715 5.5569 5.46954 5.37183 5.32514 5.22313 5.15591 5.10924 5.02672 4.87185 4.84486 4.76855 4.65713 4.61175 4.51898 4.40697 4.32898 4.2962 4.21635 4.14357 4.06164 4.03 3.99147 3.87574 3.86348 3.77879 3.74131 3.71091 3.64904 3.60157 3.51321 3.4871 3.4351 3.32675 3.26379 3.20701 3.10709 3.07773 3.04515 2.97053 2.92384 2.87441 2.83101 2.71852 2.57877 2.55656 2.51247 2.37 2.26817 2.18461 2.00492 1.9267 1.83343 1.77099 1.59232 1.49696 1.41602 1.34837 0.998605 }
applying decomposition
done.
training 500 models

0%   10   20   30   40   50   60   70   80   90   100%
|----|----|----|----|----|----|----|----|----|----|
***************************************************
processing 3000 predictions...

0%   10   20   30   40   50   60   70   80   90   100%
|----|----|----|----|----|----|----|----|----|----|
***************************************************
 done.
elapsed: [865.84s cpu, 653350.7795 mticks, 244.45s wall]
score: 0.0575  baseline: 0.0597  diff: -0.00213
category UNKNOWN: count 0 avg error 0 baseline avg error 0 avg improvement 0
category AUTO: count 1792 avg error 0.0247346 baseline avg error 0.0277302 avg improvement 0.00299566
category POSS: count 1046 avg error 0.0793459 baseline avg error 0.080278 avg improvement 0.000932087
category IMP: count 162 avg error 0.279513 baseline avg error 0.279722 avg improvement 0.000209113
overall: count 3000 avg error 0.0575338 baseline avg error 0.0596595 avg improvement 0.00212569
worst entries: 
0: 2152  label: 1 pred: 0.0968933 bl: 0.058 POSS error_pred: 0.518329 error_bl: 0.345269 improvement: -0.173061
    min: -0.4425  max: 0.4665 avg: 0.145083
explanation: 


1: 1646  label: 1 pred: 0.445013 bl: 0.48685 POSS error_pred: 0.216539 error_bl: 0.0520034 improvement: -0.164535
    min: -0.3705  max: 0.935 avg: 0.504232
explanation: 


2: 1531  label: 1 pred: 0.199445 bl: 0.17945 POSS error_pred: 0.385337 error_bl: 0.239557 improvement: -0.14578
    min: -0.5455  max: 0.742 avg: 0.215822
explanation: 


3: 2250  label: 1 pred: 0.0536624 bl: -0.0928 POSS error_pred: 0.615516 error_bl: 0.484228 improvement: -0.131287
    min: -0.6375  max: 0.3265 avg: -0.040315
explanation: 


4: 2235  label: 1 pred: 0.170143 bl: 0.11805 POSS error_pred: 0.41688 error_bl: 0.287298 improvement: -0.129582
    min: -0.447  max: 0.6405 avg: 0.227038
explanation: 


5: 1187  label: 1 pred: 0.356825 bl: 0.3218 POSS error_pred: 0.266837 error_bl: 0.144075 improvement: -0.122762
    min: -0.101  max: 0.9505 avg: 0.423648
explanation: 


6: 2005  label: -1 pred: 0.888521 bl: 0.46985 IMP error_pred: 0.390257 error_bl: 0.271483 improvement: -0.118774
    min: 0.3275  max: 0.6315 avg: 0.47468
explanation: 


7: 437  label: 1 pred: 0.540763 bl: 0.49485 POSS error_pred: 0.167093 error_bl: 0.0494459 improvement: -0.117647
    min: -0.349  max: 0.7875 avg: 0.454582
explanation: 


8: 2300  label: 1 pred: 0.238744 bl: 0.1808 POSS error_pred: 0.354646 error_bl: 0.236999 improvement: -0.117647
    min: -0.6205  max: 0.5445 avg: 0.146872
explanation: 


9: 2987  label: 1 pred: 0.0753956 bl: -0.0487 POSS error_pred: 0.55925 error_bl: 0.443308 improvement: -0.115942
    min: -0.4435  max: 0.521 avg: -0.0059025
explanation: 


10: 2924  label: 1 pred: 0.36575 bl: 0.3068 POSS error_pred: 0.260017 error_bl: 0.14919 improvement: -0.110827
    min: -0.369  max: 0.853 avg: 0.315173
explanation: 


11: 774  label: 1 pred: 0.253504 bl: 0.18755 POSS error_pred: 0.342711 error_bl: 0.232737 improvement: -0.109974
    min: -0.1415  max: 0.7915 avg: 0.27692
explanation: 


12: 1279  label: -1 pred: 0.795054 bl: 0.33725 IMP error_pred: 0.252326 error_bl: 0.143404 improvement: -0.108922
    min: 0.187  max: 0.531 avg: 0.382338
explanation: 


13: 2568  label: -1 pred: 0.795148 bl: 0.3432 IMP error_pred: 0.252326 error_bl: 0.143952 improvement: -0.108374
    min: 0.26  max: 0.4965 avg: 0.376567
explanation: 


14: 2650  label: 1 pred: 0.607367 bl: 0.56685 POSS error_pred: 0.140665 error_bl: 0.0332481 improvement: -0.107417
    min: -0.393  max: 1 avg: 0.511205
explanation: 


15: 1788  label: 1 pred: 0.203599 bl: 0.12955 POSS error_pred: 0.383632 error_bl: 0.278772 improvement: -0.104859
    min: -0.5465  max: 0.424 avg: 0.0594075
explanation: 


16: 1934  label: 1 pred: 0.067493 bl: -0.0823 POSS error_pred: 0.581415 error_bl: 0.477408 improvement: -0.104007
    min: -0.399  max: 0.2805 avg: 0.021185
explanation: 


17: 1035  label: -1 pred: 0.808372 bl: 0.37035 IMP error_pred: 0.268747 error_bl: 0.16694 improvement: -0.101806
    min: 0.251  max: 0.6065 avg: 0.413388
explanation: 


18: 2190  label: -1 pred: 0.862232 bl: 0.4505 IMP error_pred: 0.348112 error_bl: 0.248495 improvement: -0.0996169
    min: 0.151  max: 0.6525 avg: 0.431485
explanation: 


19: 1274  label: 1 pred: 0.402126 bl: 0.3193 POSS error_pred: 0.240409 error_bl: 0.144075 improvement: -0.0963342
    min: -0.184  max: 0.807 avg: 0.36848
explanation: 


20: 2428  label: 1 pred: 0.381624 bl: 0.29435 POSS error_pred: 0.250639 error_bl: 0.154305 improvement: -0.0963342
    min: -0.2145  max: 0.8375 avg: 0.31166
explanation: 


21: 1650  label: -1 pred: 0.805228 bl: 0.3766 IMP error_pred: 0.26601 error_bl: 0.172961 improvement: -0.0930487
    min: 0.111  max: 0.6065 avg: 0.308623
explanation: 


22: 2019  label: 1 pred: 0.167875 bl: 0.0694 POSS error_pred: 0.421142 error_bl: 0.329071 improvement: -0.0920717
    min: -0.2995  max: 0.454 avg: 0.0956
explanation: 


23: 2010  label: -1 pred: 0.95904 bl: 0.64855 IMP error_pred: 0.606459 error_bl: 0.515326 improvement: -0.091133
    min: 0.4225  max: 0.7675 avg: 0.59126
explanation: 


24: 819  label: -1 pred: 0.953155 bl: 0.63165 IMP error_pred: 0.576355 error_bl: 0.48659 improvement: -0.0897647
    min: 0.326  max: 0.733 avg: 0.568405
explanation: 


25: 1306  label: -1 pred: 0.946875 bl: 0.61505 IMP error_pred: 0.54844 error_bl: 0.460317 improvement: -0.0881226
    min: 0.3625  max: 0.7805 avg: 0.5647
explanation: 


26: 1951  label: 1 pred: 0.0750742 bl: -0.07925 POSS error_pred: 0.560955 error_bl: 0.474851 improvement: -0.086104
    min: -0.278  max: 0.6195 avg: 0.149905
explanation: 


27: 1773  label: 1 pred: 0.0907525 bl: -0.045 POSS error_pred: 0.528559 error_bl: 0.442455 improvement: -0.086104
    min: -0.5375  max: 0.3535 avg: -0.09664
explanation: 


28: 1924  label: -1 pred: 0.734624 bl: 0.2913 IMP error_pred: 0.192666 error_bl: 0.109469 improvement: -0.0831965
    min: 0.0875  max: 0.4275 avg: 0.259218
explanation: 


29: 1162  label: 1 pred: 0.177611 bl: 0.0718 POSS error_pred: 0.40665 error_bl: 0.326513 improvement: -0.0801364
    min: -0.366  max: 0.6875 avg: 0.120508
explanation: 


30: 98  label: 1 pred: 0.555607 bl: 0.40705 POSS error_pred: 0.161125 error_bl: 0.0809889 improvement: -0.0801364
    min: -0.113  max: 0.756 avg: 0.315648
explanation: 


31: 458  label: 1 pred: 0.472147 bl: 0.3468 POSS error_pred: 0.205456 error_bl: 0.126172 improvement: -0.0792839
    min: -0.214  max: 0.8565 avg: 0.323485
explanation: 


32: 1215  label: -1 pred: 0.95079 bl: 0.63085 IMP error_pred: 0.563766 error_bl: 0.484948 improvement: -0.0788178
    min: 0.418  max: 0.8015 avg: 0.635002
explanation: 


33: 1406  label: -1 pred: 0.763409 bl: 0.3363 IMP error_pred: 0.22058 error_bl: 0.142857 improvement: -0.077723
    min: 0.1135  max: 0.7045 avg: 0.441905
explanation: 


34: 2262  label: 1 pred: 0.683582 bl: 0.5767 POSS error_pred: 0.109122 error_bl: 0.0323955 improvement: -0.0767264
    min: -0.601  max: 1 avg: 0.464955
explanation: 


35: 71  label: 1 pred: 0.234025 bl: 0.1254 POSS error_pred: 0.358909 error_bl: 0.283887 improvement: -0.0750213
    min: -0.255  max: 0.57 avg: 0.230283
explanation: 


36: 1283  label: -1 pred: 0.70202 bl: 0.26525 IMP error_pred: 0.169677 error_bl: 0.0963328 improvement: -0.0733443
    min: 0.1575  max: 0.419 avg: 0.273558
explanation: 


37: 1569  label: 1 pred: 0.128056 bl: 0.01255 POSS error_pred: 0.463768 error_bl: 0.390452 improvement: -0.0733163
    min: -0.551  max: 0.2925 avg: 0.0059775
explanation: 


38: 1695  label: 1 pred: 0.593935 bl: 0.42655 AUTO error_pred: 0.14578 error_bl: 0.0741688 improvement: -0.0716112
    min: 0.1405  max: 0.8655 avg: 0.53314
explanation: 


39: 453  label: -1 pred: 0.822829 bl: 0.42145 IMP error_pred: 0.286262 error_bl: 0.217843 improvement: -0.0684182
    min: 0.189  max: 0.5665 avg: 0.40277
explanation: 


40: 2713  label: -1 pred: 0.872544 bl: 0.48835 IMP error_pred: 0.364532 error_bl: 0.296661 improvement: -0.0678708
    min: 0.241  max: 0.66 avg: 0.495153
explanation: 


41: 190  label: 1 pred: 0.303208 bl: 0.18465 POSS error_pred: 0.303495 error_bl: 0.236147 improvement: -0.0673487
    min: -0.411  max: 0.586 avg: 0.107025
explanation: 


42: 2758  label: 1 pred: 0.2254 bl: 0.10225 POSS error_pred: 0.368286 error_bl: 0.300938 improvement: -0.0673487
    min: -0.222  max: 0.458 avg: 0.132233
explanation: 


43: 2837  label: -1 pred: 0.625087 bl: 0.18665 POSS error_pred: 0.13191 error_bl: 0.0662288 improvement: -0.0656814
    min: -0.004  max: 0.3035 avg: 0.149058
explanation: 


44: 2751  label: 1 pred: 0.35521 bl: 0.2237 POSS error_pred: 0.268542 error_bl: 0.202899 improvement: -0.0656436
    min: -0.3435  max: 0.5285 avg: 0.1476
explanation: 


45: 2910  label: -1 pred: 0.760246 bl: 0.3547 IMP error_pred: 0.217296 error_bl: 0.153804 improvement: -0.0634921
    min: 0.1415  max: 0.449 avg: 0.31316
explanation: 


46: 718  label: 1 pred: 0.705607 bl: 0.5545 POSS error_pred: 0.0988917 error_bl: 0.0358056 improvement: -0.0630861
    min: -0.589  max: 0.985 avg: 0.38098
explanation: 


47: 1430  label: -1 pred: 0.912059 bl: 0.5584 IMP error_pred: 0.447729 error_bl: 0.385331 improvement: -0.0623974
    min: 0.4275  max: 0.838 avg: 0.65181
explanation: 


48: 2277  label: 1 pred: 0.606912 bl: 0.4163 POSS error_pred: 0.140665 error_bl: 0.0784314 improvement: -0.0622336
    min: -0.007  max: 0.6785 avg: 0.36397
explanation: 


49: 693  label: 1 pred: 0.222047 bl: 0.0924 POSS error_pred: 0.369139 error_bl: 0.306905 improvement: -0.0622336
    min: -0.533  max: 0.308 avg: -0.01825
explanation: 


best entries: 
0: 314  label: -1 pred: 0.850351 bl: 0.7058 POSS error_pred: 0.323481 error_bl: 0.598248 improvement: 0.274767
1: 789  label: -1 pred: 0.886771 bl: 0.72475 IMP error_pred: 0.386426 error_bl: 0.626163 improvement: 0.239737
2: 221  label: -1 pred: 0.701265 bl: 0.57005 POSS error_pred: 0.169677 error_bl: 0.400109 improvement: 0.230432
3: 1671  label: -1 pred: 0.626847 bl: 0.5107 POSS error_pred: 0.13191 error_bl: 0.323481 improvement: 0.191571
4: 2938  label: -1 pred: 0.635775 bl: 0.49345 POSS error_pred: 0.1341 error_bl: 0.300493 improvement: 0.166393
5: 1066  label: -1 pred: 0.568886 bl: 0.47205 POSS error_pred: 0.10728 error_bl: 0.272578 improvement: 0.165298
6: 2072  label: -1 pred: 0.694893 bl: 0.50915 POSS error_pred: 0.164751 error_bl: 0.322386 improvement: 0.157635
7: 802  label: -1 pred: 0.931326 bl: 0.74075 IMP error_pred: 0.499179 error_bl: 0.651888 improvement: 0.152709
8: 2343  label: -1 pred: 0.864491 bl: 0.63725 IMP error_pred: 0.350301 error_bl: 0.494253 improvement: 0.143952
9: 1823  label: -1 pred: 0.876254 bl: 0.63535 POSS error_pred: 0.370005 error_bl: 0.489327 improvement: 0.119321
10: 2035  label: -1 pred: 0.946535 bl: 0.74805 IMP error_pred: 0.546798 error_bl: 0.660098 improvement: 0.1133
11: 2970  label: -1 pred: 0.71242 bl: 0.4797 IMP error_pred: 0.176793 error_bl: 0.285714 improvement: 0.108922
12: 2100  label: -1 pred: 0.901506 bl: 0.65885 IMP error_pred: 0.419814 error_bl: 0.528188 improvement: 0.108374
13: 730  label: -1 pred: 0.912435 bl: 0.67705 IMP error_pred: 0.448823 error_bl: 0.55665 improvement: 0.107827
14: 1013  label: -1 pred: 0.521193 bl: 0.40015 IMP error_pred: 0.0914067 error_bl: 0.196497 improvement: 0.10509
15: 2817  label: -1 pred: 0.317922 bl: 0.33635 POSS error_pred: 0.0388615 error_bl: 0.142857 improvement: 0.103996
16: 368  label: -1 pred: 0.620738 bl: 0.43315 IMP error_pred: 0.128079 error_bl: 0.227148 improvement: 0.0990695
17: 1896  label: -1 pred: 0.443298 bl: 0.3683 POSS error_pred: 0.0667761 error_bl: 0.164751 improvement: 0.0979748
18: 1996  label: -1 pred: 0.785676 bl: 0.52155 IMP error_pred: 0.243021 error_bl: 0.339901 improvement: 0.0968801
19: 843  label: 1 pred: 0.242567 bl: -0.0466 POSS error_pred: 0.351236 error_bl: 0.442455 improvement: 0.0912191
20: 2345  label: -1 pred: 0.410471 bl: 0.3508 POSS error_pred: 0.0596606 error_bl: 0.150246 improvement: 0.0905857
21: 2717  label: 1 pred: 0.456993 bl: 0.1025 POSS error_pred: 0.210571 error_bl: 0.300938 improvement: 0.0903666
22: 863  label: 1 pred: 0.176542 bl: -0.1041 POSS error_pred: 0.408355 error_bl: 0.498721 improvement: 0.0903666
23: 1672  label: 1 pred: 0.345802 bl: 0.04605 POSS error_pred: 0.270247 error_bl: 0.359761 improvement: 0.0895141
24: 2760  label: -1 pred: 0.705123 bl: 0.4613 POSS error_pred: 0.171319 error_bl: 0.260536 improvement: 0.0892173
25: 1392  label: -1 pred: 0.705794 bl: 0.46165 IMP error_pred: 0.171866 error_bl: 0.261084 improvement: 0.0892173
26: 1879  label: -1 pred: 0.747729 bl: 0.4858 POSS error_pred: 0.203612 error_bl: 0.291188 improvement: 0.0875753
27: 1183  label: -1 pred: 0.484473 bl: 0.37115 POSS error_pred: 0.0815545 error_bl: 0.167488 improvement: 0.0859332
28: 132  label: -1 pred: 0.939547 bl: 0.7105 IMP error_pred: 0.521073 error_bl: 0.607006 improvement: 0.0859332
29: 171  label: 1 pred: 0.0607291 bl: -0.28235 POSS error_pred: 0.594203 error_bl: 0.678602 improvement: 0.084399
30: 2373  label: 1 pred: 0.787457 bl: 0.30865 AUTO error_pred: 0.0656437 error_bl: 0.148338 improvement: 0.0826939
31: 2008  label: -1 pred: 0.986073 bl: 0.9341 IMP error_pred: 0.814997 error_bl: 0.897646 improvement: 0.0826492
32: 898  label: -1 pred: 0.371391 bl: 0.3132 POSS error_pred: 0.0481664 error_bl: 0.126437 improvement: 0.0782704
33: 286  label: -1 pred: 0.516723 bl: 0.3708 POSS error_pred: 0.0897646 error_bl: 0.16694 improvement: 0.0771757
34: 1810  label: 1 pred: 0.395283 bl: 0.0786 POSS error_pred: 0.242114 error_bl: 0.318841 improvement: 0.0767263
35: 1728  label: -1 pred: 0.682372 bl: 0.43865 IMP error_pred: 0.159277 error_bl: 0.235906 improvement: 0.0766284
36: 202  label: 1 pred: 0.775835 bl: 0.3214 AUTO error_pred: 0.0682012 error_bl: 0.144075 improvement: 0.0758739
37: 227  label: -1 pred: 0.665628 bl: 0.42815 IMP error_pred: 0.149973 error_bl: 0.225233 improvement: 0.07526
38: 2178  label: -1 pred: 0.799442 bl: 0.5149 IMP error_pred: 0.257252 error_bl: 0.330323 improvement: 0.0730706
39: 2661  label: 1 pred: 0.354013 bl: 0.06235 POSS error_pred: 0.268542 error_bl: 0.341432 improvement: 0.0728901
40: 409  label: -1 pred: 0.755144 bl: 0.47835 IMP error_pred: 0.210728 error_bl: 0.283525 improvement: 0.0727969
41: 2426  label: 1 pred: 0.0357806 bl: -0.36255 IMP error_pred: 0.676897 error_bl: 0.749361 improvement: 0.0724638
42: 640  label: 1 pred: 0.768113 bl: 0.33105 AUTO error_pred: 0.0707588 error_bl: 0.14237 improvement: 0.0716112
43: 530  label: 1 pred: 0.767925 bl: 0.32655 AUTO error_pred: 0.0707588 error_bl: 0.14237 improvement: 0.0716112
44: 1357  label: 1 pred: 0.479465 bl: 0.139 AUTO error_pred: 0.202046 error_bl: 0.273657 improvement: 0.0716112
45: 1493  label: 1 pred: 0.475854 bl: 0.1413 POSS error_pred: 0.202046 error_bl: 0.272805 improvement: 0.0707588
46: 1061  label: -1 pred: 0.178448 bl: 0.24895 POSS error_pred: 0.0186097 error_bl: 0.0892173 improvement: 0.0706076
47: 726  label: 1 pred: 0.751352 bl: 0.3073 AUTO error_pred: 0.0792839 error_bl: 0.14919 improvement: 0.0699062
48: 956  label: 1 pred: 0.444702 bl: 0.11945 POSS error_pred: 0.217391 error_bl: 0.287298 improvement: 0.0699062
49: 115  label: 1 pred: 0.749448 bl: 0.3087 AUTO error_pred: 0.0792839 error_bl: 0.148338 improvement: 0.0690537

total is 0
score for UNKNOWN: 1.0000 baseline: 1.0000 diff: 0.0000
total is 1792
score for AUTO: 0.0000 baseline: 0.0000 diff: 0.0000
total is 1046
score for POSS: 0.1795 baseline: 0.1814 diff: -0.0019
total is 162
score for IMP: 1.0000 baseline: 1.0000 diff: 0.0000
writing 15000 official test outputs

0%   10   20   30   40   50   60   70   80   90   100%
|----|----|----|----|----|----|----|----|----|----|
***************************************************
scores: [ 0.0575338 ]
0.0575 +/-    nan
875.55user 3.47system 4:11.16elapsed 349%CPU (0avgtext+0avgdata 0maxresident)k
0inputs+336outputs (0major+1197357minor)pagefaults 0swaps
