loading data...order = 200
nm = 200
nx = 15000
nvalues = 200
singular_values = { 806.378 54.7798 52.4168 45.9181 40.7776 32.7733 26.7439 25.7819 24.3811 23.931 21.7777 20.5711 19.6157 19.2699 18.0413 17.5987 17.315 16.891 16.4951 16.1879 15.7189 15.1403 15.0904 14.9896 14.6794 14.2218 14.0836 13.9337 13.6829 13.5149 13.2946 13.2092 12.9718 12.8012 12.6423 12.3328 12.3075 12.2145 12.0274 11.9794 11.7828 11.6683 11.5836 11.5355 11.393 11.2948 11.1674 11.0601 11.0336 10.9613 10.7575 10.6835 10.5182 10.4764 10.3957 10.2947 10.2263 10.1327 10.0762 9.93633 9.91411 9.81366 9.76597 9.69846 9.62551 9.57686 9.46944 9.42067 9.38046 9.2284 9.18081 9.14787 9.09602 9.08052 9.02274 8.92833 8.85069 8.76748 8.72506 8.66233 8.52667 8.4884 8.42455 8.40706 8.35361 8.26495 8.24583 8.13341 8.07366 8.02794 7.98205 7.93747 7.90273 7.86018 7.77847 7.742 7.66863 7.63873 7.52518 7.41643 7.3898 7.34485 7.27456 7.22588 7.1312 7.06019 7.01959 6.91933 6.86274 6.81409 6.76735 6.71261 6.65749 6.59128 6.58001 6.5025 6.47729 6.3434 6.29501 6.18381 6.17313 6.11365 6.09612 6.03848 5.86962 5.85846 5.80229 5.75722 5.71527 5.68882 5.60366 5.52144 5.46655 5.39439 5.34778 5.31632 5.22536 5.17594 5.13838 5.08052 5.03805 4.95775 4.92481 4.89769 4.8308 4.80872 4.71972 4.70757 4.53198 4.51173 4.43634 4.39306 4.28844 4.20344 4.19204 4.12169 4.06414 3.96869 3.93382 3.88875 3.80416 3.75533 3.72665 3.68486 3.6527 3.63037 3.57818 3.51341 3.4865 3.40964 3.34963 3.34013 3.27462 3.2428 3.13442 3.1292 3.07236 3.02936 2.94212 2.93569 2.84405 2.82982 2.80501 2.73011 2.71399 2.6936 2.48442 2.428 2.41506 2.3007 2.09194 1.99569 1.96677 1.76554 1.70531 1.62555 1.5403 0.984676 0.904326 0.897767 }
applying decomposition
done.
training 500 models

0%   10   20   30   40   50   60   70   80   90   100%
|----|----|----|----|----|----|----|----|----|----|
***************************************************
processing 3000 predictions...

0%   10   20   30   40   50   60   70   80   90   100%
|----|----|----|----|----|----|----|----|----|----|
***************************************************
 done.
elapsed: [467.64s cpu, 381290.9909 mticks, 142.66s wall]
score: 0.4377  baseline: 0.4398  diff: -0.00214
category UNKNOWN: count 0 avg error 0 baseline avg error 0 avg improvement 0
category AUTO: count 1249 avg error 0.0255666 baseline avg error 0.0250981 avg improvement -0.000468448
category POSS: count 1531 avg error 0.208717 baseline avg error 0.213126 avg improvement 0.00440946
category IMP: count 220 avg error 1.0144 baseline avg error 1.01199 avg improvement -0.00240433
overall: count 3000 avg error 0.191548 baseline avg error 0.193427 avg improvement 0.00187895
worst entries: 
0: 241  label: 1 pred: -0.491718 bl: -0.3773 IMP error_pred: 2.22522 error_bl: 1.89696 improvement: -0.328266
    min: -0.766  max: 0.2295 avg: -0.27997
explanation: 


1: 1387  label: 1 pred: -0.428889 bl: -0.3119 IMP error_pred: 2.04172 error_bl: 1.72108 improvement: -0.320642
    min: -0.751  max: 0.4295 avg: -0.281408
explanation: 


2: 11  label: 1 pred: -0.218001 bl: -0.11325 POSS error_pred: 1.48353 error_bl: 1.23933 improvement: -0.244202
    min: -0.62  max: 0.56 avg: -0.04356
explanation: 


3: 2867  label: 1 pred: -0.133078 bl: -0.02055 POSS error_pred: 1.28386 error_bl: 1.04152 improvement: -0.242342
    min: -0.901  max: 0.671 avg: 0.089075
explanation: 


4: 2216  label: -1 pred: 0.526444 bl: 0.44665 IMP error_pred: 2.33003 error_bl: 2.0928 improvement: -0.237236
    min: -0.1085  max: 0.889 avg: 0.49062
explanation: 


5: 1574  label: -1 pred: 0.492463 bl: 0.4113 IMP error_pred: 2.22745 error_bl: 1.99177 improvement: -0.235679
    min: -0.1345  max: 0.7505 avg: 0.31241
explanation: 


6: 452  label: -1 pred: 0.293828 bl: 0.20065 IMP error_pred: 1.67399 error_bl: 1.44156 improvement: -0.23243
    min: -0.2215  max: 0.484 avg: 0.187188
explanation: 


7: 2143  label: -1 pred: 0.0696816 bl: -0.03495 POSS error_pred: 1.14422 error_bl: 0.931321 improvement: -0.212897
    min: -0.6345  max: 0.352 avg: -0.24971
explanation: 


8: 1567  label: -1 pred: 0.453229 bl: 0.3803 IMP error_pred: 2.11187 error_bl: 1.90523 improvement: -0.206646
    min: -0.144  max: 0.7415 avg: 0.44164
explanation: 


9: 2280  label: 0 pred: 0.896089 bl: 0.7894 POSS error_pred: 0.802975 error_bl: 0.623152 improvement: -0.179823
    min: 0.225  max: 1 avg: 0.703903
explanation: 


10: 2832  label: 1 pred: -0.0873827 bl: -0.00755 IMP error_pred: 1.1824 error_bl: 1.01516 improvement: -0.167244
    min: -0.324  max: 0.3005 avg: -0.0053725
explanation: 


11: 590  label: 0.5 pred: -0.498719 bl: -0.41355 IMP error_pred: 0.997439 error_bl: 0.834574 improvement: -0.162866
    min: -0.5975  max: -0.0305 avg: -0.384208
explanation: 


12: 2274  label: 0.5 pred: -0.426365 bl: -0.33675 POSS error_pred: 0.858152 error_bl: 0.700151 improvement: -0.158001
    min: -0.691  max: 0.317 avg: -0.314127
explanation: 


13: 552  label: 1 pred: 0.049315 bl: 0.13415 POSS error_pred: 0.903802 error_bl: 0.749696 improvement: -0.154106
    min: -0.396  max: 0.666 avg: 0.17618
explanation: 


14: 1790  label: 0 pred: 0.710575 bl: 0.59335 POSS error_pred: 0.504916 error_bl: 0.352064 improvement: -0.152852
    min: 0.428  max: 0.9275 avg: 0.66782
explanation: 


15: 1088  label: -1 pred: -0.0832315 bl: -0.1662 POSS error_pred: 0.840465 error_bl: 0.695222 improvement: -0.145242
    min: -0.581  max: 0.318 avg: -0.134715
explanation: 


16: 1743  label: 0 pred: 0.71796 bl: 0.6092 POSS error_pred: 0.515466 error_bl: 0.371125 improvement: -0.144342
    min: 0.3585  max: 0.884 avg: 0.593532
explanation: 


17: 2452  label: -1 pred: 0.337545 bl: 0.2837 IMP error_pred: 1.78903 error_bl: 1.64789 improvement: -0.141141
    min: -0.0755  max: 0.6815 avg: 0.307645
explanation: 


18: 2140  label: -1 pred: 0.308762 bl: 0.25705 IMP error_pred: 1.71286 error_bl: 1.58017 improvement: -0.132684
    min: -0.0555  max: 0.911 avg: 0.240958
explanation: 


19: 1189  label: 1 pred: 0.253971 bl: 0.3482 POSS error_pred: 0.55656 error_bl: 0.424843 improvement: -0.131716
    min: -0.101  max: 0.666 avg: 0.33765
explanation: 


20: 2655  label: 0 pred: 0.553175 bl: 0.4188 POSS error_pred: 0.306003 error_bl: 0.175393 improvement: -0.130609
    min: -0.025  max: 0.579 avg: 0.304647
explanation: 


21: 1759  label: -0.5 pred: 0.49655 bl: 0.4292 IMP error_pred: 0.993112 error_bl: 0.863413 improvement: -0.1297
    min: 0.0645  max: 0.5625 avg: 0.352875
explanation: 


22: 2472  label: 1 pred: -0.103033 bl: -0.0432 POSS error_pred: 1.21668 error_bl: 1.08827 improvement: -0.128415
    min: -0.341  max: 0.526 avg: 0.0153775
explanation: 


23: 1983  label: 0.5 pred: -0.184742 bl: -0.0837 POSS error_pred: 0.468871 error_bl: 0.340706 improvement: -0.128166
    min: -0.5425  max: 0.529 avg: -0.02887
explanation: 


24: 2579  label: 0 pred: 0.969627 bl: 0.9041 IMP error_pred: 0.940176 error_bl: 0.817397 improvement: -0.122779
    min: 0.542  max: 1 avg: 0.821102
explanation: 


25: 2114  label: 1 pred: 0.129695 bl: 0.20305 IMP error_pred: 0.757431 error_bl: 0.635129 improvement: -0.122301
    min: -0.1245  max: 0.378 avg: 0.172453
explanation: 


26: 1862  label: 0 pred: 0.761878 bl: 0.6774 POSS error_pred: 0.580459 error_bl: 0.458871 improvement: -0.121588
    min: 0.4195  max: 0.89 avg: 0.652773
explanation: 


27: 2453  label: 0.5 pred: -0.0769078 bl: 0.0395 POSS error_pred: 0.332823 error_bl: 0.21206 improvement: -0.120762
    min: -0.405  max: 0.426 avg: 0.0195725
explanation: 


28: 856  label: 1 pred: -0.232592 bl: -0.183 IMP error_pred: 1.51928 error_bl: 1.39949 improvement: -0.119795
    min: -0.399  max: 0.1995 avg: -0.13392
explanation: 


29: 833  label: -1 pred: 0.444433 bl: 0.40255 IMP error_pred: 2.08639 error_bl: 1.96715 improvement: -0.119242
    min: 0.213  max: 0.655 avg: 0.392563
explanation: 


30: 2128  label: -0.5 pred: 0.396036 bl: 0.32725 IMP error_pred: 0.802881 error_bl: 0.684343 improvement: -0.118539
    min: 0.1185  max: 0.506 avg: 0.294667
explanation: 


31: 1030  label: -0.5 pred: 0.515155 bl: 0.45525 IMP error_pred: 1.03054 error_bl: 0.912503 improvement: -0.118037
    min: 0.0285  max: 0.939 avg: 0.509898
explanation: 


32: 2927  label: 0.5 pred: -0.0401557 bl: 0.08095 POSS error_pred: 0.291768 error_bl: 0.175603 improvement: -0.116165
    min: -0.229  max: 0.414 avg: 0.099535
explanation: 


33: 1616  label: -1 pred: -0.213684 bl: -0.2913 IMP error_pred: 0.618293 error_bl: 0.502256 improvement: -0.116037
    min: -0.487  max: 0.3145 avg: -0.180008
explanation: 


34: 2739  label: 0 pred: 0.780079 bl: 0.7019 POSS error_pred: 0.608523 error_bl: 0.492664 improvement: -0.115859
    min: 0.478  max: 0.899 avg: 0.666415
explanation: 


35: 890  label: 1 pred: 0.00603623 bl: 0.0654 IMP error_pred: 0.987964 error_bl: 0.873477 improvement: -0.114487
    min: -0.1565  max: 0.423 avg: 0.129585
explanation: 


36: 2360  label: 0 pred: 0.83328 bl: 0.76235 POSS error_pred: 0.694355 error_bl: 0.581178 improvement: -0.113177
    min: 0.2725  max: 0.9625 avg: 0.72535
explanation: 


37: 1807  label: -0.5 pred: 0.282487 bl: 0.20715 POSS error_pred: 0.612285 error_bl: 0.500061 improvement: -0.112224
    min: -0.197  max: 0.6895 avg: 0.253657
explanation: 


38: 1122  label: 1 pred: -0.232531 bl: -0.1862 IMP error_pred: 1.51913 error_bl: 1.40707 improvement: -0.112061
    min: -0.518  max: 0.341 avg: -0.125363
explanation: 


39: 1992  label: 1 pred: 0.060996 bl: 0.1207 IMP error_pred: 0.881729 error_bl: 0.773169 improvement: -0.10856
    min: -0.127  max: 0.468 avg: 0.153657
explanation: 


40: 1696  label: -1 pred: -0.057174 bl: -0.1159 POSS error_pred: 0.888921 error_bl: 0.781633 improvement: -0.107288
    min: -0.72  max: 0.3405 avg: -0.120288
explanation: 


41: 1887  label: -1 pred: 0.471372 bl: 0.4346 IMP error_pred: 2.16494 error_bl: 2.05808 improvement: -0.106859
    min: 0.18  max: 0.643 avg: 0.408515
explanation: 


42: 556  label: -1 pred: 0.357844 bl: 0.318 IMP error_pred: 1.84374 error_bl: 1.73712 improvement: -0.106617
    min: -0.1895  max: 0.6395 avg: 0.27104
explanation: 


43: 2344  label: -0.5 pred: 0.553951 bl: 0.5025 IMP error_pred: 1.11081 error_bl: 1.00501 improvement: -0.105806
    min: 0.221  max: 0.799 avg: 0.515025
explanation: 


44: 2985  label: 1 pred: 0.134392 bl: 0.1972 POSS error_pred: 0.749278 error_bl: 0.644488 improvement: -0.10479
    min: -0.3065  max: 0.8575 avg: 0.264405
explanation: 


45: 2204  label: 1 pred: -0.232686 bl: -0.18945 IMP error_pred: 1.51952 error_bl: 1.41479 improvement: -0.104724
    min: -0.5375  max: 0.193 avg: -0.197262
explanation: 


46: 2994  label: 1 pred: 0.245935 bl: 0.31405 POSS error_pred: 0.568615 error_bl: 0.470527 improvement: -0.0980872
    min: 0.001  max: 0.5925 avg: 0.27484
explanation: 


47: 65  label: -1 pred: 0.374207 bl: 0.3388 IMP error_pred: 1.88845 error_bl: 1.79239 improvement: -0.0960606
    min: -0.2035  max: 0.597 avg: 0.26529
explanation: 


48: 2897  label: -1 pred: 0.285834 bl: 0.2486 IMP error_pred: 1.65337 error_bl: 1.559 improvement: -0.0943661
    min: -0.0725  max: 0.5915 avg: 0.247875
explanation: 


49: 2966  label: -0.5 pred: 0.511277 bl: 0.464 IMP error_pred: 1.02268 error_bl: 0.929296 improvement: -0.0933861
    min: 0.2685  max: 0.568 avg: 0.43417
explanation: 


best entries: 
0: 379  label: -1 pred: 0.23723 bl: 0.42065 IMP error_pred: 1.53074 error_bl: 2.01825 improvement: 0.487508
1: 2516  label: -1 pred: -0.127128 bl: 0.0176 IMP error_pred: 0.761905 error_bl: 1.03551 improvement: 0.273605
2: 473  label: 1 pred: 0.558768 bl: 0.326 POSS error_pred: 0.194685 error_bl: 0.454276 improvement: 0.259591
3: 1131  label: 0.5 pred: -0.123755 bl: -0.27215 POSS error_pred: 0.38907 error_bl: 0.596216 improvement: 0.207145
4: 1940  label: -1 pred: 0.775946 bl: 0.8248 IMP error_pred: 3.15398 error_bl: 3.3299 improvement: 0.17591
5: 496  label: -1 pred: -0.0769301 bl: 0.01 IMP error_pred: 0.852058 error_bl: 1.0201 improvement: 0.168042
6: 1417  label: 1 pred: 0.271903 bl: 0.1645 IMP error_pred: 0.530125 error_bl: 0.69806 improvement: 0.167935
7: 2574  label: -1 pred: 0.209024 bl: 0.2731 IMP error_pred: 1.46174 error_bl: 1.62078 improvement: 0.159045
8: 2818  label: 1 pred: 0.0893373 bl: 0.0075 IMP error_pred: 0.829307 error_bl: 0.985056 improvement: 0.15575
9: 1924  label: -1 pred: 0.289148 bl: 0.3466 IMP error_pred: 1.6619 error_bl: 1.81333 improvement: 0.151429
10: 15  label: 1 pred: 0.209833 bl: 0.1203 POSS error_pred: 0.624364 error_bl: 0.773872 improvement: 0.149508
11: 803  label: -0.5 pred: 0.383624 bl: 0.4628 POSS error_pred: 0.780792 error_bl: 0.926984 improvement: 0.146192
12: 1075  label: -1 pred: 0.276187 bl: 0.33215 IMP error_pred: 1.62865 error_bl: 1.77462 improvement: 0.14597
13: 2042  label: -1 pred: -0.346267 bl: -0.24635 POSS error_pred: 0.427367 error_bl: 0.567988 improvement: 0.140622
14: 199  label: -1 pred: -0.204795 bl: -0.12255 IMP error_pred: 0.632352 error_bl: 0.769919 improvement: 0.137567
15: 1718  label: -0.5 pred: 0.181178 bl: 0.2755 POSS error_pred: 0.464004 error_bl: 0.6014 improvement: 0.137396
16: 1549  label: 1 pred: 0.564199 bl: 0.4293 POSS error_pred: 0.189923 error_bl: 0.325698 improvement: 0.135776
17: 1346  label: -1 pred: -0.612337 bl: -0.4677 POSS error_pred: 0.150283 error_bl: 0.283343 improvement: 0.133061
18: 2793  label: -1 pred: 0.168292 bl: 0.22305 IMP error_pred: 1.36491 error_bl: 1.49585 improvement: 0.130946
19: 59  label: 1 pred: 0.704028 bl: 0.53485 POSS error_pred: 0.0875991 error_bl: 0.216365 improvement: 0.128765
20: 10  label: 1 pred: 0.294432 bl: 0.20995 POSS error_pred: 0.497826 error_bl: 0.624179 improvement: 0.126353
21: 1078  label: 1 pred: 0.26382 bl: 0.18415 IMP error_pred: 0.541961 error_bl: 0.665611 improvement: 0.12365
22: 47  label: -1 pred: -0.292309 bl: -0.2103 POSS error_pred: 0.500827 error_bl: 0.623626 improvement: 0.122799
23: 741  label: 1 pred: 0.676471 bl: 0.52405 POSS error_pred: 0.104671 error_bl: 0.226528 improvement: 0.121858
24: 533  label: 1 pred: 0.102782 bl: 0.03855 POSS error_pred: 0.805 error_bl: 0.924386 improvement: 0.119386
25: 1925  label: -1 pred: -0.239643 bl: -0.16565 POSS error_pred: 0.578143 error_bl: 0.69614 improvement: 0.117997
26: 582  label: -0.5 pred: -0.0177488 bl: 0.08995 POSS error_pred: 0.232566 error_bl: 0.348041 improvement: 0.115475
27: 425  label: -0.5 pred: -0.0739699 bl: 0.04445 POSS error_pred: 0.181502 error_bl: 0.296426 improvement: 0.114924
28: 1424  label: -0.5 pred: 0.816103 bl: 0.85875 IMP error_pred: 1.73213 error_bl: 1.8462 improvement: 0.114075
29: 2625  label: -1 pred: -0.349196 bl: -0.26775 POSS error_pred: 0.423545 error_bl: 0.53619 improvement: 0.112645
30: 541  label: 1 pred: 0.442808 bl: 0.35185 POSS error_pred: 0.310463 error_bl: 0.420098 improvement: 0.109635
31: 1821  label: -1 pred: 0.149834 bl: 0.1959 IMP error_pred: 1.32212 error_bl: 1.43018 improvement: 0.10806
32: 54  label: 1 pred: 0.535314 bl: 0.4316 POSS error_pred: 0.215934 error_bl: 0.323079 improvement: 0.107145
33: 807  label: -0.5 pred: -0.009408 bl: 0.08955 POSS error_pred: 0.240681 error_bl: 0.347569 improvement: 0.106889
34: 1621  label: -0.5 pred: 0.0719373 bl: 0.15825 POSS error_pred: 0.327112 error_bl: 0.433293 improvement: 0.106181
35: 1280  label: 1 pred: 0.397852 bl: 0.31695 POSS error_pred: 0.362583 error_bl: 0.466557 improvement: 0.103975
36: 2192  label: 1 pred: 0.309341 bl: 0.23845 POSS error_pred: 0.47701 error_bl: 0.579958 improvement: 0.102949
37: 881  label: -1 pred: -0.398528 bl: -0.3195 POSS error_pred: 0.361769 error_bl: 0.46308 improvement: 0.101311
38: 968  label: 0.5 pred: -0.112731 bl: -0.19015 POSS error_pred: 0.375439 error_bl: 0.476307 improvement: 0.100868
39: 2665  label: -1 pred: -0.270099 bl: -0.20425 POSS error_pred: 0.532755 error_bl: 0.633218 improvement: 0.100463
40: 2991  label: 1 pred: 0.113685 bl: 0.0593 POSS error_pred: 0.785554 error_bl: 0.884916 improvement: 0.0993623
41: 1434  label: -0.5 pred: 0.316278 bl: 0.37475 POSS error_pred: 0.666309 error_bl: 0.765188 improvement: 0.0988784
42: 1428  label: -1 pred: -0.130663 bl: -0.076 IMP error_pred: 0.755747 error_bl: 0.853776 improvement: 0.0980287
43: 471  label: -0.5 pred: 0.216639 bl: 0.282 POSS error_pred: 0.513572 error_bl: 0.611524 improvement: 0.0979518
44: 1448  label: -1 pred: 0.541335 bl: 0.5725 IMP error_pred: 2.37571 error_bl: 2.47276 improvement: 0.097043
45: 2773  label: 1 pred: 0.464788 bl: 0.3824 POSS error_pred: 0.286452 error_bl: 0.38143 improvement: 0.0949776
46: 789  label: 0 pred: 0.519661 bl: 0.60405 POSS error_pred: 0.270047 error_bl: 0.364876 improvement: 0.0948291
47: 2496  label: 1 pred: 0.25584 bl: 0.19465 POSS error_pred: 0.553775 error_bl: 0.648589 improvement: 0.0948139
48: 687  label: 0.5 pred: -0.313769 bl: -0.3695 POSS error_pred: 0.66222 error_bl: 0.75603 improvement: 0.0938104
49: 222  label: -1 pred: -0.547647 bl: -0.45525 POSS error_pred: 0.204624 error_bl: 0.296753 improvement: 0.0921289

total is 0
score for UNKNOWN: nan baseline: nan diff:    nan
total is 1249
score for AUTO: 0.1599 baseline: 0.1584 diff: 0.0015
total is 1531
score for POSS: 0.4569 baseline: 0.4617 diff: -0.0048
total is 220
score for IMP: 1.0072 baseline: 1.0060 diff: 0.0012
writing 15000 official test outputs

0%   10   20   30   40   50   60   70   80   90   100%
|----|----|----|----|----|----|----|----|----|----|
***************************************************
scores: [ 0.437662 ]
0.4377 +/-    nan
465.05user 4.27system 2:23.88elapsed 326%CPU (0avgtext+0avgdata 0maxresident)k
0inputs+336outputs (0major+1686046minor)pagefaults 0swaps
