loading data...applying decomposition
done.
training 500 models

0%   10   20   30   40   50   60   70   80   90   100%
|----|----|----|----|----|----|----|----|----|----|
***************************************************
processing 3000 predictions...

0%   10   20   30   40   50   60   70   80   90   100%
|----|----|----|----|----|----|----|----|----|----|
***************************************************
 done.
elapsed: [4048.79s cpu, 2600507.9930 mticks, 972.98s wall]
score: 0.0574  baseline: 0.0597  diff: -0.00227
category UNKNOWN: count 0 avg error 0 baseline avg error 0 avg improvement 0
category AUTO: count 1792 avg error 0.0256628 baseline avg error 0.0277302 avg improvement 0.00206746
category POSS: count 1046 avg error 0.0778148 baseline avg error 0.080278 avg improvement 0.00246326
category IMP: count 162 avg error 0.276462 baseline avg error 0.279722 avg improvement 0.00326026
overall: count 3000 avg error 0.0573896 baseline avg error 0.0596595 avg improvement 0.00226987
worst entries: 
0: 2250  label: 1 pred: 0.039976 bl: -0.0928 POSS error_pred: 0.633419 error_bl: 0.484228 improvement: -0.14919
    min: -0.6375  max: 0.3265 avg: -0.040315
explanation: 


1: 2152  label: 1 pred: 0.0929075 bl: 0.058 POSS error_pred: 0.472293 error_bl: 0.345269 improvement: -0.127025
    min: -0.4425  max: 0.4665 avg: 0.145083
explanation: 


2: 1788  label: 1 pred: 0.161523 bl: 0.12955 POSS error_pred: 0.383632 error_bl: 0.278772 improvement: -0.104859
    min: -0.5465  max: 0.424 avg: 0.0594075
explanation: 


3: 545  label: -1 pred: 0.859199 bl: 0.42935 IMP error_pred: 0.325671 error_bl: 0.225506 improvement: -0.100164
    min: 0.1785  max: 0.9285 avg: 0.470822
explanation: 


4: 544  label: -1 pred: 0.801491 bl: 0.3475 POSS error_pred: 0.246853 error_bl: 0.147783 improvement: -0.0990695
    min: -0.031  max: 0.967 avg: 0.32252
explanation: 


5: 1934  label: 1 pred: 0.0542698 bl: -0.0823 POSS error_pred: 0.573743 error_bl: 0.477408 improvement: -0.0963342
    min: -0.399  max: 0.2805 avg: 0.021185
explanation: 


6: 1646  label: 1 pred: 0.599456 bl: 0.48685 POSS error_pred: 0.146633 error_bl: 0.0520034 improvement: -0.0946292
    min: -0.3705  max: 0.935 avg: 0.504232
explanation: 


7: 2010  label: -1 pred: 0.956763 bl: 0.64855 IMP error_pred: 0.594417 error_bl: 0.515326 improvement: -0.0790914
    min: 0.4225  max: 0.7675 avg: 0.59126
explanation: 


8: 2235  label: 1 pred: 0.179587 bl: 0.11805 POSS error_pred: 0.364876 error_bl: 0.287298 improvement: -0.0775788
    min: -0.447  max: 0.6405 avg: 0.227038
explanation: 


9: 437  label: 1 pred: 0.65567 bl: 0.49485 POSS error_pred: 0.12532 error_bl: 0.0494459 improvement: -0.0758739
    min: -0.349  max: 0.7875 avg: 0.454582
explanation: 


10: 1406  label: -1 pred: 0.772119 bl: 0.3363 IMP error_pred: 0.216749 error_bl: 0.142857 improvement: -0.0738916
    min: 0.1135  max: 0.7045 avg: 0.441905
explanation: 


11: 2005  label: -1 pred: 0.867813 bl: 0.46985 IMP error_pred: 0.341544 error_bl: 0.271483 improvement: -0.0700602
    min: 0.3275  max: 0.6315 avg: 0.47468
explanation: 


12: 2428  label: 1 pred: 0.407138 bl: 0.29435 POSS error_pred: 0.220801 error_bl: 0.154305 improvement: -0.0664961
    min: -0.2145  max: 0.8375 avg: 0.31166
explanation: 


13: 623  label: -1 pred: 0.914625 bl: 0.55515 IMP error_pred: 0.44335 error_bl: 0.378763 improvement: -0.0645868
    min: 0.338  max: 0.975 avg: 0.559713
explanation: 


14: 2421  label: -1 pred: 0.968642 bl: 0.70895 IMP error_pred: 0.668856 error_bl: 0.605364 improvement: -0.0634921
    min: 0.394  max: 0.935 avg: 0.649233
explanation: 


15: 2418  label: -1 pred: 0.953101 bl: 0.64805 POSS error_pred: 0.577449 error_bl: 0.514505 improvement: -0.0629447
    min: -0.023  max: 0.9365 avg: 0.522843
explanation: 


16: 1306  label: -1 pred: 0.941377 bl: 0.61505 IMP error_pred: 0.522715 error_bl: 0.460317 improvement: -0.0623974
    min: 0.3625  max: 0.7805 avg: 0.5647
explanation: 


17: 2987  label: 1 pred: 0.0761278 bl: -0.0487 POSS error_pred: 0.504689 error_bl: 0.443308 improvement: -0.0613811
    min: -0.4435  max: 0.521 avg: -0.0059025
explanation: 


18: 1064  label: 1 pred: 0.060878 bl: -0.09745 POSS error_pred: 0.550725 error_bl: 0.490196 improvement: -0.0605286
    min: -0.442  max: 0.192 avg: -0.0806475
explanation: 


19: 819  label: -1 pred: 0.947585 bl: 0.63165 IMP error_pred: 0.544061 error_bl: 0.48659 improvement: -0.0574713
    min: 0.326  max: 0.733 avg: 0.568405
explanation: 


20: 1023  label: -1 pred: 0.959192 bl: 0.6746 IMP error_pred: 0.609195 error_bl: 0.551724 improvement: -0.0574713
    min: 0.4315  max: 0.856 avg: 0.642913
explanation: 


21: 2190  label: -1 pred: 0.846913 bl: 0.4505 IMP error_pred: 0.305966 error_bl: 0.248495 improvement: -0.0574713
    min: 0.151  max: 0.6525 avg: 0.431485
explanation: 


22: 1279  label: -1 pred: 0.751081 bl: 0.33725 IMP error_pred: 0.200876 error_bl: 0.143404 improvement: -0.0574713
    min: 0.187  max: 0.531 avg: 0.382338
explanation: 


23: 2439  label: 1 pred: 0.659461 bl: 0.4487 AUTO error_pred: 0.124467 error_bl: 0.0682012 improvement: -0.056266
    min: 0.0595  max: 0.861 avg: 0.3543
explanation: 


24: 954  label: 1 pred: 0.308303 bl: 0.21795 POSS error_pred: 0.263427 error_bl: 0.207161 improvement: -0.056266
    min: -0.21  max: 0.4815 avg: 0.131352
explanation: 


25: 1738  label: 1 pred: 0.413695 bl: 0.2765 POSS error_pred: 0.219096 error_bl: 0.164535 improvement: -0.054561
    min: -0.0255  max: 0.7075 avg: 0.323767
explanation: 


26: 602  label: -1 pred: 0.983977 bl: 0.83805 IMP error_pred: 0.833607 error_bl: 0.779967 improvement: -0.0536398
    min: 0.494  max: 0.9695 avg: 0.70613
explanation: 


27: 1569  label: 1 pred: 0.108846 bl: 0.01255 POSS error_pred: 0.443308 error_bl: 0.390452 improvement: -0.0528559
    min: -0.551  max: 0.2925 avg: 0.0059775
explanation: 


28: 2112  label: -1 pred: 0.866492 bl: 0.4811 IMP error_pred: 0.338807 error_bl: 0.286262 improvement: -0.0525452
    min: 0.2065  max: 0.731 avg: 0.45361
explanation: 


29: 98  label: 1 pred: 0.626873 bl: 0.40705 POSS error_pred: 0.13214 error_bl: 0.0809889 improvement: -0.0511509
    min: -0.113  max: 0.756 avg: 0.315648
explanation: 


30: 150  label: 1 pred: 0.183603 bl: 0.0875 POSS error_pred: 0.361466 error_bl: 0.311168 improvement: -0.0502984
    min: -0.4095  max: 0.239 avg: 0.0059825
explanation: 


31: 1695  label: 1 pred: 0.65972 bl: 0.42655 AUTO error_pred: 0.124467 error_bl: 0.0741688 improvement: -0.0502984
    min: 0.1405  max: 0.8655 avg: 0.53314
explanation: 


32: 564  label: 1 pred: 0.420616 bl: 0.2762 POSS error_pred: 0.213981 error_bl: 0.164535 improvement: -0.0494459
    min: -0.17  max: 0.438 avg: 0.051225
explanation: 


33: 2946  label: -1 pred: 0.797562 bl: 0.39925 IMP error_pred: 0.244663 error_bl: 0.195402 improvement: -0.0492611
    min: 0.064  max: 0.564 avg: 0.385552
explanation: 


34: 1394  label: -1 pred: 0.808783 bl: 0.409 POSS error_pred: 0.253968 error_bl: 0.205255 improvement: -0.0487138
    min: -0.0915  max: 0.853 avg: 0.459358
explanation: 


35: 826  label: 1 pred: 0.647746 bl: 0.417 AUTO error_pred: 0.127025 error_bl: 0.0784314 improvement: -0.0485933
    min: 0.154  max: 0.873 avg: 0.39499
explanation: 


36: 2277  label: 1 pred: 0.644757 bl: 0.4163 POSS error_pred: 0.127025 error_bl: 0.0784314 improvement: -0.0485933
    min: -0.007  max: 0.6785 avg: 0.36397
explanation: 


37: 1650  label: -1 pred: 0.775127 bl: 0.3766 IMP error_pred: 0.221128 error_bl: 0.172961 improvement: -0.0481664
    min: 0.111  max: 0.6065 avg: 0.308623
explanation: 


38: 2019  label: 1 pred: 0.167319 bl: 0.0694 POSS error_pred: 0.376812 error_bl: 0.329071 improvement: -0.0477409
    min: -0.2995  max: 0.454 avg: 0.0956
explanation: 


39: 2839  label: 1 pred: 0.321971 bl: 0.21545 POSS error_pred: 0.25746 error_bl: 0.209719 improvement: -0.0477409
    min: -0.228  max: 0.429 avg: 0.168983
explanation: 


40: 2002  label: -1 pred: 0.619677 bl: 0.22205 POSS error_pred: 0.125889 error_bl: 0.0782704 improvement: -0.047619
    min: -0.0635  max: 0.577 avg: 0.289557
explanation: 


41: 1035  label: -1 pred: 0.769151 bl: 0.37035 IMP error_pred: 0.214012 error_bl: 0.16694 improvement: -0.0470717
    min: 0.251  max: 0.6065 avg: 0.413388
explanation: 


42: 97  label: -1 pred: 0.687518 bl: 0.2984 IMP error_pred: 0.15873 error_bl: 0.112206 improvement: -0.0465244
    min: 0.076  max: 0.5255 avg: 0.341408
explanation: 


43: 1531  label: 1 pred: 0.26721 bl: 0.17945 POSS error_pred: 0.285592 error_bl: 0.239557 improvement: -0.0460358
    min: -0.5455  max: 0.742 avg: 0.215822
explanation: 


44: 2300  label: 1 pred: 0.271328 bl: 0.1808 POSS error_pred: 0.283035 error_bl: 0.236999 improvement: -0.0460358
    min: -0.6205  max: 0.5445 avg: 0.146872
explanation: 


45: 1732  label: 1 pred: 0.36173 bl: 0.24145 POSS error_pred: 0.237852 error_bl: 0.191816 improvement: -0.0460358
    min: -0.0005  max: 0.773 avg: 0.285692
explanation: 


46: 774  label: 1 pred: 0.278571 bl: 0.18755 POSS error_pred: 0.278772 error_bl: 0.232737 improvement: -0.0460358
    min: -0.1415  max: 0.7915 avg: 0.27692
explanation: 


47: 2780  label: -1 pred: 0.952023 bl: 0.6573 IMP error_pred: 0.571976 error_bl: 0.525999 improvement: -0.0459771
    min: 0.3535  max: 0.931 avg: 0.652207
explanation: 


48: 1924  label: -1 pred: 0.680159 bl: 0.2913 IMP error_pred: 0.154899 error_bl: 0.109469 improvement: -0.0454297
    min: 0.0875  max: 0.4275 avg: 0.259218
explanation: 


49: 1755  label: 1 pred: 0.711425 bl: 0.4853 AUTO error_pred: 0.0988917 error_bl: 0.0537084 improvement: -0.0451833
    min: 0.1905  max: 0.975 avg: 0.6287
explanation: 


best entries: 
0: 789  label: -1 pred: 0.917719 bl: 0.72475 IMP error_pred: 0.454297 error_bl: 0.626163 improvement: 0.171866
1: 1671  label: -1 pred: 0.667579 bl: 0.5107 POSS error_pred: 0.151615 error_bl: 0.323481 improvement: 0.171866
2: 221  label: -1 pred: 0.785918 bl: 0.57005 POSS error_pred: 0.23098 error_bl: 0.400109 improvement: 0.16913
3: 730  label: -1 pred: 0.893322 bl: 0.67705 IMP error_pred: 0.390257 error_bl: 0.55665 improvement: 0.166393
4: 314  label: -1 pred: 0.913365 bl: 0.7058 POSS error_pred: 0.442255 error_bl: 0.598248 improvement: 0.155993
5: 1092  label: 1 pred: 0.172953 bl: -0.11885 POSS error_pred: 0.374254 error_bl: 0.518329 improvement: 0.144075
6: 802  label: -1 pred: 0.941188 bl: 0.74075 IMP error_pred: 0.522168 error_bl: 0.651888 improvement: 0.129721
7: 2938  label: -1 pred: 0.721917 bl: 0.49345 POSS error_pred: 0.176245 error_bl: 0.300493 improvement: 0.124247
8: 2507  label: 1 pred: 0.0596645 bl: -0.2767 POSS error_pred: 0.553282 error_bl: 0.674339 improvement: 0.121057
9: 1066  label: -1 pred: 0.68557 bl: 0.47205 POSS error_pred: 0.157088 error_bl: 0.272578 improvement: 0.11549
10: 1823  label: -1 pred: 0.887107 bl: 0.63535 POSS error_pred: 0.376574 error_bl: 0.489327 improvement: 0.112753
11: 1672  label: 1 pred: 0.318133 bl: 0.04605 POSS error_pred: 0.259165 error_bl: 0.359761 improvement: 0.100597
12: 2961  label: 1 pred: 0.238233 bl: 0.0083 POSS error_pred: 0.302643 error_bl: 0.393862 improvement: 0.0912191
13: 2012  label: 1 pred: 0.214544 bl: -0.00405 POSS error_pred: 0.319693 error_bl: 0.408355 improvement: 0.0886616
14: 1392  label: -1 pred: 0.711832 bl: 0.46165 IMP error_pred: 0.173508 error_bl: 0.261084 improvement: 0.0875753
15: 2343  label: -1 pred: 0.903595 bl: 0.63725 IMP error_pred: 0.412698 error_bl: 0.494253 improvement: 0.0815544
16: 2684  label: -1 pred: 0.864183 bl: 0.5769 IMP error_pred: 0.333333 error_bl: 0.411604 improvement: 0.0782704
17: 90  label: 1 pred: 0.129294 bl: -0.1001 POSS error_pred: 0.415175 error_bl: 0.49318 improvement: 0.0780051
18: 2035  label: -1 pred: 0.954711 bl: 0.74805 IMP error_pred: 0.585112 error_bl: 0.660098 improvement: 0.0749863
19: 2558  label: 1 pred: 0.39821 bl: 0.10475 POSS error_pred: 0.226769 error_bl: 0.300085 improvement: 0.0733163
20: 1013  label: -1 pred: 0.624602 bl: 0.40015 IMP error_pred: 0.126437 error_bl: 0.196497 improvement: 0.0700602
21: 2072  label: -1 pred: 0.808485 bl: 0.50915 POSS error_pred: 0.253968 error_bl: 0.322386 improvement: 0.0684181
22: 103  label: 1 pred: 0.511941 bl: 0.1797 POSS error_pred: 0.171355 error_bl: 0.239557 improvement: 0.0682012
23: 726  label: 1 pred: 0.740735 bl: 0.3073 AUTO error_pred: 0.0826939 error_bl: 0.14919 improvement: 0.0664962
24: 1842  label: 1 pred: 0.448823 bl: 0.1546 POSS error_pred: 0.194373 error_bl: 0.26087 improvement: 0.0664961
25: 745  label: 1 pred: 0.0517794 bl: -0.2459 POSS error_pred: 0.58312 error_bl: 0.648764 improvement: 0.0656437
26: 2817  label: -1 pred: 0.44366 bl: 0.33635 POSS error_pred: 0.077723 error_bl: 0.142857 improvement: 0.0651341
27: 2345  label: -1 pred: 0.476098 bl: 0.3508 POSS error_pred: 0.0853859 error_bl: 0.150246 improvement: 0.0648604
28: 2373  label: 1 pred: 0.730933 bl: 0.30865 AUTO error_pred: 0.0852515 error_bl: 0.148338 improvement: 0.0630861
29: 1728  label: -1 pred: 0.71208 bl: 0.43865 IMP error_pred: 0.173508 error_bl: 0.235906 improvement: 0.0623974
30: 409  label: -1 pred: 0.77574 bl: 0.47835 IMP error_pred: 0.221128 error_bl: 0.283525 improvement: 0.0623974
31: 1461  label: 1 pred: 0.432283 bl: 0.14605 POSS error_pred: 0.207161 error_bl: 0.269395 improvement: 0.0622336
32: 1061  label: -1 pred: 0.207333 bl: 0.24895 POSS error_pred: 0.0279146 error_bl: 0.0892173 improvement: 0.0613027
33: 227  label: -1 pred: 0.698387 bl: 0.42815 IMP error_pred: 0.164204 error_bl: 0.225233 improvement: 0.061029
34: 188  label: -1 pred: 0.823063 bl: 0.5167 IMP error_pred: 0.272031 error_bl: 0.332239 improvement: 0.060208
35: 2279  label: -1 pred: 0.70577 bl: 0.4341 IMP error_pred: 0.168035 error_bl: 0.228243 improvement: 0.060208
36: 887  label: -1 pred: 0.861543 bl: 0.56245 IMP error_pred: 0.330049 error_bl: 0.389984 improvement: 0.0599343
37: 1879  label: -1 pred: 0.786647 bl: 0.4858 POSS error_pred: 0.231527 error_bl: 0.291188 improvement: 0.0596606
38: 2417  label: 1 pred: 0.0956936 bl: -0.12085 POSS error_pred: 0.462916 error_bl: 0.521739 improvement: 0.0588235
39: 1104  label: -1 pred: 0.603142 bl: 0.38025 IMP error_pred: 0.119321 error_bl: 0.17734 improvement: 0.0580186
40: 339  label: -1 pred: 0.724177 bl: 0.43915 IMP error_pred: 0.178982 error_bl: 0.235906 improvement: 0.0569239
41: 2394  label: 1 pred: 0.723735 bl: 0.314 AUTO error_pred: 0.0903666 error_bl: 0.146633 improvement: 0.056266
42: 2359  label: -1 pred: 0.533654 bl: 0.3549 POSS error_pred: 0.0985222 error_bl: 0.154351 improvement: 0.0558292
43: 380  label: 1 pred: 0.107308 bl: -0.1051 POSS error_pred: 0.44416 error_bl: 0.499574 improvement: 0.0554135
44: 898  label: -1 pred: 0.417596 bl: 0.3132 POSS error_pred: 0.0717022 error_bl: 0.126437 improvement: 0.0547345
45: 895  label: 1 pred: 0.40616 bl: 0.136 POSS error_pred: 0.220801 error_bl: 0.275362 improvement: 0.054561
46: 1129  label: 1 pred: 0.792477 bl: 0.35685 AUTO error_pred: 0.0647911 error_bl: 0.118926 improvement: 0.0541347
47: 2178  label: -1 pred: 0.826769 bl: 0.5149 IMP error_pred: 0.276409 error_bl: 0.330323 improvement: 0.0539135
48: 202  label: 1 pred: 0.722461 bl: 0.3214 AUTO error_pred: 0.0912191 error_bl: 0.144075 improvement: 0.052856
49: 2092  label: 1 pred: 0.850694 bl: 0.37905 AUTO error_pred: 0.0451833 error_bl: 0.0980392 improvement: 0.0528559

total is 0
score for UNKNOWN: 1.0000 baseline: 1.0000 diff: 0.0000
total is 1792
score for AUTO: 0.0000 baseline: 0.0000 diff: 0.0000
total is 1046
score for POSS: 0.1745 baseline: 0.1814 diff: -0.0068
total is 162
score for IMP: 1.0000 baseline: 1.0000 diff: 0.0000
writing 15000 official test outputs

0%   10   20   30   40   50   60   70   80   90   100%
|----|----|----|----|----|----|----|----|----|----|
***************************************************
scores: [ 0.0573896 ]
0.0574 +/-    nan
4069.18user 8.62system 16:24.58elapsed 414%CPU (0avgtext+0avgdata 0maxresident)k
0inputs+336outputs (0major+3225049minor)pagefaults 0swaps
