loading data...applying decomposition
done.
bag bag 2 of 3 of 200200

bag 4 of bag 0 of 200
bag 1 of 200
200
bag 5 of 200
bag 6 of 200
bag 7 of 200
bag 8 of 200
bag 9 of 200
bag 10 of 200
bag 11 of 200
bag 12 of 200
bag 13 of 200
bag 14 of 200
bag 15 of 200
bag 16 of 200
bag 17 of 200
bag 18 of 200
bag 19 of 200
bag 20 of 200
bag 21 of 200
bag 22 of 200
bag 23 of 200
bag 24 of 200
bag 25 of 200
bag 26 of 200
bag 27 of 200
bag 28 of 200
bag 29 of 200
bag 30 of 200
bag 31 of 200
bag 32 of 200
bag 33 of 200
bag 34 of 200
bag 35 of 200
bag 36 of 200
bag 37 of 200
bag 38 of 200
bag 39 of 200
bag 40 of 200
bag 41 of 200
bag 42 of 200
bag 43 of 200
bag 44 of 200
bag 45 of 200
bag 46 of 200
bag 47 of 200
bag 48 of 200
bag 49 of 200
bag 50 of 200
bag 51 of 200
bag 52 of 200
bag 53 of 200
bag 54 of 200
bag 55 of 200
bag 56 of 200
bag 57 of 200
bag 58 of 200
bag 59 of 200
bag 60 of 200
bag 61 of 200
bag 62 of 200
bag 63 of 200
bag 64 of 200
bag 65 of 200
bag 66 of 200
bag 67 of 200
bag 68 of 200
bag 69 of 200
bag 70 of 200
bag 71 of 200
bag 72 of 200
bag 73 of 200
bag 74 of 200
bag 75 of 200
bag 76 of 200
bag 77 of 200
bag 78 of 200
bag 79 of 200
bag 80 of 200
bag 81 of 200
bag 82 of 200
bag 83 of 200
bag 84 of 200
bag 85 of 200
bag 86 of 200
bag 87 of 200
bag 88 of 200
bag 89 of 200
bag 90 of 200
bag 91 of 200
bag 92 of 200
bag 93 of 200
bag 94 of 200
bag 95 of 200
bag 96 of 200
bag 97 of 200
bag 98 of 200
bag 99 of 200
bag 100 of 200
bag 101 of 200
bag 102 of 200
bag 103 of 200
bag 104 of 200
bag 105 of 200
bag 106 of 200
bag 107 of 200
bag 108 of 200
bag 109 of 200
bag 110 of 200
bag 111 of 200
bag 112 of 200
bag 113 of 200
bag 114 of 200
bag 115 of 200
bag 116 of 200
bag 117 of 200
bag 118 of 200
bag 119 of 200
bag 120 of 200
bag 121 of 200
bag 122 of 200
bag 123 of 200
bag 124 of 200
bag 125 of 200
bag 126 of 200
bag 127 of 200
bag 128 of 200
bag 129 of 200
bag 130 of 200
bag 131 of 200
bag 132 of 200
bag 133 of 200
bag 134 of 200
bag 135 of 200
bag 136 of 200
bag 137 of 200
bag 138 of 200
bag 139 of 200
bag 140 of 200
bag 141 of 200
bag 142 of 200
bag 143 of 200
bag 144 of 200
bag 145 of 200
bag 146 of 200
bag 147 of 200
bag 148 of 200
bag 149 of 200
bag 150 of 200
bag 151 of 200
bag 152 of 200
bag 153 of 200
bag 154 of 200
bag 155 of 200
bag 156 of 200
bag 157 of 200
bag 158 of 200
bag 159 of 200
bag 160 of 200
bag 161 of 200
bag 162 of 200
bag 163 of 200
bag 164 of 200
bag 165 of 200
bag 166 of 200
bag 167 of 200
bag 168 of 200
bag 169 of 200
bag 170 of 200
bag 171 of 200
bag 172 of 200
bag 173 of 200
bag 174 of 200
bag 175 of 200
bag 176 of 200
bag 177 of 200
bag 178 of 200
bag 179 of 200
bag 180 of 200
bag 181 of 200
bag 182 of 200
bag 183 of 200
bag 184 of 200
bag 185 of 200
bag 186 of 200
bag 187 of 200
bag 188 of 200
bag 189 of 200
bag 190 of 200
bag 191 of 200
bag 192 of 200
bag 193 of 200
bag 194 of 200
bag 195 of 200
bag 196 of 200
bag 197 of 200
bag 198 of 200
bag 199 of 200
chose model 1034 L_rmse_1035
chose model 261 L_rmse_262
chose model 135 L_rmse_136
chose model 1106 L_rmse_1107
chose model 741 L_rmse_742
chose model 878 L_rmse_879
chose model 0 L_rmse_1
chose model 307 L_rmse_308
chose model 1150 L_rmse_1151
chose model 86 L_rmse_87
processing 10000 predictions...

0%   10   20   30   40   50   60   70   80   90   100%
|----|----|----|----|----|----|----|----|----|----|
***************************************************
 done.
elapsed: [2051.26s cpu, 1317549.6443 mticks, 492.96s wall]
score: 0.4427  baseline: 0.4419  diff: 0.00076
category UNKNOWN: count 0 avg error 0 baseline avg error 0 avg improvement 0
category AUTO: count 3291 avg error 0.0202769 baseline avg error 0.0190967 avg improvement -0.0011802
category POSS: count 6143 avg error 0.197698 baseline avg error 0.198165 avg improvement 0.000466772
category IMP: count 566 avg error 1.1986 baseline avg error 1.18856 avg improvement -0.0100377
overall: count 10000 avg error 0.19596 baseline avg error 0.19529 avg improvement -0.000669798
worst entries: 
0: 3141  label: 1 pred: -0.360938 bl: -0.21565 IMP error_pred: 1.85215 error_bl: 1.4778 improvement: -0.374347
    min: -0.913  max: 0.2535 avg: -0.309709
explanation: 
   -0.043067 -0.19599999          L_rmse_1035_output
   -0.031856 -0.2705              L_rmse_1107
   -0.028446 -0.21565001          avg_model_chosen
   -0.025383 -0.2255              L_rmse_306
   -0.023522 -0.2705              L_rmse_1107_output
   -0.021242 -0.19599999          L_rmse_1035
   -0.017855 -0.21600001          L_rmse_920
   -0.015950 -0.463               L_rmse_770
   -0.013947 -0.227               L_rmse_221
   -0.013604 -0.57849997          L_rmse_752
   -0.700423                      TOTAL


1: 8269  label: 1 pred: -0.294074 bl: -0.1438 IMP error_pred: 1.67463 error_bl: 1.30828 improvement: -0.36635
    min: -0.7655  max: 0.1575 avg: -0.228217
explanation: 
   -0.037361 -0.162               L_rmse_1035_output
   -0.029077 -0.2115              L_rmse_1107
   -0.025383 -0.088500001         L_rmse_306
   -0.023522 -0.2115              L_rmse_1107_output
   -0.023421 -0.14380001          avg_model_chosen
   -0.017855 -0.103               L_rmse_920
   -0.014963 -0.12899999          L_rmse_1119
   -0.014701 -0.106               L_rmse_477
   -0.014365 -0.1235              L_rmse_221
   -0.013782 -0.35800001          L_rmse_858
   -0.633559                      TOTAL


2: 5640  label: 1 pred: -0.49426 bl: -0.3804 IMP error_pred: 2.23281 error_bl: 1.9055 improvement: -0.32731
    min: -0.865  max: 0.2105 avg: -0.356905
explanation: 
   -0.043067 -0.35949999          L_rmse_1035_output
   -0.032940 -0.3804              avg_model_chosen
   -0.031856 -0.44400001          L_rmse_1107
   -0.025449 -0.44400001          L_rmse_1107_output
   -0.025222 -0.419               L_rmse_306
   -0.021242 -0.35949999          L_rmse_1035
   -0.018001 -0.46599999          L_rmse_920
   -0.017196 -0.44600001          L_rmse_770
    0.015727 8.2910196e-07        L_rmse_87_recomp_error_2_sqr
   -0.015216 -0.28549999          L_rmse_1119
   -0.833745                      TOTAL


3: 5521  label: -0.5 pred: 0.594991 bl: 0.44195 POSS error_pred: 1.19901 error_bl: 0.88727 improvement: -0.311736
    min: -0.177  max: 1 avg: 0.540279
explanation: 
    0.014775 0.433                L_rmse_306
    0.010949 0.42899999           L_rmse_221
    0.010601 0.59850001           L_rmse_1119
    0.010553 0.47299999           L_rmse_1107
    0.010319 0.42449999           L_rmse_920
    0.010310 0.65700001           L_rmse_499
   -0.009290 5.0208931            recomp_error_1_rmse
    0.009032 0.44194999           avg_model_chosen
   -0.008584 0.00017374754        L_rmse_87_recomp_error_3_abs
    0.008317 0.79549998           L_rmse_801
    0.255506                      TOTAL


4: 7945  label: 1 pred: -0.314922 bl: -0.1949 IMP error_pred: 1.72902 error_bl: 1.42779 improvement: -0.301233
    min: -0.859  max: 0.1975 avg: -0.247744
explanation: 
   -0.043067 -0.1825              L_rmse_1035_output
   -0.029077 -0.2035              L_rmse_1107
   -0.028446 -0.19490001          avg_model_chosen
   -0.025979 -0.1025              L_rmse_306
   -0.023522 -0.2035              L_rmse_1107_output
   -0.021414 -0.44150001          L_rmse_770
   -0.021079 -0.1825              L_rmse_1035
   -0.017855 -0.13150001          L_rmse_920
   -0.014365 -0.134               L_rmse_221
   -0.012916 -0.145               L_rmse_477
   -0.654407                      TOTAL


5: 2098  label: 0.5 pred: -0.556261 bl: -0.4034 IMP error_pred: 1.11569 error_bl: 0.816132 improvement: -0.299555
    min: -0.6845  max: -0.0455 avg: -0.383646
explanation: 
   -0.043176 -0.36300001          L_rmse_1035_output
   -0.032706 -0.4034              avg_model_chosen
   -0.031856 -0.48249999          L_rmse_1107
   -0.025449 -0.48249999          L_rmse_1107_output
   -0.025222 -0.347               L_rmse_306
   -0.021242 -0.36300001          L_rmse_1035
   -0.018181 -0.33899999          L_rmse_920
   -0.015216 -0.39449999          L_rmse_1119
   -0.014365 -0.33899999          L_rmse_221
   -0.013962 -0.368               L_rmse_477
   -0.895745                      TOTAL


6: 9832  label: 1 pred: 0.267338 bl: 0.51125 POSS error_pred: 0.536793 error_bl: 0.238877 improvement: -0.297917
    min: -0.193  max: 1 avg: 0.3585
explanation: 
   -0.024091 0.1035               L_rmse_920
   -0.022582 0.081500001          L_rmse_306
    0.018553 0.75599998           L_rmse_1035_output
   -0.017632 0.1805               L_rmse_477
    0.015928 0.51124996           avg_model_chosen
    0.014840 0.62449998           L_rmse_1107
   -0.013972 0.1145               L_rmse_221
    0.011975 0.75599998           L_rmse_1035
    0.011693 0.31150001           L_rmse_1119
   -0.010608 0.1225               L_rmse_742
   -0.072147                      TOTAL


7: 4244  label: -1 pred: 0.794113 bl: 0.71485 IMP error_pred: 3.21884 error_bl: 2.94071 improvement: -0.278132
    min: 0.23  max: 0.9365 avg: 0.682791
explanation: 
    0.023564 0.71485007           avg_model_chosen
    0.014632 0.69999999           L_rmse_306
    0.014332 6.7898865            recomp_error_1_rmse
    0.012333 0.759                L_rmse_1119
    0.010619 0.82417399           decomp017
    0.010395 0.67049998           L_rmse_920
    0.009943 0.74049997           L_rmse_499
    0.009685 0.68099999           L_rmse_221
    0.009341 0.71350002           L_rmse_1035_output
    0.009232 0.67000002           L_rmse_1107
    0.454629                      TOTAL


8: 2206  label: 0.5 pred: -0.362013 bl: -0.1826 POSS error_pred: 0.743066 error_bl: 0.465943 improvement: -0.277123
    min: -0.577  max: 0.232 avg: -0.235189
explanation: 
   -0.043574 -0.1965              L_rmse_1035_output
   -0.031154 -0.24349999          L_rmse_1107
   -0.028446 -0.18259999          avg_model_chosen
   -0.025383 -0.2165              L_rmse_306
   -0.023522 -0.24349999          L_rmse_1107_output
   -0.021079 -0.1965              L_rmse_1035
   -0.017855 -0.21349999          L_rmse_920
   -0.015214 -0.193               L_rmse_1119
   -0.013947 -0.2165              L_rmse_221
   -0.013815 -0.234               L_rmse_477
   -0.701498                      TOTAL


9: 3314  label: 1 pred: 0.292512 bl: 0.5142 POSS error_pred: 0.50054 error_bl: 0.236002 improvement: -0.264538
    min: -0.7995  max: 1 avg: 0.383374
explanation: 
    0.014632 0.727                L_rmse_306
   -0.014082 0.90799999           L_rmse_372
    0.011508 0.59399998           L_rmse_1035_output
    0.011012 0.48899999           L_rmse_920
    0.010955 0.51420003           avg_model_chosen
   -0.010886 0.97500002           L_rmse_175
    0.010601 0.62050003           L_rmse_1119
   -0.009871 -0.015               L_rmse_251
   -0.009692 0.097999997          L_rmse_1110
   -0.009531 0.096500002          L_rmse_889
   -0.046973                      TOTAL


10: 9648  label: -1 pred: 0.317498 bl: 0.21515 IMP error_pred: 1.7358 error_bl: 1.47659 improvement: -0.259212
    min: -0.225  max: 0.565 avg: 0.137817
explanation: 
   -0.016920 0.21515              avg_model_chosen
    0.016517 0.34150001           L_rmse_306
    0.013819 0.31799999           L_rmse_920
    0.009819 0.32550001           L_rmse_221
    0.009016 0.35600001           L_rmse_477
   -0.008971 0.182                L_rmse_40
   -0.007954 0.19750001           L_rmse_1035_output
   -0.007936 0.2395               L_rmse_879_output
    0.007740 0.29699999           L_rmse_1119
    0.007160 0.34900001           L_rmse_266
   -0.021986                      TOTAL


11: 3118  label: 1 pred: -0.456976 bl: -0.3664 IMP error_pred: 2.12278 error_bl: 1.86705 improvement: -0.255731
    min: -0.788  max: 0.1055 avg: -0.347621
explanation: 
   -0.043067 -0.34299999          L_rmse_1035_output
   -0.032527 -0.29750001          L_rmse_1107
   -0.032330 -0.3664              avg_model_chosen
   -0.025222 -0.3775              L_rmse_306
   -0.023522 -0.29750001          L_rmse_1107_output
   -0.021079 -0.34299999          L_rmse_1035
   -0.018001 -0.405               L_rmse_920
   -0.014963 -0.4095              L_rmse_1119
   -0.014365 -0.41249999          L_rmse_221
   -0.013583 -0.34650001          L_rmse_477
   -0.796461                      TOTAL


12: 5470  label: -1 pred: 0.28882 bl: 0.18575 IMP error_pred: 1.66106 error_bl: 1.406 improvement: -0.255053
    min: -0.2835  max: 0.582 avg: 0.150759
explanation: 
   -0.015214 0.12800001           L_rmse_1119
   -0.012742 0.18574998           avg_model_chosen
    0.011002 0.338                L_rmse_762
   -0.008732 0.092500001          L_rmse_40
    0.008200 0.42899999           L_rmse_292
   -0.007935 0.25549999           L_rmse_920
   -0.007927 0.18000001           L_rmse_742
    0.007918 3.2564392            recomp_error_3_rmse
   -0.007284 0.1825               L_rmse_477
   -0.006924 0.098499998          L_rmse_162
   -0.050665                      TOTAL


13: 1304  label: 1 pred: -0.370733 bl: -0.2794 IMP error_pred: 1.87891 error_bl: 1.63686 improvement: -0.242044
    min: -0.964  max: 0.42 avg: -0.372783
explanation: 
   -0.043067 -0.25350001          L_rmse_1035_output
   -0.029077 -0.20550001          L_rmse_1107
   -0.028446 -0.27940002          avg_model_chosen
   -0.025383 -0.19050001          L_rmse_306
   -0.023522 -0.20550001          L_rmse_1107_output
   -0.021242 -0.25350001          L_rmse_1035
   -0.017855 -0.2985              L_rmse_920
   -0.015371 -0.71249998          L_rmse_770
   -0.014366 -0.15800001          L_rmse_477
   -0.014365 -0.28749999          L_rmse_221
   -0.710218                      TOTAL


14: 5206  label: -0.5 pred: 0.423683 bl: 0.2831 POSS error_pred: 0.85319 error_bl: 0.613246 improvement: -0.239945
    min: -0.3185  max: 0.975 avg: 0.375048
explanation: 
   -0.017057 0.28310001           avg_model_chosen
    0.014831 0.4535               L_rmse_306
    0.013180 0.447                L_rmse_920
   -0.013158 0.15350001           L_rmse_1035_output
    0.010601 0.42449999           L_rmse_1119
   -0.010489 0.56                 L_rmse_585
    0.009814 0.44999999           L_rmse_221
    0.009417 0.46599999           L_rmse_477
   -0.009205 0.15350001           L_rmse_1035
   -0.008554 0.23549999           L_rmse_1107
    0.084198                      TOTAL


15: 3687  label: -1 pred: -0.131125 bl: -0.2805 POSS error_pred: 0.754943 error_bl: 0.51768 improvement: -0.237263
    min: -0.5505  max: 0.578 avg: -0.100678
explanation: 
   -0.043574 -0.31                L_rmse_1035_output
   -0.030748 -0.36399999          L_rmse_1107
   -0.029003 -0.28049999          avg_model_chosen
   -0.025979 -0.39700001          L_rmse_306
   -0.023522 -0.36399999          L_rmse_1107_output
   -0.021079 -0.31                L_rmse_1035
   -0.017855 -0.45050001          L_rmse_920
   -0.015634 -0.26750001          L_rmse_1119
   -0.015447 -0.42050001          L_rmse_477
   -0.014365 -0.458               L_rmse_221
   -0.470610                      TOTAL


16: 5426  label: 0.5 pred: -0.284201 bl: -0.11825 POSS error_pred: 0.614971 error_bl: 0.382233 improvement: -0.232738
    min: -0.8035  max: 0.3395 avg: -0.264495
explanation: 
   -0.025383 -0.122               L_rmse_306
   -0.019525 -0.124               L_rmse_1107
   -0.017349 -0.11825             avg_model_chosen
   -0.016082 0.024499999          L_rmse_920
   -0.015466 -0.19949999          L_rmse_1119
   -0.014365 -0.050500002         L_rmse_221
   -0.013084 -0.131               L_rmse_1_output
   -0.012348 -0.162               L_rmse_914
   -0.012299 -0.1155              L_rmse_742
   -0.012180 -0.43900001          L_rmse_770
   -0.623686                      TOTAL


17: 2856  label: -1 pred: 0.356028 bl: 0.26765 IMP error_pred: 1.83881 error_bl: 1.60694 improvement: -0.231876
    min: -0.2565  max: 0.935 avg: 0.331003
explanation: 
   -0.018002 0.26765001           avg_model_chosen
    0.013681 0.34850001           L_rmse_920
    0.013082 0.31200001           L_rmse_306
   -0.011648 0.19750001           L_rmse_1035_output
   -0.010815 0.19750001           L_rmse_1035
    0.010607 0.935                models_max
    0.010601 0.43099999           L_rmse_1119
    0.010103 0.4215               L_rmse_874
    0.009846 0.3495               L_rmse_221
   -0.009778 -0.71074796          decomp022
    0.016544                      TOTAL


18: 6961  label: 1 pred: 0.0757118 bl: 0.21 POSS error_pred: 0.854309 error_bl: 0.6241 improvement: -0.230209
    min: -0.4465  max: 0.783 avg: 0.33603
explanation: 
   -0.023161 0.156                L_rmse_306
   -0.016816 0.65750003           L_rmse_672
   -0.016784 -0.030999999         L_rmse_1119
    0.014164 0.3545               L_rmse_1107
   -0.014060 0.244                L_rmse_221
    0.013229 0.34099999           L_rmse_1035_output
   -0.011756 0.20999999           avg_model_chosen
    0.009845 0.34099999           L_rmse_1035
   -0.009515 0.1035               L_rmse_742
   -0.009230 0.243                L_rmse_920
   -0.263773                      TOTAL


19: 5859  label: -1 pred: 0.674136 bl: 0.60405 IMP error_pred: 2.80273 error_bl: 2.57298 improvement: -0.229756
    min: 0.19  max: 0.948 avg: 0.619201
explanation: 
    0.015852 0.60405004           avg_model_chosen
    0.014640 0.61299998           L_rmse_306
    0.014332 5.834868             recomp_error_1_rmse
    0.011021 0.53100002           L_rmse_1119
    0.010323 0.61900002           L_rmse_920
    0.009943 0.63300002           L_rmse_499
    0.009787 0.61250001           L_rmse_1035_output
    0.009598 0.6135               L_rmse_221
    0.009508 0.7155               L_rmse_1107
    0.008778 0.75800002           L_rmse_496
    0.334652                      TOTAL


20: 9115  label: -1 pred: -0.281308 bl: -0.46425 POSS error_pred: 0.516518 error_bl: 0.287028 improvement: -0.22949
    min: -0.892  max: 0.39 avg: -0.287222
explanation: 
   -0.043067 -0.36950001          L_rmse_1035_output
   -0.032706 -0.46425             avg_model_chosen
   -0.031798 -0.34549999          L_rmse_1107
   -0.025222 -0.55800003          L_rmse_306
   -0.023522 -0.34549999          L_rmse_1107_output
   -0.021784 -0.36950001          L_rmse_1035
   -0.017855 -0.6275              L_rmse_920
   -0.014963 -0.38999999          L_rmse_1119
   -0.014365 -0.62699997          L_rmse_221
   -0.013755 -0.59100002          L_rmse_477
   -0.620793                      TOTAL


21: 7384  label: -0.5 pred: 0.687084 bl: 0.5864 IMP error_pred: 1.40917 error_bl: 1.18027 improvement: -0.228904
    min: 0.2635  max: 1 avg: 0.649139
explanation: 
    0.014620 0.58640003           avg_model_chosen
    0.014492 0.63300002           L_rmse_306
    0.014332 6.0547724            recomp_error_1_rmse
    0.012352 0.72377127           decomp017
    0.011021 0.597                L_rmse_1119
    0.010370 0.63249999           L_rmse_920
    0.009943 0.67449999           L_rmse_499
   -0.009619 0.49399999           L_rmse_262_diff_from_int
    0.009417 0.63550001           L_rmse_221
    0.009232 0.708                L_rmse_1107
    0.347600                      TOTAL


22: 2079  label: -0.5 pred: 0.342537 bl: 0.1973 POSS error_pred: 0.709868 error_bl: 0.486227 improvement: -0.223641
    min: -0.398  max: 0.7545 avg: 0.213184
explanation: 
   -0.018040 0.19729999           avg_model_chosen
    0.015435 0.38350001           L_rmse_306
    0.013265 0.40450001           L_rmse_920
    0.010709 0.39050001           L_rmse_1119
   -0.010698 0.076499999          L_rmse_1035
   -0.009835 0.076499999          L_rmse_1035_output
    0.009514 0.41549999           L_rmse_221
    0.009508 0.35949999           L_rmse_477
   -0.009395 0.139                L_rmse_879_output
    0.009229 1.1524999            models_range
    0.003052                      TOTAL


23: 3633  label: 1 pred: 0.0369242 bl: 0.16015 POSS error_pred: 0.927515 error_bl: 0.705348 improvement: -0.222167
    min: -0.9275  max: 0.621 avg: 0.0872941
explanation: 
   -0.023097 0.1175               L_rmse_306
   -0.017084 0.16015001           avg_model_chosen
   -0.015422 -0.27450001          L_rmse_1119
   -0.015157 0.13600001           L_rmse_221
   -0.014851 0.1295               L_rmse_920
   -0.008846 -0.30199999          L_rmse_874
   -0.008841 0.12899999           L_rmse_742
   -0.008227 0.13249999           L_rmse_292
   -0.008152 0.118                L_rmse_266
   -0.007989 -0.31400001          L_rmse_747
   -0.302561                      TOTAL


24: 9274  label: 0 pred: -0.753536 bl: -0.58825 POSS error_pred: 0.567817 error_bl: 0.346038 improvement: -0.221779
    min: -0.997  max: -0.061 avg: -0.633581
explanation: 
   -0.043067 -0.59100002          L_rmse_1035_output
   -0.032706 -0.58824998          avg_model_chosen
   -0.031856 -0.64099997          L_rmse_1107
   -0.025449 -0.64099997          L_rmse_1107_output
   -0.025222 -0.4425              L_rmse_306
   -0.023481 -0.59100002          L_rmse_1035
   -0.018576 -0.83099997          L_rmse_752
   -0.017855 -0.465               L_rmse_920
   -0.015216 -0.4075              L_rmse_1119
   -0.014365 -0.49250001          L_rmse_221
   -1.093021                      TOTAL


25: 4603  label: 1 pred: 0.514028 bl: 0.8794 POSS error_pred: 0.236169 error_bl: 0.0145444 improvement: -0.221625
    min: 0.388  max: 1 avg: 0.856487
explanation: 
    0.030951 0.87939996           avg_model_chosen
   -0.025570 0.9795               L_rmse_43
   -0.017287 0.949                L_rmse_294
   -0.017054 0.96399999           L_rmse_541
    0.014560 0.9795               L_rmse_306
    0.014332 10.257131            recomp_error_1_rmse
   -0.014175 0.9285               L_rmse_1068
   -0.013933 0.92549998           L_rmse_560
   -0.013725 0.95700002           L_rmse_849
   -0.012890 0.94                 L_rmse_432
    0.174543                      TOTAL


26: 2002  label: -1 pred: 0.30284 bl: 0.21495 IMP error_pred: 1.69739 error_bl: 1.4761 improvement: -0.221288
    min: -0.3015  max: 0.8415 avg: 0.241801
explanation: 
   -0.024641 0.84149998           L_rmse_472
    0.018257 0.33750001           L_rmse_306
   -0.016494 0.21495              avg_model_chosen
    0.015660 0.34299999           L_rmse_920
    0.013603 3.2886314            recomp_error_3_rmse
   -0.010280 0.11                 L_rmse_1035_output
   -0.010127 0.11                 L_rmse_1035
    0.009846 0.35749999           L_rmse_221
   -0.009007 0.162                L_rmse_879_output
    0.008714 0.29899999           L_rmse_1119
   -0.036645                      TOTAL


27: 536  label: 0 pred: -0.643102 bl: -0.4407 POSS error_pred: 0.41358 error_bl: 0.194216 improvement: -0.219363
    min: -0.824  max: 0.5665 avg: -0.446639
explanation: 
   -0.043067 -0.3265              L_rmse_1035_output
   -0.032940 -0.44069999          avg_model_chosen
   -0.031856 -0.47049999          L_rmse_1107
   -0.025449 -0.47049999          L_rmse_1107_output
   -0.025222 -0.31850001          L_rmse_306
   -0.021784 -0.3265              L_rmse_1035
   -0.018035 -0.32550001          L_rmse_920
   -0.015216 -0.4535              L_rmse_1119
   -0.014365 -0.31349999          L_rmse_221
   -0.013962 -0.3215              L_rmse_477
   -0.982586                      TOTAL


28: 4681  label: 1 pred: 0.408229 bl: 0.63405 POSS error_pred: 0.350192 error_bl: 0.133919 improvement: -0.216273
    min: -0.232  max: 1 avg: 0.722793
explanation: 
   -0.019974 0.43659905           L_rmse_136_recomp_error_1_abs
    0.019050 0.63405001           avg_model_chosen
   -0.016464 1                    L_rmse_883
   -0.015594 0.29499999           L_rmse_747
    0.014976 0.47600001           L_rmse_306
    0.013339 8.668107             recomp_error_1_rmse
    0.012333 0.90700001           L_rmse_1119
    0.010751 0.78821832           decomp017
    0.010359 0.53600001           L_rmse_920
    0.009943 1                    L_rmse_499
    0.068745                      TOTAL


29: 5602  label: -0.5 pred: 0.708262 bl: 0.61645 IMP error_pred: 1.4599 error_bl: 1.24646 improvement: -0.213437
    min: 0.399  max: 0.92 avg: 0.659439
explanation: 
    0.016265 0.61645001           avg_model_chosen
    0.014658 0.57349998           L_rmse_306
    0.014332 6.386982             recomp_error_1_rmse
    0.012333 0.67799997           L_rmse_1119
    0.010926 0.74226451           decomp017
    0.010446 0.58050001           L_rmse_920
    0.009943 0.6825               L_rmse_499
    0.009621 0.57950002           L_rmse_221
    0.009232 0.60799998           L_rmse_1107
    0.008259 0.61900002           L_rmse_879_output
    0.368778                      TOTAL


30: 7844  label: 0.5 pred: -0.423379 bl: -0.30145 POSS error_pred: 0.852629 error_bl: 0.642322 improvement: -0.210307
    min: -0.6755  max: 0.192 avg: -0.278427
explanation: 
   -0.043067 -0.35350001          L_rmse_1035_output
   -0.031856 -0.31400001          L_rmse_1107
   -0.028446 -0.30144998          avg_model_chosen
   -0.025383 -0.2775              L_rmse_306
   -0.023522 -0.31400001          L_rmse_1107_output
   -0.021741 -0.35350001          L_rmse_1035
   -0.017855 -0.289               L_rmse_920
   -0.014365 -0.289               L_rmse_221
   -0.014236 -0.54250002          L_rmse_119
   -0.013386 -0.23450001          L_rmse_1_output
   -0.762864                      TOTAL


31: 1849  label: -1 pred: 0.0777674 bl: -0.02445 IMP error_pred: 1.16158 error_bl: 0.951698 improvement: -0.209885
    min: -0.19  max: 0.389 avg: 0.113903
explanation: 
   -0.040878 -0.167               L_rmse_1035_output
   -0.026706 -0.055500001         L_rmse_306
   -0.019838 -0.167               L_rmse_1035
   -0.019349 -0.039999999         L_rmse_920
   -0.018953 -0.024449999         avg_model_chosen
   -0.015595 0.1285               L_rmse_1119
   -0.015027 -0.087499999         L_rmse_1107
   -0.014365 -0.034499999         L_rmse_221
   -0.013532 -0.067500003         L_rmse_477
   -0.009856 0.0625               L_rmse_742
   -0.261717                      TOTAL


32: 889  label: 1 pred: 0.133362 bl: 0.264 POSS error_pred: 0.751062 error_bl: 0.541696 improvement: -0.209366
    min: -0.096  max: 0.6775 avg: 0.35293
explanation: 
   -0.014702 0.252                L_rmse_1119
   -0.013850 0.264                avg_model_chosen
   -0.008181 0.26100001           L_rmse_221
   -0.007696 0.2455               L_rmse_1035
   -0.007442 0.097499996          L_rmse_1071
    0.006685 0.26100001           L_rmse_306
   -0.006660 0.2295               L_rmse_802
   -0.006524 0.47850001           L_rmse_1008
   -0.006412 0.50099999           L_rmse_1023
   -0.006232 0.255                L_rmse_40
   -0.206123                      TOTAL


33: 4272  label: 1 pred: 0.379472 bl: 0.57705 POSS error_pred: 0.385055 error_bl: 0.178887 improvement: -0.206168
    min: -0.8165  max: 0.9855 avg: 0.540786
explanation: 
    0.016716 0.57705003           avg_model_chosen
    0.015831 0.6785               L_rmse_1035_output
    0.014607 0.34999999           L_rmse_306
   -0.012311 0.93349999           L_rmse_140
    0.011525 0.6785               L_rmse_1035
   -0.010904 -0.094499998         L_rmse_601
    0.010601 0.34900001           L_rmse_1119
    0.010335 0.303                L_rmse_920
    0.009903 0.2845               L_rmse_221
    0.009680 0.78549999           L_rmse_879_output
    0.039987                      TOTAL


34: 1869  label: 0.5 pred: -0.465974 bl: -0.35285 POSS error_pred: 0.933105 error_bl: 0.727353 improvement: -0.205752
    min: -0.859  max: 0.489 avg: -0.311796
explanation: 
   -0.043067 -0.46900001          L_rmse_1035_output
   -0.032940 -0.35285002          avg_model_chosen
   -0.031856 -0.45750001          L_rmse_1107
   -0.025449 -0.45750001          L_rmse_1107_output
   -0.025222 -0.234               L_rmse_306
   -0.023481 -0.46900001          L_rmse_1035
   -0.015511 -0.22050001          L_rmse_920
   -0.015466 -0.31799999          L_rmse_1119
   -0.014365 -0.177               L_rmse_221
   -0.012177 -0.26100001          L_rmse_477
   -0.805459                      TOTAL


35: 1700  label: 0 pred: 0.950486 bl: 0.83605 POSS error_pred: 0.903424 error_bl: 0.69898 improvement: -0.204445
    min: 0.431  max: 0.992 avg: 0.829103
explanation: 
    0.030359 0.83605003           avg_model_chosen
    0.017201 0.85350001           L_rmse_1035_output
    0.015032 0.85350001           L_rmse_1035
    0.014560 0.83700001           L_rmse_306
    0.014387 9.8304081            recomp_error_1_rmse
    0.012333 0.81699997           L_rmse_1119
    0.010908 0.88405532           decomp017
    0.010655 0.86299998           L_rmse_879
    0.010629 0.86000001           L_rmse_136
    0.010348 0.86299998           L_rmse_879_output
    0.611002                      TOTAL


36: 4298  label: -0.5 pred: 0.747729 bl: 0.66395 IMP error_pred: 1.55683 error_bl: 1.35478 improvement: -0.202049
    min: 0.3845  max: 1 avg: 0.66855
explanation: 
    0.021453 0.66395003           avg_model_chosen
    0.014672 0.67199999           L_rmse_306
    0.014332 6.5912743            recomp_error_1_rmse
    0.011192 0.66149998           L_rmse_920
    0.010894 0.71850002           L_rmse_1035_output
    0.010619 0.80976182           decomp017
    0.010601 0.54650003           L_rmse_1119
    0.010310 0.648                L_rmse_499
    0.009505 0.71850002           L_rmse_1035
    0.009455 0.65549999           L_rmse_221
    0.408245                      TOTAL


37: 350  label: -1 pred: 0.707283 bl: 0.6503 IMP error_pred: 2.91481 error_bl: 2.72349 improvement: -0.191324
    min: 0.316  max: 0.914 avg: 0.670851
explanation: 
    0.019256 0.65029997           avg_model_chosen
    0.014569 0.63150001           L_rmse_306
    0.014332 6.8758316            recomp_error_1_rmse
    0.010926 0.75046492           decomp017
    0.010734 0.56900001           L_rmse_1119
    0.010440 0.66399997           L_rmse_920
    0.010383 0.68400002           L_rmse_1035
    0.009917 0.68400002           L_rmse_1035_output
    0.009203 0.74550003           L_rmse_1107
    0.008605 0.66000003           L_rmse_221
    0.367798                      TOTAL


38: 1756  label: 1 pred: 0.453884 bl: 0.67205 POSS error_pred: 0.298243 error_bl: 0.107551 improvement: -0.190691
    min: 0.244  max: 1 avg: 0.763685
explanation: 
   -0.024569 0.995                L_rmse_337
    0.021040 0.67205              avg_model_chosen
   -0.015489 0.85949999           L_rmse_617
    0.014332 8.3899508            recomp_error_1_rmse
    0.014184 0.67199999           L_rmse_306
   -0.011325 0.9095               L_rmse_1117
    0.011021 0.51499999           L_rmse_1119
   -0.010821 0.22442263           L_rmse_308_recomp_error_2_abs
    0.010619 0.83422601           decomp017
    0.010359 0.801                L_rmse_920
    0.114399                      TOTAL


39: 1249  label: 0 pred: -0.634929 bl: -0.46155 POSS error_pred: 0.403134 error_bl: 0.213028 improvement: -0.190106
    min: -0.9705  max: 0.1545 avg: -0.483626
explanation: 
   -0.043067 -0.249               L_rmse_1035_output
   -0.032706 -0.46155006          avg_model_chosen
   -0.031856 -0.54549998          L_rmse_1107
   -0.025449 -0.54549998          L_rmse_1107_output
   -0.025222 -0.58499998          L_rmse_306
   -0.021242 -0.249               L_rmse_1035
   -0.017855 -0.55199999          L_rmse_920
   -0.015216 -0.60650003          L_rmse_1119
   -0.014365 -0.55949998          L_rmse_221
   -0.013583 -0.61849999          L_rmse_477
   -0.974413                      TOTAL


40: 8891  label: 0 pred: 0.705592 bl: 0.5558 POSS error_pred: 0.49786 error_bl: 0.308914 improvement: -0.188946
    min: 0.115  max: 1 avg: 0.663075
explanation: 
    0.014632 0.57749999           L_rmse_306
    0.014332 6.5236931            recomp_error_1_rmse
    0.011021 0.58649999           L_rmse_1119
    0.010671 0.55580008           avg_model_chosen
    0.010619 0.83092701           decomp017
    0.010370 0.60750002           L_rmse_920
    0.009943 0.68599999           L_rmse_499
    0.009455 0.63050002           L_rmse_221
   -0.009241 0.29949999           L_rmse_299
    0.009232 0.56300002           L_rmse_1107
    0.366107                      TOTAL


41: 3052  label: -0.5 pred: 0.0419782 bl: -0.1758 POSS error_pred: 0.29374 error_bl: 0.105106 improvement: -0.188635
    min: -0.9655  max: 0.802 avg: 0.181879
explanation: 
   -0.044418 -0.62599999          L_rmse_1035_output
   -0.029101 -0.094499998         L_rmse_306
   -0.028825 -0.259               L_rmse_1107
   -0.026655 -0.1758              avg_model_chosen
   -0.024288 -0.62599999          L_rmse_1035
   -0.023522 -0.259               L_rmse_1107_output
   -0.018474 -0.14300001          L_rmse_920
   -0.017710 -0.206               L_rmse_477
   -0.015634 -0.016000001         L_rmse_1119
   -0.014365 -0.1215              L_rmse_221
   -0.297506                      TOTAL


42: 5077  label: 0 pred: -0.549849 bl: -0.34035 POSS error_pred: 0.302334 error_bl: 0.115838 improvement: -0.186496
    min: -0.7375  max: 0.182 avg: -0.336975
explanation: 
   -0.043067 -0.4535              L_rmse_1035_output
   -0.032940 -0.34035             avg_model_chosen
   -0.031856 -0.44800001          L_rmse_1107
   -0.025449 -0.44800001          L_rmse_1107_output
   -0.025222 -0.198               L_rmse_306
   -0.023481 -0.4535              L_rmse_1035
   -0.015511 -0.17                L_rmse_920
   -0.015216 -0.206               L_rmse_1119
   -0.014365 -0.17299999          L_rmse_221
   -0.013084 -0.2755              L_rmse_1_output
   -0.889334                      TOTAL


43: 4795  label: 0 pred: -0.693683 bl: -0.5429 POSS error_pred: 0.481196 error_bl: 0.29474 improvement: -0.186456
    min: -0.826  max: -0.1185 avg: -0.479571
explanation: 
   -0.043067 -0.60250002          L_rmse_1035_output
   -0.033856 -0.67250001          L_rmse_1107
   -0.032706 -0.54289997          avg_model_chosen
   -0.025993 -0.67250001          L_rmse_1107_output
   -0.025222 -0.50849998          L_rmse_306
   -0.023481 -0.60250002          L_rmse_1035
   -0.017855 -0.50849998          L_rmse_920
   -0.015216 -0.39750001          L_rmse_1119
   -0.014365 -0.48949999          L_rmse_221
   -0.013586 -0.58399999          L_rmse_1028
   -1.033168                      TOTAL


44: 8455  label: 1 pred: 0.0934065 bl: 0.2015 POSS error_pred: 0.821912 error_bl: 0.637602 improvement: -0.184309
    min: -0.735  max: 0.801 avg: 0.326584
explanation: 
   -0.014380 0.20149998           avg_model_chosen
   -0.014060 0.236                L_rmse_221
   -0.010113 0.55199999           L_rmse_164
   -0.009992 0.1005               L_rmse_879_output
   -0.008963 0.082000002          L_rmse_1035
   -0.008888 0.082000002          L_rmse_1035_output
    0.008744 1.536                models_range
   -0.008681 0.2665               L_rmse_1119
    0.008602 0.292                L_rmse_477
   -0.008482 0.23199999           L_rmse_920
   -0.246078                      TOTAL


45: 6780  label: -0.5 pred: 0.209213 bl: 0.06525 POSS error_pred: 0.502983 error_bl: 0.319508 improvement: -0.183476
    min: -0.4835  max: 0.8265 avg: 0.0866138
explanation: 
   -0.025866 -0.059               L_rmse_306
   -0.019333 0.065250002          avg_model_chosen
   -0.019105 -0.046500001         L_rmse_920
   -0.015634 -0.031500001         L_rmse_1119
   -0.014365 -0.059500001         L_rmse_221
   -0.013980 -0.169               L_rmse_1_output
   -0.012154 -0.106               L_rmse_914
   -0.011609 -0.052000001         L_rmse_477
   -0.011607 -0.071500003         L_rmse_742
   -0.011240 0.0425               L_rmse_40
   -0.130272                      TOTAL


46: 761  label: 1 pred: -0.106892 bl: -0.0208 IMP error_pred: 1.22521 error_bl: 1.04203 improvement: -0.183177
    min: -0.6655  max: 0.4345 avg: -0.0221034
explanation: 
   -0.026541 -0.086000003         L_rmse_306
   -0.018053 -0.020799998         avg_model_chosen
   -0.016778 -0.021               L_rmse_920
   -0.015634 0.0125               L_rmse_1119
   -0.014365 -0.0515              L_rmse_221
   -0.012509 -0.059999999         L_rmse_477
   -0.012038 -0.16599999          L_rmse_440
   -0.011203 -0.11                L_rmse_266
   -0.010072 -0.075000003         L_rmse_742
   -0.010030 -0.292               L_rmse_508
   -0.446376                      TOTAL


47: 282  label: 0.5 pred: -0.357836 bl: -0.24345 POSS error_pred: 0.735883 error_bl: 0.552718 improvement: -0.183165
    min: -0.6835  max: 0.2195 avg: -0.307535
explanation: 
   -0.043067 -0.26100001          L_rmse_1035_output
   -0.031856 -0.35049999          L_rmse_1107
   -0.028446 -0.24345             avg_model_chosen
   -0.025383 -0.25                L_rmse_306
   -0.024142 -0.35049999          L_rmse_1107_output
   -0.021079 -0.26100001          L_rmse_1035
   -0.015511 -0.2455              L_rmse_920
   -0.015214 -0.037500001         L_rmse_1119
   -0.013947 -0.237               L_rmse_221
   -0.013084 -0.264               L_rmse_1_output
   -0.697321                      TOTAL


48: 1427  label: -1 pred: 0.284108 bl: 0.2117 IMP error_pred: 1.64893 error_bl: 1.46822 improvement: -0.180717
    min: -0.1875  max: 0.7725 avg: 0.296835
explanation: 
   -0.018910 0.21170001           avg_model_chosen
   -0.012551 -0.0145              L_rmse_1035
    0.010983 0.28299999           L_rmse_920
   -0.010148 -0.0135              L_rmse_136
   -0.010019 -0.0145              L_rmse_1035_output
   -0.009822 0.0195               L_rmse_879_output
   -0.009578 0.028999999          L_rmse_1107
    0.009514 0.2895               L_rmse_221
   -0.008558 0.0195               L_rmse_879
   -0.007956 0.50449997           L_rmse_1145
   -0.055377                      TOTAL


49: 16  label: -1 pred: 0.758082 bl: 0.70605 IMP error_pred: 3.09085 error_bl: 2.91061 improvement: -0.180244
    min: 0.4335  max: 0.944 avg: 0.740972
explanation: 
    0.023126 0.7060501            avg_model_chosen
    0.014659 0.7335               L_rmse_306
    0.014332 7.9681606            recomp_error_1_rmse
    0.012333 0.70200002           L_rmse_1119
    0.011252 0.87204778           decomp017
    0.009943 0.71200001           L_rmse_499
    0.009827 0.6785               L_rmse_1035_output
    0.009729 0.73750001           L_rmse_920
    0.009598 0.74599999           L_rmse_221
    0.009278 0.6785               L_rmse_1035
    0.418597                      TOTAL


best entries: 
0: 8914  label: -1 pred: 0.435949 bl: 0.6812 IMP error_pred: 2.06195 error_bl: 2.82643 improvement: 0.764484
1: 8920  label: -1 pred: 0.687235 bl: 0.90015 IMP error_pred: 2.84676 error_bl: 3.61057 improvement: 0.763808
2: 4335  label: -1 pred: 0.642879 bl: 0.7993 IMP error_pred: 2.69905 error_bl: 3.23748 improvement: 0.53843
3: 3836  label: 1 pred: -0.0192684 bl: -0.2099 POSS error_pred: 1.03891 error_bl: 1.46386 improvement: 0.42495
4: 4306  label: -1 pred: 0.409298 bl: 0.54745 IMP error_pred: 1.98612 error_bl: 2.3946 improvement: 0.408482
5: 9875  label: 1 pred: -0.170993 bl: -0.322 POSS error_pred: 1.37122 error_bl: 1.74768 improvement: 0.37646
6: 4150  label: 1 pred: 0.298692 bl: 0.0986 POSS error_pred: 0.491834 error_bl: 0.812522 improvement: 0.320688
7: 253  label: -1 pred: 0.145065 bl: 0.27635 POSS error_pred: 1.31117 error_bl: 1.62907 improvement: 0.317895
8: 2912  label: -1 pred: -0.419944 bl: -0.19775 POSS error_pred: 0.336464 error_bl: 0.643605 improvement: 0.307141
9: 9555  label: -1 pred: -0.0947594 bl: 0.0602 POSS error_pred: 0.81946 error_bl: 1.12402 improvement: 0.304564
10: 5802  label: -1 pred: -0.15041 bl: 0.0096 POSS error_pred: 0.721803 error_bl: 1.01929 improvement: 0.297489
11: 5420  label: -0.5 pred: 0.328037 bl: 0.48615 POSS error_pred: 0.685645 error_bl: 0.972492 improvement: 0.286847
12: 8421  label: -1 pred: 0.0767852 bl: 0.1951 IMP error_pred: 1.15947 error_bl: 1.42826 improvement: 0.268798
13: 551  label: -1 pred: 0.459518 bl: 0.5439 IMP error_pred: 2.13019 error_bl: 2.38363 improvement: 0.253433
14: 4515  label: 1 pred: -0.0414474 bl: -0.15605 IMP error_pred: 1.08461 error_bl: 1.33645 improvement: 0.251839
15: 742  label: -1 pred: -0.494356 bl: -0.28865 POSS error_pred: 0.255676 error_bl: 0.506019 improvement: 0.250343
16: 8766  label: -1 pred: 0.365182 bl: 0.4529 IMP error_pred: 1.86372 error_bl: 2.11092 improvement: 0.247198
17: 5768  label: -1 pred: 0.618019 bl: 0.6919 IMP error_pred: 2.61799 error_bl: 2.86253 improvement: 0.244539
18: 6562  label: -1 pred: -0.0612914 bl: 0.05675 POSS error_pred: 0.881174 error_bl: 1.11672 improvement: 0.235547
19: 7658  label: -1 pred: 0.347019 bl: 0.4307 IMP error_pred: 1.81446 error_bl: 2.0469 improvement: 0.232441
20: 3587  label: -1 pred: -0.475297 bl: -0.2941 POSS error_pred: 0.275313 error_bl: 0.498295 improvement: 0.222981
21: 9370  label: -1 pred: -0.0706109 bl: 0.04235 IMP error_pred: 0.863764 error_bl: 1.08649 improvement: 0.22273
22: 4403  label: -1 pred: 0.249972 bl: 0.33595 IMP error_pred: 1.56243 error_bl: 1.78476 improvement: 0.222332
23: 1093  label: -1 pred: -0.132266 bl: -0.0146 IMP error_pred: 0.752962 error_bl: 0.971013 improvement: 0.218051
24: 1315  label: -1 pred: -0.140164 bl: -0.02225 POSS error_pred: 0.739317 error_bl: 0.955995 improvement: 0.216678
25: 3434  label: -1 pred: -0.0875595 bl: 0.0242 POSS error_pred: 0.832548 error_bl: 1.04899 improvement: 0.216438
26: 2967  label: 1 pred: -0.0937029 bl: -0.18845 POSS error_pred: 1.19619 error_bl: 1.41241 improvement: 0.216227
27: 5507  label: 0.5 pred: -0.483843 bl: -0.5863 POSS error_pred: 0.967946 error_bl: 1.18005 improvement: 0.212101
28: 3381  label: -1 pred: -0.0140839 bl: 0.0878 IMP error_pred: 0.972031 error_bl: 1.18331 improvement: 0.211278
29: 1259  label: -0.5 pred: 0.559708 bl: 0.6549 POSS error_pred: 1.12298 error_bl: 1.33379 improvement: 0.210813
30: 7688  label: -1 pred: -0.520428 bl: -0.3401 POSS error_pred: 0.22999 error_bl: 0.435468 improvement: 0.205478
31: 8510  label: -1 pred: 0.360159 bl: 0.4316 IMP error_pred: 1.85003 error_bl: 2.04948 improvement: 0.199447
32: 4895  label: -1 pred: -0.531896 bl: -0.35415 POSS error_pred: 0.219121 error_bl: 0.417122 improvement: 0.198001
33: 5548  label: -1 pred: 0.026828 bl: 0.1174 IMP error_pred: 1.05438 error_bl: 1.24858 improvement: 0.194207
34: 6759  label: -1 pred: -0.237602 bl: -0.11975 POSS error_pred: 0.581251 error_bl: 0.77484 improvement: 0.193589
35: 6938  label: 0 pred: 0.662998 bl: 0.79515 POSS error_pred: 0.439566 error_bl: 0.632264 improvement: 0.192698
36: 938  label: 0.5 pred: -0.601494 bl: -0.68355 POSS error_pred: 1.21329 error_bl: 1.40079 improvement: 0.187501
37: 9327  label: -1 pred: 0.221866 bl: 0.2955 IMP error_pred: 1.49296 error_bl: 1.67832 improvement: 0.185364
38: 303  label: 1 pred: 0.118505 bl: 0.0191 IMP error_pred: 0.777033 error_bl: 0.962165 improvement: 0.185132
39: 4023  label: 1 pred: 0.511242 bl: 0.3499 POSS error_pred: 0.238884 error_bl: 0.42263 improvement: 0.183746
40: 3151  label: 0.5 pred: -0.132571 bl: -0.264 POSS error_pred: 0.400146 error_bl: 0.583696 improvement: 0.18355
41: 7193  label: -0.5 pred: 0.714551 bl: 0.78775 IMP error_pred: 1.47513 error_bl: 1.6583 improvement: 0.183165
42: 4716  label: 1 pred: 0.0939189 bl: 0.00105 POSS error_pred: 0.820983 error_bl: 0.997901 improvement: 0.176918
43: 420  label: -0.5 pred: 0.648622 bl: 0.7222 IMP error_pred: 1.31933 error_bl: 1.49377 improvement: 0.17444
44: 6313  label: 0 pred: -0.506286 bl: -0.6559 POSS error_pred: 0.256326 error_bl: 0.430205 improvement: 0.173879
45: 909  label: -1 pred: -0.536128 bl: -0.3765 POSS error_pred: 0.215177 error_bl: 0.388752 improvement: 0.173575
46: 6448  label: -1 pred: -0.689312 bl: -0.48045 POSS error_pred: 0.096527 error_bl: 0.269932 improvement: 0.173405
47: 4026  label: 1 pred: 0.185094 bl: 0.0854 POSS error_pred: 0.664072 error_bl: 0.836493 improvement: 0.172421
48: 526  label: -1 pred: 0.0986167 bl: 0.173 IMP error_pred: 1.20696 error_bl: 1.37593 improvement: 0.16897
49: 7953  label: 0 pred: 0.660589 bl: 0.7777 POSS error_pred: 0.436377 error_bl: 0.604817 improvement: 0.16844

total is 0
score for UNKNOWN: nan baseline: nan diff:    nan
total is 3291
score for AUTO: 0.1424 baseline: 0.1382 diff: 0.0042
total is 6143
score for POSS: 0.4446 baseline: 0.4452 diff: -0.0005
total is 566
score for IMP: 1.0948 baseline: 1.0902 diff: 0.0046
writing 50000 official test outputs

0%   10   20   30   40   50   60   70   80   90   100%
|----|----|----|----|----|----|----|----|----|----|
***************************************************
scores: [ 0.442674 ]
0.4427 +/-    nan
2312.33user 2.56system 8:52.33elapsed 434%CPU (0avgtext+0avgdata 0maxresident)k
0inputs+1104outputs (0major+623247minor)pagefaults 0swaps
