loading data...applying decomposition
done.
training 500 models

0%   10   20   30   40   50   60   70   80   90   100%
|----|----|----|----|----|----|----|----|----|----|
***************************************************
chose model 84 M_rmse_85
chose model 36 M_rmse_37
chose model 17 M_rmse_18
chose model 172 M_rmse_173
chose model 180 M_rmse_181
chose model 196 M_rmse_197
chose model 213 M_rmse_214
chose model 5 M_rmse_6
chose model 211 M_rmse_212
chose model 121 M_rmse_122
processing 4000 predictions...

0%   10   20   30   40   50   60   70   80   90   100%
|----|----|----|----|----|----|----|----|----|----|
***************************************************
 done.
elapsed: [4388.01s cpu, 2874319.2233 mticks, 1075.43s wall]
score: 0.4278  baseline: 0.4307  diff: -0.00293
category UNKNOWN: count 0 avg error 0 baseline avg error 0 avg improvement 0
category AUTO: count 1704 avg error 0.0248272 baseline avg error 0.0241654 avg improvement -0.000661772
category POSS: count 2029 avg error 0.196344 baseline avg error 0.201632 avg improvement 0.00528784
category IMP: count 267 avg error 1.09144 baseline avg error 1.09319 avg improvement 0.00175126
overall: count 4000 avg error 0.183025 baseline avg error 0.185543 avg improvement 0.00251724
worst entries: 
0: 60  label: -1 pred: 0.303655 bl: 0.13445 IMP error_pred: 1.69952 error_bl: 1.28698 improvement: -0.412539
    min: -0.388  max: 0.536 avg: 0.185212
explanation: 


1: 3972  label: -0.5 pred: 0.595154 bl: 0.3935 POSS error_pred: 1.19936 error_bl: 0.798342 improvement: -0.401021
    min: -0.0895  max: 0.6965 avg: 0.388976
explanation: 


2: 2187  label: 1 pred: -0.0585634 bl: 0.14315 IMP error_pred: 1.12056 error_bl: 0.734192 improvement: -0.386365
    min: -0.309  max: 0.316 avg: 0.08714
explanation: 


3: 3035  label: 1 pred: -0.208849 bl: -0.03695 POSS error_pred: 1.46132 error_bl: 1.07527 improvement: -0.38605
    min: -0.444  max: 0.6855 avg: 0.097942
explanation: 


4: 2738  label: 1 pred: -0.551031 bl: -0.4264 IMP error_pred: 2.4057 error_bl: 2.03462 improvement: -0.371079
    min: -0.882  max: 0.0425 avg: -0.430376
explanation: 


5: 1489  label: 0.5 pred: -0.273927 bl: 0.0079 POSS error_pred: 0.598962 error_bl: 0.242162 improvement: -0.3568
    min: -0.4555  max: 0.823 avg: 0.191074
explanation: 


6: 3904  label: -0.5 pred: 0.617078 bl: 0.4692 IMP error_pred: 1.24786 error_bl: 0.939349 improvement: -0.308515
    min: 0.229  max: 0.906 avg: 0.492798
explanation: 


7: 1707  label: 0.5 pred: -0.378112 bl: -0.2007 POSS error_pred: 0.771081 error_bl: 0.49098 improvement: -0.280101
    min: -0.5545  max: 0.2005 avg: -0.24625
explanation: 


8: 221  label: 1 pred: -0.343008 bl: -0.2361 IMP error_pred: 1.80367 error_bl: 1.52794 improvement: -0.275728
    min: -0.928  max: 0.482 avg: -0.181736
explanation: 


9: 3199  label: 1 pred: 0.0927686 bl: 0.2597 IMP error_pred: 0.823069 error_bl: 0.548044 improvement: -0.275025
    min: -0.2765  max: 0.47 avg: 0.180996
explanation: 


10: 1286  label: -1 pred: 0.145939 bl: 0.02625 IMP error_pred: 1.31318 error_bl: 1.05319 improvement: -0.259987
    min: -0.2045  max: 0.4125 avg: 0.037754
explanation: 


11: 3135  label: -1 pred: 0.335363 bl: 0.23555 IMP error_pred: 1.78319 error_bl: 1.52658 improvement: -0.25661
    min: 0.0425  max: 0.5715 avg: 0.23935
explanation: 


12: 2929  label: -1 pred: 0.601995 bl: 0.52095 IMP error_pred: 2.56639 error_bl: 2.31329 improvement: -0.253098
    min: 0.309  max: 0.836 avg: 0.565474
explanation: 


13: 3560  label: 1 pred: 0.0984156 bl: 0.24555 POSS error_pred: 0.812854 error_bl: 0.569195 improvement: -0.24366
    min: -0.0555  max: 0.6065 avg: 0.276834
explanation: 


14: 3209  label: -1 pred: 0.595445 bl: 0.5197 IMP error_pred: 2.54544 error_bl: 2.30949 improvement: -0.235955
    min: -0.3515  max: 0.926 avg: 0.542084
explanation: 


15: 1433  label: -0.5 pred: 0.116848 bl: -0.1094 POSS error_pred: 0.380501 error_bl: 0.152568 improvement: -0.227933
    min: -0.2725  max: 0.308 avg: -0.03296
explanation: 


16: 750  label: 0.5 pred: -0.215658 bl: -0.03565 POSS error_pred: 0.512166 error_bl: 0.286921 improvement: -0.225245
    min: -0.6465  max: 0.3425 avg: -0.148266
explanation: 


17: 698  label: -1 pred: 0.00950521 bl: -0.109 IMP error_pred: 1.0191 error_bl: 0.793881 improvement: -0.22522
    min: -0.3245  max: 0.405 avg: 0.062996
explanation: 


18: 3729  label: -1 pred: 0.0730434 bl: -0.03525 IMP error_pred: 1.15142 error_bl: 0.930743 improvement: -0.22068
    min: -0.328  max: 0.383 avg: -0.02755
explanation: 


19: 3647  label: -1 pred: 0.177105 bl: 0.07935 IMP error_pred: 1.38558 error_bl: 1.165 improvement: -0.22058
    min: -0.176  max: 0.376 avg: 0.094596
explanation: 


20: 3162  label: -1 pred: -0.149237 bl: -0.2898 POSS error_pred: 0.723797 error_bl: 0.504384 improvement: -0.219413
    min: -0.589  max: 0.6685 avg: -0.280278
explanation: 


21: 1810  label: -0.5 pred: 0.171282 bl: -0.01585 POSS error_pred: 0.450619 error_bl: 0.234401 improvement: -0.216218
    min: -0.474  max: 0.2815 avg: -0.03719
explanation: 


22: 883  label: -0.5 pred: 0.116682 bl: -0.09395 POSS error_pred: 0.380296 error_bl: 0.164877 improvement: -0.215419
    min: -0.258  max: 0.5155 avg: 0.08768
explanation: 


23: 1724  label: 1 pred: 0.0575161 bl: 0.1772 POSS error_pred: 0.888276 error_bl: 0.677 improvement: -0.211276
    min: -0.196  max: 0.5185 avg: 0.167938
explanation: 


24: 2764  label: 1 pred: 0.0710887 bl: 0.189 IMP error_pred: 0.862876 error_bl: 0.657721 improvement: -0.205155
    min: -0.304  max: 0.4475 avg: 0.174016
explanation: 


25: 16  label: 0.5 pred: -0.208516 bl: -0.0452 POSS error_pred: 0.501994 error_bl: 0.297243 improvement: -0.204751
    min: -0.5125  max: 0.321 avg: -0.062882
explanation: 


26: 666  label: 1 pred: -0.137815 bl: -0.0443 IMP error_pred: 1.29462 error_bl: 1.09056 improvement: -0.204061
    min: -0.361  max: 0.282 avg: -0.04927
explanation: 


27: 1324  label: 0.5 pred: -0.133649 bl: 0.05105 POSS error_pred: 0.401511 error_bl: 0.201556 improvement: -0.199955
    min: -0.6345  max: 0.5525 avg: 0.052858
explanation: 


28: 2215  label: 1 pred: -0.35701 bl: -0.28135 IMP error_pred: 1.84148 error_bl: 1.64186 improvement: -0.199618
    min: -0.5185  max: 0.233 avg: -0.194544
explanation: 


29: 1570  label: 1 pred: -0.29755 bl: -0.21975 IMP error_pred: 1.68364 error_bl: 1.48779 improvement: -0.195845
    min: -0.514  max: 0.2825 avg: -0.122088
explanation: 


30: 2622  label: -1 pred: 0.564273 bl: 0.5014 IMP error_pred: 2.44695 error_bl: 2.2542 improvement: -0.192747
    min: 0.396  max: 0.7645 avg: 0.561034
explanation: 


31: 2424  label: 1 pred: 0.149029 bl: 0.27065 IMP error_pred: 0.724151 error_bl: 0.531951 improvement: -0.1922
    min: 0.03  max: 0.492 avg: 0.259446
explanation: 


32: 456  label: 1 pred: -0.033765 bl: 0.06075 POSS error_pred: 1.06867 error_bl: 0.882191 improvement: -0.18648
    min: -0.257  max: 0.5655 avg: 0.24118
explanation: 


33: 331  label: -1 pred: 0.0624093 bl: -0.02915 IMP error_pred: 1.12871 error_bl: 0.94255 improvement: -0.186164
    min: -0.372  max: 0.7005 avg: -0.03329
explanation: 


34: 3251  label: 0 pred: 0.571582 bl: 0.37815 POSS error_pred: 0.326706 error_bl: 0.142997 improvement: -0.183709
    min: 0.0685  max: 0.9355 avg: 0.39949
explanation: 


35: 2860  label: 1 pred: 0.152621 bl: 0.2663 IMP error_pred: 0.718052 error_bl: 0.538316 improvement: -0.179736
    min: -0.4665  max: 0.487 avg: 0.238622
explanation: 


36: 2787  label: 0.5 pred: -0.347852 bl: -0.23475 POSS error_pred: 0.718854 error_bl: 0.539858 improvement: -0.178996
    min: -0.7725  max: 0.046 avg: -0.25238
explanation: 


37: 2946  label: -1 pred: 0.252321 bl: 0.17975 IMP error_pred: 1.56831 error_bl: 1.39181 improvement: -0.176499
    min: -0.2075  max: 0.597 avg: 0.306006
explanation: 


38: 3660  label: -1 pred: 0.71702 bl: 0.66525 IMP error_pred: 2.94816 error_bl: 2.77306 improvement: -0.175099
    min: 0.5075  max: 0.975 avg: 0.690518
explanation: 


39: 3606  label: -1 pred: 0.743104 bl: 0.69245 IMP error_pred: 3.03841 error_bl: 2.86439 improvement: -0.174022
    min: 0.444  max: 1 avg: 0.745362
explanation: 


40: 3682  label: -0.5 pred: 0.157672 bl: 0.0088 POSS error_pred: 0.432532 error_bl: 0.258877 improvement: -0.173654
    min: -0.1825  max: 0.4805 avg: 0.021922
explanation: 


41: 3785  label: 1 pred: 0.195815 bl: 0.30325 IMP error_pred: 0.646714 error_bl: 0.485461 improvement: -0.161253
    min: 0.043  max: 0.411 avg: 0.242444
explanation: 


42: 576  label: 0.5 pred: -0.109794 bl: 0.0404 POSS error_pred: 0.371849 error_bl: 0.211232 improvement: -0.160617
    min: -0.5705  max: 0.5725 avg: -0.001206
explanation: 


43: 3391  label: -1 pred: 0.0344886 bl: -0.0456 IMP error_pred: 1.07017 error_bl: 0.910879 improvement: -0.159287
    min: -0.265  max: 0.3575 avg: 0.023128
explanation: 


44: 179  label: -1 pred: 0.346578 bl: 0.2861 IMP error_pred: 1.81327 error_bl: 1.65405 improvement: -0.159219
    min: 0.0075  max: 0.5485 avg: 0.275776
explanation: 


45: 1852  label: -1 pred: 0.470421 bl: 0.4154 IMP error_pred: 2.16214 error_bl: 2.00336 improvement: -0.158781
    min: -0.089  max: 0.73 avg: 0.294988
explanation: 


46: 2773  label: -0.5 pred: 0.307198 bl: 0.2022 POSS error_pred: 0.651569 error_bl: 0.493085 improvement: -0.158484
    min: -0.2995  max: 0.4565 avg: 0.126842
explanation: 


47: 462  label: 0 pred: 0.756459 bl: 0.64385 POSS error_pred: 0.57223 error_bl: 0.414543 improvement: -0.157687
    min: 0.046  max: 0.9225 avg: 0.529884
explanation: 


48: 3337  label: -1 pred: -0.256049 bl: -0.3699 POSS error_pred: 0.553463 error_bl: 0.397026 improvement: -0.156437
    min: -0.8675  max: 0.3395 avg: -0.27508
explanation: 


49: 1943  label: 1 pred: 0.356522 bl: 0.4919 POSS error_pred: 0.414064 error_bl: 0.258166 improvement: -0.155899
    min: -0.1495  max: 0.763 avg: 0.377052
explanation: 


best entries: 
0: 1422  label: -1 pred: -0.0269363 bl: 0.1814 IMP error_pred: 0.946853 error_bl: 1.39571 improvement: 0.448853
1: 2813  label: 0.5 pred: -0.204567 bl: -0.43855 POSS error_pred: 0.496414 error_bl: 0.880876 improvement: 0.384462
2: 2966  label: -1 pred: 0.38674 bl: 0.518 IMP error_pred: 1.92305 error_bl: 2.30432 improvement: 0.381275
3: 1854  label: 1 pred: 0.670089 bl: 0.33255 POSS error_pred: 0.108841 error_bl: 0.445489 improvement: 0.336648
4: 2349  label: 1 pred: 0.294167 bl: 0.08725 IMP error_pred: 0.498201 error_bl: 0.833113 improvement: 0.334912
5: 758  label: 1 pred: 0.124149 bl: -0.03915 IMP error_pred: 0.767115 error_bl: 1.07983 improvement: 0.312718
6: 2555  label: 1 pred: 0.396821 bl: 0.18145 POSS error_pred: 0.363825 error_bl: 0.670024 improvement: 0.306199
7: 3968  label: -1 pred: 0.618135 bl: 0.7066 IMP error_pred: 2.61836 error_bl: 2.91248 improvement: 0.294121
8: 2515  label: 1 pred: 0.493671 bl: 0.26285 POSS error_pred: 0.25637 error_bl: 0.54339 improvement: 0.287021
9: 1660  label: -1 pred: -0.323995 bl: -0.13845 POSS error_pred: 0.456983 error_bl: 0.742268 improvement: 0.285286
10: 3386  label: -1 pred: -0.563793 bl: -0.3283 POSS error_pred: 0.190277 error_bl: 0.451181 improvement: 0.260904
11: 2481  label: 1 pred: 0.368705 bl: 0.1961 POSS error_pred: 0.398533 error_bl: 0.646255 improvement: 0.247722
12: 633  label: -1 pred: 0.0306437 bl: 0.14355 IMP error_pred: 1.06223 error_bl: 1.30771 improvement: 0.24548
13: 3554  label: -1 pred: -0.111548 bl: 0.0164 IMP error_pred: 0.789348 error_bl: 1.03307 improvement: 0.243721
14: 3452  label: -1 pred: -0.700232 bl: -0.4294 POSS error_pred: 0.0898611 error_bl: 0.325584 improvement: 0.235723
15: 1701  label: -0.5 pred: 0.389218 bl: 0.511 IMP error_pred: 0.790708 error_bl: 1.02212 improvement: 0.231413
16: 1376  label: -1 pred: -0.0628896 bl: 0.05225 IMP error_pred: 0.878176 error_bl: 1.10723 improvement: 0.229054
17: 357  label: 1 pred: 0.413746 bl: 0.2445 IMP error_pred: 0.343694 error_bl: 0.57078 improvement: 0.227086
18: 3667  label: 1 pred: 0.334719 bl: 0.18175 POSS error_pred: 0.442599 error_bl: 0.669533 improvement: 0.226934
19: 3806  label: -1 pred: 0.519155 bl: 0.59105 IMP error_pred: 2.30783 error_bl: 2.53144 improvement: 0.223608
20: 1973  label: -1 pred: -0.230735 bl: -0.0974 IMP error_pred: 0.591769 error_bl: 0.814687 improvement: 0.222918
21: 2217  label: 1 pred: 0.199547 bl: 0.0733 IMP error_pred: 0.640725 error_bl: 0.858773 improvement: 0.218048
22: 3933  label: -1 pred: 0.30332 bl: 0.3833 IMP error_pred: 1.69864 error_bl: 1.91352 improvement: 0.214877
23: 3915  label: 1 pred: 0.456695 bl: 0.286 POSS error_pred: 0.29518 error_bl: 0.509796 improvement: 0.214616
24: 3050  label: -0.5 pred: 0.478458 bl: 0.58225 IMP error_pred: 0.957381 error_bl: 1.17127 improvement: 0.213884
25: 494  label: -1 pred: 0.356206 bl: 0.4324 IMP error_pred: 1.8393 error_bl: 2.05177 improvement: 0.212474
26: 2111  label: 1 pred: 0.272383 bl: 0.14185 POSS error_pred: 0.529426 error_bl: 0.736421 improvement: 0.206996
27: 933  label: -1 pred: -0.0706618 bl: 0.0335 IMP error_pred: 0.86367 error_bl: 1.06812 improvement: 0.204453
28: 2775  label: -1 pred: -0.505031 bl: -0.3298 POSS error_pred: 0.244994 error_bl: 0.449168 improvement: 0.204174
29: 2766  label: 1 pred: 0.234937 bl: 0.1118 POSS error_pred: 0.585322 error_bl: 0.788899 improvement: 0.203578
30: 876  label: 1 pred: 0.290681 bl: 0.1594 IMP error_pred: 0.503133 error_bl: 0.706608 improvement: 0.203475
31: 1182  label: -1 pred: 0.462374 bl: 0.52995 IMP error_pred: 2.13854 error_bl: 2.34075 improvement: 0.202209
32: 3602  label: -1 pred: -0.34906 bl: -0.21035 POSS error_pred: 0.423723 error_bl: 0.623547 improvement: 0.199824
33: 3334  label: 1 pred: 0.260821 bl: 0.1394 IMP error_pred: 0.546386 error_bl: 0.740632 improvement: 0.194246
34: 2256  label: 0.5 pred: 0.0352359 bl: -0.13785 POSS error_pred: 0.216006 error_bl: 0.406853 improvement: 0.190847
35: 1085  label: -1 pred: 0.654154 bl: 0.71065 IMP error_pred: 2.73622 error_bl: 2.92632 improvement: 0.190099
36: 1373  label: 0 pred: 0.749342 bl: 0.86435 POSS error_pred: 0.561514 error_bl: 0.747101 improvement: 0.185587
37: 1126  label: 1 pred: 0.0254709 bl: -0.06515 IMP error_pred: 0.949707 error_bl: 1.13454 improvement: 0.184838
38: 3898  label: 1 pred: 0.693475 bl: 0.4734 POSS error_pred: 0.0939575 error_bl: 0.277308 improvement: 0.18335
39: 621  label: 1 pred: 0.242269 bl: 0.13215 POSS error_pred: 0.574156 error_bl: 0.753164 improvement: 0.179008
40: 760  label: -1 pred: 0.0103596 bl: 0.0953 IMP error_pred: 1.02083 error_bl: 1.19968 improvement: 0.178855
41: 3659  label: 1 pred: 0.311645 bl: 0.19245 POSS error_pred: 0.473833 error_bl: 0.652137 improvement: 0.178304
42: 3668  label: 1 pred: 0.445748 bl: 0.30585 POSS error_pred: 0.307196 error_bl: 0.481844 improvement: 0.174648
43: 2176  label: 1 pred: 0.653106 bl: 0.4581 POSS error_pred: 0.120335 error_bl: 0.293656 improvement: 0.17332
44: 3336  label: -1 pred: -0.0447623 bl: 0.04125 IMP error_pred: 0.912479 error_bl: 1.0842 improvement: 0.171723
45: 2083  label: -1 pred: 0.0872157 bl: 0.163 IMP error_pred: 1.18204 error_bl: 1.35257 improvement: 0.170531
46: 1687  label: 1 pred: 0.458217 bl: 0.32155 POSS error_pred: 0.293529 error_bl: 0.460294 improvement: 0.166766
47: 3385  label: 0.5 pred: 0.103764 bl: -0.06805 POSS error_pred: 0.157003 error_bl: 0.322681 improvement: 0.165678
48: 1592  label: -1 pred: -0.0859423 bl: 0.000449999 IMP error_pred: 0.835502 error_bl: 1.0009 improvement: 0.165399
49: 2520  label: 1 pred: 0.486758 bl: 0.3453 POSS error_pred: 0.263417 error_bl: 0.428632 improvement: 0.165215

total is 0
score for UNKNOWN: nan baseline: nan diff:    nan
total is 1704
score for AUTO: 0.1576 baseline: 0.1555 diff: 0.0021
total is 2029
score for POSS: 0.4431 baseline: 0.4490 diff: -0.0059
total is 267
score for IMP: 1.0447 baseline: 1.0456 diff: -0.0008
writing 20000 official test outputs

0%   10   20   30   40   50   60   70   80   90   100%
|----|----|----|----|----|----|----|----|----|----|
***************************************************
scores: [ 0.427815 ]
0.4278 +/-    nan
4412.52user 5.78system 18:06.78elapsed 406%CPU (0avgtext+0avgdata 0maxresident)k
0inputs+448outputs (0major+2672280minor)pagefaults 0swaps
