loading data...applying decomposition
done.
training 500 models

0%   10   20   30   40   50   60   70   80   90   100%
|----|----|----|----|----|----|----|----|----|----|
***************************************************
chose model 123 S_auc_124
chose model 167 S_auc_168
chose model 88 S_auc_89
chose model 150 S_auc_151
chose model 140 S_auc_141
chose model 71 S_auc_72
chose model 81 S_auc_82
chose model 7 S_auc_8
chose model 65 S_auc_66
chose model 64 S_auc_65
processing 3000 predictions...

0%   10   20   30   40   50   60   70   80   90   100%
|----|----|----|----|----|----|----|----|----|----|
***************************************************
 done.
elapsed: [4020.89s cpu, 2527107.3616 mticks, 945.52s wall]
score: 0.0573  baseline: 0.0597  diff: -0.00236
category UNKNOWN: count 0 avg error 0 baseline avg error 0 avg improvement 0
category AUTO: count 1792 avg error 0.0255715 baseline avg error 0.0277302 avg improvement 0.00215878
category POSS: count 1046 avg error 0.078008 baseline avg error 0.080278 avg improvement 0.00226998
category IMP: count 162 avg error 0.274565 baseline avg error 0.279722 avg improvement 0.00515719
overall: count 3000 avg error 0.0573 baseline avg error 0.0596595 avg improvement 0.00235946
worst entries: 
0: 2250  label: 1 pred: 0.0415346 bl: -0.0928 POSS error_pred: 0.625746 error_bl: 0.484228 improvement: -0.141517
    min: -0.6375  max: 0.3265 avg: -0.040315
explanation: 


1: 2152  label: 1 pred: 0.0849041 bl: 0.058 POSS error_pred: 0.485933 error_bl: 0.345269 improvement: -0.140665
    min: -0.4425  max: 0.4665 avg: 0.145083
explanation: 


2: 544  label: -1 pred: 0.808296 bl: 0.3475 POSS error_pred: 0.250684 error_bl: 0.147783 improvement: -0.102901
    min: -0.031  max: 0.967 avg: 0.32252
explanation: 


3: 545  label: -1 pred: 0.859557 bl: 0.42935 IMP error_pred: 0.326765 error_bl: 0.225506 improvement: -0.101259
    min: 0.1785  max: 0.9285 avg: 0.470822
explanation: 


4: 1646  label: 1 pred: 0.585778 bl: 0.48685 POSS error_pred: 0.150895 error_bl: 0.0520034 improvement: -0.0988917
    min: -0.3705  max: 0.935 avg: 0.504232
explanation: 


5: 1788  label: 1 pred: 0.169765 bl: 0.12955 POSS error_pred: 0.375959 error_bl: 0.278772 improvement: -0.0971867
    min: -0.5465  max: 0.424 avg: 0.0594075
explanation: 


6: 1934  label: 1 pred: 0.0545425 bl: -0.0823 POSS error_pred: 0.570332 error_bl: 0.477408 improvement: -0.0929241
    min: -0.399  max: 0.2805 avg: 0.021185
explanation: 


7: 2235  label: 1 pred: 0.164347 bl: 0.11805 POSS error_pred: 0.379369 error_bl: 0.287298 improvement: -0.0920716
    min: -0.447  max: 0.6405 avg: 0.227038
explanation: 


8: 437  label: 1 pred: 0.661345 bl: 0.49485 POSS error_pred: 0.122762 error_bl: 0.0494459 improvement: -0.0733163
    min: -0.349  max: 0.7875 avg: 0.454582
explanation: 


9: 2010  label: -1 pred: 0.952923 bl: 0.64855 IMP error_pred: 0.58566 error_bl: 0.515326 improvement: -0.0703339
    min: 0.4225  max: 0.7675 avg: 0.59126
explanation: 


10: 2005  label: -1 pred: 0.868512 bl: 0.46985 IMP error_pred: 0.340996 error_bl: 0.271483 improvement: -0.0695129
    min: 0.3275  max: 0.6315 avg: 0.47468
explanation: 


11: 1406  label: -1 pred: 0.769561 bl: 0.3363 IMP error_pred: 0.211275 error_bl: 0.142857 improvement: -0.0684182
    min: 0.1135  max: 0.7045 avg: 0.441905
explanation: 


12: 1306  label: -1 pred: 0.940344 bl: 0.61505 IMP error_pred: 0.524904 error_bl: 0.460317 improvement: -0.0645867
    min: 0.3625  max: 0.7805 avg: 0.5647
explanation: 


13: 623  label: -1 pred: 0.912525 bl: 0.55515 IMP error_pred: 0.441708 error_bl: 0.378763 improvement: -0.0629447
    min: 0.338  max: 0.975 avg: 0.559713
explanation: 


14: 2421  label: -1 pred: 0.967078 bl: 0.70895 IMP error_pred: 0.668309 error_bl: 0.605364 improvement: -0.0629447
    min: 0.394  max: 0.935 avg: 0.649233
explanation: 


15: 2190  label: -1 pred: 0.849078 bl: 0.4505 IMP error_pred: 0.309797 error_bl: 0.248495 improvement: -0.0613027
    min: 0.151  max: 0.6525 avg: 0.431485
explanation: 


16: 1650  label: -1 pred: 0.788332 bl: 0.3766 IMP error_pred: 0.232074 error_bl: 0.172961 improvement: -0.0591133
    min: 0.111  max: 0.6065 avg: 0.308623
explanation: 


17: 774  label: 1 pred: 0.269507 bl: 0.18755 POSS error_pred: 0.289855 error_bl: 0.232737 improvement: -0.0571185
    min: -0.1415  max: 0.7915 avg: 0.27692
explanation: 


18: 1738  label: 1 pred: 0.411795 bl: 0.2765 POSS error_pred: 0.219949 error_bl: 0.164535 improvement: -0.0554134
    min: -0.0255  max: 0.7075 avg: 0.323767
explanation: 


19: 819  label: -1 pred: 0.945164 bl: 0.63165 IMP error_pred: 0.541325 error_bl: 0.48659 improvement: -0.0547345
    min: 0.326  max: 0.733 avg: 0.568405
explanation: 


20: 2428  label: 1 pred: 0.429392 bl: 0.29435 POSS error_pred: 0.208014 error_bl: 0.154305 improvement: -0.0537084
    min: -0.2145  max: 0.8375 avg: 0.31166
explanation: 


21: 2112  label: -1 pred: 0.867791 bl: 0.4811 IMP error_pred: 0.339901 error_bl: 0.286262 improvement: -0.0536399
    min: 0.2065  max: 0.731 avg: 0.45361
explanation: 


22: 1695  label: 1 pred: 0.650131 bl: 0.42655 AUTO error_pred: 0.127025 error_bl: 0.0741688 improvement: -0.0528559
    min: 0.1405  max: 0.8655 avg: 0.53314
explanation: 


23: 2987  label: 1 pred: 0.0783692 bl: -0.0487 POSS error_pred: 0.495311 error_bl: 0.443308 improvement: -0.0520034
    min: -0.4435  max: 0.521 avg: -0.0059025
explanation: 


24: 1279  label: -1 pred: 0.747034 bl: 0.33725 IMP error_pred: 0.194855 error_bl: 0.143404 improvement: -0.0514505
    min: 0.187  max: 0.531 avg: 0.382338
explanation: 


25: 2277  label: 1 pred: 0.638089 bl: 0.4163 POSS error_pred: 0.129582 error_bl: 0.0784314 improvement: -0.0511509
    min: -0.007  max: 0.6785 avg: 0.36397
explanation: 


26: 467  label: 1 pred: 0.678028 bl: 0.4536 POSS error_pred: 0.117647 error_bl: 0.0664962 improvement: -0.0511509
    min: -0.001  max: 0.9405 avg: 0.55813
explanation: 


27: 1569  label: 1 pred: 0.109751 bl: 0.01255 POSS error_pred: 0.441603 error_bl: 0.390452 improvement: -0.0511509
    min: -0.551  max: 0.2925 avg: 0.0059775
explanation: 


28: 2418  label: -1 pred: 0.949754 bl: 0.64805 POSS error_pred: 0.56486 error_bl: 0.514505 improvement: -0.0503557
    min: -0.023  max: 0.9365 avg: 0.522843
explanation: 


29: 1531  label: 1 pred: 0.268768 bl: 0.17945 POSS error_pred: 0.289855 error_bl: 0.239557 improvement: -0.0502984
    min: -0.5455  max: 0.742 avg: 0.215822
explanation: 


30: 1023  label: -1 pred: 0.956667 bl: 0.6746 IMP error_pred: 0.601533 error_bl: 0.551724 improvement: -0.0498084
    min: 0.4315  max: 0.856 avg: 0.642913
explanation: 


31: 1394  label: -1 pred: 0.812 bl: 0.409 POSS error_pred: 0.255063 error_bl: 0.205255 improvement: -0.0498084
    min: -0.0915  max: 0.853 avg: 0.459358
explanation: 


32: 2019  label: 1 pred: 0.165642 bl: 0.0694 POSS error_pred: 0.377664 error_bl: 0.329071 improvement: -0.0485933
    min: -0.2995  max: 0.454 avg: 0.0956
explanation: 


33: 2780  label: -1 pred: 0.950973 bl: 0.6573 IMP error_pred: 0.574165 error_bl: 0.525999 improvement: -0.0481664
    min: 0.3535  max: 0.931 avg: 0.652207
explanation: 


34: 1064  label: 1 pred: 0.0618844 bl: -0.09745 POSS error_pred: 0.537937 error_bl: 0.490196 improvement: -0.0477409
    min: -0.442  max: 0.192 avg: -0.0806475
explanation: 


35: 150  label: 1 pred: 0.184648 bl: 0.0875 POSS error_pred: 0.358909 error_bl: 0.311168 improvement: -0.0477408
    min: -0.4095  max: 0.239 avg: 0.0059825
explanation: 


36: 1924  label: -1 pred: 0.683358 bl: 0.2913 IMP error_pred: 0.156541 error_bl: 0.109469 improvement: -0.0470717
    min: 0.0875  max: 0.4275 avg: 0.259218
explanation: 


37: 826  label: 1 pred: 0.659468 bl: 0.417 AUTO error_pred: 0.12532 error_bl: 0.0784314 improvement: -0.0468884
    min: 0.154  max: 0.873 avg: 0.39499
explanation: 


38: 2650  label: 1 pred: 0.748363 bl: 0.56685 POSS error_pred: 0.0792839 error_bl: 0.0332481 improvement: -0.0460358
    min: -0.393  max: 1 avg: 0.511205
explanation: 


39: 2439  label: 1 pred: 0.685961 bl: 0.4487 AUTO error_pred: 0.114237 error_bl: 0.0682012 improvement: -0.0460358
    min: 0.0595  max: 0.861 avg: 0.3543
explanation: 


40: 2300  label: 1 pred: 0.277571 bl: 0.1808 POSS error_pred: 0.283035 error_bl: 0.236999 improvement: -0.0460358
    min: -0.6205  max: 0.5445 avg: 0.146872
explanation: 


41: 2946  label: -1 pred: 0.798539 bl: 0.39925 IMP error_pred: 0.240832 error_bl: 0.195402 improvement: -0.0454297
    min: 0.064  max: 0.564 avg: 0.385552
explanation: 


42: 1811  label: 1 pred: 0.760276 bl: 0.5999 AUTO error_pred: 0.0758739 error_bl: 0.0306906 improvement: -0.0451833
    min: 0.2295  max: 0.9875 avg: 0.688017
explanation: 


43: 225  label: 1 pred: 0.655627 bl: 0.40945 AUTO error_pred: 0.12532 error_bl: 0.0801364 improvement: -0.0451833
    min: 0.0105  max: 0.6145 avg: 0.324445
explanation: 


44: 1732  label: 1 pred: 0.371146 bl: 0.24145 POSS error_pred: 0.236999 error_bl: 0.191816 improvement: -0.0451833
    min: -0.0005  max: 0.773 avg: 0.285692
explanation: 


45: 98  label: 1 pred: 0.652709 bl: 0.40705 POSS error_pred: 0.126172 error_bl: 0.0809889 improvement: -0.0451832
    min: -0.113  max: 0.756 avg: 0.315648
explanation: 


46: 2390  label: -1 pred: 0.842827 bl: 0.4546 POSS error_pred: 0.299398 error_bl: 0.255063 improvement: -0.044335
    min: -0.0625  max: 0.767 avg: 0.394422
explanation: 


47: 954  label: 1 pred: 0.338172 bl: 0.21795 POSS error_pred: 0.251492 error_bl: 0.207161 improvement: -0.0443308
    min: -0.21  max: 0.4815 avg: 0.131352
explanation: 


48: 97  label: -1 pred: 0.682656 bl: 0.2984 IMP error_pred: 0.155993 error_bl: 0.112206 improvement: -0.0437876
    min: 0.076  max: 0.5255 avg: 0.341408
explanation: 


49: 2364  label: 1 pred: 0.403859 bl: 0.2582 POSS error_pred: 0.223359 error_bl: 0.179881 improvement: -0.0434783
    min: -0.1305  max: 0.5575 avg: 0.26451
explanation: 


best entries: 
0: 789  label: -1 pred: 0.902647 bl: 0.72475 IMP error_pred: 0.413793 error_bl: 0.626163 improvement: 0.21237
1: 314  label: -1 pred: 0.903915 bl: 0.7058 POSS error_pred: 0.418172 error_bl: 0.598248 improvement: 0.180077
2: 221  label: -1 pred: 0.786124 bl: 0.57005 POSS error_pred: 0.228243 error_bl: 0.400109 improvement: 0.171866
3: 1671  label: -1 pred: 0.702752 bl: 0.5107 POSS error_pred: 0.166393 error_bl: 0.323481 improvement: 0.157088
4: 730  label: -1 pred: 0.899992 bl: 0.67705 IMP error_pred: 0.40613 error_bl: 0.55665 improvement: 0.15052
5: 802  label: -1 pred: 0.938647 bl: 0.74075 IMP error_pred: 0.518336 error_bl: 0.651888 improvement: 0.133552
6: 2938  label: -1 pred: 0.716024 bl: 0.49345 POSS error_pred: 0.174056 error_bl: 0.300493 improvement: 0.126437
7: 1092  label: 1 pred: 0.140413 bl: -0.11885 POSS error_pred: 0.404092 error_bl: 0.518329 improvement: 0.114237
8: 1066  label: -1 pred: 0.69461 bl: 0.47205 POSS error_pred: 0.16092 error_bl: 0.272578 improvement: 0.111658
9: 2343  label: -1 pred: 0.891527 bl: 0.63725 IMP error_pred: 0.386426 error_bl: 0.494253 improvement: 0.107827
10: 1672  label: 1 pred: 0.322206 bl: 0.04605 POSS error_pred: 0.25746 error_bl: 0.359761 improvement: 0.102302
11: 2035  label: -1 pred: 0.948599 bl: 0.74805 IMP error_pred: 0.558292 error_bl: 0.660098 improvement: 0.101806
12: 2507  label: 1 pred: 0.0524036 bl: -0.2767 POSS error_pred: 0.578858 error_bl: 0.674339 improvement: 0.0954816
13: 1823  label: -1 pred: 0.895451 bl: 0.63535 POSS error_pred: 0.395731 error_bl: 0.489327 improvement: 0.0935961
14: 2961  label: 1 pred: 0.236361 bl: 0.0083 POSS error_pred: 0.302643 error_bl: 0.393862 improvement: 0.0912191
15: 2008  label: -1 pred: 0.982008 bl: 0.9341 IMP error_pred: 0.809524 error_bl: 0.897646 improvement: 0.0881226
16: 2012  label: 1 pred: 0.206065 bl: -0.00405 POSS error_pred: 0.334186 error_bl: 0.408355 improvement: 0.0741688
17: 1392  label: -1 pred: 0.740762 bl: 0.46165 IMP error_pred: 0.188287 error_bl: 0.261084 improvement: 0.0727969
18: 90  label: 1 pred: 0.122866 bl: -0.1001 POSS error_pred: 0.421995 error_bl: 0.49318 improvement: 0.071185
19: 1013  label: -1 pred: 0.620472 bl: 0.40015 IMP error_pred: 0.125342 error_bl: 0.196497 improvement: 0.0711549
20: 2558  label: 1 pred: 0.38132 bl: 0.10475 POSS error_pred: 0.233589 error_bl: 0.300085 improvement: 0.0664961
21: 188  label: -1 pred: 0.817436 bl: 0.5167 IMP error_pred: 0.26601 error_bl: 0.332239 improvement: 0.0662288
22: 103  label: 1 pred: 0.504437 bl: 0.1797 POSS error_pred: 0.173913 error_bl: 0.239557 improvement: 0.0656436
23: 726  label: 1 pred: 0.73665 bl: 0.3073 AUTO error_pred: 0.084399 error_bl: 0.14919 improvement: 0.0647911
24: 409  label: -1 pred: 0.775666 bl: 0.47835 IMP error_pred: 0.218938 error_bl: 0.283525 improvement: 0.0645867
25: 1728  label: -1 pred: 0.713425 bl: 0.43865 IMP error_pred: 0.172414 error_bl: 0.235906 improvement: 0.0634921
26: 2345  label: -1 pred: 0.487589 bl: 0.3508 POSS error_pred: 0.0870279 error_bl: 0.150246 improvement: 0.0632184
27: 2373  label: 1 pred: 0.735179 bl: 0.30865 AUTO error_pred: 0.0852515 error_bl: 0.148338 improvement: 0.0630861
28: 2817  label: -1 pred: 0.458599 bl: 0.33635 POSS error_pred: 0.0815545 error_bl: 0.142857 improvement: 0.0613027
29: 2279  label: -1 pred: 0.704274 bl: 0.4341 IMP error_pred: 0.16694 error_bl: 0.228243 improvement: 0.0613027
30: 380  label: 1 pred: 0.110475 bl: -0.1051 POSS error_pred: 0.439045 error_bl: 0.499574 improvement: 0.0605286
31: 1061  label: -1 pred: 0.223375 bl: 0.24895 POSS error_pred: 0.0306513 error_bl: 0.0892173 improvement: 0.058566
32: 227  label: -1 pred: 0.704218 bl: 0.42815 IMP error_pred: 0.16694 error_bl: 0.225233 improvement: 0.0582923
33: 368  label: -1 pred: 0.706874 bl: 0.43315 IMP error_pred: 0.16913 error_bl: 0.227148 improvement: 0.0580186
34: 1104  label: -1 pred: 0.599837 bl: 0.38025 IMP error_pred: 0.119321 error_bl: 0.17734 improvement: 0.0580186
35: 202  label: 1 pred: 0.72825 bl: 0.3214 AUTO error_pred: 0.0869565 error_bl: 0.144075 improvement: 0.0571185
36: 1996  label: -1 pred: 0.831474 bl: 0.52155 IMP error_pred: 0.282978 error_bl: 0.339901 improvement: 0.0569239
37: 2394  label: 1 pred: 0.722762 bl: 0.314 AUTO error_pred: 0.0903666 error_bl: 0.146633 improvement: 0.056266
38: 780  label: 1 pred: 0.0663391 bl: -0.17025 POSS error_pred: 0.526002 error_bl: 0.581415 improvement: 0.0554135
39: 2359  label: -1 pred: 0.534317 bl: 0.3549 POSS error_pred: 0.0990695 error_bl: 0.154351 improvement: 0.0552819
40: 339  label: -1 pred: 0.729715 bl: 0.43915 IMP error_pred: 0.180624 error_bl: 0.235906 improvement: 0.0552819
41: 898  label: -1 pred: 0.416978 bl: 0.3132 POSS error_pred: 0.0717022 error_bl: 0.126437 improvement: 0.0547345
42: 2072  label: -1 pred: 0.82088 bl: 0.50915 POSS error_pred: 0.268199 error_bl: 0.322386 improvement: 0.0541872
43: 2092  label: 1 pred: 0.853954 bl: 0.37905 AUTO error_pred: 0.0443308 error_bl: 0.0980392 improvement: 0.0537084
44: 1810  label: 1 pred: 0.309629 bl: 0.0786 POSS error_pred: 0.265132 error_bl: 0.318841 improvement: 0.0537084
45: 2684  label: -1 pred: 0.877635 bl: 0.5769 IMP error_pred: 0.357964 error_bl: 0.411604 improvement: 0.0536398
46: 1129  label: 1 pred: 0.794378 bl: 0.35685 AUTO error_pred: 0.0656437 error_bl: 0.118926 improvement: 0.0532822
47: 1798  label: 1 pred: 0.661726 bl: 0.2618 POSS error_pred: 0.122762 error_bl: 0.175618 improvement: 0.0528559
48: 1106  label: -1 pred: 0.301817 bl: 0.26745 POSS error_pred: 0.0448823 error_bl: 0.0974275 improvement: 0.0525452
49: 887  label: -1 pred: 0.867517 bl: 0.56245 IMP error_pred: 0.338807 error_bl: 0.389984 improvement: 0.0511768

total is 0
score for UNKNOWN: 1.0000 baseline: 1.0000 diff: 0.0000
total is 1792
score for AUTO: 0.0000 baseline: 0.0000 diff: 0.0000
total is 1046
score for POSS: 0.1754 baseline: 0.1814 diff: -0.0060
total is 162
score for IMP: 1.0000 baseline: 1.0000 diff: 0.0000
writing 15000 official test outputs

0%   10   20   30   40   50   60   70   80   90   100%
|----|----|----|----|----|----|----|----|----|----|
***************************************************
scores: [ 0.0573 ]
0.0573 +/-    nan
4043.45user 7.14system 15:56.45elapsed 423%CPU (0avgtext+0avgdata 0maxresident)k
0inputs+336outputs (0major+3028392minor)pagefaults 0swaps
