loading data...applying decomposition
done.
training 500 models

0%   10   20   30   40   50   60   70   80   90   100%
|----|----|----|----|----|----|----|----|----|----|
***************************************************
chose model 186 S_rmse_187
chose model 136 S_rmse_137
chose model 193 S_rmse_194
chose model 172 S_rmse_173
chose model 25 S_rmse_26
chose model 20 S_rmse_21
chose model 33 S_rmse_34
chose model 22 S_rmse_23
chose model 179 S_rmse_180
chose model 112 S_rmse_113
processing 3000 predictions...

0%   10   20   30   40   50   60   70   80   90   100%
|----|----|----|----|----|----|----|----|----|----|
***************************************************
 done.
elapsed: [3619.61s cpu, 2405888.3659 mticks, 900.16s wall]
score: 0.4377  baseline: 0.4398  diff: -0.00209
category UNKNOWN: count 0 avg error 0 baseline avg error 0 avg improvement 0
category AUTO: count 1249 avg error 0.0263478 baseline avg error 0.0250981 avg improvement -0.00124974
category POSS: count 1531 avg error 0.207314 baseline avg error 0.213126 avg improvement 0.00581191
category IMP: count 220 avg error 1.02039 baseline avg error 1.01199 avg improvement -0.00839981
overall: count 3000 avg error 0.191598 baseline avg error 0.193427 avg improvement 0.00182971
worst entries: 
0: 241  label: 1 pred: -0.514685 bl: -0.3773 IMP error_pred: 2.29427 error_bl: 1.89696 improvement: -0.397315
    min: -0.766  max: 0.2295 avg: -0.27997
explanation: 


1: 1387  label: 1 pred: -0.435406 bl: -0.3119 IMP error_pred: 2.06039 error_bl: 1.72108 improvement: -0.33931
    min: -0.751  max: 0.4295 avg: -0.281408
explanation: 


2: 2216  label: -1 pred: 0.546501 bl: 0.44665 IMP error_pred: 2.39167 error_bl: 2.0928 improvement: -0.29887
    min: -0.1085  max: 0.889 avg: 0.49062
explanation: 


3: 1574  label: -1 pred: 0.507504 bl: 0.4113 IMP error_pred: 2.27257 error_bl: 1.99177 improvement: -0.280801
    min: -0.1345  max: 0.7505 avg: 0.31241
explanation: 


4: 11  label: 1 pred: -0.23218 bl: -0.11325 POSS error_pred: 1.51827 error_bl: 1.23933 improvement: -0.278942
    min: -0.62  max: 0.56 avg: -0.04356
explanation: 


5: 2867  label: 1 pred: -0.1447 bl: -0.02055 POSS error_pred: 1.31034 error_bl: 1.04152 improvement: -0.268816
    min: -0.901  max: 0.671 avg: 0.089075
explanation: 


6: 452  label: -1 pred: 0.304136 bl: 0.20065 IMP error_pred: 1.70077 error_bl: 1.44156 improvement: -0.25921
    min: -0.2215  max: 0.484 avg: 0.187188
explanation: 


7: 2832  label: 1 pred: -0.123884 bl: -0.00755 IMP error_pred: 1.26311 error_bl: 1.01516 improvement: -0.247958
    min: -0.324  max: 0.3005 avg: -0.0053725
explanation: 


8: 2204  label: 1 pred: -0.282132 bl: -0.18945 IMP error_pred: 1.64386 error_bl: 1.41479 improvement: -0.229071
    min: -0.5375  max: 0.193 avg: -0.197262
explanation: 


9: 2662  label: 1 pred: -0.149172 bl: -0.048 IMP error_pred: 1.3206 error_bl: 1.0983 improvement: -0.222293
    min: -0.4065  max: 0.1995 avg: -0.111288
explanation: 


10: 2280  label: 0 pred: 0.914155 bl: 0.7894 POSS error_pred: 0.83568 error_bl: 0.623152 improvement: -0.212528
    min: 0.225  max: 1 avg: 0.703903
explanation: 


11: 590  label: 0.5 pred: -0.51494 bl: -0.41355 IMP error_pred: 1.0301 error_bl: 0.834574 improvement: -0.19553
    min: -0.5975  max: -0.0305 avg: -0.384208
explanation: 


12: 2274  label: 0.5 pred: -0.440907 bl: -0.33675 POSS error_pred: 0.885306 error_bl: 0.700151 improvement: -0.185155
    min: -0.691  max: 0.317 avg: -0.314127
explanation: 


13: 2452  label: -1 pred: 0.353883 bl: 0.2837 IMP error_pred: 1.833 error_bl: 1.64789 improvement: -0.185114
    min: -0.0755  max: 0.6815 avg: 0.307645
explanation: 


14: 1567  label: -1 pred: 0.445337 bl: 0.3803 IMP error_pred: 2.089 error_bl: 1.90523 improvement: -0.183771
    min: -0.144  max: 0.7415 avg: 0.44164
explanation: 


15: 856  label: 1 pred: -0.256241 bl: -0.183 IMP error_pred: 1.57814 error_bl: 1.39949 improvement: -0.178652
    min: -0.399  max: 0.1995 avg: -0.13392
explanation: 


16: 2140  label: -1 pred: 0.323638 bl: 0.25705 IMP error_pred: 1.75202 error_bl: 1.58017 improvement: -0.171842
    min: -0.0555  max: 0.911 avg: 0.240958
explanation: 


17: 556  label: -1 pred: 0.380399 bl: 0.318 IMP error_pred: 1.9055 error_bl: 1.73712 improvement: -0.168376
    min: -0.1895  max: 0.6395 avg: 0.27104
explanation: 


18: 1983  label: 0.5 pred: -0.210317 bl: -0.0837 POSS error_pred: 0.50455 error_bl: 0.340706 improvement: -0.163844
    min: -0.5425  max: 0.529 avg: -0.02887
explanation: 


19: 1189  label: 1 pred: 0.233828 bl: 0.3482 POSS error_pred: 0.58702 error_bl: 0.424843 improvement: -0.162177
    min: -0.101  max: 0.666 avg: 0.33765
explanation: 


20: 1088  label: -1 pred: -0.0757468 bl: -0.1662 POSS error_pred: 0.854244 error_bl: 0.695222 improvement: -0.159021
    min: -0.581  max: 0.318 avg: -0.134715
explanation: 


21: 1030  label: -0.5 pred: 0.533411 bl: 0.45525 IMP error_pred: 1.06794 error_bl: 0.912503 improvement: -0.155435
    min: 0.0285  max: 0.939 avg: 0.509898
explanation: 


22: 1034  label: 0.5 pred: -0.330332 bl: -0.23245 POSS error_pred: 0.689451 error_bl: 0.536483 improvement: -0.152968
    min: -0.5395  max: 0.075 avg: -0.234013
explanation: 


23: 2655  label: 0 pred: 0.570859 bl: 0.4188 POSS error_pred: 0.325881 error_bl: 0.175393 improvement: -0.150487
    min: -0.025  max: 0.579 avg: 0.304647
explanation: 


24: 833  label: -1 pred: 0.455174 bl: 0.40255 IMP error_pred: 2.11753 error_bl: 1.96715 improvement: -0.150386
    min: 0.213  max: 0.655 avg: 0.392563
explanation: 


25: 1122  label: 1 pred: -0.246862 bl: -0.1862 IMP error_pred: 1.55467 error_bl: 1.40707 improvement: -0.147595
    min: -0.518  max: 0.341 avg: -0.125363
explanation: 


26: 1759  label: -0.5 pred: 0.504609 bl: 0.4292 IMP error_pred: 1.00924 error_bl: 0.863413 improvement: -0.145826
    min: 0.0645  max: 0.5625 avg: 0.352875
explanation: 


27: 2453  label: 0.5 pred: -0.0934376 bl: 0.0395 POSS error_pred: 0.352168 error_bl: 0.21206 improvement: -0.140108
    min: -0.405  max: 0.426 avg: 0.0195725
explanation: 


28: 2996  label: 0.5 pred: -0.526714 bl: -0.45705 IMP error_pred: 1.05414 error_bl: 0.915945 improvement: -0.138197
    min: -0.8095  max: -0.0335 avg: -0.452293
explanation: 


29: 2472  label: 1 pred: -0.106886 bl: -0.0432 POSS error_pred: 1.2252 error_bl: 1.08827 improvement: -0.136932
    min: -0.341  max: 0.526 avg: 0.0153775
explanation: 


30: 2358  label: -0.5 pred: 0.781622 bl: 0.7274 IMP error_pred: 1.64256 error_bl: 1.50651 improvement: -0.136044
    min: 0.372  max: 0.962 avg: 0.65719
explanation: 


31: 552  label: 1 pred: 0.0604583 bl: 0.13415 POSS error_pred: 0.882739 error_bl: 0.749696 improvement: -0.133043
    min: -0.396  max: 0.666 avg: 0.17618
explanation: 


32: 2897  label: -1 pred: 0.300228 bl: 0.2486 IMP error_pred: 1.69059 error_bl: 1.559 improvement: -0.13159
    min: -0.0725  max: 0.5915 avg: 0.247875
explanation: 


33: 2128  label: -0.5 pred: 0.402093 bl: 0.32725 IMP error_pred: 0.813772 error_bl: 0.684343 improvement: -0.12943
    min: 0.1185  max: 0.506 avg: 0.294667
explanation: 


34: 2344  label: -0.5 pred: 0.564784 bl: 0.5025 IMP error_pred: 1.13377 error_bl: 1.00501 improvement: -0.12876
    min: 0.221  max: 0.799 avg: 0.515025
explanation: 


35: 1807  label: -0.5 pred: 0.290605 bl: 0.20715 POSS error_pred: 0.625056 error_bl: 0.500061 improvement: -0.124995
    min: -0.197  max: 0.6895 avg: 0.253657
explanation: 


36: 1887  label: -1 pred: 0.47719 bl: 0.4346 IMP error_pred: 2.18209 error_bl: 2.05808 improvement: -0.124014
    min: 0.18  max: 0.643 avg: 0.408515
explanation: 


37: 1204  label: -0.5 pred: 0.226075 bl: 0.1354 POSS error_pred: 0.527185 error_bl: 0.403733 improvement: -0.123452
    min: -0.187  max: 0.587 avg: 0.182535
explanation: 


38: 2861  label: -0.5 pred: 0.539143 bl: 0.47805 IMP error_pred: 1.07982 error_bl: 0.956582 improvement: -0.123236
    min: 0.204  max: 0.814 avg: 0.462763
explanation: 


39: 1743  label: 0 pred: 0.702783 bl: 0.6092 POSS error_pred: 0.493904 error_bl: 0.371125 improvement: -0.122779
    min: 0.3585  max: 0.884 avg: 0.593532
explanation: 


40: 603  label: 0.5 pred: -0.168476 bl: -0.0717 POSS error_pred: 0.44686 error_bl: 0.326841 improvement: -0.120019
    min: -0.276  max: 0.2685 avg: -0.0515925
explanation: 


41: 2143  label: -1 pred: 0.0252182 bl: -0.03495 POSS error_pred: 1.05107 error_bl: 0.931321 improvement: -0.119751
    min: -0.6345  max: 0.352 avg: -0.24971
explanation: 


42: 1833  label: 0 pred: 0.617698 bl: 0.5124 POSS error_pred: 0.38155 error_bl: 0.262554 improvement: -0.118997
    min: 0.0215  max: 0.9175 avg: 0.447922
explanation: 


43: 2460  label: -0.5 pred: 0.402861 bl: 0.33455 POSS error_pred: 0.815157 error_bl: 0.696474 improvement: -0.118684
    min: -0.067  max: 0.58 avg: 0.308238
explanation: 


44: 1142  label: -1 pred: 0.330836 bl: 0.2863 IMP error_pred: 1.77112 error_bl: 1.65457 improvement: -0.116557
    min: -0.001  max: 0.4295 avg: 0.238795
explanation: 


45: 1234  label: 1 pred: 0.149018 bl: 0.2203 POSS error_pred: 0.72417 error_bl: 0.607932 improvement: -0.116238
    min: -0.1595  max: 0.5195 avg: 0.19111
explanation: 


46: 1616  label: -1 pred: -0.213606 bl: -0.2913 IMP error_pred: 0.618416 error_bl: 0.502256 improvement: -0.116161
    min: -0.487  max: 0.3145 avg: -0.180008
explanation: 


47: 2927  label: 0.5 pred: -0.039138 bl: 0.08095 POSS error_pred: 0.29067 error_bl: 0.175603 improvement: -0.115067
    min: -0.229  max: 0.414 avg: 0.099535
explanation: 


48: 1862  label: 0 pred: 0.757342 bl: 0.6774 POSS error_pred: 0.573567 error_bl: 0.458871 improvement: -0.114696
    min: 0.4195  max: 0.89 avg: 0.652773
explanation: 


49: 224  label: -1 pred: 0.116236 bl: 0.06435 IMP error_pred: 1.24598 error_bl: 1.13284 improvement: -0.113142
    min: -0.434  max: 0.2955 avg: -0.0162475
explanation: 


best entries: 
0: 379  label: -1 pred: 0.261826 bl: 0.42065 IMP error_pred: 1.59221 error_bl: 2.01825 improvement: 0.426041
1: 473  label: 1 pred: 0.602204 bl: 0.326 POSS error_pred: 0.158242 error_bl: 0.454276 improvement: 0.296034
2: 2516  label: -1 pred: -0.121659 bl: 0.0176 IMP error_pred: 0.771483 error_bl: 1.03551 improvement: 0.264027
3: 1417  label: 1 pred: 0.32321 bl: 0.1645 IMP error_pred: 0.458045 error_bl: 0.69806 improvement: 0.240016
4: 1346  label: -1 pred: -0.70085 bl: -0.4677 POSS error_pred: 0.0894905 error_bl: 0.283343 improvement: 0.193853
5: 496  label: -1 pred: -0.0875446 bl: 0.01 IMP error_pred: 0.832575 error_bl: 1.0201 improvement: 0.187525
6: 47  label: -1 pred: -0.335484 bl: -0.2103 POSS error_pred: 0.441581 error_bl: 0.623626 improvement: 0.182045
7: 199  label: -1 pred: -0.232801 bl: -0.12255 IMP error_pred: 0.588594 error_bl: 0.769919 improvement: 0.181325
8: 1131  label: 0.5 pred: -0.14432 bl: -0.27215 POSS error_pred: 0.415149 error_bl: 0.596216 improvement: 0.181067
9: 2042  label: -1 pred: -0.372969 bl: -0.24635 POSS error_pred: 0.393167 error_bl: 0.567988 improvement: 0.174821
10: 1949  label: 1 pred: -0.404548 bl: -0.46535 POSS error_pred: 1.97276 error_bl: 2.14725 improvement: 0.174495
11: 533  label: 1 pred: 0.133011 bl: 0.03855 POSS error_pred: 0.751671 error_bl: 0.924386 improvement: 0.172715
12: 1075  label: -1 pred: 0.268083 bl: 0.33215 IMP error_pred: 1.60803 error_bl: 1.77462 improvement: 0.166589
13: 1940  label: -1 pred: 0.780912 bl: 0.8248 IMP error_pred: 3.17165 error_bl: 3.3299 improvement: 0.158249
14: 1078  label: 1 pred: 0.285753 bl: 0.18415 IMP error_pred: 0.510149 error_bl: 0.665611 improvement: 0.155463
15: 2625  label: -1 pred: -0.381742 bl: -0.26775 POSS error_pred: 0.382243 error_bl: 0.53619 improvement: 0.153947
16: 1549  label: 1 pred: 0.577989 bl: 0.4293 POSS error_pred: 0.178093 error_bl: 0.325698 improvement: 0.147605
17: 541  label: 1 pred: 0.475555 bl: 0.35185 POSS error_pred: 0.275042 error_bl: 0.420098 improvement: 0.145056
18: 881  label: -1 pred: -0.43503 bl: -0.3195 POSS error_pred: 0.319191 error_bl: 0.46308 improvement: 0.14389
19: 741  label: 1 pred: 0.708609 bl: 0.52405 POSS error_pred: 0.0849085 error_bl: 0.226528 improvement: 0.14162
20: 1925  label: -1 pred: -0.255217 bl: -0.16565 POSS error_pred: 0.554701 error_bl: 0.69614 improvement: 0.141439
21: 582  label: -0.5 pred: -0.0443812 bl: 0.08995 POSS error_pred: 0.207589 error_bl: 0.348041 improvement: 0.140453
22: 59  label: 1 pred: 0.722426 bl: 0.53485 POSS error_pred: 0.0770474 error_bl: 0.216365 improvement: 0.139317
23: 1924  label: -1 pred: 0.294342 bl: 0.3466 IMP error_pred: 1.67532 error_bl: 1.81333 improvement: 0.138012
24: 2574  label: -1 pred: 0.218222 bl: 0.2731 IMP error_pred: 1.48406 error_bl: 1.62078 improvement: 0.136719
25: 2818  label: 1 pred: 0.0784309 bl: 0.0075 IMP error_pred: 0.84929 error_bl: 0.985056 improvement: 0.135767
26: 15  label: 1 pred: 0.199636 bl: 0.1203 POSS error_pred: 0.640583 error_bl: 0.773872 improvement: 0.13329
27: 2192  label: 1 pred: 0.331492 bl: 0.23845 POSS error_pred: 0.446902 error_bl: 0.579958 improvement: 0.133056
28: 1858  label: 1 pred: 0.285804 bl: 0.1982 IMP error_pred: 0.510076 error_bl: 0.642883 improvement: 0.132807
29: 10  label: 1 pred: 0.298861 bl: 0.20995 POSS error_pred: 0.491596 error_bl: 0.624179 improvement: 0.132583
30: 1982  label: 1 pred: 0.529324 bl: 0.405 POSS error_pred: 0.221536 error_bl: 0.354025 improvement: 0.132489
31: 2496  label: 1 pred: 0.280576 bl: 0.19465 POSS error_pred: 0.517572 error_bl: 0.648589 improvement: 0.131017
32: 2351  label: 1 pred: 0.218772 bl: 0.1407 IMP error_pred: 0.610318 error_bl: 0.738397 improvement: 0.128079
33: 1280  label: 1 pred: 0.416307 bl: 0.31695 POSS error_pred: 0.340697 error_bl: 0.466557 improvement: 0.12586
34: 425  label: -0.5 pred: -0.0852934 bl: 0.04445 POSS error_pred: 0.171982 error_bl: 0.296426 improvement: 0.124444
35: 2773  label: 1 pred: 0.493013 bl: 0.3824 POSS error_pred: 0.257036 error_bl: 0.38143 improvement: 0.124394
36: 1830  label: 1 pred: 0.503039 bl: 0.3907 POSS error_pred: 0.24697 error_bl: 0.371247 improvement: 0.124277
37: 460  label: 1 pred: 0.245623 bl: 0.16755 IMP error_pred: 0.569085 error_bl: 0.692973 improvement: 0.123888
38: 54  label: 1 pred: 0.55292 bl: 0.4316 POSS error_pred: 0.19988 error_bl: 0.323079 improvement: 0.123198
39: 1907  label: -1 pred: -0.302308 bl: -0.21955 POSS error_pred: 0.486774 error_bl: 0.609102 improvement: 0.122328
40: 2107  label: -1 pred: -0.159565 bl: -0.08985 IMP error_pred: 0.706331 error_bl: 0.828373 improvement: 0.122042
41: 71  label: -0.5 pred: 0.855421 bl: 0.89945 IMP error_pred: 1.83716 error_bl: 1.95846 improvement: 0.121295
42: 1202  label: -1 pred: -0.167999 bl: -0.0985 IMP error_pred: 0.692225 error_bl: 0.812702 improvement: 0.120477
43: 1763  label: 1 pred: 0.156519 bl: 0.08805 IMP error_pred: 0.711461 error_bl: 0.831653 improvement: 0.120192
44: 2991  label: 1 pred: 0.125127 bl: 0.0593 POSS error_pred: 0.765402 error_bl: 0.884916 improvement: 0.119514
45: 1418  label: -1 pred: -0.508084 bl: -0.4001 POSS error_pred: 0.241982 error_bl: 0.35988 improvement: 0.117899
46: 1022  label: -0.5 pred: 0.28328 bl: 0.35435 POSS error_pred: 0.613527 error_bl: 0.729914 improvement: 0.116387
47: 1649  label: 1 pred: 0.239691 bl: 0.1669 IMP error_pred: 0.57807 error_bl: 0.694056 improvement: 0.115985
48: 803  label: -0.5 pred: 0.402949 bl: 0.4628 POSS error_pred: 0.815318 error_bl: 0.926984 improvement: 0.111666
49: 1424  label: -0.5 pred: 0.817233 bl: 0.85875 IMP error_pred: 1.7351 error_bl: 1.8462 improvement: 0.111098

total is 0
score for UNKNOWN: nan baseline: nan diff:    nan
total is 1249
score for AUTO: 0.1623 baseline: 0.1584 diff: 0.0039
total is 1531
score for POSS: 0.4553 baseline: 0.4617 diff: -0.0063
total is 220
score for IMP: 1.0101 baseline: 1.0060 diff: 0.0042
writing 15000 official test outputs

0%   10   20   30   40   50   60   70   80   90   100%
|----|----|----|----|----|----|----|----|----|----|
***************************************************
scores: [ 0.437719 ]
0.4377 +/-    nan
3636.67user 3.26system 15:09.06elapsed 400%CPU (0avgtext+0avgdata 0maxresident)k
0inputs+336outputs (0major+1328327minor)pagefaults 0swaps
