loading data...Twoway_Layer::random_fill(): limit = 0.103695 ni = 93 no = 50
Twoway_Layer::random_fill(): limit = 0.141421 ni = 50 no = 1
iter  ---- train ----  ---- test -----
         rmse     auc     rmse     auc
   0  0.88000 0.00000  0.85020 0.18558
   1  0.81884 0.00000  0.83631 0.18165
   2  0.84327 0.00000  0.83395 0.18055
   3  0.82151 0.00000  0.83218 0.17961
   4  0.83253 0.00000  0.83143 0.17911
   5  0.81185 0.00000  0.83083 0.17866
   6  0.81086 0.00000  0.83052 0.17841
   7  0.79674 0.00000  0.83038 0.17812
   8  0.80782 0.00000  0.83044 0.17803
   9  0.80938 0.00000  0.83047 0.17791
  10  0.81029 0.00000  0.83031 0.17786
  11  0.79491 0.00000  0.83036 0.17778
  12  0.81094 0.00000  0.82924 0.17738
  13  0.80869 0.00000  0.82885 0.17718
  14  0.82205 0.00000  0.82840 0.17699
  15  0.81116 0.00000  0.82843 0.17700
  16  0.81141 0.00000  0.82821 0.17690
  17  0.79171 0.00000  0.82821 0.17673
  18  0.82407 0.00000  0.82769 0.17656
  19  0.81488 0.00000  0.82736 0.17639
  20  0.79654 0.00000  0.82741 0.17638
  21  0.82127 0.00000  0.82720 0.17632
  22  0.83293 0.00000  0.82691 0.17625
  23  0.80468 0.00000  0.82692 0.17623
  24  0.80907 0.00000  0.82693 0.17618
  25  0.79896 0.00000  0.82692 0.17611
  26  0.81811 0.00000  0.82664 0.17603
  27  0.81632 0.00000  0.82639 0.17590
  28  0.80508 0.00000  0.82668 0.17596
  29  0.83316 0.00000  0.82602 0.17575
  30  0.80049 0.00000  0.82592 0.17568
  31  0.79520 0.00000  0.82601 0.17567
  32  0.81881 0.00000  0.82567 0.17552
  33  0.81421 0.00000  0.82570 0.17557
  34  0.82696 0.00000  0.82546 0.17543
  35  0.82666 0.00000  0.82538 0.17542
  36  0.79509 0.00000  0.82571 0.17553
  37  0.81226 0.00000  0.82553 0.17545
  38  0.79375 0.00000  0.82549 0.17540
  39  0.82411 0.00000  0.82519 0.17531
  40  0.81973 0.00000  0.82512 0.17529
  41  0.82647 0.00000  0.82495 0.17515
  42  0.82086 0.00000  0.82493 0.17517
  43  0.81794 0.00000  0.82503 0.17522
  44  0.81051 0.00000  0.82514 0.17526
  45  0.81498 0.00000  0.82568 0.17536
  46  0.81681 0.00000  0.82542 0.17528
  47  0.80694 0.00000  0.82501 0.17517
  48  0.80306 0.00000  0.82550 0.17528
  49  0.82750 0.00000  0.82523 0.17521
  50  0.80194 0.00000  0.82524 0.17520
  51  0.82225 0.00000  0.82465 0.17500
  52  0.80670 0.00000  0.82468 0.17500
  53  0.81903 0.00000  0.82447 0.17493
  54  0.81604 0.00000  0.82451 0.17493
  55  0.81114 0.00000  0.82446 0.17492
  56  0.80670 0.00000  0.82458 0.17496
  57  0.79994 0.00000  0.82446 0.17491
  58  0.81505 0.00000  0.82433 0.17485
  59  0.81577 0.00000  0.82444 0.17490
  60  0.81041 0.00000  0.82444 0.17491
  61  0.82165 0.00000  0.82432 0.17486
  62  0.79925 0.00000  0.82448 0.17492
  63  0.81196 0.00000  0.82430 0.17485
  64  0.81438 0.00000  0.82433 0.17485
  65  0.81753 0.00000  0.82436 0.17486
  66  0.80914 0.00000  0.82458 0.17493
  67  0.81018 0.00000  0.82483 0.17496
  68  0.80523 0.00000  0.82495 0.17499
  69  0.82088 0.00000  0.82501 0.17498
  70  0.81332 0.00000  0.82525 0.17500
  71  0.82109 0.00000  0.82489 0.17493
  72  0.81608 0.00000  0.82453 0.17485
  73  0.81944 0.00000  0.82461 0.17483
  74  0.80398 0.00000  0.82428 0.17477
  75  0.83271 0.00000  0.82468 0.17483
  76  0.81105 0.00000  0.82471 0.17483
  77  0.81976 0.00000  0.82449 0.17479
  78  0.80171 0.00000  0.82458 0.17483
  79  0.82322 0.00000  0.82490 0.17486
  80  0.80856 0.00000  0.82449 0.17480
  81  0.80273 0.00000  0.82441 0.17481
  82  0.80657 0.00000  0.82461 0.17485
  83  0.81286 0.00000  0.82445 0.17480
  84  0.82013 0.00000  0.82449 0.17480
  85  0.80708 0.00000  0.82455 0.17481
  86  0.81169 0.00000  0.82446 0.17478
  87  0.79572 0.00000  0.82453 0.17481
  88  0.80775 0.00000  0.82456 0.17481
  89  0.80473 0.00000  0.82502 0.17488
  90  0.80832 0.00000  0.82450 0.17481
  91  0.79818 0.00000  0.82440 0.17479
  92  0.81485 0.00000  0.82427 0.17475
  93  0.82068 0.00000  0.82417 0.17471
  94  0.81739 0.00000  0.82428 0.17474
  95  0.80772 0.00000  0.82416 0.17470
  96  0.79749 0.00000  0.82424 0.17475
  97  0.81937 0.00000  0.82422 0.17472
  98  0.80274 0.00000  0.82418 0.17471
  99  0.81940 0.00000  0.82424 0.17472
 100  0.80173 0.00000  0.82425 0.17474
 101  0.81321 0.00000  0.82426 0.17474
 102  0.80089 0.00000  0.82416 0.17471
 103  0.81335 0.00000  0.82425 0.17473
 104  0.79244 0.00000  0.82419 0.17472
 105  0.80087 0.00000  0.82417 0.17470
 106  0.81657 0.00000  0.82418 0.17469
 107  0.80089 0.00000  0.82432 0.17475
 108  0.81026 0.00000  0.82428 0.17473
 109  0.80956 0.00000  0.82447 0.17476
 110  0.80464 0.00000  0.82437 0.17475
 111  0.80381 0.00000  0.82422 0.17471
 112  0.81815 0.00000  0.82455 0.17476
 113  0.82057 0.00000  0.82448 0.17475
 114  0.81876 0.00000  0.82455 0.17475
 115  0.81100 0.00000  0.82458 0.17475
 116  0.80923 0.00000  0.82466 0.17476
 117  0.80395 0.00000  0.82456 0.17476
 118  0.82839 0.00000  0.82451 0.17472
 119  0.82087 0.00000  0.82438 0.17468
 120  0.81114 0.00000  0.82442 0.17470
 121  0.81236 0.00000  0.82442 0.17470
 122  0.80398 0.00000  0.82446 0.17471
 123  0.80697 0.00000  0.82446 0.17472
 124  0.81641 0.00000  0.82444 0.17471
 125  0.80271 0.00000  0.82478 0.17475
 126  0.81555 0.00000  0.82461 0.17473
 127  0.80914 0.00000  0.82450 0.17472
 128  0.81435 0.00000  0.82469 0.17474
 129  0.81179 0.00000  0.82472 0.17475
 130  0.80481 0.00000  0.82465 0.17475
 131  0.79961 0.00000  0.82451 0.17474
 132  0.81358 0.00000  0.82470 0.17475
 133  0.81263 0.00000  0.82487 0.17476
 134  0.79932 0.00000  0.82459 0.17474
 135  0.81323 0.00000  0.82456 0.17475
 136  0.81287 0.00000  0.82447 0.17473
 137  0.82771 0.00000  0.82453 0.17473
 138  0.82240 0.00000  0.82459 0.17473
 139  0.81999 0.00000  0.82460 0.17472
 140  0.81199 0.00000  0.82468 0.17474
 141  0.81274 0.00000  0.82483 0.17475
 142  0.79840 0.00000  0.82460 0.17473
 143  0.81842 0.00000  0.82472 0.17474
 144  0.80826 0.00000  0.82479 0.17475
 145  0.82718 0.00000  0.82478 0.17474
 146  0.79995 0.00000  0.82462 0.17474
 147  0.81991 0.00000  0.82473 0.17475
 148  0.80550 0.00000  0.82480 0.17476
 149  0.82820 0.00000  0.82477 0.17474
 150  0.79932 0.00000  0.82481 0.17476
 151  0.81155 0.00000  0.82484 0.17476
 152  0.82778 0.00000  0.82508 0.17476
 153  0.81793 0.00000  0.82522 0.17476
 154  0.80913 0.00000  0.82553 0.17477
 155  0.80083 0.00000  0.82547 0.17477
 156  0.80756 0.00000  0.82526 0.17477
 157  0.81792 0.00000  0.82509 0.17477
 158  0.81443 0.00000  0.82498 0.17476
 159  0.81678 0.00000  0.82501 0.17476
 160  0.82255 0.00000  0.82494 0.17475
 161  0.82479 0.00000  0.82495 0.17474
 162  0.82920 0.00000  0.82501 0.17474
 163  0.81111 0.00000  0.82496 0.17475
 164  0.81352 0.00000  0.82491 0.17476
 165  0.80608 0.00000  0.82486 0.17477
 166  0.80554 0.00000  0.82482 0.17477
 167  0.82337 0.00000  0.82490 0.17476
 168  0.80493 0.00000  0.82487 0.17477
 169  0.80615 0.00000  0.82482 0.17478
 170  0.79367 0.00000  0.82480 0.17478
 171  0.82031 0.00000  0.82494 0.17478
 172  0.81000 0.00000  0.82510 0.17478
 173  0.80529 0.00000  0.82495 0.17479
 174  0.80250 0.00000  0.82480 0.17479
 175  0.80871 0.00000  0.82499 0.17480
 176  0.81929 0.00000  0.82494 0.17480
 177  0.80322 0.00000  0.82501 0.17481
 178  0.79198 0.00000  0.82495 0.17481
 179  0.81266 0.00000  0.82514 0.17481
 180  0.80559 0.00000  0.82549 0.17482
 181  0.80023 0.00000  0.82525 0.17482
 182  0.80388 0.00000  0.82513 0.17483
 183  0.81762 0.00000  0.82511 0.17482
 184  0.81984 0.00000  0.82511 0.17482
 185  0.81767 0.00000  0.82499 0.17483
 186  0.82046 0.00000  0.82513 0.17483
 187  0.81025 0.00000  0.82509 0.17483
 188  0.80242 0.00000  0.82517 0.17483
 189  0.81502 0.00000  0.82504 0.17483
 190  0.81311 0.00000  0.82497 0.17484
 191  0.81831 0.00000  0.82501 0.17484
 192  0.81617 0.00000  0.82507 0.17483
 193  0.81592 0.00000  0.82506 0.17483
 194  0.80085 0.00000  0.82518 0.17483
 195  0.80083 0.00000  0.82520 0.17484
 196  0.81357 0.00000  0.82518 0.17484
 197  0.81588 0.00000  0.82540 0.17484
 198  0.82071 0.00000  0.82548 0.17483
 199  0.81266 0.00000  0.82550 0.17483
 200  0.80739 0.00000  0.82511 0.17484
 201  0.81554 0.00000  0.82521 0.17485
 202  0.80369 0.00000  0.82520 0.17484
 203  0.80865 0.00000  0.82523 0.17485
 204  0.79897 0.00000  0.82506 0.17485
 205  0.81364 0.00000  0.82513 0.17485
 206  0.81189 0.00000  0.82523 0.17485
 207  0.83432 0.00000  0.82529 0.17484
 208  0.81924 0.00000  0.82524 0.17484
 209  0.80853 0.00000  0.82519 0.17485
 210  0.81264 0.00000  0.82520 0.17485
 211  0.80745 0.00000  0.82555 0.17484
 212  0.82200 0.00000  0.82524 0.17484
 213  0.81046 0.00000  0.82519 0.17486
 214  0.80098 0.00000  0.82516 0.17486
 215  0.80077 0.00000  0.82514 0.17485
 216  0.81460 0.00000  0.82512 0.17486
 217  0.82151 0.00000  0.82542 0.17484
 218  0.80140 0.00000  0.82564 0.17484
 219  0.80441 0.00000  0.82559 0.17484
 220  0.80877 0.00000  0.82548 0.17484
 221  0.81741 0.00000  0.82568 0.17484
 222  0.81552 0.00000  0.82525 0.17485
 223  0.82378 0.00000  0.82532 0.17485
 224  0.80654 0.00000  0.82525 0.17486
 225  0.81626 0.00000  0.82536 0.17485
 226  0.79633 0.00000  0.82528 0.17486
 227  0.82377 0.00000  0.82553 0.17484
 228  0.80404 0.00000  0.82538 0.17485
 229  0.79988 0.00000  0.82542 0.17485
 230  0.82501 0.00000  0.82570 0.17484
 231  0.81163 0.00000  0.82538 0.17486
 232  0.80358 0.00000  0.82544 0.17486
 233  0.81951 0.00000  0.82528 0.17489
 234  0.82564 0.00000  0.82548 0.17486
 235  0.81154 0.00000  0.82558 0.17485
 236  0.80728 0.00000  0.82537 0.17487
 237  0.82043 0.00000  0.82558 0.17485
 238  0.79950 0.00000  0.82547 0.17486
 239  0.80990 0.00000  0.82560 0.17485
 240  0.82377 0.00000  0.82560 0.17485
 241  0.80607 0.00000  0.82544 0.17486
 242  0.81788 0.00000  0.82564 0.17485
 243  0.80328 0.00000  0.82558 0.17486
 244  0.80422 0.00000  0.82550 0.17487
 245  0.81808 0.00000  0.82545 0.17488
 246  0.81036 0.00000  0.82565 0.17486
 247  0.81553 0.00000  0.82585 0.17485
 248  0.81753 0.00000  0.82558 0.17488
 249  0.79498 0.00000  0.82552 0.17488
 250  0.80200 0.00000  0.82551 0.17488
 251  0.82509 0.00000  0.82535 0.17495
 252  0.82127 0.00000  0.82547 0.17491
 253  0.81057 0.00000  0.82538 0.17494
 254  0.80388 0.00000  0.82541 0.17492
 255  0.79594 0.00000  0.82557 0.17489
 256  0.81225 0.00000  0.82572 0.17488
 257  0.80690 0.00000  0.82538 0.17493
 258  0.81237 0.00000  0.82541 0.17492
 259  0.80409 0.00000  0.82537 0.17493
 260  0.81534 0.00000  0.82540 0.17493
 261  0.82338 0.00000  0.82546 0.17493
 262  0.80633 0.00000  0.82617 0.17486
 263  0.79782 0.00000  0.82598 0.17488
 264  0.79828 0.00000  0.82577 0.17490
 265  0.80585 0.00000  0.82545 0.17494
 266  0.80746 0.00000  0.82538 0.17496
 267  0.81068 0.00000  0.82539 0.17496
 268  0.82099 0.00000  0.82563 0.17492
 269  0.82475 0.00000  0.82602 0.17488
 270  0.81395 0.00000  0.82566 0.17493
 271  0.80423 0.00000  0.82561 0.17493
 272  0.80179 0.00000  0.82560 0.17492
 273  0.81448 0.00000  0.82564 0.17492
 274  0.79673 0.00000  0.82562 0.17492
 275  0.78663 0.00000  0.82555 0.17492
 276  0.79626 0.00000  0.82577 0.17490
 277  0.81243 0.00000  0.82561 0.17492
 278  0.79954 0.00000  0.82554 0.17493
 279  0.80680 0.00000  0.82543 0.17495
 280  0.81306 0.00000  0.82533 0.17498
 281  0.79236 0.00000  0.82556 0.17494
 282  0.81708 0.00000  0.82540 0.17497
 283  0.81300 0.00000  0.82538 0.17497
 284  0.78704 0.00000  0.82544 0.17495
 285  0.82213 0.00000  0.82557 0.17494
 286  0.81249 0.00000  0.82551 0.17496
 287  0.81014 0.00000  0.82541 0.17498
 288  0.81495 0.00000  0.82567 0.17494
 289  0.81081 0.00000  0.82573 0.17493
 290  0.82269 0.00000  0.82598 0.17491
 291  0.81795 0.00000  0.82564 0.17496
 292  0.81232 0.00000  0.82549 0.17500
 293  0.80753 0.00000  0.82543 0.17502
 294  0.80948 0.00000  0.82555 0.17497
 295  0.81221 0.00000  0.82545 0.17501
 296  0.80174 0.00000  0.82544 0.17501
 297  0.81508 0.00000  0.82546 0.17501
 298  0.81624 0.00000  0.82558 0.17498
 299  0.84094 0.00000  0.82572 0.17497
 300  0.81413 0.00000  0.82568 0.17498
 301  0.82345 0.00000  0.82581 0.17496
 302  0.81846 0.00000  0.82579 0.17498
 303  0.81389 0.00000  0.82621 0.17492
 304  0.81324 0.00000  0.82597 0.17495
 305  0.79785 0.00000  0.82572 0.17499
 306  0.80782 0.00000  0.82588 0.17496
 307  0.80238 0.00000  0.82594 0.17496
 308  0.80474 0.00000  0.82600 0.17494
 309  0.81739 0.00000  0.82561 0.17503
 310  0.80353 0.00000  0.82557 0.17503
 311  0.80461 0.00000  0.82566 0.17501
 312  0.80647 0.00000  0.82556 0.17503
 313  0.82359 0.00000  0.82564 0.17502
 314  0.80804 0.00000  0.82562 0.17502
 315  0.81971 0.00000  0.82564 0.17503
 316  0.79228 0.00000  0.82555 0.17506
 317  0.81444 0.00000  0.82557 0.17507
 318  0.81384 0.00000  0.82558 0.17507
 319  0.80525 0.00000  0.82556 0.17509
 320  0.80358 0.00000  0.82556 0.17507
 321  0.81498 0.00000  0.82565 0.17503
 322  0.81787 0.00000  0.82601 0.17499
 323  0.80199 0.00000  0.82594 0.17499
 324  0.81811 0.00000  0.82619 0.17496
 325  0.81367 0.00000  0.82594 0.17499
 326  0.82710 0.00000  0.82650 0.17493
 327  0.79036 0.00000  0.82593 0.17499
 328  0.80628 0.00000  0.82569 0.17503
 329  0.81492 0.00000  0.82577 0.17503
 330  0.81228 0.00000  0.82569 0.17505
 331  0.81260 0.00000  0.82557 0.17512
 332  0.79816 0.00000  0.82558 0.17509
 333  0.82497 0.00000  0.82567 0.17507
 334  0.80548 0.00000  0.82569 0.17507
 335  0.80716 0.00000  0.82564 0.17508
 336  0.80929 0.00000  0.82570 0.17506
 337  0.80869 0.00000  0.82559 0.17511
 338  0.80397 0.00000  0.82564 0.17507
 339  0.79545 0.00000  0.82583 0.17502
 340  0.82469 0.00000  0.82563 0.17508
 341  0.81098 0.00000  0.82566 0.17507
 342  0.81595 0.00000  0.82577 0.17505
 343  0.81244 0.00000  0.82569 0.17508
 344  0.80841 0.00000  0.82562 0.17510
 345  0.82148 0.00000  0.82567 0.17509
 346  0.80690 0.00000  0.82564 0.17511
 347  0.79250 0.00000  0.82557 0.17512
 348  0.80141 0.00000  0.82560 0.17510
 349  0.81324 0.00000  0.82569 0.17507
 350  0.81097 0.00000  0.82562 0.17511
 351  0.80910 0.00000  0.82565 0.17510
 352  0.79556 0.00000  0.82582 0.17504
 353  0.81978 0.00000  0.82593 0.17502
 354  0.82169 0.00000  0.82565 0.17510
 355  0.81200 0.00000  0.82573 0.17507
 356  0.81486 0.00000  0.82583 0.17505
 357  0.81944 0.00000  0.82571 0.17510
 358  0.80451 0.00000  0.82575 0.17508
 359  0.80807 0.00000  0.82564 0.17511
 360  0.82717 0.00000  0.82583 0.17507
 361  0.81812 0.00000  0.82575 0.17509
 362  0.81082 0.00000  0.82568 0.17513
 363  0.82704 0.00000  0.82573 0.17514
 364  0.81369 0.00000  0.82573 0.17518
 365  0.81113 0.00000  0.82574 0.17514
 366  0.82225 0.00000  0.82576 0.17516
 367  0.81142 0.00000  0.82582 0.17510
 368  0.81702 0.00000  0.82581 0.17511
 369  0.80740 0.00000  0.82609 0.17502
 370  0.80118 0.00000  0.82663 0.17495
 371  0.82549 0.00000  0.82614 0.17501
 372  0.79960 0.00000  0.82612 0.17501
 373  0.81219 0.00000  0.82610 0.17500
 374  0.80895 0.00000  0.82586 0.17503
 375  0.80725 0.00000  0.82580 0.17505
 376  0.82012 0.00000  0.82588 0.17503
 377  0.81500 0.00000  0.82592 0.17502
 378  0.82509 0.00000  0.82585 0.17504
 379  0.81284 0.00000  0.82574 0.17509
 380  0.80695 0.00000  0.82591 0.17502
 381  0.81147 0.00000  0.82590 0.17502
 382  0.81492 0.00000  0.82608 0.17499
 383  0.81232 0.00000  0.82593 0.17501
 384  0.80062 0.00000  0.82588 0.17501
 385  0.82369 0.00000  0.82586 0.17503
 386  0.80418 0.00000  0.82580 0.17503
 387  0.81316 0.00000  0.82570 0.17506
 388  0.80261 0.00000  0.82575 0.17504
 389  0.80013 0.00000  0.82650 0.17492
 390  0.82152 0.00000  0.82600 0.17499
 391  0.83480 0.00000  0.82570 0.17507
 392  0.81979 0.00000  0.82589 0.17502
 393  0.81786 0.00000  0.82573 0.17510
 394  0.80009 0.00000  0.82588 0.17503
 395  0.81037 0.00000  0.82589 0.17502
 396  0.80830 0.00000  0.82572 0.17507
 397  0.81987 0.00000  0.82592 0.17502
 398  0.80925 0.00000  0.82584 0.17504
 399  0.81152 0.00000  0.82588 0.17504
 400  0.81183 0.00000  0.82607 0.17501
 401  0.79847 0.00000  0.82613 0.17498
 402  0.82241 0.00000  0.82601 0.17500
 403  0.81891 0.00000  0.82589 0.17503
 404  0.80674 0.00000  0.82610 0.17499
 405  0.80453 0.00000  0.82576 0.17506
 406  0.81248 0.00000  0.82576 0.17506
 407  0.81377 0.00000  0.82627 0.17497
 408  0.79921 0.00000  0.82620 0.17498
 409  0.81779 0.00000  0.82621 0.17497
 410  0.81941 0.00000  0.82596 0.17502
 411  0.80047 0.00000  0.82600 0.17501
 412  0.80899 0.00000  0.82581 0.17503
 413  0.81857 0.00000  0.82581 0.17505
 414  0.80450 0.00000  0.82615 0.17498
 415  0.80336 0.00000  0.82632 0.17496
 416  0.82956 0.00000  0.82570 0.17508
 417  0.79672 0.00000  0.82579 0.17504
 418  0.81515 0.00000  0.82580 0.17504
 419  0.81808 0.00000  0.82606 0.17499
 420  0.80684 0.00000  0.82585 0.17503
 421  0.82161 0.00000  0.82581 0.17504
 422  0.81509 0.00000  0.82568 0.17508
 423  0.81768 0.00000  0.82575 0.17506
 424  0.81153 0.00000  0.82562 0.17511
 425  0.82303 0.00000  0.82578 0.17505
 426  0.81581 0.00000  0.82583 0.17505
 427  0.82295 0.00000  0.82607 0.17500
 428  0.80932 0.00000  0.82595 0.17502
 429  0.80595 0.00000  0.82574 0.17506
 430  0.81358 0.00000  0.82561 0.17512
 431  0.81496 0.00000  0.82562 0.17511
 432  0.80932 0.00000  0.82570 0.17507
 433  0.81491 0.00000  0.82564 0.17511
 434  0.80654 0.00000  0.82575 0.17507
 435  0.81693 0.00000  0.82587 0.17504
 436  0.80848 0.00000  0.82562 0.17511
 437  0.81926 0.00000  0.82562 0.17512
 438  0.80925 0.00000  0.82578 0.17505
 439  0.80917 0.00000  0.82588 0.17503
 440  0.80271 0.00000  0.82564 0.17511
 441  0.80233 0.00000  0.82577 0.17505
 442  0.80317 0.00000  0.82604 0.17500
 443  0.81391 0.00000  0.82570 0.17507
 444  0.82182 0.00000  0.82572 0.17508
 445  0.80947 0.00000  0.82574 0.17506
 446  0.82672 0.00000  0.82608 0.17500
 447  0.80343 0.00000  0.82583 0.17504
 448  0.80986 0.00000  0.82561 0.17511
 449  0.79930 0.00000  0.82579 0.17505
 450  0.80046 0.00000  0.82563 0.17509
 451  0.81515 0.00000  0.82556 0.17513
 452  0.80541 0.00000  0.82557 0.17513
 453  0.81059 0.00000  0.82558 0.17512
 454  0.81731 0.00000  0.82557 0.17513
 455  0.82642 0.00000  0.82569 0.17508
 456  0.81901 0.00000  0.82558 0.17512
 457  0.81253 0.00000  0.82573 0.17506
 458  0.81764 0.00000  0.82569 0.17507
 459  0.80433 0.00000  0.82603 0.17500
 460  0.82335 0.00000  0.82597 0.17501
 461  0.81343 0.00000  0.82601 0.17500
 462  0.81336 0.00000  0.82588 0.17501
 463  0.81639 0.00000  0.82607 0.17498
 464  0.80973 0.00000  0.82576 0.17503
 465  0.82330 0.00000  0.82587 0.17501
 466  0.80066 0.00000  0.82611 0.17497
 467  0.80442 0.00000  0.82614 0.17496
 468  0.81645 0.00000  0.82573 0.17504
 469  0.80314 0.00000  0.82562 0.17507
 470  0.79959 0.00000  0.82596 0.17499
 471  0.80761 0.00000  0.82644 0.17493
 472  0.81048 0.00000  0.82600 0.17498
 473  0.81853 0.00000  0.82566 0.17505
 474  0.82375 0.00000  0.82585 0.17500
 475  0.81837 0.00000  0.82589 0.17500
 476  0.81103 0.00000  0.82605 0.17498
 477  0.82707 0.00000  0.82642 0.17494
 478  0.80663 0.00000  0.82589 0.17500
 479  0.80578 0.00000  0.82573 0.17503
 480  0.79037 0.00000  0.82569 0.17503
 481  0.80647 0.00000  0.82550 0.17509
 482  0.81616 0.00000  0.82596 0.17499
 483  0.80056 0.00000  0.82619 0.17496
 484  0.80334 0.00000  0.82574 0.17502
 485  0.80592 0.00000  0.82550 0.17507
 486  0.81569 0.00000  0.82557 0.17506
 487  0.82030 0.00000  0.82547 0.17511
 488  0.80412 0.00000  0.82553 0.17508
 489  0.81354 0.00000  0.82556 0.17507
 490  0.80949 0.00000  0.82564 0.17505
 491  0.81167 0.00000  0.82563 0.17505
 492  0.79711 0.00000  0.82549 0.17508
 493  0.81118 0.00000  0.82543 0.17511
 494  0.80668 0.00000  0.82554 0.17506
 495  0.80917 0.00000  0.82563 0.17504
 496  0.80322 0.00000  0.82555 0.17506
 497  0.81332 0.00000  0.82568 0.17503
 498  0.83078 0.00000  0.82552 0.17508
 499  0.80351 0.00000  0.82543 0.17512
processing 10000 predictions...

0%   10   20   30   40   50   60   70   80   90   100%
|----|----|----|----|----|----|----|----|----|----|
***************************************************
 done.
elapsed: [7650.79s cpu, 5640714.3008 mticks, 2110.47s wall]
score: 0.1581  baseline: 0.1635  diff: -0.00534
category UNKNOWN: count 0 avg error 0 baseline avg error 0 avg improvement 0
category AUTO: count 3347 avg error 0.0519871 baseline avg error 0.0652753 avg improvement 0.0132883
category POSS: count 5942 avg error 0.168923 baseline avg error 0.171225 avg improvement 0.0023019
category IMP: count 711 avg error 0.5676 baseline avg error 0.56085 avg improvement -0.00675064
overall: count 10000 avg error 0.158131 baseline avg error 0.163466 avg improvement 0.0053354
worst entries: 
0: 2576  label: 1 pred: -0.863579 bl: 0.1084 POSS error_pred: 0.908801 error_bl: 0.372362 improvement: -0.53644
    min: -0.83  max: 0.7845 avg: 0.0583975
explanation: 
no explanation

1: 1761  label: 1 pred: -0.774895 bl: 0.09385 POSS error_pred: 0.841099 error_bl: 0.391478 improvement: -0.449622
    min: -0.812  max: 0.6365 avg: -0.0227042
explanation: 
no explanation

2: 8384  label: 1 pred: -0.455961 bl: 0.37445 POSS error_pred: 0.511549 error_bl: 0.122063 improvement: -0.389486
    min: -0.8005  max: 0.807 avg: 0.172712
explanation: 
no explanation

3: 4928  label: 1 pred: -0.84397 bl: -0.00395 POSS error_pred: 0.896256 error_bl: 0.518519 improvement: -0.377738
    min: -0.752  max: 0.583 avg: -0.0377841
explanation: 
no explanation

4: 3407  label: 1 pred: -0.671788 bl: 0.11985 POSS error_pred: 0.732975 error_bl: 0.357427 improvement: -0.375548
    min: -0.7165  max: 0.6685 avg: 0.0178354
explanation: 
no explanation

5: 272  label: 1 pred: -0.65413 bl: 0.11735 POSS error_pred: 0.714456 error_bl: 0.360912 improvement: -0.353544
    min: -0.6425  max: 0.555 avg: 0.0193666
explanation: 
no explanation

6: 2760  label: 1 pred: -0.43082 bl: 0.3423 POSS error_pred: 0.491438 error_bl: 0.140781 improvement: -0.350657
    min: -0.828  max: 0.798 avg: 0.2119
explanation: 
no explanation

7: 4122  label: 1 pred: -0.882305 bl: -0.0529 POSS error_pred: 0.921545 error_bl: 0.580048 improvement: -0.341497
    min: -0.8785  max: 0.419 avg: -0.154837
explanation: 
no explanation

8: 8419  label: 1 pred: -0.677766 bl: 0.0815 POSS error_pred: 0.73855 error_bl: 0.407806 improvement: -0.330745
    min: -0.438  max: 0.801 avg: 0.208023
explanation: 
no explanation

9: 931  label: 1 pred: -0.557803 bl: 0.16045 POSS error_pred: 0.613501 error_bl: 0.313023 improvement: -0.300478
    min: -0.6155  max: 0.849 avg: 0.147088
explanation: 
no explanation

10: 1547  label: 1 pred: -0.997249 bl: -0.12985 POSS error_pred: 0.972919 error_bl: 0.683194 improvement: -0.289725
    min: -0.967  max: 0.6865 avg: -0.38775
explanation: 
no explanation

11: 8757  label: 1 pred: -0.618169 bl: 0.0928 POSS error_pred: 0.675627 error_bl: 0.392274 improvement: -0.283353
    min: -0.7995  max: 0.5695 avg: -0.131028
explanation: 
no explanation

12: 9699  label: 1 pred: -0.349972 bl: 0.33255 POSS error_pred: 0.430307 error_bl: 0.14775 improvement: -0.282557
    min: -0.62  max: 0.862 avg: 0.14097
explanation: 
no explanation

13: 8226  label: 1 pred: -0.651664 bl: 0.06075 POSS error_pred: 0.713063 error_bl: 0.433393 improvement: -0.279669
    min: -0.681  max: 0.742 avg: -0.00170503
explanation: 
no explanation

14: 1441  label: 1 pred: -0.434571 bl: 0.25165 POSS error_pred: 0.494225 error_bl: 0.214656 improvement: -0.27957
    min: -0.6365  max: 0.8185 avg: 0.176041
explanation: 
no explanation

15: 3873  label: 1 pred: -0.832409 bl: -0.08065 POSS error_pred: 0.887893 error_bl: 0.617881 improvement: -0.270012
    min: -0.8175  max: 0.5805 avg: 0.117659
explanation: 
no explanation

16: 213  label: 1 pred: -0.439127 bl: 0.2362 POSS error_pred: 0.498407 error_bl: 0.229988 improvement: -0.268419
    min: -0.716  max: 0.578 avg: 0.00712641
explanation: 
no explanation

17: 2882  label: 1 pred: -0.449002 bl: 0.2224 POSS error_pred: 0.506173 error_bl: 0.241935 improvement: -0.264237
    min: -0.6785  max: 0.655 avg: 0.192834
explanation: 
no explanation

18: 1418  label: 1 pred: -0.533562 bl: 0.149 POSS error_pred: 0.591 error_bl: 0.326961 improvement: -0.264038
    min: -0.859  max: 0.9175 avg: 0.0624135
explanation: 
no explanation

19: 7111  label: 1 pred: -0.649421 bl: 0.0451 POSS error_pred: 0.709279 error_bl: 0.453903 improvement: -0.255376
    min: -0.9275  max: 0.8345 avg: -0.0254127
explanation: 
no explanation

20: 3768  label: 1 pred: -0.532737 bl: 0.14185 POSS error_pred: 0.590203 error_bl: 0.335125 improvement: -0.255078
    min: -0.508  max: 0.5525 avg: 0.0640043
explanation: 
no explanation

21: 5086  label: 1 pred: -0.319262 bl: 0.31715 POSS error_pred: 0.409 error_bl: 0.1591 improvement: -0.2499
    min: -0.8305  max: 0.569 avg: 0.0911051
explanation: 
no explanation

22: 3141  label: 1 pred: -0.807284 bl: -0.09565 POSS error_pred: 0.869972 error_bl: 0.637595 improvement: -0.232378
    min: -0.6865  max: 0.3915 avg: -0.180498
explanation: 
no explanation

23: 249  label: 1 pred: -0.581297 bl: 0.08175 POSS error_pred: 0.638789 error_bl: 0.407706 improvement: -0.231083
    min: -0.5095  max: 0.3745 avg: -0.094729
explanation: 
no explanation

24: 9043  label: 1 pred: -0.763103 bl: -0.07005 POSS error_pred: 0.829948 error_bl: 0.602549 improvement: -0.227399
    min: -0.573  max: 0.6325 avg: -0.0489791
explanation: 
no explanation

25: 3849  label: 1 pred: -0.293565 bl: 0.30915 POSS error_pred: 0.393469 error_bl: 0.166069 improvement: -0.227399
    min: -0.7375  max: 0.732 avg: 0.135916
explanation: 
no explanation

26: 6602  label: 1 pred: -0.676857 bl: 0.00115 POSS error_pred: 0.737555 error_bl: 0.510554 improvement: -0.227001
    min: -0.5505  max: 0.4435 avg: 0.0258684
explanation: 
no explanation

27: 7233  label: 1 pred: -0.8255 bl: -0.11005 POSS error_pred: 0.883513 error_bl: 0.658104 improvement: -0.225408
    min: -0.859  max: 0.4245 avg: -0.0596672
explanation: 
no explanation

28: 7287  label: 1 pred: -0.072998 bl: 0.48375 POSS error_pred: 0.284548 error_bl: 0.0615293 improvement: -0.223019
    min: -0.213  max: 1 avg: 0.425531
explanation: 
no explanation

29: 5900  label: 1 pred: -0.854143 bl: -0.1317 POSS error_pred: 0.903226 error_bl: 0.684588 improvement: -0.218638
    min: -0.6775  max: 0.4605 avg: -0.16065
explanation: 
no explanation

30: 3090  label: 1 pred: -0.0858612 bl: 0.45915 POSS error_pred: 0.290721 error_bl: 0.0730785 improvement: -0.217642
    min: -0.5395  max: 0.746 avg: 0.21589
explanation: 
no explanation

31: 1754  label: 1 pred: -0.599439 bl: 0.05625 POSS error_pred: 0.657308 error_bl: 0.440661 improvement: -0.216647
    min: -0.5015  max: 0.3335 avg: -0.0404188
explanation: 
no explanation

32: 4693  label: 1 pred: -0.807649 bl: -0.10925 POSS error_pred: 0.87037 error_bl: 0.65671 improvement: -0.21366
    min: -0.753  max: 0.438 avg: -0.101332
explanation: 
no explanation

33: 9974  label: 1 pred: -0.369092 bl: 0.23565 POSS error_pred: 0.443648 error_bl: 0.229988 improvement: -0.21366
    min: -0.7275  max: 0.4205 avg: 0.13811
explanation: 
no explanation

34: 4377  label: 1 pred: -0.79289 bl: -0.10075 POSS error_pred: 0.857427 error_bl: 0.644763 improvement: -0.212664
    min: -0.9275  max: 0.9535 avg: -0.121816
explanation: 
no explanation

35: 2902  label: 1 pred: -0.632191 bl: 0.02675 POSS error_pred: 0.691358 error_bl: 0.479291 improvement: -0.212067
    min: -0.6  max: 0.5545 avg: 0.0420217
explanation: 
no explanation

36: 750  label: 1 pred: -0.849669 bl: -0.1436 POSS error_pred: 0.899442 error_bl: 0.697232 improvement: -0.20221
    min: -0.7135  max: 0.38 avg: -0.102057
explanation: 
no explanation

37: 4117  label: 1 pred: -0.442663 bl: 0.1704 POSS error_pred: 0.500398 error_bl: 0.299283 improvement: -0.201115
    min: -0.494  max: 0.5295 avg: 0.0985721
explanation: 
no explanation

38: 4762  label: 1 pred: -0.884543 bl: -0.1661 POSS error_pred: 0.923138 error_bl: 0.72282 improvement: -0.200319
    min: -0.828  max: 0.274 avg: -0.166959
explanation: 
no explanation

39: 3303  label: 1 pred: -0.352002 bl: 0.23395 POSS error_pred: 0.431501 error_bl: 0.231183 improvement: -0.200319
    min: -0.53  max: 0.8185 avg: 0.216276
explanation: 
no explanation

40: 536  label: 1 pred: -0.291908 bl: 0.27315 POSS error_pred: 0.392473 error_bl: 0.192951 improvement: -0.199522
    min: -0.4475  max: 0.897 avg: 0.264372
explanation: 
no explanation

41: 5220  label: 1 pred: -0.725636 bl: -0.06095 POSS error_pred: 0.789526 error_bl: 0.590701 improvement: -0.198825
    min: -0.778  max: 0.391 avg: -0.0551242
explanation: 
no explanation

42: 6428  label: 1 pred: -0.519607 bl: 0.10245 POSS error_pred: 0.577857 error_bl: 0.380725 improvement: -0.197133
    min: -0.702  max: 0.626 avg: 0.230155
explanation: 
no explanation

43: 4214  label: 1 pred: -0.530288 bl: 0.0934 POSS error_pred: 0.588212 error_bl: 0.391677 improvement: -0.196535
    min: -0.6065  max: 0.454 avg: 0.0518931
explanation: 
no explanation

44: 3991  label: 1 pred: -0.303875 bl: 0.2608 POSS error_pred: 0.399243 error_bl: 0.204102 improvement: -0.195141
    min: -0.4995  max: 0.7985 avg: -0.0449257
explanation: 
no explanation

45: 9090  label: 1 pred: -0.707302 bl: -0.04785 POSS error_pred: 0.769215 error_bl: 0.574472 improvement: -0.194743
    min: -0.607  max: 0.46 avg: -0.10109
explanation: 
no explanation

46: 669  label: 1 pred: -0.573701 bl: 0.0598 POSS error_pred: 0.630227 error_bl: 0.435583 improvement: -0.194644
    min: -0.575  max: 0.5735 avg: -0.051083
explanation: 
no explanation

47: 8993  label: 1 pred: -0.493338 bl: 0.12525 POSS error_pred: 0.545798 error_bl: 0.351454 improvement: -0.194345
    min: -0.718  max: 0.6875 avg: 0.243767
explanation: 
no explanation

48: 8271  label: 1 pred: -0.656856 bl: -0.0076 POSS error_pred: 0.717244 error_bl: 0.523497 improvement: -0.193748
    min: -0.6345  max: 0.601 avg: 0.0833163
explanation: 
no explanation

49: 5048  label: 1 pred: -0.21332 bl: 0.31495 POSS error_pred: 0.352051 error_bl: 0.160892 improvement: -0.191159
    min: -0.572  max: 0.6535 avg: 0.136573
explanation: 
no explanation

best entries: 
0: 7534  label: -1 pred: -0.318892 bl: 0.5705 POSS error_pred: 0.0984331 error_bl: 0.756227 improvement: 0.657794
1: 657  label: -1 pred: -0.640283 bl: 0.5105 POSS error_pred: 0.0263158 error_bl: 0.671254 improvement: 0.644938
2: 7193  label: -1 pred: -0.419548 bl: 0.49475 POSS error_pred: 0.074327 error_bl: 0.646043 improvement: 0.571716
3: 363  label: -1 pred: -0.277342 bl: 0.47065 POSS error_pred: 0.108879 error_bl: 0.607372 improvement: 0.498493
4: 9754  label: -1 pred: -0.200156 bl: 0.44215 POSS error_pred: 0.131981 error_bl: 0.560064 improvement: 0.428084
5: 5799  label: -1 pred: 0.475752 bl: 0.75565 POSS error_pred: 0.527119 error_bl: 0.937123 improvement: 0.410004
6: 5369  label: -1 pred: -0.529788 bl: 0.3811 POSS error_pred: 0.0498192 error_bl: 0.45671 improvement: 0.40689
7: 6785  label: -1 pred: 0.246294 bl: 0.5458 POSS error_pred: 0.347328 error_bl: 0.725191 improvement: 0.377863
8: 9694  label: -1 pred: 0.476504 bl: 0.70485 POSS error_pred: 0.527722 error_bl: 0.899759 improvement: 0.372037
9: 222  label: -1 pred: 0.529906 bl: 0.7473 POSS error_pred: 0.575131 error_bl: 0.931298 improvement: 0.356167
10: 6838  label: -1 pred: 0.150585 bl: 0.48985 POSS error_pred: 0.290277 error_bl: 0.63861 improvement: 0.348333
11: 497  label: -1 pred: 0.398596 bl: 0.61105 POSS error_pred: 0.462636 error_bl: 0.808055 improvement: 0.34542
12: 6478  label: -1 pred: 0.516467 bl: 0.6926 POSS error_pred: 0.563479 error_bl: 0.889916 improvement: 0.326436
13: 958  label: -1 pred: 0.487545 bl: 0.63815 POSS error_pred: 0.537967 error_bl: 0.842507 improvement: 0.30454
14: 2149  label: -1 pred: 0.218694 bl: 0.4857 POSS error_pred: 0.328445 error_bl: 0.632182 improvement: 0.303736
15: 2133  label: -1 pred: 0.340526 bl: 0.53725 POSS error_pred: 0.413821 error_bl: 0.711029 improvement: 0.297208
16: 6098  label: -1 pred: 0.269105 bl: 0.5023 POSS error_pred: 0.364805 error_bl: 0.658598 improvement: 0.293793
17: 645  label: -1 pred: 0.555623 bl: 0.6913 IMP error_pred: 0.597429 error_bl: 0.887806 improvement: 0.290378
18: 5053  label: -1 pred: 0.644268 bl: 0.85825 IMP error_pred: 0.698272 error_bl: 0.978907 improvement: 0.280635
19: 8842  label: -1 pred: 0.541636 bl: 0.65865 POSS error_pred: 0.583568 error_bl: 0.861892 improvement: 0.278325
20: 8852  label: -1 pred: 0.462259 bl: 0.6012 POSS error_pred: 0.516071 error_bl: 0.793692 improvement: 0.277622
21: 2653  label: -1 pred: 0.207206 bl: 0.46365 POSS error_pred: 0.321816 error_bl: 0.595621 improvement: 0.273805
22: 581  label: -1 pred: 0.540971 bl: 0.65035 POSS error_pred: 0.582965 error_bl: 0.853556 improvement: 0.270591
23: 751  label: -1 pred: 0.662921 bl: 0.86975 IMP error_pred: 0.719164 error_bl: 0.980313 improvement: 0.261149
24: 5582  label: -1 pred: 0.615377 bl: 0.73155 POSS error_pred: 0.661712 error_bl: 0.917738 improvement: 0.256027
25: 6192  label: -1 pred: 0.270572 bl: 0.4775 POSS error_pred: 0.365207 error_bl: 0.617115 improvement: 0.251908
26: 8578  label: -1 pred: 0.592568 bl: 0.68655 IMP error_pred: 0.637605 error_bl: 0.884291 improvement: 0.246685
27: 2192  label: -1 pred: 0.325602 bl: 0.4969 POSS error_pred: 0.403174 error_bl: 0.649458 improvement: 0.246284
28: 686  label: -1 pred: 0.356963 bl: 0.5108 POSS error_pred: 0.425271 error_bl: 0.671454 improvement: 0.246183
29: 6967  label: -1 pred: 0.397106 bl: 0.53375 POSS error_pred: 0.460828 error_bl: 0.705203 improvement: 0.244375
30: 8121  label: -1 pred: 0.536842 bl: 0.6206 IMP error_pred: 0.579349 error_bl: 0.820209 improvement: 0.24086
31: 2234  label: -1 pred: 0.494048 bl: 0.5954 IMP error_pred: 0.546404 error_bl: 0.786862 improvement: 0.240458
32: 8252  label: -1 pred: 0.0265144 bl: 0.38665 POSS error_pred: 0.228606 error_bl: 0.467658 improvement: 0.239052
33: 1891  label: -1 pred: 0.0147681 bl: 0.38375 POSS error_pred: 0.223986 error_bl: 0.462234 improvement: 0.238248
34: 1130  label: -1 pred: 0.604078 bl: 0.69105 IMP error_pred: 0.650663 error_bl: 0.887304 improvement: 0.236641
35: 5232  label: -1 pred: 0.581708 bl: 0.6568 IMP error_pred: 0.625552 error_bl: 0.859984 improvement: 0.234432
36: 6541  label: -1 pred: 0.577395 bl: 0.65155 POSS error_pred: 0.621334 error_bl: 0.85456 improvement: 0.233226
37: 2510  label: -1 pred: 0.257364 bl: 0.45885 POSS error_pred: 0.354962 error_bl: 0.587987 improvement: 0.233025
38: 1953  label: -1 pred: 0.34424 bl: 0.496 POSS error_pred: 0.415428 error_bl: 0.648051 improvement: 0.232624
39: 1333  label: -1 pred: 0.289899 bl: 0.4703 POSS error_pred: 0.377059 error_bl: 0.60687 improvement: 0.229811
40: 5685  label: -1 pred: 0.29115 bl: 0.4687 POSS error_pred: 0.377863 error_bl: 0.604058 improvement: 0.226195
41: 2947  label: -1 pred: 0.611465 bl: 0.68375 IMP error_pred: 0.657091 error_bl: 0.88188 improvement: 0.224789
42: 6151  label: -1 pred: -0.405659 bl: 0.27855 POSS error_pred: 0.077943 error_bl: 0.301527 improvement: 0.223584
43: 8039  label: -1 pred: -0.198222 bl: 0.31055 POSS error_pred: 0.132382 error_bl: 0.352853 improvement: 0.22047
44: 3934  label: -1 pred: 0.432486 bl: 0.53745 POSS error_pred: 0.493773 error_bl: 0.712033 improvement: 0.21826
45: 2849  label: -1 pred: -0.510024 bl: 0.25625 POSS error_pred: 0.053636 error_bl: 0.271093 improvement: 0.217457
46: 4292  label: -1 pred: 0.103773 bl: 0.3975 POSS error_pred: 0.268984 error_bl: 0.485838 improvement: 0.216854
47: 6351  label: -1 pred: 0.21585 bl: 0.432 POSS error_pred: 0.326235 error_bl: 0.542989 improvement: 0.216754
48: 8881  label: -1 pred: 0.501394 bl: 0.5809 POSS error_pred: 0.55223 error_bl: 0.767979 improvement: 0.215749
49: 7884  label: -1 pred: 0.38431 bl: 0.5059 POSS error_pred: 0.449578 error_bl: 0.665127 improvement: 0.215548

total is 0
score for UNKNOWN: 1.0000 baseline: 1.0000 diff: 0.0000
total is 3347
score for AUTO: 0.0000 baseline: 0.0000 diff: 0.0000
total is 5942
score for POSS: 0.2401 baseline: 0.2389 diff: 0.0012
total is 711
score for IMP: 1.0000 baseline: 1.0000 diff: 0.0000
writing 50000 official test outputs

0%   10   20   30   40   50   60   70   80   90   100%
|----|----|----|----|----|----|----|----|----|----|
***************************************************
scores: [ 0.158131 ]
0.1581 +/-    nan
7424.94user 252.50system 35:20.08elapsed 362%CPU (0avgtext+0avgdata 0maxresident)k
0inputs+1104outputs (0major+89744407minor)pagefaults 0swaps
