loading data...Twoway_Layer::random_fill(): limit = 0.103695 ni = 93 no = 50
Twoway_Layer::random_fill(): limit = 0.141421 ni = 50 no = 1
iter  ---- train ----  ---- test -----
         rmse     auc     rmse     auc
   0  0.51494 0.00000  0.46915 0.00000
   1  0.46411 0.00000  0.45791 0.00000
   2  0.46879 0.00000  0.45510 0.00000
   3  0.45346 0.00000  0.45334 0.00000
   4  0.45872 0.00000  0.45246 0.00000
   5  0.45515 0.00000  0.45182 0.00000
   6  0.45307 0.00000  0.45115 0.00000
   7  0.45738 0.00000  0.45045 0.00000
   8  0.46197 0.00000  0.44989 0.00000
   9  0.45170 0.00000  0.44930 0.00000
  10  0.44620 0.00000  0.44881 0.00000
  11  0.44734 0.00000  0.44833 0.00000
  12  0.45468 0.00000  0.44781 0.00000
  13  0.45036 0.00000  0.44744 0.00000
  14  0.44693 0.00000  0.44699 0.00000
  15  0.45956 0.00000  0.44656 0.00000
  16  0.44402 0.00000  0.44614 0.00000
  17  0.44295 0.00000  0.44579 0.00000
  18  0.43550 0.00000  0.44548 0.00000
  19  0.44467 0.00000  0.44514 0.00000
  20  0.46155 0.00000  0.44487 0.00000
  21  0.44792 0.00000  0.44460 0.00000
  22  0.44373 0.00000  0.44429 0.00000
  23  0.45437 0.00000  0.44403 0.00000
  24  0.43856 0.00000  0.44393 0.00000
  25  0.43170 0.00000  0.44363 0.00000
  26  0.45412 0.00000  0.44339 0.00000
  27  0.44872 0.00000  0.44325 0.00000
  28  0.44998 0.00000  0.44304 0.00000
  29  0.44355 0.00000  0.44284 0.00000
  30  0.45122 0.00000  0.44266 0.00000
  31  0.44200 0.00000  0.44247 0.00000
  32  0.44144 0.00000  0.44234 0.00000
  33  0.45241 0.00000  0.44238 0.00000
  34  0.43791 0.00000  0.44210 0.00000
  35  0.45339 0.00000  0.44193 0.00000
  36  0.43783 0.00000  0.44183 0.00000
  37  0.44828 0.00000  0.44165 0.00000
  38  0.43895 0.00000  0.44152 0.00000
  39  0.45163 0.00000  0.44141 0.00000
  40  0.45119 0.00000  0.44141 0.00000
  41  0.44385 0.00000  0.44125 0.00000
  42  0.43777 0.00000  0.44114 0.00000
  43  0.43866 0.00000  0.44098 0.00000
  44  0.43302 0.00000  0.44089 0.00000
  45  0.44082 0.00000  0.44091 0.00000
  46  0.44529 0.00000  0.44081 0.00000
  47  0.43183 0.00000  0.44064 0.00000
  48  0.44665 0.00000  0.44061 0.00000
  49  0.43778 0.00000  0.44056 0.00000
  50  0.44541 0.00000  0.44048 0.00000
  51  0.44464 0.00000  0.44036 0.00000
  52  0.44727 0.00000  0.44032 0.00000
  53  0.44947 0.00000  0.44025 0.00000
  54  0.43063 0.00000  0.44016 0.00000
  55  0.44499 0.00000  0.44016 0.00000
  56  0.44780 0.00000  0.44018 0.00000
  57  0.43840 0.00000  0.44011 0.00000
  58  0.43795 0.00000  0.43997 0.00000
  59  0.44863 0.00000  0.43993 0.00000
  60  0.44339 0.00000  0.43995 0.00000
  61  0.43250 0.00000  0.43988 0.00000
  62  0.45460 0.00000  0.43987 0.00000
  63  0.44115 0.00000  0.43979 0.00000
  64  0.43469 0.00000  0.43975 0.00000
  65  0.43279 0.00000  0.43968 0.00000
  66  0.44241 0.00000  0.43963 0.00000
  67  0.44146 0.00000  0.43962 0.00000
  68  0.43432 0.00000  0.43966 0.00000
  69  0.44601 0.00000  0.43957 0.00000
  70  0.43634 0.00000  0.43959 0.00000
  71  0.43708 0.00000  0.43943 0.00000
  72  0.44671 0.00000  0.43948 0.00000
  73  0.43991 0.00000  0.43940 0.00000
  74  0.44325 0.00000  0.43941 0.00000
  75  0.42313 0.00000  0.43940 0.00000
  76  0.44264 0.00000  0.43940 0.00000
  77  0.43478 0.00000  0.43938 0.00000
  78  0.44816 0.00000  0.43943 0.00000
  79  0.43203 0.00000  0.43941 0.00000
  80  0.44316 0.00000  0.43934 0.00000
  81  0.43242 0.00000  0.43926 0.00000
  82  0.44707 0.00000  0.43926 0.00000
  83  0.43945 0.00000  0.43925 0.00000
  84  0.44204 0.00000  0.43929 0.00000
  85  0.44247 0.00000  0.43927 0.00000
  86  0.43798 0.00000  0.43919 0.00000
  87  0.42911 0.00000  0.43918 0.00000
  88  0.44127 0.00000  0.43918 0.00000
  89  0.43118 0.00000  0.43916 0.00000
  90  0.43660 0.00000  0.43926 0.00000
  91  0.44304 0.00000  0.43917 0.00000
  92  0.45265 0.00000  0.43928 0.00000
  93  0.42520 0.00000  0.43908 0.00000
  94  0.44041 0.00000  0.43915 0.00000
  95  0.43740 0.00000  0.43910 0.00000
  96  0.43486 0.00000  0.43914 0.00000
  97  0.43991 0.00000  0.43912 0.00000
  98  0.43261 0.00000  0.43910 0.00000
  99  0.44507 0.00000  0.43909 0.00000
 100  0.44540 0.00000  0.43913 0.00000
 101  0.44259 0.00000  0.43912 0.00000
 102  0.43336 0.00000  0.43903 0.00000
 103  0.44525 0.00000  0.43901 0.00000
 104  0.44311 0.00000  0.43899 0.00000
 105  0.44539 0.00000  0.43908 0.00000
 106  0.43553 0.00000  0.43892 0.00000
 107  0.43977 0.00000  0.43893 0.00000
 108  0.43376 0.00000  0.43890 0.00000
 109  0.43483 0.00000  0.43889 0.00000
 110  0.44223 0.00000  0.43889 0.00000
 111  0.44162 0.00000  0.43894 0.00000
 112  0.42702 0.00000  0.43893 0.00000
 113  0.42700 0.00000  0.43890 0.00000
 114  0.42957 0.00000  0.43890 0.00000
 115  0.43344 0.00000  0.43892 0.00000
 116  0.43564 0.00000  0.43891 0.00000
 117  0.43172 0.00000  0.43886 0.00000
 118  0.44038 0.00000  0.43889 0.00000
 119  0.43126 0.00000  0.43890 0.00000
 120  0.43825 0.00000  0.43886 0.00000
 121  0.43616 0.00000  0.43890 0.00000
 122  0.43243 0.00000  0.43893 0.00000
 123  0.43342 0.00000  0.43899 0.00000
 124  0.44476 0.00000  0.43898 0.00000
 125  0.43476 0.00000  0.43897 0.00000
 126  0.43612 0.00000  0.43903 0.00000
 127  0.44242 0.00000  0.43904 0.00000
 128  0.43747 0.00000  0.43898 0.00000
 129  0.43697 0.00000  0.43899 0.00000
 130  0.44415 0.00000  0.43904 0.00000
 131  0.43786 0.00000  0.43907 0.00000
 132  0.44975 0.00000  0.43906 0.00000
 133  0.43557 0.00000  0.43906 0.00000
 134  0.42760 0.00000  0.43908 0.00000
 135  0.44744 0.00000  0.43906 0.00000
 136  0.43770 0.00000  0.43901 0.00000
 137  0.42742 0.00000  0.43902 0.00000
 138  0.43936 0.00000  0.43903 0.00000
 139  0.43931 0.00000  0.43909 0.00000
 140  0.42656 0.00000  0.43908 0.00000
 141  0.45352 0.00000  0.43915 0.00000
 142  0.44501 0.00000  0.43910 0.00000
 143  0.44152 0.00000  0.43912 0.00000
 144  0.45814 0.00000  0.43923 0.00000
 145  0.43394 0.00000  0.43915 0.00000
 146  0.44065 0.00000  0.43923 0.00000
 147  0.43256 0.00000  0.43915 0.00000
 148  0.44069 0.00000  0.43927 0.00000
 149  0.43331 0.00000  0.43920 0.00000
 150  0.44373 0.00000  0.43916 0.00000
 151  0.44550 0.00000  0.43917 0.00000
 152  0.44117 0.00000  0.43918 0.00000
 153  0.44225 0.00000  0.43917 0.00000
 154  0.44861 0.00000  0.43920 0.00000
 155  0.44405 0.00000  0.43925 0.00000
 156  0.44156 0.00000  0.43922 0.00000
 157  0.44323 0.00000  0.43917 0.00000
 158  0.43741 0.00000  0.43920 0.00000
 159  0.43353 0.00000  0.43920 0.00000
 160  0.43184 0.00000  0.43919 0.00000
 161  0.44532 0.00000  0.43913 0.00000
 162  0.43386 0.00000  0.43912 0.00000
 163  0.44465 0.00000  0.43914 0.00000
 164  0.43022 0.00000  0.43915 0.00000
 165  0.44129 0.00000  0.43914 0.00000
 166  0.44521 0.00000  0.43918 0.00000
 167  0.43970 0.00000  0.43921 0.00000
 168  0.44132 0.00000  0.43924 0.00000
 169  0.43215 0.00000  0.43919 0.00000
 170  0.42956 0.00000  0.43923 0.00000
 171  0.44638 0.00000  0.43928 0.00000
 172  0.44723 0.00000  0.43921 0.00000
 173  0.43102 0.00000  0.43926 0.00000
 174  0.44646 0.00000  0.43933 0.00000
 175  0.43631 0.00000  0.43932 0.00000
 176  0.44035 0.00000  0.43931 0.00000
 177  0.43755 0.00000  0.43932 0.00000
 178  0.44546 0.00000  0.43946 0.00000
 179  0.42971 0.00000  0.43938 0.00000
 180  0.44799 0.00000  0.43940 0.00000
 181  0.43409 0.00000  0.43944 0.00000
 182  0.43981 0.00000  0.43943 0.00000
 183  0.43771 0.00000  0.43943 0.00000
 184  0.43073 0.00000  0.43943 0.00000
 185  0.44120 0.00000  0.43948 0.00000
 186  0.43246 0.00000  0.43944 0.00000
 187  0.42909 0.00000  0.43943 0.00000
 188  0.43222 0.00000  0.43946 0.00000
 189  0.43635 0.00000  0.43951 0.00000
 190  0.44562 0.00000  0.43953 0.00000
 191  0.42978 0.00000  0.43948 0.00000
 192  0.44093 0.00000  0.43954 0.00000
 193  0.44476 0.00000  0.43955 0.00000
 194  0.45078 0.00000  0.43961 0.00000
 195  0.42987 0.00000  0.43959 0.00000
 196  0.43884 0.00000  0.43953 0.00000
 197  0.43919 0.00000  0.43953 0.00000
 198  0.43726 0.00000  0.43951 0.00000
 199  0.43664 0.00000  0.43959 0.00000
 200  0.42799 0.00000  0.43954 0.00000
 201  0.44131 0.00000  0.43958 0.00000
 202  0.44463 0.00000  0.43954 0.00000
 203  0.43426 0.00000  0.43960 0.00000
 204  0.44140 0.00000  0.43958 0.00000
 205  0.43731 0.00000  0.43955 0.00000
 206  0.42611 0.00000  0.43948 0.00000
 207  0.42613 0.00000  0.43949 0.00000
 208  0.43668 0.00000  0.43954 0.00000
 209  0.43832 0.00000  0.43956 0.00000
 210  0.43119 0.00000  0.43953 0.00000
 211  0.44800 0.00000  0.43957 0.00000
 212  0.43348 0.00000  0.43959 0.00000
 213  0.43691 0.00000  0.43956 0.00000
 214  0.44283 0.00000  0.43957 0.00000
 215  0.43001 0.00000  0.43957 0.00000
 216  0.44107 0.00000  0.43955 0.00000
 217  0.43223 0.00000  0.43960 0.00000
 218  0.42806 0.00000  0.43963 0.00000
 219  0.43917 0.00000  0.43965 0.00000
 220  0.43703 0.00000  0.43965 0.00000
 221  0.43085 0.00000  0.43965 0.00000
 222  0.43969 0.00000  0.43968 0.00000
 223  0.43365 0.00000  0.43965 0.00000
 224  0.43587 0.00000  0.43966 0.00000
 225  0.43210 0.00000  0.43961 0.00000
 226  0.42712 0.00000  0.43965 0.00000
 227  0.43938 0.00000  0.43962 0.00000
 228  0.44468 0.00000  0.43961 0.00000
 229  0.43678 0.00000  0.43966 0.00000
 230  0.44430 0.00000  0.43966 0.00000
 231  0.43653 0.00000  0.43967 0.00000
 232  0.44328 0.00000  0.43970 0.00000
 233  0.43405 0.00000  0.43968 0.00000
 234  0.43349 0.00000  0.43971 0.00000
 235  0.43705 0.00000  0.43973 0.00000
 236  0.43997 0.00000  0.43965 0.00000
 237  0.43225 0.00000  0.43968 0.00000
 238  0.44009 0.00000  0.43969 0.00000
 239  0.44235 0.00000  0.43964 0.00000
 240  0.43621 0.00000  0.43963 0.00000
 241  0.43774 0.00000  0.43961 0.00000
 242  0.43458 0.00000  0.43963 0.00000
 243  0.43041 0.00000  0.43964 0.00000
 244  0.43208 0.00000  0.43972 0.00000
 245  0.43091 0.00000  0.43974 0.00000
 246  0.43455 0.00000  0.43976 0.00000
 247  0.44097 0.00000  0.43975 0.00000
 248  0.44539 0.00000  0.43974 0.00000
 249  0.43204 0.00000  0.43972 0.00000
 250  0.43769 0.00000  0.43972 0.00000
 251  0.44063 0.00000  0.43969 0.00000
 252  0.42835 0.00000  0.43967 0.00000
 253  0.43450 0.00000  0.43966 0.00000
 254  0.43822 0.00000  0.43966 0.00000
 255  0.43049 0.00000  0.43966 0.00000
 256  0.43516 0.00000  0.43966 0.00000
 257  0.44209 0.00000  0.43970 0.00000
 258  0.43436 0.00000  0.43971 0.00000
 259  0.44399 0.00000  0.43983 0.00000
 260  0.44141 0.00000  0.43977 0.00000
 261  0.43896 0.00000  0.43971 0.00000
 262  0.42963 0.00000  0.43972 0.00000
 263  0.44223 0.00000  0.43974 0.00000
 264  0.44601 0.00000  0.43975 0.00000
 265  0.43320 0.00000  0.43972 0.00000
 266  0.43572 0.00000  0.43974 0.00000
 267  0.43294 0.00000  0.43972 0.00000
 268  0.42900 0.00000  0.43974 0.00000
 269  0.43612 0.00000  0.43972 0.00000
 270  0.42923 0.00000  0.43973 0.00000
 271  0.43988 0.00000  0.43980 0.00000
 272  0.43332 0.00000  0.43979 0.00000
 273  0.43101 0.00000  0.43978 0.00000
 274  0.44195 0.00000  0.43980 0.00000
 275  0.43570 0.00000  0.43986 0.00000
 276  0.44635 0.00000  0.43988 0.00000
 277  0.45111 0.00000  0.43988 0.00000
 278  0.44326 0.00000  0.43987 0.00000
 279  0.43229 0.00000  0.43987 0.00000
 280  0.43474 0.00000  0.43986 0.00000
 281  0.43973 0.00000  0.43983 0.00000
 282  0.43658 0.00000  0.43980 0.00000
 283  0.43641 0.00000  0.43978 0.00000
 284  0.44723 0.00000  0.43979 0.00000
 285  0.44123 0.00000  0.43971 0.00000
 286  0.43980 0.00000  0.43974 0.00000
 287  0.43278 0.00000  0.43975 0.00000
 288  0.44202 0.00000  0.43970 0.00000
 289  0.44085 0.00000  0.43967 0.00000
 290  0.43044 0.00000  0.43966 0.00000
 291  0.43620 0.00000  0.43970 0.00000
 292  0.44694 0.00000  0.43970 0.00000
 293  0.44018 0.00000  0.43970 0.00000
 294  0.42821 0.00000  0.43970 0.00000
 295  0.42915 0.00000  0.43973 0.00000
 296  0.44203 0.00000  0.43971 0.00000
 297  0.43102 0.00000  0.43971 0.00000
 298  0.42835 0.00000  0.43970 0.00000
 299  0.42461 0.00000  0.43967 0.00000
 300  0.44477 0.00000  0.43966 0.00000
 301  0.43873 0.00000  0.43972 0.00000
 302  0.45059 0.00000  0.43976 0.00000
 303  0.44063 0.00000  0.43977 0.00000
 304  0.43760 0.00000  0.43978 0.00000
 305  0.44157 0.00000  0.43979 0.00000
 306  0.43080 0.00000  0.43976 0.00000
 307  0.43965 0.00000  0.43979 0.00000
 308  0.42486 0.00000  0.43984 0.00000
 309  0.43510 0.00000  0.43980 0.00000
 310  0.43967 0.00000  0.43984 0.00000
 311  0.43574 0.00000  0.43984 0.00000
 312  0.42985 0.00000  0.43981 0.00000
 313  0.42858 0.00000  0.43982 0.00000
 314  0.42884 0.00000  0.43985 0.00000
 315  0.42709 0.00000  0.43988 0.00000
 316  0.43586 0.00000  0.43986 0.00000
 317  0.43946 0.00000  0.43981 0.00000
 318  0.43304 0.00000  0.43983 0.00000
 319  0.43343 0.00000  0.43985 0.00000
 320  0.44517 0.00000  0.43989 0.00000
 321  0.42758 0.00000  0.43983 0.00000
 322  0.43424 0.00000  0.43980 0.00000
 323  0.44961 0.00000  0.43980 0.00000
 324  0.43465 0.00000  0.43980 0.00000
 325  0.43602 0.00000  0.43978 0.00000
 326  0.43714 0.00000  0.43987 0.00000
 327  0.42926 0.00000  0.43981 0.00000
 328  0.43261 0.00000  0.43984 0.00000
 329  0.44585 0.00000  0.43986 0.00000
 330  0.43690 0.00000  0.43987 0.00000
 331  0.43724 0.00000  0.43993 0.00000
 332  0.44048 0.00000  0.43986 0.00000
 333  0.44068 0.00000  0.43979 0.00000
 334  0.43593 0.00000  0.43978 0.00000
 335  0.44408 0.00000  0.43980 0.00000
 336  0.43688 0.00000  0.43983 0.00000
 337  0.44231 0.00000  0.43982 0.00000
 338  0.43021 0.00000  0.43978 0.00000
 339  0.43751 0.00000  0.43975 0.00000
 340  0.42723 0.00000  0.43977 0.00000
 341  0.45206 0.00000  0.43978 0.00000
 342  0.43380 0.00000  0.43978 0.00000
 343  0.42666 0.00000  0.43975 0.00000
 344  0.42562 0.00000  0.43976 0.00000
 345  0.44191 0.00000  0.43976 0.00000
 346  0.43340 0.00000  0.43977 0.00000
 347  0.43623 0.00000  0.43976 0.00000
 348  0.44390 0.00000  0.43978 0.00000
 349  0.43391 0.00000  0.43981 0.00000
 350  0.44019 0.00000  0.43978 0.00000
 351  0.42901 0.00000  0.43974 0.00000
 352  0.43328 0.00000  0.43976 0.00000
 353  0.43633 0.00000  0.43976 0.00000
 354  0.43825 0.00000  0.43979 0.00000
 355  0.43813 0.00000  0.43980 0.00000
 356  0.42960 0.00000  0.43978 0.00000
 357  0.43569 0.00000  0.43977 0.00000
 358  0.43379 0.00000  0.43979 0.00000
 359  0.43573 0.00000  0.43976 0.00000
 360  0.43038 0.00000  0.43976 0.00000
 361  0.44232 0.00000  0.43976 0.00000
 362  0.43921 0.00000  0.43977 0.00000
 363  0.43639 0.00000  0.43984 0.00000
 364  0.43156 0.00000  0.43981 0.00000
 365  0.43793 0.00000  0.43977 0.00000
 366  0.43611 0.00000  0.43981 0.00000
 367  0.44005 0.00000  0.43981 0.00000
 368  0.44512 0.00000  0.43993 0.00000
 369  0.43596 0.00000  0.43982 0.00000
 370  0.43873 0.00000  0.43982 0.00000
 371  0.43938 0.00000  0.43975 0.00000
 372  0.43431 0.00000  0.43976 0.00000
 373  0.43787 0.00000  0.43977 0.00000
 374  0.44279 0.00000  0.43974 0.00000
 375  0.43902 0.00000  0.43975 0.00000
 376  0.42557 0.00000  0.43973 0.00000
 377  0.44127 0.00000  0.43981 0.00000
 378  0.43626 0.00000  0.43982 0.00000
 379  0.45220 0.00000  0.43980 0.00000
 380  0.44046 0.00000  0.43982 0.00000
 381  0.44230 0.00000  0.43981 0.00000
 382  0.43219 0.00000  0.43982 0.00000
 383  0.43373 0.00000  0.43974 0.00000
 384  0.43652 0.00000  0.43978 0.00000
 385  0.43912 0.00000  0.43980 0.00000
 386  0.43205 0.00000  0.43983 0.00000
 387  0.43121 0.00000  0.43980 0.00000
 388  0.44035 0.00000  0.43981 0.00000
 389  0.43504 0.00000  0.43983 0.00000
 390  0.43727 0.00000  0.43980 0.00000
 391  0.43277 0.00000  0.43984 0.00000
 392  0.43228 0.00000  0.43980 0.00000
 393  0.44670 0.00000  0.43982 0.00000
 394  0.43135 0.00000  0.43980 0.00000
 395  0.44078 0.00000  0.43982 0.00000
 396  0.43661 0.00000  0.43978 0.00000
 397  0.43260 0.00000  0.43977 0.00000
 398  0.42540 0.00000  0.43976 0.00000
 399  0.44212 0.00000  0.43977 0.00000
 400  0.43328 0.00000  0.43977 0.00000
 401  0.44082 0.00000  0.43977 0.00000
 402  0.45101 0.00000  0.43979 0.00000
 403  0.45402 0.00000  0.43977 0.00000
 404  0.44960 0.00000  0.43978 0.00000
 405  0.42899 0.00000  0.43980 0.00000
 406  0.44307 0.00000  0.43981 0.00000
 407  0.43475 0.00000  0.43977 0.00000
 408  0.43859 0.00000  0.43979 0.00000
 409  0.44472 0.00000  0.43980 0.00000
 410  0.44378 0.00000  0.43982 0.00000
 411  0.42971 0.00000  0.43981 0.00000
 412  0.43097 0.00000  0.43979 0.00000
 413  0.44623 0.00000  0.43983 0.00000
 414  0.44240 0.00000  0.43983 0.00000
 415  0.43402 0.00000  0.43988 0.00000
 416  0.44343 0.00000  0.43989 0.00000
 417  0.42795 0.00000  0.43981 0.00000
 418  0.43445 0.00000  0.43982 0.00000
 419  0.43820 0.00000  0.43980 0.00000
 420  0.43561 0.00000  0.43975 0.00000
 421  0.43858 0.00000  0.43982 0.00000
 422  0.44082 0.00000  0.43979 0.00000
 423  0.43835 0.00000  0.43984 0.00000
 424  0.43342 0.00000  0.43975 0.00000
 425  0.43924 0.00000  0.43978 0.00000
 426  0.44150 0.00000  0.43980 0.00000
 427  0.43163 0.00000  0.43980 0.00000
 428  0.43609 0.00000  0.43979 0.00000
 429  0.43853 0.00000  0.43983 0.00000
 430  0.43572 0.00000  0.43980 0.00000
 431  0.43885 0.00000  0.43984 0.00000
 432  0.44377 0.00000  0.43980 0.00000
 433  0.43926 0.00000  0.43980 0.00000
 434  0.44050 0.00000  0.43978 0.00000
 435  0.43693 0.00000  0.43979 0.00000
 436  0.43591 0.00000  0.43980 0.00000
 437  0.43843 0.00000  0.43977 0.00000
 438  0.44572 0.00000  0.43976 0.00000
 439  0.43764 0.00000  0.43973 0.00000
 440  0.43938 0.00000  0.43972 0.00000
 441  0.43751 0.00000  0.43971 0.00000
 442  0.44780 0.00000  0.43969 0.00000
 443  0.44403 0.00000  0.43969 0.00000
 444  0.42986 0.00000  0.43968 0.00000
 445  0.43594 0.00000  0.43971 0.00000
 446  0.43622 0.00000  0.43973 0.00000
 447  0.42924 0.00000  0.43968 0.00000
 448  0.44233 0.00000  0.43966 0.00000
 449  0.43103 0.00000  0.43967 0.00000
 450  0.44460 0.00000  0.43974 0.00000
 451  0.43688 0.00000  0.43970 0.00000
 452  0.43666 0.00000  0.43970 0.00000
 453  0.44681 0.00000  0.43974 0.00000
 454  0.44207 0.00000  0.43970 0.00000
 455  0.43743 0.00000  0.43968 0.00000
 456  0.43581 0.00000  0.43969 0.00000
 457  0.44629 0.00000  0.43969 0.00000
 458  0.43928 0.00000  0.43972 0.00000
 459  0.44383 0.00000  0.43976 0.00000
 460  0.43374 0.00000  0.43975 0.00000
 461  0.43912 0.00000  0.43976 0.00000
 462  0.43809 0.00000  0.43977 0.00000
 463  0.42961 0.00000  0.43981 0.00000
 464  0.43989 0.00000  0.43980 0.00000
 465  0.44447 0.00000  0.43980 0.00000
 466  0.43704 0.00000  0.43980 0.00000
 467  0.43969 0.00000  0.43984 0.00000
 468  0.43169 0.00000  0.43978 0.00000
 469  0.43496 0.00000  0.43977 0.00000
 470  0.43546 0.00000  0.43979 0.00000
 471  0.43563 0.00000  0.43976 0.00000
 472  0.42982 0.00000  0.43979 0.00000
 473  0.44011 0.00000  0.43979 0.00000
 474  0.43489 0.00000  0.43979 0.00000
 475  0.44167 0.00000  0.43980 0.00000
 476  0.43972 0.00000  0.43981 0.00000
 477  0.43362 0.00000  0.43978 0.00000
 478  0.42168 0.00000  0.43975 0.00000
 479  0.43024 0.00000  0.43974 0.00000
 480  0.44651 0.00000  0.43976 0.00000
 481  0.43703 0.00000  0.43977 0.00000
 482  0.43592 0.00000  0.43973 0.00000
 483  0.43451 0.00000  0.43973 0.00000
 484  0.43886 0.00000  0.43973 0.00000
 485  0.43343 0.00000  0.43974 0.00000
 486  0.43815 0.00000  0.43975 0.00000
 487  0.43088 0.00000  0.43973 0.00000
 488  0.42781 0.00000  0.43978 0.00000
 489  0.44000 0.00000  0.43974 0.00000
 490  0.43822 0.00000  0.43976 0.00000
 491  0.44742 0.00000  0.43992 0.00000
 492  0.44247 0.00000  0.43981 0.00000
 493  0.44263 0.00000  0.43975 0.00000
 494  0.44163 0.00000  0.43981 0.00000
 495  0.44125 0.00000  0.43975 0.00000
 496  0.42923 0.00000  0.43977 0.00000
 497  0.44464 0.00000  0.43978 0.00000
 498  0.42823 0.00000  0.43978 0.00000
 499  0.44565 0.00000  0.43978 0.00000
processing 10000 predictions...

0%   10   20   30   40   50   60   70   80   90   100%
|----|----|----|----|----|----|----|----|----|----|
***************************************************
 done.
elapsed: [7623.31s cpu, 5544914.6212 mticks, 2074.63s wall]
score: 0.4442  baseline: 0.4419  diff: 0.00233
category UNKNOWN: count 0 avg error 0 baseline avg error 0 avg improvement 0
category AUTO: count 3291 avg error 0.019942 baseline avg error 0.0190967 avg improvement -0.00084524
category POSS: count 6143 avg error 0.200806 baseline avg error 0.198165 avg improvement -0.00264127
category IMP: count 566 avg error 1.19141 baseline avg error 1.18856 avg improvement -0.00284274
overall: count 10000 avg error 0.197352 baseline avg error 0.19529 avg improvement -0.0020616
worst entries: 
0: 3141  label: 1 pred: -0.28523 bl: -0.21565 IMP error_pred: 1.65182 error_bl: 1.4778 improvement: -0.174011
    min: -0.913  max: 0.2535 avg: -0.309709
explanation: 
no explanation

1: 1304  label: 1 pred: -0.33969 bl: -0.2794 IMP error_pred: 1.79477 error_bl: 1.63686 improvement: -0.157904
    min: -0.964  max: 0.42 avg: -0.372783
explanation: 
no explanation

2: 8269  label: 1 pred: -0.205526 bl: -0.1438 IMP error_pred: 1.45329 error_bl: 1.30828 improvement: -0.145015
    min: -0.7655  max: 0.1575 avg: -0.228217
explanation: 
no explanation

3: 7945  label: 1 pred: -0.248461 bl: -0.1949 IMP error_pred: 1.55865 error_bl: 1.42779 improvement: -0.130868
    min: -0.859  max: 0.1975 avg: -0.247744
explanation: 
no explanation

4: 8386  label: 1 pred: 0.0171995 bl: 0.08455 POSS error_pred: 0.965897 error_bl: 0.838049 improvement: -0.127848
    min: -0.8545  max: 0.509 avg: -0.092391
explanation: 
no explanation

5: 5057  label: 1 pred: -0.171685 bl: -0.1159 POSS error_pred: 1.37285 error_bl: 1.24523 improvement: -0.127613
    min: -0.9085  max: 0.519 avg: -0.221505
explanation: 
no explanation

6: 1890  label: -1 pred: 0.116518 bl: 0.05995 IMP error_pred: 1.24661 error_bl: 1.12349 improvement: -0.123118
    min: -0.2325  max: 0.754 avg: 0.221467
explanation: 
no explanation

7: 2145  label: -1 pred: 0.295114 bl: 0.2472 IMP error_pred: 1.67732 error_bl: 1.55551 improvement: -0.121813
    min: 0.109  max: 0.58 avg: 0.344524
explanation: 
no explanation

8: 3633  label: 1 pred: 0.090983 bl: 0.16015 POSS error_pred: 0.826312 error_bl: 0.705348 improvement: -0.120964
    min: -0.9275  max: 0.621 avg: 0.0872941
explanation: 
no explanation

9: 559  label: 1 pred: -0.246403 bl: -0.198 IMP error_pred: 1.55352 error_bl: 1.4352 improvement: -0.118317
    min: -0.83  max: 0.208 avg: -0.233874
explanation: 
no explanation

10: 7658  label: -1 pred: 0.469702 bl: 0.4307 IMP error_pred: 2.16002 error_bl: 2.0469 improvement: -0.113121
    min: 0.1395  max: 1 avg: 0.64067
explanation: 
no explanation

11: 7670  label: -1 pred: 0.27713 bl: 0.2324 IMP error_pred: 1.63106 error_bl: 1.51881 improvement: -0.112251
    min: 0.033  max: 0.614 avg: 0.285769
explanation: 
no explanation

12: 6439  label: -1 pred: 0.156284 bl: 0.10945 IMP error_pred: 1.33699 error_bl: 1.23088 improvement: -0.106114
    min: -0.1845  max: 0.823 avg: 0.177034
explanation: 
no explanation

13: 9992  label: -1 pred: 0.345698 bl: 0.30705 IMP error_pred: 1.8109 error_bl: 1.70838 improvement: -0.102523
    min: 0.0855  max: 0.6335 avg: 0.361503
explanation: 
no explanation

14: 5043  label: -1 pred: 0.242079 bl: 0.20015 IMP error_pred: 1.54276 error_bl: 1.44036 improvement: -0.102399
    min: -0.083  max: 0.64 avg: 0.257493
explanation: 
no explanation

15: 99  label: -1 pred: 0.163595 bl: 0.11875 IMP error_pred: 1.35395 error_bl: 1.2516 improvement: -0.102352
    min: -0.194  max: 0.6845 avg: 0.210373
explanation: 
no explanation

16: 3314  label: 1 pred: 0.41836 bl: 0.5142 POSS error_pred: 0.338305 error_bl: 0.236002 improvement: -0.102303
    min: -0.7995  max: 1 avg: 0.383374
explanation: 
no explanation

17: 2700  label: -1 pred: 0.438639 bl: 0.40315 IMP error_pred: 2.06968 error_bl: 1.96883 improvement: -0.100851
    min: 0.173  max: 0.826 avg: 0.481851
explanation: 
no explanation

18: 3713  label: 1 pred: 0.444945 bl: 0.5438 POSS error_pred: 0.308086 error_bl: 0.208118 improvement: -0.0999676
    min: -0.81  max: 0.8005 avg: 0.389515
explanation: 
no explanation

19: 6144  label: -1 pred: 0.140435 bl: 0.0962 IMP error_pred: 1.30059 error_bl: 1.20165 improvement: -0.0989377
    min: -0.078  max: 0.5485 avg: 0.11795
explanation: 
no explanation

20: 2036  label: -0.5 pred: 0.252184 bl: 0.1846 IMP error_pred: 0.56578 error_bl: 0.468677 improvement: -0.0971033
    min: 0.034  max: 0.7275 avg: 0.318734
explanation: 
no explanation

21: 1767  label: 1 pred: 0.414651 bl: 0.5032 POSS error_pred: 0.342634 error_bl: 0.24681 improvement: -0.0958235
    min: -0.7425  max: 0.957 avg: 0.471652
explanation: 
no explanation

22: 5734  label: 1 pred: 0.543214 bl: 0.661 POSS error_pred: 0.208653 error_bl: 0.114921 improvement: -0.0937321
    min: -0.447  max: 1 avg: 0.375189
explanation: 
no explanation

23: 2778  label: -1 pred: 0.248884 bl: 0.21095 IMP error_pred: 1.55971 error_bl: 1.4664 improvement: -0.0933106
    min: -0.0295  max: 0.578 avg: 0.245148
explanation: 
no explanation

24: 5094  label: -0.5 pred: 0.181604 bl: 0.10945 POSS error_pred: 0.464584 error_bl: 0.371429 improvement: -0.0931546
    min: -0.107  max: 0.8275 avg: 0.282952
explanation: 
no explanation

25: 3558  label: -1 pred: 0.05189 bl: 0.0067 IMP error_pred: 1.10647 error_bl: 1.01345 improvement: -0.0930276
    min: -0.3655  max: 0.6725 avg: 0.160916
explanation: 
no explanation

26: 3481  label: -1 pred: 0.163665 bl: 0.12325 IMP error_pred: 1.35412 error_bl: 1.26169 improvement: -0.0924263
    min: -0.164  max: 0.5685 avg: 0.241805
explanation: 
no explanation

27: 5059  label: 1 pred: 0.287772 bl: 0.3558 POSS error_pred: 0.507268 error_bl: 0.414994 improvement: -0.0922749
    min: -0.6605  max: 0.961 avg: 0.17278
explanation: 
no explanation

28: 4272  label: 1 pred: 0.479387 bl: 0.57705 POSS error_pred: 0.271038 error_bl: 0.178887 improvement: -0.0921514
    min: -0.8165  max: 0.9855 avg: 0.540786
explanation: 
no explanation

29: 9976  label: 1 pred: 0.515571 bl: 0.62205 POSS error_pred: 0.234671 error_bl: 0.142846 improvement: -0.0918249
    min: -0.8755  max: 0.9175 avg: 0.528347
explanation: 
no explanation

30: 9027  label: -1 pred: 0.229114 bl: 0.1916 IMP error_pred: 1.51072 error_bl: 1.41991 improvement: -0.0908097
    min: -0.0265  max: 0.5825 avg: 0.186884
explanation: 
no explanation

31: 4754  label: 1 pred: 0.498351 bl: 0.5979 POSS error_pred: 0.251652 error_bl: 0.161684 improvement: -0.0899672
    min: -0.9275  max: 0.9405 avg: 0.586949
explanation: 
no explanation

32: 9751  label: -1 pred: 0.313117 bl: 0.27845 IMP error_pred: 1.72428 error_bl: 1.63443 improvement: -0.0898412
    min: 0.0465  max: 0.6045 avg: 0.33281
explanation: 
no explanation

33: 1327  label: 1 pred: 0.354852 bl: 0.42815 POSS error_pred: 0.416216 error_bl: 0.327012 improvement: -0.0892037
    min: -0.9275  max: 0.9245 avg: 0.385701
explanation: 
no explanation

34: 4422  label: -1 pred: 0.223318 bl: 0.1865 IMP error_pred: 1.49651 error_bl: 1.40778 improvement: -0.088725
    min: -0.1  max: 0.693 avg: 0.25615
explanation: 
no explanation

35: 9822  label: -1 pred: 0.201861 bl: 0.1646 IMP error_pred: 1.44447 error_bl: 1.35629 improvement: -0.0881761
    min: -0.0575  max: 0.5605 avg: 0.177756
explanation: 
no explanation

36: 2335  label: -1 pred: 0.0405446 bl: -0.0027 IMP error_pred: 1.08273 error_bl: 0.994607 improvement: -0.0881258
    min: -0.1885  max: 0.54 avg: -0.0234548
explanation: 
no explanation

37: 1849  label: -1 pred: 0.0196215 bl: -0.02445 IMP error_pred: 1.03963 error_bl: 0.951698 improvement: -0.0879303
    min: -0.19  max: 0.389 avg: 0.113903
explanation: 
no explanation

38: 7396  label: -0.5 pred: 0.339954 bl: 0.2861 IMP error_pred: 0.705523 error_bl: 0.617953 improvement: -0.0875701
    min: 0.161  max: 0.65 avg: 0.39924
explanation: 
no explanation

39: 6640  label: 1 pred: 0.529106 bl: 0.63305 POSS error_pred: 0.221741 error_bl: 0.134652 improvement: -0.0870886
    min: -0.56  max: 1 avg: 0.433626
explanation: 
no explanation

40: 7466  label: 1 pred: -0.00224514 bl: 0.04165 IMP error_pred: 1.0045 error_bl: 0.918435 improvement: -0.0860606
    min: -0.962  max: 0.469 avg: 0.0379101
explanation: 
no explanation

41: 4783  label: 0.5 pred: -0.252926 bl: -0.1946 POSS error_pred: 0.566897 error_bl: 0.482469 improvement: -0.0844281
    min: -1  max: 0.466 avg: -0.10239
explanation: 
no explanation

42: 8500  label: 1 pred: 0.179389 bl: 0.23235 POSS error_pred: 0.673402 error_bl: 0.589287 improvement: -0.0841159
    min: -0.637  max: 0.589 avg: 0.110415
explanation: 
no explanation

43: 2732  label: 1 pred: -0.0726427 bl: -0.0328 IMP error_pred: 1.15056 error_bl: 1.06668 improvement: -0.0838865
    min: -0.66  max: 0.239 avg: -0.050427
explanation: 
no explanation

44: 2932  label: 1 pred: 0.484821 bl: 0.57345 POSS error_pred: 0.26541 error_bl: 0.181945 improvement: -0.0834648
    min: -0.3935  max: 0.937 avg: 0.339713
explanation: 
no explanation

45: 3118  label: 1 pred: -0.396526 bl: -0.3664 IMP error_pred: 1.95028 error_bl: 1.86705 improvement: -0.0832359
    min: -0.788  max: 0.1055 avg: -0.347621
explanation: 
no explanation

46: 5446  label: -1 pred: 0.422505 bl: 0.3936 IMP error_pred: 2.02352 error_bl: 1.94212 improvement: -0.0813988
    min: 0.177  max: 0.6555 avg: 0.400962
explanation: 
no explanation

47: 8649  label: -1 pred: 0.374485 bl: 0.3447 IMP error_pred: 1.88921 error_bl: 1.80822 improvement: -0.0809897
    min: 0.0225  max: 0.8075 avg: 0.32149
explanation: 
no explanation

48: 2588  label: -1 pred: 0.0929953 bl: 0.0553 IMP error_pred: 1.19464 error_bl: 1.11366 improvement: -0.0809807
    min: -0.171  max: 0.527 avg: 0.0655452
explanation: 
no explanation

49: 8734  label: -1 pred: 0.338193 bl: 0.3077 IMP error_pred: 1.79076 error_bl: 1.71008 improvement: -0.0806816
    min: 0.0735  max: 0.625 avg: 0.292942
explanation: 
no explanation

best entries: 
0: 8920  label: -1 pred: 0.729478 bl: 0.90015 IMP error_pred: 2.99109 error_bl: 3.61057 improvement: 0.619476
1: 6142  label: -1 pred: 0.83781 bl: 0.95195 IMP error_pred: 3.37754 error_bl: 3.81011 improvement: 0.432564
2: 3697  label: -1 pred: 0.830493 bl: 0.93965 IMP error_pred: 3.3507 error_bl: 3.76224 improvement: 0.411539
3: 8914  label: -1 pred: 0.556022 bl: 0.6812 IMP error_pred: 2.4212 error_bl: 2.82643 improvement: 0.40523
4: 3601  label: -1 pred: 0.746554 bl: 0.8256 IMP error_pred: 3.05045 error_bl: 3.33282 improvement: 0.282366
5: 5768  label: -1 pred: 0.610839 bl: 0.6919 IMP error_pred: 2.5948 error_bl: 2.86253 improvement: 0.267725
6: 3527  label: 0 pred: 0.830384 bl: 0.9732 POSS error_pred: 0.689538 error_bl: 0.947118 improvement: 0.25758
7: 4335  label: -1 pred: 0.726249 bl: 0.7993 IMP error_pred: 2.97994 error_bl: 3.23748 improvement: 0.257545
8: 5995  label: -1 pred: 0.752171 bl: 0.82345 IMP error_pred: 3.0701 error_bl: 3.32497 improvement: 0.254866
9: 8467  label: -1 pred: 0.713435 bl: 0.78395 IMP error_pred: 2.93586 error_bl: 3.18248 improvement: 0.246619
10: 9566  label: 0 pred: 0.857472 bl: 0.98855 IMP error_pred: 0.735259 error_bl: 0.977231 improvement: 0.241973
11: 1736  label: -0.5 pred: 0.764791 bl: 0.8495 IMP error_pred: 1.5997 error_bl: 1.82115 improvement: 0.221453
12: 5597  label: -0.5 pred: 0.744404 bl: 0.8175 IMP error_pred: 1.54854 error_bl: 1.73581 improvement: 0.187265
13: 9207  label: 0 pred: 0.794504 bl: 0.9 IMP error_pred: 0.631237 error_bl: 0.81 improvement: 0.178763
14: 2441  label: -1 pred: 0.123592 bl: 0.19995 POSS error_pred: 1.26246 error_bl: 1.43988 improvement: 0.177421
15: 4256  label: 0 pred: 0.787876 bl: 0.8933 POSS error_pred: 0.620748 error_bl: 0.797985 improvement: 0.177237
16: 8866  label: -1 pred: 0.670535 bl: 0.7221 IMP error_pred: 2.79069 error_bl: 2.96563 improvement: 0.174941
17: 7193  label: -0.5 pred: 0.718445 bl: 0.78775 IMP error_pred: 1.48461 error_bl: 1.6583 improvement: 0.173692
18: 8361  label: 0 pred: 0.810367 bl: 0.90915 IMP error_pred: 0.656695 error_bl: 0.826554 improvement: 0.169858
19: 1191  label: -1 pred: 0.685833 bl: 0.73395 IMP error_pred: 2.84203 error_bl: 3.00658 improvement: 0.16455
20: 9712  label: 0 pred: 0.774958 bl: 0.8745 POSS error_pred: 0.60056 error_bl: 0.76475 improvement: 0.16419
21: 1013  label: 0 pred: 0.796749 bl: 0.89275 POSS error_pred: 0.634809 error_bl: 0.797003 improvement: 0.162193
22: 8533  label: -1 pred: 0.477688 bl: 0.53145 IMP error_pred: 2.18356 error_bl: 2.34534 improvement: 0.161777
23: 3786  label: 0 pred: 0.798263 bl: 0.8919 IMP error_pred: 0.637223 error_bl: 0.795486 improvement: 0.158262
24: 3777  label: 0 pred: 0.789463 bl: 0.8824 POSS error_pred: 0.623252 error_bl: 0.77863 improvement: 0.155378
25: 8218  label: 0 pred: 0.789262 bl: 0.8814 POSS error_pred: 0.622934 error_bl: 0.776866 improvement: 0.153932
26: 1398  label: -1 pred: 0.65834 bl: 0.70345 IMP error_pred: 2.75009 error_bl: 2.90174 improvement: 0.151649
27: 6232  label: 0 pred: 0.754084 bl: 0.84855 POSS error_pred: 0.568642 error_bl: 0.720037 improvement: 0.151395
28: 4306  label: -1 pred: 0.498978 bl: 0.54745 IMP error_pred: 2.24693 error_bl: 2.3946 improvement: 0.147668
29: 9875  label: 1 pred: -0.265393 bl: -0.322 POSS error_pred: 1.60122 error_bl: 1.74768 improvement: 0.146465
30: 1915  label: 0 pred: 0.784196 bl: 0.87195 POSS error_pred: 0.614963 error_bl: 0.760297 improvement: 0.145334
31: 1616  label: -1 pred: 0.548685 bl: 0.59435 IMP error_pred: 2.39842 error_bl: 2.54195 improvement: 0.143527
32: 4152  label: 0 pred: 0.801847 bl: 0.88465 IMP error_pred: 0.642959 error_bl: 0.782606 improvement: 0.139647
33: 2202  label: -0.5 pred: 0.666861 bl: 0.72485 IMP error_pred: 1.36157 error_bl: 1.50026 improvement: 0.138692
34: 5519  label: 0 pred: 0.784952 bl: 0.8688 IMP error_pred: 0.61615 error_bl: 0.754813 improvement: 0.138664
35: 3836  label: 1 pred: -0.151876 bl: -0.2099 POSS error_pred: 1.32682 error_bl: 1.46386 improvement: 0.137039
36: 4244  label: -1 pred: 0.674602 bl: 0.71485 IMP error_pred: 2.80429 error_bl: 2.94071 improvement: 0.136418
37: 8034  label: 1 pred: 0.0254482 bl: -0.03935 POSS error_pred: 0.949751 error_bl: 1.08025 improvement: 0.130497
38: 7811  label: 0 pred: 0.77987 bl: 0.8588 IMP error_pred: 0.608197 error_bl: 0.737537 improvement: 0.12934
39: 4446  label: -1 pred: 0.546881 bl: 0.58805 IMP error_pred: 2.39284 error_bl: 2.5219 improvement: 0.129063
40: 1294  label: 0 pred: 0.680772 bl: 0.7688 POSS error_pred: 0.463451 error_bl: 0.591053 improvement: 0.127603
41: 9053  label: 0 pred: 0.762157 bl: 0.8407 POSS error_pred: 0.580884 error_bl: 0.706777 improvement: 0.125893
42: 1259  label: -0.5 pred: 0.599325 bl: 0.6549 POSS error_pred: 1.20851 error_bl: 1.33379 improvement: 0.12528
43: 9555  label: -1 pred: 0.000181672 bl: 0.0602 POSS error_pred: 1.00036 error_bl: 1.12402 improvement: 0.123661
44: 2673  label: 0 pred: 0.774462 bl: 0.8496 IMP error_pred: 0.599791 error_bl: 0.72182 improvement: 0.122029
45: 9602  label: -0.5 pred: -0.757814 bl: -0.9315 POSS error_pred: 0.0664678 error_bl: 0.186192 improvement: 0.119724
46: 8997  label: 0 pred: 0.760929 bl: 0.83575 POSS error_pred: 0.579013 error_bl: 0.698478 improvement: 0.119465
47: 7953  label: 0 pred: 0.696847 bl: 0.7777 POSS error_pred: 0.485595 error_bl: 0.604817 improvement: 0.119222
48: 1852  label: 0 pred: 0.739932 bl: 0.8164 POSS error_pred: 0.5475 error_bl: 0.666509 improvement: 0.119009
49: 6761  label: 0.5 pred: 0.822742 bl: 0.9724 POSS error_pred: 0.104162 error_bl: 0.223162 improvement: 0.118999

total is 0
score for UNKNOWN: nan baseline: nan diff:    nan
total is 3291
score for AUTO: 0.1412 baseline: 0.1382 diff: 0.0030
total is 6143
score for POSS: 0.4481 baseline: 0.4452 diff: 0.0030
total is 566
score for IMP: 1.0915 baseline: 1.0902 diff: 0.0013
writing 50000 official test outputs

0%   10   20   30   40   50   60   70   80   90   100%
|----|----|----|----|----|----|----|----|----|----|
***************************************************
scores: [ 0.444243 ]
0.4442 +/-    nan
7408.19user 243.39system 34:46.38elapsed 366%CPU (0avgtext+0avgdata 0maxresident)k
0inputs+1104outputs (0major+86169309minor)pagefaults 0swaps
