loading data...Twoway_Layer::random_fill(): limit = 0.103695 ni = 93 no = 50
Twoway_Layer::random_fill(): limit = 0.141421 ni = 50 no = 1
iter  ---- train ----  ---- test -----
         rmse     auc     rmse     auc
   0  1.03358 0.00000  0.99778 0.47926
   1  0.98348 0.00000  0.96878 0.33644
   2  0.96948 0.00000  0.95915 0.32994
   3  0.96229 0.00000  0.95508 0.32775
   4  0.95884 0.00000  0.95332 0.32649
   5  0.95535 0.00000  0.95221 0.32571
   6  0.95520 0.00000  0.95168 0.32527
   7  0.95734 0.00000  0.95135 0.32494
   8  0.95692 0.00000  0.95122 0.32460
   9  0.96033 0.00000  0.95115 0.32436
  10  0.95342 0.00000  0.95081 0.32398
  11  0.95673 0.00000  0.95066 0.32374
  12  0.95441 0.00000  0.95047 0.32358
  13  0.95540 0.00000  0.95035 0.32325
  14  0.95715 0.00000  0.95030 0.32318
  15  0.95597 0.00000  0.95019 0.32278
  16  0.95244 0.00000  0.94994 0.32259
  17  0.95485 0.00000  0.94986 0.32243
  18  0.95204 0.00000  0.94975 0.32228
  19  0.95692 0.00000  0.94973 0.32201
  20  0.95071 0.00000  0.94954 0.32192
  21  0.95564 0.00000  0.94950 0.32181
  22  0.95453 0.00000  0.94943 0.32160
  23  0.95187 0.00000  0.94931 0.32147
  24  0.95436 0.00000  0.94927 0.32119
  25  0.95605 0.00000  0.94924 0.32099
  26  0.95420 0.00000  0.94916 0.32082
  27  0.95423 0.00000  0.94909 0.32077
  28  0.95376 0.00000  0.94899 0.32053
  29  0.95455 0.00000  0.94897 0.32034
  30  0.95998 0.00000  0.94911 0.32011
  31  0.95099 0.00000  0.94889 0.32006
  32  0.95278 0.00000  0.94883 0.31992
  33  0.95628 0.00000  0.94881 0.31975
  34  0.95566 0.00000  0.94884 0.31959
  35  0.95127 0.00000  0.94870 0.31951
  36  0.94965 0.00000  0.94855 0.31942
  37  0.95127 0.00000  0.94848 0.31940
  38  0.95270 0.00000  0.94841 0.31917
  39  0.95008 0.00000  0.94833 0.31902
  40  0.95306 0.00000  0.94831 0.31901
  41  0.95260 0.00000  0.94827 0.31885
  42  0.94939 0.00000  0.94820 0.31868
  43  0.95340 0.00000  0.94821 0.31854
  44  0.95036 0.00000  0.94816 0.31848
  45  0.95551 0.00000  0.94821 0.31839
  46  0.95068 0.00000  0.94816 0.31836
  47  0.95162 0.00000  0.94813 0.31830
  48  0.95478 0.00000  0.94818 0.31823
  49  0.94919 0.00000  0.94806 0.31812
  50  0.95797 0.00000  0.94817 0.31803
  51  0.95123 0.00000  0.94815 0.31799
  52  0.95691 0.00000  0.94816 0.31781
  53  0.95181 0.00000  0.94809 0.31766
  54  0.95572 0.00000  0.94813 0.31754
  55  0.95374 0.00000  0.94812 0.31759
  56  0.94886 0.00000  0.94800 0.31750
  57  0.95240 0.00000  0.94799 0.31743
  58  0.95031 0.00000  0.94791 0.31737
  59  0.95004 0.00000  0.94783 0.31729
  60  0.94758 0.00000  0.94775 0.31722
  61  0.95305 0.00000  0.94779 0.31711
  62  0.94911 0.00000  0.94773 0.31707
  63  0.95036 0.00000  0.94772 0.31693
  64  0.95144 0.00000  0.94773 0.31684
  65  0.95296 0.00000  0.94774 0.31681
  66  0.95242 0.00000  0.94773 0.31673
  67  0.95482 0.00000  0.94777 0.31667
  68  0.95391 0.00000  0.94778 0.31660
  69  0.95225 0.00000  0.94778 0.31652
  70  0.94926 0.00000  0.94773 0.31655
  71  0.95349 0.00000  0.94774 0.31647
  72  0.94942 0.00000  0.94768 0.31645
  73  0.95370 0.00000  0.94771 0.31634
  74  0.95111 0.00000  0.94770 0.31632
  75  0.95663 0.00000  0.94777 0.31620
  76  0.95389 0.00000  0.94780 0.31616
  77  0.95159 0.00000  0.94781 0.31615
  78  0.94866 0.00000  0.94774 0.31617
  79  0.95374 0.00000  0.94779 0.31613
  80  0.94813 0.00000  0.94770 0.31602
  81  0.95509 0.00000  0.94776 0.31592
  82  0.95303 0.00000  0.94778 0.31585
  83  0.94928 0.00000  0.94773 0.31581
  84  0.94806 0.00000  0.94767 0.31581
  85  0.95210 0.00000  0.94769 0.31578
  86  0.94840 0.00000  0.94766 0.31573
  87  0.95074 0.00000  0.94766 0.31568
  88  0.95211 0.00000  0.94767 0.31565
  89  0.95011 0.00000  0.94767 0.31559
  90  0.94806 0.00000  0.94762 0.31557
  91  0.95444 0.00000  0.94767 0.31548
  92  0.95171 0.00000  0.94768 0.31542
  93  0.95262 0.00000  0.94772 0.31535
  94  0.95261 0.00000  0.94773 0.31530
  95  0.94943 0.00000  0.94770 0.31530
  96  0.95291 0.00000  0.94771 0.31524
  97  0.95279 0.00000  0.94774 0.31527
  98  0.95262 0.00000  0.94775 0.31520
  99  0.95067 0.00000  0.94774 0.31520
 100  0.95530 0.00000  0.94780 0.31515
 101  0.94412 0.00000  0.94771 0.31520
 102  0.95260 0.00000  0.94770 0.31509
 103  0.95220 0.00000  0.94773 0.31507
 104  0.95155 0.00000  0.94777 0.31504
 105  0.95084 0.00000  0.94776 0.31501
 106  0.94760 0.00000  0.94768 0.31499
 107  0.94779 0.00000  0.94762 0.31494
 108  0.94742 0.00000  0.94758 0.31489
 109  0.95014 0.00000  0.94758 0.31489
 110  0.95554 0.00000  0.94764 0.31482
 111  0.94908 0.00000  0.94762 0.31482
 112  0.95452 0.00000  0.94768 0.31479
 113  0.95186 0.00000  0.94769 0.31474
 114  0.95115 0.00000  0.94770 0.31473
 115  0.95054 0.00000  0.94769 0.31468
 116  0.94509 0.00000  0.94762 0.31466
 117  0.95200 0.00000  0.94765 0.31466
 118  0.94905 0.00000  0.94763 0.31465
 119  0.95332 0.00000  0.94768 0.31462
 120  0.94974 0.00000  0.94770 0.31460
 121  0.95345 0.00000  0.94775 0.31458
 122  0.94801 0.00000  0.94770 0.31456
 123  0.94452 0.00000  0.94763 0.31456
 124  0.94785 0.00000  0.94760 0.31456
 125  0.94788 0.00000  0.94764 0.31458
 126  0.94982 0.00000  0.94765 0.31455
 127  0.95193 0.00000  0.94762 0.31449
 128  0.95135 0.00000  0.94763 0.31444
 129  0.94991 0.00000  0.94762 0.31441
 130  0.95425 0.00000  0.94767 0.31432
 131  0.94937 0.00000  0.94765 0.31429
 132  0.95346 0.00000  0.94770 0.31427
 133  0.95038 0.00000  0.94771 0.31426
 134  0.94955 0.00000  0.94771 0.31422
 135  0.95165 0.00000  0.94772 0.31420
 136  0.95253 0.00000  0.94776 0.31417
 137  0.94982 0.00000  0.94776 0.31416
 138  0.94982 0.00000  0.94774 0.31417
 139  0.94482 0.00000  0.94767 0.31418
 140  0.95399 0.00000  0.94771 0.31415
 141  0.94860 0.00000  0.94772 0.31416
 142  0.95001 0.00000  0.94775 0.31416
 143  0.94642 0.00000  0.94772 0.31417
 144  0.95033 0.00000  0.94774 0.31416
 145  0.95311 0.00000  0.94775 0.31410
 146  0.95188 0.00000  0.94776 0.31407
 147  0.94889 0.00000  0.94775 0.31404
 148  0.95062 0.00000  0.94776 0.31403
 149  0.94439 0.00000  0.94771 0.31406
 150  0.95102 0.00000  0.94771 0.31405
 151  0.95359 0.00000  0.94777 0.31404
 152  0.95346 0.00000  0.94782 0.31402
 153  0.95031 0.00000  0.94780 0.31400
 154  0.95124 0.00000  0.94781 0.31400
 155  0.95049 0.00000  0.94782 0.31401
 156  0.94759 0.00000  0.94779 0.31400
 157  0.94772 0.00000  0.94776 0.31399
 158  0.95324 0.00000  0.94779 0.31396
 159  0.95434 0.00000  0.94786 0.31395
 160  0.94882 0.00000  0.94784 0.31395
 161  0.95108 0.00000  0.94784 0.31394
 162  0.95374 0.00000  0.94786 0.31394
 163  0.94912 0.00000  0.94783 0.31393
 164  0.94747 0.00000  0.94780 0.31391
 165  0.95419 0.00000  0.94786 0.31390
 166  0.95002 0.00000  0.94789 0.31392
 167  0.94628 0.00000  0.94784 0.31392
 168  0.94860 0.00000  0.94781 0.31391
 169  0.94947 0.00000  0.94782 0.31389
 170  0.95237 0.00000  0.94784 0.31385
 171  0.95344 0.00000  0.94789 0.31385
 172  0.95067 0.00000  0.94790 0.31384
 173  0.95256 0.00000  0.94793 0.31382
 174  0.94911 0.00000  0.94792 0.31381
 175  0.95078 0.00000  0.94793 0.31379
 176  0.95099 0.00000  0.94794 0.31377
 177  0.95333 0.00000  0.94797 0.31379
 178  0.95092 0.00000  0.94797 0.31377
 179  0.95247 0.00000  0.94799 0.31379
 180  0.95205 0.00000  0.94801 0.31380
 181  0.95221 0.00000  0.94801 0.31379
 182  0.95183 0.00000  0.94801 0.31380
 183  0.95517 0.00000  0.94806 0.31379
 184  0.94433 0.00000  0.94799 0.31379
 185  0.94842 0.00000  0.94798 0.31382
 186  0.95490 0.00000  0.94801 0.31380
 187  0.94702 0.00000  0.94797 0.31380
 188  0.94605 0.00000  0.94792 0.31381
 189  0.95617 0.00000  0.94800 0.31380
 190  0.95126 0.00000  0.94799 0.31380
 191  0.95108 0.00000  0.94795 0.31377
 192  0.94898 0.00000  0.94796 0.31378
 193  0.95010 0.00000  0.94795 0.31379
 194  0.94965 0.00000  0.94792 0.31374
 195  0.94910 0.00000  0.94791 0.31373
 196  0.95441 0.00000  0.94795 0.31373
 197  0.94973 0.00000  0.94795 0.31372
 198  0.95293 0.00000  0.94799 0.31373
 199  0.95195 0.00000  0.94800 0.31371
 200  0.95177 0.00000  0.94804 0.31374
 201  0.95041 0.00000  0.94806 0.31374
 202  0.95096 0.00000  0.94801 0.31372
 203  0.95297 0.00000  0.94802 0.31372
 204  0.94764 0.00000  0.94799 0.31372
 205  0.95125 0.00000  0.94799 0.31371
 206  0.95072 0.00000  0.94798 0.31370
 207  0.95009 0.00000  0.94797 0.31370
 208  0.95057 0.00000  0.94797 0.31371
 209  0.95372 0.00000  0.94799 0.31371
 210  0.95003 0.00000  0.94798 0.31372
 211  0.94722 0.00000  0.94795 0.31372
 212  0.94617 0.00000  0.94790 0.31373
 213  0.94996 0.00000  0.94789 0.31373
 214  0.95340 0.00000  0.94793 0.31374
 215  0.94981 0.00000  0.94791 0.31373
 216  0.95365 0.00000  0.94795 0.31373
 217  0.94757 0.00000  0.94791 0.31374
 218  0.95000 0.00000  0.94792 0.31375
 219  0.95053 0.00000  0.94793 0.31374
 220  0.95117 0.00000  0.94793 0.31373
 221  0.95200 0.00000  0.94795 0.31373
 222  0.94406 0.00000  0.94789 0.31374
 223  0.95275 0.00000  0.94791 0.31373
 224  0.95147 0.00000  0.94792 0.31371
 225  0.94873 0.00000  0.94790 0.31373
 226  0.94906 0.00000  0.94789 0.31373
 227  0.95208 0.00000  0.94791 0.31373
 228  0.94992 0.00000  0.94790 0.31374
 229  0.95312 0.00000  0.94791 0.31373
 230  0.94746 0.00000  0.94789 0.31375
 231  0.95409 0.00000  0.94793 0.31374
 232  0.94843 0.00000  0.94791 0.31375
 233  0.95206 0.00000  0.94793 0.31374
 234  0.95075 0.00000  0.94792 0.31373
 235  0.94716 0.00000  0.94789 0.31373
 236  0.95289 0.00000  0.94790 0.31372
 237  0.95106 0.00000  0.94790 0.31373
 238  0.94738 0.00000  0.94789 0.31375
 239  0.94964 0.00000  0.94788 0.31375
 240  0.95096 0.00000  0.94787 0.31371
 241  0.94923 0.00000  0.94787 0.31373
 242  0.95078 0.00000  0.94789 0.31374
 243  0.95390 0.00000  0.94794 0.31374
 244  0.94931 0.00000  0.94791 0.31374
 245  0.95118 0.00000  0.94791 0.31373
 246  0.95169 0.00000  0.94792 0.31374
 247  0.94662 0.00000  0.94788 0.31375
 248  0.95024 0.00000  0.94788 0.31374
 249  0.95543 0.00000  0.94792 0.31371
 250  0.94918 0.00000  0.94794 0.31374
 251  0.95024 0.00000  0.94791 0.31373
 252  0.94624 0.00000  0.94787 0.31373
 253  0.94821 0.00000  0.94786 0.31372
 254  0.94781 0.00000  0.94782 0.31373
 255  0.94829 0.00000  0.94780 0.31374
 256  0.95078 0.00000  0.94783 0.31375
 257  0.94959 0.00000  0.94780 0.31374
 258  0.94648 0.00000  0.94778 0.31376
 259  0.94836 0.00000  0.94780 0.31377
 260  0.94838 0.00000  0.94780 0.31379
 261  0.95064 0.00000  0.94782 0.31380
 262  0.95570 0.00000  0.94784 0.31378
 263  0.95131 0.00000  0.94781 0.31374
 264  0.94930 0.00000  0.94781 0.31375
 265  0.94782 0.00000  0.94779 0.31374
 266  0.94762 0.00000  0.94777 0.31375
 267  0.94878 0.00000  0.94775 0.31375
 268  0.95063 0.00000  0.94779 0.31377
 269  0.94968 0.00000  0.94777 0.31375
 270  0.95038 0.00000  0.94780 0.31378
 271  0.94737 0.00000  0.94777 0.31378
 272  0.95057 0.00000  0.94777 0.31378
 273  0.94543 0.00000  0.94772 0.31377
 274  0.95430 0.00000  0.94777 0.31377
 275  0.95226 0.00000  0.94779 0.31377
 276  0.95140 0.00000  0.94780 0.31377
 277  0.95347 0.00000  0.94784 0.31377
 278  0.94984 0.00000  0.94783 0.31377
 279  0.95043 0.00000  0.94783 0.31374
 280  0.95022 0.00000  0.94783 0.31376
 281  0.95038 0.00000  0.94783 0.31375
 282  0.94890 0.00000  0.94783 0.31376
 283  0.95151 0.00000  0.94785 0.31376
 284  0.95127 0.00000  0.94787 0.31375
 285  0.95410 0.00000  0.94792 0.31377
 286  0.94643 0.00000  0.94787 0.31376
 287  0.95075 0.00000  0.94788 0.31376
 288  0.95193 0.00000  0.94790 0.31376
 289  0.95347 0.00000  0.94793 0.31375
 290  0.95193 0.00000  0.94793 0.31376
 291  0.94628 0.00000  0.94790 0.31377
 292  0.95402 0.00000  0.94793 0.31377
 293  0.95290 0.00000  0.94793 0.31376
 294  0.95098 0.00000  0.94795 0.31377
 295  0.95344 0.00000  0.94796 0.31376
 296  0.95138 0.00000  0.94799 0.31376
 297  0.94904 0.00000  0.94796 0.31376
 298  0.94735 0.00000  0.94794 0.31376
 299  0.94995 0.00000  0.94790 0.31375
 300  0.95027 0.00000  0.94790 0.31375
 301  0.94608 0.00000  0.94787 0.31377
 302  0.95069 0.00000  0.94789 0.31377
 303  0.94991 0.00000  0.94791 0.31379
 304  0.95038 0.00000  0.94789 0.31378
 305  0.95009 0.00000  0.94787 0.31378
 306  0.95194 0.00000  0.94788 0.31378
 307  0.95386 0.00000  0.94791 0.31378
 308  0.95611 0.00000  0.94798 0.31378
 309  0.95344 0.00000  0.94801 0.31379
 310  0.95506 0.00000  0.94803 0.31378
 311  0.94842 0.00000  0.94800 0.31379
 312  0.94679 0.00000  0.94795 0.31378
 313  0.94995 0.00000  0.94795 0.31379
 314  0.95064 0.00000  0.94795 0.31378
 315  0.94997 0.00000  0.94794 0.31379
 316  0.95465 0.00000  0.94797 0.31378
 317  0.94780 0.00000  0.94794 0.31379
 318  0.95695 0.00000  0.94803 0.31380
 319  0.95349 0.00000  0.94801 0.31380
 320  0.95215 0.00000  0.94799 0.31378
 321  0.95279 0.00000  0.94797 0.31377
 322  0.95285 0.00000  0.94799 0.31377
 323  0.94702 0.00000  0.94794 0.31378
 324  0.95150 0.00000  0.94795 0.31378
 325  0.95160 0.00000  0.94797 0.31377
 326  0.95306 0.00000  0.94799 0.31378
 327  0.94787 0.00000  0.94797 0.31379
 328  0.95415 0.00000  0.94798 0.31378
 329  0.95485 0.00000  0.94803 0.31379
 330  0.94879 0.00000  0.94802 0.31380
 331  0.95034 0.00000  0.94803 0.31381
 332  0.95178 0.00000  0.94800 0.31378
 333  0.95137 0.00000  0.94801 0.31378
 334  0.94646 0.00000  0.94798 0.31379
 335  0.94687 0.00000  0.94795 0.31381
 336  0.94961 0.00000  0.94795 0.31381
 337  0.94605 0.00000  0.94793 0.31383
 338  0.95083 0.00000  0.94791 0.31382
 339  0.94988 0.00000  0.94795 0.31383
 340  0.95200 0.00000  0.94791 0.31382
 341  0.94524 0.00000  0.94783 0.31382
 342  0.94866 0.00000  0.94786 0.31383
 343  0.94987 0.00000  0.94784 0.31384
 344  0.95355 0.00000  0.94782 0.31382
 345  0.94977 0.00000  0.94781 0.31381
 346  0.94940 0.00000  0.94781 0.31380
 347  0.95364 0.00000  0.94783 0.31381
 348  0.94943 0.00000  0.94783 0.31381
 349  0.94885 0.00000  0.94782 0.31382
 350  0.94615 0.00000  0.94779 0.31382
 351  0.95065 0.00000  0.94779 0.31382
 352  0.95058 0.00000  0.94779 0.31382
 353  0.94710 0.00000  0.94776 0.31384
 354  0.94912 0.00000  0.94776 0.31383
 355  0.95374 0.00000  0.94778 0.31383
 356  0.95027 0.00000  0.94778 0.31382
 357  0.95053 0.00000  0.94778 0.31381
 358  0.94698 0.00000  0.94776 0.31381
 359  0.94962 0.00000  0.94775 0.31381
 360  0.95033 0.00000  0.94776 0.31382
 361  0.94924 0.00000  0.94776 0.31382
 362  0.94994 0.00000  0.94777 0.31381
 363  0.94681 0.00000  0.94774 0.31383
 364  0.95088 0.00000  0.94774 0.31382
 365  0.95097 0.00000  0.94775 0.31382
 366  0.94993 0.00000  0.94774 0.31383
 367  0.95123 0.00000  0.94776 0.31384
 368  0.95150 0.00000  0.94777 0.31384
 369  0.94991 0.00000  0.94778 0.31386
 370  0.94780 0.00000  0.94779 0.31387
 371  0.94543 0.00000  0.94777 0.31389
 372  0.94747 0.00000  0.94770 0.31388
 373  0.95128 0.00000  0.94770 0.31387
 374  0.94808 0.00000  0.94768 0.31388
 375  0.95097 0.00000  0.94769 0.31387
 376  0.95217 0.00000  0.94771 0.31386
 377  0.94864 0.00000  0.94770 0.31387
 378  0.94861 0.00000  0.94769 0.31387
 379  0.94838 0.00000  0.94768 0.31386
 380  0.94719 0.00000  0.94767 0.31388
 381  0.95044 0.00000  0.94769 0.31388
 382  0.95264 0.00000  0.94770 0.31385
 383  0.95250 0.00000  0.94772 0.31386
 384  0.94845 0.00000  0.94774 0.31388
 385  0.95090 0.00000  0.94774 0.31387
 386  0.94602 0.00000  0.94770 0.31388
 387  0.95345 0.00000  0.94775 0.31388
 388  0.95271 0.00000  0.94783 0.31391
 389  0.94869 0.00000  0.94783 0.31392
 390  0.94793 0.00000  0.94777 0.31390
 391  0.94823 0.00000  0.94773 0.31390
 392  0.95001 0.00000  0.94773 0.31390
 393  0.94848 0.00000  0.94772 0.31389
 394  0.95084 0.00000  0.94771 0.31389
 395  0.95484 0.00000  0.94774 0.31386
 396  0.94860 0.00000  0.94773 0.31386
 397  0.95002 0.00000  0.94775 0.31389
 398  0.95353 0.00000  0.94777 0.31387
 399  0.94879 0.00000  0.94777 0.31389
 400  0.94880 0.00000  0.94774 0.31386
 401  0.95082 0.00000  0.94777 0.31389
 402  0.94958 0.00000  0.94775 0.31387
 403  0.95243 0.00000  0.94779 0.31389
 404  0.94834 0.00000  0.94778 0.31390
 405  0.94927 0.00000  0.94777 0.31388
 406  0.94759 0.00000  0.94774 0.31387
 407  0.94842 0.00000  0.94773 0.31387
 408  0.95197 0.00000  0.94774 0.31386
 409  0.95355 0.00000  0.94777 0.31387
 410  0.95272 0.00000  0.94781 0.31390
 411  0.95147 0.00000  0.94783 0.31391
 412  0.95342 0.00000  0.94783 0.31390
 413  0.94889 0.00000  0.94780 0.31389
 414  0.95358 0.00000  0.94782 0.31387
 415  0.94914 0.00000  0.94782 0.31389
 416  0.94892 0.00000  0.94781 0.31390
 417  0.94817 0.00000  0.94778 0.31390
 418  0.95132 0.00000  0.94779 0.31388
 419  0.95328 0.00000  0.94780 0.31388
 420  0.95307 0.00000  0.94784 0.31388
 421  0.95476 0.00000  0.94787 0.31387
 422  0.94659 0.00000  0.94784 0.31387
 423  0.95125 0.00000  0.94787 0.31388
 424  0.95114 0.00000  0.94787 0.31388
 425  0.94687 0.00000  0.94785 0.31387
 426  0.94965 0.00000  0.94784 0.31388
 427  0.95078 0.00000  0.94783 0.31389
 428  0.94927 0.00000  0.94784 0.31390
 429  0.95145 0.00000  0.94783 0.31389
 430  0.95276 0.00000  0.94785 0.31388
 431  0.95405 0.00000  0.94788 0.31388
 432  0.95311 0.00000  0.94791 0.31389
 433  0.94801 0.00000  0.94787 0.31388
 434  0.95343 0.00000  0.94790 0.31389
 435  0.95020 0.00000  0.94789 0.31389
 436  0.94924 0.00000  0.94786 0.31389
 437  0.94763 0.00000  0.94785 0.31389
 438  0.94768 0.00000  0.94783 0.31390
 439  0.94633 0.00000  0.94782 0.31390
 440  0.95483 0.00000  0.94786 0.31391
 441  0.95185 0.00000  0.94787 0.31391
 442  0.94863 0.00000  0.94789 0.31395
 443  0.94955 0.00000  0.94785 0.31391
 444  0.95166 0.00000  0.94787 0.31394
 445  0.95059 0.00000  0.94786 0.31392
 446  0.95454 0.00000  0.94788 0.31392
 447  0.95238 0.00000  0.94788 0.31391
 448  0.95148 0.00000  0.94788 0.31392
 449  0.95559 0.00000  0.94794 0.31393
 450  0.95179 0.00000  0.94796 0.31396
 451  0.95323 0.00000  0.94798 0.31397
 452  0.94948 0.00000  0.94798 0.31397
 453  0.94772 0.00000  0.94793 0.31396
 454  0.95124 0.00000  0.94794 0.31397
 455  0.95021 0.00000  0.94792 0.31395
 456  0.94886 0.00000  0.94791 0.31396
 457  0.94661 0.00000  0.94786 0.31394
 458  0.95188 0.00000  0.94786 0.31392
 459  0.94874 0.00000  0.94785 0.31392
 460  0.95200 0.00000  0.94787 0.31392
 461  0.94588 0.00000  0.94785 0.31395
 462  0.95179 0.00000  0.94788 0.31397
 463  0.94409 0.00000  0.94782 0.31397
 464  0.94906 0.00000  0.94780 0.31397
 465  0.95080 0.00000  0.94781 0.31398
 466  0.94544 0.00000  0.94777 0.31397
 467  0.94983 0.00000  0.94777 0.31397
 468  0.95091 0.00000  0.94782 0.31399
 469  0.94962 0.00000  0.94783 0.31399
 470  0.94989 0.00000  0.94780 0.31399
 471  0.95012 0.00000  0.94778 0.31398
 472  0.95108 0.00000  0.94779 0.31398
 473  0.95103 0.00000  0.94782 0.31399
 474  0.95278 0.00000  0.94785 0.31400
 475  0.94638 0.00000  0.94782 0.31400
 476  0.94711 0.00000  0.94777 0.31400
 477  0.94880 0.00000  0.94773 0.31398
 478  0.95000 0.00000  0.94773 0.31398
 479  0.94535 0.00000  0.94770 0.31398
 480  0.95046 0.00000  0.94771 0.31400
 481  0.95066 0.00000  0.94772 0.31401
 482  0.94924 0.00000  0.94770 0.31400
 483  0.94581 0.00000  0.94770 0.31401
 484  0.95119 0.00000  0.94771 0.31400
 485  0.94872 0.00000  0.94770 0.31401
 486  0.95305 0.00000  0.94774 0.31401
 487  0.95122 0.00000  0.94776 0.31401
 488  0.94642 0.00000  0.94772 0.31401
 489  0.94874 0.00000  0.94774 0.31402
 490  0.94983 0.00000  0.94775 0.31402
 491  0.94705 0.00000  0.94776 0.31404
 492  0.95128 0.00000  0.94774 0.31402
 493  0.95196 0.00000  0.94776 0.31402
 494  0.94817 0.00000  0.94772 0.31401
 495  0.94944 0.00000  0.94773 0.31401
 496  0.94842 0.00000  0.94776 0.31402
 497  0.94681 0.00000  0.94772 0.31401
 498  0.94807 0.00000  0.94771 0.31401
 499  0.94465 0.00000  0.94772 0.31404
processing 4000 predictions...

0%   10   20   30   40   50   60   70   80   90   100%
|----|----|----|----|----|----|----|----|----|----|
***************************************************
 done.
elapsed: [3006.82s cpu, 2489685.3354 mticks, 931.52s wall]
score: 0.3299  baseline: 0.3384  diff: -0.00858
category UNKNOWN: count 0 avg error 0 baseline avg error 0 avg improvement 0
category AUTO: count 936 avg error 0.0836967 baseline avg error 0.0970217 avg improvement 0.013325
category POSS: count 2576 avg error 0.333322 baseline avg error 0.342472 avg improvement 0.00914998
category IMP: count 488 avg error 0.783807 baseline avg error 0.780242 avg improvement -0.00356492
overall: count 4000 avg error 0.329869 baseline avg error 0.338444 avg improvement 0.00857572
worst entries: 
0: 3714  label: 1 pred: -0.598535 bl: 0.1087 POSS error_pred: 0.951605 error_bl: 0.38483 improvement: -0.566775
    min: -0.973  max: 0.667 avg: 0.04966
explanation: 
no explanation

1: 2906  label: 1 pred: -0.31174 bl: 0.2012 POSS error_pred: 0.751047 error_bl: 0.269428 improvement: -0.481619
    min: -0.675  max: 0.5125 avg: 0.001948
explanation: 
no explanation

2: 1985  label: 1 pred: -0.325943 bl: 0.17325 POSS error_pred: 0.764076 error_bl: 0.30107 improvement: -0.463006
    min: -0.455  max: 0.8145 avg: 0.212308
explanation: 
no explanation

3: 3740  label: 1 pred: -0.319498 bl: 0.1467 POSS error_pred: 0.758958 error_bl: 0.331782 improvement: -0.427175
    min: -0.589  max: 0.587 avg: 0.130444
explanation: 
no explanation

4: 610  label: 1 pred: -0.246169 bl: 0.20435 POSS error_pred: 0.678455 error_bl: 0.26524 improvement: -0.413215
    min: -0.9165  max: 0.6395 avg: 0.265482
explanation: 
no explanation

5: 1208  label: 1 pred: -0.253035 bl: 0.18475 POSS error_pred: 0.688692 error_bl: 0.285714 improvement: -0.402978
    min: -0.802  max: 0.4385 avg: 0.116308
explanation: 
no explanation

6: 3452  label: 1 pred: -0.050957 bl: 0.5847 POSS error_pred: 0.429967 error_bl: 0.0335039 improvement: -0.396463
    min: -0.328  max: 0.9865 avg: 0.41519
explanation: 
no explanation

7: 1304  label: 1 pred: -0.278046 bl: 0.13935 POSS error_pred: 0.718008 error_bl: 0.345277 improvement: -0.372732
    min: -0.6195  max: 0.4675 avg: -0.00458
explanation: 
no explanation

8: 3678  label: 1 pred: -0.149833 bl: 0.27925 POSS error_pred: 0.562122 error_bl: 0.200558 improvement: -0.361564
    min: -0.716  max: 0.918 avg: 0.309016
explanation: 
no explanation

9: 1585  label: 1 pred: -0.0841631 bl: 0.38015 POSS error_pred: 0.47557 error_bl: 0.126105 improvement: -0.349465
    min: -0.433  max: 0.708 avg: 0.244542
explanation: 
no explanation

10: 230  label: 1 pred: -0.385341 bl: 0.01995 POSS error_pred: 0.819916 error_bl: 0.502559 improvement: -0.317357
    min: -0.6495  max: 0.6615 avg: -0.025896
explanation: 
no explanation

11: 2024  label: 1 pred: -0.136822 bl: 0.24455 POSS error_pred: 0.54537 error_bl: 0.229874 improvement: -0.315496
    min: -0.5705  max: 0.579 avg: 0.172364
explanation: 
no explanation

12: 3630  label: 1 pred: -0.300978 bl: 0.0719 POSS error_pred: 0.739879 error_bl: 0.428106 improvement: -0.311773
    min: -0.705  max: 0.4795 avg: 0.079336
explanation: 
no explanation

13: 3405  label: 1 pred: -0.182139 bl: 0.17905 POSS error_pred: 0.604002 error_bl: 0.294556 improvement: -0.309446
    min: -0.418  max: 0.6285 avg: 0.071718
explanation: 
no explanation

14: 2423  label: 1 pred: -0.138606 bl: 0.224 POSS error_pred: 0.546766 error_bl: 0.246161 improvement: -0.300605
    min: -0.3425  max: 0.6795 avg: 0.1014
explanation: 
no explanation

15: 671  label: 1 pred: -0.259503 bl: 0.0875 POSS error_pred: 0.695672 error_bl: 0.409493 improvement: -0.28618
    min: -0.5225  max: 0.438 avg: 0.062814
explanation: 
no explanation

16: 1769  label: 1 pred: -0.12203 bl: 0.2194 POSS error_pred: 0.527687 error_bl: 0.250349 improvement: -0.277338
    min: -0.118  max: 0.806 avg: 0.377692
explanation: 
no explanation

17: 2051  label: 1 pred: -0.336074 bl: 0.01795 POSS error_pred: 0.773848 error_bl: 0.505817 improvement: -0.268032
    min: -0.6385  max: 0.337 avg: 0.018952
explanation: 
no explanation

18: 3724  label: 1 pred: -0.0719507 bl: 0.28545 POSS error_pred: 0.459283 error_bl: 0.19544 improvement: -0.263844
    min: -0.135  max: 0.8375 avg: 0.3854
explanation: 
no explanation

19: 2889  label: 1 pred: -0.334486 bl: 0.01615 POSS error_pred: 0.772452 error_bl: 0.509074 improvement: -0.263378
    min: -0.624  max: 0.381 avg: -0.044118
explanation: 
no explanation

20: 2004  label: 1 pred: -0.0561408 bl: 0.3039 POSS error_pred: 0.439274 error_bl: 0.180549 improvement: -0.258725
    min: -0.147  max: 0.97 avg: 0.377712
explanation: 
no explanation

21: 2546  label: 1 pred: -0.194158 bl: 0.12415 POSS error_pred: 0.616566 error_bl: 0.364356 improvement: -0.25221
    min: -0.4365  max: 0.436 avg: 0.017784
explanation: 
no explanation

22: 3470  label: 1 pred: -0.110507 bl: 0.2067 POSS error_pred: 0.511401 error_bl: 0.261982 improvement: -0.249418
    min: -0.2805  max: 0.8125 avg: 0.359406
explanation: 
no explanation

23: 1345  label: 1 pred: -0.00151786 bl: 0.3978 POSS error_pred: 0.352722 error_bl: 0.114007 improvement: -0.238716
    min: -0.2635  max: 0.777 avg: 0.35127
explanation: 
no explanation

24: 3176  label: 1 pred: -0.127732 bl: 0.17665 POSS error_pred: 0.535133 error_bl: 0.297813 improvement: -0.23732
    min: -0.1095  max: 0.899 avg: 0.211892
explanation: 
no explanation

25: 1757  label: 1 pred: -0.364429 bl: -0.02975 POSS error_pred: 0.799442 error_bl: 0.567706 improvement: -0.231736
    min: -0.4855  max: 0.697 avg: 0.048468
explanation: 
no explanation

26: 1867  label: 1 pred: -0.126528 bl: 0.1717 POSS error_pred: 0.533737 error_bl: 0.303397 improvement: -0.23034
    min: -0.503  max: 0.6115 avg: 0.151424
explanation: 
no explanation

27: 2435  label: 1 pred: 0.00053844 bl: 0.38335 POSS error_pred: 0.350861 error_bl: 0.123313 improvement: -0.227548
    min: -0.1895  max: 0.7665 avg: 0.247668
explanation: 
no explanation

28: 1686  label: 1 pred: -0.0775783 bl: 0.22875 POSS error_pred: 0.464402 error_bl: 0.239181 improvement: -0.225221
    min: -0.207  max: 0.806 avg: 0.377238
explanation: 
no explanation

29: 3190  label: 1 pred: -0.0607858 bl: 0.25655 POSS error_pred: 0.446254 error_bl: 0.221964 improvement: -0.22429
    min: -0.198  max: 0.73 avg: 0.258392
explanation: 
no explanation

30: 111  label: 1 pred: -0.110893 bl: 0.18285 POSS error_pred: 0.511866 error_bl: 0.288506 improvement: -0.22336
    min: -0.3015  max: 0.75 avg: 0.200946
explanation: 
no explanation

31: 3273  label: 1 pred: -0.430533 bl: -0.0755 POSS error_pred: 0.858539 error_bl: 0.635412 improvement: -0.223127
    min: -0.5805  max: 0.5455 avg: -0.11424
explanation: 
no explanation

32: 2901  label: 1 pred: -0.0514188 bl: 0.2696 POSS error_pred: 0.430433 error_bl: 0.2094 improvement: -0.221033
    min: -0.047  max: 0.774 avg: 0.36819
explanation: 
no explanation

33: 3926  label: 1 pred: -0.343609 bl: -0.03055 POSS error_pred: 0.781294 error_bl: 0.568637 improvement: -0.212657
    min: -0.511  max: 0.765 avg: -0.132986
explanation: 
no explanation

34: 2541  label: -1 pred: 0.153333 bl: 0.16255 IMP error_pred: 0.664506 error_bl: 0.452998 improvement: -0.211507
    min: 0.0695  max: 0.31 avg: 0.183906
explanation: 
no explanation

35: 2234  label: 1 pred: -0.173055 bl: 0.11225 POSS error_pred: 0.590042 error_bl: 0.380642 improvement: -0.2094
    min: -0.4065  max: 0.533 avg: 0.13433
explanation: 
no explanation

36: 2887  label: 1 pred: -0.0955875 bl: 0.1887 POSS error_pred: 0.489065 error_bl: 0.281992 improvement: -0.207073
    min: -0.4245  max: 0.533 avg: 0.25322
explanation: 
no explanation

37: 3098  label: 1 pred: 0.00901081 bl: 0.3573 POSS error_pred: 0.34202 error_bl: 0.137273 improvement: -0.204746
    min: -0.223  max: 0.7485 avg: 0.392042
explanation: 
no explanation

38: 3943  label: 1 pred: -0.0752155 bl: 0.21065 POSS error_pred: 0.462541 error_bl: 0.257794 improvement: -0.204746
    min: -0.4315  max: 0.4255 avg: 0.096058
explanation: 
no explanation

39: 555  label: 1 pred: -0.239685 bl: 0.04555 POSS error_pred: 0.670544 error_bl: 0.467427 improvement: -0.203118
    min: -0.5425  max: 0.5925 avg: 0.213324
explanation: 
no explanation

40: 2115  label: -1 pred: 0.0640395 bl: 0.055 POSS error_pred: 0.506753 error_bl: 0.307401 improvement: -0.199352
    min: -0.0445  max: 0.188 avg: 0.079686
explanation: 
no explanation

41: 2986  label: 1 pred: -0.372291 bl: -0.05865 POSS error_pred: 0.806887 error_bl: 0.60819 improvement: -0.198697
    min: -0.742  max: 0.1985 avg: -0.215276
explanation: 
no explanation

42: 3100  label: 1 pred: 0.0437427 bl: 0.4324 POSS error_pred: 0.290833 error_bl: 0.0944625 improvement: -0.19637
    min: -0.021  max: 0.842 avg: 0.29926
explanation: 
no explanation

43: 1641  label: 1 pred: -0.0793225 bl: 0.19205 POSS error_pred: 0.467659 error_bl: 0.278734 improvement: -0.188925
    min: -0.209  max: 0.5985 avg: 0.23093
explanation: 
no explanation

44: 2766  label: 1 pred: -0.153557 bl: 0.11465 POSS error_pred: 0.564449 error_bl: 0.377385 improvement: -0.187064
    min: -0.3435  max: 0.526 avg: 0.094398
explanation: 
no explanation

45: 3578  label: 1 pred: 0.0601475 bl: 0.44185 POSS error_pred: 0.27315 error_bl: 0.0874826 improvement: -0.185668
    min: -0.0865  max: 0.8995 avg: 0.433656
explanation: 
no explanation

46: 3698  label: 1 pred: -0.240749 bl: 0.03145 POSS error_pred: 0.671475 error_bl: 0.486273 improvement: -0.185202
    min: -0.4365  max: 0.493 avg: 0.022838
explanation: 
no explanation

47: 3177  label: -1 pred: 0.09941 bl: 0.1148 POSS error_pred: 0.573204 error_bl: 0.388979 improvement: -0.184225
    min: -0.0675  max: 0.173 avg: 0.079258
explanation: 
no explanation

48: 2181  label: 1 pred: -0.501404 bl: -0.1331 POSS error_pred: 0.904141 error_bl: 0.720335 improvement: -0.183806
    min: -0.692  max: 0.392 avg: -0.193588
explanation: 
no explanation

49: 2910  label: 1 pred: -0.00662332 bl: 0.30415 POSS error_pred: 0.36296 error_bl: 0.180549 improvement: -0.18241
    min: -0.3625  max: 0.545 avg: 0.214924
explanation: 
no explanation

best entries: 
0: 3996  label: -1 pred: -0.0876239 bl: 0.4921 POSS error_pred: 0.26148 error_bl: 0.871961 improvement: 0.610481
1: 2664  label: -1 pred: -0.161966 bl: 0.39625 POSS error_pred: 0.185305 error_bl: 0.777958 improvement: 0.592653
2: 2900  label: -1 pred: -0.110902 bl: 0.44045 POSS error_pred: 0.234468 error_bl: 0.82604 improvement: 0.591572
3: 302  label: -1 pred: -0.141681 bl: 0.37365 POSS error_pred: 0.203133 error_bl: 0.753917 improvement: 0.550783
4: 2911  label: -1 pred: -0.135069 bl: 0.34065 POSS error_pred: 0.210697 error_bl: 0.712588 improvement: 0.501891
5: 3988  label: -1 pred: -0.329878 bl: 0.23985 POSS error_pred: 0.0799568 error_bl: 0.581307 improvement: 0.501351
6: 1535  label: -1 pred: -0.0305066 bl: 0.4688 POSS error_pred: 0.34846 error_bl: 0.845489 improvement: 0.497029
7: 1734  label: -1 pred: -0.139908 bl: 0.3198 POSS error_pred: 0.203674 error_bl: 0.694489 improvement: 0.490816
8: 2305  label: -1 pred: -0.156624 bl: 0.26845 POSS error_pred: 0.187466 error_bl: 0.627228 improvement: 0.439762
9: 3250  label: -1 pred: -0.0521801 bl: 0.36585 POSS error_pred: 0.311723 error_bl: 0.743382 improvement: 0.431659
10: 2250  label: -1 pred: -0.304179 bl: 0.19585 POSS error_pred: 0.0907618 error_bl: 0.514046 improvement: 0.423285
11: 515  label: -1 pred: -0.0561075 bl: 0.339 POSS error_pred: 0.303079 error_bl: 0.712588 improvement: 0.409508
12: 3962  label: -1 pred: -0.00979725 bl: 0.38105 POSS error_pred: 0.379795 error_bl: 0.765532 improvement: 0.385737
13: 614  label: -1 pred: -0.00816278 bl: 0.3827 POSS error_pred: 0.381415 error_bl: 0.766072 improvement: 0.384657
14: 2528  label: -1 pred: -0.180818 bl: 0.21965 POSS error_pred: 0.172339 error_bl: 0.549973 improvement: 0.377634
15: 3073  label: -1 pred: 0.0971267 bl: 0.55265 POSS error_pred: 0.569422 error_bl: 0.914641 improvement: 0.345219
16: 1722  label: -1 pred: 0.0122885 bl: 0.36995 POSS error_pred: 0.418693 error_bl: 0.750405 improvement: 0.331713
17: 310  label: -1 pred: 0.0929308 bl: 0.5154 IMP error_pred: 0.561858 error_bl: 0.89141 improvement: 0.329552
18: 339  label: -1 pred: -0.116488 bl: 0.22545 POSS error_pred: 0.229606 error_bl: 0.556456 improvement: 0.32685
19: 1154  label: -1 pred: -0.0265279 bl: 0.30635 POSS error_pred: 0.354403 error_bl: 0.676391 improvement: 0.321988
20: 2660  label: -1 pred: -0.0601072 bl: 0.26005 POSS error_pred: 0.296596 error_bl: 0.614263 improvement: 0.317666
21: 761  label: -1 pred: 0.0719128 bl: 0.4502 POSS error_pred: 0.5208 error_bl: 0.834684 improvement: 0.313884
22: 1089  label: -1 pred: 0.061877 bl: 0.43245 POSS error_pred: 0.504052 error_bl: 0.816856 improvement: 0.312804
23: 268  label: -1 pred: -0.0521797 bl: 0.26245 POSS error_pred: 0.311723 error_bl: 0.618044 improvement: 0.306321
24: 3352  label: -1 pred: -0.0599278 bl: 0.24735 POSS error_pred: 0.297137 error_bl: 0.594273 improvement: 0.297137
25: 3001  label: -1 pred: -0.109172 bl: 0.20085 POSS error_pred: 0.237709 error_bl: 0.5208 improvement: 0.28309
26: 2260  label: -1 pred: -0.26719 bl: 0.11405 POSS error_pred: 0.106429 error_bl: 0.387898 improvement: 0.281469
27: 1168  label: -1 pred: -0.0737107 bl: 0.2241 POSS error_pred: 0.279849 error_bl: 0.555646 improvement: 0.275797
28: 3119  label: -1 pred: -0.205773 bl: 0.14105 POSS error_pred: 0.145867 error_bl: 0.421394 improvement: 0.275527
29: 1184  label: -1 pred: -0.251179 bl: 0.11485 POSS error_pred: 0.116153 error_bl: 0.388979 improvement: 0.272825
30: 633  label: -1 pred: -0.229944 bl: 0.1215 POSS error_pred: 0.131821 error_bl: 0.397083 improvement: 0.265262
31: 270  label: -1 pred: 0.0654287 bl: 0.39295 POSS error_pred: 0.509995 error_bl: 0.774176 improvement: 0.264181
32: 3071  label: -1 pred: -0.023786 bl: 0.26355 POSS error_pred: 0.358185 error_bl: 0.621286 improvement: 0.263101
33: 3931  label: -1 pred: -0.376912 bl: 0.066 POSS error_pred: 0.0610481 error_bl: 0.324149 improvement: 0.263101
34: 1457  label: -1 pred: 0.0922527 bl: 0.43515 POSS error_pred: 0.561858 error_bl: 0.821718 improvement: 0.25986
35: 616  label: -1 pred: 0.101657 bl: 0.4488 POSS error_pred: 0.575905 error_bl: 0.834684 improvement: 0.258779
36: 2294  label: -1 pred: -0.0750028 bl: 0.2087 POSS error_pred: 0.278768 error_bl: 0.536197 improvement: 0.257428
37: 3534  label: -1 pred: 0.0684093 bl: 0.3881 IMP error_pred: 0.514857 error_bl: 0.771475 improvement: 0.256618
38: 241  label: -1 pred: -0.194241 bl: 0.1362 POSS error_pred: 0.156672 error_bl: 0.41275 improvement: 0.256078
39: 3761  label: -1 pred: -0.0795547 bl: 0.2049 POSS error_pred: 0.273366 error_bl: 0.528363 improvement: 0.254997
40: 1309  label: -1 pred: -0.342617 bl: 0.06745 POSS error_pred: 0.0734738 error_bl: 0.32523 improvement: 0.251756
41: 1408  label: -1 pred: -0.0884969 bl: 0.19195 POSS error_pred: 0.2604 error_bl: 0.506213 improvement: 0.245813
42: 3114  label: -1 pred: -0.0658004 bl: 0.20645 POSS error_pred: 0.288493 error_bl: 0.532685 improvement: 0.244192
43: 3725  label: -1 pred: 0.176531 bl: 0.603 POSS error_pred: 0.699082 error_bl: 0.943274 improvement: 0.244192
44: 2020  label: -1 pred: 0.0225384 bl: 0.30585 POSS error_pred: 0.435981 error_bl: 0.675851 improvement: 0.23987
45: 1906  label: -1 pred: -0.0714106 bl: 0.20025 POSS error_pred: 0.28255 error_bl: 0.520259 improvement: 0.237709
46: 2661  label: -1 pred: -0.25259 bl: 0.08465 POSS error_pred: 0.114533 error_bl: 0.351972 improvement: 0.237439
47: 3108  label: -1 pred: -0.0204322 bl: 0.252 POSS error_pred: 0.363587 error_bl: 0.598325 improvement: 0.234738
48: 1602  label: -1 pred: 0.0484326 bl: 0.3389 POSS error_pred: 0.47866 error_bl: 0.712588 improvement: 0.233928
49: 1643  label: -1 pred: -0.00543367 bl: 0.26245 POSS error_pred: 0.386278 error_bl: 0.618044 improvement: 0.231767

total is 0
score for UNKNOWN: 1.0000 baseline: 1.0000 diff: 0.0000
total is 936
score for AUTO: 0.0000 baseline: 0.0000 diff: 0.0000
total is 2576
score for POSS: 0.3684 baseline: 0.3794 diff: -0.0110
total is 488
score for IMP: 1.0000 baseline: 1.0000 diff: 0.0000
writing 20000 official test outputs

0%   10   20   30   40   50   60   70   80   90   100%
|----|----|----|----|----|----|----|----|----|----|
***************************************************
scores: [ 0.329869 ]
0.3299 +/-    nan
2861.50user 149.31system 15:32.47elapsed 322%CPU (0avgtext+0avgdata 0maxresident)k
0inputs+448outputs (0major+52277135minor)pagefaults 0swaps
