loading data...Twoway_Layer::random_fill(): limit = 0.103695 ni = 93 no = 50
Twoway_Layer::random_fill(): limit = 0.141421 ni = 50 no = 1
iter  ---- train ----  ---- test -----
         rmse     auc     rmse     auc
   0  0.62541 0.00000  0.52053 0.00000
   1  0.49007 0.00000  0.46756 0.00000
   2  0.46107 0.00000  0.45288 0.00000
   3  0.44906 0.00000  0.44845 0.00000
   4  0.44688 0.00000  0.44628 0.00000
   5  0.44596 0.00000  0.44525 0.00000
   6  0.44591 0.00000  0.44487 0.00000
   7  0.44425 0.00000  0.44455 0.00000
   8  0.44219 0.00000  0.44424 0.00000
   9  0.44200 0.00000  0.44407 0.00000
  10  0.44463 0.00000  0.44394 0.00000
  11  0.43834 0.00000  0.44371 0.00000
  12  0.44711 0.00000  0.44350 0.00000
  13  0.43255 0.00000  0.44330 0.00000
  14  0.45200 0.00000  0.44323 0.00000
  15  0.44499 0.00000  0.44299 0.00000
  16  0.44599 0.00000  0.44287 0.00000
  17  0.44085 0.00000  0.44269 0.00000
  18  0.43960 0.00000  0.44257 0.00000
  19  0.43954 0.00000  0.44244 0.00000
  20  0.44427 0.00000  0.44227 0.00000
  21  0.43579 0.00000  0.44217 0.00000
  22  0.44677 0.00000  0.44216 0.00000
  23  0.43897 0.00000  0.44202 0.00000
  24  0.44444 0.00000  0.44199 0.00000
  25  0.44026 0.00000  0.44183 0.00000
  26  0.44174 0.00000  0.44164 0.00000
  27  0.44748 0.00000  0.44168 0.00000
  28  0.45034 0.00000  0.44163 0.00000
  29  0.43729 0.00000  0.44142 0.00000
  30  0.44177 0.00000  0.44130 0.00000
  31  0.43967 0.00000  0.44119 0.00000
  32  0.44801 0.00000  0.44118 0.00000
  33  0.44158 0.00000  0.44105 0.00000
  34  0.44324 0.00000  0.44113 0.00000
  35  0.44660 0.00000  0.44093 0.00000
  36  0.44363 0.00000  0.44081 0.00000
  37  0.44076 0.00000  0.44077 0.00000
  38  0.43469 0.00000  0.44071 0.00000
  39  0.43901 0.00000  0.44068 0.00000
  40  0.43531 0.00000  0.44058 0.00000
  41  0.43378 0.00000  0.44055 0.00000
  42  0.44421 0.00000  0.44048 0.00000
  43  0.43879 0.00000  0.44042 0.00000
  44  0.43644 0.00000  0.44036 0.00000
  45  0.44445 0.00000  0.44040 0.00000
  46  0.44130 0.00000  0.44030 0.00000
  47  0.43536 0.00000  0.44025 0.00000
  48  0.44517 0.00000  0.44027 0.00000
  49  0.43667 0.00000  0.44021 0.00000
  50  0.43444 0.00000  0.44017 0.00000
  51  0.44320 0.00000  0.44021 0.00000
  52  0.44196 0.00000  0.44025 0.00000
  53  0.43351 0.00000  0.44013 0.00000
  54  0.44168 0.00000  0.44018 0.00000
  55  0.42831 0.00000  0.44007 0.00000
  56  0.43736 0.00000  0.44000 0.00000
  57  0.44491 0.00000  0.43997 0.00000
  58  0.44089 0.00000  0.43997 0.00000
  59  0.43596 0.00000  0.43985 0.00000
  60  0.43376 0.00000  0.43989 0.00000
  61  0.43799 0.00000  0.43993 0.00000
  62  0.44144 0.00000  0.43993 0.00000
  63  0.43925 0.00000  0.43988 0.00000
  64  0.43490 0.00000  0.43983 0.00000
  65  0.43322 0.00000  0.43975 0.00000
  66  0.44190 0.00000  0.43974 0.00000
  67  0.43567 0.00000  0.43976 0.00000
  68  0.43219 0.00000  0.43979 0.00000
  69  0.43765 0.00000  0.43981 0.00000
  70  0.44290 0.00000  0.43976 0.00000
  71  0.43654 0.00000  0.43977 0.00000
  72  0.43302 0.00000  0.43973 0.00000
  73  0.42873 0.00000  0.43968 0.00000
  74  0.43690 0.00000  0.43962 0.00000
  75  0.43946 0.00000  0.43970 0.00000
  76  0.43430 0.00000  0.43967 0.00000
  77  0.43819 0.00000  0.43964 0.00000
  78  0.43976 0.00000  0.43965 0.00000
  79  0.43812 0.00000  0.43963 0.00000
  80  0.43660 0.00000  0.43963 0.00000
  81  0.44227 0.00000  0.43961 0.00000
  82  0.43505 0.00000  0.43956 0.00000
  83  0.43581 0.00000  0.43952 0.00000
  84  0.43568 0.00000  0.43955 0.00000
  85  0.42857 0.00000  0.43953 0.00000
  86  0.44086 0.00000  0.43960 0.00000
  87  0.44862 0.00000  0.43960 0.00000
  88  0.43764 0.00000  0.43955 0.00000
  89  0.43853 0.00000  0.43952 0.00000
  90  0.44068 0.00000  0.43954 0.00000
  91  0.43742 0.00000  0.43951 0.00000
  92  0.43793 0.00000  0.43952 0.00000
  93  0.44244 0.00000  0.43961 0.00000
  94  0.44183 0.00000  0.43977 0.00000
  95  0.43931 0.00000  0.43969 0.00000
  96  0.43681 0.00000  0.43966 0.00000
  97  0.43841 0.00000  0.43962 0.00000
  98  0.43594 0.00000  0.43961 0.00000
  99  0.43684 0.00000  0.43955 0.00000
 100  0.43098 0.00000  0.43956 0.00000
 101  0.44138 0.00000  0.43954 0.00000
 102  0.43031 0.00000  0.43944 0.00000
 103  0.43904 0.00000  0.43945 0.00000
 104  0.44415 0.00000  0.43954 0.00000
 105  0.43889 0.00000  0.43958 0.00000
 106  0.43392 0.00000  0.43955 0.00000
 107  0.44269 0.00000  0.43959 0.00000
 108  0.43202 0.00000  0.43956 0.00000
 109  0.44087 0.00000  0.43962 0.00000
 110  0.43469 0.00000  0.43962 0.00000
 111  0.44307 0.00000  0.43961 0.00000
 112  0.43592 0.00000  0.43954 0.00000
 113  0.44344 0.00000  0.43956 0.00000
 114  0.43992 0.00000  0.43963 0.00000
 115  0.43473 0.00000  0.43962 0.00000
 116  0.43750 0.00000  0.43956 0.00000
 117  0.44047 0.00000  0.43955 0.00000
 118  0.44348 0.00000  0.43957 0.00000
 119  0.44137 0.00000  0.43958 0.00000
 120  0.44725 0.00000  0.43965 0.00000
 121  0.43960 0.00000  0.43962 0.00000
 122  0.43491 0.00000  0.43957 0.00000
 123  0.43823 0.00000  0.43958 0.00000
 124  0.43361 0.00000  0.43962 0.00000
 125  0.43676 0.00000  0.43960 0.00000
 126  0.43943 0.00000  0.43964 0.00000
 127  0.43911 0.00000  0.43963 0.00000
 128  0.43235 0.00000  0.43965 0.00000
 129  0.44253 0.00000  0.43969 0.00000
 130  0.44195 0.00000  0.43971 0.00000
 131  0.44425 0.00000  0.43966 0.00000
 132  0.44634 0.00000  0.43975 0.00000
 133  0.44260 0.00000  0.43981 0.00000
 134  0.43720 0.00000  0.43973 0.00000
 135  0.44198 0.00000  0.43976 0.00000
 136  0.44053 0.00000  0.43977 0.00000
 137  0.43884 0.00000  0.43978 0.00000
 138  0.43721 0.00000  0.43978 0.00000
 139  0.43914 0.00000  0.43980 0.00000
 140  0.44347 0.00000  0.43984 0.00000
 141  0.44702 0.00000  0.43984 0.00000
 142  0.44350 0.00000  0.43988 0.00000
 143  0.44012 0.00000  0.43988 0.00000
 144  0.43956 0.00000  0.43984 0.00000
 145  0.44375 0.00000  0.43985 0.00000
 146  0.43615 0.00000  0.43986 0.00000
 147  0.44395 0.00000  0.43988 0.00000
 148  0.43499 0.00000  0.43983 0.00000
 149  0.43847 0.00000  0.43983 0.00000
 150  0.43940 0.00000  0.43984 0.00000
 151  0.43920 0.00000  0.43976 0.00000
 152  0.43601 0.00000  0.43974 0.00000
 153  0.43913 0.00000  0.43974 0.00000
 154  0.44250 0.00000  0.43980 0.00000
 155  0.43842 0.00000  0.43980 0.00000
 156  0.43917 0.00000  0.43979 0.00000
 157  0.44411 0.00000  0.43985 0.00000
 158  0.43830 0.00000  0.43984 0.00000
 159  0.43703 0.00000  0.43976 0.00000
 160  0.43663 0.00000  0.43984 0.00000
 161  0.43536 0.00000  0.43981 0.00000
 162  0.44375 0.00000  0.43987 0.00000
 163  0.44368 0.00000  0.43985 0.00000
 164  0.43284 0.00000  0.43985 0.00000
 165  0.44107 0.00000  0.43987 0.00000
 166  0.43901 0.00000  0.43989 0.00000
 167  0.43207 0.00000  0.43983 0.00000
 168  0.43704 0.00000  0.43984 0.00000
 169  0.44089 0.00000  0.43985 0.00000
 170  0.44225 0.00000  0.43992 0.00000
 171  0.44338 0.00000  0.43992 0.00000
 172  0.43968 0.00000  0.43988 0.00000
 173  0.44154 0.00000  0.43989 0.00000
 174  0.43930 0.00000  0.43997 0.00000
 175  0.43705 0.00000  0.43995 0.00000
 176  0.43388 0.00000  0.43992 0.00000
 177  0.43826 0.00000  0.43988 0.00000
 178  0.43770 0.00000  0.43990 0.00000
 179  0.44451 0.00000  0.43994 0.00000
 180  0.43749 0.00000  0.44001 0.00000
 181  0.43762 0.00000  0.44003 0.00000
 182  0.43720 0.00000  0.44002 0.00000
 183  0.43863 0.00000  0.44003 0.00000
 184  0.44289 0.00000  0.44006 0.00000
 185  0.44159 0.00000  0.44005 0.00000
 186  0.44449 0.00000  0.44007 0.00000
 187  0.43749 0.00000  0.44002 0.00000
 188  0.44081 0.00000  0.43999 0.00000
 189  0.44191 0.00000  0.43996 0.00000
 190  0.44045 0.00000  0.44001 0.00000
 191  0.44018 0.00000  0.43999 0.00000
 192  0.44256 0.00000  0.44007 0.00000
 193  0.43801 0.00000  0.44011 0.00000
 194  0.43494 0.00000  0.44005 0.00000
 195  0.43496 0.00000  0.44000 0.00000
 196  0.43754 0.00000  0.43995 0.00000
 197  0.44574 0.00000  0.44002 0.00000
 198  0.43456 0.00000  0.44000 0.00000
 199  0.43823 0.00000  0.43999 0.00000
 200  0.43832 0.00000  0.43996 0.00000
 201  0.43868 0.00000  0.43999 0.00000
 202  0.44355 0.00000  0.44004 0.00000
 203  0.44142 0.00000  0.44004 0.00000
 204  0.44439 0.00000  0.44011 0.00000
 205  0.44097 0.00000  0.44015 0.00000
 206  0.43699 0.00000  0.44007 0.00000
 207  0.43804 0.00000  0.44002 0.00000
 208  0.43333 0.00000  0.44003 0.00000
 209  0.43527 0.00000  0.44007 0.00000
 210  0.44164 0.00000  0.43997 0.00000
 211  0.44100 0.00000  0.43998 0.00000
 212  0.43315 0.00000  0.43993 0.00000
 213  0.44227 0.00000  0.43998 0.00000
 214  0.43646 0.00000  0.43997 0.00000
 215  0.43619 0.00000  0.43996 0.00000
 216  0.43945 0.00000  0.43998 0.00000
 217  0.43956 0.00000  0.44003 0.00000
 218  0.44254 0.00000  0.44009 0.00000
 219  0.44374 0.00000  0.44007 0.00000
 220  0.43758 0.00000  0.44013 0.00000
 221  0.44298 0.00000  0.44013 0.00000
 222  0.44032 0.00000  0.44006 0.00000
 223  0.43265 0.00000  0.44003 0.00000
 224  0.43858 0.00000  0.44009 0.00000
 225  0.43732 0.00000  0.44008 0.00000
 226  0.43844 0.00000  0.44009 0.00000
 227  0.44350 0.00000  0.44012 0.00000
 228  0.44493 0.00000  0.44016 0.00000
 229  0.43906 0.00000  0.44014 0.00000
 230  0.44119 0.00000  0.44011 0.00000
 231  0.44097 0.00000  0.44015 0.00000
 232  0.43967 0.00000  0.44017 0.00000
 233  0.44197 0.00000  0.44015 0.00000
 234  0.43833 0.00000  0.44013 0.00000
 235  0.44758 0.00000  0.44010 0.00000
 236  0.43540 0.00000  0.44014 0.00000
 237  0.44384 0.00000  0.44020 0.00000
 238  0.44519 0.00000  0.44030 0.00000
 239  0.43901 0.00000  0.44031 0.00000
 240  0.43863 0.00000  0.44024 0.00000
 241  0.43520 0.00000  0.44018 0.00000
 242  0.44347 0.00000  0.44017 0.00000
 243  0.44085 0.00000  0.44016 0.00000
 244  0.43987 0.00000  0.44007 0.00000
 245  0.43834 0.00000  0.44006 0.00000
 246  0.44129 0.00000  0.44007 0.00000
 247  0.43875 0.00000  0.44004 0.00000
 248  0.43751 0.00000  0.44005 0.00000
 249  0.44265 0.00000  0.44011 0.00000
 250  0.43729 0.00000  0.44009 0.00000
 251  0.43279 0.00000  0.44014 0.00000
 252  0.43344 0.00000  0.44013 0.00000
 253  0.44080 0.00000  0.44011 0.00000
 254  0.43589 0.00000  0.44012 0.00000
 255  0.44357 0.00000  0.44013 0.00000
 256  0.44130 0.00000  0.44014 0.00000
 257  0.43683 0.00000  0.44017 0.00000
 258  0.44272 0.00000  0.44008 0.00000
 259  0.44212 0.00000  0.44006 0.00000
 260  0.43781 0.00000  0.44009 0.00000
 261  0.43492 0.00000  0.44000 0.00000
 262  0.43524 0.00000  0.43999 0.00000
 263  0.43868 0.00000  0.44005 0.00000
 264  0.43446 0.00000  0.44006 0.00000
 265  0.44413 0.00000  0.44005 0.00000
 266  0.44317 0.00000  0.44007 0.00000
 267  0.44127 0.00000  0.44009 0.00000
 268  0.44049 0.00000  0.44013 0.00000
 269  0.44149 0.00000  0.44014 0.00000
 270  0.44195 0.00000  0.44010 0.00000
 271  0.43697 0.00000  0.44015 0.00000
 272  0.43725 0.00000  0.44011 0.00000
 273  0.44147 0.00000  0.44009 0.00000
 274  0.43463 0.00000  0.44003 0.00000
 275  0.44279 0.00000  0.44010 0.00000
 276  0.43597 0.00000  0.44006 0.00000
 277  0.43772 0.00000  0.44005 0.00000
 278  0.43988 0.00000  0.44009 0.00000
 279  0.43767 0.00000  0.44012 0.00000
 280  0.44214 0.00000  0.44013 0.00000
 281  0.43301 0.00000  0.44012 0.00000
 282  0.43829 0.00000  0.44006 0.00000
 283  0.44066 0.00000  0.44007 0.00000
 284  0.44001 0.00000  0.44008 0.00000
 285  0.43402 0.00000  0.44010 0.00000
 286  0.43441 0.00000  0.44004 0.00000
 287  0.43759 0.00000  0.44009 0.00000
 288  0.43524 0.00000  0.44009 0.00000
 289  0.43869 0.00000  0.44010 0.00000
 290  0.43395 0.00000  0.44012 0.00000
 291  0.44516 0.00000  0.44015 0.00000
 292  0.43927 0.00000  0.44014 0.00000
 293  0.43818 0.00000  0.44010 0.00000
 294  0.44008 0.00000  0.44015 0.00000
 295  0.43616 0.00000  0.44010 0.00000
 296  0.44039 0.00000  0.44011 0.00000
 297  0.43680 0.00000  0.44012 0.00000
 298  0.44077 0.00000  0.44012 0.00000
 299  0.43821 0.00000  0.44008 0.00000
 300  0.44646 0.00000  0.44004 0.00000
 301  0.42651 0.00000  0.43996 0.00000
 302  0.43634 0.00000  0.44003 0.00000
 303  0.43516 0.00000  0.43999 0.00000
 304  0.43898 0.00000  0.44001 0.00000
 305  0.43702 0.00000  0.44003 0.00000
 306  0.43953 0.00000  0.44002 0.00000
 307  0.43857 0.00000  0.44003 0.00000
 308  0.43888 0.00000  0.44006 0.00000
 309  0.43905 0.00000  0.44011 0.00000
 310  0.44416 0.00000  0.44018 0.00000
 311  0.44093 0.00000  0.44019 0.00000
 312  0.44300 0.00000  0.44015 0.00000
 313  0.43685 0.00000  0.44014 0.00000
 314  0.43697 0.00000  0.44014 0.00000
 315  0.44310 0.00000  0.44015 0.00000
 316  0.43554 0.00000  0.44009 0.00000
 317  0.44150 0.00000  0.44011 0.00000
 318  0.43736 0.00000  0.44014 0.00000
 319  0.43909 0.00000  0.44005 0.00000
 320  0.43597 0.00000  0.43999 0.00000
 321  0.43498 0.00000  0.43999 0.00000
 322  0.43640 0.00000  0.44000 0.00000
 323  0.43787 0.00000  0.44006 0.00000
 324  0.44300 0.00000  0.44008 0.00000
 325  0.43698 0.00000  0.44007 0.00000
 326  0.44012 0.00000  0.44007 0.00000
 327  0.44149 0.00000  0.44012 0.00000
 328  0.44196 0.00000  0.44014 0.00000
 329  0.44561 0.00000  0.44016 0.00000
 330  0.44263 0.00000  0.44018 0.00000
 331  0.43635 0.00000  0.44009 0.00000
 332  0.43944 0.00000  0.44008 0.00000
 333  0.43826 0.00000  0.44006 0.00000
 334  0.44162 0.00000  0.44010 0.00000
 335  0.44169 0.00000  0.44012 0.00000
 336  0.44566 0.00000  0.44017 0.00000
 337  0.44539 0.00000  0.44016 0.00000
 338  0.43616 0.00000  0.44017 0.00000
 339  0.43547 0.00000  0.44013 0.00000
 340  0.43754 0.00000  0.44008 0.00000
 341  0.44141 0.00000  0.44010 0.00000
 342  0.43698 0.00000  0.44008 0.00000
 343  0.44957 0.00000  0.44006 0.00000
 344  0.43593 0.00000  0.44007 0.00000
 345  0.43374 0.00000  0.44002 0.00000
 346  0.44240 0.00000  0.44004 0.00000
 347  0.44383 0.00000  0.44008 0.00000
 348  0.44090 0.00000  0.44010 0.00000
 349  0.44110 0.00000  0.44016 0.00000
 350  0.44219 0.00000  0.44020 0.00000
 351  0.44146 0.00000  0.44017 0.00000
 352  0.44104 0.00000  0.44013 0.00000
 353  0.43168 0.00000  0.44012 0.00000
 354  0.44013 0.00000  0.44016 0.00000
 355  0.43513 0.00000  0.44008 0.00000
 356  0.43860 0.00000  0.44005 0.00000
 357  0.43648 0.00000  0.44006 0.00000
 358  0.43765 0.00000  0.44003 0.00000
 359  0.43641 0.00000  0.44005 0.00000
 360  0.43709 0.00000  0.44005 0.00000
 361  0.43642 0.00000  0.44006 0.00000
 362  0.43926 0.00000  0.44000 0.00000
 363  0.43787 0.00000  0.44003 0.00000
 364  0.43740 0.00000  0.44005 0.00000
 365  0.43725 0.00000  0.44007 0.00000
 366  0.43822 0.00000  0.44008 0.00000
 367  0.44058 0.00000  0.44006 0.00000
 368  0.43659 0.00000  0.44009 0.00000
 369  0.44217 0.00000  0.44007 0.00000
 370  0.43955 0.00000  0.44007 0.00000
 371  0.44210 0.00000  0.44011 0.00000
 372  0.44315 0.00000  0.44006 0.00000
 373  0.44016 0.00000  0.44011 0.00000
 374  0.44505 0.00000  0.44008 0.00000
 375  0.43349 0.00000  0.44006 0.00000
 376  0.44155 0.00000  0.44015 0.00000
 377  0.43615 0.00000  0.44015 0.00000
 378  0.43653 0.00000  0.44016 0.00000
 379  0.43821 0.00000  0.44004 0.00000
 380  0.43850 0.00000  0.44003 0.00000
 381  0.43899 0.00000  0.44004 0.00000
 382  0.43946 0.00000  0.44007 0.00000
 383  0.44020 0.00000  0.44008 0.00000
 384  0.44533 0.00000  0.44015 0.00000
 385  0.44356 0.00000  0.44012 0.00000
 386  0.44390 0.00000  0.44008 0.00000
 387  0.43896 0.00000  0.44011 0.00000
 388  0.43836 0.00000  0.44013 0.00000
 389  0.43699 0.00000  0.44011 0.00000
 390  0.43291 0.00000  0.44006 0.00000
 391  0.43370 0.00000  0.44004 0.00000
 392  0.43669 0.00000  0.44009 0.00000
 393  0.43742 0.00000  0.44006 0.00000
 394  0.44186 0.00000  0.44003 0.00000
 395  0.44035 0.00000  0.44003 0.00000
 396  0.44109 0.00000  0.43997 0.00000
 397  0.43803 0.00000  0.44002 0.00000
 398  0.44592 0.00000  0.44004 0.00000
 399  0.44644 0.00000  0.44008 0.00000
 400  0.43128 0.00000  0.44003 0.00000
 401  0.44009 0.00000  0.44008 0.00000
 402  0.44455 0.00000  0.44011 0.00000
 403  0.43914 0.00000  0.44006 0.00000
 404  0.43760 0.00000  0.44004 0.00000
 405  0.43569 0.00000  0.44002 0.00000
 406  0.43462 0.00000  0.44000 0.00000
 407  0.44191 0.00000  0.44004 0.00000
 408  0.43447 0.00000  0.44008 0.00000
 409  0.44171 0.00000  0.44015 0.00000
 410  0.44162 0.00000  0.44007 0.00000
 411  0.44204 0.00000  0.44003 0.00000
 412  0.43851 0.00000  0.44004 0.00000
 413  0.43891 0.00000  0.44006 0.00000
 414  0.43500 0.00000  0.44007 0.00000
 415  0.43707 0.00000  0.44004 0.00000
 416  0.43590 0.00000  0.43998 0.00000
 417  0.44043 0.00000  0.43999 0.00000
 418  0.44108 0.00000  0.44004 0.00000
 419  0.43902 0.00000  0.44006 0.00000
 420  0.43998 0.00000  0.44009 0.00000
 421  0.43753 0.00000  0.44005 0.00000
 422  0.43923 0.00000  0.44005 0.00000
 423  0.43677 0.00000  0.44005 0.00000
 424  0.44168 0.00000  0.44008 0.00000
 425  0.43637 0.00000  0.44002 0.00000
 426  0.43873 0.00000  0.44007 0.00000
 427  0.43728 0.00000  0.44003 0.00000
 428  0.43739 0.00000  0.44003 0.00000
 429  0.43919 0.00000  0.44004 0.00000
 430  0.43731 0.00000  0.44005 0.00000
 431  0.43875 0.00000  0.44003 0.00000
 432  0.43784 0.00000  0.44002 0.00000
 433  0.43452 0.00000  0.44004 0.00000
 434  0.43623 0.00000  0.44001 0.00000
 435  0.43718 0.00000  0.44004 0.00000
 436  0.43132 0.00000  0.44002 0.00000
 437  0.43768 0.00000  0.43998 0.00000
 438  0.43630 0.00000  0.44000 0.00000
 439  0.43682 0.00000  0.44004 0.00000
 440  0.43984 0.00000  0.44001 0.00000
 441  0.43590 0.00000  0.44005 0.00000
 442  0.44145 0.00000  0.44008 0.00000
 443  0.43657 0.00000  0.44003 0.00000
 444  0.44288 0.00000  0.44001 0.00000
 445  0.43697 0.00000  0.44004 0.00000
 446  0.43668 0.00000  0.44001 0.00000
 447  0.44194 0.00000  0.44006 0.00000
 448  0.43957 0.00000  0.44008 0.00000
 449  0.43802 0.00000  0.44009 0.00000
 450  0.43518 0.00000  0.44007 0.00000
 451  0.44041 0.00000  0.44009 0.00000
 452  0.43854 0.00000  0.44009 0.00000
 453  0.43923 0.00000  0.44009 0.00000
 454  0.44430 0.00000  0.44007 0.00000
 455  0.44316 0.00000  0.44007 0.00000
 456  0.44490 0.00000  0.44006 0.00000
 457  0.43781 0.00000  0.44006 0.00000
 458  0.43220 0.00000  0.44004 0.00000
 459  0.44177 0.00000  0.44007 0.00000
 460  0.43259 0.00000  0.44003 0.00000
 461  0.44498 0.00000  0.44010 0.00000
 462  0.43998 0.00000  0.44004 0.00000
 463  0.43786 0.00000  0.44007 0.00000
 464  0.43629 0.00000  0.44005 0.00000
 465  0.43298 0.00000  0.44009 0.00000
 466  0.43522 0.00000  0.44005 0.00000
 467  0.44451 0.00000  0.44015 0.00000
 468  0.44058 0.00000  0.44013 0.00000
 469  0.44747 0.00000  0.44014 0.00000
 470  0.43803 0.00000  0.44008 0.00000
 471  0.43846 0.00000  0.44008 0.00000
 472  0.44211 0.00000  0.44010 0.00000
 473  0.43816 0.00000  0.44006 0.00000
 474  0.43684 0.00000  0.44004 0.00000
 475  0.43973 0.00000  0.44007 0.00000
 476  0.44124 0.00000  0.44009 0.00000
 477  0.43382 0.00000  0.44001 0.00000
 478  0.43609 0.00000  0.43995 0.00000
 479  0.43766 0.00000  0.43998 0.00000
 480  0.43623 0.00000  0.43996 0.00000
 481  0.44115 0.00000  0.43995 0.00000
 482  0.44226 0.00000  0.43999 0.00000
 483  0.44052 0.00000  0.44000 0.00000
 484  0.43519 0.00000  0.43996 0.00000
 485  0.43568 0.00000  0.43999 0.00000
 486  0.43681 0.00000  0.44001 0.00000
 487  0.43773 0.00000  0.44001 0.00000
 488  0.44134 0.00000  0.44008 0.00000
 489  0.44002 0.00000  0.44013 0.00000
 490  0.43078 0.00000  0.44006 0.00000
 491  0.43870 0.00000  0.44003 0.00000
 492  0.43533 0.00000  0.44006 0.00000
 493  0.43540 0.00000  0.44006 0.00000
 494  0.44479 0.00000  0.44005 0.00000
 495  0.44178 0.00000  0.44004 0.00000
 496  0.44070 0.00000  0.44003 0.00000
 497  0.44185 0.00000  0.44004 0.00000
 498  0.44611 0.00000  0.44009 0.00000
 499  0.44178 0.00000  0.44016 0.00000
processing 4000 predictions...

0%   10   20   30   40   50   60   70   80   90   100%
|----|----|----|----|----|----|----|----|----|----|
***************************************************
 done.
elapsed: [3018.50s cpu, 2481530.5212 mticks, 928.46s wall]
score: 0.4332  baseline: 0.4307  diff: 0.00246
category UNKNOWN: count 0 avg error 0 baseline avg error 0 avg improvement 0
category AUTO: count 1704 avg error 0.0261029 baseline avg error 0.0241654 avg improvement -0.00193753
category POSS: count 2029 avg error 0.204583 baseline avg error 0.201632 avg improvement -0.0029511
category IMP: count 267 avg error 1.09027 baseline avg error 1.09319 avg improvement 0.00292176
overall: count 4000 avg error 0.18767 baseline avg error 0.185543 avg improvement -0.0021273
worst entries: 
0: 2223  label: 1 pred: 0.0100913 bl: 0.1148 POSS error_pred: 0.979919 error_bl: 0.783579 improvement: -0.19634
    min: -0.9455  max: 0.575 avg: 0.076284
explanation: 
no explanation

1: 3097  label: -1 pred: 0.176656 bl: 0.12195 IMP error_pred: 1.38452 error_bl: 1.25877 improvement: -0.125748
    min: 0.0235  max: 0.4615 avg: 0.206768
explanation: 
no explanation

2: 1642  label: -1 pred: 0.302167 bl: 0.2588 IMP error_pred: 1.69564 error_bl: 1.58458 improvement: -0.11106
    min: 0.083  max: 0.5895 avg: 0.306722
explanation: 
no explanation

3: 2391  label: 1 pred: 0.489104 bl: 0.6077 POSS error_pred: 0.261014 error_bl: 0.153899 improvement: -0.107115
    min: -0.4925  max: 0.854 avg: 0.415518
explanation: 
no explanation

4: 3285  label: 1 pred: 0.385232 bl: 0.47735 POSS error_pred: 0.377939 error_bl: 0.273163 improvement: -0.104776
    min: -0.419  max: 0.923 avg: 0.227106
explanation: 
no explanation

5: 2059  label: -1 pred: 0.0283754 bl: -0.02305 IMP error_pred: 1.05756 error_bl: 0.954431 improvement: -0.103125
    min: -0.2215  max: 0.556 avg: 0.123206
explanation: 
no explanation

6: 29  label: 1 pred: 0.515644 bl: 0.63455 POSS error_pred: 0.234601 error_bl: 0.133554 improvement: -0.101047
    min: -0.24  max: 0.721 avg: 0.376438
explanation: 
no explanation

7: 3949  label: -0.5 pred: 0.271583 bl: 0.20915 IMP error_pred: 0.59534 error_bl: 0.502894 improvement: -0.0924461
    min: 0.1055  max: 0.6215 avg: 0.31093
explanation: 
no explanation

8: 1023  label: 1 pred: 0.401675 bl: 0.48015 POSS error_pred: 0.357992 error_bl: 0.270244 improvement: -0.0877482
    min: -0.3605  max: 0.893 avg: 0.297092
explanation: 
no explanation

9: 2946  label: -1 pred: 0.216011 bl: 0.17975 IMP error_pred: 1.47868 error_bl: 1.39181 improvement: -0.0868738
    min: -0.2075  max: 0.597 avg: 0.306006
explanation: 
no explanation

10: 1417  label: -1 pred: 0.315357 bl: 0.2827 IMP error_pred: 1.73016 error_bl: 1.64532 improvement: -0.0848448
    min: 0.157  max: 0.466 avg: 0.303178
explanation: 
no explanation

11: 1591  label: 1 pred: 0.670939 bl: 0.8451 POSS error_pred: 0.108281 error_bl: 0.023994 improvement: -0.0842871
    min: -0.137  max: 1 avg: 0.627482
explanation: 
no explanation

12: 494  label: -1 pred: 0.461417 bl: 0.4324 IMP error_pred: 2.13574 error_bl: 2.05177 improvement: -0.0839705
    min: 0.2285  max: 0.796 avg: 0.454852
explanation: 
no explanation

13: 1084  label: 1 pred: 0.52631 bl: 0.625 POSS error_pred: 0.224382 error_bl: 0.140625 improvement: -0.083757
    min: -0.2365  max: 0.7405 avg: 0.478714
explanation: 
no explanation

14: 1622  label: -1 pred: 0.305359 bl: 0.2732 IMP error_pred: 1.70396 error_bl: 1.62104 improvement: -0.0829247
    min: 0.067  max: 0.5525 avg: 0.297508
explanation: 
no explanation

15: 2622  label: -1 pred: 0.527996 bl: 0.5014 IMP error_pred: 2.33477 error_bl: 2.2542 improvement: -0.0805717
    min: 0.396  max: 0.7645 avg: 0.561034
explanation: 
no explanation

16: 2721  label: -1 pred: -0.633247 bl: -0.7675 POSS error_pred: 0.134508 error_bl: 0.0540562 improvement: -0.0804516
    min: -1  max: 0.448 avg: -0.295502
explanation: 
no explanation

17: 3135  label: -1 pred: 0.267672 bl: 0.23555 IMP error_pred: 1.60699 error_bl: 1.52658 improvement: -0.0804082
    min: 0.0425  max: 0.5715 avg: 0.23935
explanation: 
no explanation

18: 2312  label: -0.5 pred: 0.489164 bl: 0.4479 IMP error_pred: 0.978446 error_bl: 0.898514 improvement: -0.079932
    min: 0.3175  max: 0.815 avg: 0.525094
explanation: 
no explanation

19: 1924  label: -0.5 pred: 0.406931 bl: 0.36215 IMP error_pred: 0.822525 error_bl: 0.743303 improvement: -0.0792219
    min: 0.1745  max: 0.7425 avg: 0.439736
explanation: 
no explanation

20: 761  label: -0.5 pred: 0.309682 bl: 0.25925 IMP error_pred: 0.655585 error_bl: 0.576461 improvement: -0.0791249
    min: 0.114  max: 0.6625 avg: 0.284316
explanation: 
no explanation

21: 368  label: -1 pred: -0.669426 bl: -0.82455 POSS error_pred: 0.109279 error_bl: 0.0307827 improvement: -0.0784962
    min: -1  max: 0.802 avg: -0.756954
explanation: 
no explanation

22: 343  label: -1 pred: 0.388932 bl: 0.3604 IMP error_pred: 1.92913 error_bl: 1.85069 improvement: -0.078444
    min: -0.1085  max: 0.9345 avg: 0.54374
explanation: 
no explanation

23: 2553  label: 1 pred: 0.244682 bl: 0.2985 IMP error_pred: 0.570505 error_bl: 0.492102 improvement: -0.0784025
    min: -0.44  max: 0.4545 avg: 0.216556
explanation: 
no explanation

24: 2094  label: -1 pred: -0.231714 bl: -0.2843 POSS error_pred: 0.590263 error_bl: 0.512227 improvement: -0.0780368
    min: -0.52  max: 0.6525 avg: -0.107592
explanation: 
no explanation

25: 2007  label: -1 pred: -0.0912166 bl: -0.1352 IMP error_pred: 0.825887 error_bl: 0.747879 improvement: -0.0780082
    min: -0.426  max: 0.655 avg: 0.003764
explanation: 
no explanation

26: 567  label: 0.5 pred: -0.345252 bl: -0.298 IMP error_pred: 0.714451 error_bl: 0.636804 improvement: -0.0776474
    min: -0.6795  max: -0.1285 avg: -0.381858
explanation: 
no explanation

27: 2033  label: -1 pred: 0.342095 bl: 0.3129 IMP error_pred: 1.80122 error_bl: 1.72371 improvement: -0.0775112
    min: -0.032  max: 0.817 avg: 0.389478
explanation: 
no explanation

28: 609  label: -0.5 pred: 0.154038 bl: 0.0921 POSS error_pred: 0.427765 error_bl: 0.350582 improvement: -0.0771827
    min: -0.1125  max: 0.692 avg: 0.260642
explanation: 
no explanation

29: 221  label: 1 pred: -0.26692 bl: -0.2361 IMP error_pred: 1.60509 error_bl: 1.52794 improvement: -0.077144
    min: -0.928  max: 0.482 avg: -0.181736
explanation: 
no explanation

30: 933  label: -1 pred: 0.0697285 bl: 0.0335 IMP error_pred: 1.14432 error_bl: 1.06812 improvement: -0.0761969
    min: -0.1735  max: 0.5015 avg: 0.094674
explanation: 
no explanation

31: 867  label: -0.5 pred: 0.413846 bl: 0.37165 IMP error_pred: 0.835114 error_bl: 0.759774 improvement: -0.0753407
    min: 0.194  max: 0.8025 avg: 0.43135
explanation: 
no explanation

32: 3954  label: -1 pred: -0.66358 bl: -0.80525 POSS error_pred: 0.113179 error_bl: 0.0379276 improvement: -0.075251
    min: -1  max: 0.5665 avg: -0.398432
explanation: 
no explanation

33: 2787  label: 0.5 pred: -0.283501 bl: -0.23475 POSS error_pred: 0.613874 error_bl: 0.539858 improvement: -0.0740165
    min: -0.7725  max: 0.046 avg: -0.25238
explanation: 
no explanation

34: 119  label: -0.5 pred: 0.0412574 bl: -0.03185 POSS error_pred: 0.29296 error_bl: 0.219164 improvement: -0.0737951
    min: -0.2305  max: 0.79 avg: 0.117306
explanation: 
no explanation

35: 3557  label: -1 pred: 0.126884 bl: 0.0937 IMP error_pred: 1.26987 error_bl: 1.19618 improvement: -0.0736889
    min: -0.0595  max: 0.366 avg: 0.145082
explanation: 
no explanation

36: 187  label: -0.5 pred: 0.191136 bl: 0.13585 POSS error_pred: 0.477669 error_bl: 0.404305 improvement: -0.0733639
    min: -0.0655  max: 0.7715 avg: 0.158338
explanation: 
no explanation

37: 2798  label: -1 pred: 0.174897 bl: 0.14365 IMP error_pred: 1.38038 error_bl: 1.30794 improvement: -0.0724471
    min: 0.006  max: 0.358 avg: 0.149446
explanation: 
no explanation

38: 3266  label: -0.5 pred: 0.409317 bl: 0.3688 IMP error_pred: 0.826858 error_bl: 0.754813 improvement: -0.0720446
    min: 0.2545  max: 0.6105 avg: 0.41604
explanation: 
no explanation

39: 813  label: 1 pred: 0.708796 bl: 0.8848 POSS error_pred: 0.0847996 error_bl: 0.013271 improvement: -0.0715285
    min: 0.002  max: 1 avg: 0.680382
explanation: 
no explanation

40: 2399  label: 1 pred: 0.706452 bl: 0.87835 POSS error_pred: 0.0861704 error_bl: 0.0147987 improvement: -0.0713717
    min: -0.2225  max: 1 avg: 0.715864
explanation: 
no explanation

41: 2419  label: -0.5 pred: 0.235488 bl: 0.18535 POSS error_pred: 0.540942 error_bl: 0.469705 improvement: -0.0712373
    min: -0.015  max: 0.6475 avg: 0.302734
explanation: 
no explanation

42: 2738  label: 1 pred: -0.451073 bl: -0.4264 IMP error_pred: 2.10561 error_bl: 2.03462 improvement: -0.0709972
    min: -0.882  max: 0.0425 avg: -0.430376
explanation: 
no explanation

43: 1511  label: 1 pred: 0.647878 bl: 0.76835 POSS error_pred: 0.12399 error_bl: 0.0536617 improvement: -0.0703281
    min: -0.001  max: 0.9835 avg: 0.621984
explanation: 
no explanation

44: 1736  label: 1 pred: 0.358628 bl: 0.4156 POSS error_pred: 0.411358 error_bl: 0.341523 improvement: -0.0698351
    min: -0.289  max: 0.9105 avg: 0.23818
explanation: 
no explanation

45: 3974  label: 1 pred: 0.696406 bl: 0.8495 POSS error_pred: 0.0921695 error_bl: 0.0226502 improvement: -0.0695193
    min: -0.036  max: 1 avg: 0.759128
explanation: 
no explanation

46: 331  label: -1 pred: 0.0059111 bl: -0.02915 IMP error_pred: 1.01186 error_bl: 0.94255 improvement: -0.0693074
    min: -0.372  max: 0.7005 avg: -0.03329
explanation: 
no explanation

47: 1422  label: -1 pred: 0.21034 bl: 0.1814 IMP error_pred: 1.46492 error_bl: 1.39571 improvement: -0.069216
    min: -0.287  max: 0.801 avg: 0.374506
explanation: 
no explanation

48: 2211  label: 1 pred: -0.0883344 bl: -0.0564 IMP error_pred: 1.18447 error_bl: 1.11598 improvement: -0.0684907
    min: -0.6675  max: 0.414 avg: -0.024116
explanation: 
no explanation

49: 2643  label: 1 pred: 0.0386072 bl: 0.07465 IMP error_pred: 0.924276 error_bl: 0.856273 improvement: -0.0680035
    min: -0.4945  max: 0.3845 avg: 0.014618
explanation: 
no explanation

best entries: 
0: 1371  label: -0.5 pred: 0.731002 bl: 0.85075 IMP error_pred: 1.51537 error_bl: 1.82453 improvement: 0.30916
1: 2651  label: -0.5 pred: 0.635168 bl: 0.75845 POSS error_pred: 1.28861 error_bl: 1.5837 improvement: 0.295089
2: 1085  label: -1 pred: 0.628059 bl: 0.71065 IMP error_pred: 2.65058 error_bl: 2.92632 improvement: 0.275747
3: 993  label: 0 pred: 0.810345 bl: 0.96515 IMP error_pred: 0.656658 error_bl: 0.931515 improvement: 0.274856
4: 378  label: 0 pred: 0.826864 bl: 0.97035 IMP error_pred: 0.683704 error_bl: 0.941579 improvement: 0.257875
5: 3968  label: -1 pred: 0.629878 bl: 0.7066 IMP error_pred: 2.6565 error_bl: 2.91248 improvement: 0.255982
6: 487  label: -0.5 pred: 0.769031 bl: 0.8563 IMP error_pred: 1.61044 error_bl: 1.83955 improvement: 0.22911
7: 2198  label: 0 pred: 0.777513 bl: 0.897 POSS error_pred: 0.604527 error_bl: 0.804609 improvement: 0.200082
8: 1541  label: 0 pred: 0.757156 bl: 0.87825 POSS error_pred: 0.573286 error_bl: 0.771323 improvement: 0.198037
9: 3129  label: 0 pred: 0.708266 bl: 0.82775 POSS error_pred: 0.50164 error_bl: 0.68517 improvement: 0.18353
10: 277  label: -1 pred: 0.385452 bl: 0.45 IMP error_pred: 1.91948 error_bl: 2.1025 improvement: 0.183022
11: 1373  label: 0 pred: 0.756415 bl: 0.86435 POSS error_pred: 0.572164 error_bl: 0.747101 improvement: 0.174937
12: 3011  label: 0 pred: 0.786011 bl: 0.8898 IMP error_pred: 0.617813 error_bl: 0.791744 improvement: 0.173931
13: 775  label: 0 pred: 0.78509 bl: 0.8884 IMP error_pred: 0.616367 error_bl: 0.789255 improvement: 0.172888
14: 3309  label: -0.5 pred: 0.605722 bl: 0.68025 IMP error_pred: 1.22262 error_bl: 1.39299 improvement: 0.17037
15: 663  label: 0.5 pred: 0.728843 bl: 0.9628 POSS error_pred: 0.0523692 error_bl: 0.214184 improvement: 0.161815
16: 1391  label: -1 pred: 0.551282 bl: 0.60215 IMP error_pred: 2.40647 error_bl: 2.56688 improvement: 0.16041
17: 794  label: -1 pred: 0.734115 bl: 0.779 IMP error_pred: 3.00715 error_bl: 3.16484 improvement: 0.157687
18: 3489  label: 0 pred: 0.726015 bl: 0.82145 POSS error_pred: 0.527097 error_bl: 0.67478 improvement: 0.147683
19: 2212  label: 0.5 pred: 0.793354 bl: 0.97785 POSS error_pred: 0.0860566 error_bl: 0.228341 improvement: 0.142284
20: 3542  label: 0.5 pred: 0.806546 bl: 0.9841 POSS error_pred: 0.0939703 error_bl: 0.234353 improvement: 0.140383
21: 2453  label: 0 pred: -0.710037 bl: -0.80035 POSS error_pred: 0.504153 error_bl: 0.64056 improvement: 0.136408
22: 690  label: 0 pred: 0.588205 bl: 0.6936 POSS error_pred: 0.345985 error_bl: 0.481081 improvement: 0.135096
23: 3209  label: -1 pred: 0.475239 bl: 0.5197 IMP error_pred: 2.17633 error_bl: 2.30949 improvement: 0.133159
24: 771  label: -0.5 pred: 0.495781 bl: 0.5592 POSS error_pred: 0.99158 error_bl: 1.1219 improvement: 0.130325
25: 1709  label: -0.5 pred: 0.700866 bl: 0.753 IMP error_pred: 1.44208 error_bl: 1.57001 improvement: 0.127931
26: 3672  label: 0 pred: 0.749645 bl: 0.82805 IMP error_pred: 0.561967 error_bl: 0.685667 improvement: 0.1237
27: 160  label: 0.5 pred: 0.814034 bl: 0.97015 POSS error_pred: 0.0986174 error_bl: 0.221041 improvement: 0.122424
28: 242  label: -0.5 pred: 0.548031 bl: 0.60415 IMP error_pred: 1.09837 error_bl: 1.21915 improvement: 0.120779
29: 3323  label: 0.5 pred: 0.827827 bl: 0.97705 POSS error_pred: 0.10747 error_bl: 0.227577 improvement: 0.120106
30: 1990  label: 0.5 pred: 0.767821 bl: 0.937 POSS error_pred: 0.0717283 error_bl: 0.190969 improvement: 0.119241
31: 3602  label: -1 pred: -0.287111 bl: -0.21035 POSS error_pred: 0.50821 error_bl: 0.623547 improvement: 0.115337
32: 2306  label: 0.5 pred: 0.796847 bl: 0.94945 POSS error_pred: 0.0881182 error_bl: 0.202005 improvement: 0.113887
33: 2535  label: 0.5 pred: 0.777743 bl: 0.9361 POSS error_pred: 0.0771411 error_bl: 0.190183 improvement: 0.113042
34: 2555  label: 1 pred: 0.251602 bl: 0.18145 POSS error_pred: 0.560099 error_bl: 0.670024 improvement: 0.109925
35: 2328  label: 0 pred: 0.685034 bl: 0.7606 POSS error_pred: 0.469272 error_bl: 0.578512 improvement: 0.10924
36: 2776  label: 0.5 pred: 0.818321 bl: 0.9563 POSS error_pred: 0.101328 error_bl: 0.20821 improvement: 0.106882
37: 3112  label: 0.5 pred: 0.774853 bl: 0.92515 POSS error_pred: 0.075544 error_bl: 0.180753 improvement: 0.105209
38: 3946  label: 0.5 pred: 0.7797 bl: 0.9282 POSS error_pred: 0.0782321 error_bl: 0.183355 improvement: 0.105123
39: 3731  label: 0.5 pred: 0.77404 bl: 0.924 AUTO error_pred: 0.075098 error_bl: 0.179776 improvement: 0.104678
40: 1467  label: 1 pred: 0.19872 bl: 0.1361 POSS error_pred: 0.642049 error_bl: 0.746323 improvement: 0.104274
41: 3644  label: -1 pred: 0.26332 bl: 0.30295 IMP error_pred: 1.59598 error_bl: 1.69768 improvement: 0.101701
42: 1633  label: 0.5 pred: 0.802589 bl: 0.9393 POSS error_pred: 0.0915601 error_bl: 0.192984 improvement: 0.101424
43: 3250  label: 1 pred: 0.232059 bl: 0.16875 POSS error_pred: 0.589734 error_bl: 0.690977 improvement: 0.101243
44: 2766  label: 1 pred: 0.170532 bl: 0.1118 POSS error_pred: 0.688018 error_bl: 0.788899 improvement: 0.100881
45: 598  label: 0.5 pred: 0.799554 bl: 0.9337 POSS error_pred: 0.0897326 error_bl: 0.188096 improvement: 0.0983632
46: 2288  label: 0.5 pred: 0.698144 bl: 0.87005 POSS error_pred: 0.0392611 error_bl: 0.136937 improvement: 0.0976759
47: 3606  label: -1 pred: 0.664426 bl: 0.69245 IMP error_pred: 2.77031 error_bl: 2.86439 improvement: 0.0940735
48: 1639  label: 1 pred: 0.0435312 bl: -0.0042 IMP error_pred: 0.914833 error_bl: 1.00842 improvement: 0.093585
49: 1133  label: 1 pred: 0.293281 bl: 0.2303 POSS error_pred: 0.499452 error_bl: 0.592438 improvement: 0.0929858

total is 0
score for UNKNOWN: nan baseline: nan diff:    nan
total is 1704
score for AUTO: 0.1616 baseline: 0.1555 diff: 0.0061
total is 2029
score for POSS: 0.4523 baseline: 0.4490 diff: 0.0033
total is 267
score for IMP: 1.0442 baseline: 1.0456 diff: -0.0014
writing 20000 official test outputs

0%   10   20   30   40   50   60   70   80   90   100%
|----|----|----|----|----|----|----|----|----|----|
***************************************************
scores: [ 0.433209 ]
0.4332 +/-    nan
2860.51user 162.07system 15:30.35elapsed 324%CPU (0avgtext+0avgdata 0maxresident)k
0inputs+448outputs (0major+56374821minor)pagefaults 0swaps
