loading data...Twoway_Layer::random_fill(): limit = 0.103695 ni = 93 no = 50
Twoway_Layer::random_fill(): limit = 0.141421 ni = 50 no = 1
iter  ---- train ----  ---- test -----
         rmse     auc     rmse     auc
   0  0.58140 0.00000  0.50301 0.00000
   1  0.47535 0.00000  0.46174 0.00000
   2  0.45325 0.00000  0.45161 0.00000
   3  0.44686 0.00000  0.44818 0.00000
   4  0.43923 0.00000  0.44689 0.00000
   5  0.44310 0.00000  0.44637 0.00000
   6  0.44157 0.00000  0.44597 0.00000
   7  0.44196 0.00000  0.44567 0.00000
   8  0.44242 0.00000  0.44542 0.00000
   9  0.44086 0.00000  0.44518 0.00000
  10  0.44361 0.00000  0.44496 0.00000
  11  0.44044 0.00000  0.44477 0.00000
  12  0.44398 0.00000  0.44459 0.00000
  13  0.43861 0.00000  0.44438 0.00000
  14  0.44407 0.00000  0.44417 0.00000
  15  0.43819 0.00000  0.44400 0.00000
  16  0.44132 0.00000  0.44385 0.00000
  17  0.43930 0.00000  0.44367 0.00000
  18  0.43707 0.00000  0.44353 0.00000
  19  0.44034 0.00000  0.44339 0.00000
  20  0.44250 0.00000  0.44321 0.00000
  21  0.43886 0.00000  0.44306 0.00000
  22  0.44028 0.00000  0.44290 0.00000
  23  0.43787 0.00000  0.44278 0.00000
  24  0.43927 0.00000  0.44267 0.00000
  25  0.43808 0.00000  0.44253 0.00000
  26  0.43931 0.00000  0.44240 0.00000
  27  0.43975 0.00000  0.44228 0.00000
  28  0.44042 0.00000  0.44222 0.00000
  29  0.43579 0.00000  0.44214 0.00000
  30  0.43687 0.00000  0.44202 0.00000
  31  0.43780 0.00000  0.44194 0.00000
  32  0.43964 0.00000  0.44183 0.00000
  33  0.43800 0.00000  0.44174 0.00000
  34  0.44056 0.00000  0.44166 0.00000
  35  0.43612 0.00000  0.44154 0.00000
  36  0.43501 0.00000  0.44144 0.00000
  37  0.43661 0.00000  0.44137 0.00000
  38  0.43660 0.00000  0.44130 0.00000
  39  0.43614 0.00000  0.44125 0.00000
  40  0.43801 0.00000  0.44114 0.00000
  41  0.43629 0.00000  0.44106 0.00000
  42  0.43782 0.00000  0.44101 0.00000
  43  0.43406 0.00000  0.44091 0.00000
  44  0.43740 0.00000  0.44088 0.00000
  45  0.43857 0.00000  0.44081 0.00000
  46  0.43785 0.00000  0.44073 0.00000
  47  0.43651 0.00000  0.44068 0.00000
  48  0.43858 0.00000  0.44059 0.00000
  49  0.43646 0.00000  0.44052 0.00000
  50  0.43833 0.00000  0.44049 0.00000
  51  0.43561 0.00000  0.44043 0.00000
  52  0.43683 0.00000  0.44040 0.00000
  53  0.43980 0.00000  0.44039 0.00000
  54  0.43203 0.00000  0.44035 0.00000
  55  0.43306 0.00000  0.44030 0.00000
  56  0.43484 0.00000  0.44027 0.00000
  57  0.43760 0.00000  0.44022 0.00000
  58  0.43513 0.00000  0.44021 0.00000
  59  0.43982 0.00000  0.44018 0.00000
  60  0.43694 0.00000  0.44014 0.00000
  61  0.44146 0.00000  0.44010 0.00000
  62  0.43650 0.00000  0.44003 0.00000
  63  0.43592 0.00000  0.43999 0.00000
  64  0.43566 0.00000  0.43996 0.00000
  65  0.43436 0.00000  0.43995 0.00000
  66  0.43623 0.00000  0.43993 0.00000
  67  0.43976 0.00000  0.43991 0.00000
  68  0.43255 0.00000  0.43990 0.00000
  69  0.43707 0.00000  0.43989 0.00000
  70  0.43356 0.00000  0.43983 0.00000
  71  0.43558 0.00000  0.43981 0.00000
  72  0.43387 0.00000  0.43979 0.00000
  73  0.43778 0.00000  0.43980 0.00000
  74  0.43750 0.00000  0.43978 0.00000
  75  0.43856 0.00000  0.43975 0.00000
  76  0.43824 0.00000  0.43970 0.00000
  77  0.43680 0.00000  0.43967 0.00000
  78  0.43536 0.00000  0.43967 0.00000
  79  0.43442 0.00000  0.43960 0.00000
  80  0.43279 0.00000  0.43959 0.00000
  81  0.43591 0.00000  0.43956 0.00000
  82  0.43295 0.00000  0.43954 0.00000
  83  0.43607 0.00000  0.43953 0.00000
  84  0.43298 0.00000  0.43950 0.00000
  85  0.43478 0.00000  0.43952 0.00000
  86  0.43248 0.00000  0.43952 0.00000
  87  0.43599 0.00000  0.43949 0.00000
  88  0.43681 0.00000  0.43947 0.00000
  89  0.43656 0.00000  0.43949 0.00000
  90  0.43686 0.00000  0.43949 0.00000
  91  0.43358 0.00000  0.43948 0.00000
  92  0.43508 0.00000  0.43947 0.00000
  93  0.43726 0.00000  0.43944 0.00000
  94  0.43482 0.00000  0.43945 0.00000
  95  0.43698 0.00000  0.43944 0.00000
  96  0.43512 0.00000  0.43943 0.00000
  97  0.43471 0.00000  0.43941 0.00000
  98  0.43244 0.00000  0.43940 0.00000
  99  0.43788 0.00000  0.43941 0.00000
 100  0.43641 0.00000  0.43940 0.00000
 101  0.43732 0.00000  0.43940 0.00000
 102  0.43552 0.00000  0.43938 0.00000
 103  0.43670 0.00000  0.43939 0.00000
 104  0.43552 0.00000  0.43938 0.00000
 105  0.43688 0.00000  0.43937 0.00000
 106  0.43616 0.00000  0.43938 0.00000
 107  0.43543 0.00000  0.43937 0.00000
 108  0.43631 0.00000  0.43937 0.00000
 109  0.43145 0.00000  0.43937 0.00000
 110  0.43857 0.00000  0.43938 0.00000
 111  0.43974 0.00000  0.43939 0.00000
 112  0.43740 0.00000  0.43941 0.00000
 113  0.43660 0.00000  0.43939 0.00000
 114  0.43646 0.00000  0.43938 0.00000
 115  0.43697 0.00000  0.43939 0.00000
 116  0.43710 0.00000  0.43939 0.00000
 117  0.43730 0.00000  0.43939 0.00000
 118  0.43669 0.00000  0.43936 0.00000
 119  0.43944 0.00000  0.43937 0.00000
 120  0.43511 0.00000  0.43935 0.00000
 121  0.43691 0.00000  0.43935 0.00000
 122  0.43578 0.00000  0.43934 0.00000
 123  0.43205 0.00000  0.43935 0.00000
 124  0.43448 0.00000  0.43935 0.00000
 125  0.43640 0.00000  0.43933 0.00000
 126  0.43799 0.00000  0.43932 0.00000
 127  0.43771 0.00000  0.43933 0.00000
 128  0.43950 0.00000  0.43933 0.00000
 129  0.43676 0.00000  0.43935 0.00000
 130  0.43712 0.00000  0.43935 0.00000
 131  0.43759 0.00000  0.43935 0.00000
 132  0.43391 0.00000  0.43932 0.00000
 133  0.43515 0.00000  0.43934 0.00000
 134  0.43346 0.00000  0.43933 0.00000
 135  0.43668 0.00000  0.43933 0.00000
 136  0.43445 0.00000  0.43932 0.00000
 137  0.43876 0.00000  0.43931 0.00000
 138  0.43593 0.00000  0.43931 0.00000
 139  0.43893 0.00000  0.43932 0.00000
 140  0.43448 0.00000  0.43930 0.00000
 141  0.43356 0.00000  0.43929 0.00000
 142  0.43799 0.00000  0.43931 0.00000
 143  0.43859 0.00000  0.43931 0.00000
 144  0.43700 0.00000  0.43932 0.00000
 145  0.43786 0.00000  0.43931 0.00000
 146  0.43693 0.00000  0.43933 0.00000
 147  0.43569 0.00000  0.43932 0.00000
 148  0.43815 0.00000  0.43935 0.00000
 149  0.43305 0.00000  0.43933 0.00000
 150  0.43666 0.00000  0.43934 0.00000
 151  0.43687 0.00000  0.43932 0.00000
 152  0.43401 0.00000  0.43931 0.00000
 153  0.43529 0.00000  0.43929 0.00000
 154  0.43554 0.00000  0.43928 0.00000
 155  0.43532 0.00000  0.43928 0.00000
 156  0.43393 0.00000  0.43926 0.00000
 157  0.43502 0.00000  0.43927 0.00000
 158  0.43432 0.00000  0.43930 0.00000
 159  0.43618 0.00000  0.43931 0.00000
 160  0.43365 0.00000  0.43930 0.00000
 161  0.43919 0.00000  0.43930 0.00000
 162  0.43619 0.00000  0.43929 0.00000
 163  0.43817 0.00000  0.43932 0.00000
 164  0.43544 0.00000  0.43931 0.00000
 165  0.43344 0.00000  0.43931 0.00000
 166  0.43340 0.00000  0.43930 0.00000
 167  0.43430 0.00000  0.43930 0.00000
 168  0.43971 0.00000  0.43929 0.00000
 169  0.43623 0.00000  0.43930 0.00000
 170  0.43425 0.00000  0.43927 0.00000
 171  0.43486 0.00000  0.43923 0.00000
 172  0.43755 0.00000  0.43924 0.00000
 173  0.43519 0.00000  0.43923 0.00000
 174  0.43897 0.00000  0.43922 0.00000
 175  0.43137 0.00000  0.43921 0.00000
 176  0.43460 0.00000  0.43922 0.00000
 177  0.43861 0.00000  0.43921 0.00000
 178  0.43522 0.00000  0.43922 0.00000
 179  0.43313 0.00000  0.43920 0.00000
 180  0.43246 0.00000  0.43920 0.00000
 181  0.43822 0.00000  0.43918 0.00000
 182  0.43536 0.00000  0.43919 0.00000
 183  0.43620 0.00000  0.43920 0.00000
 184  0.43560 0.00000  0.43919 0.00000
 185  0.43792 0.00000  0.43919 0.00000
 186  0.43426 0.00000  0.43919 0.00000
 187  0.43528 0.00000  0.43917 0.00000
 188  0.43641 0.00000  0.43918 0.00000
 189  0.43373 0.00000  0.43917 0.00000
 190  0.43270 0.00000  0.43916 0.00000
 191  0.43419 0.00000  0.43916 0.00000
 192  0.43694 0.00000  0.43914 0.00000
 193  0.43532 0.00000  0.43913 0.00000
 194  0.43623 0.00000  0.43912 0.00000
 195  0.43523 0.00000  0.43912 0.00000
 196  0.43338 0.00000  0.43913 0.00000
 197  0.43430 0.00000  0.43913 0.00000
 198  0.43706 0.00000  0.43916 0.00000
 199  0.43691 0.00000  0.43916 0.00000
 200  0.43617 0.00000  0.43912 0.00000
 201  0.43263 0.00000  0.43910 0.00000
 202  0.43449 0.00000  0.43909 0.00000
 203  0.43282 0.00000  0.43909 0.00000
 204  0.43607 0.00000  0.43909 0.00000
 205  0.43346 0.00000  0.43910 0.00000
 206  0.43900 0.00000  0.43909 0.00000
 207  0.43231 0.00000  0.43907 0.00000
 208  0.43646 0.00000  0.43907 0.00000
 209  0.43730 0.00000  0.43907 0.00000
 210  0.43651 0.00000  0.43907 0.00000
 211  0.43312 0.00000  0.43907 0.00000
 212  0.43564 0.00000  0.43908 0.00000
 213  0.43323 0.00000  0.43906 0.00000
 214  0.43544 0.00000  0.43907 0.00000
 215  0.43486 0.00000  0.43908 0.00000
 216  0.43233 0.00000  0.43908 0.00000
 217  0.43939 0.00000  0.43910 0.00000
 218  0.43532 0.00000  0.43910 0.00000
 219  0.43752 0.00000  0.43910 0.00000
 220  0.43593 0.00000  0.43908 0.00000
 221  0.43484 0.00000  0.43906 0.00000
 222  0.43488 0.00000  0.43907 0.00000
 223  0.43655 0.00000  0.43904 0.00000
 224  0.43693 0.00000  0.43904 0.00000
 225  0.43446 0.00000  0.43904 0.00000
 226  0.43421 0.00000  0.43904 0.00000
 227  0.43641 0.00000  0.43904 0.00000
 228  0.43630 0.00000  0.43903 0.00000
 229  0.43765 0.00000  0.43902 0.00000
 230  0.43661 0.00000  0.43899 0.00000
 231  0.43774 0.00000  0.43899 0.00000
 232  0.43145 0.00000  0.43897 0.00000
 233  0.43509 0.00000  0.43896 0.00000
 234  0.43597 0.00000  0.43895 0.00000
 235  0.43668 0.00000  0.43895 0.00000
 236  0.43435 0.00000  0.43894 0.00000
 237  0.43601 0.00000  0.43895 0.00000
 238  0.43570 0.00000  0.43894 0.00000
 239  0.43682 0.00000  0.43894 0.00000
 240  0.43705 0.00000  0.43894 0.00000
 241  0.43571 0.00000  0.43893 0.00000
 242  0.43452 0.00000  0.43893 0.00000
 243  0.43730 0.00000  0.43893 0.00000
 244  0.43826 0.00000  0.43894 0.00000
 245  0.43640 0.00000  0.43894 0.00000
 246  0.43520 0.00000  0.43894 0.00000
 247  0.43359 0.00000  0.43892 0.00000
 248  0.43692 0.00000  0.43891 0.00000
 249  0.43644 0.00000  0.43890 0.00000
 250  0.43663 0.00000  0.43891 0.00000
 251  0.43643 0.00000  0.43892 0.00000
 252  0.43108 0.00000  0.43892 0.00000
 253  0.43387 0.00000  0.43891 0.00000
 254  0.43501 0.00000  0.43888 0.00000
 255  0.43423 0.00000  0.43887 0.00000
 256  0.43324 0.00000  0.43884 0.00000
 257  0.43750 0.00000  0.43883 0.00000
 258  0.43337 0.00000  0.43882 0.00000
 259  0.43203 0.00000  0.43881 0.00000
 260  0.43793 0.00000  0.43882 0.00000
 261  0.43489 0.00000  0.43882 0.00000
 262  0.43486 0.00000  0.43880 0.00000
 263  0.43722 0.00000  0.43879 0.00000
 264  0.43550 0.00000  0.43879 0.00000
 265  0.43423 0.00000  0.43878 0.00000
 266  0.43385 0.00000  0.43877 0.00000
 267  0.43499 0.00000  0.43877 0.00000
 268  0.43346 0.00000  0.43878 0.00000
 269  0.43478 0.00000  0.43877 0.00000
 270  0.43068 0.00000  0.43875 0.00000
 271  0.43442 0.00000  0.43874 0.00000
 272  0.43496 0.00000  0.43874 0.00000
 273  0.43849 0.00000  0.43876 0.00000
 274  0.44001 0.00000  0.43878 0.00000
 275  0.43848 0.00000  0.43877 0.00000
 276  0.43746 0.00000  0.43877 0.00000
 277  0.43872 0.00000  0.43878 0.00000
 278  0.43224 0.00000  0.43876 0.00000
 279  0.43502 0.00000  0.43874 0.00000
 280  0.43689 0.00000  0.43873 0.00000
 281  0.43618 0.00000  0.43873 0.00000
 282  0.43396 0.00000  0.43873 0.00000
 283  0.43620 0.00000  0.43872 0.00000
 284  0.43375 0.00000  0.43872 0.00000
 285  0.43606 0.00000  0.43870 0.00000
 286  0.43412 0.00000  0.43870 0.00000
 287  0.43570 0.00000  0.43871 0.00000
 288  0.43699 0.00000  0.43872 0.00000
 289  0.43761 0.00000  0.43872 0.00000
 290  0.43744 0.00000  0.43870 0.00000
 291  0.43404 0.00000  0.43869 0.00000
 292  0.43479 0.00000  0.43868 0.00000
 293  0.43312 0.00000  0.43867 0.00000
 294  0.43715 0.00000  0.43865 0.00000
 295  0.43455 0.00000  0.43865 0.00000
 296  0.43271 0.00000  0.43865 0.00000
 297  0.43636 0.00000  0.43865 0.00000
 298  0.43868 0.00000  0.43866 0.00000
 299  0.43476 0.00000  0.43868 0.00000
 300  0.43683 0.00000  0.43869 0.00000
 301  0.43486 0.00000  0.43870 0.00000
 302  0.43542 0.00000  0.43870 0.00000
 303  0.43418 0.00000  0.43869 0.00000
 304  0.43412 0.00000  0.43869 0.00000
 305  0.43381 0.00000  0.43869 0.00000
 306  0.43087 0.00000  0.43866 0.00000
 307  0.43482 0.00000  0.43866 0.00000
 308  0.43676 0.00000  0.43867 0.00000
 309  0.43639 0.00000  0.43866 0.00000
 310  0.43374 0.00000  0.43866 0.00000
 311  0.43768 0.00000  0.43865 0.00000
 312  0.43445 0.00000  0.43864 0.00000
 313  0.43571 0.00000  0.43865 0.00000
 314  0.43540 0.00000  0.43866 0.00000
 315  0.43755 0.00000  0.43865 0.00000
 316  0.43584 0.00000  0.43867 0.00000
 317  0.43278 0.00000  0.43867 0.00000
 318  0.43560 0.00000  0.43865 0.00000
 319  0.43508 0.00000  0.43864 0.00000
 320  0.43374 0.00000  0.43862 0.00000
 321  0.43446 0.00000  0.43861 0.00000
 322  0.43371 0.00000  0.43860 0.00000
 323  0.43505 0.00000  0.43860 0.00000
 324  0.43572 0.00000  0.43861 0.00000
 325  0.43079 0.00000  0.43861 0.00000
 326  0.43362 0.00000  0.43861 0.00000
 327  0.43524 0.00000  0.43860 0.00000
 328  0.43461 0.00000  0.43860 0.00000
 329  0.43777 0.00000  0.43860 0.00000
 330  0.43044 0.00000  0.43858 0.00000
 331  0.43371 0.00000  0.43856 0.00000
 332  0.43273 0.00000  0.43855 0.00000
 333  0.43874 0.00000  0.43855 0.00000
 334  0.43524 0.00000  0.43858 0.00000
 335  0.43544 0.00000  0.43858 0.00000
 336  0.43494 0.00000  0.43857 0.00000
 337  0.43612 0.00000  0.43857 0.00000
 338  0.43290 0.00000  0.43854 0.00000
 339  0.43193 0.00000  0.43853 0.00000
 340  0.43502 0.00000  0.43854 0.00000
 341  0.43560 0.00000  0.43853 0.00000
 342  0.43530 0.00000  0.43855 0.00000
 343  0.43403 0.00000  0.43854 0.00000
 344  0.43721 0.00000  0.43854 0.00000
 345  0.43600 0.00000  0.43852 0.00000
 346  0.43435 0.00000  0.43850 0.00000
 347  0.43487 0.00000  0.43850 0.00000
 348  0.43438 0.00000  0.43850 0.00000
 349  0.43686 0.00000  0.43850 0.00000
 350  0.43767 0.00000  0.43851 0.00000
 351  0.43619 0.00000  0.43853 0.00000
 352  0.43968 0.00000  0.43852 0.00000
 353  0.43557 0.00000  0.43852 0.00000
 354  0.43707 0.00000  0.43852 0.00000
 355  0.43242 0.00000  0.43851 0.00000
 356  0.43358 0.00000  0.43849 0.00000
 357  0.42922 0.00000  0.43848 0.00000
 358  0.43608 0.00000  0.43848 0.00000
 359  0.43305 0.00000  0.43848 0.00000
 360  0.43553 0.00000  0.43848 0.00000
 361  0.43762 0.00000  0.43849 0.00000
 362  0.43532 0.00000  0.43849 0.00000
 363  0.43733 0.00000  0.43849 0.00000
 364  0.43547 0.00000  0.43848 0.00000
 365  0.43430 0.00000  0.43847 0.00000
 366  0.43800 0.00000  0.43847 0.00000
 367  0.43636 0.00000  0.43847 0.00000
 368  0.43754 0.00000  0.43847 0.00000
 369  0.43584 0.00000  0.43847 0.00000
 370  0.43690 0.00000  0.43847 0.00000
 371  0.43749 0.00000  0.43847 0.00000
 372  0.43663 0.00000  0.43848 0.00000
 373  0.43535 0.00000  0.43848 0.00000
 374  0.43636 0.00000  0.43847 0.00000
 375  0.43428 0.00000  0.43847 0.00000
 376  0.43896 0.00000  0.43847 0.00000
 377  0.43651 0.00000  0.43847 0.00000
 378  0.43555 0.00000  0.43846 0.00000
 379  0.43575 0.00000  0.43846 0.00000
 380  0.43740 0.00000  0.43848 0.00000
 381  0.43475 0.00000  0.43846 0.00000
 382  0.43395 0.00000  0.43845 0.00000
 383  0.43600 0.00000  0.43847 0.00000
 384  0.43503 0.00000  0.43846 0.00000
 385  0.43122 0.00000  0.43842 0.00000
 386  0.43686 0.00000  0.43842 0.00000
 387  0.43594 0.00000  0.43842 0.00000
 388  0.43615 0.00000  0.43842 0.00000
 389  0.43251 0.00000  0.43842 0.00000
 390  0.43378 0.00000  0.43842 0.00000
 391  0.43811 0.00000  0.43841 0.00000
 392  0.43651 0.00000  0.43841 0.00000
 393  0.43652 0.00000  0.43842 0.00000
 394  0.43326 0.00000  0.43841 0.00000
 395  0.43714 0.00000  0.43840 0.00000
 396  0.43560 0.00000  0.43839 0.00000
 397  0.43718 0.00000  0.43839 0.00000
 398  0.43539 0.00000  0.43840 0.00000
 399  0.43623 0.00000  0.43840 0.00000
 400  0.43228 0.00000  0.43839 0.00000
 401  0.43286 0.00000  0.43838 0.00000
 402  0.43348 0.00000  0.43837 0.00000
 403  0.43606 0.00000  0.43837 0.00000
 404  0.43440 0.00000  0.43837 0.00000
 405  0.43369 0.00000  0.43837 0.00000
 406  0.43760 0.00000  0.43839 0.00000
 407  0.43329 0.00000  0.43840 0.00000
 408  0.43709 0.00000  0.43840 0.00000
 409  0.43377 0.00000  0.43840 0.00000
 410  0.43521 0.00000  0.43840 0.00000
 411  0.42869 0.00000  0.43839 0.00000
 412  0.43503 0.00000  0.43839 0.00000
 413  0.43566 0.00000  0.43840 0.00000
 414  0.43369 0.00000  0.43841 0.00000
 415  0.43352 0.00000  0.43840 0.00000
 416  0.43746 0.00000  0.43841 0.00000
 417  0.43797 0.00000  0.43840 0.00000
 418  0.43448 0.00000  0.43839 0.00000
 419  0.43692 0.00000  0.43840 0.00000
 420  0.43259 0.00000  0.43840 0.00000
 421  0.43618 0.00000  0.43841 0.00000
 422  0.43309 0.00000  0.43840 0.00000
 423  0.43516 0.00000  0.43840 0.00000
 424  0.43670 0.00000  0.43840 0.00000
 425  0.43498 0.00000  0.43842 0.00000
 426  0.43731 0.00000  0.43842 0.00000
 427  0.43370 0.00000  0.43842 0.00000
 428  0.43702 0.00000  0.43841 0.00000
 429  0.43503 0.00000  0.43841 0.00000
 430  0.43680 0.00000  0.43841 0.00000
 431  0.43612 0.00000  0.43839 0.00000
 432  0.43479 0.00000  0.43840 0.00000
 433  0.43751 0.00000  0.43841 0.00000
 434  0.43179 0.00000  0.43840 0.00000
 435  0.43678 0.00000  0.43838 0.00000
 436  0.43129 0.00000  0.43838 0.00000
 437  0.43441 0.00000  0.43837 0.00000
 438  0.43494 0.00000  0.43839 0.00000
 439  0.43644 0.00000  0.43838 0.00000
 440  0.43578 0.00000  0.43838 0.00000
 441  0.43159 0.00000  0.43837 0.00000
 442  0.43410 0.00000  0.43838 0.00000
 443  0.43427 0.00000  0.43837 0.00000
 444  0.43429 0.00000  0.43837 0.00000
 445  0.43305 0.00000  0.43836 0.00000
 446  0.43659 0.00000  0.43837 0.00000
 447  0.43292 0.00000  0.43837 0.00000
 448  0.43470 0.00000  0.43835 0.00000
 449  0.43560 0.00000  0.43835 0.00000
 450  0.43223 0.00000  0.43833 0.00000
 451  0.43521 0.00000  0.43835 0.00000
 452  0.43431 0.00000  0.43837 0.00000
 453  0.43281 0.00000  0.43837 0.00000
 454  0.43425 0.00000  0.43836 0.00000
 455  0.43320 0.00000  0.43836 0.00000
 456  0.43602 0.00000  0.43835 0.00000
 457  0.43672 0.00000  0.43836 0.00000
 458  0.43439 0.00000  0.43836 0.00000
 459  0.42947 0.00000  0.43834 0.00000
 460  0.43398 0.00000  0.43832 0.00000
 461  0.43122 0.00000  0.43832 0.00000
 462  0.43254 0.00000  0.43833 0.00000
 463  0.43309 0.00000  0.43835 0.00000
 464  0.43252 0.00000  0.43834 0.00000
 465  0.43642 0.00000  0.43836 0.00000
 466  0.43717 0.00000  0.43837 0.00000
 467  0.43245 0.00000  0.43835 0.00000
 468  0.43358 0.00000  0.43835 0.00000
 469  0.43410 0.00000  0.43834 0.00000
 470  0.43327 0.00000  0.43833 0.00000
 471  0.43553 0.00000  0.43833 0.00000
 472  0.43134 0.00000  0.43832 0.00000
 473  0.43668 0.00000  0.43833 0.00000
 474  0.43651 0.00000  0.43834 0.00000
 475  0.43655 0.00000  0.43833 0.00000
 476  0.43289 0.00000  0.43832 0.00000
 477  0.43752 0.00000  0.43831 0.00000
 478  0.43930 0.00000  0.43833 0.00000
 479  0.43725 0.00000  0.43836 0.00000
 480  0.43884 0.00000  0.43837 0.00000
 481  0.43702 0.00000  0.43838 0.00000
 482  0.43512 0.00000  0.43836 0.00000
 483  0.43487 0.00000  0.43837 0.00000
 484  0.43689 0.00000  0.43836 0.00000
 485  0.43386 0.00000  0.43837 0.00000
 486  0.43801 0.00000  0.43837 0.00000
 487  0.43757 0.00000  0.43837 0.00000
 488  0.43425 0.00000  0.43838 0.00000
 489  0.43097 0.00000  0.43837 0.00000
 490  0.43111 0.00000  0.43836 0.00000
 491  0.43650 0.00000  0.43836 0.00000
 492  0.43457 0.00000  0.43835 0.00000
 493  0.43486 0.00000  0.43835 0.00000
 494  0.43304 0.00000  0.43835 0.00000
 495  0.43660 0.00000  0.43834 0.00000
 496  0.43376 0.00000  0.43836 0.00000
 497  0.43309 0.00000  0.43835 0.00000
 498  0.43667 0.00000  0.43837 0.00000
 499  0.42972 0.00000  0.43837 0.00000
processing 3000 predictions...

0%   10   20   30   40   50   60   70   80   90   100%
|----|----|----|----|----|----|----|----|----|----|
***************************************************
 done.
elapsed: [2940.58s cpu, 2499323.8694 mticks, 935.12s wall]
score: 0.4422  baseline: 0.4398  diff: 0.00236
category UNKNOWN: count 0 avg error 0 baseline avg error 0 avg improvement 0
category AUTO: count 1249 avg error 0.027458 baseline avg error 0.0250981 avg improvement -0.00235994
category POSS: count 1531 avg error 0.214468 baseline avg error 0.213126 avg improvement -0.00134142
category IMP: count 220 avg error 1.0177 baseline avg error 1.01199 avg improvement -0.00570361
overall: count 3000 avg error 0.195513 baseline avg error 0.193427 avg improvement -0.00208536
worst entries: 
0: 2140  label: -1 pred: 0.312349 bl: 0.25705 IMP error_pred: 1.72226 error_bl: 1.58017 improvement: -0.142086
    min: -0.0555  max: 0.911 avg: 0.240958
explanation: 
no explanation

1: 75  label: -1 pred: 0.317601 bl: 0.2649 IMP error_pred: 1.73607 error_bl: 1.59997 improvement: -0.136102
    min: 0.111  max: 0.6955 avg: 0.294867
explanation: 
no explanation

2: 2516  label: -1 pred: 0.081193 bl: 0.0176 IMP error_pred: 1.16898 error_bl: 1.03551 improvement: -0.133469
    min: -0.329  max: 0.826 avg: 0.245552
explanation: 
no explanation

3: 1924  label: -1 pred: 0.392292 bl: 0.3466 IMP error_pred: 1.93848 error_bl: 1.81333 improvement: -0.125146
    min: 0.0115  max: 0.8555 avg: 0.4165
explanation: 
no explanation

4: 1393  label: -1 pred: 0.253206 bl: 0.2045 IMP error_pred: 1.57053 error_bl: 1.45082 improvement: -0.119706
    min: -0.0885  max: 0.7215 avg: 0.26412
explanation: 
no explanation

5: 1064  label: -1 pred: 0.166678 bl: 0.11625 IMP error_pred: 1.36114 error_bl: 1.24601 improvement: -0.115124
    min: -0.258  max: 0.799 avg: 0.193913
explanation: 
no explanation

6: 619  label: -1 pred: 0.455116 bl: 0.4176 IMP error_pred: 2.11736 error_bl: 2.00959 improvement: -0.107774
    min: 0.222  max: 0.7575 avg: 0.446965
explanation: 
no explanation

7: 2793  label: -1 pred: 0.265202 bl: 0.22305 IMP error_pred: 1.60074 error_bl: 1.49585 improvement: -0.104886
    min: -0.0615  max: 0.697 avg: 0.307835
explanation: 
no explanation

8: 9  label: -1 pred: 0.361836 bl: 0.32435 IMP error_pred: 1.8546 error_bl: 1.7539 improvement: -0.100695
    min: 0.1185  max: 0.668 avg: 0.350705
explanation: 
no explanation

9: 1651  label: -0.5 pred: 0.351156 bl: 0.2907 IMP error_pred: 0.724466 error_bl: 0.625207 improvement: -0.0992592
    min: 0.165  max: 0.712 avg: 0.381707
explanation: 
no explanation

10: 2231  label: -1 pred: 0.356755 bl: 0.32005 IMP error_pred: 1.84078 error_bl: 1.74253 improvement: -0.0982509
    min: -0.009  max: 0.6935 avg: 0.405828
explanation: 
no explanation

11: 379  label: -1 pred: 0.453753 bl: 0.42065 IMP error_pred: 2.1134 error_bl: 2.01825 improvement: -0.0951529
    min: -0.0025  max: 0.975 avg: 0.554218
explanation: 
no explanation

12: 1799  label: -1 pred: 0.182708 bl: 0.1426 IMP error_pred: 1.3988 error_bl: 1.30553 improvement: -0.093264
    min: -0.0625  max: 0.516 avg: 0.2388
explanation: 
no explanation

13: 2686  label: 1 pred: 0.620579 bl: 0.7747 POSS error_pred: 0.14396 error_bl: 0.0507601 improvement: -0.0931999
    min: -0.9275  max: 0.992 avg: 0.722662
explanation: 
no explanation

14: 2872  label: -1 pred: 0.276795 bl: 0.24035 IMP error_pred: 1.6302 error_bl: 1.53847 improvement: -0.0917366
    min: 0.133  max: 0.4245 avg: 0.25218
explanation: 
no explanation

15: 509  label: 0.5 pred: -0.20686 bl: -0.13935 POSS error_pred: 0.499651 error_bl: 0.408768 improvement: -0.0908822
    min: -0.9275  max: 0.016 avg: -0.195955
explanation: 
no explanation

16: 1776  label: -1 pred: 0.201373 bl: 0.1632 IMP error_pred: 1.4433 error_bl: 1.35303 improvement: -0.0902616
    min: -0.0125  max: 0.469 avg: 0.206917
explanation: 
no explanation

17: 2452  label: -1 pred: 0.317404 bl: 0.2837 IMP error_pred: 1.73555 error_bl: 1.64789 improvement: -0.0876667
    min: -0.0755  max: 0.6815 avg: 0.307645
explanation: 
no explanation

18: 833  label: -1 pred: 0.432497 bl: 0.40255 IMP error_pred: 2.05205 error_bl: 1.96715 improvement: -0.0849016
    min: 0.213  max: 0.655 avg: 0.392563
explanation: 
no explanation

19: 1025  label: -1 pred: 0.278851 bl: 0.24555 IMP error_pred: 1.63546 error_bl: 1.55139 improvement: -0.0840641
    min: -0.024  max: 0.587 avg: 0.273872
explanation: 
no explanation

20: 1378  label: -0.5 pred: 0.341384 bl: 0.29195 IMP error_pred: 0.707927 error_bl: 0.627185 improvement: -0.0807419
    min: 0.0125  max: 0.7525 avg: 0.413138
explanation: 
no explanation

21: 2299  label: -0.5 pred: 0.249497 bl: 0.19395 IMP error_pred: 0.561746 error_bl: 0.481567 improvement: -0.0801795
    min: 0.0035  max: 0.7265 avg: 0.218992
explanation: 
no explanation

22: 2030  label: -1 pred: 0.164153 bl: 0.12945 IMP error_pred: 1.35525 error_bl: 1.27566 improvement: -0.0795941
    min: -0.048  max: 0.4465 avg: 0.151992
explanation: 
no explanation

23: 31  label: -0.5 pred: 0.361526 bl: 0.3145 IMP error_pred: 0.742228 error_bl: 0.66341 improvement: -0.0788176
    min: 0.0615  max: 0.742 avg: 0.37378
explanation: 
no explanation

24: 1621  label: -0.5 pred: 0.214065 bl: 0.15825 POSS error_pred: 0.509889 error_bl: 0.433293 improvement: -0.0765964
    min: -0.1315  max: 0.8635 avg: 0.157788
explanation: 
no explanation

25: 2721  label: -0.5 pred: 0.274711 bl: 0.2237 IMP error_pred: 0.600178 error_bl: 0.523742 improvement: -0.0764359
    min: 0.1335  max: 0.523 avg: 0.274793
explanation: 
no explanation

26: 2906  label: -0.5 pred: 0.199376 bl: 0.1434 POSS error_pred: 0.489126 error_bl: 0.413964 improvement: -0.0751627
    min: -0.054  max: 0.625 avg: 0.24885
explanation: 
no explanation

27: 82  label: -1 pred: 0.117636 bl: 0.0835 IMP error_pred: 1.24911 error_bl: 1.17397 improvement: -0.0751381
    min: -0.1385  max: 0.431 avg: 0.174625
explanation: 
no explanation

28: 1784  label: -1 pred: 0.178283 bl: 0.1461 IMP error_pred: 1.38835 error_bl: 1.31355 improvement: -0.0748057
    min: -0.0495  max: 0.426 avg: 0.171582
explanation: 
no explanation

29: 2668  label: -0.5 pred: 0.278637 bl: 0.2293 IMP error_pred: 0.606276 error_bl: 0.531879 improvement: -0.0743973
    min: 0.115  max: 0.5855 avg: 0.293303
explanation: 
no explanation

30: 2330  label: -0.5 pred: 0.309898 bl: 0.26305 IMP error_pred: 0.655934 error_bl: 0.582245 improvement: -0.0736892
    min: 0.0915  max: 0.64 avg: 0.284145
explanation: 
no explanation

31: 542  label: -1 pred: 0.124814 bl: 0.09185 IMP error_pred: 1.26521 error_bl: 1.19214 improvement: -0.0730709
    min: -0.1965  max: 0.498 avg: 0.134972
explanation: 
no explanation

32: 131  label: -0.5 pred: 0.319684 bl: 0.2763 IMP error_pred: 0.671882 error_bl: 0.602642 improvement: -0.0692403
    min: 0.161  max: 0.528 avg: 0.311547
explanation: 
no explanation

33: 1232  label: -1 pred: 0.0272895 bl: -0.0068 IMP error_pred: 1.05532 error_bl: 0.986446 improvement: -0.0688775
    min: -0.2215  max: 0.426 avg: 0.0679225
explanation: 
no explanation

34: 2897  label: -1 pred: 0.275782 bl: 0.2486 IMP error_pred: 1.62762 error_bl: 1.559 improvement: -0.0686169
    min: -0.0725  max: 0.5915 avg: 0.247875
explanation: 
no explanation

35: 1285  label: 1 pred: 0.419007 bl: 0.4814 POSS error_pred: 0.337553 error_bl: 0.268946 improvement: -0.0686067
    min: -0.595  max: 0.758 avg: 0.341162
explanation: 
no explanation

36: 48  label: -1 pred: -0.67709 bl: -0.8087 POSS error_pred: 0.104271 error_bl: 0.0365957 improvement: -0.0676754
    min: -1  max: 0.235 avg: -0.700825
explanation: 
no explanation

37: 1022  label: -0.5 pred: 0.39239 bl: 0.35435 POSS error_pred: 0.79636 error_bl: 0.729914 improvement: -0.0664456
    min: -0.0165  max: 0.8365 avg: 0.404392
explanation: 
no explanation

38: 1484  label: -0.5 pred: 0.359422 bl: 0.3203 IMP error_pred: 0.738606 error_bl: 0.672892 improvement: -0.0657142
    min: 0.1715  max: 0.5535 avg: 0.342803
explanation: 
no explanation

39: 2727  label: -0.5 pred: 0.4065 bl: 0.37 IMP error_pred: 0.821742 error_bl: 0.7569 improvement: -0.064842
    min: 0.117  max: 0.7215 avg: 0.378873
explanation: 
no explanation

40: 578  label: -0.5 pred: 0.183004 bl: 0.1346 POSS error_pred: 0.466494 error_bl: 0.402717 improvement: -0.0637773
    min: -0.131  max: 0.644 avg: 0.21102
explanation: 
no explanation

41: 1382  label: -0.5 pred: 0.35669 bl: 0.3188 IMP error_pred: 0.733918 error_bl: 0.670433 improvement: -0.0634844
    min: 0.1045  max: 0.651 avg: 0.33661
explanation: 
no explanation

42: 1544  label: -1 pred: 0.265367 bl: 0.24065 IMP error_pred: 1.60115 error_bl: 1.53921 improvement: -0.0619406
    min: -0.029  max: 0.483 avg: 0.251507
explanation: 
no explanation

43: 2938  label: -0.5 pred: 0.310149 bl: 0.271 POSS error_pred: 0.656341 error_bl: 0.594441 improvement: -0.0619004
    min: -0.102  max: 0.723 avg: 0.326885
explanation: 
no explanation

44: 947  label: -0.5 pred: 0.381492 bl: 0.3462 IMP error_pred: 0.777028 error_bl: 0.716054 improvement: -0.0609731
    min: 0.1945  max: 0.5545 avg: 0.376645
explanation: 
no explanation

45: 2067  label: -0.5 pred: 0.225021 bl: 0.1818 IMP error_pred: 0.525655 error_bl: 0.464851 improvement: -0.0608037
    min: 0.06  max: 0.49 avg: 0.243287
explanation: 
no explanation

46: 228  label: -0.5 pred: 0.31497 bl: 0.2768 IMP error_pred: 0.664177 error_bl: 0.603418 improvement: -0.0607585
    min: 0.1275  max: 0.5485 avg: 0.272212
explanation: 
no explanation

47: 855  label: 1 pred: -0.0952751 bl: -0.06725 IMP error_pred: 1.19963 error_bl: 1.13902 improvement: -0.060605
    min: -0.6165  max: 0.253 avg: -0.121302
explanation: 
no explanation

48: 1094  label: -0.5 pred: 0.275799 bl: 0.2368 POSS error_pred: 0.601864 error_bl: 0.542874 improvement: -0.0589897
    min: -0.0475  max: 0.5995 avg: 0.294995
explanation: 
no explanation

49: 1738  label: -0.5 pred: 0.545894 bl: 0.51775 IMP error_pred: 1.09389 error_bl: 1.03582 improvement: -0.0580797
    min: 0.3315  max: 0.8665 avg: 0.561402
explanation: 
no explanation

best entries: 
0: 71  label: -0.5 pred: 0.787197 bl: 0.89945 IMP error_pred: 1.65688 error_bl: 1.95846 improvement: 0.301584
1: 1940  label: -1 pred: 0.752271 bl: 0.8248 IMP error_pred: 3.07045 error_bl: 3.3299 improvement: 0.259442
2: 1424  label: -0.5 pred: 0.760561 bl: 0.85875 IMP error_pred: 1.58901 error_bl: 1.8462 improvement: 0.257188
3: 167  label: 0 pred: 0.809522 bl: 0.92585 IMP error_pred: 0.655326 error_bl: 0.857198 improvement: 0.201872
4: 848  label: 0 pred: -0.748963 bl: -0.8707 POSS error_pred: 0.560946 error_bl: 0.758119 improvement: 0.197173
5: 2579  label: 0 pred: 0.788561 bl: 0.9041 IMP error_pred: 0.621828 error_bl: 0.817397 improvement: 0.195569
6: 328  label: 0 pred: 0.707307 bl: 0.8157 POSS error_pred: 0.500283 error_bl: 0.665366 improvement: 0.165083
7: 1949  label: 1 pred: -0.408453 bl: -0.46535 POSS error_pred: 1.98374 error_bl: 2.14725 improvement: 0.163512
8: 309  label: 0 pred: 0.772547 bl: 0.8608 IMP error_pred: 0.596829 error_bl: 0.740977 improvement: 0.144148
9: 1358  label: -0.5 pred: 0.676002 bl: 0.73525 IMP error_pred: 1.38298 error_bl: 1.52584 improvement: 0.142862
10: 1601  label: -1 pred: 0.579788 bl: 0.6191 IMP error_pred: 2.49573 error_bl: 2.62148 improvement: 0.125755
11: 2529  label: 0.5 pred: 0.847882 bl: 0.99655 POSS error_pred: 0.121022 error_bl: 0.246562 improvement: 0.12554
12: 769  label: -0.5 pred: 0.665027 bl: 0.71705 IMP error_pred: 1.35729 error_bl: 1.48121 improvement: 0.123923
13: 877  label: 0.5 pred: 0.742967 bl: 0.9274 POSS error_pred: 0.0590331 error_bl: 0.182671 improvement: 0.123638
14: 2280  label: 0 pred: 0.707848 bl: 0.7894 POSS error_pred: 0.501049 error_bl: 0.623152 improvement: 0.122103
15: 249  label: 0.5 pred: 0.838539 bl: 0.97755 POSS error_pred: 0.114608 error_bl: 0.228054 improvement: 0.113446
16: 2219  label: 0.5 pred: 0.81017 bl: 0.9576 POSS error_pred: 0.0962051 error_bl: 0.209398 improvement: 0.113193
17: 2358  label: -0.5 pred: 0.681537 bl: 0.7274 IMP error_pred: 1.39603 error_bl: 1.50651 improvement: 0.110482
18: 1294  label: 0 pred: 0.750041 bl: 0.81485 IMP error_pred: 0.562562 error_bl: 0.663981 improvement: 0.101419
19: 2360  label: 0 pred: 0.697252 bl: 0.76235 POSS error_pred: 0.486161 error_bl: 0.581178 improvement: 0.0950169
20: 511  label: 0 pred: 0.742842 bl: 0.80395 IMP error_pred: 0.551815 error_bl: 0.646336 improvement: 0.094521
21: 2678  label: 0.5 pred: 0.784651 bl: 0.9186 POSS error_pred: 0.0810263 error_bl: 0.175226 improvement: 0.0941997
22: 1230  label: 1 pred: 0.264811 bl: 0.20345 POSS error_pred: 0.540503 error_bl: 0.634492 improvement: 0.0939888
23: 975  label: 0 pred: 0.730996 bl: 0.79145 IMP error_pred: 0.534356 error_bl: 0.626393 improvement: 0.0920376
24: 734  label: 0 pred: 0.706219 bl: 0.76785 POSS error_pred: 0.498745 error_bl: 0.589594 improvement: 0.0908485
25: 2679  label: 0.5 pred: 0.764372 bl: 0.9004 POSS error_pred: 0.0698924 error_bl: 0.16032 improvement: 0.0904277
26: 2908  label: 0.5 pred: 0.796253 bl: 0.91605 POSS error_pred: 0.0877661 error_bl: 0.173098 improvement: 0.0853315
27: 2205  label: 0 pred: 0.680972 bl: 0.74065 POSS error_pred: 0.463723 error_bl: 0.548562 improvement: 0.0848396
28: 1697  label: -1 pred: -0.138475 bl: -0.0941 POSS error_pred: 0.742225 error_bl: 0.820655 improvement: 0.0784299
29: 782  label: 1 pred: 0.209648 bl: 0.16245 POSS error_pred: 0.624657 error_bl: 0.70149 improvement: 0.076833
30: 2356  label: 1 pred: 0.24467 bl: 0.1961 POSS error_pred: 0.570524 error_bl: 0.646255 improvement: 0.0757311
31: 2855  label: 1 pred: 0.310881 bl: 0.25825 POSS error_pred: 0.474885 error_bl: 0.550193 improvement: 0.0753078
32: 2472  label: 1 pred: -0.00666676 bl: -0.0432 POSS error_pred: 1.01338 error_bl: 1.08827 improvement: 0.0748882
33: 525  label: 0 pred: 0.695411 bl: 0.74625 POSS error_pred: 0.483597 error_bl: 0.556889 improvement: 0.0732923
34: 675  label: 0.5 pred: 0.777953 bl: 0.8879 POSS error_pred: 0.0772577 error_bl: 0.150466 improvement: 0.0732087
35: 1495  label: 0.5 pred: 0.784611 bl: 0.892 POSS error_pred: 0.0810035 error_bl: 0.153664 improvement: 0.0726605
36: 2143  label: -1 pred: -0.072912 bl: -0.03495 POSS error_pred: 0.859492 error_bl: 0.931321 improvement: 0.0718293
37: 2956  label: 0.5 pred: 0.782022 bl: 0.88805 POSS error_pred: 0.0795363 error_bl: 0.150583 improvement: 0.0710465
38: 15  label: 1 pred: 0.161183 bl: 0.1203 POSS error_pred: 0.703614 error_bl: 0.773872 improvement: 0.0702581
39: 2538  label: 0 pred: 0.693567 bl: 0.74225 POSS error_pred: 0.481036 error_bl: 0.550935 improvement: 0.0698993
40: 775  label: 1 pred: 0.118387 bl: 0.0799 IMP error_pred: 0.777241 error_bl: 0.846584 improvement: 0.0693428
41: 2991  label: 1 pred: 0.096696 bl: 0.0593 POSS error_pred: 0.815958 error_bl: 0.884916 improvement: 0.0689584
42: 327  label: 0.5 pred: 0.760765 bl: 0.86815 POSS error_pred: 0.0679986 error_bl: 0.135534 improvement: 0.0675358
43: 1181  label: 0.5 pred: 0.789502 bl: 0.88755 POSS error_pred: 0.0838113 error_bl: 0.150195 improvement: 0.0663837
44: 2249  label: 0.5 pred: 0.792948 bl: 0.889 POSS error_pred: 0.0858183 error_bl: 0.151321 improvement: 0.0655027
45: 2547  label: 0 pred: 0.674844 bl: 0.7217 POSS error_pred: 0.455414 error_bl: 0.520851 improvement: 0.0654369
46: 1844  label: 1 pred: 0.217091 bl: 0.1764 POSS error_pred: 0.612947 error_bl: 0.678317 improvement: 0.0653701
47: 1  label: 1 pred: 0.104885 bl: 0.0694 POSS error_pred: 0.80123 error_bl: 0.866016 improvement: 0.0647858
48: 2695  label: 0 pred: 0.697592 bl: 0.74145 IMP error_pred: 0.486634 error_bl: 0.549748 improvement: 0.0631137
49: 2783  label: 0.5 pred: 0.792767 bl: 0.8852 POSS error_pred: 0.0857124 error_bl: 0.148379 improvement: 0.0626667

total is 0
score for UNKNOWN: nan baseline: nan diff:    nan
total is 1249
score for AUTO: 0.1657 baseline: 0.1584 diff: 0.0073
total is 1531
score for POSS: 0.4631 baseline: 0.4617 diff: 0.0015
total is 220
score for IMP: 1.0088 baseline: 1.0060 diff: 0.0028
writing 15000 official test outputs

0%   10   20   30   40   50   60   70   80   90   100%
|----|----|----|----|----|----|----|----|----|----|
***************************************************
scores: [ 0.442168 ]
0.4422 +/-    nan
2786.94user 156.07system 15:36.10elapsed 314%CPU (0avgtext+0avgdata 0maxresident)k
0inputs+336outputs (0major+58418388minor)pagefaults 0swaps
