loading data...applying decomposition
done.
training 500 models

0%   10   20   30   40   50   60   70   80   90   100%
|----|----|----|----|----|----|----|----|----|----|
***************************************************
L_auc_1                         -0.01134
L_auc_2                         -0.02716
L_auc_3                          0.02694
L_auc_4                         -0.10693
L_auc_5                          0.02705
L_auc_6                          0.03324
L_auc_7                          0.06391
L_auc_8                          0.00486
L_auc_9                          0.04336
L_auc_10                        -0.02523
L_auc_11                         0.00008
L_auc_12                        -0.03270
L_auc_13                         0.02795
L_auc_14                        -0.01833
L_auc_15                         0.07017
L_auc_16                        -0.00291
L_auc_17                         0.01795
L_auc_18                         0.05275
L_auc_19                        -0.04706
L_auc_20                        -0.00340
L_auc_21                        -0.02149
L_auc_22                         0.00272
L_auc_23                        -0.00124
L_auc_24                         0.00170
L_auc_25                         0.02197
L_auc_26                         0.01276
L_auc_27                         0.06154
L_auc_28                         0.02409
L_auc_29                        -0.00160
L_auc_30                        -0.00289
L_auc_31                        -0.03608
L_auc_32                         0.01929
L_auc_33                        -0.02833
L_auc_34                        -0.01840
L_auc_35                         0.04328
L_auc_36                         0.11782
L_auc_37                        -0.03862
L_auc_38                         0.04561
L_auc_39                        -0.01582
L_auc_40                        -0.00931
L_auc_41                         0.00495
L_auc_42                        -0.02243
L_auc_43                        -0.00662
L_auc_44                        -0.06301
L_auc_45                        -0.03520
L_auc_46                         0.02326
L_auc_47                         0.02334
L_auc_48                        -0.00219
L_auc_49                         0.06516
L_auc_50                         0.00252
L_auc_51                        -0.00054
L_auc_52                        -0.07345
L_auc_53                         0.01827
L_auc_54                        -0.00278
L_auc_55                         0.06695
L_auc_56                         0.01965
L_auc_57                         0.03276
L_auc_58                        -0.01572
L_auc_59                         0.03072
L_auc_60                         0.01238
L_auc_61                         0.02289
L_auc_62                        -0.03602
L_auc_63                         0.03000
L_auc_64                        -0.01908
L_auc_65                         0.01362
L_auc_66                        -0.00092
L_auc_67                         0.02840
L_auc_68                        -0.00183
L_auc_69                         0.03680
L_auc_70                        -0.07953
L_auc_71                        -0.06247
L_auc_72                         0.02125
L_auc_73                        -0.01628
L_auc_74                         0.06281
L_auc_75                         0.01410
L_auc_76                        -0.09638
L_auc_77                         0.08342
L_auc_78                         0.00769
L_auc_79                        -0.04895
L_auc_80                         0.02702
L_auc_81                        -0.03035
L_auc_82                         0.01230
L_auc_83                         0.00573
L_auc_84                         0.02744
L_auc_85                        -0.00968
L_auc_86                         0.10548
L_auc_87                        -0.03121
L_auc_88                         0.00035
L_auc_89                         0.00451
L_auc_90                        -0.01830
L_auc_91                         0.04891
L_auc_92                         0.11733
L_auc_93                         0.02511
L_auc_94                        -0.03400
L_auc_95                         0.19938
L_auc_96                        -0.01547
L_auc_97                         0.02067
L_auc_98                        -0.05058
L_auc_99                         0.05206
L_auc_100                       -0.01800
L_auc_101                       -0.00091
L_auc_102                       -0.00250
L_auc_103                        0.00537
L_auc_104                        0.02282
L_auc_105                        0.01563
L_auc_106                       -0.02531
L_auc_107                        0.09542
L_auc_108                        0.03432
L_auc_109                        0.03303
L_auc_110                       -0.04050
L_auc_111                        0.00886
L_auc_112                        0.08147
L_auc_113                        0.05684
L_auc_114                        0.02453
L_auc_115                        0.02178
L_auc_116                        0.01133
L_auc_117                       -0.05169
L_auc_118                       -0.04079
L_auc_119                        0.04199
L_auc_120                        0.02337
L_auc_121                        0.01393
L_auc_122                       -0.04203
L_auc_123                        0.03328
L_auc_124                        0.03115
L_auc_125                       -0.01419
L_auc_126                       -0.01264
L_auc_127                       -0.01858
L_auc_128                       -0.01835
L_auc_129                       -0.02082
L_auc_130                       -0.05509
L_auc_131                       -0.00483
L_auc_132                        0.00972
L_auc_133                        0.05361
L_auc_134                        0.03004
L_auc_135                       -0.02363
L_auc_136                       -0.00236
L_auc_137                       -0.02693
L_auc_138                       -0.01967
L_auc_139                        0.01220
L_auc_140                       -0.04665
L_auc_141                       -0.03481
L_auc_142                       -0.04434
L_auc_143                        0.02152
L_auc_144                       -0.02553
L_auc_145                        0.05781
L_auc_146                       -0.03462
L_auc_147                       -0.00835
L_auc_148                       -0.02770
L_auc_149                        0.00967
L_auc_150                       -0.02126
L_auc_151                        0.01005
L_auc_152                       -0.04547
L_auc_153                       -0.01698
L_auc_154                        0.03575
L_auc_155                        0.06671
L_auc_156                        0.01135
L_auc_157                       -0.00867
L_auc_158                        0.01335
L_auc_159                        0.00531
L_auc_160                        0.04398
L_auc_161                       -0.00558
L_auc_162                        0.02944
L_auc_163                        0.00333
L_auc_164                        0.00954
L_auc_165                        0.02245
L_auc_166                       -0.02531
L_auc_167                       -0.05711
L_auc_168                       -0.01259
L_auc_169                       -0.05005
L_auc_170                        0.05553
L_auc_171                       -0.04874
L_auc_172                        0.01888
L_auc_173                       -0.02412
L_auc_174                       -0.01225
L_auc_175                        0.01808
L_auc_176                        0.05125
L_auc_177                       -0.00350
L_auc_178                       -0.00057
L_auc_179                        0.03459
L_auc_180                       -0.04617
L_auc_181                        0.02128
L_auc_182                        0.00142
L_auc_183                        0.01535
L_auc_184                        0.02425
L_auc_185                        0.00798
L_auc_186                        0.02721
L_auc_187                       -0.02484
L_auc_188                       -0.02379
L_auc_189                        0.00432
L_auc_190                       -0.04422
L_auc_191                       -0.00301
L_auc_192                       -0.00659
L_auc_193                        0.02262
L_auc_194                        0.00460
L_auc_195                       -0.04936
L_auc_196                       -0.02334
L_auc_197                        0.04537
L_auc_198                        0.05348
L_auc_199                       -0.03516
L_auc_200                        0.02178
L_auc_201                       -0.04872
L_auc_202                       -0.02196
L_auc_203                       -0.06844
L_auc_204                       -0.09276
L_auc_205                        0.00644
L_auc_206                        0.00890
L_auc_207                        0.00386
L_auc_208                       -0.01913
L_auc_209                        0.07288
L_auc_210                        0.02692
L_auc_211                        0.05274
L_auc_212                       -0.02090
L_auc_213                       -0.06061
L_auc_214                       -0.06633
L_auc_215                       -0.08429
L_auc_216                        0.11146
L_auc_217                        0.01841
L_auc_218                       -0.00245
L_auc_219                        0.00245
L_auc_220                        0.00536
L_auc_221                       -0.02903
L_auc_222                        0.05604
L_auc_223                        0.06663
L_auc_224                        0.05643
L_auc_225                        0.02826
L_auc_226                       -0.00432
L_auc_227                        0.00920
L_auc_228                       -0.00502
L_auc_229                        0.00452
L_auc_230                       -0.01214
L_auc_231                        0.06703
L_auc_232                       -0.04863
L_auc_233                        0.03398
L_auc_234                       -0.03505
L_auc_235                       -0.03576
L_auc_236                       -0.02682
L_auc_237                        0.03569
L_auc_238                       -0.01090
L_auc_239                        0.01310
L_auc_240                       -0.05683
L_auc_241                        0.03135
L_auc_242                       -0.03207
L_auc_243                       -0.02699
L_auc_244                       -0.01595
L_auc_245                        0.03400
L_auc_246                        0.06831
L_auc_247                       -0.01972
L_auc_248                        0.04303
L_auc_249                       -0.03572
L_auc_250                        0.04485
L_auc_251                       -0.01363
L_auc_252                       -0.00342
L_auc_253                       -0.01524
L_auc_254                        0.03136
L_auc_255                        0.02157
L_auc_256                        0.00404
L_auc_257                       -0.01576
L_auc_258                       -0.01457
L_auc_259                        0.02574
L_auc_260                       -0.01457
L_auc_261                        0.15263
L_auc_262                        0.04633
L_auc_263                       -0.02200
L_auc_264                        0.11169
L_auc_265                        0.04163
L_auc_266                        0.02373
L_auc_267                        0.02883
L_auc_268                        0.06080
L_auc_269                        0.01679
L_auc_270                        0.03376
L_auc_271                       -0.03629
L_auc_272                        0.03407
L_auc_273                       -0.01899
L_auc_274                        0.01966
L_auc_275                        0.00585
L_auc_276                       -0.00580
L_auc_277                        0.05804
L_auc_278                       -0.03507
L_auc_279                        0.06080
L_auc_280                        0.01610
L_auc_281                       -0.03041
L_auc_282                        0.04048
L_auc_283                       -0.00619
L_auc_284                       -0.03374
L_auc_285                       -0.01278
L_auc_286                        0.03567
L_auc_287                        0.00872
L_auc_288                       -0.01579
L_auc_289                       -0.00237
L_auc_290                        0.01543
L_auc_291                       -0.10494
L_auc_292                       -0.04419
L_auc_293                        0.00088
L_auc_294                        0.03892
L_auc_295                       -0.04407
L_auc_296                       -0.01189
L_auc_297                       -0.05283
L_auc_298                       -0.01196
L_auc_299                       -0.02557
L_auc_300                       -0.00509
L_auc_301                       -0.01956
L_auc_302                       -0.09763
L_auc_303                        0.02162
L_auc_304                        0.01454
L_auc_305                       -0.00992
L_auc_306                        0.03580
L_auc_307                        0.07855
L_auc_308                        0.06285
L_auc_309                        0.07559
L_auc_310                       -0.03014
L_auc_311                       -0.11296
L_auc_312                        0.03787
L_auc_313                        0.05107
L_auc_314                        0.00087
L_auc_315                        0.12785
L_auc_316                        0.01755
L_auc_317                        0.03110
L_auc_318                       -0.04011
L_auc_319                        0.02915
L_auc_320                        0.05621
L_auc_321                        0.02169
L_auc_322                        0.04647
L_auc_323                        0.03624
L_auc_324                        0.02059
L_auc_325                        0.00392
L_auc_326                       -0.01769
L_auc_327                        0.03848
L_auc_328                       -0.01181
L_auc_329                        0.03101
L_auc_330                        0.02719
L_auc_331                        0.02287
L_auc_332                        0.02236
L_auc_333                        0.06043
L_auc_334                        0.06401
L_auc_335                       -0.01739
L_auc_336                        0.05073
L_auc_337                       -0.01870
L_auc_338                        0.01649
L_auc_339                        0.03889
L_auc_340                        0.02354
L_auc_341                        0.01468
L_auc_342                        0.08399
L_auc_343                        0.01166
L_auc_344                        0.03415
L_auc_345                        0.02428
L_auc_346                        0.03089
L_auc_347                        0.01999
L_auc_348                        0.03055
L_auc_349                       -0.02491
L_auc_350                       -0.00501
L_auc_351                       -0.09188
L_auc_352                       -0.00729
L_auc_353                       -0.03002
L_auc_354                        0.04699
L_auc_355                        0.01395
L_auc_356                       -0.00112
L_auc_357                       -0.01136
L_auc_358                        0.01831
L_auc_359                        0.02737
L_auc_360                        0.00685
L_auc_361                        0.02098
L_auc_362                        0.02914
L_auc_363                       -0.04443
L_auc_364                        0.01932
L_auc_365                        0.08452
L_auc_366                       -0.04594
L_auc_367                       -0.03782
L_auc_368                       -0.06140
L_auc_369                       -0.00428
L_auc_370                        0.03961
L_auc_371                        0.01476
L_auc_372                        0.05271
L_auc_373                        0.00114
L_auc_374                        0.07763
L_auc_375                       -0.06360
L_auc_376                       -0.05864
L_auc_377                        0.01687
L_auc_378                        0.01831
L_auc_379                       -0.00511
L_auc_380                       -0.01185
L_auc_381                       -0.04853
L_auc_382                       -0.04046
L_auc_383                        0.00069
L_auc_384                        0.01503
L_auc_385                       -0.01891
L_auc_386                        0.01094
L_auc_387                       -0.02724
L_auc_388                        0.01430
L_auc_389                       -0.04006
L_auc_390                        0.03278
L_auc_391                       -0.01939
L_auc_392                        0.01249
L_auc_393                        0.05144
L_auc_394                        0.07930
L_auc_395                       -0.00377
L_auc_396                       -0.00545
L_auc_397                        0.06902
L_auc_398                       -0.03885
L_auc_399                       -0.00667
L_auc_400                       -0.07584
L_auc_401                        0.02616
L_auc_402                        0.00128
L_auc_403                       -0.00478
L_auc_404                       -0.06269
L_auc_405                       -0.00516
L_auc_406                       -0.02684
L_auc_407                       -0.10493
L_auc_408                       -0.10698
L_auc_409                       -0.03015
L_auc_410                        0.03069
L_auc_411                        0.02641
L_auc_412                        0.00200
L_auc_413                        0.04289
L_auc_414                        0.02632
L_auc_415                        0.08072
L_auc_416                        0.03505
L_auc_417                        0.06899
L_auc_418                        0.02556
L_auc_419                       -0.08011
L_auc_420                       -0.05692
L_auc_421                       -0.01182
L_auc_422                       -0.01310
L_auc_423                        0.07253
L_auc_424                        0.00392
L_auc_425                        0.01352
L_auc_426                        0.00246
L_auc_427                       -0.02892
L_auc_428                        0.02231
L_auc_429                       -0.05049
L_auc_430                        0.00778
L_auc_431                       -0.01984
L_auc_432                        0.03191
L_auc_433                       -0.00742
L_auc_434                       -0.00455
L_auc_435                       -0.04667
L_auc_436                       -0.05840
L_auc_437                        0.01666
L_auc_438                        0.01775
L_auc_439                        0.00942
L_auc_440                       -0.05917
L_auc_441                        0.05097
L_auc_442                       -0.03703
L_auc_443                        0.00204
L_auc_444                       -0.06071
L_auc_445                        0.01170
L_auc_446                        0.00924
L_auc_447                        0.00187
L_auc_448                        0.03793
L_auc_449                       -0.01038
L_auc_450                        0.02161
L_auc_451                        0.00044
L_auc_452                        0.02423
L_auc_453                        0.02055
L_auc_454                        0.01952
L_auc_455                       -0.02285
L_auc_456                       -0.00787
L_auc_457                       -0.00546
L_auc_458                       -0.06049
L_auc_459                       -0.05272
L_auc_460                        0.02420
L_auc_461                       -0.00542
L_auc_462                       -0.02566
L_auc_463                        0.01258
L_auc_464                        0.03017
L_auc_465                       -0.07779
L_auc_466                        0.13456
L_auc_467                       -0.05900
L_auc_468                        0.07399
L_auc_469                       -0.03381
L_auc_470                        0.00339
L_auc_471                        0.02175
L_auc_472                       -0.03281
L_auc_473                        0.01436
L_auc_474                        0.04777
L_auc_475                       -0.01735
L_auc_476                        0.01420
L_auc_477                       -0.02869
L_auc_478                       -0.01492
L_auc_479                        0.03643
L_auc_480                        0.07015
L_auc_481                       -0.02848
L_auc_482                       -0.02855
L_auc_483                        0.02604
L_auc_484                        0.32789
L_auc_485                        0.05508
L_auc_486                        0.02589
L_auc_487                       -0.03252
L_auc_488                        0.00712
L_auc_489                        0.02613
L_auc_490                        0.00863
L_auc_491                        0.04086
L_auc_492                       -0.02911
L_auc_493                       -0.00153
L_auc_494                        0.00825
L_auc_495                        0.01273
L_auc_496                        0.00859
L_auc_497                       -0.04891
L_auc_498                        0.06296
L_auc_499                       -0.01722
L_auc_500                       -0.09906
L_auc_501                        0.00058
L_auc_502                        0.02451
L_auc_503                        0.04203
L_auc_504                        0.00938
L_auc_505                       -0.03353
L_auc_506                       -0.04849
L_auc_507                       -0.03300
L_auc_508                        0.05400
L_auc_509                       -0.03645
L_auc_510                        0.02718
L_auc_511                       -0.03163
L_auc_512                        0.11543
L_auc_513                        0.05399
L_auc_514                        0.06724
L_auc_515                        0.00510
L_auc_516                       -0.00410
L_auc_517                        0.02367
L_auc_518                       -0.00200
L_auc_519                       -0.04428
L_auc_520                       -0.01824
L_auc_521                       -0.01377
L_auc_522                        0.01672
L_auc_523                       -0.04308
L_auc_524                       -0.00276
L_auc_525                       -0.00492
L_auc_526                       -0.01315
L_auc_527                       -0.02315
L_auc_528                        0.09380
L_auc_529                       -0.05170
L_auc_530                        0.02686
L_auc_531                       -0.03497
L_auc_532                       -0.01728
L_auc_533                        0.00879
L_auc_534                       -0.00050
L_auc_535                       -0.00912
L_auc_536                       -0.07645
L_auc_537                       -0.01175
L_auc_538                        0.04038
L_auc_539                       -0.06256
L_auc_540                        0.03966
L_auc_541                       -0.10868
L_auc_542                       -0.09162
L_auc_543                        0.05597
L_auc_544                        0.03873
L_auc_545                        0.04385
L_auc_546                        0.02668
L_auc_547                       -0.04745
L_auc_548                        0.04811
L_auc_549                       -0.03060
L_auc_550                        0.03176
L_auc_551                       -0.00363
L_auc_552                       -0.02179
L_auc_553                        0.02504
L_auc_554                        0.00929
L_auc_555                        0.02893
L_auc_556                       -0.03483
L_auc_557                       -0.00070
L_auc_558                       -0.02527
L_auc_559                        0.00918
L_auc_560                        0.02438
L_auc_561                       -0.10423
L_auc_562                        0.07339
L_auc_563                        0.06026
L_auc_564                        0.00046
L_auc_565                       -0.02384
L_auc_566                       -0.09246
L_auc_567                        0.05813
L_auc_568                        0.03519
L_auc_569                        0.02832
L_auc_570                        0.00426
L_auc_571                        0.07187
L_auc_572                       -0.02193
L_auc_573                       -0.01355
L_auc_574                        0.00411
L_auc_575                       -0.05009
L_auc_576                       -0.02612
L_auc_577                        0.00531
L_auc_578                        0.03900
L_auc_579                        0.00950
L_auc_580                        0.00327
L_auc_581                       -0.07957
L_auc_582                        0.04691
L_auc_583                        0.02682
L_auc_584                        0.00355
L_auc_585                       -0.04521
L_auc_586                        0.05770
L_auc_587                        0.03700
L_auc_588                       -0.00117
L_auc_589                       -0.04406
L_auc_590                       -0.02203
L_auc_591                       -0.00576
L_auc_592                        0.01611
L_auc_593                        0.02763
L_auc_594                        0.01232
L_auc_595                       -0.00860
L_auc_596                        0.00280
L_auc_597                        0.13274
L_auc_598                       -0.05963
L_auc_599                       -0.00232
L_auc_600                       -0.02964
L_auc_601                        0.01550
L_auc_602                       -0.01848
L_auc_603                        0.02767
L_auc_604                        0.04420
L_auc_605                       -0.00817
L_auc_606                        0.00520
L_auc_607                       -0.02417
L_auc_608                       -0.00512
L_auc_609                       -0.00999
L_auc_610                        0.05889
L_auc_611                        0.02989
L_auc_612                       -0.03330
L_auc_613                       -0.06215
L_auc_614                        0.03722
L_auc_615                       -0.00851
L_auc_616                        0.12159
L_auc_617                        0.07594
L_auc_618                       -0.02062
L_auc_619                        0.04557
L_auc_620                       -0.07043
L_auc_621                        0.00190
L_auc_622                        0.01249
L_auc_623                        0.02129
L_auc_624                       -0.09169
L_auc_625                        0.03571
L_auc_626                        0.10975
L_auc_627                        0.01691
L_auc_628                       -0.00870
L_auc_629                        0.03269
L_auc_630                        0.00563
L_auc_631                        0.01045
L_auc_632                       -0.04131
L_auc_633                       -0.04656
L_auc_634                       -0.01699
L_auc_635                       -0.02918
L_auc_636                        0.00301
L_auc_637                       -0.04792
L_auc_638                       -0.01629
L_auc_639                       -0.05800
L_auc_640                       -0.09521
L_auc_641                        0.01117
L_auc_642                        0.04897
L_auc_643                        0.00659
L_auc_644                       -0.01405
L_auc_645                        0.02004
L_auc_646                        0.02184
L_auc_647                       -0.01953
L_auc_648                       -0.00807
L_auc_649                        0.04105
L_auc_650                        0.00664
L_auc_651                        0.06653
L_auc_652                       -0.01158
L_auc_653                        0.01752
L_auc_654                       -0.01805
L_auc_655                       -0.01243
L_auc_656                        0.00689
L_auc_657                       -0.03936
L_auc_658                       -0.00015
L_auc_659                       -0.00529
L_auc_660                        0.04493
L_auc_661                       -0.05246
L_auc_662                        0.01842
L_auc_663                       -0.01579
L_auc_664                        0.01677
L_auc_665                       -0.02193
L_auc_666                       -0.01422
L_auc_667                       -0.03303
L_auc_668                       -0.07211
L_auc_669                        0.02897
L_auc_670                        0.03240
L_auc_671                       -0.07051
L_auc_672                        0.05832
L_auc_673                       -0.02670
L_auc_674                        0.00775
L_auc_675                        0.05905
L_auc_676                        0.00684
L_auc_677                       -0.03908
L_auc_678                        0.03816
L_auc_679                       -0.00206
L_auc_680                        0.00890
L_auc_681                        0.01864
L_auc_682                        0.00385
L_auc_683                       -0.01471
L_auc_684                        0.04694
L_auc_685                       -0.02080
L_auc_686                        0.05835
L_auc_687                       -0.00244
L_auc_688                       -0.01150
L_auc_689                       -0.05206
L_auc_690                       -0.00933
L_auc_691                       -0.04418
L_auc_692                       -0.05598
L_auc_693                       -0.01061
L_auc_694                        0.00619
L_auc_695                       -0.00968
L_auc_696                        0.02771
L_auc_697                        0.01362
L_auc_698                        0.03190
L_auc_699                        0.00205
L_auc_700                        0.03931
L_auc_701                        0.00566
L_auc_702                        0.23551
L_auc_703                       -0.01454
L_auc_704                        0.00906
L_auc_705                       -0.01075
L_auc_706                        0.03028
L_auc_707                       -0.06973
L_auc_708                        0.05553
L_auc_709                       -0.09626
L_auc_710                       -0.01627
L_auc_711                       -0.00310
L_auc_712                        0.06274
L_auc_713                        0.02517
L_auc_714                       -0.07347
L_auc_715                        0.01884
L_auc_716                       -0.00219
L_auc_717                       -0.11822
L_auc_718                        0.04341
L_auc_719                       -0.03380
L_auc_720                        0.00452
L_auc_721                       -0.00132
L_auc_722                       -0.00614
L_auc_723                       -0.02599
L_auc_724                        0.02635
L_auc_725                       -0.04831
L_auc_726                       -0.00860
L_auc_727                       -0.01288
L_auc_728                       -0.03981
L_auc_729                        0.03519
L_auc_730                        0.01836
L_auc_731                        0.05233
L_auc_732                        0.04441
L_auc_733                       -0.02713
L_auc_734                        0.00413
L_auc_735                       -0.01696
L_auc_736                        0.06373
L_auc_737                        0.00165
L_auc_738                       -0.00065
L_auc_739                        0.01393
L_auc_740                       -0.00393
L_auc_741                       -0.03643
L_auc_742                        0.01528
L_auc_743                       -0.02494
L_auc_744                        0.02687
L_auc_745                       -0.03589
L_auc_746                        0.01804
L_auc_747                       -0.05495
L_auc_748                       -0.03906
L_auc_749                       -0.04965
L_auc_750                       -0.02056
L_auc_751                        0.00652
L_auc_752                        0.06615
L_auc_753                        0.05927
L_auc_754                        0.02461
L_auc_755                        0.00767
L_auc_756                        0.01833
L_auc_757                        0.02864
L_auc_758                        0.00371
L_auc_759                       -0.08900
L_auc_760                       -0.00070
L_auc_761                       -0.21131
L_auc_762                        0.04660
L_auc_763                        0.02581
L_auc_764                        0.01009
L_auc_765                        0.05903
L_auc_766                       -0.02438
L_auc_767                        0.03407
L_auc_768                        0.05907
L_auc_769                        0.04663
L_auc_770                       -0.01521
L_auc_771                        0.00354
L_auc_772                       -0.09320
L_auc_773                       -0.04063
L_auc_774                       -0.00160
L_auc_775                        0.02024
L_auc_776                        0.08888
L_auc_777                       -0.02121
L_auc_778                       -0.00472
L_auc_779                        0.03838
L_auc_780                        0.02346
L_auc_781                        0.00138
L_auc_782                       -0.01557
L_auc_783                       -0.05144
L_auc_784                       -0.03624
L_auc_785                        0.01372
L_auc_786                       -0.01787
L_auc_787                        0.04268
L_auc_788                       -0.01588
L_auc_789                       -0.01172
L_auc_790                        0.04423
L_auc_791                       -0.02237
L_auc_792                       -0.01978
L_auc_793                        0.03101
L_auc_794                        0.02833
L_auc_795                       -0.02173
L_auc_796                        0.04756
L_auc_797                       -0.05608
L_auc_798                        0.02048
L_auc_799                        0.07681
L_auc_800                       -0.00460
L_auc_801                        0.04945
L_auc_802                       -0.00952
L_auc_803                        0.00614
L_auc_804                       -0.02913
L_auc_805                        0.04616
L_auc_806                       -0.02623
L_auc_807                       -0.00976
L_auc_808                        0.06920
L_auc_809                       -0.01390
L_auc_810                       -0.05085
L_auc_811                        0.06805
L_auc_812                        0.03024
L_auc_813                       -0.05290
L_auc_814                       -0.16126
L_auc_815                       -0.04898
L_auc_816                        0.04208
L_auc_817                       -0.02148
L_auc_818                       -0.02532
L_auc_819                        0.04866
L_auc_820                        0.04460
L_auc_821                        0.04437
L_auc_822                        0.00780
L_auc_823                       -0.05727
L_auc_824                        0.03173
L_auc_825                       -0.02994
L_auc_826                       -0.09367
L_auc_827                        0.00622
L_auc_828                        0.03715
L_auc_829                        0.00038
L_auc_830                        0.01059
L_auc_831                        0.06445
L_auc_832                        0.00230
L_auc_833                        0.09936
L_auc_834                       -0.05329
L_auc_835                        0.04869
L_auc_836                        0.02685
L_auc_837                        0.00264
L_auc_838                        0.01783
L_auc_839                       -0.00761
L_auc_840                        0.01244
L_auc_841                        0.03064
L_auc_842                       -0.01517
L_auc_843                        0.06829
L_auc_844                       -0.00243
L_auc_845                        0.05980
L_auc_846                        0.04237
L_auc_847                       -0.02468
L_auc_848                        0.02084
L_auc_849                       -0.07721
L_auc_850                        0.01875
L_auc_851                        0.00275
L_auc_852                        0.02185
L_auc_853                       -0.10855
L_auc_854                        0.06975
L_auc_855                        0.05473
L_auc_856                       -0.04720
L_auc_857                        0.01957
L_auc_858                        0.05301
L_auc_859                       -0.07480
L_auc_860                       -0.20757
L_auc_861                       -0.01415
L_auc_862                        0.00501
L_auc_863                        0.02063
L_auc_864                        0.02521
L_auc_865                       -0.02342
L_auc_866                       -0.01773
L_auc_867                        0.01124
L_auc_868                       -0.02042
L_auc_869                       -0.01358
L_auc_870                        0.07464
L_auc_871                       -0.03115
L_auc_872                        0.00914
L_auc_873                        0.05986
L_auc_874                        0.00031
L_auc_875                        0.00006
L_auc_876                        0.05937
L_auc_877                        0.00395
L_auc_878                       -0.00995
L_auc_879                        0.00795
L_auc_880                       -0.00668
L_auc_881                       -0.01997
L_auc_882                        0.01531
L_auc_883                        0.04044
L_auc_884                       -0.02947
L_auc_885                        0.00217
L_auc_886                       -0.03369
L_auc_887                        0.04641
L_auc_888                       -0.04592
L_auc_889                        0.01678
L_auc_890                        0.04979
L_auc_891                        0.05532
L_auc_892                       -0.04324
L_auc_893                       -0.00337
L_auc_894                       -0.06273
L_auc_895                        0.08094
L_auc_896                       -0.00374
L_auc_897                        0.01543
L_auc_898                       -0.02273
L_auc_899                       -0.00985
L_auc_900                       -0.00503
L_auc_901                       -0.01849
L_auc_902                       -0.00867
L_auc_903                       -0.01550
L_auc_904                       -0.04388
L_auc_905                       -0.03165
L_auc_906                        0.05618
L_auc_907                        0.07191
L_auc_908                       -0.01764
L_auc_909                       -0.03870
L_auc_910                        0.05076
L_auc_911                       -0.05004
L_auc_912                       -0.00967
L_auc_913                       -0.02344
L_auc_914                       -0.02180
L_auc_915                       -0.04564
L_auc_916                        0.06167
L_auc_917                        0.02911
L_auc_918                        0.01133
L_auc_919                        0.05058
L_auc_920                       -0.04375
L_auc_921                       -0.02576
L_auc_922                        0.02006
L_auc_923                        0.03460
L_auc_924                       -0.03972
L_auc_925                       -0.03845
L_auc_926                        0.04782
L_auc_927                       -0.01905
L_auc_928                        0.04112
L_auc_929                        0.00125
L_auc_930                       -0.04651
L_auc_931                        0.01437
L_auc_932                       -0.00210
L_auc_933                       -0.00611
L_auc_934                       -0.03362
L_auc_935                        0.00927
L_auc_936                       -0.04499
L_auc_937                       -0.04546
L_auc_938                        0.03189
L_auc_939                        0.05063
L_auc_940                        0.02347
L_auc_941                       -0.00976
L_auc_942                       -0.05141
L_auc_943                       -0.06215
L_auc_944                        0.01952
L_auc_945                        0.05541
L_auc_946                       -0.04465
L_auc_947                       -0.00358
L_auc_948                       -0.00490
L_auc_949                        0.02365
L_auc_950                       -0.00781
L_auc_951                        0.00222
L_auc_952                        0.03418
L_auc_953                        0.02427
L_auc_954                        0.02373
L_auc_955                       -0.02037
L_auc_956                       -0.02180
L_auc_957                       -0.00453
L_auc_958                        0.03344
L_auc_959                       -0.03143
L_auc_960                        0.03930
L_auc_961                        0.01478
L_auc_962                        0.00779
L_auc_963                       -0.00205
L_auc_964                        0.00268
L_auc_965                       -0.00554
L_auc_966                        0.05812
L_auc_967                        0.00987
L_auc_968                       -0.05303
L_auc_969                        0.03785
L_auc_970                       -0.01559
L_auc_971                       -0.03880
L_auc_972                       -0.04974
L_auc_973                       -0.01139
L_auc_974                       -0.00781
L_auc_975                        0.00057
L_auc_976                        0.04286
L_auc_977                       -0.04070
L_auc_978                        0.08401
L_auc_979                        0.02322
L_auc_980                       -0.03890
L_auc_981                        0.00054
L_auc_982                       -0.02172
L_auc_983                       -0.01531
L_auc_984                        0.03197
L_auc_985                        0.05996
L_auc_986                        0.03755
L_auc_987                        0.00868
L_auc_988                        0.01211
L_auc_989                        0.04406
L_auc_990                       -0.04163
L_auc_991                       -0.05462
L_auc_992                       -0.01498
L_auc_993                       -0.00472
L_auc_994                        0.02112
L_auc_995                        0.02641
L_auc_996                       -0.01082
L_auc_997                        0.00866
L_auc_998                        0.00857
L_auc_999                       -0.02640
L_auc_1000                      -0.02589
L_auc_1001                       0.02471
L_auc_1002                       0.00515
L_auc_1003                       0.01190
L_auc_1004                      -0.03619
L_auc_1005                       0.00225
L_auc_1006                       0.04918
L_auc_1007                       0.04142
L_auc_1008                      -0.00388
L_auc_1009                      -0.00916
L_auc_1010                       0.03092
L_auc_1011                      -0.01948
L_auc_1012                      -0.01167
L_auc_1013                      -0.03077
L_auc_1014                       0.10531
L_auc_1015                       0.02415
L_auc_1016                      -0.05645
L_auc_1017                       0.07141
L_auc_1018                      -0.01816
L_auc_1019                      -0.00629
L_auc_1020                       0.01038
L_auc_1021                       0.02885
L_auc_1022                       0.03088
L_auc_1023                      -0.02641
L_auc_1024                      -0.03401
L_auc_1025                      -0.03885
L_auc_1026                      -0.03034
L_auc_1027                      -0.00145
L_auc_1028                      -0.00926
L_auc_1029                       0.05452
L_auc_1030                      -0.03280
L_auc_1031                      -0.04279
L_auc_1032                      -0.02941
L_auc_1033                       0.03954
L_auc_1034                       0.02708
L_auc_1035                       0.01024
L_auc_1036                       0.01895
L_auc_1037                      -0.04967
L_auc_1038                      -0.04477
L_auc_1039                       0.06241
L_auc_1040                       0.03488
L_auc_1041                      -0.00580
L_auc_1042                       0.03674
L_auc_1043                       0.00740
L_auc_1044                       0.07231
L_auc_1045                       0.00570
L_auc_1046                      -0.05567
L_auc_1047                       0.01696
L_auc_1048                       0.04955
L_auc_1049                      -0.03368
L_auc_1050                       0.04452
L_auc_1051                       0.01834
L_auc_1052                       0.03600
L_auc_1053                       0.00249
L_auc_1054                       0.11153
L_auc_1055                       0.05045
L_auc_1056                       0.06739
L_auc_1057                       0.05373
L_auc_1058                      -0.00775
L_auc_1059                       0.06452
L_auc_1060                       0.04252
L_auc_1061                      -0.05379
L_auc_1062                      -0.00417
L_auc_1063                       0.01577
L_auc_1064                       0.02779
L_auc_1065                      -0.00877
L_auc_1066                      -0.04394
L_auc_1067                       0.00700
L_auc_1068                      -0.01484
L_auc_1069                      -0.03417
L_auc_1070                      -0.03240
L_auc_1071                      -0.05739
L_auc_1072                      -0.04100
L_auc_1073                       0.06997
L_auc_1074                      -0.02372
L_auc_1075                       0.00125
L_auc_1076                       0.01147
L_auc_1077                      -0.02787
L_auc_1078                       0.14324
L_auc_1079                      -0.04980
L_auc_1080                       0.04854
L_auc_1081                       0.02154
L_auc_1082                       0.00960
L_auc_1083                       0.03542
L_auc_1084                       0.03785
L_auc_1085                       0.01359
L_auc_1086                       0.01645
L_auc_1087                      -0.01661
L_auc_1088                      -0.01448
L_auc_1089                       0.02951
L_auc_1090                      -0.00795
L_auc_1091                       0.07572
L_auc_1092                       0.00661
L_auc_1093                      -0.08931
L_auc_1094                      -0.00683
L_auc_1095                       0.03466
L_auc_1096                      -0.00708
L_auc_1097                       0.06301
L_auc_1098                       0.00187
L_auc_1099                       0.00858
L_auc_1100                      -0.03429
L_auc_1101                       0.12563
L_auc_1102                       0.07313
L_auc_1103                      -0.02241
L_auc_1104                      -0.01378
L_auc_1105                      -0.01751
L_auc_1106                      -0.01338
L_auc_1107                      -0.04523
L_auc_1108                       0.00033
L_auc_1109                       0.03567
L_auc_1110                       0.00154
L_auc_1111                       0.01440
L_auc_1112                      -0.03069
L_auc_1113                      -0.10587
L_auc_1114                      -0.02656
L_auc_1115                       0.01508
L_auc_1116                      -0.02779
L_auc_1117                       0.01226
L_auc_1118                      -0.02839
L_auc_1119                      -0.02361
L_auc_1120                      -0.02258
L_auc_1121                      -0.03461
L_auc_1122                       0.00250
L_auc_1123                      -0.04197
L_auc_1124                      -0.03261
L_auc_1125                       0.01768
L_auc_1126                       0.00089
L_auc_1127                      -0.01343
L_auc_1128                       0.00575
L_auc_1129                      -0.04937
L_auc_1130                       0.02362
L_auc_1131                       0.02066
L_auc_1132                       0.04855
L_auc_1133                       0.02304
L_auc_1134                       0.02357
L_auc_1135                      -0.02123
L_auc_1136                       0.01414
L_auc_1137                       0.00951
L_auc_1138                      -0.02386
L_auc_1139                       0.04441
L_auc_1140                       0.13907
L_auc_1141                       0.01235
L_auc_1142                      -0.00159
L_auc_1143                       0.05799
L_auc_1144                      -0.02533
L_auc_1145                       0.03205
L_auc_1146                      -0.01320
L_auc_1147                      -0.04563
L_auc_1148                       0.03406
L_auc_1149                       0.00205
L_auc_1150                      -0.02383
L_auc_1151                       0.01876
decomp000                       -0.06231
decomp001                        0.05691
decomp002                       -0.00339
decomp003                        0.00142
decomp004                       -0.00982
decomp005                       -0.03419
decomp006                       -0.05604
decomp007                        0.03219
decomp008                       -0.01517
decomp009                        0.01161
decomp010                       -0.07562
decomp011                       -0.05182
decomp012                        0.00833
decomp013                        0.00247
decomp014                        0.05608
decomp015                       -0.02265
decomp016                       -0.01322
decomp017                        0.00530
decomp018                       -0.07855
decomp019                       -0.02402
decomp020                       -0.00395
decomp021                        0.01076
decomp022                       -0.02053
decomp023                       -0.02740
decomp024                        0.06330
decomp025                       -0.03859
decomp026                       -0.03284
decomp027                       -0.00135
decomp028                        0.00582
decomp029                       -0.03581
decomp030                        0.00432
decomp031                        0.05730
decomp032                        0.12853
decomp033                        0.05841
decomp034                       -0.09969
decomp035                        0.19707
decomp036                       -0.02546
decomp037                       -0.04991
decomp038                       -0.01664
decomp039                        0.02345
decomp040                       -0.00935
decomp041                       -0.01297
decomp042                       -0.01497
decomp043                       -0.04937
decomp044                       -0.03880
decomp045                        0.03809
decomp046                       -0.04566
decomp047                       -0.07819
decomp048                        0.05665
decomp049                       -0.12907
bias                            -1.09599
chose model 711 L_auc_712
chose model 260 L_auc_261
chose model 775 L_auc_776
chose model 333 L_auc_334
chose model 1016 L_auc_1017
chose model 1058 L_auc_1059
chose model 1051 L_auc_1052
chose model 1140 L_auc_1141
chose model 659 L_auc_660
chose model 835 L_auc_836
processing 10000 predictions...

0%   10   20   30   40   50   60   70   80   90   100%
|----|----|----|----|----|----|----|----|----|----|
***************************************************
 done.
elapsed: [4509.78s cpu, 3278667.1305 mticks, 1226.71s wall]
score: 0.1500  baseline: 0.1635  diff: -0.01347
category UNKNOWN: count 0 avg error 0 baseline avg error 0 avg improvement 0
category AUTO: count 3347 avg error 0.0518595 baseline avg error 0.0652753 avg improvement 0.0134158
category POSS: count 5942 avg error 0.160275 baseline avg error 0.171225 avg improvement 0.0109501
category IMP: count 711 avg error 0.526072 baseline avg error 0.56085 avg improvement 0.0347777
overall: count 10000 avg error 0.149996 baseline avg error 0.163466 avg improvement 0.0134695
worst entries: 
0: 4148  label: -1 pred: 0.757003 bl: 0.15425 POSS error_pred: 0.508437 error_bl: 0.158698 improvement: -0.349739
    min: -0.1425  max: 0.7645 avg: 0.30508
explanation: 


1: 5381  label: -1 pred: 0.837044 bl: 0.32645 IMP error_pred: 0.715147 error_bl: 0.37284 improvement: -0.342306
    min: 0.1755  max: 0.5815 avg: 0.376663
explanation: 


2: 7689  label: 1 pred: 0.303724 bl: 0.33235 POSS error_pred: 0.436081 error_bl: 0.148049 improvement: -0.288033
    min: -0.4415  max: 0.8675 avg: 0.256449
explanation: 


3: 1761  label: 1 pred: 0.148747 bl: 0.09385 POSS error_pred: 0.667065 error_bl: 0.391478 improvement: -0.275587
    min: -0.812  max: 0.6365 avg: -0.0227042
explanation: 


4: 43  label: -1 pred: 0.797653 bl: 0.3122 IMP error_pred: 0.607071 error_bl: 0.35456 improvement: -0.252511
    min: 0.0345  max: 0.8135 avg: 0.295136
explanation: 


5: 278  label: -1 pred: 0.820149 bl: 0.3661 POSS error_pred: 0.664323 error_bl: 0.435717 improvement: -0.228606
    min: -0.3615  max: 0.7895 avg: 0.460267
explanation: 


6: 8757  label: 1 pred: 0.173337 bl: 0.0928 POSS error_pred: 0.616487 error_bl: 0.392274 improvement: -0.224213
    min: -0.7995  max: 0.5695 avg: -0.131028
explanation: 


7: 6033  label: -1 pred: 0.806624 bl: 0.36145 POSS error_pred: 0.630173 error_bl: 0.427883 improvement: -0.20229
    min: -0.001  max: 0.7885 avg: 0.323634
explanation: 


8: 3420  label: 1 pred: 0.323629 bl: 0.2492 POSS error_pred: 0.41358 error_bl: 0.217045 improvement: -0.196535
    min: -0.534  max: 0.784 avg: 0.139198
explanation: 


9: 3846  label: -1 pred: 0.778522 bl: 0.327 POSS error_pred: 0.558457 error_bl: 0.373242 improvement: -0.185215
    min: -0.0605  max: 0.8175 avg: 0.331744
explanation: 


10: 2549  label: 1 pred: 0.281857 bl: 0.1904 POSS error_pred: 0.462166 error_bl: 0.277479 improvement: -0.184687
    min: -0.3835  max: 0.5405 avg: -0.0277163
explanation: 


11: 1612  label: 1 pred: 0.348952 bl: 0.25805 POSS error_pred: 0.389486 error_bl: 0.20689 improvement: -0.182597
    min: -0.2395  max: 0.827 avg: 0.335646
explanation: 


12: 7483  label: -1 pred: 0.807622 bl: 0.37685 IMP error_pred: 0.631177 error_bl: 0.450382 improvement: -0.180796
    min: 0.1075  max: 0.6475 avg: 0.39144
explanation: 


13: 7938  label: 1 pred: 0.386921 bl: 0.2919 POSS error_pred: 0.356233 error_bl: 0.178017 improvement: -0.178216
    min: -0.1665  max: 0.864 avg: 0.267188
explanation: 


14: 4029  label: -1 pred: 0.816479 bl: 0.39255 IMP error_pred: 0.654881 error_bl: 0.4773 improvement: -0.177581
    min: 0.0305  max: 0.799 avg: 0.470565
explanation: 


15: 3888  label: -1 pred: 0.725386 bl: 0.2542 POSS error_pred: 0.44536 error_bl: 0.26808 improvement: -0.17728
    min: -0.028  max: 0.8635 avg: 0.423755
explanation: 


16: 2555  label: -1 pred: 0.832981 bl: 0.4213 IMP error_pred: 0.702491 error_bl: 0.525512 improvement: -0.176979
    min: 0.1745  max: 0.553 avg: 0.3955
explanation: 


17: 9922  label: -1 pred: 0.729172 bl: 0.26045 POSS error_pred: 0.452792 error_bl: 0.276617 improvement: -0.176175
    min: -0.169  max: 0.7565 avg: 0.240774
explanation: 


18: 8222  label: 1 pred: 0.294484 bl: 0.1957 POSS error_pred: 0.447033 error_bl: 0.271207 improvement: -0.175826
    min: -0.314  max: 0.6965 avg: 0.252207
explanation: 


19: 1714  label: -1 pred: 0.779859 bl: 0.33315 IMP error_pred: 0.560667 error_bl: 0.384994 improvement: -0.175673
    min: 0.013  max: 0.6775 avg: 0.301946
explanation: 


20: 6375  label: -1 pred: 0.837029 bl: 0.43165 IMP error_pred: 0.714946 error_bl: 0.542186 improvement: -0.17276
    min: 0.1005  max: 0.674 avg: 0.423659
explanation: 


21: 5331  label: 1 pred: 0.339336 bl: 0.2391 POSS error_pred: 0.398447 error_bl: 0.227798 improvement: -0.170649
    min: -0.35  max: 0.6585 avg: 0.133256
explanation: 


22: 4458  label: -1 pred: 0.885385 bl: 0.5325 IMP error_pred: 0.873041 error_bl: 0.703596 improvement: -0.169446
    min: 0.1975  max: 0.8265 avg: 0.528826
explanation: 


23: 4935  label: -1 pred: 0.804419 bl: 0.38085 IMP error_pred: 0.62274 error_bl: 0.456509 improvement: -0.166231
    min: 0.16  max: 0.7235 avg: 0.407644
explanation: 


24: 3583  label: -1 pred: 0.785636 bl: 0.34915 IMP error_pred: 0.574528 error_bl: 0.409301 improvement: -0.165227
    min: 0.132  max: 0.652 avg: 0.344824
explanation: 


25: 5670  label: -1 pred: 0.73773 bl: 0.2798 IMP error_pred: 0.466452 error_bl: 0.30454 improvement: -0.161912
    min: 0.095  max: 0.8505 avg: 0.308139
explanation: 


26: 8452  label: 1 pred: 0.21597 bl: 0.09675 POSS error_pred: 0.548188 error_bl: 0.387893 improvement: -0.160295
    min: -0.2815  max: 0.789 avg: 0.141303
explanation: 


27: 8967  label: -1 pred: 0.811018 bl: 0.39445 IMP error_pred: 0.64102 error_bl: 0.481117 improvement: -0.159904
    min: 0.1785  max: 0.6775 avg: 0.384911
explanation: 


28: 1329  label: 1 pred: 0.256842 bl: 0.1464 POSS error_pred: 0.489247 error_bl: 0.329351 improvement: -0.159896
    min: -0.3325  max: 0.459 avg: 0.0850638
explanation: 


29: 1425  label: -1 pred: 0.842722 bl: 0.45165 IMP error_pred: 0.733226 error_bl: 0.576738 improvement: -0.156489
    min: 0.144  max: 0.8925 avg: 0.503114
explanation: 


30: 8183  label: -1 pred: 0.843315 bl: 0.45315 IMP error_pred: 0.735034 error_bl: 0.57945 improvement: -0.155585
    min: 0.2295  max: 0.793 avg: 0.511628
explanation: 


31: 8067  label: -1 pred: 0.510827 bl: -0.0456 POSS error_pred: 0.201085 error_bl: 0.0462033 improvement: -0.154881
    min: -0.3875  max: 0.8085 avg: 0.190385
explanation: 


32: 9035  label: 1 pred: 0.536453 bl: 0.4348 POSS error_pred: 0.237953 error_bl: 0.0838311 improvement: -0.154122
    min: -0.5205  max: 0.871 avg: 0.423296
explanation: 


33: 8405  label: -1 pred: 0.821606 bl: 0.4144 IMP error_pred: 0.667135 error_bl: 0.513258 improvement: -0.153877
    min: 0.038  max: 0.7795 avg: 0.41784
explanation: 


34: 544  label: -1 pred: 0.848991 bl: 0.4676 IMP error_pred: 0.756127 error_bl: 0.602451 improvement: -0.153676
    min: 0.253  max: 0.7115 avg: 0.482337
explanation: 


35: 7741  label: -1 pred: 0.719699 bl: 0.2638 POSS error_pred: 0.435115 error_bl: 0.282443 improvement: -0.152672
    min: -0.374  max: 0.804 avg: 0.295291
explanation: 


36: 8194  label: -1 pred: 0.874836 bl: 0.5244 IMP error_pred: 0.844717 error_bl: 0.692246 improvement: -0.152471
    min: 0.306  max: 0.7735 avg: 0.542456
explanation: 


37: 3090  label: 1 pred: 0.55235 bl: 0.45915 POSS error_pred: 0.225408 error_bl: 0.0730785 improvement: -0.15233
    min: -0.5395  max: 0.746 avg: 0.21589
explanation: 


38: 7884  label: -1 pred: 0.866481 bl: 0.5059 POSS error_pred: 0.815789 error_bl: 0.665127 improvement: -0.150663
    min: -0.1305  max: 0.9395 avg: 0.427343
explanation: 


39: 2072  label: -1 pred: 0.773641 bl: 0.34015 IMP error_pred: 0.546404 error_bl: 0.395842 improvement: -0.150562
    min: 0.1465  max: 0.5965 avg: 0.311026
explanation: 


40: 2186  label: -1 pred: 0.704571 bl: 0.24695 IMP error_pred: 0.409401 error_bl: 0.259944 improvement: -0.149458
    min: 0.136  max: 0.524 avg: 0.319383
explanation: 


41: 681  label: -1 pred: 0.725035 bl: 0.2733 POSS error_pred: 0.444556 error_bl: 0.295701 improvement: -0.148855
    min: -0.199  max: 0.7115 avg: 0.331868
explanation: 


42: 2639  label: 1 pred: 0.327563 bl: 0.20205 POSS error_pred: 0.41139 error_bl: 0.265631 improvement: -0.145759
    min: -0.424  max: 0.536 avg: 0.151531
explanation: 


43: 8826  label: -1 pred: 0.785693 bl: 0.3635 IMP error_pred: 0.574528 error_bl: 0.430193 improvement: -0.144335
    min: 0.087  max: 0.6355 avg: 0.330498
explanation: 


44: 1798  label: -1 pred: 0.811468 bl: 0.4056 IMP error_pred: 0.642628 error_bl: 0.498293 improvement: -0.144335
    min: 0.0785  max: 0.9765 avg: 0.495473
explanation: 


45: 743  label: -1 pred: 0.57531 bl: 0.0989 POSS error_pred: 0.255725 error_bl: 0.111892 improvement: -0.143833
    min: -0.2055  max: 1 avg: 0.401949
explanation: 


46: 7361  label: -1 pred: 0.707387 bl: 0.2553 IMP error_pred: 0.413821 error_bl: 0.269988 improvement: -0.143833
    min: 0.0845  max: 0.4835 avg: 0.287766
explanation: 


47: 5147  label: 1 pred: 0.209008 bl: 0.0743 POSS error_pred: 0.560335 error_bl: 0.417364 improvement: -0.142971
    min: -0.543  max: 0.385 avg: 0.11274
explanation: 


48: 6274  label: 1 pred: 0.300457 bl: 0.17195 POSS error_pred: 0.44086 error_bl: 0.297889 improvement: -0.142971
    min: -0.1005  max: 0.61 avg: 0.258632
explanation: 


49: 3440  label: -1 pred: 0.782651 bl: 0.3596 IMP error_pred: 0.567497 error_bl: 0.424568 improvement: -0.142929
    min: 0.139  max: 0.5915 avg: 0.368391
explanation: 


best entries: 
0: 8121  label: -1 pred: 0.56309 bl: 0.6206 IMP error_pred: 0.245078 error_bl: 0.820209 improvement: 0.575131
1: 9754  label: -1 pred: 0.36122 bl: 0.44215 POSS error_pred: 0.105062 error_bl: 0.560064 improvement: 0.455002
2: 2133  label: -1 pred: 0.593804 bl: 0.53725 POSS error_pred: 0.273805 error_bl: 0.711029 improvement: 0.437224
3: 6838  label: -1 pred: 0.521039 bl: 0.48985 POSS error_pred: 0.208116 error_bl: 0.63861 improvement: 0.430494
4: 9801  label: -1 pred: 0.757902 bl: 0.73945 IMP error_pred: 0.510245 error_bl: 0.924066 improvement: 0.413821
5: 6652  label: -1 pred: 0.65997 bl: 0.57045 IMP error_pred: 0.347328 error_bl: 0.756027 improvement: 0.408698
6: 3096  label: -1 pred: 0.694314 bl: 0.5983 IMP error_pred: 0.39313 error_bl: 0.789273 improvement: 0.396143
7: 2104  label: -1 pred: 0.711416 bl: 0.61455 POSS error_pred: 0.419847 error_bl: 0.81358 improvement: 0.393732
8: 2277  label: -1 pred: 0.628646 bl: 0.53195 IMP error_pred: 0.309964 error_bl: 0.703295 improvement: 0.393331
9: 2947  label: -1 pred: 0.750881 bl: 0.68375 IMP error_pred: 0.494576 error_bl: 0.88188 improvement: 0.387304
10: 8852  label: -1 pred: 0.705258 bl: 0.6012 POSS error_pred: 0.410205 error_bl: 0.793692 improvement: 0.383487
11: 7193  label: -1 pred: 0.604138 bl: 0.49475 POSS error_pred: 0.282644 error_bl: 0.646043 improvement: 0.363399
12: 6478  label: -1 pred: 0.765061 bl: 0.6926 POSS error_pred: 0.526918 error_bl: 0.889916 improvement: 0.362997
13: 8252  label: -1 pred: 0.364972 bl: 0.38665 POSS error_pred: 0.106669 error_bl: 0.467658 improvement: 0.360988
14: 59  label: -1 pred: 0.774193 bl: 0.6938 IMP error_pred: 0.548212 error_bl: 0.891221 improvement: 0.343009
15: 779  label: -1 pred: 0.747842 bl: 0.62545 IMP error_pred: 0.487746 error_bl: 0.826637 improvement: 0.338891
16: 768  label: -1 pred: 0.716229 bl: 0.57735 IMP error_pred: 0.429289 error_bl: 0.764564 improvement: 0.335275
17: 7192  label: -1 pred: 0.569077 bl: 0.45615 POSS error_pred: 0.250904 error_bl: 0.583869 improvement: 0.332965
18: 4558  label: -1 pred: 0.750541 bl: 0.62475 IMP error_pred: 0.493371 error_bl: 0.825432 improvement: 0.332061
19: 2234  label: -1 pred: 0.730836 bl: 0.5954 IMP error_pred: 0.455605 error_bl: 0.786862 improvement: 0.331258
20: 7726  label: -1 pred: 0.802067 bl: 0.77665 IMP error_pred: 0.616111 error_bl: 0.947168 improvement: 0.331057
21: 657  label: -1 pred: 0.661046 bl: 0.5105 POSS error_pred: 0.348333 error_bl: 0.671254 improvement: 0.322921
22: 4845  label: -1 pred: 0.698766 bl: 0.54305 POSS error_pred: 0.398554 error_bl: 0.719767 improvement: 0.321213
23: 9694  label: -1 pred: 0.78769 bl: 0.70485 POSS error_pred: 0.579349 error_bl: 0.899759 improvement: 0.32041
24: 9825  label: -1 pred: 0.715969 bl: 0.56265 IMP error_pred: 0.428887 error_bl: 0.747087 improvement: 0.3182
25: 4747  label: -1 pred: 0.744631 bl: 0.60225 IMP error_pred: 0.480112 error_bl: 0.795199 improvement: 0.315086
26: 1678  label: -1 pred: 0.73371 bl: 0.58255 IMP error_pred: 0.459622 error_bl: 0.771193 improvement: 0.311571
27: 1646  label: -1 pred: 0.774542 bl: 0.65775 IMP error_pred: 0.549417 error_bl: 0.860587 improvement: 0.311169
28: 2070  label: -1 pred: 0.722678 bl: 0.56225 IMP error_pred: 0.440337 error_bl: 0.746786 improvement: 0.306448
29: 8646  label: -1 pred: 0.585989 bl: 0.44835 POSS error_pred: 0.265769 error_bl: 0.569908 improvement: 0.304138
30: 4351  label: -1 pred: 0.716432 bl: 0.55115 IMP error_pred: 0.429691 error_bl: 0.731619 improvement: 0.301928
31: 508  label: -1 pred: 0.586074 bl: 0.4462 IMP error_pred: 0.265769 error_bl: 0.56599 improvement: 0.300221
32: 363  label: -1 pred: 0.63041 bl: 0.47065 POSS error_pred: 0.311772 error_bl: 0.607372 improvement: 0.295601
33: 9062  label: -1 pred: 0.548322 bl: 0.4199 POSS error_pred: 0.230213 error_bl: 0.522499 improvement: 0.292286
34: 8114  label: -1 pred: 0.730421 bl: 0.5587 IMP error_pred: 0.454399 error_bl: 0.741262 improvement: 0.286862
35: 8455  label: -1 pred: 0.725931 bl: 0.55155 IMP error_pred: 0.445962 error_bl: 0.732222 improvement: 0.28626
36: 6785  label: -1 pred: 0.723165 bl: 0.5458 POSS error_pred: 0.44094 error_bl: 0.725191 improvement: 0.284251
37: 6778  label: -1 pred: 0.771 bl: 0.62295 IMP error_pred: 0.539172 error_bl: 0.822619 improvement: 0.283447
38: 1669  label: -1 pred: 0.673257 bl: 0.4963 IMP error_pred: 0.366412 error_bl: 0.648855 improvement: 0.282443
39: 8813  label: -1 pred: 0.761766 bl: 0.60505 IMP error_pred: 0.519888 error_bl: 0.798714 improvement: 0.278827
40: 1506  label: -1 pred: 0.808884 bl: 0.7242 IMP error_pred: 0.634793 error_bl: 0.912616 improvement: 0.277822
41: 2510  label: -1 pred: 0.632541 bl: 0.45885 POSS error_pred: 0.313982 error_bl: 0.587987 improvement: 0.274006
42: 8732  label: -1 pred: 0.764036 bl: 0.6051 IMP error_pred: 0.52511 error_bl: 0.798714 improvement: 0.273604
43: 8507  label: 1 pred: 0.197586 bl: -0.29785 POSS error_pred: 0.579052 error_bl: 0.852648 improvement: 0.273596
44: 9119  label: -1 pred: 0.809704 bl: 0.71595 IMP error_pred: 0.636601 error_bl: 0.907493 improvement: 0.270892
45: 82  label: -1 pred: 0.653643 bl: 0.47175 POSS error_pred: 0.338489 error_bl: 0.608477 improvement: 0.269988
46: 329  label: 1 pred: 0.419628 bl: -0.06785 POSS error_pred: 0.329749 error_bl: 0.599562 improvement: 0.269813
47: 4133  label: -1 pred: 0.540106 bl: 0.4007 POSS error_pred: 0.221977 error_bl: 0.490257 improvement: 0.26828
48: 1318  label: -1 pred: 0.688492 bl: 0.499 POSS error_pred: 0.385295 error_bl: 0.652873 improvement: 0.267577
49: 11  label: -1 pred: 0.671679 bl: 0.48445 IMP error_pred: 0.363399 error_bl: 0.630173 improvement: 0.266774

total is 0
score for UNKNOWN: 1.0000 baseline: 1.0000 diff: 0.0000
total is 3347
score for AUTO: 0.0000 baseline: 0.0000 diff: 0.0000
total is 5942
score for POSS: 0.2245 baseline: 0.2389 diff: -0.0144
total is 711
score for IMP: 1.0000 baseline: 1.0000 diff: 0.0000
writing 50000 official test outputs

0%   10   20   30   40   50   60   70   80   90   100%
|----|----|----|----|----|----|----|----|----|----|
***************************************************
scores: [ 0.149996 ]
0.1500 +/-    nan
4629.52user 13.59system 21:32.61elapsed 359%CPU (0avgtext+0avgdata 0maxresident)k
16inputs+1104outputs (0major+3981875minor)pagefaults 0swaps
