loading data...applying decomposition
done.
training 500 models

0%   10   20   30   40   50   60   70   80   90   100%
|----|----|----|----|----|----|----|----|----|----|
***************************************************
M_auc_1                          0.13657
M_auc_2                         -0.14559
M_auc_3                          0.10824
M_auc_4                          0.09747
M_auc_5                         -0.07922
M_auc_6                         -0.26795
M_auc_7                         -0.08824
M_auc_8                         -0.24172
M_auc_9                         -0.14766
M_auc_10                         0.08767
M_auc_11                         0.14096
M_auc_12                         0.10189
M_auc_13                        -0.11925
M_auc_14                         0.01316
M_auc_15                         0.02084
M_auc_16                         0.06683
M_auc_17                         0.01149
M_auc_18                         0.20494
M_auc_19                         0.14918
M_auc_20                        -0.28135
M_auc_21                         0.03267
M_auc_22                         0.33012
M_auc_23                         0.13502
M_auc_24                        -0.29428
M_auc_25                        -0.07231
M_auc_26                         0.08917
M_auc_27                        -0.16105
M_auc_28                        -0.14892
M_auc_29                        -0.19081
M_auc_30                        -0.15720
M_auc_31                        -0.09990
M_auc_32                         0.11232
M_auc_33                         0.02769
M_auc_34                        -0.11218
M_auc_35                         0.16063
M_auc_36                         0.08306
M_auc_37                        -0.24249
M_auc_38                         0.17782
M_auc_39                        -0.00981
M_auc_40                        -0.04271
M_auc_41                        -0.05303
M_auc_42                         0.01370
M_auc_43                        -0.17921
M_auc_44                        -0.19728
M_auc_45                         0.12243
M_auc_46                         0.13232
M_auc_47                         0.12771
M_auc_48                        -0.05212
M_auc_49                         0.06310
M_auc_50                        -0.08837
M_auc_51                         0.11391
M_auc_52                        -0.03213
M_auc_53                         0.02922
M_auc_54                         0.00003
M_auc_55                         0.09727
M_auc_56                        -0.08648
M_auc_57                         0.10098
M_auc_58                         0.14401
M_auc_59                         0.13423
M_auc_60                        -0.09900
M_auc_61                         0.22279
M_auc_62                        -0.09646
M_auc_63                         0.20223
M_auc_64                        -0.00376
M_auc_65                         0.10150
M_auc_66                         0.15190
M_auc_67                        -0.05192
M_auc_68                         0.13890
M_auc_69                         0.04740
M_auc_70                        -0.01523
M_auc_71                         0.02583
M_auc_72                         0.23523
M_auc_73                         0.06190
M_auc_74                        -0.02618
M_auc_75                        -0.08969
M_auc_76                        -0.03516
M_auc_77                         0.06999
M_auc_78                        -0.03111
M_auc_79                         0.09342
M_auc_80                         0.06022
M_auc_81                         0.05735
M_auc_82                         0.14475
M_auc_83                        -0.27776
M_auc_84                         0.01588
M_auc_85                        -0.15681
M_auc_86                         0.02384
M_auc_87                        -0.19458
M_auc_88                        -0.16504
M_auc_89                        -0.02514
M_auc_90                        -0.16241
M_auc_91                         0.30855
M_auc_92                         0.12927
M_auc_93                         0.06505
M_auc_94                         0.07886
M_auc_95                         0.18867
M_auc_96                         0.11692
M_auc_97                         0.07877
M_auc_98                        -0.16821
M_auc_99                        -0.15408
M_auc_100                       -0.06004
M_auc_101                        0.11468
M_auc_102                       -0.07620
M_auc_103                        0.10954
M_auc_104                        0.27458
M_auc_105                        0.17276
M_auc_106                       -0.13595
M_auc_107                        0.05287
M_auc_108                       -0.19312
M_auc_109                       -0.24008
M_auc_110                        0.04827
M_auc_111                        0.00724
M_auc_112                        0.00831
M_auc_113                       -0.20631
M_auc_114                        0.15589
M_auc_115                        0.02473
M_auc_116                        0.16777
M_auc_117                       -0.14779
M_auc_118                       -0.02093
M_auc_119                        0.44828
M_auc_120                       -0.00354
M_auc_121                        0.01864
M_auc_122                        0.10977
M_auc_123                        0.19317
M_auc_124                       -0.11435
M_auc_125                        0.02127
M_auc_126                        0.11551
M_auc_127                       -0.34129
M_auc_128                       -0.14487
M_auc_129                        0.00321
M_auc_130                       -0.06719
M_auc_131                        0.00784
M_auc_132                       -0.05508
M_auc_133                       -0.10563
M_auc_134                        0.01416
M_auc_135                       -0.11408
M_auc_136                       -0.16069
M_auc_137                       -0.10232
M_auc_138                       -0.17854
M_auc_139                        0.08030
M_auc_140                       -0.18890
M_auc_141                        0.05043
M_auc_142                       -0.02730
M_auc_143                        0.04448
M_auc_144                        0.03544
M_auc_145                        0.08449
M_auc_146                        0.05942
M_auc_147                        0.06314
M_auc_148                        0.13474
M_auc_149                        0.22146
M_auc_150                        0.08420
M_auc_151                       -0.11020
M_auc_152                       -0.04923
M_auc_153                       -0.06854
M_auc_154                       -0.06430
M_auc_155                        0.33178
M_auc_156                        0.04962
M_auc_157                       -0.13151
M_auc_158                        0.65652
M_auc_159                       -0.02241
M_auc_160                        0.74649
M_auc_161                        0.14626
M_auc_162                       -0.02967
M_auc_163                        0.08285
M_auc_164                       -0.06058
M_auc_165                        0.00650
M_auc_166                        0.07947
M_auc_167                       -0.05334
M_auc_168                       -0.10725
M_auc_169                       -0.08087
M_auc_170                       -0.30744
M_auc_171                       -0.02300
M_auc_172                       -0.01058
M_auc_173                       -0.06340
M_auc_174                        0.05092
M_auc_175                        0.12050
M_auc_176                        0.06802
M_auc_177                       -0.18074
M_auc_178                        0.07940
M_auc_179                       -0.14595
M_auc_180                       -0.00118
M_auc_181                       -0.11936
M_auc_182                        0.02216
M_auc_183                        0.06907
M_auc_184                       -0.05257
M_auc_185                       -0.04068
M_auc_186                       -0.17997
M_auc_187                       -0.06074
M_auc_188                        0.06483
M_auc_189                        0.13594
M_auc_190                        0.24262
M_auc_191                        0.01638
M_auc_192                        0.05672
M_auc_193                        0.02997
M_auc_194                        0.19253
M_auc_195                        0.21054
M_auc_196                        0.04004
M_auc_197                       -0.05977
M_auc_198                        0.10148
M_auc_199                        0.12501
M_auc_200                       -0.14725
M_auc_201                        0.03305
M_auc_202                        0.06633
M_auc_203                        0.08584
M_auc_204                       -0.21788
M_auc_205                        0.03873
M_auc_206                       -0.03759
M_auc_207                        0.00544
M_auc_208                        0.19067
M_auc_209                       -0.11686
M_auc_210                        0.21520
M_auc_211                       -0.13433
M_auc_212                        0.06192
M_auc_213                       -0.04295
M_auc_214                       -0.55279
M_auc_215                       -0.06706
M_auc_216                       -0.13072
M_auc_217                       -0.15327
M_auc_218                       -0.07913
M_auc_219                        0.20615
M_auc_220                       -0.02570
M_auc_221                       -0.15046
M_auc_222                       -0.21797
M_auc_223                        0.10539
M_auc_224                       -0.01102
M_auc_225                        0.00929
M_auc_226                       -0.01317
M_auc_227                       -0.08738
M_auc_228                       -0.00340
M_auc_229                       -0.07998
M_auc_230                       -0.07887
M_auc_231                        0.05542
M_auc_232                       -0.29650
M_auc_233                        0.18407
M_auc_234                       -0.00629
M_auc_235                       -0.03265
M_auc_236                       -0.01144
M_auc_237                        0.02861
M_auc_238                       -0.13648
M_auc_239                       -0.00781
M_auc_240                       -0.15401
M_auc_241                       -0.22243
M_auc_242                        0.14896
M_auc_243                       -0.27858
M_auc_244                       -0.02127
M_auc_245                       -0.07174
M_auc_246                       -0.26728
M_auc_247                       -0.05635
M_auc_248                       -0.01733
M_auc_249                       -0.09919
M_auc_250                        0.16310
decomp000                        0.02730
decomp001                        0.01052
decomp002                       -0.30826
decomp003                        0.09505
decomp004                        0.08309
decomp005                       -0.22905
decomp006                       -0.08340
decomp007                       -0.01557
decomp008                       -0.06225
decomp009                        0.21642
decomp010                        0.01958
decomp011                        0.34707
decomp012                       -0.02268
decomp013                       -0.15862
decomp014                        0.09511
decomp015                        0.30807
decomp016                       -0.03456
decomp017                       -0.21786
decomp018                        0.22924
decomp019                       -0.14250
decomp020                        0.00104
decomp021                       -0.03964
decomp022                        0.27544
decomp023                        0.25240
decomp024                        0.03406
decomp025                        0.05869
decomp026                        0.22229
decomp027                        0.58857
decomp028                        0.04547
decomp029                       -0.28255
decomp030                        0.10363
decomp031                        0.09222
decomp032                        0.15306
decomp033                       -0.12555
decomp034                        0.14277
decomp035                       -0.24643
decomp036                       -0.03865
decomp037                        0.40732
decomp038                        0.17240
decomp039                        0.05461
decomp040                        0.03239
decomp041                       -0.03130
decomp042                       -0.17150
decomp043                        0.17824
decomp044                       -0.06210
decomp045                        0.42157
decomp046                       -0.02517
decomp047                        0.03001
decomp048                       -0.07291
decomp049                       -0.20550
bias                            -1.45504
chose model 157 M_auc_158
chose model 160 M_auc_161
chose model 62 M_auc_63
chose model 122 M_auc_123
chose model 17 M_auc_18
chose model 189 M_auc_190
chose model 148 M_auc_149
chose model 241 M_auc_242
chose model 118 M_auc_119
chose model 119 M_auc_120
processing 4000 predictions...

0%   10   20   30   40   50   60   70   80   90   100%
|----|----|----|----|----|----|----|----|----|----|
***************************************************
 done.
elapsed: [1677.49s cpu, 1325612.1272 mticks, 495.98s wall]
score: 0.3186  baseline: 0.3384  diff: -0.01987
category UNKNOWN: count 0 avg error 0 baseline avg error 0 avg improvement 0
category AUTO: count 936 avg error 0.10025 baseline avg error 0.0970217 avg improvement -0.00322794
category POSS: count 2576 avg error 0.324113 baseline avg error 0.342472 avg improvement 0.0183581
category IMP: count 488 avg error 0.708048 baseline avg error 0.780242 avg improvement 0.072194
overall: count 4000 avg error 0.318569 baseline avg error 0.338444 avg improvement 0.0198749
worst entries: 
0: 173  label: 1 pred: 0.332299 bl: 0.31935 POSS error_pred: 0.699395 error_bl: 0.171242 improvement: -0.528153
    min: -0.038  max: 0.9345 avg: 0.424532
explanation: 


1: 457  label: -1 pred: 0.693639 bl: 0.16205 POSS error_pred: 0.940032 error_bl: 0.451648 improvement: -0.488385
    min: -0.1465  max: 0.4595 avg: 0.164358
explanation: 


2: 53  label: 1 pred: 0.363516 bl: 0.2962 POSS error_pred: 0.654723 error_bl: 0.186133 improvement: -0.46859
    min: -0.26  max: 0.622 avg: 0.277464
explanation: 


3: 2448  label: -1 pred: 0.672687 bl: 0.159 POSS error_pred: 0.882226 error_bl: 0.447866 improvement: -0.43436
    min: -0.1405  max: 0.436 avg: 0.125402
explanation: 


4: 1046  label: -1 pred: 0.693756 bl: 0.20715 POSS error_pred: 0.940032 error_bl: 0.533225 improvement: -0.406807
    min: -0.145  max: 0.5445 avg: 0.210602
explanation: 


5: 1000  label: -1 pred: 0.609209 bl: 0.0153 POSS error_pred: 0.642896 error_bl: 0.250135 improvement: -0.392761
    min: -0.305  max: 0.5905 avg: 0.164968
explanation: 


6: 217  label: -1 pred: 0.640977 bl: 0.11285 POSS error_pred: 0.768233 error_bl: 0.385197 improvement: -0.383036
    min: -0.18  max: 0.343 avg: 0.121246
explanation: 


7: 2004  label: 1 pred: 0.413811 bl: 0.3039 POSS error_pred: 0.562587 error_bl: 0.180549 improvement: -0.382038
    min: -0.147  max: 0.97 avg: 0.377712
explanation: 


8: 1506  label: -1 pred: 0.75709 bl: 0.2679 POSS error_pred: 0.997839 error_bl: 0.626688 improvement: -0.371151
    min: -0.1785  max: 0.6405 avg: 0.275164
explanation: 


9: 1322  label: -1 pred: 0.60908 bl: 0.03785 POSS error_pred: 0.642356 error_bl: 0.274176 improvement: -0.368179
    min: -0.146  max: 0.3645 avg: 0.08148
explanation: 


10: 892  label: -1 pred: 0.643259 bl: 0.13075 POSS error_pred: 0.776337 error_bl: 0.410049 improvement: -0.366288
    min: -0.29  max: 0.4965 avg: 0.116888
explanation: 


11: 3544  label: 1 pred: 0.329588 bl: 0.13985 POSS error_pred: 0.704048 error_bl: 0.342252 improvement: -0.361796
    min: -0.1765  max: 0.6635 avg: 0.21694
explanation: 


12: 3376  label: -1 pred: 0.641531 bl: 0.137 POSS error_pred: 0.769854 error_bl: 0.41383 improvement: -0.356024
    min: -0.136  max: 0.35 avg: 0.11456
explanation: 


13: 3311  label: -1 pred: 0.600419 bl: 0.0253 POSS error_pred: 0.60778 error_bl: 0.2604 improvement: -0.34738
    min: -0.1565  max: 0.292 avg: 0.065672
explanation: 


14: 3620  label: -1 pred: 0.625246 bl: 0.09595 POSS error_pred: 0.708806 error_bl: 0.362507 improvement: -0.346299
    min: -0.1285  max: 0.5875 avg: 0.208812
explanation: 


15: 494  label: -1 pred: 0.66236 bl: 0.19025 POSS error_pred: 0.84873 error_bl: 0.503512 improvement: -0.345219
    min: -0.05  max: 0.4045 avg: 0.179444
explanation: 


16: 820  label: -1 pred: 0.645569 bl: 0.1573 IMP error_pred: 0.788223 error_bl: 0.444625 improvement: -0.343598
    min: 0.0395  max: 0.429 avg: 0.19434
explanation: 


17: 1732  label: -1 pred: 0.643554 bl: 0.1563 POSS error_pred: 0.777958 error_bl: 0.444084 improvement: -0.333874
    min: -0.0785  max: 0.453 avg: 0.140602
explanation: 


18: 2187  label: 1 pred: 0.411858 bl: 0.23145 POSS error_pred: 0.56631 error_bl: 0.237785 improvement: -0.328525
    min: -0.0625  max: 0.681 avg: 0.287588
explanation: 


19: 3161  label: -1 pred: 0.600005 bl: 0.044 POSS error_pred: 0.606699 error_bl: 0.285251 improvement: -0.321448
    min: -0.143  max: 0.303 avg: 0.043874
explanation: 


20: 1985  label: 1 pred: 0.381366 bl: 0.17325 POSS error_pred: 0.620754 error_bl: 0.30107 improvement: -0.319684
    min: -0.455  max: 0.8145 avg: 0.212308
explanation: 


21: 483  label: -1 pred: 0.573007 bl: -0.02745 POSS error_pred: 0.515397 error_bl: 0.19665 improvement: -0.318747
    min: -0.9765  max: 0.397 avg: -0.124592
explanation: 


22: 3468  label: -1 pred: 0.632085 bl: 0.1426 POSS error_pred: 0.736899 error_bl: 0.424095 improvement: -0.312804
    min: -0.395  max: 0.454 avg: 0.113764
explanation: 


23: 2288  label: 1 pred: 0.459017 bl: 0.31145 POSS error_pred: 0.483481 error_bl: 0.17543 improvement: -0.30805
    min: -0.0935  max: 0.7445 avg: 0.48209
explanation: 


24: 1934  label: -1 pred: 0.658299 bl: 0.20425 POSS error_pred: 0.833603 error_bl: 0.525932 improvement: -0.307671
    min: -0.1335  max: 0.6295 avg: 0.259172
explanation: 


25: 795  label: -1 pred: 0.663664 bl: 0.21945 POSS error_pred: 0.854133 error_bl: 0.549433 improvement: -0.3047
    min: -0.069  max: 0.5175 avg: 0.186616
explanation: 


26: 2950  label: 1 pred: 0.388713 bl: 0.1686 POSS error_pred: 0.60912 error_bl: 0.304793 improvement: -0.304328
    min: -0.2635  max: 0.5815 avg: 0.152616
explanation: 


27: 1169  label: -1 pred: 0.632097 bl: 0.14915 POSS error_pred: 0.736899 error_bl: 0.432739 improvement: -0.30416
    min: -0.124  max: 0.423 avg: 0.180678
explanation: 


28: 3047  label: 1 pred: 0.417782 bl: 0.21445 POSS error_pred: 0.557003 error_bl: 0.252908 improvement: -0.304095
    min: -0.079  max: 0.6135 avg: 0.29786
explanation: 


29: 2051  label: 1 pred: 0.266046 bl: 0.01795 POSS error_pred: 0.807352 error_bl: 0.505817 improvement: -0.301536
    min: -0.6385  max: 0.337 avg: 0.018952
explanation: 


30: 853  label: 1 pred: 0.541749 bl: 0.73175 AUTO error_pred: 0.306654 error_bl: 0.005584 improvement: -0.30107
    min: 0.421  max: 0.9715 avg: 0.750748
explanation: 


31: 3649  label: 1 pred: 0.503732 bl: 0.4411 AUTO error_pred: 0.388553 error_bl: 0.0879479 improvement: -0.300605
    min: 0.099  max: 0.747 avg: 0.389386
explanation: 


32: 1224  label: 1 pred: 0.530227 bl: 0.58715 AUTO error_pred: 0.327129 error_bl: 0.0330386 improvement: -0.29409
    min: 0.3905  max: 0.961 avg: 0.644862
explanation: 


33: 630  label: -1 pred: 0.586366 bl: 0.0329 POSS error_pred: 0.559697 error_bl: 0.266343 improvement: -0.293355
    min: -0.1825  max: 0.195 avg: 0.029334
explanation: 


34: 1980  label: -1 pred: 0.643064 bl: 0.1789 POSS error_pred: 0.774716 error_bl: 0.482442 improvement: -0.292274
    min: -0.063  max: 0.3215 avg: 0.148848
explanation: 


35: 3570  label: 1 pred: 0.539258 bl: 0.6501 AUTO error_pred: 0.309912 error_bl: 0.0195439 improvement: -0.290368
    min: 0.419  max: 0.957 avg: 0.630614
explanation: 


36: 2594  label: 1 pred: 0.231375 bl: -0.02855 POSS error_pred: 0.852955 error_bl: 0.565379 improvement: -0.287576
    min: -0.4185  max: 0.4385 avg: -0.063392
explanation: 


37: 3488  label: 1 pred: 0.518253 bl: 0.49095 AUTO error_pred: 0.352257 error_bl: 0.0651466 improvement: -0.28711
    min: 0.017  max: 0.7945 avg: 0.50615
explanation: 


38: 3605  label: 1 pred: 0.507803 bl: 0.42775 AUTO error_pred: 0.378316 error_bl: 0.0963238 improvement: -0.281992
    min: 0.2015  max: 0.6055 avg: 0.422068
explanation: 


39: 1684  label: -1 pred: 0.638365 bl: 0.17695 POSS error_pred: 0.756888 error_bl: 0.47758 improvement: -0.279308
    min: -0.1305  max: 0.5445 avg: 0.245002
explanation: 


40: 3327  label: 1 pred: 0.396427 bl: 0.1575 POSS error_pred: 0.597022 error_bl: 0.317822 improvement: -0.2792
    min: -0.1105  max: 0.406 avg: 0.1765
explanation: 


41: 175  label: 1 pred: 0.47093 bl: 0.3047 POSS error_pred: 0.458818 error_bl: 0.180549 improvement: -0.278269
    min: -0.0745  max: 0.933 avg: 0.242474
explanation: 


42: 3503  label: 1 pred: 0.530883 bl: 0.53765 AUTO error_pred: 0.326664 error_bl: 0.0483946 improvement: -0.278269
    min: 0.377  max: 0.8955 avg: 0.566452
explanation: 


43: 3173  label: -1 pred: 0.670852 bl: 0.25035 IMP error_pred: 0.874662 error_bl: 0.596434 improvement: -0.278228
    min: 0.0685  max: 0.463 avg: 0.251206
explanation: 


44: 3444  label: -1 pred: 0.639903 bl: 0.18325 POSS error_pred: 0.763371 error_bl: 0.491626 improvement: -0.271745
    min: -0.2455  max: 0.3775 avg: 0.127758
explanation: 


45: 1172  label: -1 pred: 0.55589 bl: -0.0339 POSS error_pred: 0.460292 error_bl: 0.189087 improvement: -0.271205
    min: -0.2345  max: 0.176 avg: -0.038902
explanation: 


46: 313  label: -1 pred: 0.550089 bl: -0.0489 POSS error_pred: 0.445705 error_bl: 0.175581 improvement: -0.270124
    min: -0.1985  max: 0.2695 avg: -0.017004
explanation: 


47: 3426  label: -1 pred: 0.655277 bl: 0.2245 IMP error_pred: 0.8255 error_bl: 0.555916 improvement: -0.269584
    min: 0.048  max: 0.443 avg: 0.294484
explanation: 


48: 743  label: -1 pred: 0.662055 bl: 0.2372 POSS error_pred: 0.84765 error_bl: 0.578606 improvement: -0.269044
    min: -0.066  max: 0.514 avg: 0.255808
explanation: 


49: 1164  label: 1 pred: 0.36353 bl: 0.1058 POSS error_pred: 0.654723 error_bl: 0.387157 improvement: -0.267566
    min: -0.225  max: 0.4655 avg: 0.151302
explanation: 


best entries: 
0: 3702  label: -1 pred: 0.388125 bl: 0.53925 IMP error_pred: 0.156672 error_bl: 0.905997 improvement: 0.749325
1: 3390  label: -1 pred: 0.487615 bl: 0.70895 IMP error_pred: 0.310643 error_bl: 0.980551 improvement: 0.669908
2: 310  label: -1 pred: 0.452412 bl: 0.5154 IMP error_pred: 0.246894 error_bl: 0.89141 improvement: 0.644516
3: 1113  label: -1 pred: 0.506269 bl: 0.68905 IMP error_pred: 0.345219 error_bl: 0.974608 improvement: 0.62939
4: 2776  label: -1 pred: 0.504651 bl: 0.65945 POSS error_pred: 0.341437 error_bl: 0.968666 improvement: 0.627228
5: 2689  label: -1 pred: 0.524452 bl: 0.8059 IMP error_pred: 0.385737 error_bl: 0.994057 improvement: 0.60832
6: 222  label: -1 pred: 0.5173 bl: 0.694 IMP error_pred: 0.37061 error_bl: 0.974608 improvement: 0.603998
7: 1502  label: -1 pred: 0.522148 bl: 0.5984 IMP error_pred: 0.377634 error_bl: 0.940573 improvement: 0.562939
8: 1644  label: -1 pred: 0.550123 bl: 0.79725 IMP error_pred: 0.445705 error_bl: 0.993517 improvement: 0.547812
9: 2500  label: -1 pred: 0.462705 bl: 0.39795 IMP error_pred: 0.263641 error_bl: 0.78174 improvement: 0.518098
10: 3506  label: -1 pred: 0.530099 bl: 0.5569 IMP error_pred: 0.398703 error_bl: 0.916261 improvement: 0.517558
11: 3990  label: -1 pred: 0.550037 bl: 0.59545 IMP error_pred: 0.445705 error_bl: 0.940032 improvement: 0.494327
12: 3962  label: -1 pred: 0.468776 bl: 0.38105 POSS error_pred: 0.275527 error_bl: 0.765532 improvement: 0.490005
13: 268  label: -1 pred: 0.366595 bl: 0.26245 POSS error_pred: 0.135062 error_bl: 0.618044 improvement: 0.482982
14: 1145  label: -1 pred: 0.560874 bl: 0.634 IMP error_pred: 0.480281 error_bl: 0.960562 improvement: 0.480281
15: 2362  label: -1 pred: 0.566918 bl: 0.6783 IMP error_pred: 0.494327 error_bl: 0.972447 improvement: 0.47812
16: 3134  label: -1 pred: 0.445673 bl: 0.3416 POSS error_pred: 0.236089 error_bl: 0.713938 improvement: 0.47785
17: 2371  label: -1 pred: 0.527252 bl: 0.4909 IMP error_pred: 0.393301 error_bl: 0.8698 improvement: 0.476499
18: 1535  label: -1 pred: 0.519385 bl: 0.4688 POSS error_pred: 0.372231 error_bl: 0.845489 improvement: 0.473258
19: 3534  label: -1 pred: 0.482881 bl: 0.3881 IMP error_pred: 0.301459 error_bl: 0.771475 improvement: 0.470016
20: 1966  label: -1 pred: 0.558446 bl: 0.5812 IMP error_pred: 0.469476 error_bl: 0.933009 improvement: 0.463533
21: 1457  label: -1 pred: 0.520505 bl: 0.43515 POSS error_pred: 0.375473 error_bl: 0.821718 improvement: 0.446245
22: 3648  label: -1 pred: 0.562595 bl: 0.57405 IMP error_pred: 0.483522 error_bl: 0.928687 improvement: 0.445165
23: 1493  label: -1 pred: 0.533351 bl: 0.46855 IMP error_pred: 0.407888 error_bl: 0.845489 improvement: 0.437601
24: 515  label: -1 pred: 0.469985 bl: 0.339 POSS error_pred: 0.277148 error_bl: 0.712588 improvement: 0.43544
25: 445  label: -1 pred: 0.567658 bl: 0.57515 IMP error_pred: 0.496488 error_bl: 0.929227 improvement: 0.432739
26: 871  label: -1 pred: 0.542326 bl: 0.4837 IMP error_pred: 0.428417 error_bl: 0.859535 improvement: 0.431118
27: 2815  label: -1 pred: 0.583322 bl: 0.7101 IMP error_pred: 0.551053 error_bl: 0.981091 improvement: 0.430038
28: 2513  label: 1 pred: 0.642013 bl: 0.00835 POSS error_pred: 0.0958585 error_bl: 0.520242 improvement: 0.424383
29: 973  label: -1 pred: 0.571707 bl: 0.58405 IMP error_pred: 0.511615 error_bl: 0.933009 improvement: 0.421394
30: 2664  label: -1 pred: 0.511707 bl: 0.39625 POSS error_pred: 0.357104 error_bl: 0.777958 improvement: 0.420854
31: 2960  label: -1 pred: 0.48719 bl: 0.3476 IMP error_pred: 0.309022 error_bl: 0.725013 improvement: 0.415991
32: 897  label: -1 pred: 0.547802 bl: 0.4764 IMP error_pred: 0.438142 error_bl: 0.852512 improvement: 0.414371
33: 1737  label: -1 pred: 0.427155 bl: 0.2618 POSS error_pred: 0.207996 error_bl: 0.616424 improvement: 0.408428
34: 2102  label: -1 pred: 0.543337 bl: 0.4554 IMP error_pred: 0.430578 error_bl: 0.838466 improvement: 0.407888
35: 3264  label: -1 pred: 0.285223 bl: 0.17595 POSS error_pred: 0.0723933 error_bl: 0.476499 improvement: 0.404106
36: 3169  label: -1 pred: 0.58095 bl: 0.61025 IMP error_pred: 0.545111 error_bl: 0.947596 improvement: 0.402485
37: 3155  label: -1 pred: 0.532607 bl: 0.4205 IMP error_pred: 0.407347 error_bl: 0.809292 improvement: 0.401945
38: 3289  label: -1 pred: 0.496782 bl: 0.34825 IMP error_pred: 0.32523 error_bl: 0.725013 improvement: 0.399784
39: 3738  label: -1 pred: 0.532977 bl: 0.4176 POSS error_pred: 0.407347 error_bl: 0.80524 improvement: 0.397893
40: 1722  label: -1 pred: 0.510826 bl: 0.36995 POSS error_pred: 0.356564 error_bl: 0.750405 improvement: 0.393841
41: 109  label: 1 pred: 0.597891 bl: -0.03865 POSS error_pred: 0.187994 error_bl: 0.580735 improvement: 0.392741
42: 2242  label: -1 pred: 0.493385 bl: 0.3408 IMP error_pred: 0.320367 error_bl: 0.712588 improvement: 0.39222
43: 3420  label: 1 pred: 0.613293 bl: -0.0098 POSS error_pred: 0.151698 error_bl: 0.540484 improvement: 0.388785
44: 2275  label: -1 pred: 0.593283 bl: 0.6639 IMP error_pred: 0.580227 error_bl: 0.968666 improvement: 0.388439
45: 1863  label: -1 pred: 0.574338 bl: 0.5369 IMP error_pred: 0.519719 error_bl: 0.905186 improvement: 0.385467
46: 1371  label: -1 pred: 0.598932 bl: 0.73085 IMP error_pred: 0.602917 error_bl: 0.988115 improvement: 0.385197
47: 422  label: -1 pred: 0.584604 bl: 0.5937 IMP error_pred: 0.555916 error_bl: 0.939492 improvement: 0.383576
48: 485  label: -1 pred: 0.498874 bl: 0.3298 IMP error_pred: 0.32577 error_bl: 0.704484 improvement: 0.378714
49: 2865  label: -1 pred: 0.491144 bl: 0.3212 IMP error_pred: 0.318206 error_bl: 0.69584 improvement: 0.377634

total is 0
score for UNKNOWN: 1.0000 baseline: 1.0000 diff: 0.0000
total is 936
score for AUTO: 0.0000 baseline: 0.0000 diff: 0.0000
total is 2576
score for POSS: 0.3572 baseline: 0.3794 diff: -0.0222
total is 488
score for IMP: 1.0000 baseline: 1.0000 diff: 0.0000
writing 20000 official test outputs

0%   10   20   30   40   50   60   70   80   90   100%
|----|----|----|----|----|----|----|----|----|----|
***************************************************
scores: [ 0.318569 ]
0.3186 +/-    nan
1685.61user 6.78system 8:24.67elapsed 335%CPU (0avgtext+0avgdata 0maxresident)k
0inputs+448outputs (0major+2071208minor)pagefaults 0swaps
