loading data...applying decomposition
done.
training 500 models

0%   10   20   30   40   50   60   70   80   90   100%
|----|----|----|----|----|----|----|----|----|----|
***************************************************
L_auc_1                         -0.00080
L_auc_2                         -0.01754
L_auc_3                          0.02671
L_auc_4                         -0.08479
L_auc_5                          0.02166
L_auc_6                          0.02016
L_auc_7                          0.05803
L_auc_8                         -0.00465
L_auc_9                          0.03434
L_auc_10                        -0.02382
L_auc_11                         0.01056
L_auc_12                        -0.02959
L_auc_13                         0.02821
L_auc_14                        -0.01001
L_auc_15                         0.06368
L_auc_16                         0.00005
L_auc_17                         0.02024
L_auc_18                         0.04543
L_auc_19                        -0.05141
L_auc_20                        -0.00328
L_auc_21                        -0.02548
L_auc_22                         0.00446
L_auc_23                        -0.00155
L_auc_24                         0.00628
L_auc_25                         0.01138
L_auc_26                         0.00920
L_auc_27                         0.05420
L_auc_28                         0.02255
L_auc_29                         0.00690
L_auc_30                        -0.01113
L_auc_31                        -0.04956
L_auc_32                         0.00949
L_auc_33                        -0.03867
L_auc_34                        -0.02578
L_auc_35                         0.04237
L_auc_36                         0.09511
L_auc_37                        -0.03160
L_auc_38                         0.05860
L_auc_39                        -0.01809
L_auc_40                        -0.02899
L_auc_41                        -0.00780
L_auc_42                        -0.01391
L_auc_43                         0.01000
L_auc_44                        -0.04225
L_auc_45                        -0.02812
L_auc_46                         0.02625
L_auc_47                         0.02872
L_auc_48                        -0.01454
L_auc_49                         0.03978
L_auc_50                         0.00581
L_auc_51                         0.00035
L_auc_52                        -0.04348
L_auc_53                         0.02880
L_auc_54                        -0.01185
L_auc_55                         0.04681
L_auc_56                         0.01889
L_auc_57                         0.02257
L_auc_58                         0.00687
L_auc_59                         0.02421
L_auc_60                         0.02655
L_auc_61                         0.00298
L_auc_62                        -0.03618
L_auc_63                         0.02186
L_auc_64                        -0.00355
L_auc_65                         0.01203
L_auc_66                         0.00071
L_auc_67                         0.00531
L_auc_68                        -0.00510
L_auc_69                         0.03922
L_auc_70                        -0.07041
L_auc_71                        -0.03325
L_auc_72                         0.02005
L_auc_73                        -0.00431
L_auc_74                         0.06825
L_auc_75                         0.02758
L_auc_76                        -0.07225
L_auc_77                         0.07834
L_auc_78                         0.01015
L_auc_79                        -0.03123
L_auc_80                         0.02245
L_auc_81                        -0.02566
L_auc_82                         0.01158
L_auc_83                         0.01420
L_auc_84                         0.04258
L_auc_85                        -0.01119
L_auc_86                         0.07659
L_auc_87                        -0.01157
L_auc_88                         0.02400
L_auc_89                        -0.01436
L_auc_90                        -0.02190
L_auc_91                         0.04531
L_auc_92                         0.11242
L_auc_93                         0.02904
L_auc_94                        -0.03412
L_auc_95                         0.16296
L_auc_96                        -0.01776
L_auc_97                         0.01546
L_auc_98                        -0.05554
L_auc_99                         0.04600
L_auc_100                       -0.01311
L_auc_101                        0.00680
L_auc_102                       -0.00296
L_auc_103                        0.00329
L_auc_104                        0.01589
L_auc_105                        0.00578
L_auc_106                       -0.02867
L_auc_107                        0.08918
L_auc_108                        0.03861
L_auc_109                        0.02147
L_auc_110                       -0.03663
L_auc_111                        0.00029
L_auc_112                        0.09619
L_auc_113                        0.05844
L_auc_114                        0.02896
L_auc_115                        0.02551
L_auc_116                        0.02522
L_auc_117                       -0.03078
L_auc_118                       -0.04606
L_auc_119                        0.04832
L_auc_120                        0.00700
L_auc_121                        0.00786
L_auc_122                       -0.04524
L_auc_123                        0.03269
L_auc_124                        0.04668
L_auc_125                       -0.02388
L_auc_126                       -0.01145
L_auc_127                       -0.01767
L_auc_128                       -0.04090
L_auc_129                       -0.01240
L_auc_130                       -0.05364
L_auc_131                        0.00394
L_auc_132                        0.01536
L_auc_133                        0.04083
L_auc_134                        0.02980
L_auc_135                       -0.03504
L_auc_136                       -0.00678
L_auc_137                       -0.02580
L_auc_138                       -0.01363
L_auc_139                       -0.00018
L_auc_140                       -0.04238
L_auc_141                       -0.02686
L_auc_142                       -0.02889
L_auc_143                        0.01763
L_auc_144                       -0.02829
L_auc_145                        0.03573
L_auc_146                       -0.03351
L_auc_147                       -0.01179
L_auc_148                       -0.04257
L_auc_149                        0.01543
L_auc_150                       -0.06148
L_auc_151                        0.00279
L_auc_152                       -0.04454
L_auc_153                       -0.01287
L_auc_154                        0.03119
L_auc_155                        0.05099
L_auc_156                       -0.00241
L_auc_157                       -0.01110
L_auc_158                        0.01395
L_auc_159                        0.01467
L_auc_160                        0.05846
L_auc_161                        0.00646
L_auc_162                        0.01957
L_auc_163                        0.00805
L_auc_164                        0.00545
L_auc_165                        0.02847
L_auc_166                       -0.02097
L_auc_167                       -0.04896
L_auc_168                       -0.01351
L_auc_169                       -0.02002
L_auc_170                        0.03492
L_auc_171                       -0.03717
L_auc_172                        0.00576
L_auc_173                       -0.03347
L_auc_174                       -0.02351
L_auc_175                        0.01362
L_auc_176                        0.03296
L_auc_177                       -0.01414
L_auc_178                        0.01319
L_auc_179                        0.02912
L_auc_180                       -0.04980
L_auc_181                        0.02166
L_auc_182                       -0.01037
L_auc_183                        0.01300
L_auc_184                        0.00321
L_auc_185                        0.00542
L_auc_186                        0.01793
L_auc_187                       -0.01928
L_auc_188                       -0.02110
L_auc_189                        0.02118
L_auc_190                       -0.04180
L_auc_191                        0.01495
L_auc_192                       -0.00049
L_auc_193                        0.03310
L_auc_194                        0.00617
L_auc_195                       -0.05207
L_auc_196                       -0.02480
L_auc_197                        0.04759
L_auc_198                        0.04545
L_auc_199                       -0.03106
L_auc_200                        0.02936
L_auc_201                       -0.03825
L_auc_202                       -0.01592
L_auc_203                       -0.06384
L_auc_204                       -0.09621
L_auc_205                        0.00951
L_auc_206                       -0.01015
L_auc_207                        0.00831
L_auc_208                       -0.01753
L_auc_209                        0.06413
L_auc_210                        0.02662
L_auc_211                        0.04312
L_auc_212                       -0.03000
L_auc_213                       -0.02533
L_auc_214                       -0.06486
L_auc_215                       -0.07739
L_auc_216                        0.09925
L_auc_217                       -0.00688
L_auc_218                       -0.00424
L_auc_219                       -0.00835
L_auc_220                        0.00504
L_auc_221                       -0.03749
L_auc_222                        0.03736
L_auc_223                        0.04213
L_auc_224                        0.05404
L_auc_225                        0.01869
L_auc_226                        0.00611
L_auc_227                        0.00172
L_auc_228                        0.01372
L_auc_229                        0.00705
L_auc_230                       -0.00558
L_auc_231                        0.08272
L_auc_232                       -0.06610
L_auc_233                        0.03218
L_auc_234                       -0.02306
L_auc_235                       -0.04717
L_auc_236                       -0.02013
L_auc_237                        0.03845
L_auc_238                       -0.00962
L_auc_239                        0.00332
L_auc_240                       -0.05206
L_auc_241                        0.01013
L_auc_242                       -0.03716
L_auc_243                       -0.03574
L_auc_244                       -0.01066
L_auc_245                        0.02830
L_auc_246                        0.07445
L_auc_247                       -0.01716
L_auc_248                        0.04408
L_auc_249                       -0.02165
L_auc_250                        0.04630
L_auc_251                       -0.02252
L_auc_252                        0.01008
L_auc_253                       -0.02144
L_auc_254                        0.03885
L_auc_255                        0.02285
L_auc_256                        0.00387
L_auc_257                       -0.01748
L_auc_258                       -0.01175
L_auc_259                        0.03227
L_auc_260                       -0.02666
L_auc_261                        0.12161
L_auc_262                        0.04274
L_auc_263                       -0.02231
L_auc_264                        0.09884
L_auc_265                        0.04438
L_auc_266                        0.03073
L_auc_267                        0.03247
L_auc_268                        0.04521
L_auc_269                        0.00851
L_auc_270                        0.03138
L_auc_271                       -0.03013
L_auc_272                        0.02962
L_auc_273                       -0.00183
L_auc_274                        0.02532
L_auc_275                        0.01959
L_auc_276                       -0.00953
L_auc_277                        0.03925
L_auc_278                       -0.03362
L_auc_279                        0.04122
L_auc_280                        0.00756
L_auc_281                       -0.02439
L_auc_282                        0.03030
L_auc_283                       -0.01327
L_auc_284                       -0.02752
L_auc_285                       -0.00933
L_auc_286                        0.04105
L_auc_287                        0.00781
L_auc_288                       -0.00532
L_auc_289                        0.00254
L_auc_290                        0.00327
L_auc_291                       -0.09135
L_auc_292                       -0.03468
L_auc_293                        0.00714
L_auc_294                        0.02317
L_auc_295                       -0.04177
L_auc_296                       -0.00859
L_auc_297                       -0.04618
L_auc_298                       -0.02220
L_auc_299                       -0.01450
L_auc_300                       -0.00907
L_auc_301                       -0.02836
L_auc_302                       -0.07235
L_auc_303                        0.01774
L_auc_304                        0.03204
L_auc_305                       -0.01223
L_auc_306                        0.02898
L_auc_307                        0.06367
L_auc_308                        0.04363
L_auc_309                        0.04484
L_auc_310                       -0.04341
L_auc_311                       -0.08467
L_auc_312                        0.01656
L_auc_313                        0.03751
L_auc_314                       -0.00027
L_auc_315                        0.12520
L_auc_316                        0.02994
L_auc_317                        0.01392
L_auc_318                       -0.02645
L_auc_319                        0.02388
L_auc_320                        0.06605
L_auc_321                        0.01137
L_auc_322                        0.05569
L_auc_323                        0.02338
L_auc_324                        0.01595
L_auc_325                        0.00766
L_auc_326                       -0.02412
L_auc_327                        0.02418
L_auc_328                       -0.00809
L_auc_329                        0.02755
L_auc_330                        0.01685
L_auc_331                        0.02016
L_auc_332                        0.02161
L_auc_333                        0.07127
L_auc_334                        0.04354
L_auc_335                       -0.01685
L_auc_336                        0.04469
L_auc_337                        0.00221
L_auc_338                        0.01462
L_auc_339                        0.01203
L_auc_340                        0.02347
L_auc_341                        0.02270
L_auc_342                        0.06988
L_auc_343                        0.01428
L_auc_344                        0.02789
L_auc_345                        0.01831
L_auc_346                        0.00274
L_auc_347                        0.01666
L_auc_348                        0.04060
L_auc_349                       -0.01387
L_auc_350                       -0.00492
L_auc_351                       -0.07657
L_auc_352                       -0.01548
L_auc_353                       -0.01978
L_auc_354                        0.05994
L_auc_355                       -0.00335
L_auc_356                        0.03089
L_auc_357                       -0.00840
L_auc_358                        0.00979
L_auc_359                        0.02421
L_auc_360                        0.00577
L_auc_361                        0.01617
L_auc_362                        0.02129
L_auc_363                       -0.04316
L_auc_364                        0.01341
L_auc_365                        0.06894
L_auc_366                       -0.02586
L_auc_367                       -0.01894
L_auc_368                       -0.05180
L_auc_369                       -0.02073
L_auc_370                        0.03695
L_auc_371                        0.00652
L_auc_372                        0.04762
L_auc_373                       -0.00650
L_auc_374                        0.08835
L_auc_375                       -0.04128
L_auc_376                       -0.08845
L_auc_377                        0.00773
L_auc_378                        0.00842
L_auc_379                       -0.01380
L_auc_380                       -0.01375
L_auc_381                       -0.04828
L_auc_382                       -0.04550
L_auc_383                        0.00360
L_auc_384                        0.00744
L_auc_385                       -0.00939
L_auc_386                        0.01018
L_auc_387                       -0.01342
L_auc_388                        0.02122
L_auc_389                       -0.05143
L_auc_390                        0.04569
L_auc_391                       -0.01427
L_auc_392                        0.00786
L_auc_393                        0.06277
L_auc_394                        0.05719
L_auc_395                        0.00342
L_auc_396                        0.01293
L_auc_397                        0.03645
L_auc_398                       -0.02249
L_auc_399                        0.01042
L_auc_400                       -0.05470
L_auc_401                        0.02765
L_auc_402                        0.00486
L_auc_403                       -0.01494
L_auc_404                       -0.06483
L_auc_405                       -0.01223
L_auc_406                       -0.03264
L_auc_407                       -0.08112
L_auc_408                       -0.09126
L_auc_409                       -0.02547
L_auc_410                        0.02906
L_auc_411                        0.00302
L_auc_412                       -0.00174
L_auc_413                        0.03308
L_auc_414                        0.01348
L_auc_415                        0.06802
L_auc_416                        0.03119
L_auc_417                        0.05131
L_auc_418                        0.00885
L_auc_419                       -0.07192
L_auc_420                       -0.03058
L_auc_421                        0.00229
L_auc_422                       -0.01235
L_auc_423                        0.05560
L_auc_424                        0.00513
L_auc_425                        0.01047
L_auc_426                       -0.00852
L_auc_427                       -0.02582
L_auc_428                        0.00695
L_auc_429                       -0.03460
L_auc_430                        0.01545
L_auc_431                       -0.00971
L_auc_432                        0.03189
L_auc_433                        0.00413
L_auc_434                       -0.00541
L_auc_435                       -0.01805
L_auc_436                       -0.05215
L_auc_437                        0.01159
L_auc_438                        0.01241
L_auc_439                        0.00145
L_auc_440                       -0.05755
L_auc_441                        0.03402
L_auc_442                       -0.03532
L_auc_443                       -0.00655
L_auc_444                       -0.04401
L_auc_445                       -0.00337
L_auc_446                        0.02949
L_auc_447                        0.00612
L_auc_448                        0.03135
L_auc_449                       -0.00658
L_auc_450                        0.03309
L_auc_451                       -0.00378
L_auc_452                        0.01074
L_auc_453                        0.01997
L_auc_454                        0.00534
L_auc_455                       -0.01569
L_auc_456                       -0.00432
L_auc_457                        0.02723
L_auc_458                       -0.04425
L_auc_459                       -0.02547
L_auc_460                        0.02167
L_auc_461                       -0.01423
L_auc_462                       -0.01168
L_auc_463                        0.00752
L_auc_464                        0.01597
L_auc_465                       -0.06658
L_auc_466                        0.10118
L_auc_467                       -0.03739
L_auc_468                        0.05720
L_auc_469                       -0.03938
L_auc_470                       -0.01255
L_auc_471                        0.01566
L_auc_472                       -0.01570
L_auc_473                        0.02802
L_auc_474                        0.03121
L_auc_475                       -0.00846
L_auc_476                        0.01480
L_auc_477                       -0.01832
L_auc_478                       -0.01222
L_auc_479                        0.02239
L_auc_480                        0.08422
L_auc_481                       -0.03718
L_auc_482                       -0.04313
L_auc_483                        0.02948
L_auc_484                        0.26062
L_auc_485                        0.04853
L_auc_486                       -0.00816
L_auc_487                        0.00206
L_auc_488                        0.00626
L_auc_489                        0.02951
L_auc_490                        0.00853
L_auc_491                        0.02019
L_auc_492                       -0.01792
L_auc_493                       -0.00357
L_auc_494                        0.00725
L_auc_495                        0.02429
L_auc_496                       -0.00152
L_auc_497                       -0.02491
L_auc_498                        0.04680
L_auc_499                       -0.02317
L_auc_500                       -0.08561
L_auc_501                        0.01028
L_auc_502                        0.02554
L_auc_503                        0.06212
L_auc_504                        0.02445
L_auc_505                       -0.03552
L_auc_506                       -0.04561
L_auc_507                       -0.01295
L_auc_508                        0.05136
L_auc_509                       -0.01952
L_auc_510                        0.02593
L_auc_511                       -0.03135
L_auc_512                        0.10925
L_auc_513                        0.04848
L_auc_514                        0.05958
L_auc_515                        0.00645
L_auc_516                        0.03063
L_auc_517                        0.02785
L_auc_518                       -0.00917
L_auc_519                       -0.04593
L_auc_520                       -0.02724
L_auc_521                       -0.01202
L_auc_522                        0.02457
L_auc_523                       -0.03832
L_auc_524                        0.00813
L_auc_525                        0.00142
L_auc_526                       -0.00273
L_auc_527                       -0.03154
L_auc_528                        0.05201
L_auc_529                       -0.02871
L_auc_530                        0.02421
L_auc_531                       -0.03193
L_auc_532                       -0.01467
L_auc_533                        0.00204
L_auc_534                        0.01445
L_auc_535                       -0.00618
L_auc_536                       -0.04627
L_auc_537                       -0.02926
L_auc_538                        0.03007
L_auc_539                       -0.04261
L_auc_540                        0.01644
L_auc_541                       -0.05442
L_auc_542                       -0.11078
L_auc_543                        0.04351
L_auc_544                        0.02149
L_auc_545                        0.05325
L_auc_546                        0.02527
L_auc_547                       -0.05305
L_auc_548                        0.03584
L_auc_549                       -0.02216
L_auc_550                        0.02098
L_auc_551                       -0.02017
L_auc_552                       -0.00212
L_auc_553                        0.01148
L_auc_554                        0.00561
L_auc_555                        0.01898
L_auc_556                       -0.04288
L_auc_557                        0.01240
L_auc_558                       -0.02382
L_auc_559                        0.00122
L_auc_560                        0.02306
L_auc_561                       -0.08974
L_auc_562                        0.04816
L_auc_563                        0.02406
L_auc_564                        0.00137
L_auc_565                       -0.00831
L_auc_566                       -0.07843
L_auc_567                        0.04967
L_auc_568                        0.01449
L_auc_569                        0.02967
L_auc_570                        0.00571
L_auc_571                        0.05956
L_auc_572                        0.00089
L_auc_573                       -0.01316
L_auc_574                       -0.00753
L_auc_575                       -0.03497
L_auc_576                       -0.03123
L_auc_577                        0.00931
L_auc_578                        0.03184
L_auc_579                        0.02126
L_auc_580                       -0.00509
L_auc_581                       -0.06036
L_auc_582                        0.04833
L_auc_583                        0.00370
L_auc_584                        0.00477
L_auc_585                       -0.03678
L_auc_586                        0.06699
L_auc_587                        0.01967
L_auc_588                       -0.00916
L_auc_589                       -0.03307
L_auc_590                       -0.03061
L_auc_591                       -0.01380
L_auc_592                        0.01259
L_auc_593                        0.00855
L_auc_594                        0.01018
L_auc_595                        0.00031
L_auc_596                        0.02002
L_auc_597                        0.09574
L_auc_598                       -0.06710
L_auc_599                       -0.00301
L_auc_600                       -0.03222
L_auc_601                        0.01014
L_auc_602                       -0.02403
L_auc_603                        0.02547
L_auc_604                        0.04130
L_auc_605                       -0.02850
L_auc_606                        0.00154
L_auc_607                       -0.01777
L_auc_608                       -0.00461
L_auc_609                       -0.03268
L_auc_610                        0.05896
L_auc_611                        0.03813
L_auc_612                       -0.02902
L_auc_613                       -0.08245
L_auc_614                        0.02366
L_auc_615                        0.00161
L_auc_616                        0.12920
L_auc_617                        0.07179
L_auc_618                       -0.02415
L_auc_619                        0.04940
L_auc_620                       -0.06477
L_auc_621                       -0.00412
L_auc_622                       -0.00555
L_auc_623                        0.04619
L_auc_624                       -0.05488
L_auc_625                        0.02769
L_auc_626                        0.08515
L_auc_627                        0.00920
L_auc_628                        0.00951
L_auc_629                        0.02972
L_auc_630                        0.01424
L_auc_631                        0.00260
L_auc_632                       -0.03009
L_auc_633                       -0.04763
L_auc_634                       -0.00551
L_auc_635                       -0.02164
L_auc_636                       -0.00844
L_auc_637                       -0.04306
L_auc_638                       -0.00559
L_auc_639                       -0.08313
L_auc_640                       -0.08122
L_auc_641                        0.01889
L_auc_642                        0.05755
L_auc_643                        0.01414
L_auc_644                       -0.01351
L_auc_645                        0.01273
L_auc_646                        0.01383
L_auc_647                       -0.00716
L_auc_648                       -0.00173
L_auc_649                        0.04414
L_auc_650                        0.01839
L_auc_651                        0.08102
L_auc_652                       -0.00378
L_auc_653                        0.01525
L_auc_654                        0.00084
L_auc_655                       -0.01917
L_auc_656                       -0.00582
L_auc_657                       -0.02500
L_auc_658                       -0.01911
L_auc_659                       -0.00695
L_auc_660                        0.03369
L_auc_661                       -0.04265
L_auc_662                       -0.00191
L_auc_663                       -0.02574
L_auc_664                        0.00594
L_auc_665                       -0.02549
L_auc_666                       -0.03064
L_auc_667                       -0.03155
L_auc_668                       -0.05655
L_auc_669                        0.02583
L_auc_670                        0.03234
L_auc_671                       -0.07210
L_auc_672                        0.06129
L_auc_673                       -0.01870
L_auc_674                        0.01299
L_auc_675                        0.06164
L_auc_676                        0.00211
L_auc_677                       -0.04739
L_auc_678                        0.02744
L_auc_679                        0.01475
L_auc_680                        0.01899
L_auc_681                        0.01305
L_auc_682                       -0.00159
L_auc_683                       -0.00873
L_auc_684                        0.05303
L_auc_685                       -0.02827
L_auc_686                        0.05365
L_auc_687                       -0.01486
L_auc_688                       -0.01986
L_auc_689                       -0.03704
L_auc_690                       -0.00209
L_auc_691                       -0.04145
L_auc_692                       -0.06364
L_auc_693                       -0.01876
L_auc_694                       -0.00025
L_auc_695                       -0.01739
L_auc_696                        0.02116
L_auc_697                        0.02585
L_auc_698                        0.02954
L_auc_699                        0.00440
L_auc_700                        0.01732
L_auc_701                       -0.00015
L_auc_702                        0.15624
L_auc_703                       -0.02831
L_auc_704                        0.00587
L_auc_705                       -0.01720
L_auc_706                        0.02283
L_auc_707                       -0.05637
L_auc_708                        0.03941
L_auc_709                       -0.09664
L_auc_710                       -0.00995
L_auc_711                        0.01799
L_auc_712                        0.05066
L_auc_713                        0.00456
L_auc_714                       -0.05144
L_auc_715                        0.03433
L_auc_716                       -0.00979
L_auc_717                       -0.08197
L_auc_718                        0.03508
L_auc_719                       -0.02059
L_auc_720                        0.00519
L_auc_721                       -0.00356
L_auc_722                        0.00266
L_auc_723                       -0.03056
L_auc_724                        0.01732
L_auc_725                       -0.03342
L_auc_726                       -0.01521
L_auc_727                       -0.01911
L_auc_728                       -0.04405
L_auc_729                        0.02562
L_auc_730                        0.02565
L_auc_731                        0.03551
L_auc_732                        0.02789
L_auc_733                       -0.03365
L_auc_734                       -0.00063
L_auc_735                       -0.01196
L_auc_736                        0.08286
L_auc_737                        0.00324
L_auc_738                       -0.00953
L_auc_739                        0.01107
L_auc_740                       -0.00805
L_auc_741                       -0.02965
L_auc_742                        0.01178
L_auc_743                       -0.02563
L_auc_744                        0.01742
L_auc_745                       -0.02373
L_auc_746                        0.03408
L_auc_747                       -0.06181
L_auc_748                       -0.02664
L_auc_749                       -0.03851
L_auc_750                       -0.00847
L_auc_751                       -0.01927
L_auc_752                        0.05832
L_auc_753                        0.07245
L_auc_754                        0.02615
L_auc_755                        0.02357
L_auc_756                        0.00503
L_auc_757                        0.04623
L_auc_758                       -0.00740
L_auc_759                       -0.07682
L_auc_760                        0.00891
L_auc_761                       -0.14621
L_auc_762                        0.04388
L_auc_763                        0.01917
L_auc_764                       -0.00361
L_auc_765                        0.06547
L_auc_766                       -0.02873
L_auc_767                        0.00656
L_auc_768                        0.02819
L_auc_769                        0.06664
L_auc_770                       -0.01074
L_auc_771                        0.00509
L_auc_772                       -0.07137
L_auc_773                       -0.01876
L_auc_774                       -0.00572
L_auc_775                        0.01667
L_auc_776                        0.03979
L_auc_777                       -0.02503
L_auc_778                       -0.00439
L_auc_779                        0.02624
L_auc_780                        0.04064
L_auc_781                       -0.00569
L_auc_782                       -0.00805
L_auc_783                       -0.03932
L_auc_784                       -0.02252
L_auc_785                       -0.00352
L_auc_786                       -0.01771
L_auc_787                        0.03280
L_auc_788                       -0.01042
L_auc_789                        0.00514
L_auc_790                        0.02702
L_auc_791                       -0.00184
L_auc_792                       -0.01071
L_auc_793                        0.02042
L_auc_794                        0.01184
L_auc_795                       -0.02001
L_auc_796                        0.04626
L_auc_797                       -0.05244
L_auc_798                        0.00831
L_auc_799                        0.08114
L_auc_800                       -0.00719
L_auc_801                        0.03177
L_auc_802                       -0.00927
L_auc_803                        0.00274
L_auc_804                       -0.01443
L_auc_805                        0.02350
L_auc_806                       -0.01898
L_auc_807                       -0.00665
L_auc_808                        0.05485
L_auc_809                       -0.02234
L_auc_810                       -0.04731
L_auc_811                        0.06538
L_auc_812                        0.02850
L_auc_813                       -0.05056
L_auc_814                       -0.19908
L_auc_815                       -0.03856
L_auc_816                        0.04811
L_auc_817                       -0.00601
L_auc_818                       -0.02767
L_auc_819                        0.03885
L_auc_820                        0.04504
L_auc_821                        0.04412
L_auc_822                        0.01302
L_auc_823                       -0.05356
L_auc_824                        0.03328
L_auc_825                       -0.02053
L_auc_826                       -0.06351
L_auc_827                        0.00338
L_auc_828                        0.03583
L_auc_829                       -0.00538
L_auc_830                        0.00521
L_auc_831                        0.05089
L_auc_832                       -0.00373
L_auc_833                        0.07131
L_auc_834                       -0.03953
L_auc_835                        0.04666
L_auc_836                        0.02014
L_auc_837                        0.00407
L_auc_838                        0.00043
L_auc_839                        0.00248
L_auc_840                        0.00289
L_auc_841                        0.03224
L_auc_842                       -0.01419
L_auc_843                        0.06353
L_auc_844                       -0.02166
L_auc_845                        0.04038
L_auc_846                        0.05339
L_auc_847                       -0.01673
L_auc_848                        0.01753
L_auc_849                       -0.04162
L_auc_850                        0.02257
L_auc_851                       -0.00280
L_auc_852                        0.02137
L_auc_853                       -0.10144
L_auc_854                        0.06472
L_auc_855                        0.03824
L_auc_856                       -0.05630
L_auc_857                        0.02060
L_auc_858                        0.02498
L_auc_859                       -0.05418
L_auc_860                       -0.27240
L_auc_861                       -0.00727
L_auc_862                        0.01311
L_auc_863                        0.02643
L_auc_864                        0.03665
L_auc_865                       -0.00956
L_auc_866                       -0.00130
L_auc_867                        0.00710
L_auc_868                       -0.02470
L_auc_869                       -0.01530
L_auc_870                        0.06560
L_auc_871                       -0.03024
L_auc_872                        0.00173
L_auc_873                        0.04278
L_auc_874                       -0.00692
L_auc_875                        0.01074
L_auc_876                        0.04398
L_auc_877                        0.01961
L_auc_878                       -0.01127
L_auc_879                        0.01229
L_auc_880                       -0.00896
L_auc_881                       -0.02170
L_auc_882                        0.01969
L_auc_883                        0.01513
L_auc_884                       -0.04357
L_auc_885                        0.01113
L_auc_886                       -0.04050
L_auc_887                        0.03884
L_auc_888                       -0.03643
L_auc_889                        0.01127
L_auc_890                        0.03196
L_auc_891                        0.03278
L_auc_892                       -0.03040
L_auc_893                       -0.00680
L_auc_894                       -0.05519
L_auc_895                        0.05313
L_auc_896                        0.00482
L_auc_897                        0.02499
L_auc_898                       -0.01685
L_auc_899                       -0.00177
L_auc_900                        0.00650
L_auc_901                       -0.01022
L_auc_902                       -0.01358
L_auc_903                        0.00299
L_auc_904                       -0.03182
L_auc_905                       -0.02096
L_auc_906                        0.07473
L_auc_907                        0.04457
L_auc_908                       -0.02998
L_auc_909                       -0.03908
L_auc_910                        0.04590
L_auc_911                       -0.05651
L_auc_912                       -0.02627
L_auc_913                       -0.01642
L_auc_914                       -0.02758
L_auc_915                       -0.08176
L_auc_916                        0.06398
L_auc_917                        0.02846
L_auc_918                       -0.00541
L_auc_919                        0.04508
L_auc_920                       -0.05381
L_auc_921                       -0.02002
L_auc_922                        0.00310
L_auc_923                        0.02392
L_auc_924                       -0.02081
L_auc_925                       -0.03094
L_auc_926                        0.03824
L_auc_927                       -0.04216
L_auc_928                        0.02377
L_auc_929                        0.00021
L_auc_930                       -0.04272
L_auc_931                        0.00087
L_auc_932                       -0.01766
L_auc_933                       -0.00187
L_auc_934                       -0.02614
L_auc_935                        0.00733
L_auc_936                       -0.05493
L_auc_937                       -0.02850
L_auc_938                        0.02613
L_auc_939                        0.03983
L_auc_940                        0.01500
L_auc_941                       -0.02272
L_auc_942                       -0.04734
L_auc_943                       -0.05502
L_auc_944                        0.02729
L_auc_945                        0.04757
L_auc_946                       -0.02689
L_auc_947                        0.00707
L_auc_948                        0.00723
L_auc_949                       -0.00071
L_auc_950                       -0.00968
L_auc_951                        0.01656
L_auc_952                        0.01914
L_auc_953                        0.03399
L_auc_954                        0.02179
L_auc_955                       -0.03700
L_auc_956                       -0.01561
L_auc_957                       -0.00135
L_auc_958                        0.01934
L_auc_959                       -0.03438
L_auc_960                        0.04142
L_auc_961                        0.00594
L_auc_962                       -0.00202
L_auc_963                       -0.00079
L_auc_964                        0.00588
L_auc_965                       -0.00652
L_auc_966                        0.04919
L_auc_967                        0.02205
L_auc_968                       -0.04728
L_auc_969                        0.01521
L_auc_970                       -0.01107
L_auc_971                       -0.02080
L_auc_972                       -0.04397
L_auc_973                        0.00094
L_auc_974                       -0.01978
L_auc_975                        0.00924
L_auc_976                        0.02776
L_auc_977                       -0.03562
L_auc_978                        0.06984
L_auc_979                        0.03088
L_auc_980                       -0.02377
L_auc_981                        0.00282
L_auc_982                       -0.02094
L_auc_983                       -0.02198
L_auc_984                        0.02834
L_auc_985                        0.05145
L_auc_986                        0.03211
L_auc_987                        0.00137
L_auc_988                        0.01335
L_auc_989                        0.04461
L_auc_990                       -0.03678
L_auc_991                       -0.04917
L_auc_992                       -0.00988
L_auc_993                       -0.01775
L_auc_994                        0.03134
L_auc_995                        0.03621
L_auc_996                       -0.00138
L_auc_997                        0.01376
L_auc_998                        0.00962
L_auc_999                       -0.01946
L_auc_1000                      -0.01378
L_auc_1001                       0.02434
L_auc_1002                      -0.00507
L_auc_1003                      -0.00628
L_auc_1004                      -0.01774
L_auc_1005                       0.00549
L_auc_1006                       0.02820
L_auc_1007                       0.04106
L_auc_1008                      -0.01341
L_auc_1009                      -0.01981
L_auc_1010                       0.02237
L_auc_1011                       0.01206
L_auc_1012                       0.00414
L_auc_1013                      -0.02631
L_auc_1014                       0.08773
L_auc_1015                       0.02788
L_auc_1016                      -0.06091
L_auc_1017                       0.03878
L_auc_1018                       0.00847
L_auc_1019                      -0.00737
L_auc_1020                       0.00955
L_auc_1021                       0.03039
L_auc_1022                       0.02639
L_auc_1023                       0.00503
L_auc_1024                      -0.02878
L_auc_1025                      -0.03509
L_auc_1026                      -0.03387
L_auc_1027                       0.00319
L_auc_1028                      -0.00984
L_auc_1029                       0.04432
L_auc_1030                      -0.02598
L_auc_1031                      -0.02411
L_auc_1032                      -0.03017
L_auc_1033                       0.01338
L_auc_1034                       0.02228
L_auc_1035                       0.00927
L_auc_1036                       0.02908
L_auc_1037                      -0.04396
L_auc_1038                      -0.02213
L_auc_1039                       0.04414
L_auc_1040                       0.03662
L_auc_1041                      -0.00343
L_auc_1042                       0.03283
L_auc_1043                       0.00571
L_auc_1044                       0.08241
L_auc_1045                       0.00659
L_auc_1046                      -0.05076
L_auc_1047                       0.00861
L_auc_1048                       0.05436
L_auc_1049                      -0.02882
L_auc_1050                       0.04257
L_auc_1051                       0.00433
L_auc_1052                       0.01546
L_auc_1053                       0.00070
L_auc_1054                       0.10378
L_auc_1055                       0.03513
L_auc_1056                       0.05293
L_auc_1057                       0.04872
L_auc_1058                      -0.00567
L_auc_1059                       0.03314
L_auc_1060                       0.04853
L_auc_1061                      -0.03292
L_auc_1062                      -0.00179
L_auc_1063                       0.00836
L_auc_1064                       0.02715
L_auc_1065                      -0.02359
L_auc_1066                      -0.03420
L_auc_1067                      -0.00010
L_auc_1068                      -0.01452
L_auc_1069                      -0.02700
L_auc_1070                      -0.02355
L_auc_1071                      -0.04676
L_auc_1072                      -0.04704
L_auc_1073                       0.06175
L_auc_1074                      -0.01453
L_auc_1075                       0.00994
L_auc_1076                       0.00502
L_auc_1077                      -0.01700
L_auc_1078                       0.13838
L_auc_1079                      -0.03411
L_auc_1080                       0.03046
L_auc_1081                       0.00318
L_auc_1082                       0.01912
L_auc_1083                       0.03542
L_auc_1084                       0.02265
L_auc_1085                      -0.00857
L_auc_1086                       0.01948
L_auc_1087                      -0.00680
L_auc_1088                      -0.01800
L_auc_1089                       0.01111
L_auc_1090                      -0.00005
L_auc_1091                       0.08015
L_auc_1092                       0.01417
L_auc_1093                      -0.08587
L_auc_1094                       0.01001
L_auc_1095                       0.02487
L_auc_1096                      -0.00341
L_auc_1097                       0.05765
L_auc_1098                      -0.00945
L_auc_1099                      -0.00434
L_auc_1100                      -0.03354
L_auc_1101                       0.09182
L_auc_1102                       0.07685
L_auc_1103                      -0.01277
L_auc_1104                      -0.01102
L_auc_1105                      -0.02799
L_auc_1106                      -0.01645
L_auc_1107                      -0.01910
L_auc_1108                       0.00488
L_auc_1109                       0.01847
L_auc_1110                       0.00408
L_auc_1111                       0.00736
L_auc_1112                      -0.01510
L_auc_1113                      -0.10627
L_auc_1114                      -0.01646
L_auc_1115                      -0.00916
L_auc_1116                      -0.02644
L_auc_1117                       0.02503
L_auc_1118                      -0.04020
L_auc_1119                      -0.02771
L_auc_1120                      -0.02067
L_auc_1121                      -0.02915
L_auc_1122                       0.01586
L_auc_1123                      -0.04150
L_auc_1124                      -0.01547
L_auc_1125                       0.02092
L_auc_1126                       0.01604
L_auc_1127                      -0.03647
L_auc_1128                       0.02116
L_auc_1129                      -0.02935
L_auc_1130                       0.02503
L_auc_1131                       0.02083
L_auc_1132                       0.04598
L_auc_1133                       0.02036
L_auc_1134                       0.00885
L_auc_1135                      -0.01876
L_auc_1136                       0.01020
L_auc_1137                       0.01378
L_auc_1138                      -0.01817
L_auc_1139                       0.05478
L_auc_1140                       0.13710
L_auc_1141                       0.02014
L_auc_1142                      -0.02513
L_auc_1143                       0.05899
L_auc_1144                      -0.03222
L_auc_1145                       0.01830
L_auc_1146                      -0.00719
L_auc_1147                      -0.03657
L_auc_1148                       0.02617
L_auc_1149                       0.01150
L_auc_1150                      -0.02234
L_auc_1151                       0.02282
decomp000                       -0.04152
decomp001                        0.04520
decomp002                        0.01917
decomp003                       -0.00226
decomp004                       -0.00861
decomp005                       -0.01303
decomp006                       -0.04226
decomp007                        0.02039
decomp008                       -0.02313
decomp009                        0.00258
decomp010                       -0.07703
decomp011                       -0.05349
decomp012                        0.02210
decomp013                        0.02145
decomp014                        0.03498
decomp015                       -0.02806
decomp016                       -0.04381
decomp017                        0.01936
decomp018                       -0.04788
decomp019                       -0.01861
decomp020                        0.00676
decomp021                        0.00193
decomp022                       -0.02664
decomp023                       -0.03123
decomp024                        0.06674
decomp025                       -0.05331
decomp026                       -0.02189
decomp027                       -0.01673
decomp028                        0.00380
decomp029                       -0.01778
decomp030                       -0.01372
decomp031                        0.04726
decomp032                        0.08535
decomp033                        0.06139
decomp034                       -0.04240
decomp035                        0.14782
decomp036                       -0.00072
decomp037                       -0.03999
decomp038                       -0.00627
decomp039                        0.02047
decomp040                       -0.02190
decomp041                       -0.01761
decomp042                       -0.00028
decomp043                       -0.02560
decomp044                       -0.03006
decomp045                        0.03996
decomp046                       -0.06587
decomp047                       -0.05244
decomp048                        0.05680
decomp049                       -0.08965
min_model                        0.16654
max_model                       -0.05618
L_auc_261_output                 0.08704
L_auc_261_dev_from_mean          0.06135
L_auc_261_diff_from_int          0.05977
L_auc_261_recomp_error_0        -0.02760
L_auc_261_recomp_error_0_abs    -0.00752
L_auc_261_recomp_error_0_sqr     0.01237
L_auc_261_recomp_error_1        -0.00305
L_auc_261_recomp_error_1_abs     0.02806
L_auc_261_recomp_error_1_sqr     0.01091
L_auc_261_recomp_error_2        -0.03465
L_auc_261_recomp_error_2_abs     0.01904
L_auc_261_recomp_error_2_sqr     0.00205
L_auc_261_recomp_error_3        -0.04453
L_auc_261_recomp_error_3_abs    -0.04284
L_auc_261_recomp_error_3_sqr    -0.00551
L_auc_334_output                 0.04041
L_auc_334_dev_from_mean          0.02429
L_auc_334_diff_from_int          0.03995
L_auc_334_recomp_error_0         0.01159
L_auc_334_recomp_error_0_abs    -0.01110
L_auc_334_recomp_error_0_sqr    -0.00472
L_auc_334_recomp_error_1         0.06826
L_auc_334_recomp_error_1_abs    -0.01579
L_auc_334_recomp_error_1_sqr    -0.00513
L_auc_334_recomp_error_2         0.01289
L_auc_334_recomp_error_2_abs    -0.02957
L_auc_334_recomp_error_2_sqr    -0.00657
L_auc_334_recomp_error_3         0.03378
L_auc_334_recomp_error_3_abs     0.00561
L_auc_334_recomp_error_3_sqr    -0.00043
L_auc_660_output                 0.04723
L_auc_660_dev_from_mean          0.02261
L_auc_660_diff_from_int          0.07836
L_auc_660_recomp_error_0         0.00695
L_auc_660_recomp_error_0_abs     0.02033
L_auc_660_recomp_error_0_sqr     0.01875
L_auc_660_recomp_error_1         0.06468
L_auc_660_recomp_error_1_abs     0.01546
L_auc_660_recomp_error_1_sqr     0.00764
L_auc_660_recomp_error_2         0.03116
L_auc_660_recomp_error_2_abs    -0.02184
L_auc_660_recomp_error_2_sqr    -0.00419
L_auc_660_recomp_error_3         0.02828
L_auc_660_recomp_error_3_abs    -0.01418
L_auc_660_recomp_error_3_sqr    -0.00015
L_auc_712_output                 0.05947
L_auc_712_dev_from_mean          0.04013
L_auc_712_diff_from_int          0.03137
L_auc_712_recomp_error_0        -0.00967
L_auc_712_recomp_error_0_abs    -0.02420
L_auc_712_recomp_error_0_sqr     0.02096
L_auc_712_recomp_error_1         0.02304
L_auc_712_recomp_error_1_abs    -0.00339
L_auc_712_recomp_error_1_sqr    -0.00669
L_auc_712_recomp_error_2         0.00001
L_auc_712_recomp_error_2_abs    -0.08612
L_auc_712_recomp_error_2_sqr    -0.00887
L_auc_712_recomp_error_3         0.01690
L_auc_712_recomp_error_3_abs    -0.01344
L_auc_712_recomp_error_3_sqr    -0.00196
L_auc_776_output                 0.05685
L_auc_776_dev_from_mean          0.04232
L_auc_776_diff_from_int         -0.04042
L_auc_776_recomp_error_0        -0.00326
L_auc_776_recomp_error_0_abs    -0.00265
L_auc_776_recomp_error_0_sqr     0.00531
L_auc_776_recomp_error_1         0.04897
L_auc_776_recomp_error_1_abs     0.03025
L_auc_776_recomp_error_1_sqr     0.00028
L_auc_776_recomp_error_2         0.01030
L_auc_776_recomp_error_2_abs    -0.04217
L_auc_776_recomp_error_2_sqr    -0.00523
L_auc_776_recomp_error_3         0.00916
L_auc_776_recomp_error_3_abs    -0.03219
L_auc_776_recomp_error_3_sqr    -0.00179
L_auc_836_output                 0.02488
L_auc_836_dev_from_mean          0.01076
L_auc_836_diff_from_int          0.10716
L_auc_836_recomp_error_0         0.03608
L_auc_836_recomp_error_0_abs     0.04174
L_auc_836_recomp_error_0_sqr     0.03563
L_auc_836_recomp_error_1         0.07573
L_auc_836_recomp_error_1_abs    -0.02670
L_auc_836_recomp_error_1_sqr    -0.00978
L_auc_836_recomp_error_2         0.02861
L_auc_836_recomp_error_2_abs    -0.02002
L_auc_836_recomp_error_2_sqr    -0.00167
L_auc_836_recomp_error_3         0.05831
L_auc_836_recomp_error_3_abs     0.02888
L_auc_836_recomp_error_3_sqr     0.00466
L_auc_1017_output                0.04573
L_auc_1017_dev_from_mean         0.03091
L_auc_1017_diff_from_int         0.02846
L_auc_1017_recomp_error_0        0.01544
L_auc_1017_recomp_error_0_abs    0.00907
L_auc_1017_recomp_error_0_sqr    0.01770
L_auc_1017_recomp_error_1        0.03950
L_auc_1017_recomp_error_1_abs    0.00062
L_auc_1017_recomp_error_1_sqr    0.00557
L_auc_1017_recomp_error_2        0.01535
L_auc_1017_recomp_error_2_abs   -0.03757
L_auc_1017_recomp_error_2_sqr   -0.00562
L_auc_1017_recomp_error_3        0.01865
L_auc_1017_recomp_error_3_abs    0.00081
L_auc_1017_recomp_error_3_sqr    0.00064
L_auc_1052_output                0.01100
L_auc_1052_dev_from_mean         0.01649
L_auc_1052_diff_from_int        -0.00279
L_auc_1052_recomp_error_0        0.01003
L_auc_1052_recomp_error_0_abs   -0.01520
L_auc_1052_recomp_error_0_sqr   -0.00060
L_auc_1052_recomp_error_1        0.07903
L_auc_1052_recomp_error_1_abs   -0.00440
L_auc_1052_recomp_error_1_sqr   -0.00412
L_auc_1052_recomp_error_2        0.04017
L_auc_1052_recomp_error_2_abs   -0.04563
L_auc_1052_recomp_error_2_sqr   -0.00517
L_auc_1052_recomp_error_3        0.04698
L_auc_1052_recomp_error_3_abs    0.03638
L_auc_1052_recomp_error_3_sqr   -0.00010
L_auc_1059_output                0.03396
L_auc_1059_dev_from_mean         0.03497
L_auc_1059_diff_from_int        -0.02969
L_auc_1059_recomp_error_0       -0.00869
L_auc_1059_recomp_error_0_abs   -0.00596
L_auc_1059_recomp_error_0_sqr   -0.00262
L_auc_1059_recomp_error_1        0.03384
L_auc_1059_recomp_error_1_abs    0.00228
L_auc_1059_recomp_error_1_sqr   -0.00719
L_auc_1059_recomp_error_2        0.00789
L_auc_1059_recomp_error_2_abs   -0.01818
L_auc_1059_recomp_error_2_sqr   -0.00354
L_auc_1059_recomp_error_3        0.01015
L_auc_1059_recomp_error_3_abs   -0.00603
L_auc_1059_recomp_error_3_sqr   -0.00039
L_auc_1141_output                0.01250
L_auc_1141_dev_from_mean         0.01554
L_auc_1141_diff_from_int         0.10528
L_auc_1141_recomp_error_0        0.03483
L_auc_1141_recomp_error_0_abs    0.01873
L_auc_1141_recomp_error_0_sqr    0.01280
L_auc_1141_recomp_error_1        0.08577
L_auc_1141_recomp_error_1_abs   -0.02569
L_auc_1141_recomp_error_1_sqr   -0.01112
L_auc_1141_recomp_error_2        0.05981
L_auc_1141_recomp_error_2_abs   -0.00678
L_auc_1141_recomp_error_2_sqr   -0.00535
L_auc_1141_recomp_error_3        0.05778
L_auc_1141_recomp_error_3_abs    0.03402
L_auc_1141_recomp_error_3_sqr    0.00235
recomp_error_0_rmse              0.00144
recomp_error_1_rmse             -0.00320
recomp_error_2_rmse             -0.01800
recomp_error_3_rmse             -0.05088
avg_model_chosen                 0.03867
models_mean                      0.00351
models_std                      -0.01819
models_min                       0.13793
models_max                      -0.05855
models_range                    -0.10857
models_range_dev_high            0.01237
models_range_dev_low            -0.04880
diff_mean_10_all                -0.04888
abs_diff_mean_10_all            -0.02935
bias                            -0.71722
chose model 711 L_auc_712
chose model 260 L_auc_261
chose model 775 L_auc_776
chose model 333 L_auc_334
chose model 1016 L_auc_1017
chose model 1058 L_auc_1059
chose model 1051 L_auc_1052
chose model 1140 L_auc_1141
chose model 659 L_auc_660
chose model 835 L_auc_836
processing 10000 predictions...

0%   10   20   30   40   50   60   70   80   90   100%
|----|----|----|----|----|----|----|----|----|----|
***************************************************
 done.
elapsed: [14684.26s cpu, 9942401.4138 mticks, 3719.95s wall]
score: 0.1484  baseline: 0.1635  diff: -0.01504
category UNKNOWN: count 0 avg error 0 baseline avg error 0 avg improvement 0
category AUTO: count 3347 avg error 0.0477511 baseline avg error 0.0652753 avg improvement 0.0175242
category POSS: count 5942 avg error 0.159635 baseline avg error 0.171225 avg improvement 0.0115898
category IMP: count 711 avg error 0.528709 baseline avg error 0.56085 avg improvement 0.0321405
overall: count 10000 avg error 0.148429 baseline avg error 0.163466 avg improvement 0.0150372
worst entries: 
0: 1761  label: 1 pred: 0.102425 bl: 0.09385 POSS error_pred: 0.771804 error_bl: 0.391478 improvement: -0.380327
    min: -0.812  max: 0.6365 avg: -0.0227042
explanation: 


1: 5381  label: -1 pred: 0.845155 bl: 0.32645 IMP error_pred: 0.727802 error_bl: 0.37284 improvement: -0.354962
    min: 0.1755  max: 0.5815 avg: 0.376663
explanation: 


2: 7689  label: 1 pred: 0.265713 bl: 0.33235 POSS error_pred: 0.472123 error_bl: 0.148049 improvement: -0.324074
    min: -0.4415  max: 0.8675 avg: 0.256449
explanation: 


3: 8757  label: 1 pred: 0.149669 bl: 0.0928 POSS error_pred: 0.665273 error_bl: 0.392274 improvement: -0.272999
    min: -0.7995  max: 0.5695 avg: -0.131028
explanation: 


4: 4148  label: -1 pred: 0.705933 bl: 0.15425 POSS error_pred: 0.407393 error_bl: 0.158698 improvement: -0.248694
    min: -0.1425  max: 0.7645 avg: 0.30508
explanation: 


5: 1612  label: 1 pred: 0.285841 bl: 0.25805 POSS error_pred: 0.452409 error_bl: 0.20689 improvement: -0.24552
    min: -0.2395  max: 0.827 avg: 0.335646
explanation: 


6: 3420  label: 1 pred: 0.283712 bl: 0.2492 POSS error_pred: 0.454401 error_bl: 0.217045 improvement: -0.237356
    min: -0.534  max: 0.784 avg: 0.139198
explanation: 


7: 9035  label: 1 pred: 0.426752 bl: 0.4348 POSS error_pred: 0.320191 error_bl: 0.0838311 improvement: -0.23636
    min: -0.5205  max: 0.871 avg: 0.423296
explanation: 


8: 3090  label: 1 pred: 0.45167 bl: 0.45915 POSS error_pred: 0.298487 error_bl: 0.0730785 improvement: -0.225408
    min: -0.5395  max: 0.746 avg: 0.21589
explanation: 


9: 2555  label: -1 pred: 0.84994 bl: 0.4213 IMP error_pred: 0.741061 error_bl: 0.525512 improvement: -0.215548
    min: 0.1745  max: 0.553 avg: 0.3955
explanation: 


10: 4377  label: 1 pred: 0.0699678 bl: -0.10075 POSS error_pred: 0.860215 error_bl: 0.644763 improvement: -0.215452
    min: -0.9275  max: 0.9535 avg: -0.121816
explanation: 


11: 8452  label: 1 pred: 0.185056 bl: 0.09675 POSS error_pred: 0.596973 error_bl: 0.387893 improvement: -0.20908
    min: -0.2815  max: 0.789 avg: 0.141303
explanation: 


12: 43  label: -1 pred: 0.785259 bl: 0.3122 IMP error_pred: 0.563278 error_bl: 0.35456 improvement: -0.208718
    min: 0.0345  max: 0.8135 avg: 0.295136
explanation: 


13: 2549  label: 1 pred: 0.266962 bl: 0.1904 POSS error_pred: 0.471326 error_bl: 0.277479 improvement: -0.193847
    min: -0.3835  max: 0.5405 avg: -0.0277163
explanation: 


14: 7938  label: 1 pred: 0.372065 bl: 0.2919 POSS error_pred: 0.367583 error_bl: 0.178017 improvement: -0.189566
    min: -0.1665  max: 0.864 avg: 0.267188
explanation: 


15: 2072  label: -1 pred: 0.793538 bl: 0.34015 IMP error_pred: 0.583367 error_bl: 0.395842 improvement: -0.187525
    min: 0.1465  max: 0.5965 avg: 0.311026
explanation: 


16: 6033  label: -1 pred: 0.806417 bl: 0.36145 POSS error_pred: 0.615106 error_bl: 0.427883 improvement: -0.187224
    min: -0.001  max: 0.7885 avg: 0.323634
explanation: 


17: 3583  label: -1 pred: 0.799213 bl: 0.34915 IMP error_pred: 0.596223 error_bl: 0.409301 improvement: -0.186922
    min: 0.132  max: 0.652 avg: 0.344824
explanation: 


18: 8967  label: -1 pred: 0.8253 bl: 0.39445 IMP error_pred: 0.662917 error_bl: 0.481117 improvement: -0.1818
    min: 0.1785  max: 0.6775 avg: 0.384911
explanation: 


19: 4693  label: 1 pred: 0.0783892 bl: -0.10925 POSS error_pred: 0.837913 error_bl: 0.65671 improvement: -0.181203
    min: -0.753  max: 0.438 avg: -0.101332
explanation: 


20: 2186  label: -1 pred: 0.723253 bl: 0.24695 IMP error_pred: 0.434713 error_bl: 0.259944 improvement: -0.174769
    min: 0.136  max: 0.524 avg: 0.319383
explanation: 


21: 4458  label: -1 pred: 0.887441 bl: 0.5325 IMP error_pred: 0.877461 error_bl: 0.703596 improvement: -0.173865
    min: 0.1975  max: 0.8265 avg: 0.528826
explanation: 


22: 5331  label: 1 pred: 0.336013 bl: 0.2391 POSS error_pred: 0.401434 error_bl: 0.227798 improvement: -0.173636
    min: -0.35  max: 0.6585 avg: 0.133256
explanation: 


23: 6994  label: 1 pred: 0.190989 bl: 0.07535 POSS error_pred: 0.58642 error_bl: 0.415372 improvement: -0.171047
    min: -0.616  max: 0.586 avg: 0.00781582
explanation: 


24: 8194  label: -1 pred: 0.88309 bl: 0.5244 IMP error_pred: 0.862796 error_bl: 0.692246 improvement: -0.17055
    min: 0.306  max: 0.7735 avg: 0.542456
explanation: 


25: 1554  label: -1 pred: 0.878343 bl: 0.5174 IMP error_pred: 0.847328 error_bl: 0.67959 improvement: -0.167738
    min: 0.281  max: 0.767 avg: 0.484222
explanation: 


26: 8925  label: -1 pred: 0.892273 bl: 0.54665 IMP error_pred: 0.893933 error_bl: 0.726396 improvement: -0.167537
    min: 0.2475  max: 0.675 avg: 0.497217
explanation: 


27: 9883  label: 1 pred: 0.586456 bl: 0.58435 POSS error_pred: 0.194544 error_bl: 0.0282756 improvement: -0.166268
    min: -0.298  max: 1 avg: 0.462209
explanation: 


28: 6810  label: 1 pred: 0.190796 bl: 0.0708 POSS error_pred: 0.586818 error_bl: 0.420948 improvement: -0.16587
    min: -0.8215  max: 0.438 avg: 0.0270113
explanation: 


29: 4935  label: -1 pred: 0.810035 bl: 0.38085 IMP error_pred: 0.621736 error_bl: 0.456509 improvement: -0.165227
    min: 0.16  max: 0.7235 avg: 0.407644
explanation: 


30: 7361  label: -1 pred: 0.723388 bl: 0.2553 IMP error_pred: 0.434914 error_bl: 0.269988 improvement: -0.164926
    min: 0.0845  max: 0.4835 avg: 0.287766
explanation: 


31: 2639  label: 1 pred: 0.307045 bl: 0.20205 POSS error_pred: 0.430307 error_bl: 0.265631 improvement: -0.164675
    min: -0.424  max: 0.536 avg: 0.151531
explanation: 


32: 3407  label: 1 pred: 0.232597 bl: 0.11985 POSS error_pred: 0.520908 error_bl: 0.357427 improvement: -0.163481
    min: -0.7165  max: 0.6685 avg: 0.0178354
explanation: 


33: 9978  label: 1 pred: 0.487895 bl: 0.397 POSS error_pred: 0.270211 error_bl: 0.107328 improvement: -0.162883
    min: -0.4115  max: 0.976 avg: 0.501333
explanation: 


34: 1714  label: -1 pred: 0.778466 bl: 0.33315 IMP error_pred: 0.54761 error_bl: 0.384994 improvement: -0.162616
    min: 0.013  max: 0.6775 avg: 0.301946
explanation: 


35: 7779  label: -1 pred: 0.834009 bl: 0.42205 IMP error_pred: 0.68863 error_bl: 0.526316 improvement: -0.162314
    min: 0.195  max: 0.5185 avg: 0.376366
explanation: 


36: 8183  label: -1 pred: 0.849754 bl: 0.45315 IMP error_pred: 0.740659 error_bl: 0.57945 improvement: -0.161209
    min: 0.2295  max: 0.793 avg: 0.511628
explanation: 


37: 8826  label: -1 pred: 0.795968 bl: 0.3635 IMP error_pred: 0.588791 error_bl: 0.430193 improvement: -0.158598
    min: 0.087  max: 0.6355 avg: 0.330498
explanation: 


38: 8222  label: 1 pred: 0.307898 bl: 0.1957 POSS error_pred: 0.42951 error_bl: 0.271207 improvement: -0.158303
    min: -0.314  max: 0.6965 avg: 0.252207
explanation: 


39: 249  label: 1 pred: 0.202918 bl: 0.08175 POSS error_pred: 0.56591 error_bl: 0.407706 improvement: -0.158204
    min: -0.5095  max: 0.3745 avg: -0.094729
explanation: 


40: 575  label: -1 pred: 0.857806 bl: 0.4735 IMP error_pred: 0.767778 error_bl: 0.610888 improvement: -0.15689
    min: 0.211  max: 0.688 avg: 0.464495
explanation: 


41: 3440  label: -1 pred: 0.791963 bl: 0.3596 IMP error_pred: 0.579148 error_bl: 0.424568 improvement: -0.15458
    min: 0.139  max: 0.5915 avg: 0.368391
explanation: 


42: 544  label: -1 pred: 0.854183 bl: 0.4676 IMP error_pred: 0.756127 error_bl: 0.602451 improvement: -0.153676
    min: 0.253  max: 0.7115 avg: 0.482337
explanation: 


43: 7509  label: 1 pred: 0.157865 bl: 0.0171 POSS error_pred: 0.642772 error_bl: 0.491438 improvement: -0.151334
    min: -0.5205  max: 0.8425 avg: 0.0462437
explanation: 


44: 9090  label: 1 pred: 0.121771 bl: -0.04785 POSS error_pred: 0.725209 error_bl: 0.574472 improvement: -0.150737
    min: -0.607  max: 0.46 avg: -0.10109
explanation: 


45: 7683  label: 1 pred: 0.340923 bl: 0.21565 POSS error_pred: 0.39765 error_bl: 0.250299 improvement: -0.147352
    min: -0.242  max: 0.8 avg: 0.0589435
explanation: 


46: 3846  label: -1 pred: 0.766337 bl: 0.327 POSS error_pred: 0.519084 error_bl: 0.373242 improvement: -0.145842
    min: -0.0605  max: 0.8175 avg: 0.331744
explanation: 


47: 2359  label: -1 pred: 0.825001 bl: 0.4166 IMP error_pred: 0.662515 error_bl: 0.517376 improvement: -0.145139
    min: 0.281  max: 0.6695 avg: 0.459802
explanation: 


48: 9764  label: 1 pred: 0.48707 bl: 0.367 POSS error_pred: 0.271207 error_bl: 0.126444 improvement: -0.144763
    min: -0.123  max: 0.8505 avg: 0.272571
explanation: 


49: 7081  label: 1 pred: 0.128573 bl: -0.0413 POSS error_pred: 0.709677 error_bl: 0.565114 improvement: -0.144564
    min: -0.7545  max: 0.2925 avg: -0.112842
explanation: 


best entries: 
0: 8121  label: -1 pred: 0.556288 bl: 0.6206 IMP error_pred: 0.240056 error_bl: 0.820209 improvement: 0.580153
1: 7193  label: -1 pred: 0.442213 bl: 0.49475 POSS error_pred: 0.156087 error_bl: 0.646043 improvement: 0.489956
2: 9754  label: -1 pred: 0.304015 bl: 0.44215 POSS error_pred: 0.0807553 error_bl: 0.560064 improvement: 0.479309
3: 6838  label: -1 pred: 0.446406 bl: 0.48985 POSS error_pred: 0.159703 error_bl: 0.63861 improvement: 0.478907
4: 657  label: -1 pred: 0.493639 bl: 0.5105 POSS error_pred: 0.192447 error_bl: 0.671254 improvement: 0.478807
5: 7534  label: -1 pred: 0.596635 bl: 0.5705 POSS error_pred: 0.277822 error_bl: 0.756227 improvement: 0.478405
6: 2133  label: -1 pred: 0.554058 bl: 0.53725 POSS error_pred: 0.237847 error_bl: 0.711029 improvement: 0.473182
7: 6478  label: -1 pred: 0.728821 bl: 0.6926 POSS error_pred: 0.444556 error_bl: 0.889916 improvement: 0.44536
8: 8852  label: -1 pred: 0.666891 bl: 0.6012 POSS error_pred: 0.355364 error_bl: 0.793692 improvement: 0.438329
9: 2104  label: -1 pred: 0.68947 bl: 0.61455 POSS error_pred: 0.382282 error_bl: 0.81358 improvement: 0.431298
10: 363  label: -1 pred: 0.475673 bl: 0.47065 POSS error_pred: 0.1818 error_bl: 0.607372 improvement: 0.425572
11: 2947  label: -1 pred: 0.735759 bl: 0.68375 IMP error_pred: 0.458618 error_bl: 0.88188 improvement: 0.423262
12: 9801  label: -1 pred: 0.759026 bl: 0.73945 IMP error_pred: 0.503616 error_bl: 0.924066 improvement: 0.42045
13: 9694  label: -1 pred: 0.746032 bl: 0.70485 POSS error_pred: 0.480112 error_bl: 0.899759 improvement: 0.419646
14: 3096  label: -1 pred: 0.690668 bl: 0.5983 IMP error_pred: 0.38409 error_bl: 0.789273 improvement: 0.405183
15: 2234  label: -1 pred: 0.695736 bl: 0.5954 IMP error_pred: 0.392929 error_bl: 0.786862 improvement: 0.393933
16: 2277  label: -1 pred: 0.630958 bl: 0.53195 IMP error_pred: 0.313982 error_bl: 0.703295 improvement: 0.389313
17: 6652  label: -1 pred: 0.679423 bl: 0.57045 IMP error_pred: 0.370631 error_bl: 0.756027 improvement: 0.385396
18: 581  label: -1 pred: 0.741553 bl: 0.65035 POSS error_pred: 0.471274 error_bl: 0.853556 improvement: 0.382282
19: 8252  label: -1 pred: 0.344072 bl: 0.38665 POSS error_pred: 0.0994375 error_bl: 0.467658 improvement: 0.36822
20: 6785  label: -1 pred: 0.670471 bl: 0.5458 POSS error_pred: 0.358578 error_bl: 0.725191 improvement: 0.366613
21: 8842  label: -1 pred: 0.756823 bl: 0.65865 POSS error_pred: 0.497589 error_bl: 0.861892 improvement: 0.364303
22: 7192  label: -1 pred: 0.535779 bl: 0.45615 POSS error_pred: 0.221977 error_bl: 0.583869 improvement: 0.361892
23: 7726  label: -1 pred: 0.795637 bl: 0.77665 IMP error_pred: 0.587786 error_bl: 0.947168 improvement: 0.359381
24: 1506  label: -1 pred: 0.782571 bl: 0.7242 IMP error_pred: 0.558256 error_bl: 0.912616 improvement: 0.354359
25: 59  label: -1 pred: 0.776074 bl: 0.6938 IMP error_pred: 0.541382 error_bl: 0.891221 improvement: 0.349839
26: 2070  label: -1 pred: 0.702906 bl: 0.56225 IMP error_pred: 0.404379 error_bl: 0.746786 improvement: 0.342407
27: 1646  label: -1 pred: 0.766386 bl: 0.65775 IMP error_pred: 0.519084 error_bl: 0.860587 improvement: 0.341503
28: 768  label: -1 pred: 0.715708 bl: 0.57735 IMP error_pred: 0.423463 error_bl: 0.764564 improvement: 0.341101
29: 6778  label: -1 pred: 0.753411 bl: 0.62295 IMP error_pred: 0.490558 error_bl: 0.822619 improvement: 0.332061
30: 4453  label: -1 pred: 0.807243 bl: 0.7789 IMP error_pred: 0.616312 error_bl: 0.948172 improvement: 0.33186
31: 2510  label: -1 pred: 0.576116 bl: 0.45885 POSS error_pred: 0.259341 error_bl: 0.587987 improvement: 0.328646
32: 779  label: -1 pred: 0.757137 bl: 0.62545 IMP error_pred: 0.498393 error_bl: 0.826637 improvement: 0.328244
33: 4558  label: -1 pred: 0.756975 bl: 0.62475 IMP error_pred: 0.497991 error_bl: 0.825432 improvement: 0.327441
34: 1678  label: -1 pred: 0.728822 bl: 0.58255 IMP error_pred: 0.444556 error_bl: 0.771193 improvement: 0.326637
35: 8646  label: -1 pred: 0.568143 bl: 0.44835 POSS error_pred: 0.251306 error_bl: 0.569908 improvement: 0.318602
36: 5582  label: -1 pred: 0.800922 bl: 0.73155 POSS error_pred: 0.601045 error_bl: 0.917738 improvement: 0.316693
37: 3107  label: -1 pred: 0.688739 bl: 0.52815 POSS error_pred: 0.381679 error_bl: 0.697971 improvement: 0.316292
38: 9062  label: -1 pred: 0.511803 bl: 0.4199 POSS error_pred: 0.206308 error_bl: 0.522499 improvement: 0.316191
39: 4845  label: -1 pred: 0.706909 bl: 0.54305 POSS error_pred: 0.408598 error_bl: 0.719767 improvement: 0.311169
40: 751  label: -1 pred: 0.827823 bl: 0.86975 IMP error_pred: 0.67055 error_bl: 0.980313 improvement: 0.309763
41: 5148  label: -1 pred: 0.789558 bl: 0.675 POSS error_pred: 0.572921 error_bl: 0.87495 improvement: 0.302029
42: 9119  label: -1 pred: 0.802293 bl: 0.71595 IMP error_pred: 0.605665 error_bl: 0.907493 improvement: 0.301828
43: 4747  label: -1 pred: 0.755711 bl: 0.60225 IMP error_pred: 0.495179 error_bl: 0.795199 improvement: 0.30002
44: 6098  label: -1 pred: 0.675432 bl: 0.5023 POSS error_pred: 0.364403 error_bl: 0.658598 improvement: 0.294194
45: 1656  label: -1 pred: 0.620898 bl: 0.4612 POSS error_pred: 0.302531 error_bl: 0.591603 improvement: 0.289072
46: 1669  label: -1 pred: 0.673194 bl: 0.4963 IMP error_pred: 0.362395 error_bl: 0.648855 improvement: 0.28646
47: 8732  label: -1 pred: 0.764802 bl: 0.6051 IMP error_pred: 0.514865 error_bl: 0.798714 improvement: 0.283849
48: 761  label: -1 pred: 0.819368 bl: 0.7459 IMP error_pred: 0.64765 error_bl: 0.930394 improvement: 0.282744
49: 969  label: -1 pred: 0.814754 bl: 0.73265 IMP error_pred: 0.635798 error_bl: 0.918441 improvement: 0.282644

total is 0
score for UNKNOWN: 1.0000 baseline: 1.0000 diff: 0.0000
total is 3347
score for AUTO: 0.0000 baseline: 0.0000 diff: 0.0000
total is 5942
score for POSS: 0.2245 baseline: 0.2389 diff: -0.0144
total is 711
score for IMP: 1.0000 baseline: 1.0000 diff: 0.0000
writing 50000 official test outputs

0%   10   20   30   40   50   60   70   80   90   100%
|----|----|----|----|----|----|----|----|----|----|
***************************************************
scores: [ 0.148429 ]
0.1484 +/-    nan
14996.78user 18.66system 1:04:29elapsed 388%CPU (0avgtext+0avgdata 0maxresident)k
0inputs+1104outputs (0major+6201857minor)pagefaults 0swaps
