loading data...applying decomposition
done.
training 500 models

0%   10   20   30   40   50   60   70   80   90   100%
|----|----|----|----|----|----|----|----|----|----|
***************************************************
L_rmse_1                         0.00925
L_rmse_2                        -0.00385
L_rmse_3                        -0.00221
L_rmse_4                         0.00312
L_rmse_5                         0.00230
L_rmse_6                        -0.00138
L_rmse_7                         0.00442
L_rmse_8                        -0.00285
L_rmse_9                         0.00546
L_rmse_10                        0.01322
L_rmse_11                       -0.00267
L_rmse_12                       -0.00019
L_rmse_13                       -0.00503
L_rmse_14                       -0.00293
L_rmse_15                       -0.00309
L_rmse_16                        0.00602
L_rmse_17                       -0.00094
L_rmse_18                        0.00627
L_rmse_19                        0.00661
L_rmse_20                       -0.00542
L_rmse_21                       -0.00057
L_rmse_22                        0.00608
L_rmse_23                       -0.00191
L_rmse_24                       -0.00219
L_rmse_25                        0.00535
L_rmse_26                        0.00222
L_rmse_27                        0.00147
L_rmse_28                       -0.00051
L_rmse_29                       -0.00375
L_rmse_30                       -0.00398
L_rmse_31                       -0.00287
L_rmse_32                       -0.00497
L_rmse_33                       -0.00215
L_rmse_34                       -0.00303
L_rmse_35                        0.00379
L_rmse_36                        0.00194
L_rmse_37                       -0.00689
L_rmse_38                        0.00570
L_rmse_39                        0.00072
L_rmse_40                        0.00330
L_rmse_41                       -0.00852
L_rmse_42                        0.00141
L_rmse_43                        0.00993
L_rmse_44                        0.00034
L_rmse_45                       -0.00314
L_rmse_46                        0.00079
L_rmse_47                        0.00235
L_rmse_48                       -0.00222
L_rmse_49                        0.00934
L_rmse_50                       -0.00593
L_rmse_51                        0.00069
L_rmse_52                        0.00040
L_rmse_53                       -0.00489
L_rmse_54                        0.00299
L_rmse_55                        0.00782
L_rmse_56                       -0.00637
L_rmse_57                        0.00742
L_rmse_58                        0.00942
L_rmse_59                       -0.00519
L_rmse_60                       -0.00231
L_rmse_61                        0.00935
L_rmse_62                        0.00787
L_rmse_63                       -0.00077
L_rmse_64                       -0.00251
L_rmse_65                        0.00520
L_rmse_66                        0.00597
L_rmse_67                       -0.00310
L_rmse_68                        0.00289
L_rmse_69                       -0.00017
L_rmse_70                        0.00276
L_rmse_71                        0.00228
L_rmse_72                       -0.00274
L_rmse_73                        0.00254
L_rmse_74                        0.00170
L_rmse_75                        0.00745
L_rmse_76                       -0.00415
L_rmse_77                        0.00124
L_rmse_78                        0.00594
L_rmse_79                        0.00681
L_rmse_80                        0.00029
L_rmse_81                        0.00038
L_rmse_82                        0.00664
L_rmse_83                       -0.00039
L_rmse_84                       -0.00071
L_rmse_85                       -0.01422
L_rmse_86                        0.00482
L_rmse_87                        0.00875
L_rmse_88                        0.00284
L_rmse_89                        0.00219
L_rmse_90                        0.00706
L_rmse_91                        0.00015
L_rmse_92                        0.00205
L_rmse_93                       -0.00300
L_rmse_94                        0.00461
L_rmse_95                        0.00441
L_rmse_96                        0.00415
L_rmse_97                        0.00043
L_rmse_98                        0.00238
L_rmse_99                       -0.00580
L_rmse_100                       0.00125
L_rmse_101                       0.00118
L_rmse_102                       0.00707
L_rmse_103                      -0.00109
L_rmse_104                       0.00295
L_rmse_105                       0.00447
L_rmse_106                      -0.01004
L_rmse_107                       0.00560
L_rmse_108                       0.00510
L_rmse_109                      -0.00749
L_rmse_110                       0.00200
L_rmse_111                      -0.00242
L_rmse_112                       0.00777
L_rmse_113                       0.00041
L_rmse_114                       0.01838
L_rmse_115                      -0.00406
L_rmse_116                       0.00691
L_rmse_117                      -0.00868
L_rmse_118                       0.00670
L_rmse_119                       0.00315
L_rmse_120                      -0.00932
L_rmse_121                       0.00167
L_rmse_122                       0.00567
L_rmse_123                      -0.00304
L_rmse_124                      -0.00075
L_rmse_125                       0.01001
L_rmse_126                       0.00396
L_rmse_127                      -0.00789
L_rmse_128                      -0.00093
L_rmse_129                      -0.00275
L_rmse_130                       0.00114
L_rmse_131                       0.00091
L_rmse_132                      -0.01371
L_rmse_133                       0.00887
L_rmse_134                      -0.00824
L_rmse_135                       0.00529
L_rmse_136                       0.01047
L_rmse_137                      -0.00781
L_rmse_138                      -0.00198
L_rmse_139                      -0.00444
L_rmse_140                      -0.00156
L_rmse_141                       0.00205
L_rmse_142                      -0.00680
L_rmse_143                      -0.00188
L_rmse_144                      -0.00412
L_rmse_145                      -0.00124
L_rmse_146                       0.00057
L_rmse_147                       0.00035
L_rmse_148                       0.01120
L_rmse_149                       0.00109
L_rmse_150                      -0.00198
L_rmse_151                       0.00316
L_rmse_152                       0.00476
L_rmse_153                       0.00245
L_rmse_154                       0.00415
L_rmse_155                       0.00568
L_rmse_156                       0.00576
L_rmse_157                       0.00530
L_rmse_158                      -0.00351
L_rmse_159                      -0.00109
L_rmse_160                       0.00921
L_rmse_161                       0.00108
L_rmse_162                      -0.00522
L_rmse_163                       0.00342
L_rmse_164                       0.00139
L_rmse_165                       0.00406
L_rmse_166                      -0.01202
L_rmse_167                      -0.00094
L_rmse_168                      -0.00437
L_rmse_169                       0.00708
L_rmse_170                       0.00056
L_rmse_171                       0.00898
L_rmse_172                       0.00177
L_rmse_173                       0.00113
L_rmse_174                       0.00554
L_rmse_175                       0.00034
L_rmse_176                       0.00338
L_rmse_177                      -0.00586
L_rmse_178                      -0.00383
L_rmse_179                      -0.00398
L_rmse_180                      -0.00136
L_rmse_181                      -0.00339
L_rmse_182                       0.01026
L_rmse_183                       0.00181
L_rmse_184                      -0.00305
L_rmse_185                       0.00335
L_rmse_186                      -0.00167
L_rmse_187                       0.00634
L_rmse_188                      -0.00149
L_rmse_189                      -0.00358
L_rmse_190                      -0.00157
L_rmse_191                       0.00532
L_rmse_192                       0.00508
L_rmse_193                      -0.00384
L_rmse_194                      -0.00265
L_rmse_195                      -0.01261
L_rmse_196                      -0.01397
L_rmse_197                      -0.00191
L_rmse_198                      -0.00145
L_rmse_199                       0.00397
L_rmse_200                      -0.00444
L_rmse_201                       0.00471
L_rmse_202                      -0.00607
L_rmse_203                      -0.00144
L_rmse_204                       0.01142
L_rmse_205                       0.00756
L_rmse_206                       0.00368
L_rmse_207                      -0.00254
L_rmse_208                      -0.00060
L_rmse_209                      -0.00449
L_rmse_210                       0.00161
L_rmse_211                       0.00029
L_rmse_212                      -0.00256
L_rmse_213                       0.00012
L_rmse_214                       0.00411
L_rmse_215                       0.00212
L_rmse_216                       0.00391
L_rmse_217                       0.00502
L_rmse_218                       0.00535
L_rmse_219                       0.00188
L_rmse_220                       0.00152
L_rmse_221                       0.00397
L_rmse_222                       0.00519
L_rmse_223                      -0.00128
L_rmse_224                       0.00705
L_rmse_225                       0.00132
L_rmse_226                      -0.00598
L_rmse_227                      -0.00128
L_rmse_228                       0.00224
L_rmse_229                       0.00927
L_rmse_230                      -0.00371
L_rmse_231                       0.00099
L_rmse_232                       0.00201
L_rmse_233                       0.00077
L_rmse_234                       0.00014
L_rmse_235                       0.00397
L_rmse_236                       0.00468
L_rmse_237                       0.00438
L_rmse_238                      -0.00478
L_rmse_239                       0.00401
L_rmse_240                       0.00210
L_rmse_241                      -0.00549
L_rmse_242                       0.00660
L_rmse_243                      -0.00606
L_rmse_244                       0.00380
L_rmse_245                      -0.00469
L_rmse_246                       0.00385
L_rmse_247                       0.00980
L_rmse_248                      -0.00147
L_rmse_249                       0.00255
L_rmse_250                      -0.00501
L_rmse_251                      -0.00256
L_rmse_252                       0.00273
L_rmse_253                       0.00618
L_rmse_254                       0.00368
L_rmse_255                       0.00590
L_rmse_256                      -0.00376
L_rmse_257                       0.00031
L_rmse_258                      -0.00423
L_rmse_259                       0.00205
L_rmse_260                       0.00697
L_rmse_261                      -0.00536
L_rmse_262                       0.01541
L_rmse_263                      -0.00539
L_rmse_264                       0.00606
L_rmse_265                       0.00380
L_rmse_266                       0.00272
L_rmse_267                       0.00664
L_rmse_268                       0.00046
L_rmse_269                       0.00378
L_rmse_270                       0.00404
L_rmse_271                      -0.00469
L_rmse_272                      -0.00127
L_rmse_273                      -0.01396
L_rmse_274                       0.00222
L_rmse_275                       0.00388
L_rmse_276                       0.00054
L_rmse_277                      -0.00303
L_rmse_278                      -0.00676
L_rmse_279                       0.00423
L_rmse_280                      -0.00023
L_rmse_281                      -0.00076
L_rmse_282                      -0.00630
L_rmse_283                      -0.00272
L_rmse_284                       0.00409
L_rmse_285                       0.00003
L_rmse_286                      -0.00145
L_rmse_287                      -0.00142
L_rmse_288                       0.01262
L_rmse_289                      -0.00123
L_rmse_290                       0.00393
L_rmse_291                       0.00134
L_rmse_292                       0.01120
L_rmse_293                       0.00744
L_rmse_294                      -0.00207
L_rmse_295                       0.00241
L_rmse_296                      -0.00490
L_rmse_297                       0.00220
L_rmse_298                      -0.00993
L_rmse_299                       0.00379
L_rmse_300                      -0.00522
L_rmse_301                       0.00440
L_rmse_302                       0.00388
L_rmse_303                       0.00126
L_rmse_304                       0.00467
L_rmse_305                      -0.00175
L_rmse_306                       0.00176
L_rmse_307                       0.00266
L_rmse_308                      -0.00014
L_rmse_309                      -0.00397
L_rmse_310                       0.00081
L_rmse_311                       0.00795
L_rmse_312                       0.00497
L_rmse_313                       0.00022
L_rmse_314                      -0.00108
L_rmse_315                      -0.00509
L_rmse_316                       0.00198
L_rmse_317                       0.00106
L_rmse_318                      -0.00355
L_rmse_319                       0.00477
L_rmse_320                       0.00582
L_rmse_321                       0.00803
L_rmse_322                       0.00098
L_rmse_323                      -0.00573
L_rmse_324                      -0.00371
L_rmse_325                      -0.00771
L_rmse_326                       0.00476
L_rmse_327                       0.00051
L_rmse_328                      -0.00341
L_rmse_329                       0.00462
L_rmse_330                       0.00536
L_rmse_331                      -0.00044
L_rmse_332                       0.00656
L_rmse_333                      -0.00298
L_rmse_334                      -0.00693
L_rmse_335                       0.00157
L_rmse_336                       0.00284
L_rmse_337                       0.00153
L_rmse_338                       0.00760
L_rmse_339                       0.00864
L_rmse_340                      -0.00774
L_rmse_341                      -0.00411
L_rmse_342                      -0.00108
L_rmse_343                       0.00399
L_rmse_344                      -0.00668
L_rmse_345                      -0.00167
L_rmse_346                       0.01066
L_rmse_347                      -0.00315
L_rmse_348                       0.00609
L_rmse_349                      -0.00213
L_rmse_350                       0.00974
L_rmse_351                       0.00442
L_rmse_352                      -0.00681
L_rmse_353                      -0.00057
L_rmse_354                       0.00641
L_rmse_355                       0.00630
L_rmse_356                       0.00293
L_rmse_357                       0.00378
L_rmse_358                      -0.01100
L_rmse_359                       0.00517
L_rmse_360                      -0.00268
L_rmse_361                      -0.00174
L_rmse_362                       0.00435
L_rmse_363                       0.00040
L_rmse_364                       0.00173
L_rmse_365                      -0.00557
L_rmse_366                       0.00264
L_rmse_367                      -0.00161
L_rmse_368                       0.01230
L_rmse_369                       0.00477
L_rmse_370                      -0.00297
L_rmse_371                      -0.00133
L_rmse_372                       0.00676
L_rmse_373                      -0.00103
L_rmse_374                      -0.00243
L_rmse_375                      -0.00127
L_rmse_376                      -0.00451
L_rmse_377                       0.00156
L_rmse_378                      -0.00183
L_rmse_379                       0.00556
L_rmse_380                      -0.00258
L_rmse_381                       0.00002
L_rmse_382                      -0.00134
L_rmse_383                      -0.00200
L_rmse_384                       0.00103
L_rmse_385                      -0.00102
L_rmse_386                      -0.00105
L_rmse_387                      -0.00430
L_rmse_388                       0.00494
L_rmse_389                      -0.01006
L_rmse_390                       0.00164
L_rmse_391                       0.00202
L_rmse_392                      -0.00117
L_rmse_393                      -0.01243
L_rmse_394                      -0.00455
L_rmse_395                       0.01087
L_rmse_396                       0.00754
L_rmse_397                      -0.00472
L_rmse_398                       0.00012
L_rmse_399                      -0.00357
L_rmse_400                       0.00615
L_rmse_401                       0.00378
L_rmse_402                       0.00576
L_rmse_403                       0.00181
L_rmse_404                       0.00254
L_rmse_405                      -0.00123
L_rmse_406                      -0.00412
L_rmse_407                       0.00172
L_rmse_408                       0.01755
L_rmse_409                       0.00129
L_rmse_410                      -0.00135
L_rmse_411                       0.00373
L_rmse_412                       0.00101
L_rmse_413                       0.00151
L_rmse_414                      -0.00958
L_rmse_415                       0.00938
L_rmse_416                       0.01227
L_rmse_417                       0.00282
L_rmse_418                       0.00310
L_rmse_419                       0.00202
L_rmse_420                       0.00102
L_rmse_421                      -0.00101
L_rmse_422                      -0.00103
L_rmse_423                       0.00025
L_rmse_424                      -0.00088
L_rmse_425                      -0.00173
L_rmse_426                       0.00161
L_rmse_427                       0.00163
L_rmse_428                       0.00462
L_rmse_429                      -0.00099
L_rmse_430                      -0.00170
L_rmse_431                      -0.00250
L_rmse_432                      -0.00893
L_rmse_433                       0.00278
L_rmse_434                       0.00450
L_rmse_435                       0.00670
L_rmse_436                      -0.00013
L_rmse_437                       0.00007
L_rmse_438                      -0.00410
L_rmse_439                       0.00482
L_rmse_440                       0.01125
L_rmse_441                       0.00837
L_rmse_442                      -0.00609
L_rmse_443                      -0.00294
L_rmse_444                       0.00738
L_rmse_445                       0.00252
L_rmse_446                       0.00124
L_rmse_447                       0.00997
L_rmse_448                       0.00959
L_rmse_449                       0.00305
L_rmse_450                      -0.00109
L_rmse_451                       0.00650
L_rmse_452                       0.00222
L_rmse_453                       0.00311
L_rmse_454                      -0.00177
L_rmse_455                      -0.00006
L_rmse_456                      -0.00130
L_rmse_457                       0.00275
L_rmse_458                       0.00176
L_rmse_459                       0.00349
L_rmse_460                       0.00848
L_rmse_461                       0.00108
L_rmse_462                       0.00884
L_rmse_463                      -0.01020
L_rmse_464                      -0.00219
L_rmse_465                       0.00239
L_rmse_466                      -0.00050
L_rmse_467                       0.00341
L_rmse_468                       0.00192
L_rmse_469                      -0.01008
L_rmse_470                       0.00135
L_rmse_471                       0.00492
L_rmse_472                      -0.00415
L_rmse_473                      -0.00750
L_rmse_474                       0.00410
L_rmse_475                       0.00793
L_rmse_476                       0.00268
L_rmse_477                       0.01561
L_rmse_478                       0.00229
L_rmse_479                      -0.00560
L_rmse_480                      -0.00883
L_rmse_481                      -0.00104
L_rmse_482                       0.00307
L_rmse_483                      -0.00513
L_rmse_484                       0.00246
L_rmse_485                      -0.00593
L_rmse_486                      -0.00202
L_rmse_487                      -0.00422
L_rmse_488                       0.00448
L_rmse_489                       0.00003
L_rmse_490                       0.00250
L_rmse_491                       0.00442
L_rmse_492                      -0.00216
L_rmse_493                       0.00419
L_rmse_494                      -0.00143
L_rmse_495                       0.00543
L_rmse_496                       0.00513
L_rmse_497                       0.00561
L_rmse_498                      -0.00586
L_rmse_499                       0.01050
L_rmse_500                       0.00461
L_rmse_501                       0.00524
L_rmse_502                       0.00440
L_rmse_503                       0.00233
L_rmse_504                       0.00221
L_rmse_505                       0.00514
L_rmse_506                      -0.00114
L_rmse_507                       0.00570
L_rmse_508                       0.00438
L_rmse_509                       0.00139
L_rmse_510                      -0.00012
L_rmse_511                       0.00203
L_rmse_512                       0.01224
L_rmse_513                       0.00081
L_rmse_514                       0.00310
L_rmse_515                       0.00181
L_rmse_516                       0.01170
L_rmse_517                      -0.00095
L_rmse_518                       0.00330
L_rmse_519                      -0.01272
L_rmse_520                       0.00509
L_rmse_521                      -0.00264
L_rmse_522                      -0.00006
L_rmse_523                       0.00599
L_rmse_524                      -0.00112
L_rmse_525                      -0.00153
L_rmse_526                       0.00032
L_rmse_527                      -0.00228
L_rmse_528                       0.00376
L_rmse_529                       0.00529
L_rmse_530                       0.00209
L_rmse_531                       0.00485
L_rmse_532                       0.00250
L_rmse_533                      -0.00045
L_rmse_534                       0.00274
L_rmse_535                      -0.00401
L_rmse_536                      -0.01040
L_rmse_537                      -0.00406
L_rmse_538                       0.00684
L_rmse_539                       0.00584
L_rmse_540                       0.00170
L_rmse_541                       0.00086
L_rmse_542                       0.00056
L_rmse_543                      -0.00156
L_rmse_544                      -0.00135
L_rmse_545                      -0.00783
L_rmse_546                       0.00335
L_rmse_547                       0.00507
L_rmse_548                       0.00428
L_rmse_549                       0.00622
L_rmse_550                       0.00572
L_rmse_551                       0.00572
L_rmse_552                       0.00259
L_rmse_553                       0.00559
L_rmse_554                       0.01019
L_rmse_555                       0.00235
L_rmse_556                       0.01178
L_rmse_557                      -0.00250
L_rmse_558                      -0.00302
L_rmse_559                      -0.00186
L_rmse_560                       0.00094
L_rmse_561                      -0.00520
L_rmse_562                      -0.00426
L_rmse_563                      -0.00368
L_rmse_564                       0.00455
L_rmse_565                      -0.00694
L_rmse_566                       0.00552
L_rmse_567                       0.00313
L_rmse_568                      -0.00692
L_rmse_569                       0.00048
L_rmse_570                       0.00668
L_rmse_571                       0.00691
L_rmse_572                      -0.00571
L_rmse_573                      -0.00495
L_rmse_574                       0.00067
L_rmse_575                       0.00288
L_rmse_576                       0.00043
L_rmse_577                      -0.00009
L_rmse_578                       0.00081
L_rmse_579                      -0.00312
L_rmse_580                       0.00077
L_rmse_581                       0.00003
L_rmse_582                      -0.00677
L_rmse_583                       0.00964
L_rmse_584                      -0.00018
L_rmse_585                      -0.00391
L_rmse_586                       0.00119
L_rmse_587                       0.00315
L_rmse_588                      -0.00592
L_rmse_589                       0.00742
L_rmse_590                       0.00609
L_rmse_591                      -0.00573
L_rmse_592                      -0.00381
L_rmse_593                       0.00678
L_rmse_594                       0.00327
L_rmse_595                      -0.00732
L_rmse_596                      -0.00459
L_rmse_597                      -0.00629
L_rmse_598                       0.00456
L_rmse_599                      -0.00299
L_rmse_600                      -0.00078
L_rmse_601                      -0.00270
L_rmse_602                       0.00050
L_rmse_603                       0.00163
L_rmse_604                       0.00637
L_rmse_605                       0.00231
L_rmse_606                      -0.00392
L_rmse_607                       0.00323
L_rmse_608                      -0.00011
L_rmse_609                      -0.00652
L_rmse_610                       0.00443
L_rmse_611                       0.01145
L_rmse_612                      -0.00525
L_rmse_613                       0.01349
L_rmse_614                       0.00119
L_rmse_615                       0.00197
L_rmse_616                       0.00794
L_rmse_617                       0.01043
L_rmse_618                      -0.00458
L_rmse_619                       0.00146
L_rmse_620                      -0.00020
L_rmse_621                       0.00060
L_rmse_622                      -0.00504
L_rmse_623                      -0.00678
L_rmse_624                       0.00282
L_rmse_625                       0.00250
L_rmse_626                      -0.01269
L_rmse_627                       0.00117
L_rmse_628                      -0.00354
L_rmse_629                      -0.01157
L_rmse_630                      -0.00733
L_rmse_631                       0.00713
L_rmse_632                      -0.00201
L_rmse_633                       0.00019
L_rmse_634                       0.00410
L_rmse_635                      -0.00658
L_rmse_636                       0.00456
L_rmse_637                       0.00519
L_rmse_638                      -0.00490
L_rmse_639                       0.00224
L_rmse_640                       0.00023
L_rmse_641                       0.00058
L_rmse_642                       0.00853
L_rmse_643                       0.00518
L_rmse_644                      -0.00057
L_rmse_645                       0.00226
L_rmse_646                       0.00703
L_rmse_647                      -0.00335
L_rmse_648                      -0.01035
L_rmse_649                       0.00395
L_rmse_650                       0.00228
L_rmse_651                      -0.00287
L_rmse_652                       0.00060
L_rmse_653                      -0.00837
L_rmse_654                       0.00098
L_rmse_655                      -0.00103
L_rmse_656                      -0.00200
L_rmse_657                      -0.00545
L_rmse_658                      -0.00330
L_rmse_659                       0.00131
L_rmse_660                      -0.00433
L_rmse_661                       0.00458
L_rmse_662                       0.00454
L_rmse_663                       0.00561
L_rmse_664                      -0.00517
L_rmse_665                       0.00011
L_rmse_666                       0.00020
L_rmse_667                       0.00090
L_rmse_668                      -0.00194
L_rmse_669                       0.00191
L_rmse_670                      -0.00550
L_rmse_671                      -0.00710
L_rmse_672                       0.00551
L_rmse_673                       0.00004
L_rmse_674                       0.00336
L_rmse_675                      -0.00754
L_rmse_676                      -0.00234
L_rmse_677                       0.00482
L_rmse_678                       0.00448
L_rmse_679                      -0.00457
L_rmse_680                      -0.00039
L_rmse_681                      -0.00236
L_rmse_682                      -0.00292
L_rmse_683                       0.00769
L_rmse_684                      -0.00288
L_rmse_685                       0.00450
L_rmse_686                       0.00210
L_rmse_687                       0.00861
L_rmse_688                       0.00237
L_rmse_689                       0.00364
L_rmse_690                      -0.00416
L_rmse_691                       0.00068
L_rmse_692                       0.00180
L_rmse_693                       0.00077
L_rmse_694                       0.00141
L_rmse_695                      -0.00500
L_rmse_696                       0.00607
L_rmse_697                      -0.00149
L_rmse_698                      -0.00119
L_rmse_699                      -0.00357
L_rmse_700                      -0.00260
L_rmse_701                      -0.00211
L_rmse_702                       0.00880
L_rmse_703                      -0.00050
L_rmse_704                       0.00463
L_rmse_705                      -0.00028
L_rmse_706                       0.00388
L_rmse_707                      -0.00209
L_rmse_708                      -0.00565
L_rmse_709                      -0.00098
L_rmse_710                      -0.00077
L_rmse_711                       0.00708
L_rmse_712                       0.00065
L_rmse_713                       0.02142
L_rmse_714                       0.00700
L_rmse_715                      -0.00956
L_rmse_716                      -0.01227
L_rmse_717                      -0.00377
L_rmse_718                      -0.00627
L_rmse_719                       0.00010
L_rmse_720                       0.00002
L_rmse_721                      -0.00720
L_rmse_722                      -0.01192
L_rmse_723                      -0.00856
L_rmse_724                      -0.00017
L_rmse_725                      -0.00181
L_rmse_726                       0.00009
L_rmse_727                      -0.01402
L_rmse_728                      -0.00650
L_rmse_729                       0.00520
L_rmse_730                       0.00862
L_rmse_731                       0.00029
L_rmse_732                       0.00169
L_rmse_733                      -0.00147
L_rmse_734                       0.00717
L_rmse_735                       0.01271
L_rmse_736                       0.00078
L_rmse_737                       0.00328
L_rmse_738                       0.00358
L_rmse_739                       0.00583
L_rmse_740                       0.00197
L_rmse_741                      -0.00080
L_rmse_742                       0.00558
L_rmse_743                      -0.00825
L_rmse_744                      -0.00659
L_rmse_745                      -0.00433
L_rmse_746                      -0.00017
L_rmse_747                       0.00472
L_rmse_748                       0.00806
L_rmse_749                      -0.00207
L_rmse_750                       0.00878
L_rmse_751                      -0.01013
L_rmse_752                       0.00629
L_rmse_753                      -0.00902
L_rmse_754                       0.00499
L_rmse_755                       0.00348
L_rmse_756                       0.00784
L_rmse_757                       0.00421
L_rmse_758                       0.00057
L_rmse_759                       0.00552
L_rmse_760                       0.00318
L_rmse_761                       0.00376
L_rmse_762                       0.01745
L_rmse_763                      -0.00527
L_rmse_764                       0.00044
L_rmse_765                       0.00950
L_rmse_766                       0.00097
L_rmse_767                       0.00715
L_rmse_768                      -0.00878
L_rmse_769                       0.00201
L_rmse_770                       0.00635
L_rmse_771                       0.00861
L_rmse_772                       0.00168
L_rmse_773                      -0.00038
L_rmse_774                      -0.00271
L_rmse_775                       0.00455
L_rmse_776                       0.00235
L_rmse_777                       0.00259
L_rmse_778                       0.00395
L_rmse_779                       0.00353
L_rmse_780                      -0.00910
L_rmse_781                       0.01213
L_rmse_782                      -0.00129
L_rmse_783                      -0.00324
L_rmse_784                      -0.00620
L_rmse_785                       0.00358
L_rmse_786                       0.00693
L_rmse_787                       0.00223
L_rmse_788                       0.00211
L_rmse_789                      -0.00140
L_rmse_790                      -0.00242
L_rmse_791                      -0.00513
L_rmse_792                      -0.00995
L_rmse_793                       0.00092
L_rmse_794                       0.00010
L_rmse_795                      -0.00475
L_rmse_796                      -0.00452
L_rmse_797                       0.00570
L_rmse_798                       0.00711
L_rmse_799                      -0.01411
L_rmse_800                       0.00225
L_rmse_801                       0.00076
L_rmse_802                       0.00195
L_rmse_803                      -0.00469
L_rmse_804                      -0.00131
L_rmse_805                       0.00314
L_rmse_806                      -0.00144
L_rmse_807                      -0.00041
L_rmse_808                      -0.00887
L_rmse_809                      -0.00439
L_rmse_810                      -0.00335
L_rmse_811                       0.00112
L_rmse_812                      -0.00324
L_rmse_813                      -0.00152
L_rmse_814                      -0.00627
L_rmse_815                       0.00199
L_rmse_816                      -0.00193
L_rmse_817                       0.00025
L_rmse_818                      -0.00201
L_rmse_819                       0.00159
L_rmse_820                      -0.00486
L_rmse_821                      -0.00998
L_rmse_822                       0.00675
L_rmse_823                      -0.00917
L_rmse_824                       0.00093
L_rmse_825                       0.00453
L_rmse_826                      -0.00565
L_rmse_827                       0.00126
L_rmse_828                       0.00053
L_rmse_829                       0.00245
L_rmse_830                      -0.00636
L_rmse_831                       0.00178
L_rmse_832                       0.00283
L_rmse_833                       0.00446
L_rmse_834                      -0.00087
L_rmse_835                      -0.00474
L_rmse_836                      -0.00887
L_rmse_837                      -0.00405
L_rmse_838                      -0.00339
L_rmse_839                      -0.01180
L_rmse_840                       0.00424
L_rmse_841                       0.00206
L_rmse_842                       0.00798
L_rmse_843                       0.00790
L_rmse_844                      -0.00236
L_rmse_845                       0.00166
L_rmse_846                      -0.00108
L_rmse_847                       0.00010
L_rmse_848                       0.00967
L_rmse_849                      -0.00380
L_rmse_850                       0.00121
L_rmse_851                      -0.00262
L_rmse_852                       0.00772
L_rmse_853                       0.00306
L_rmse_854                       0.00542
L_rmse_855                       0.01198
L_rmse_856                       0.00062
L_rmse_857                       0.01168
L_rmse_858                       0.00247
L_rmse_859                       0.00690
L_rmse_860                      -0.01321
L_rmse_861                       0.00342
L_rmse_862                       0.00829
L_rmse_863                      -0.00263
L_rmse_864                       0.00102
L_rmse_865                       0.00651
L_rmse_866                      -0.00161
L_rmse_867                       0.00678
L_rmse_868                      -0.00700
L_rmse_869                      -0.00200
L_rmse_870                       0.00976
L_rmse_871                       0.00719
L_rmse_872                      -0.00055
L_rmse_873                      -0.00371
L_rmse_874                       0.00785
L_rmse_875                      -0.00293
L_rmse_876                       0.00376
L_rmse_877                       0.00296
L_rmse_878                      -0.00056
L_rmse_879                       0.01459
L_rmse_880                      -0.00635
L_rmse_881                       0.01018
L_rmse_882                       0.00643
L_rmse_883                      -0.00573
L_rmse_884                       0.00338
L_rmse_885                       0.00877
L_rmse_886                       0.00102
L_rmse_887                       0.00120
L_rmse_888                       0.00234
L_rmse_889                       0.00408
L_rmse_890                      -0.00178
L_rmse_891                      -0.00716
L_rmse_892                       0.00022
L_rmse_893                      -0.00199
L_rmse_894                      -0.00216
L_rmse_895                       0.00190
L_rmse_896                       0.00440
L_rmse_897                       0.00584
L_rmse_898                      -0.00774
L_rmse_899                       0.00081
L_rmse_900                       0.00032
L_rmse_901                      -0.00560
L_rmse_902                       0.01685
L_rmse_903                      -0.00137
L_rmse_904                      -0.00912
L_rmse_905                       0.00377
L_rmse_906                       0.00325
L_rmse_907                      -0.00307
L_rmse_908                       0.00217
L_rmse_909                      -0.00727
L_rmse_910                       0.00266
L_rmse_911                       0.00321
L_rmse_912                       0.00097
L_rmse_913                      -0.00130
L_rmse_914                      -0.00035
L_rmse_915                      -0.00225
L_rmse_916                       0.00659
L_rmse_917                      -0.00492
L_rmse_918                       0.00865
L_rmse_919                       0.00116
L_rmse_920                       0.01048
L_rmse_921                       0.00532
L_rmse_922                       0.01118
L_rmse_923                      -0.00146
L_rmse_924                       0.00779
L_rmse_925                       0.00556
L_rmse_926                       0.00447
L_rmse_927                       0.00041
L_rmse_928                       0.00019
L_rmse_929                       0.00183
L_rmse_930                       0.00031
L_rmse_931                       0.00420
L_rmse_932                       0.00807
L_rmse_933                      -0.00116
L_rmse_934                      -0.00182
L_rmse_935                       0.00113
L_rmse_936                      -0.00285
L_rmse_937                      -0.00449
L_rmse_938                      -0.00066
L_rmse_939                      -0.00070
L_rmse_940                       0.00799
L_rmse_941                       0.00184
L_rmse_942                      -0.00317
L_rmse_943                       0.00271
L_rmse_944                      -0.00328
L_rmse_945                       0.00453
L_rmse_946                       0.00710
L_rmse_947                      -0.00198
L_rmse_948                      -0.00083
L_rmse_949                      -0.00706
L_rmse_950                       0.00570
L_rmse_951                       0.00433
L_rmse_952                      -0.00211
L_rmse_953                       0.00631
L_rmse_954                      -0.00369
L_rmse_955                       0.00321
L_rmse_956                      -0.00048
L_rmse_957                       0.00229
L_rmse_958                      -0.00298
L_rmse_959                      -0.00455
L_rmse_960                      -0.00431
L_rmse_961                       0.00218
L_rmse_962                       0.00506
L_rmse_963                      -0.00003
L_rmse_964                      -0.00347
L_rmse_965                       0.00039
L_rmse_966                       0.00395
L_rmse_967                      -0.00084
L_rmse_968                      -0.00437
L_rmse_969                       0.00091
L_rmse_970                       0.01036
L_rmse_971                       0.00527
L_rmse_972                      -0.00376
L_rmse_973                      -0.00521
L_rmse_974                       0.00038
L_rmse_975                      -0.00329
L_rmse_976                      -0.01014
L_rmse_977                       0.00051
L_rmse_978                      -0.00592
L_rmse_979                       0.00151
L_rmse_980                       0.00269
L_rmse_981                      -0.00107
L_rmse_982                       0.00395
L_rmse_983                       0.00718
L_rmse_984                       0.00747
L_rmse_985                      -0.00601
L_rmse_986                       0.00236
L_rmse_987                      -0.01268
L_rmse_988                       0.00283
L_rmse_989                      -0.00439
L_rmse_990                      -0.00238
L_rmse_991                       0.00299
L_rmse_992                      -0.00648
L_rmse_993                       0.00121
L_rmse_994                       0.00098
L_rmse_995                       0.00454
L_rmse_996                      -0.00329
L_rmse_997                       0.00808
L_rmse_998                       0.00945
L_rmse_999                       0.00122
L_rmse_1000                     -0.00518
L_rmse_1001                     -0.00173
L_rmse_1002                      0.00640
L_rmse_1003                      0.00189
L_rmse_1004                      0.00332
L_rmse_1005                      0.00587
L_rmse_1006                      0.00514
L_rmse_1007                     -0.00233
L_rmse_1008                      0.00531
L_rmse_1009                     -0.00251
L_rmse_1010                     -0.00013
L_rmse_1011                      0.00317
L_rmse_1012                      0.00062
L_rmse_1013                      0.01024
L_rmse_1014                     -0.00071
L_rmse_1015                      0.00262
L_rmse_1016                     -0.00952
L_rmse_1017                     -0.00294
L_rmse_1018                     -0.00678
L_rmse_1019                      0.00034
L_rmse_1020                      0.01218
L_rmse_1021                      0.00552
L_rmse_1022                      0.00319
L_rmse_1023                      0.00621
L_rmse_1024                     -0.00067
L_rmse_1025                     -0.00568
L_rmse_1026                     -0.00044
L_rmse_1027                     -0.00046
L_rmse_1028                      0.00957
L_rmse_1029                     -0.00293
L_rmse_1030                      0.00426
L_rmse_1031                      0.00252
L_rmse_1032                     -0.00014
L_rmse_1033                     -0.00121
L_rmse_1034                     -0.00352
L_rmse_1035                      0.01389
L_rmse_1036                     -0.00363
L_rmse_1037                      0.00173
L_rmse_1038                     -0.00011
L_rmse_1039                     -0.00364
L_rmse_1040                      0.00481
L_rmse_1041                     -0.01547
L_rmse_1042                      0.00304
L_rmse_1043                      0.00777
L_rmse_1044                      0.00770
L_rmse_1045                      0.00916
L_rmse_1046                     -0.00452
L_rmse_1047                      0.00260
L_rmse_1048                     -0.00208
L_rmse_1049                      0.00296
L_rmse_1050                     -0.00152
L_rmse_1051                     -0.00028
L_rmse_1052                      0.00375
L_rmse_1053                     -0.00266
L_rmse_1054                      0.00001
L_rmse_1055                     -0.00874
L_rmse_1056                     -0.00206
L_rmse_1057                     -0.00002
L_rmse_1058                      0.00596
L_rmse_1059                     -0.00283
L_rmse_1060                     -0.00740
L_rmse_1061                      0.00320
L_rmse_1062                     -0.00181
L_rmse_1063                     -0.00278
L_rmse_1064                     -0.00353
L_rmse_1065                     -0.00364
L_rmse_1066                      0.01655
L_rmse_1067                      0.00214
L_rmse_1068                     -0.00443
L_rmse_1069                      0.00560
L_rmse_1070                      0.00483
L_rmse_1071                      0.01116
L_rmse_1072                     -0.00352
L_rmse_1073                     -0.00054
L_rmse_1074                     -0.00406
L_rmse_1075                      0.00508
L_rmse_1076                     -0.00885
L_rmse_1077                     -0.00138
L_rmse_1078                      0.00647
L_rmse_1079                     -0.00879
L_rmse_1080                      0.00345
L_rmse_1081                     -0.01394
L_rmse_1082                     -0.00755
L_rmse_1083                      0.00571
L_rmse_1084                      0.00387
L_rmse_1085                     -0.01027
L_rmse_1086                      0.01185
L_rmse_1087                     -0.00322
L_rmse_1088                     -0.00176
L_rmse_1089                      0.00162
L_rmse_1090                     -0.00380
L_rmse_1091                      0.00186
L_rmse_1092                     -0.00820
L_rmse_1093                     -0.00663
L_rmse_1094                      0.00216
L_rmse_1095                      0.00245
L_rmse_1096                     -0.00499
L_rmse_1097                      0.01680
L_rmse_1098                      0.00032
L_rmse_1099                     -0.00642
L_rmse_1100                      0.00733
L_rmse_1101                     -0.00051
L_rmse_1102                      0.00644
L_rmse_1103                      0.00321
L_rmse_1104                     -0.00025
L_rmse_1105                     -0.00828
L_rmse_1106                     -0.00047
L_rmse_1107                      0.01264
L_rmse_1108                      0.00011
L_rmse_1109                      0.00230
L_rmse_1110                      0.00794
L_rmse_1111                     -0.00131
L_rmse_1112                      0.00651
L_rmse_1113                      0.00125
L_rmse_1114                     -0.00339
L_rmse_1115                      0.00014
L_rmse_1116                     -0.00891
L_rmse_1117                      0.00510
L_rmse_1118                     -0.00237
L_rmse_1119                      0.00208
L_rmse_1120                     -0.00415
L_rmse_1121                     -0.00056
L_rmse_1122                      0.01363
L_rmse_1123                      0.00665
L_rmse_1124                      0.00128
L_rmse_1125                      0.00188
L_rmse_1126                     -0.00143
L_rmse_1127                      0.00275
L_rmse_1128                     -0.00596
L_rmse_1129                     -0.00395
L_rmse_1130                      0.00190
L_rmse_1131                      0.00257
L_rmse_1132                      0.00130
L_rmse_1133                      0.00240
L_rmse_1134                     -0.00169
L_rmse_1135                      0.00423
L_rmse_1136                     -0.00598
L_rmse_1137                     -0.00472
L_rmse_1138                     -0.00176
L_rmse_1139                      0.00381
L_rmse_1140                      0.00657
L_rmse_1141                     -0.00288
L_rmse_1142                      0.00559
L_rmse_1143                      0.00124
L_rmse_1144                     -0.00130
L_rmse_1145                     -0.00292
L_rmse_1146                     -0.00064
L_rmse_1147                      0.00218
L_rmse_1148                      0.00175
L_rmse_1149                      0.00516
L_rmse_1150                      0.00626
L_rmse_1151                      0.00670
decomp000                       -0.00125
decomp001                        0.00016
decomp002                        0.00205
decomp003                        0.00039
decomp004                        0.00325
decomp005                        0.00266
decomp006                       -0.00530
decomp007                       -0.00674
decomp008                        0.00159
decomp009                        0.00778
decomp010                        0.00122
decomp011                        0.00547
decomp012                        0.00697
decomp013                        0.00350
decomp014                       -0.00214
decomp015                        0.00101
decomp016                        0.00948
decomp017                        0.00368
decomp018                       -0.00375
decomp019                        0.00280
decomp020                       -0.00686
decomp021                       -0.00053
decomp022                        0.00842
decomp023                        0.00275
decomp024                       -0.00540
decomp025                        0.00743
decomp026                       -0.00457
decomp027                        0.00692
decomp028                       -0.00719
decomp029                        0.00880
decomp030                       -0.00474
decomp031                       -0.00267
decomp032                       -0.00119
decomp033                       -0.00200
decomp034                        0.00013
decomp035                       -0.00371
decomp036                       -0.00034
decomp037                        0.00343
decomp038                       -0.00274
decomp039                       -0.00917
decomp040                       -0.00115
decomp041                        0.00394
decomp042                       -0.00606
decomp043                        0.00146
decomp044                        0.00147
decomp045                       -0.00390
decomp046                       -0.00195
decomp047                       -0.00407
decomp048                        0.00273
decomp049                       -0.00760
min_model                       -0.00520
max_model                        0.00632
L_rmse_1_output                  0.00976
L_rmse_1_dev_from_mean          -0.00193
L_rmse_1_diff_from_int          -0.00156
L_rmse_1_recomp_error_0         -0.00463
L_rmse_1_recomp_error_0_abs      0.00107
L_rmse_1_recomp_error_0_sqr     -0.00105
L_rmse_1_recomp_error_1         -0.00442
L_rmse_1_recomp_error_1_abs     -0.00339
L_rmse_1_recomp_error_1_sqr     -0.00361
L_rmse_1_recomp_error_2         -0.00686
L_rmse_1_recomp_error_2_abs     -0.00320
L_rmse_1_recomp_error_2_sqr     -0.00291
L_rmse_1_recomp_error_3         -0.00403
L_rmse_1_recomp_error_3_abs     -0.00005
L_rmse_1_recomp_error_3_sqr     -0.00130
L_rmse_87_output                 0.00958
L_rmse_87_dev_from_mean          0.00316
L_rmse_87_diff_from_int          0.00197
L_rmse_87_recomp_error_0        -0.00187
L_rmse_87_recomp_error_0_abs     0.00179
L_rmse_87_recomp_error_0_sqr     0.00216
L_rmse_87_recomp_error_1        -0.00155
L_rmse_87_recomp_error_1_abs    -0.00315
L_rmse_87_recomp_error_1_sqr    -0.00338
L_rmse_87_recomp_error_2        -0.00529
L_rmse_87_recomp_error_2_abs     0.00521
L_rmse_87_recomp_error_2_sqr     0.00070
L_rmse_87_recomp_error_3        -0.00225
L_rmse_87_recomp_error_3_abs    -0.00049
L_rmse_87_recomp_error_3_sqr     0.00017
L_rmse_136_output                0.00997
L_rmse_136_dev_from_mean         0.00029
L_rmse_136_diff_from_int         0.00341
L_rmse_136_recomp_error_0        0.00232
L_rmse_136_recomp_error_0_abs   -0.00478
L_rmse_136_recomp_error_0_sqr   -0.00382
L_rmse_136_recomp_error_1        0.00486
L_rmse_136_recomp_error_1_abs   -0.00338
L_rmse_136_recomp_error_1_sqr    0.00104
L_rmse_136_recomp_error_2        0.00489
L_rmse_136_recomp_error_2_abs    0.00047
L_rmse_136_recomp_error_2_sqr    0.00009
L_rmse_136_recomp_error_3        0.00016
L_rmse_136_recomp_error_3_abs    0.00170
L_rmse_136_recomp_error_3_sqr   -0.00098
L_rmse_262_output                0.01137
L_rmse_262_dev_from_mean         0.00332
L_rmse_262_diff_from_int        -0.00829
L_rmse_262_recomp_error_0       -0.00156
L_rmse_262_recomp_error_0_abs    0.00220
L_rmse_262_recomp_error_0_sqr    0.00254
L_rmse_262_recomp_error_1        0.00245
L_rmse_262_recomp_error_1_abs   -0.00201
L_rmse_262_recomp_error_1_sqr    0.00134
L_rmse_262_recomp_error_2        0.00052
L_rmse_262_recomp_error_2_abs   -0.00015
L_rmse_262_recomp_error_2_sqr    0.00033
L_rmse_262_recomp_error_3       -0.00711
L_rmse_262_recomp_error_3_abs    0.00349
L_rmse_262_recomp_error_3_sqr    0.00174
L_rmse_308_output               -0.00094
L_rmse_308_dev_from_mean        -0.00363
L_rmse_308_diff_from_int         0.00344
L_rmse_308_recomp_error_0        0.00179
L_rmse_308_recomp_error_0_abs    0.00269
L_rmse_308_recomp_error_0_sqr    0.00249
L_rmse_308_recomp_error_1        0.00759
L_rmse_308_recomp_error_1_abs   -0.00123
L_rmse_308_recomp_error_1_sqr   -0.00024
L_rmse_308_recomp_error_2        0.00729
L_rmse_308_recomp_error_2_abs    0.00348
L_rmse_308_recomp_error_2_sqr    0.00031
L_rmse_308_recomp_error_3        0.00940
L_rmse_308_recomp_error_3_abs   -0.00612
L_rmse_308_recomp_error_3_sqr   -0.00118
L_rmse_742_output                0.00446
L_rmse_742_dev_from_mean         0.00048
L_rmse_742_diff_from_int         0.00581
L_rmse_742_recomp_error_0        0.00027
L_rmse_742_recomp_error_0_abs    0.00793
L_rmse_742_recomp_error_0_sqr    0.00602
L_rmse_742_recomp_error_1        0.00877
L_rmse_742_recomp_error_1_abs    0.00460
L_rmse_742_recomp_error_1_sqr    0.00329
L_rmse_742_recomp_error_2        0.00529
L_rmse_742_recomp_error_2_abs    0.00440
L_rmse_742_recomp_error_2_sqr    0.00028
L_rmse_742_recomp_error_3        0.00288
L_rmse_742_recomp_error_3_abs   -0.00325
L_rmse_742_recomp_error_3_sqr   -0.00171
L_rmse_879_output                0.01115
L_rmse_879_dev_from_mean         0.00359
L_rmse_879_diff_from_int         0.00514
L_rmse_879_recomp_error_0       -0.00071
L_rmse_879_recomp_error_0_abs   -0.00445
L_rmse_879_recomp_error_0_sqr   -0.00461
L_rmse_879_recomp_error_1        0.00221
L_rmse_879_recomp_error_1_abs   -0.00399
L_rmse_879_recomp_error_1_sqr    0.00002
L_rmse_879_recomp_error_2        0.00062
L_rmse_879_recomp_error_2_abs    0.00241
L_rmse_879_recomp_error_2_sqr    0.00029
L_rmse_879_recomp_error_3       -0.00501
L_rmse_879_recomp_error_3_abs    0.00280
L_rmse_879_recomp_error_3_sqr   -0.00033
L_rmse_1035_output               0.01293
L_rmse_1035_dev_from_mean        0.00065
L_rmse_1035_diff_from_int        0.00180
L_rmse_1035_recomp_error_0      -0.00186
L_rmse_1035_recomp_error_0_abs   0.00068
L_rmse_1035_recomp_error_0_sqr   0.00191
L_rmse_1035_recomp_error_1       0.00200
L_rmse_1035_recomp_error_1_abs  -0.00169
L_rmse_1035_recomp_error_1_sqr   0.00097
L_rmse_1035_recomp_error_2      -0.00212
L_rmse_1035_recomp_error_2_abs   0.00372
L_rmse_1035_recomp_error_2_sqr   0.00106
L_rmse_1035_recomp_error_3      -0.00238
L_rmse_1035_recomp_error_3_abs   0.00281
L_rmse_1035_recomp_error_3_sqr  -0.00024
L_rmse_1107_output               0.01170
L_rmse_1107_dev_from_mean        0.00492
L_rmse_1107_diff_from_int        0.00060
L_rmse_1107_recomp_error_0      -0.00095
L_rmse_1107_recomp_error_0_abs  -0.00037
L_rmse_1107_recomp_error_0_sqr   0.00232
L_rmse_1107_recomp_error_1       0.00427
L_rmse_1107_recomp_error_1_abs  -0.00253
L_rmse_1107_recomp_error_1_sqr  -0.00057
L_rmse_1107_recomp_error_2       0.00108
L_rmse_1107_recomp_error_2_abs  -0.00262
L_rmse_1107_recomp_error_2_sqr  -0.00066
L_rmse_1107_recomp_error_3      -0.00128
L_rmse_1107_recomp_error_3_abs   0.00093
L_rmse_1107_recomp_error_3_sqr   0.00027
L_rmse_1151_output               0.00989
L_rmse_1151_dev_from_mean        0.00080
L_rmse_1151_diff_from_int        0.00238
L_rmse_1151_recomp_error_0      -0.00001
L_rmse_1151_recomp_error_0_abs   0.00248
L_rmse_1151_recomp_error_0_sqr   0.00726
L_rmse_1151_recomp_error_1       0.00551
L_rmse_1151_recomp_error_1_abs  -0.00172
L_rmse_1151_recomp_error_1_sqr  -0.00174
L_rmse_1151_recomp_error_2       0.00237
L_rmse_1151_recomp_error_2_abs  -0.00128
L_rmse_1151_recomp_error_2_sqr  -0.00076
L_rmse_1151_recomp_error_3       0.00070
L_rmse_1151_recomp_error_3_abs   0.00199
L_rmse_1151_recomp_error_3_sqr   0.00050
recomp_error_0_rmse             -0.00016
recomp_error_1_rmse             -0.00059
recomp_error_2_rmse              0.00019
recomp_error_3_rmse              0.00095
avg_model_chosen                 0.01285
models_mean                      0.00286
models_std                       0.00031
models_min                      -0.00238
models_max                       0.00652
models_range                     0.00512
models_range_dev_high           -0.00110
models_range_dev_low             0.00227
diff_mean_10_all                -0.01139
abs_diff_mean_10_all            -0.00891
bias                            -0.04478
chose model 1034 L_rmse_1035
chose model 261 L_rmse_262
chose model 135 L_rmse_136
chose model 1106 L_rmse_1107
chose model 741 L_rmse_742
chose model 878 L_rmse_879
chose model 0 L_rmse_1
chose model 307 L_rmse_308
chose model 1150 L_rmse_1151
chose model 86 L_rmse_87
processing 10000 predictions...

0%   10   20   30   40   50   60   70   80   90   100%
|----|----|----|----|----|----|----|----|----|----|
***************************************************
 done.
elapsed: [16688.03s cpu, 9647358.1070 mticks, 3609.56s wall]
score: 0.4389  baseline: 0.4419  diff: -0.00304
category UNKNOWN: count 0 avg error 0 baseline avg error 0 avg improvement 0
category AUTO: count 3291 avg error 0.0199446 baseline avg error 0.0190967 avg improvement -0.000847916
category POSS: count 6143 avg error 0.193055 baseline avg error 0.198165 avg improvement 0.00510997
category IMP: count 566 avg error 1.19183 baseline avg error 1.18856 avg improvement -0.00326802
overall: count 10000 avg error 0.192615 baseline avg error 0.19529 avg improvement 0.00267503
worst entries: 
0: 3141  label: 1 pred: -0.462249 bl: -0.21565 IMP error_pred: 2.13817 error_bl: 1.4778 improvement: -0.660366
    min: -0.913  max: 0.2535 avg: -0.309709
explanation: 


1: 7658  label: -1 pred: 0.598091 bl: 0.4307 IMP error_pred: 2.55389 error_bl: 2.0469 improvement: -0.506992
    min: 0.1395  max: 1 avg: 0.64067
explanation: 


2: 1616  label: -1 pred: 0.743551 bl: 0.59435 IMP error_pred: 3.03997 error_bl: 2.54195 improvement: -0.498017
    min: -0.119  max: 0.9595 avg: 0.501932
explanation: 


3: 5995  label: -1 pred: 0.948438 bl: 0.82345 IMP error_pred: 3.79641 error_bl: 3.32497 improvement: -0.471439
    min: 0.3835  max: 1 avg: 0.84387
explanation: 


4: 1614  label: 0.5 pred: -0.823902 bl: -0.69215 IMP error_pred: 1.75272 error_bl: 1.42122 improvement: -0.331495
    min: -0.8675  max: -0.187 avg: -0.585745
explanation: 


5: 3601  label: -1 pred: 0.913517 bl: 0.8256 IMP error_pred: 3.66155 error_bl: 3.33282 improvement: -0.328734
    min: 0.405  max: 1 avg: 0.749457
explanation: 


6: 7945  label: 1 pred: -0.325272 bl: -0.1949 IMP error_pred: 1.75635 error_bl: 1.42779 improvement: -0.32856
    min: -0.859  max: 0.1975 avg: -0.247744
explanation: 


7: 3316  label: -0.5 pred: 0.517869 bl: 0.3521 POSS error_pred: 1.03606 error_bl: 0.726074 improvement: -0.309983
    min: -0.2765  max: 0.77 avg: 0.371451
explanation: 


8: 3747  label: -1 pred: 0.567326 bl: 0.4676 IMP error_pred: 2.45651 error_bl: 2.15385 improvement: -0.302662
    min: 0.0255  max: 1 avg: 0.540339
explanation: 


9: 5521  label: -0.5 pred: 0.589713 bl: 0.44195 POSS error_pred: 1.18748 error_bl: 0.88727 improvement: -0.300206
    min: -0.177  max: 1 avg: 0.540279
explanation: 


10: 8391  label: -1 pred: 0.285166 bl: 0.16505 POSS error_pred: 1.65165 error_bl: 1.35734 improvement: -0.29431
    min: -0.5615  max: 0.82 avg: 0.298011
explanation: 


11: 9090  label: 0 pred: 0.71857 bl: 0.47445 POSS error_pred: 0.516343 error_bl: 0.225103 improvement: -0.29124
    min: -0.2365  max: 0.9525 avg: 0.524036
explanation: 


12: 7723  label: -1 pred: 0.676329 bl: 0.58885 IMP error_pred: 2.81008 error_bl: 2.52444 improvement: -0.285633
    min: 0.1985  max: 0.9065 avg: 0.523189
explanation: 


13: 3052  label: -0.5 pred: 0.120326 bl: -0.1758 POSS error_pred: 0.384804 error_bl: 0.105106 improvement: -0.279699
    min: -0.9655  max: 0.802 avg: 0.181879
explanation: 


14: 2692  label: 0.5 pred: -0.533159 bl: -0.38845 POSS error_pred: 1.06742 error_bl: 0.789343 improvement: -0.278075
    min: -1  max: 0.501 avg: -0.525194
explanation: 


15: 1427  label: -1 pred: 0.321204 bl: 0.2117 IMP error_pred: 1.74558 error_bl: 1.46822 improvement: -0.277364
    min: -0.1875  max: 0.7725 avg: 0.296835
explanation: 


16: 3533  label: -1 pred: 0.53129 bl: 0.4414 IMP error_pred: 2.34485 error_bl: 2.07763 improvement: -0.267214
    min: 0.034  max: 0.792 avg: 0.473887
explanation: 


17: 5206  label: -0.5 pred: 0.437552 bl: 0.2831 POSS error_pred: 0.879005 error_bl: 0.613246 improvement: -0.265759
    min: -0.3185  max: 0.975 avg: 0.375048
explanation: 


18: 4522  label: -0.5 pred: 0.427125 bl: 0.2734 POSS error_pred: 0.859561 error_bl: 0.598148 improvement: -0.261414
    min: -0.1795  max: 0.711 avg: 0.370559
explanation: 


19: 7384  label: -0.5 pred: 0.697305 bl: 0.5864 IMP error_pred: 1.43354 error_bl: 1.18027 improvement: -0.253273
    min: 0.2635  max: 1 avg: 0.649139
explanation: 


20: 8228  label: 1 pred: 0.016972 bl: 0.1549 POSS error_pred: 0.966344 error_bl: 0.714194 improvement: -0.25215
    min: -0.5005  max: 0.703 avg: 0.0535464
explanation: 


21: 6914  label: 1 pred: -0.20228 bl: -0.09435 IMP error_pred: 1.44548 error_bl: 1.1976 improvement: -0.247875
    min: -0.5305  max: 0.3005 avg: -0.0922407
explanation: 


22: 2392  label: -1 pred: 0.498817 bl: 0.41385 IMP error_pred: 2.24645 error_bl: 1.99897 improvement: -0.247482
    min: -0.448  max: 0.854 avg: 0.401099
explanation: 


23: 8571  label: 1 pred: 0.0929295 bl: 0.23935 POSS error_pred: 0.822777 error_bl: 0.578588 improvement: -0.244189
    min: -0.0875  max: 0.619 avg: 0.259447
explanation: 


24: 8269  label: 1 pred: -0.243108 bl: -0.1438 IMP error_pred: 1.54532 error_bl: 1.30828 improvement: -0.23704
    min: -0.7655  max: 0.1575 avg: -0.228217
explanation: 


25: 5891  label: 1 pred: -0.114225 bl: -0.0023 IMP error_pred: 1.2415 error_bl: 1.00461 improvement: -0.236892
    min: -0.483  max: 0.3535 avg: -0.0239522
explanation: 


26: 4530  label: -0.5 pred: 0.580614 bl: 0.46675 POSS error_pred: 1.16773 error_bl: 0.934606 improvement: -0.233121
    min: -0.0565  max: 0.814 avg: 0.400506
explanation: 


27: 5640  label: 1 pred: -0.461521 bl: -0.3804 IMP error_pred: 2.13604 error_bl: 1.9055 improvement: -0.23054
    min: -0.865  max: 0.2105 avg: -0.356905
explanation: 


28: 8533  label: -1 pred: 0.604787 bl: 0.53145 IMP error_pred: 2.57534 error_bl: 2.34534 improvement: -0.230002
    min: -0.389  max: 0.964 avg: 0.431035
explanation: 


29: 3723  label: 0 pred: 0.673723 bl: 0.4743 POSS error_pred: 0.453903 error_bl: 0.22496 improvement: -0.228942
    min: 0.1335  max: 0.9925 avg: 0.579971
explanation: 


30: 2711  label: -1 pred: 0.222971 bl: 0.12715 IMP error_pred: 1.49566 error_bl: 1.27047 improvement: -0.225191
    min: -0.356  max: 0.693 avg: 0.136363
explanation: 


31: 2098  label: 0.5 pred: -0.519727 bl: -0.4034 IMP error_pred: 1.03984 error_bl: 0.816132 improvement: -0.223711
    min: -0.6845  max: -0.0455 avg: -0.383646
explanation: 


32: 7358  label: -1 pred: 0.27825 bl: 0.1882 IMP error_pred: 1.63392 error_bl: 1.41182 improvement: -0.222105
    min: -0.358  max: 0.7835 avg: 0.254847
explanation: 


33: 2732  label: 1 pred: -0.134559 bl: -0.0328 IMP error_pred: 1.28722 error_bl: 1.06668 improvement: -0.220549
    min: -0.66  max: 0.239 avg: -0.050427
explanation: 


34: 1072  label: -1 pred: -0.108367 bl: -0.24175 POSS error_pred: 0.79501 error_bl: 0.574943 improvement: -0.220067
    min: -0.824  max: 0.6175 avg: -0.0853454
explanation: 


35: 1423  label: -0.5 pred: 0.286659 bl: 0.1348 POSS error_pred: 0.618832 error_bl: 0.402971 improvement: -0.215861
    min: -0.1415  max: 0.879 avg: 0.157002
explanation: 


36: 16  label: -1 pred: 0.766991 bl: 0.70605 IMP error_pred: 3.12226 error_bl: 2.91061 improvement: -0.211652
    min: 0.4335  max: 0.944 avg: 0.740972
explanation: 


37: 1088  label: -0.5 pred: 0.645822 bl: 0.55025 IMP error_pred: 1.31291 error_bl: 1.10303 improvement: -0.209882
    min: 0.2445  max: 0.967 avg: 0.551988
explanation: 


38: 8352  label: -0.5 pred: 0.209327 bl: 0.04295 POSS error_pred: 0.503145 error_bl: 0.294795 improvement: -0.208351
    min: -0.644  max: 0.9755 avg: 0.156781
explanation: 


39: 6780  label: -0.5 pred: 0.226325 bl: 0.06525 POSS error_pred: 0.527548 error_bl: 0.319508 improvement: -0.208041
    min: -0.4835  max: 0.8265 avg: 0.0866138
explanation: 


40: 3656  label: -1 pred: 0.490519 bl: 0.41925 IMP error_pred: 2.22165 error_bl: 2.01427 improvement: -0.207376
    min: -0.0065  max: 0.672 avg: 0.378233
explanation: 


41: 7505  label: 1 pred: -0.0274782 bl: 0.0781 IMP error_pred: 1.05571 error_bl: 0.8499 improvement: -0.205812
    min: -0.2605  max: 0.2615 avg: 0.0588315
explanation: 


42: 5388  label: -1 pred: 0.0239852 bl: -0.08185 IMP error_pred: 1.04855 error_bl: 0.842999 improvement: -0.205546
    min: -0.3365  max: 0.4145 avg: -0.0298519
explanation: 


43: 8619  label: -1 pred: 0.543573 bl: 0.47715 IMP error_pred: 2.38262 error_bl: 2.18197 improvement: -0.200646
    min: 0.1375  max: 0.8695 avg: 0.572918
explanation: 


44: 7668  label: 0.5 pred: 0.992083 bl: 0.70535 POSS error_pred: 0.242145 error_bl: 0.0421686 improvement: -0.199977
    min: -0.209  max: 1 avg: 0.547377
explanation: 


45: 1890  label: -1 pred: 0.150418 bl: 0.05995 IMP error_pred: 1.32346 error_bl: 1.12349 improvement: -0.199968
    min: -0.2325  max: 0.754 avg: 0.221467
explanation: 


46: 282  label: 0.5 pred: -0.365524 bl: -0.24345 POSS error_pred: 0.749132 error_bl: 0.552718 improvement: -0.196414
    min: -0.6835  max: 0.2195 avg: -0.307535
explanation: 


47: 2131  label: 1 pred: -0.254429 bl: -0.17435 POSS error_pred: 1.57359 error_bl: 1.3791 improvement: -0.194494
    min: -0.836  max: 0.7185 avg: -0.101676
explanation: 


48: 2734  label: 0.5 pred: -0.396442 bl: -0.2806 POSS error_pred: 0.803609 error_bl: 0.609336 improvement: -0.194273
    min: -0.6565  max: 0.3335 avg: -0.214658
explanation: 


49: 428  label: -0.5 pred: 0.596762 bl: 0.50625 POSS error_pred: 1.20289 error_bl: 1.01254 improvement: -0.190348
    min: -0.0675  max: 0.8265 avg: 0.383689
explanation: 


best entries: 
0: 8920  label: -1 pred: 0.718375 bl: 0.90015 IMP error_pred: 2.95281 error_bl: 3.61057 improvement: 0.657757
1: 5180  label: 1 pred: 0.159393 bl: -0.1094 POSS error_pred: 0.70662 error_bl: 1.23077 improvement: 0.524149
2: 7277  label: 1 pred: 0.164061 bl: -0.07685 POSS error_pred: 0.698794 error_bl: 1.15961 improvement: 0.460812
3: 9875  label: 1 pred: -0.145806 bl: -0.322 POSS error_pred: 1.31287 error_bl: 1.74768 improvement: 0.434812
4: 3642  label: 1 pred: 0.153647 bl: -0.07035 POSS error_pred: 0.716314 error_bl: 1.14565 improvement: 0.429335
5: 8914  label: -1 pred: 0.550468 bl: 0.6812 IMP error_pred: 2.40395 error_bl: 2.82643 improvement: 0.422482
6: 5420  label: -0.5 pred: 0.263786 bl: 0.48615 POSS error_pred: 0.583369 error_bl: 0.972492 improvement: 0.389123
7: 8833  label: -1 pred: 0.33224 bl: 0.4598 IMP error_pred: 1.77486 error_bl: 2.13102 improvement: 0.356152
8: 1315  label: -1 pred: -0.220789 bl: -0.02225 POSS error_pred: 0.607169 error_bl: 0.955995 improvement: 0.348826
9: 6562  label: -1 pred: -0.123636 bl: 0.05675 POSS error_pred: 0.768014 error_bl: 1.11672 improvement: 0.348707
10: 5548  label: -1 pred: -0.0510056 bl: 0.1174 IMP error_pred: 0.90059 error_bl: 1.24858 improvement: 0.347993
11: 1759  label: -1 pred: -0.142058 bl: 0.03225 IMP error_pred: 0.736065 error_bl: 1.06554 improvement: 0.329476
12: 3053  label: -1 pred: -0.338782 bl: -0.13055 POSS error_pred: 0.437209 error_bl: 0.755943 improvement: 0.318734
13: 1274  label: -1 pred: 0.0574973 bl: 0.1973 POSS error_pred: 1.1183 error_bl: 1.43353 improvement: 0.315227
14: 8421  label: -1 pred: 0.0579118 bl: 0.1951 IMP error_pred: 1.11918 error_bl: 1.42826 improvement: 0.309086
15: 3836  label: 1 pred: -0.0752896 bl: -0.2099 POSS error_pred: 1.15625 error_bl: 1.46386 improvement: 0.30761
16: 4302  label: -1 pred: -0.0100226 bl: 0.1268 IMP error_pred: 0.980055 error_bl: 1.26968 improvement: 0.289623
17: 4403  label: -1 pred: 0.22659 bl: 0.33595 IMP error_pred: 1.50452 error_bl: 1.78476 improvement: 0.28024
18: 1117  label: -1 pred: -0.114167 bl: 0.0313 POSS error_pred: 0.7847 error_bl: 1.06358 improvement: 0.278879
19: 1093  label: -1 pred: -0.167155 bl: -0.0146 IMP error_pred: 0.69363 error_bl: 0.971013 improvement: 0.277383
20: 8515  label: -1 pred: -0.356277 bl: -0.1718 POSS error_pred: 0.41438 error_bl: 0.685915 improvement: 0.271535
21: 9408  label: 1 pred: 0.331115 bl: 0.15615 POSS error_pred: 0.447407 error_bl: 0.712083 improvement: 0.264676
22: 4515  label: 1 pred: -0.0354987 bl: -0.15605 IMP error_pred: 1.07226 error_bl: 1.33645 improvement: 0.264194
23: 4268  label: 1 pred: -0.032948 bl: -0.15355 POSS error_pred: 1.06698 error_bl: 1.33068 improvement: 0.263696
24: 1949  label: -1 pred: -0.150318 bl: -0.0088 POSS error_pred: 0.721959 error_bl: 0.982477 improvement: 0.260518
25: 2912  label: -1 pred: -0.380371 bl: -0.19775 POSS error_pred: 0.383941 error_bl: 0.643605 improvement: 0.259665
26: 9696  label: 1 pred: 0.318424 bl: 0.15015 POSS error_pred: 0.464546 error_bl: 0.722245 improvement: 0.257699
27: 6768  label: 1 pred: 0.34579 bl: 0.1742 POSS error_pred: 0.42799 error_bl: 0.681946 improvement: 0.253955
28: 420  label: -0.5 pred: 0.615934 bl: 0.7222 IMP error_pred: 1.24531 error_bl: 1.49377 improvement: 0.248465
29: 1764  label: 1 pred: 0.63158 bl: 0.38425 POSS error_pred: 0.135733 error_bl: 0.379148 improvement: 0.243415
30: 4335  label: -1 pred: 0.730827 bl: 0.7993 IMP error_pred: 2.99576 error_bl: 3.23748 improvement: 0.241719
31: 4306  label: -1 pred: 0.468175 bl: 0.54745 IMP error_pred: 2.15554 error_bl: 2.3946 improvement: 0.239064
32: 5507  label: 0.5 pred: -0.472732 bl: -0.5863 POSS error_pred: 0.946208 error_bl: 1.18005 improvement: 0.23384
33: 6313  label: 0 pred: -0.448788 bl: -0.6559 POSS error_pred: 0.201411 error_bl: 0.430205 improvement: 0.228794
34: 9302  label: -1 pred: -0.184122 bl: -0.0557 POSS error_pred: 0.665658 error_bl: 0.891702 improvement: 0.226045
35: 22  label: -1 pred: -0.0675851 bl: 0.04295 IMP error_pred: 0.869397 error_bl: 1.08774 improvement: 0.218347
36: 938  label: 0.5 pred: -0.588487 bl: -0.68355 POSS error_pred: 1.1848 error_bl: 1.40079 improvement: 0.215987
37: 3160  label: 1 pred: -0.0141478 bl: -0.1153 POSS error_pred: 1.0285 error_bl: 1.24389 improvement: 0.215398
38: 2441  label: -1 pred: 0.106604 bl: 0.19995 POSS error_pred: 1.22457 error_bl: 1.43988 improvement: 0.215308
39: 2446  label: -0.5 pred: 0.293171 bl: 0.41835 IMP error_pred: 0.62912 error_bl: 0.843367 improvement: 0.214247
40: 5802  label: -1 pred: -0.10067 bl: 0.0096 POSS error_pred: 0.808794 error_bl: 1.01929 improvement: 0.210498
41: 9052  label: -0.5 pred: 0.488914 bl: 0.58975 IMP error_pred: 0.97795 error_bl: 1.18756 improvement: 0.209605
42: 4059  label: -0.5 pred: 0.258376 bl: 0.38445 POSS error_pred: 0.575134 error_bl: 0.782252 improvement: 0.207118
43: 1259  label: -0.5 pred: 0.56467 bl: 0.6549 POSS error_pred: 1.13352 error_bl: 1.33379 improvement: 0.200272
44: 9325  label: -1 pred: 0.0481376 bl: 0.13895 IMP error_pred: 1.09859 error_bl: 1.29721 improvement: 0.198615
45: 8495  label: 1 pred: 0.197454 bl: 0.08205 POSS error_pred: 0.64408 error_bl: 0.842632 improvement: 0.198552
46: 3751  label: 1 pred: 0.161759 bl: 0.0518 POSS error_pred: 0.702649 error_bl: 0.899083 improvement: 0.196435
47: 8975  label: -0.5 pred: -0.0690789 bl: 0.1166 POSS error_pred: 0.185693 error_bl: 0.380196 improvement: 0.194503
48: 5036  label: -1 pred: 0.3487 bl: 0.4187 IMP error_pred: 1.81899 error_bl: 2.01271 improvement: 0.193718
49: 6843  label: -1 pred: -0.375736 bl: -0.23855 POSS error_pred: 0.389705 error_bl: 0.579806 improvement: 0.190101

total is 0
score for UNKNOWN: nan baseline: nan diff:    nan
total is 3291
score for AUTO: 0.1412 baseline: 0.1382 diff: 0.0030
total is 6143
score for POSS: 0.4394 baseline: 0.4452 diff: -0.0058
total is 566
score for IMP: 1.0917 baseline: 1.0902 diff: 0.0015
writing 50000 official test outputs

0%   10   20   30   40   50   60   70   80   90   100%
|----|----|----|----|----|----|----|----|----|----|
***************************************************
scores: [ 0.438879 ]
0.4389 +/-    nan
16878.34user 27.72system 1:01:10elapsed 460%CPU (0avgtext+0avgdata 0maxresident)k
0inputs+1104outputs (0major+10358373minor)pagefaults 0swaps
