loading data...applying decomposition
done.
training 500 models

0%   10   20   30   40   50   60   70   80   90   100%
|----|----|----|----|----|----|----|----|----|----|
***************************************************
M_rmse_1                        -0.01028
M_rmse_2                        -0.00561
M_rmse_3                        -0.00209
M_rmse_4                         0.00397
M_rmse_5                         0.01406
M_rmse_6                         0.02625
M_rmse_7                        -0.00355
M_rmse_8                         0.01438
M_rmse_9                         0.00877
M_rmse_10                       -0.00685
M_rmse_11                       -0.00654
M_rmse_12                        0.02029
M_rmse_13                        0.00402
M_rmse_14                        0.00778
M_rmse_15                       -0.00493
M_rmse_16                       -0.01105
M_rmse_17                        0.01604
M_rmse_18                        0.01661
M_rmse_19                        0.01719
M_rmse_20                        0.01970
M_rmse_21                       -0.01328
M_rmse_22                       -0.00774
M_rmse_23                        0.02388
M_rmse_24                       -0.00275
M_rmse_25                        0.02102
M_rmse_26                       -0.01605
M_rmse_27                       -0.01197
M_rmse_28                        0.00877
M_rmse_29                       -0.00094
M_rmse_30                       -0.03667
M_rmse_31                        0.00380
M_rmse_32                        0.03088
M_rmse_33                       -0.00935
M_rmse_34                        0.01001
M_rmse_35                        0.03517
M_rmse_36                        0.01999
M_rmse_37                        0.03207
M_rmse_38                        0.01167
M_rmse_39                       -0.00392
M_rmse_40                       -0.00012
M_rmse_41                       -0.00910
M_rmse_42                       -0.00024
M_rmse_43                       -0.01457
M_rmse_44                        0.01138
M_rmse_45                       -0.02116
M_rmse_46                       -0.00340
M_rmse_47                        0.03012
M_rmse_48                       -0.00977
M_rmse_49                        0.00572
M_rmse_50                        0.00668
M_rmse_51                       -0.02592
M_rmse_52                       -0.00978
M_rmse_53                        0.02641
M_rmse_54                        0.00742
M_rmse_55                       -0.03610
M_rmse_56                       -0.00604
M_rmse_57                       -0.01089
M_rmse_58                        0.01199
M_rmse_59                       -0.02425
M_rmse_60                       -0.00662
M_rmse_61                       -0.01052
M_rmse_62                        0.03576
M_rmse_63                       -0.01241
M_rmse_64                       -0.00326
M_rmse_65                        0.01533
M_rmse_66                       -0.02708
M_rmse_67                       -0.00027
M_rmse_68                        0.02341
M_rmse_69                        0.02129
M_rmse_70                        0.01650
M_rmse_71                        0.01142
M_rmse_72                        0.01153
M_rmse_73                       -0.00969
M_rmse_74                        0.01113
M_rmse_75                        0.01618
M_rmse_76                        0.00007
M_rmse_77                        0.03049
M_rmse_78                       -0.01407
M_rmse_79                       -0.00217
M_rmse_80                        0.00674
M_rmse_81                        0.00026
M_rmse_82                       -0.00874
M_rmse_83                        0.02402
M_rmse_84                        0.01386
M_rmse_85                        0.03555
M_rmse_86                        0.01279
M_rmse_87                        0.00182
M_rmse_88                        0.02225
M_rmse_89                       -0.01323
M_rmse_90                        0.00205
M_rmse_91                        0.01361
M_rmse_92                        0.00506
M_rmse_93                       -0.00751
M_rmse_94                        0.00910
M_rmse_95                       -0.01362
M_rmse_96                       -0.02051
M_rmse_97                        0.00364
M_rmse_98                        0.00399
M_rmse_99                       -0.01559
M_rmse_100                       0.00451
M_rmse_101                      -0.00306
M_rmse_102                      -0.00201
M_rmse_103                      -0.00308
M_rmse_104                      -0.00758
M_rmse_105                       0.00504
M_rmse_106                       0.00712
M_rmse_107                       0.00966
M_rmse_108                       0.02578
M_rmse_109                       0.00205
M_rmse_110                       0.00517
M_rmse_111                      -0.01229
M_rmse_112                       0.01319
M_rmse_113                       0.00787
M_rmse_114                       0.00379
M_rmse_115                       0.01659
M_rmse_116                       0.01292
M_rmse_117                      -0.00494
M_rmse_118                       0.01548
M_rmse_119                       0.03176
M_rmse_120                      -0.00547
M_rmse_121                      -0.00373
M_rmse_122                       0.01074
M_rmse_123                      -0.02793
M_rmse_124                      -0.00467
M_rmse_125                      -0.00852
M_rmse_126                       0.02015
M_rmse_127                      -0.01841
M_rmse_128                       0.00163
M_rmse_129                      -0.00038
M_rmse_130                      -0.01712
M_rmse_131                       0.03194
M_rmse_132                      -0.00920
M_rmse_133                      -0.00503
M_rmse_134                      -0.00630
M_rmse_135                      -0.00480
M_rmse_136                       0.00829
M_rmse_137                       0.01607
M_rmse_138                       0.01492
M_rmse_139                      -0.01229
M_rmse_140                      -0.01548
M_rmse_141                      -0.00821
M_rmse_142                       0.01080
M_rmse_143                       0.00290
M_rmse_144                      -0.00117
M_rmse_145                       0.01377
M_rmse_146                       0.01487
M_rmse_147                       0.00402
M_rmse_148                       0.00621
M_rmse_149                       0.01502
M_rmse_150                       0.01133
M_rmse_151                      -0.00298
M_rmse_152                       0.00106
M_rmse_153                      -0.00510
M_rmse_154                       0.00292
M_rmse_155                       0.00138
M_rmse_156                      -0.00999
M_rmse_157                       0.02430
M_rmse_158                      -0.03100
M_rmse_159                       0.01484
M_rmse_160                       0.00161
M_rmse_161                      -0.01072
M_rmse_162                      -0.01102
M_rmse_163                      -0.01557
M_rmse_164                       0.01997
M_rmse_165                       0.03239
M_rmse_166                       0.02773
M_rmse_167                      -0.00957
M_rmse_168                       0.01707
M_rmse_169                       0.02261
M_rmse_170                      -0.00183
M_rmse_171                      -0.00622
M_rmse_172                      -0.01426
M_rmse_173                       0.02698
M_rmse_174                      -0.00500
M_rmse_175                      -0.00606
M_rmse_176                      -0.01609
M_rmse_177                      -0.01549
M_rmse_178                      -0.00607
M_rmse_179                       0.00229
M_rmse_180                       0.00633
M_rmse_181                       0.03020
M_rmse_182                      -0.00464
M_rmse_183                      -0.01513
M_rmse_184                       0.01658
M_rmse_185                       0.01268
M_rmse_186                       0.01098
M_rmse_187                       0.03869
M_rmse_188                      -0.00872
M_rmse_189                       0.01021
M_rmse_190                      -0.00688
M_rmse_191                      -0.00545
M_rmse_192                       0.00010
M_rmse_193                      -0.04328
M_rmse_194                      -0.00688
M_rmse_195                      -0.03476
M_rmse_196                       0.00023
M_rmse_197                       0.02064
M_rmse_198                       0.01205
M_rmse_199                      -0.02353
M_rmse_200                       0.00840
M_rmse_201                      -0.00360
M_rmse_202                       0.00625
M_rmse_203                      -0.00614
M_rmse_204                      -0.01803
M_rmse_205                      -0.00374
M_rmse_206                       0.03408
M_rmse_207                      -0.02544
M_rmse_208                      -0.00239
M_rmse_209                      -0.01690
M_rmse_210                      -0.00054
M_rmse_211                      -0.01037
M_rmse_212                       0.01649
M_rmse_213                      -0.00013
M_rmse_214                       0.02302
M_rmse_215                      -0.01118
M_rmse_216                      -0.00212
M_rmse_217                      -0.00860
M_rmse_218                      -0.00473
M_rmse_219                       0.00463
M_rmse_220                       0.00362
M_rmse_221                      -0.00699
M_rmse_222                      -0.00358
M_rmse_223                       0.00155
M_rmse_224                       0.00165
M_rmse_225                       0.00785
M_rmse_226                       0.02023
M_rmse_227                       0.04225
M_rmse_228                       0.00841
M_rmse_229                       0.00171
M_rmse_230                       0.03169
M_rmse_231                       0.01154
M_rmse_232                       0.02612
M_rmse_233                      -0.02601
M_rmse_234                       0.03954
M_rmse_235                       0.01587
M_rmse_236                      -0.00134
M_rmse_237                      -0.02976
M_rmse_238                       0.00674
M_rmse_239                      -0.02395
M_rmse_240                       0.01277
M_rmse_241                       0.00566
M_rmse_242                      -0.00376
M_rmse_243                      -0.01998
M_rmse_244                       0.00770
M_rmse_245                       0.01803
M_rmse_246                      -0.00331
M_rmse_247                       0.01071
M_rmse_248                       0.00934
M_rmse_249                       0.00203
M_rmse_250                       0.00328
decomp000                       -0.00222
decomp001                        0.03781
decomp002                       -0.00993
decomp003                        0.01689
decomp004                        0.00665
decomp005                        0.03745
decomp006                        0.01056
decomp007                        0.02023
decomp008                        0.00526
decomp009                        0.02992
decomp010                        0.01223
decomp011                        0.01795
decomp012                        0.01567
decomp013                       -0.02414
decomp014                        0.00384
decomp015                       -0.01635
decomp016                        0.01131
decomp017                       -0.01770
decomp018                        0.00136
decomp019                        0.01155
decomp020                       -0.01031
decomp021                       -0.03533
decomp022                       -0.00420
decomp023                       -0.02195
decomp024                       -0.02415
decomp025                       -0.00958
decomp026                       -0.01674
decomp027                       -0.00072
decomp028                        0.01218
decomp029                       -0.01956
decomp030                        0.01153
decomp031                       -0.00936
decomp032                       -0.00873
decomp033                       -0.01490
decomp034                        0.01452
decomp035                        0.01997
decomp036                        0.01919
decomp037                        0.01889
decomp038                       -0.00039
decomp039                        0.00810
decomp040                        0.00031
decomp041                       -0.02511
decomp042                        0.01161
decomp043                       -0.01928
decomp044                        0.01973
decomp045                        0.01926
decomp046                        0.02075
decomp047                       -0.03032
decomp048                       -0.03058
decomp049                        0.02198
min_model                        0.00269
max_model                        0.01887
M_rmse_6_output                  0.02105
M_rmse_6_dev_from_mean           0.01198
M_rmse_6_diff_from_int           0.01340
M_rmse_6_recomp_error_0         -0.00304
M_rmse_6_recomp_error_0_abs      0.00457
M_rmse_6_recomp_error_0_sqr      0.00013
M_rmse_6_recomp_error_1         -0.00059
M_rmse_6_recomp_error_1_abs      0.00818
M_rmse_6_recomp_error_1_sqr     -0.00160
M_rmse_6_recomp_error_2         -0.00881
M_rmse_6_recomp_error_2_abs     -0.00558
M_rmse_6_recomp_error_2_sqr     -0.00210
M_rmse_6_recomp_error_3         -0.01046
M_rmse_6_recomp_error_3_abs     -0.01320
M_rmse_6_recomp_error_3_sqr     -0.00249
M_rmse_18_output                 0.02365
M_rmse_18_dev_from_mean          0.00023
M_rmse_18_diff_from_int         -0.00692
M_rmse_18_recomp_error_0         0.00223
M_rmse_18_recomp_error_0_abs     0.00125
M_rmse_18_recomp_error_0_sqr     0.00515
M_rmse_18_recomp_error_1         0.01100
M_rmse_18_recomp_error_1_abs     0.00668
M_rmse_18_recomp_error_1_sqr    -0.00123
M_rmse_18_recomp_error_2        -0.01464
M_rmse_18_recomp_error_2_abs    -0.00585
M_rmse_18_recomp_error_2_sqr     0.00121
M_rmse_18_recomp_error_3        -0.01085
M_rmse_18_recomp_error_3_abs     0.00902
M_rmse_18_recomp_error_3_sqr     0.00040
M_rmse_37_output                 0.02990
M_rmse_37_dev_from_mean          0.01718
M_rmse_37_diff_from_int          0.00311
M_rmse_37_recomp_error_0        -0.00463
M_rmse_37_recomp_error_0_abs    -0.00754
M_rmse_37_recomp_error_0_sqr     0.00949
M_rmse_37_recomp_error_1        -0.00690
M_rmse_37_recomp_error_1_abs     0.00064
M_rmse_37_recomp_error_1_sqr     0.01003
M_rmse_37_recomp_error_2        -0.00409
M_rmse_37_recomp_error_2_abs     0.00760
M_rmse_37_recomp_error_2_sqr     0.00343
M_rmse_37_recomp_error_3        -0.00244
M_rmse_37_recomp_error_3_abs     0.01464
M_rmse_37_recomp_error_3_sqr     0.00586
M_rmse_85_output                 0.03362
M_rmse_85_dev_from_mean          0.00901
M_rmse_85_diff_from_int          0.02430
M_rmse_85_recomp_error_0        -0.00592
M_rmse_85_recomp_error_0_abs     0.01305
M_rmse_85_recomp_error_0_sqr     0.01186
M_rmse_85_recomp_error_1        -0.01518
M_rmse_85_recomp_error_1_abs     0.01604
M_rmse_85_recomp_error_1_sqr     0.00872
M_rmse_85_recomp_error_2        -0.02032
M_rmse_85_recomp_error_2_abs    -0.00560
M_rmse_85_recomp_error_2_sqr     0.00033
M_rmse_85_recomp_error_3        -0.00592
M_rmse_85_recomp_error_3_abs     0.01323
M_rmse_85_recomp_error_3_sqr     0.00517
M_rmse_122_output                0.00972
M_rmse_122_dev_from_mean        -0.00558
M_rmse_122_diff_from_int         0.00774
M_rmse_122_recomp_error_0        0.03050
M_rmse_122_recomp_error_0_abs   -0.00610
M_rmse_122_recomp_error_0_sqr   -0.00025
M_rmse_122_recomp_error_1        0.02430
M_rmse_122_recomp_error_1_abs   -0.00243
M_rmse_122_recomp_error_1_sqr   -0.00528
M_rmse_122_recomp_error_2        0.00587
M_rmse_122_recomp_error_2_abs   -0.00303
M_rmse_122_recomp_error_2_sqr    0.00149
M_rmse_122_recomp_error_3        0.00439
M_rmse_122_recomp_error_3_abs   -0.00452
M_rmse_122_recomp_error_3_sqr   -0.00069
M_rmse_173_output                0.02567
M_rmse_173_dev_from_mean         0.01066
M_rmse_173_diff_from_int        -0.01028
M_rmse_173_recomp_error_0       -0.00428
M_rmse_173_recomp_error_0_abs   -0.00442
M_rmse_173_recomp_error_0_sqr    0.00721
M_rmse_173_recomp_error_1       -0.00702
M_rmse_173_recomp_error_1_abs    0.00275
M_rmse_173_recomp_error_1_sqr    0.00753
M_rmse_173_recomp_error_2       -0.00694
M_rmse_173_recomp_error_2_abs   -0.02264
M_rmse_173_recomp_error_2_sqr   -0.00396
M_rmse_173_recomp_error_3        0.00173
M_rmse_173_recomp_error_3_abs   -0.00533
M_rmse_173_recomp_error_3_sqr   -0.00140
M_rmse_181_output                0.02567
M_rmse_181_dev_from_mean         0.00619
M_rmse_181_diff_from_int         0.00757
M_rmse_181_recomp_error_0       -0.00352
M_rmse_181_recomp_error_0_abs   -0.00340
M_rmse_181_recomp_error_0_sqr    0.00710
M_rmse_181_recomp_error_1        0.00436
M_rmse_181_recomp_error_1_abs    0.00210
M_rmse_181_recomp_error_1_sqr    0.00767
M_rmse_181_recomp_error_2       -0.01856
M_rmse_181_recomp_error_2_abs    0.00112
M_rmse_181_recomp_error_2_sqr   -0.00106
M_rmse_181_recomp_error_3       -0.01600
M_rmse_181_recomp_error_3_abs   -0.00371
M_rmse_181_recomp_error_3_sqr    0.00011
M_rmse_197_output                0.01880
M_rmse_197_dev_from_mean         0.00036
M_rmse_197_diff_from_int         0.00990
M_rmse_197_recomp_error_0       -0.02332
M_rmse_197_recomp_error_0_abs   -0.00821
M_rmse_197_recomp_error_0_sqr    0.00806
M_rmse_197_recomp_error_1       -0.03467
M_rmse_197_recomp_error_1_abs   -0.01070
M_rmse_197_recomp_error_1_sqr    0.00345
M_rmse_197_recomp_error_2       -0.02734
M_rmse_197_recomp_error_2_abs   -0.02003
M_rmse_197_recomp_error_2_sqr   -0.00588
M_rmse_197_recomp_error_3       -0.02302
M_rmse_197_recomp_error_3_abs    0.02618
M_rmse_197_recomp_error_3_sqr    0.00919
M_rmse_212_output                0.01636
M_rmse_212_dev_from_mean        -0.01164
M_rmse_212_diff_from_int         0.01187
M_rmse_212_recomp_error_0       -0.01544
M_rmse_212_recomp_error_0_abs   -0.01342
M_rmse_212_recomp_error_0_sqr    0.00097
M_rmse_212_recomp_error_1       -0.02666
M_rmse_212_recomp_error_1_abs    0.01064
M_rmse_212_recomp_error_1_sqr    0.01006
M_rmse_212_recomp_error_2       -0.01829
M_rmse_212_recomp_error_2_abs   -0.01659
M_rmse_212_recomp_error_2_sqr   -0.00339
M_rmse_212_recomp_error_3       -0.01000
M_rmse_212_recomp_error_3_abs    0.02174
M_rmse_212_recomp_error_3_sqr    0.00705
M_rmse_214_output                0.02303
M_rmse_214_dev_from_mean         0.00031
M_rmse_214_diff_from_int         0.00463
M_rmse_214_recomp_error_0        0.00399
M_rmse_214_recomp_error_0_abs   -0.01327
M_rmse_214_recomp_error_0_sqr   -0.01157
M_rmse_214_recomp_error_1        0.00471
M_rmse_214_recomp_error_1_abs   -0.00865
M_rmse_214_recomp_error_1_sqr   -0.01768
M_rmse_214_recomp_error_2       -0.01380
M_rmse_214_recomp_error_2_abs    0.00398
M_rmse_214_recomp_error_2_sqr    0.00618
M_rmse_214_recomp_error_3       -0.01145
M_rmse_214_recomp_error_3_abs    0.03366
M_rmse_214_recomp_error_3_sqr    0.00406
recomp_error_0_rmse             -0.00042
recomp_error_1_rmse             -0.00179
recomp_error_2_rmse              0.00489
recomp_error_3_rmse              0.00999
avg_model_chosen                 0.03460
models_mean                      0.00788
models_std                      -0.00419
models_min                       0.00566
models_max                       0.01820
models_range                     0.00986
models_range_dev_high            0.00652
models_range_dev_low             0.01100
diff_mean_10_all                -0.02565
abs_diff_mean_10_all            -0.02151
bias                            -0.04500
chose model 84 M_rmse_85
chose model 36 M_rmse_37
chose model 17 M_rmse_18
chose model 172 M_rmse_173
chose model 180 M_rmse_181
chose model 196 M_rmse_197
chose model 213 M_rmse_214
chose model 5 M_rmse_6
chose model 211 M_rmse_212
chose model 121 M_rmse_122
processing 4000 predictions...

0%   10   20   30   40   50   60   70   80   90   100%
|----|----|----|----|----|----|----|----|----|----|
***************************************************
 done.
elapsed: [6775.52s cpu, 4448594.3282 mticks, 1664.44s wall]
score: 0.4278  baseline: 0.4307  diff: -0.00294
category UNKNOWN: count 0 avg error 0 baseline avg error 0 avg improvement 0
category AUTO: count 1704 avg error 0.024432 baseline avg error 0.0241654 avg improvement -0.000266642
category POSS: count 2029 avg error 0.196443 baseline avg error 0.201632 avg improvement 0.00518943
category IMP: count 267 avg error 1.09317 baseline avg error 1.09319 avg improvement 2.02549e-05
overall: count 4000 avg error 0.183023 baseline avg error 0.185543 avg improvement 0.0025201
worst entries: 
0: 2187  label: 1 pred: -0.0354123 bl: 0.14315 IMP error_pred: 1.07208 error_bl: 0.734192 improvement: -0.337887
    min: -0.309  max: 0.316 avg: 0.08714
explanation: 


1: 60  label: -1 pred: 0.27351 bl: 0.13445 IMP error_pred: 1.62183 error_bl: 1.28698 improvement: -0.33485
    min: -0.388  max: 0.536 avg: 0.185212
explanation: 


2: 2738  label: 1 pred: -0.536267 bl: -0.4264 IMP error_pred: 2.36012 error_bl: 2.03462 improvement: -0.3255
    min: -0.882  max: 0.0425 avg: -0.430376
explanation: 


3: 3972  label: -0.5 pred: 0.550823 bl: 0.3935 POSS error_pred: 1.10423 error_bl: 0.798342 improvement: -0.305887
    min: -0.0895  max: 0.6965 avg: 0.388976
explanation: 


4: 3904  label: -0.5 pred: 0.609471 bl: 0.4692 IMP error_pred: 1.23093 error_bl: 0.939349 improvement: -0.291578
    min: 0.229  max: 0.906 avg: 0.492798
explanation: 


5: 3035  label: 1 pred: -0.159565 bl: -0.03695 POSS error_pred: 1.34459 error_bl: 1.07527 improvement: -0.269326
    min: -0.444  max: 0.6855 avg: 0.097942
explanation: 


6: 1286  label: -1 pred: 0.147581 bl: 0.02625 IMP error_pred: 1.31694 error_bl: 1.05319 improvement: -0.263753
    min: -0.2045  max: 0.4125 avg: 0.037754
explanation: 


7: 1489  label: 0.5 pred: -0.210505 bl: 0.0079 POSS error_pred: 0.504817 error_bl: 0.242162 improvement: -0.262654
    min: -0.4555  max: 0.823 avg: 0.191074
explanation: 


8: 3135  label: -1 pred: 0.331886 bl: 0.23555 IMP error_pred: 1.77392 error_bl: 1.52658 improvement: -0.247335
    min: 0.0425  max: 0.5715 avg: 0.23935
explanation: 


9: 3660  label: -1 pred: 0.73769 bl: 0.66525 IMP error_pred: 3.01957 error_bl: 2.77306 improvement: -0.24651
    min: 0.5075  max: 0.975 avg: 0.690518
explanation: 


10: 3162  label: -1 pred: -0.134559 bl: -0.2898 POSS error_pred: 0.748987 error_bl: 0.504384 improvement: -0.244603
    min: -0.589  max: 0.6685 avg: -0.280278
explanation: 


11: 1570  label: 1 pred: -0.310522 bl: -0.21975 IMP error_pred: 1.71747 error_bl: 1.48779 improvement: -0.229676
    min: -0.514  max: 0.2825 avg: -0.122088
explanation: 


12: 2929  label: -1 pred: 0.593871 bl: 0.52095 IMP error_pred: 2.54043 error_bl: 2.31329 improvement: -0.227136
    min: 0.309  max: 0.836 avg: 0.565474
explanation: 


13: 1707  label: 0.5 pred: -0.34053 bl: -0.2007 POSS error_pred: 0.706491 error_bl: 0.49098 improvement: -0.215511
    min: -0.5545  max: 0.2005 avg: -0.24625
explanation: 


14: 3199  label: 1 pred: 0.127222 bl: 0.2597 IMP error_pred: 0.761741 error_bl: 0.548044 improvement: -0.213697
    min: -0.2765  max: 0.47 avg: 0.180996
explanation: 


15: 221  label: 1 pred: -0.3195 bl: -0.2361 IMP error_pred: 1.74108 error_bl: 1.52794 improvement: -0.213137
    min: -0.928  max: 0.482 avg: -0.181736
explanation: 


16: 3729  label: -1 pred: 0.0694976 bl: -0.03525 IMP error_pred: 1.14383 error_bl: 0.930743 improvement: -0.213082
    min: -0.328  max: 0.383 avg: -0.02755
explanation: 


17: 3560  label: 1 pred: 0.116245 bl: 0.24555 POSS error_pred: 0.781022 error_bl: 0.569195 improvement: -0.211827
    min: -0.0555  max: 0.6065 avg: 0.276834
explanation: 


18: 2946  label: -1 pred: 0.266049 bl: 0.17975 IMP error_pred: 1.60288 error_bl: 1.39181 improvement: -0.21107
    min: -0.2075  max: 0.597 avg: 0.306006
explanation: 


19: 2045  label: -0.5 pred: 0.749392 bl: 0.6627 IMP error_pred: 1.56098 error_bl: 1.35187 improvement: -0.209109
    min: 0.321  max: 0.964 avg: 0.65505
explanation: 


20: 883  label: -0.5 pred: 0.110237 bl: -0.09395 POSS error_pred: 0.37239 error_bl: 0.164877 improvement: -0.207513
    min: -0.258  max: 0.5155 avg: 0.08768
explanation: 


21: 3647  label: -1 pred: 0.169433 bl: 0.07935 IMP error_pred: 1.36757 error_bl: 1.165 improvement: -0.202577
    min: -0.176  max: 0.376 avg: 0.094596
explanation: 


22: 2764  label: 1 pred: 0.0733748 bl: 0.189 IMP error_pred: 0.858634 error_bl: 0.657721 improvement: -0.200913
    min: -0.304  max: 0.4475 avg: 0.174016
explanation: 


23: 2622  label: -1 pred: 0.563773 bl: 0.5014 IMP error_pred: 2.44539 error_bl: 2.2542 improvement: -0.191185
    min: 0.396  max: 0.7645 avg: 0.561034
explanation: 


24: 1433  label: -0.5 pred: 0.0860493 bl: -0.1094 POSS error_pred: 0.343454 error_bl: 0.152568 improvement: -0.190885
    min: -0.2725  max: 0.308 avg: -0.03296
explanation: 


25: 3209  label: -1 pred: 0.581045 bl: 0.5197 IMP error_pred: 2.4997 error_bl: 2.30949 improvement: -0.190216
    min: -0.3515  max: 0.926 avg: 0.542084
explanation: 


26: 1810  label: -0.5 pred: 0.144942 bl: -0.01585 POSS error_pred: 0.415951 error_bl: 0.234401 improvement: -0.18155
    min: -0.474  max: 0.2815 avg: -0.03719
explanation: 


27: 16  label: 0.5 pred: -0.191243 bl: -0.0452 POSS error_pred: 0.477817 error_bl: 0.297243 improvement: -0.180574
    min: -0.5125  max: 0.321 avg: -0.062882
explanation: 


28: 3606  label: -1 pred: 0.744819 bl: 0.69245 IMP error_pred: 3.04439 error_bl: 2.86439 improvement: -0.180006
    min: 0.444  max: 1 avg: 0.745362
explanation: 


29: 2787  label: 0.5 pred: -0.348398 bl: -0.23475 POSS error_pred: 0.71978 error_bl: 0.539858 improvement: -0.179922
    min: -0.7725  max: 0.046 avg: -0.25238
explanation: 


30: 666  label: 1 pred: -0.125691 bl: -0.0443 IMP error_pred: 1.26718 error_bl: 1.09056 improvement: -0.176619
    min: -0.361  max: 0.282 avg: -0.04927
explanation: 


31: 2424  label: 1 pred: 0.158307 bl: 0.27065 IMP error_pred: 0.708447 error_bl: 0.531951 improvement: -0.176496
    min: 0.03  max: 0.492 avg: 0.259446
explanation: 


32: 331  label: -1 pred: 0.0576961 bl: -0.02915 IMP error_pred: 1.11872 error_bl: 0.94255 improvement: -0.176171
    min: -0.372  max: 0.7005 avg: -0.03329
explanation: 


33: 698  label: -1 pred: -0.0179212 bl: -0.109 IMP error_pred: 0.964479 error_bl: 0.793881 improvement: -0.170598
    min: -0.3245  max: 0.405 avg: 0.062996
explanation: 


34: 1324  label: 0.5 pred: -0.109995 bl: 0.05105 POSS error_pred: 0.372094 error_bl: 0.201556 improvement: -0.170538
    min: -0.6345  max: 0.5525 avg: 0.052858
explanation: 


35: 1724  label: 1 pred: 0.0797859 bl: 0.1772 POSS error_pred: 0.846794 error_bl: 0.677 improvement: -0.169794
    min: -0.196  max: 0.5185 avg: 0.167938
explanation: 


36: 750  label: 0.5 pred: -0.169148 bl: -0.03565 POSS error_pred: 0.447758 error_bl: 0.286921 improvement: -0.160838
    min: -0.6465  max: 0.3425 avg: -0.148266
explanation: 


37: 3391  label: -1 pred: 0.0344828 bl: -0.0456 IMP error_pred: 1.07015 error_bl: 0.910879 improvement: -0.159275
    min: -0.265  max: 0.3575 avg: 0.023128
explanation: 


38: 1923  label: -1 pred: 0.0184393 bl: -0.0617 IMP error_pred: 1.03722 error_bl: 0.880407 improvement: -0.156812
    min: -0.3365  max: 0.3245 avg: -0.033146
explanation: 


39: 3682  label: -0.5 pred: 0.1435 bl: 0.0088 POSS error_pred: 0.414092 error_bl: 0.258877 improvement: -0.155215
    min: -0.1825  max: 0.4805 avg: 0.021922
explanation: 


40: 2215  label: 1 pred: -0.339809 bl: -0.28135 IMP error_pred: 1.79509 error_bl: 1.64186 improvement: -0.15323
    min: -0.5185  max: 0.233 avg: -0.194544
explanation: 


41: 1852  label: -1 pred: 0.468345 bl: 0.4154 IMP error_pred: 2.15604 error_bl: 2.00336 improvement: -0.152681
    min: -0.089  max: 0.73 avg: 0.294988
explanation: 


42: 343  label: -1 pred: 0.415105 bl: 0.3604 IMP error_pred: 2.00252 error_bl: 1.85069 improvement: -0.151835
    min: -0.1085  max: 0.9345 avg: 0.54374
explanation: 


43: 462  label: 0 pred: 0.752039 bl: 0.64385 POSS error_pred: 0.565563 error_bl: 0.414543 improvement: -0.15102
    min: 0.046  max: 0.9225 avg: 0.529884
explanation: 


44: 3337  label: -1 pred: -0.26084 bl: -0.3699 POSS error_pred: 0.546358 error_bl: 0.397026 improvement: -0.149332
    min: -0.8675  max: 0.3395 avg: -0.27508
explanation: 


45: 2780  label: 0 pred: -0.711272 bl: -0.5983 POSS error_pred: 0.505908 error_bl: 0.357963 improvement: -0.147946
    min: -0.8365  max: 0.0185 avg: -0.541744
explanation: 


46: 902  label: -0.5 pred: 0.514928 bl: 0.4399 IMP error_pred: 1.03008 error_bl: 0.883412 improvement: -0.146666
    min: 0.2275  max: 0.749 avg: 0.457468
explanation: 


47: 761  label: -0.5 pred: 0.349882 bl: 0.25925 IMP error_pred: 0.722299 error_bl: 0.576461 improvement: -0.145839
    min: 0.114  max: 0.6625 avg: 0.284316
explanation: 


48: 3541  label: -1 pred: -0.0614928 bl: -0.1424 IMP error_pred: 0.880796 error_bl: 0.735478 improvement: -0.145318
    min: -0.4995  max: 0.3285 avg: -0.112198
explanation: 


49: 1943  label: 1 pred: 0.364938 bl: 0.4919 POSS error_pred: 0.403304 error_bl: 0.258166 improvement: -0.145138
    min: -0.1495  max: 0.763 avg: 0.377052
explanation: 


best entries: 
0: 2813  label: 0.5 pred: -0.199147 bl: -0.43855 POSS error_pred: 0.488807 error_bl: 0.880876 improvement: 0.392069
1: 2966  label: -1 pred: 0.384494 bl: 0.518 IMP error_pred: 1.91682 error_bl: 2.30432 improvement: 0.3875
2: 1422  label: -1 pred: 0.0167403 bl: 0.1814 IMP error_pred: 1.03376 error_bl: 1.39571 improvement: 0.361945
3: 3968  label: -1 pred: 0.608413 bl: 0.7066 IMP error_pred: 2.58699 error_bl: 2.91248 improvement: 0.32549
4: 2349  label: 1 pred: 0.279349 bl: 0.08725 IMP error_pred: 0.519337 error_bl: 0.833113 improvement: 0.313775
5: 1854  label: 1 pred: 0.631507 bl: 0.33255 POSS error_pred: 0.135787 error_bl: 0.445489 improvement: 0.309703
6: 1085  label: -1 pred: 0.61988 bl: 0.71065 IMP error_pred: 2.62401 error_bl: 2.92632 improvement: 0.302312
7: 2555  label: 1 pred: 0.391843 bl: 0.18145 POSS error_pred: 0.369855 error_bl: 0.670024 improvement: 0.300169
8: 758  label: 1 pred: 0.103327 bl: -0.03915 IMP error_pred: 0.804022 error_bl: 1.07983 improvement: 0.275811
9: 2515  label: 1 pred: 0.464534 bl: 0.26285 POSS error_pred: 0.286724 error_bl: 0.54339 improvement: 0.256666
10: 1660  label: -1 pred: -0.299687 bl: -0.13845 POSS error_pred: 0.490439 error_bl: 0.742268 improvement: 0.25183
11: 3554  label: -1 pred: -0.112076 bl: 0.0164 IMP error_pred: 0.788409 error_bl: 1.03307 improvement: 0.24466
12: 1701  label: -0.5 pred: 0.390967 bl: 0.511 IMP error_pred: 0.793822 error_bl: 1.02212 improvement: 0.228299
13: 2481  label: 1 pred: 0.349706 bl: 0.1961 POSS error_pred: 0.422883 error_bl: 0.646255 improvement: 0.223373
14: 3386  label: -1 pred: -0.52244 bl: -0.3283 POSS error_pred: 0.228064 error_bl: 0.451181 improvement: 0.223117
15: 3050  label: -0.5 pred: 0.473917 bl: 0.58225 IMP error_pred: 0.948514 error_bl: 1.17127 improvement: 0.222751
16: 633  label: -1 pred: 0.0436883 bl: 0.14355 IMP error_pred: 1.08929 error_bl: 1.30771 improvement: 0.218421
17: 2111  label: 1 pred: 0.275732 bl: 0.14185 POSS error_pred: 0.524564 error_bl: 0.736421 improvement: 0.211858
18: 1973  label: -1 pred: -0.21843 bl: -0.0974 IMP error_pred: 0.610852 error_bl: 0.814687 improvement: 0.203834
19: 3915  label: 1 pred: 0.442995 bl: 0.286 POSS error_pred: 0.310254 error_bl: 0.509796 improvement: 0.199542
20: 2217  label: 1 pred: 0.187947 bl: 0.0733 IMP error_pred: 0.659429 error_bl: 0.858773 improvement: 0.199343
21: 1126  label: 1 pred: 0.0286956 bl: -0.06515 IMP error_pred: 0.943432 error_bl: 1.13454 improvement: 0.191112
22: 1182  label: -1 pred: 0.467717 bl: 0.52995 IMP error_pred: 2.15419 error_bl: 2.34075 improvement: 0.186554
23: 3334  label: 1 pred: 0.254442 bl: 0.1394 IMP error_pred: 0.555857 error_bl: 0.740632 improvement: 0.184776
24: 1373  label: 0 pred: 0.752018 bl: 0.86435 POSS error_pred: 0.565531 error_bl: 0.747101 improvement: 0.181569
25: 3667  label: 1 pred: 0.301113 bl: 0.18175 POSS error_pred: 0.488443 error_bl: 0.669533 improvement: 0.18109
26: 3898  label: 1 pred: 0.688573 bl: 0.4734 POSS error_pred: 0.0969871 error_bl: 0.277308 improvement: 0.180321
27: 1592  label: -1 pred: -0.0933425 bl: 0.000449999 IMP error_pred: 0.822028 error_bl: 1.0009 improvement: 0.178872
28: 2256  label: 0.5 pred: 0.0212909 bl: -0.13785 POSS error_pred: 0.229162 error_bl: 0.406853 improvement: 0.17769
29: 3336  label: -1 pred: -0.0473994 bl: 0.04125 IMP error_pred: 0.907448 error_bl: 1.0842 improvement: 0.176754
30: 1676  label: 1 pred: 0.519883 bl: 0.36225 POSS error_pred: 0.230513 error_bl: 0.406725 improvement: 0.176212
31: 2766  label: 1 pred: 0.217211 bl: 0.1118 POSS error_pred: 0.612759 error_bl: 0.788899 improvement: 0.17614
32: 3602  label: -1 pred: -0.330138 bl: -0.21035 POSS error_pred: 0.448715 error_bl: 0.623547 improvement: 0.174832
33: 1376  label: -1 pred: -0.0336929 bl: 0.05225 IMP error_pred: 0.933749 error_bl: 1.10723 improvement: 0.173481
34: 3452  label: -1 pred: -0.609013 bl: -0.4294 POSS error_pred: 0.15287 error_bl: 0.325584 improvement: 0.172714
35: 2204  label: -1 pred: -0.143246 bl: -0.0512 POSS error_pred: 0.734027 error_bl: 0.900221 improvement: 0.166194
36: 357  label: 1 pred: 0.362363 bl: 0.2445 IMP error_pred: 0.40658 error_bl: 0.57078 improvement: 0.1642
37: 3806  label: -1 pred: 0.538954 bl: 0.59105 IMP error_pred: 2.36838 error_bl: 2.53144 improvement: 0.163059
38: 2176  label: 1 pred: 0.636194 bl: 0.4581 POSS error_pred: 0.132355 error_bl: 0.293656 improvement: 0.161301
39: 665  label: 1 pred: 0.557974 bl: 0.40315 POSS error_pred: 0.195387 error_bl: 0.35623 improvement: 0.160843
40: 1798  label: -1 pred: 0.240612 bl: 0.3037 IMP error_pred: 1.53912 error_bl: 1.69963 improvement: 0.160516
41: 2651  label: -0.5 pred: 0.692985 bl: 0.75845 POSS error_pred: 1.42321 error_bl: 1.5837 improvement: 0.160484
42: 494  label: -1 pred: 0.375672 bl: 0.4324 IMP error_pred: 1.89247 error_bl: 2.05177 improvement: 0.159297
43: 876  label: 1 pred: 0.259478 bl: 0.1594 IMP error_pred: 0.548372 error_bl: 0.706608 improvement: 0.158236
44: 2775  label: -1 pred: -0.460332 bl: -0.3298 POSS error_pred: 0.291241 error_bl: 0.449168 improvement: 0.157927
45: 3385  label: 0.5 pred: 0.0919541 bl: -0.06805 POSS error_pred: 0.166501 error_bl: 0.322681 improvement: 0.156179
46: 781  label: 1 pred: 0.554945 bl: 0.40845 POSS error_pred: 0.198074 error_bl: 0.349931 improvement: 0.151857
47: 1687  label: 1 pred: 0.44193 bl: 0.32155 POSS error_pred: 0.311442 error_bl: 0.460294 improvement: 0.148852
48: 3350  label: 1 pred: 0.558208 bl: 0.41425 POSS error_pred: 0.195181 error_bl: 0.343103 improvement: 0.147922
49: 3659  label: 1 pred: 0.289047 bl: 0.19245 POSS error_pred: 0.505454 error_bl: 0.652137 improvement: 0.146683

total is 0
score for UNKNOWN: nan baseline: nan diff:    nan
total is 1704
score for AUTO: 0.1563 baseline: 0.1555 diff: 0.0009
total is 2029
score for POSS: 0.4432 baseline: 0.4490 diff: -0.0058
total is 267
score for IMP: 1.0455 baseline: 1.0456 diff: -0.0000
writing 20000 official test outputs

0%   10   20   30   40   50   60   70   80   90   100%
|----|----|----|----|----|----|----|----|----|----|
***************************************************
scores: [ 0.427811 ]
0.4278 +/-    nan
6781.09user 24.97system 28:00.61elapsed 404%CPU (0avgtext+0avgdata 0maxresident)k
0inputs+448outputs (0major+10171507minor)pagefaults 0swaps
