loading data...applying decomposition
done.
training 500 models

0%   10   20   30   40   50   60   70   80   90   100%
|----|----|----|----|----|----|----|----|----|----|
***************************************************
S_auc_1                          0.07559
S_auc_2                         -0.19682
S_auc_3                          0.10131
S_auc_4                          0.05187
S_auc_5                          0.07178
S_auc_6                         -0.02452
S_auc_7                          0.02844
S_auc_8                          0.00093
S_auc_9                         -0.01155
S_auc_10                         0.09925
S_auc_11                         0.11798
S_auc_12                         0.04760
S_auc_13                         0.01055
S_auc_14                        -0.03871
S_auc_15                         0.04654
S_auc_16                         0.19077
S_auc_17                        -0.05584
S_auc_18                        -0.52067
S_auc_19                         0.18186
S_auc_20                        -0.00036
S_auc_21                        -0.03686
S_auc_22                         0.03718
S_auc_23                        -0.12619
S_auc_24                         0.19514
S_auc_25                         0.16603
S_auc_26                         0.04022
S_auc_27                         0.15409
S_auc_28                         0.09947
S_auc_29                         0.01246
S_auc_30                         0.18546
S_auc_31                         0.06409
S_auc_32                         0.20958
S_auc_33                        -0.06530
S_auc_34                        -0.00328
S_auc_35                         0.02288
S_auc_36                        -0.02232
S_auc_37                        -0.02190
S_auc_38                        -0.18371
S_auc_39                        -0.08203
S_auc_40                         0.00016
S_auc_41                        -0.11466
S_auc_42                         0.13642
S_auc_43                         0.00242
S_auc_44                        -0.07517
S_auc_45                        -0.10166
S_auc_46                        -0.00102
S_auc_47                         0.00913
S_auc_48                        -0.03712
S_auc_49                         0.15314
S_auc_50                         0.00969
S_auc_51                        -0.10912
S_auc_52                        -0.09251
S_auc_53                        -0.01425
S_auc_54                        -0.15669
S_auc_55                         0.05829
S_auc_56                        -0.01830
S_auc_57                         0.02027
S_auc_58                         0.21235
S_auc_59                        -0.01454
S_auc_60                         0.07340
S_auc_61                         0.07134
S_auc_62                         0.08493
S_auc_63                         0.07642
S_auc_64                        -0.07175
S_auc_65                         0.14798
S_auc_66                         0.13696
S_auc_67                         0.14536
S_auc_68                        -0.02601
S_auc_69                         0.09888
S_auc_70                         0.04014
S_auc_71                         0.04746
S_auc_72                         0.14078
S_auc_73                        -0.00753
S_auc_74                         0.04932
S_auc_75                         0.00020
S_auc_76                        -0.05407
S_auc_77                         0.16930
S_auc_78                        -0.06916
S_auc_79                         0.00893
S_auc_80                        -0.20620
S_auc_81                         0.02257
S_auc_82                         0.12721
S_auc_83                         0.04462
S_auc_84                        -0.01716
S_auc_85                        -0.05208
S_auc_86                         0.07793
S_auc_87                         0.03961
S_auc_88                        -0.09198
S_auc_89                         0.17391
S_auc_90                        -0.04009
S_auc_91                         0.18748
S_auc_92                         0.00471
S_auc_93                         0.18395
S_auc_94                         0.05995
S_auc_95                         0.09989
S_auc_96                         0.06110
S_auc_97                        -0.03632
S_auc_98                         0.12908
S_auc_99                         0.10254
S_auc_100                       -0.01008
S_auc_101                        0.00812
S_auc_102                       -0.21107
S_auc_103                       -0.09817
S_auc_104                        0.10119
S_auc_105                       -0.14689
S_auc_106                       -0.06277
S_auc_107                        0.02830
S_auc_108                       -0.10374
S_auc_109                        0.09252
S_auc_110                       -0.14877
S_auc_111                        0.04637
S_auc_112                        0.04200
S_auc_113                        0.10604
S_auc_114                        0.08616
S_auc_115                        0.15733
S_auc_116                        0.11007
S_auc_117                       -0.08757
S_auc_118                        0.11926
S_auc_119                        0.18334
S_auc_120                       -0.13176
S_auc_121                       -0.14930
S_auc_122                       -0.03221
S_auc_123                        0.02666
S_auc_124                        0.30025
S_auc_125                       -0.03071
S_auc_126                       -0.19713
S_auc_127                        0.15139
S_auc_128                        0.13524
S_auc_129                        0.21787
S_auc_130                        0.12878
S_auc_131                       -0.00710
S_auc_132                       -0.01023
S_auc_133                       -0.40853
S_auc_134                       -0.05565
S_auc_135                        0.15512
S_auc_136                       -0.06414
S_auc_137                        0.11059
S_auc_138                        0.06499
S_auc_139                        0.07205
S_auc_140                        0.06782
S_auc_141                        0.16830
S_auc_142                       -0.13628
S_auc_143                        0.09584
S_auc_144                        0.07112
S_auc_145                        0.05543
S_auc_146                        0.02074
S_auc_147                       -0.05234
S_auc_148                        0.05446
S_auc_149                       -0.05916
S_auc_150                        0.04914
S_auc_151                        0.14331
S_auc_152                       -0.05208
S_auc_153                        0.03532
S_auc_154                        0.02976
S_auc_155                        0.22795
S_auc_156                       -0.14562
S_auc_157                        0.13588
S_auc_158                        0.08490
S_auc_159                       -0.16856
S_auc_160                        0.02362
S_auc_161                        0.23294
S_auc_162                       -0.10800
S_auc_163                        0.06245
S_auc_164                       -0.06185
S_auc_165                        0.04705
S_auc_166                       -0.01619
S_auc_167                        0.03277
S_auc_168                        0.20110
S_auc_169                       -0.12593
S_auc_170                        0.03783
S_auc_171                       -0.06089
S_auc_172                       -0.05723
S_auc_173                        0.03889
S_auc_174                       -0.05765
S_auc_175                        0.03035
S_auc_176                        0.05292
S_auc_177                       -0.04725
S_auc_178                       -0.06110
S_auc_179                        0.07779
S_auc_180                       -0.05135
S_auc_181                       -0.02504
S_auc_182                       -0.16069
S_auc_183                       -0.08196
S_auc_184                        0.03886
S_auc_185                        0.04591
S_auc_186                       -0.00288
S_auc_187                        0.18953
S_auc_188                        0.09636
S_auc_189                        0.00169
S_auc_190                       -0.01762
S_auc_191                       -0.07196
S_auc_192                       -0.12517
S_auc_193                        0.03195
S_auc_194                       -0.08692
S_auc_195                        0.04427
S_auc_196                       -0.02582
S_auc_197                       -0.12192
S_auc_198                       -0.12810
S_auc_199                        0.06486
S_auc_200                       -0.12960
decomp000                        0.15435
decomp001                       -0.02204
decomp002                       -0.09278
decomp003                       -0.02171
decomp004                       -0.10858
decomp005                        0.20352
decomp006                        0.18724
decomp007                       -0.22512
decomp008                        0.08061
decomp009                        0.07425
decomp010                       -0.11008
decomp011                       -0.09347
decomp012                       -0.03704
decomp013                        0.02414
decomp014                       -0.03620
decomp015                       -0.03772
decomp016                       -0.00306
decomp017                       -0.02370
decomp018                       -0.01447
decomp019                       -0.00167
decomp020                        0.01207
decomp021                        0.05856
decomp022                       -0.03447
decomp023                        0.05945
decomp024                        0.14593
decomp025                        0.14303
decomp026                        0.11653
decomp027                       -0.05986
decomp028                       -0.00964
decomp029                       -0.06392
decomp030                        0.14128
decomp031                       -0.04490
decomp032                       -0.00543
decomp033                       -0.12919
decomp034                        0.07102
decomp035                        0.00998
decomp036                        0.07464
decomp037                       -0.09481
decomp038                        0.07182
decomp039                        0.19916
decomp040                        0.07339
decomp041                       -0.31008
decomp042                       -0.00766
decomp043                        0.02468
decomp044                        0.11684
decomp045                        0.18863
decomp046                        0.03550
decomp047                       -0.07438
decomp048                        0.08286
decomp049                       -0.09174
min_model                        0.16072
max_model                        0.00387
S_auc_8_output                  -0.01101
S_auc_8_dev_from_mean            0.07856
S_auc_8_diff_from_int           -0.09090
S_auc_8_recomp_error_0           0.09465
S_auc_8_recomp_error_0_abs      -0.07967
S_auc_8_recomp_error_0_sqr      -0.04976
S_auc_8_recomp_error_1           0.04098
S_auc_8_recomp_error_1_abs       0.05524
S_auc_8_recomp_error_1_sqr       0.00322
S_auc_8_recomp_error_2           0.02470
S_auc_8_recomp_error_2_abs      -0.06809
S_auc_8_recomp_error_2_sqr      -0.00970
S_auc_8_recomp_error_3           0.11150
S_auc_8_recomp_error_3_abs      -0.17767
S_auc_8_recomp_error_3_sqr      -0.01164
S_auc_65_output                  0.11662
S_auc_65_dev_from_mean           0.17032
S_auc_65_diff_from_int           0.04248
S_auc_65_recomp_error_0          0.01800
S_auc_65_recomp_error_0_abs      0.02004
S_auc_65_recomp_error_0_sqr      0.07600
S_auc_65_recomp_error_1         -0.06441
S_auc_65_recomp_error_1_abs      0.03175
S_auc_65_recomp_error_1_sqr     -0.04099
S_auc_65_recomp_error_2         -0.02610
S_auc_65_recomp_error_2_abs      0.04683
S_auc_65_recomp_error_2_sqr      0.01678
S_auc_65_recomp_error_3         -0.08520
S_auc_65_recomp_error_3_abs     -0.02992
S_auc_65_recomp_error_3_sqr      0.00298
S_auc_66_output                  0.13641
S_auc_66_dev_from_mean           0.19024
S_auc_66_diff_from_int          -0.00995
S_auc_66_recomp_error_0         -0.06649
S_auc_66_recomp_error_0_abs     -0.02694
S_auc_66_recomp_error_0_sqr     -0.04029
S_auc_66_recomp_error_1         -0.16309
S_auc_66_recomp_error_1_abs     -0.10631
S_auc_66_recomp_error_1_sqr     -0.04108
S_auc_66_recomp_error_2         -0.19235
S_auc_66_recomp_error_2_abs      0.19413
S_auc_66_recomp_error_2_sqr      0.06946
S_auc_66_recomp_error_3         -0.09695
S_auc_66_recomp_error_3_abs     -0.05826
S_auc_66_recomp_error_3_sqr     -0.00099
S_auc_72_output                  0.11269
S_auc_72_dev_from_mean           0.13419
S_auc_72_diff_from_int          -0.02905
S_auc_72_recomp_error_0         -0.00920
S_auc_72_recomp_error_0_abs     -0.03730
S_auc_72_recomp_error_0_sqr     -0.09881
S_auc_72_recomp_error_1         -0.06287
S_auc_72_recomp_error_1_abs     -0.04318
S_auc_72_recomp_error_1_sqr     -0.03940
S_auc_72_recomp_error_2         -0.06652
S_auc_72_recomp_error_2_abs      0.09697
S_auc_72_recomp_error_2_sqr      0.07255
S_auc_72_recomp_error_3         -0.05002
S_auc_72_recomp_error_3_abs     -0.04680
S_auc_72_recomp_error_3_sqr      0.00240
S_auc_82_output                  0.07913
S_auc_82_dev_from_mean           0.16894
S_auc_82_diff_from_int          -0.10835
S_auc_82_recomp_error_0          0.08167
S_auc_82_recomp_error_0_abs     -0.03412
S_auc_82_recomp_error_0_sqr      0.00940
S_auc_82_recomp_error_1          0.06829
S_auc_82_recomp_error_1_abs     -0.00465
S_auc_82_recomp_error_1_sqr      0.02236
S_auc_82_recomp_error_2          0.09795
S_auc_82_recomp_error_2_abs      0.07900
S_auc_82_recomp_error_2_sqr      0.01949
S_auc_82_recomp_error_3          0.01438
S_auc_82_recomp_error_3_abs     -0.03474
S_auc_82_recomp_error_3_sqr      0.00743
S_auc_89_output                  0.13686
S_auc_89_dev_from_mean           0.11551
S_auc_89_diff_from_int           0.03613
S_auc_89_recomp_error_0          0.12928
S_auc_89_recomp_error_0_abs      0.01984
S_auc_89_recomp_error_0_sqr     -0.10167
S_auc_89_recomp_error_1          0.07485
S_auc_89_recomp_error_1_abs     -0.09804
S_auc_89_recomp_error_1_sqr     -0.06049
S_auc_89_recomp_error_2          0.09140
S_auc_89_recomp_error_2_abs     -0.11022
S_auc_89_recomp_error_2_sqr     -0.00797
S_auc_89_recomp_error_3          0.05037
S_auc_89_recomp_error_3_abs      0.00030
S_auc_89_recomp_error_3_sqr      0.00130
S_auc_124_output                 0.29164
S_auc_124_dev_from_mean          0.38726
S_auc_124_diff_from_int          0.03955
S_auc_124_recomp_error_0        -0.09656
S_auc_124_recomp_error_0_abs    -0.16625
S_auc_124_recomp_error_0_sqr    -0.10526
S_auc_124_recomp_error_1        -0.25952
S_auc_124_recomp_error_1_abs    -0.12849
S_auc_124_recomp_error_1_sqr    -0.09247
S_auc_124_recomp_error_2        -0.19720
S_auc_124_recomp_error_2_abs     0.15453
S_auc_124_recomp_error_2_sqr     0.01537
S_auc_124_recomp_error_3        -0.26363
S_auc_124_recomp_error_3_abs     0.03287
S_auc_124_recomp_error_3_sqr     0.01075
S_auc_141_output                 0.16489
S_auc_141_dev_from_mean          0.15831
S_auc_141_diff_from_int          0.05775
S_auc_141_recomp_error_0         0.09863
S_auc_141_recomp_error_0_abs    -0.01419
S_auc_141_recomp_error_0_sqr    -0.04564
S_auc_141_recomp_error_1         0.13172
S_auc_141_recomp_error_1_abs    -0.10260
S_auc_141_recomp_error_1_sqr    -0.08596
S_auc_141_recomp_error_2         0.05907
S_auc_141_recomp_error_2_abs    -0.11849
S_auc_141_recomp_error_2_sqr    -0.00521
S_auc_141_recomp_error_3         0.05647
S_auc_141_recomp_error_3_abs     0.08094
S_auc_141_recomp_error_3_sqr     0.00339
S_auc_151_output                 0.14165
S_auc_151_dev_from_mean          0.25078
S_auc_151_diff_from_int         -0.02493
S_auc_151_recomp_error_0        -0.01135
S_auc_151_recomp_error_0_abs     0.06664
S_auc_151_recomp_error_0_sqr     0.12096
S_auc_151_recomp_error_1         0.04078
S_auc_151_recomp_error_1_abs     0.03918
S_auc_151_recomp_error_1_sqr     0.03119
S_auc_151_recomp_error_2         0.05655
S_auc_151_recomp_error_2_abs     0.13259
S_auc_151_recomp_error_2_sqr     0.04037
S_auc_151_recomp_error_3        -0.00039
S_auc_151_recomp_error_3_abs    -0.02438
S_auc_151_recomp_error_3_sqr    -0.01006
S_auc_168_output                 0.16557
S_auc_168_dev_from_mean          0.21206
S_auc_168_diff_from_int         -0.00313
S_auc_168_recomp_error_0         0.06664
S_auc_168_recomp_error_0_abs     0.01174
S_auc_168_recomp_error_0_sqr    -0.05870
S_auc_168_recomp_error_1         0.01170
S_auc_168_recomp_error_1_abs    -0.05608
S_auc_168_recomp_error_1_sqr    -0.00173
S_auc_168_recomp_error_2        -0.02147
S_auc_168_recomp_error_2_abs     0.04277
S_auc_168_recomp_error_2_sqr     0.00651
S_auc_168_recomp_error_3        -0.06099
S_auc_168_recomp_error_3_abs     0.14010
S_auc_168_recomp_error_3_sqr     0.00478
recomp_error_0_rmse              0.01265
recomp_error_1_rmse             -0.03833
recomp_error_2_rmse             -0.05100
recomp_error_3_rmse             -0.08768
avg_model_chosen                 0.24041
models_mean                      0.03853
models_std                      -0.03003
models_min                       0.11081
models_max                       0.00003
models_range                    -0.07221
models_range_dev_high            0.05240
models_range_dev_low             0.00357
diff_mean_10_all                -0.17906
abs_diff_mean_10_all             0.09106
bias                            -0.62402
chose model 123 S_auc_124
chose model 167 S_auc_168
chose model 88 S_auc_89
chose model 150 S_auc_151
chose model 140 S_auc_141
chose model 71 S_auc_72
chose model 81 S_auc_82
chose model 7 S_auc_8
chose model 65 S_auc_66
chose model 64 S_auc_65
processing 3000 predictions...

0%   10   20   30   40   50   60   70   80   90   100%
|----|----|----|----|----|----|----|----|----|----|
***************************************************
 done.
elapsed: [4203.69s cpu, 2812695.4130 mticks, 1052.37s wall]
score: 0.0574  baseline: 0.0597  diff: -0.00224
category UNKNOWN: count 0 avg error 0 baseline avg error 0 avg improvement 0
category AUTO: count 1792 avg error 0.0257419 baseline avg error 0.0277302 avg improvement 0.00198837
category POSS: count 1046 avg error 0.0780282 baseline avg error 0.080278 avg improvement 0.00224979
category IMP: count 162 avg error 0.274805 baseline avg error 0.279722 avg improvement 0.00491725
overall: count 3000 avg error 0.0574218 baseline avg error 0.0596595 avg improvement 0.00223768
worst entries: 
0: 2250  label: 1 pred: 0.0391294 bl: -0.0928 POSS error_pred: 0.646206 error_bl: 0.484228 improvement: -0.161978
    min: -0.6375  max: 0.3265 avg: -0.040315
explanation: 


1: 2152  label: 1 pred: 0.0838336 bl: 0.058 POSS error_pred: 0.493606 error_bl: 0.345269 improvement: -0.148338
    min: -0.4425  max: 0.4665 avg: 0.145083
explanation: 


2: 544  label: -1 pred: 0.836963 bl: 0.3475 POSS error_pred: 0.294472 error_bl: 0.147783 improvement: -0.146689
    min: -0.031  max: 0.967 avg: 0.32252
explanation: 


3: 545  label: -1 pred: 0.873957 bl: 0.42935 IMP error_pred: 0.350848 error_bl: 0.225506 improvement: -0.125342
    min: 0.1785  max: 0.9285 avg: 0.470822
explanation: 


4: 1646  label: 1 pred: 0.588366 bl: 0.48685 POSS error_pred: 0.150895 error_bl: 0.0520034 improvement: -0.0988917
    min: -0.3705  max: 0.935 avg: 0.504232
explanation: 


5: 1788  label: 1 pred: 0.163894 bl: 0.12955 POSS error_pred: 0.377664 error_bl: 0.278772 improvement: -0.0988917
    min: -0.5465  max: 0.424 avg: 0.0594075
explanation: 


6: 1934  label: 1 pred: 0.0566354 bl: -0.0823 POSS error_pred: 0.571185 error_bl: 0.477408 improvement: -0.0937766
    min: -0.399  max: 0.2805 avg: 0.021185
explanation: 


7: 2235  label: 1 pred: 0.162563 bl: 0.11805 POSS error_pred: 0.378517 error_bl: 0.287298 improvement: -0.0912191
    min: -0.447  max: 0.6405 avg: 0.227038
explanation: 


8: 1406  label: -1 pred: 0.792245 bl: 0.3363 IMP error_pred: 0.232074 error_bl: 0.142857 improvement: -0.0892173
    min: 0.1135  max: 0.7045 avg: 0.441905
explanation: 


9: 2005  label: -1 pred: 0.877593 bl: 0.46985 IMP error_pred: 0.356869 error_bl: 0.271483 improvement: -0.0853859
    min: 0.3275  max: 0.6315 avg: 0.47468
explanation: 


10: 2010  label: -1 pred: 0.955726 bl: 0.64855 IMP error_pred: 0.599891 error_bl: 0.515326 improvement: -0.0845649
    min: 0.4225  max: 0.7675 avg: 0.59126
explanation: 


11: 2987  label: 1 pred: 0.0705096 bl: -0.0487 POSS error_pred: 0.526854 error_bl: 0.443308 improvement: -0.0835465
    min: -0.4435  max: 0.521 avg: -0.0059025
explanation: 


12: 819  label: -1 pred: 0.948861 bl: 0.63165 IMP error_pred: 0.566502 error_bl: 0.48659 improvement: -0.0799124
    min: 0.326  max: 0.733 avg: 0.568405
explanation: 


13: 437  label: 1 pred: 0.651673 bl: 0.49485 POSS error_pred: 0.127877 error_bl: 0.0494459 improvement: -0.0784314
    min: -0.349  max: 0.7875 avg: 0.454582
explanation: 


14: 2421  label: -1 pred: 0.969214 bl: 0.70895 IMP error_pred: 0.683087 error_bl: 0.605364 improvement: -0.0777231
    min: 0.394  max: 0.935 avg: 0.649233
explanation: 


15: 1023  label: -1 pred: 0.960167 bl: 0.6746 IMP error_pred: 0.625616 error_bl: 0.551724 improvement: -0.0738916
    min: 0.4315  max: 0.856 avg: 0.642913
explanation: 


16: 1306  label: -1 pred: 0.94252 bl: 0.61505 IMP error_pred: 0.533662 error_bl: 0.460317 improvement: -0.0733443
    min: 0.3625  max: 0.7805 avg: 0.5647
explanation: 


17: 623  label: -1 pred: 0.912845 bl: 0.55515 IMP error_pred: 0.447181 error_bl: 0.378763 improvement: -0.0684182
    min: 0.338  max: 0.975 avg: 0.559713
explanation: 


18: 1064  label: 1 pred: 0.0613452 bl: -0.09745 POSS error_pred: 0.556692 error_bl: 0.490196 improvement: -0.0664962
    min: -0.442  max: 0.192 avg: -0.0806475
explanation: 


19: 1755  label: 1 pred: 0.68345 bl: 0.4853 AUTO error_pred: 0.1185 error_bl: 0.0537084 improvement: -0.0647911
    min: 0.1905  max: 0.975 avg: 0.6287
explanation: 


20: 2780  label: -1 pred: 0.953674 bl: 0.6573 IMP error_pred: 0.590586 error_bl: 0.525999 improvement: -0.0645868
    min: 0.3535  max: 0.931 avg: 0.652207
explanation: 


21: 2418  label: -1 pred: 0.951312 bl: 0.64805 POSS error_pred: 0.576355 error_bl: 0.514505 improvement: -0.06185
    min: -0.023  max: 0.9365 avg: 0.522843
explanation: 


22: 2019  label: 1 pred: 0.152638 bl: 0.0694 POSS error_pred: 0.390452 error_bl: 0.329071 improvement: -0.0613811
    min: -0.2995  max: 0.454 avg: 0.0956
explanation: 


23: 2390  label: -1 pred: 0.854302 bl: 0.4546 POSS error_pred: 0.316366 error_bl: 0.255063 improvement: -0.0613027
    min: -0.0625  max: 0.767 avg: 0.394422
explanation: 


24: 1650  label: -1 pred: 0.792211 bl: 0.3766 IMP error_pred: 0.232074 error_bl: 0.172961 improvement: -0.0591133
    min: 0.111  max: 0.6065 avg: 0.308623
explanation: 


25: 2112  label: -1 pred: 0.868131 bl: 0.4811 IMP error_pred: 0.343186 error_bl: 0.286262 improvement: -0.0569239
    min: 0.2065  max: 0.731 avg: 0.45361
explanation: 


26: 774  label: 1 pred: 0.259889 bl: 0.18755 POSS error_pred: 0.289003 error_bl: 0.232737 improvement: -0.056266
    min: -0.1415  max: 0.7915 avg: 0.27692
explanation: 


27: 1738  label: 1 pred: 0.405631 bl: 0.2765 POSS error_pred: 0.220801 error_bl: 0.164535 improvement: -0.056266
    min: -0.0255  max: 0.7075 avg: 0.323767
explanation: 


28: 2190  label: -1 pred: 0.846141 bl: 0.4505 IMP error_pred: 0.304324 error_bl: 0.248495 improvement: -0.0558292
    min: 0.151  max: 0.6525 avg: 0.431485
explanation: 


29: 2300  label: 1 pred: 0.25743 bl: 0.1808 POSS error_pred: 0.292413 error_bl: 0.236999 improvement: -0.0554135
    min: -0.6205  max: 0.5445 avg: 0.146872
explanation: 


30: 2277  label: 1 pred: 0.636556 bl: 0.4163 POSS error_pred: 0.132992 error_bl: 0.0784314 improvement: -0.054561
    min: -0.007  max: 0.6785 avg: 0.36397
explanation: 


31: 1695  label: 1 pred: 0.64438 bl: 0.42655 AUTO error_pred: 0.12873 error_bl: 0.0741688 improvement: -0.054561
    min: 0.1405  max: 0.8655 avg: 0.53314
explanation: 


32: 1035  label: -1 pred: 0.778702 bl: 0.37035 IMP error_pred: 0.220033 error_bl: 0.16694 improvement: -0.0530925
    min: 0.251  max: 0.6065 avg: 0.413388
explanation: 


33: 1394  label: -1 pred: 0.815289 bl: 0.409 POSS error_pred: 0.258347 error_bl: 0.205255 improvement: -0.0530925
    min: -0.0915  max: 0.853 avg: 0.459358
explanation: 


34: 1569  label: 1 pred: 0.111139 bl: 0.01255 POSS error_pred: 0.442455 error_bl: 0.390452 improvement: -0.0520034
    min: -0.551  max: 0.2925 avg: 0.0059775
explanation: 


35: 1120  label: -1 pred: 0.949121 bl: 0.64785 IMP error_pred: 0.566502 error_bl: 0.514505 improvement: -0.0519978
    min: 0.2595  max: 0.9745 avg: 0.614835
explanation: 


36: 2547  label: 1 pred: 0.0693722 bl: -0.08315 POSS error_pred: 0.531117 error_bl: 0.47954 improvement: -0.0515771
    min: -0.2735  max: 0.12 avg: -0.0660925
explanation: 


37: 2758  label: 1 pred: 0.188175 bl: 0.10225 POSS error_pred: 0.351236 error_bl: 0.300938 improvement: -0.0502984
    min: -0.222  max: 0.458 avg: 0.132233
explanation: 


38: 467  label: 1 pred: 0.684059 bl: 0.4536 POSS error_pred: 0.116795 error_bl: 0.0664962 improvement: -0.0502983
    min: -0.001  max: 0.9405 avg: 0.55813
explanation: 


39: 2142  label: -1 pred: 0.843882 bl: 0.45295 POSS error_pred: 0.301587 error_bl: 0.252053 improvement: -0.0495348
    min: -0.134  max: 0.9625 avg: 0.44411
explanation: 


40: 2751  label: 1 pred: 0.32164 bl: 0.2237 POSS error_pred: 0.252344 error_bl: 0.202899 improvement: -0.0494459
    min: -0.3435  max: 0.5285 avg: 0.1476
explanation: 


41: 2650  label: 1 pred: 0.746116 bl: 0.56685 POSS error_pred: 0.0826939 error_bl: 0.0332481 improvement: -0.0494459
    min: -0.393  max: 1 avg: 0.511205
explanation: 


42: 2002  label: -1 pred: 0.631015 bl: 0.22205 POSS error_pred: 0.126984 error_bl: 0.0782704 improvement: -0.0487137
    min: -0.0635  max: 0.577 avg: 0.289557
explanation: 


43: 150  label: 1 pred: 0.18069 bl: 0.0875 POSS error_pred: 0.359761 error_bl: 0.311168 improvement: -0.0485933
    min: -0.4095  max: 0.239 avg: 0.0059825
explanation: 


44: 2307  label: 1 pred: 0.701413 bl: 0.47895 AUTO error_pred: 0.104007 error_bl: 0.0554135 improvement: -0.0485933
    min: 0.269  max: 0.82 avg: 0.568205
explanation: 


45: 1924  label: -1 pred: 0.693693 bl: 0.2913 IMP error_pred: 0.157635 error_bl: 0.109469 improvement: -0.0481664
    min: 0.0875  max: 0.4275 avg: 0.259218
explanation: 


46: 954  label: 1 pred: 0.31792 bl: 0.21795 POSS error_pred: 0.254049 error_bl: 0.207161 improvement: -0.0468883
    min: -0.21  max: 0.4815 avg: 0.131352
explanation: 


47: 98  label: 1 pred: 0.654105 bl: 0.40705 POSS error_pred: 0.127025 error_bl: 0.0809889 improvement: -0.0460358
    min: -0.113  max: 0.756 avg: 0.315648
explanation: 


48: 2946  label: -1 pred: 0.800949 bl: 0.39925 IMP error_pred: 0.241379 error_bl: 0.195402 improvement: -0.045977
    min: 0.064  max: 0.564 avg: 0.385552
explanation: 


49: 1279  label: -1 pred: 0.746688 bl: 0.33725 IMP error_pred: 0.188834 error_bl: 0.143404 improvement: -0.0454297
    min: 0.187  max: 0.531 avg: 0.382338
explanation: 


best entries: 
0: 789  label: -1 pred: 0.908889 bl: 0.72475 IMP error_pred: 0.43295 error_bl: 0.626163 improvement: 0.193213
1: 730  label: -1 pred: 0.883616 bl: 0.67705 IMP error_pred: 0.369458 error_bl: 0.55665 improvement: 0.187192
2: 221  label: -1 pred: 0.786588 bl: 0.57005 POSS error_pred: 0.226601 error_bl: 0.400109 improvement: 0.173508
3: 1671  label: -1 pred: 0.705126 bl: 0.5107 POSS error_pred: 0.164751 error_bl: 0.323481 improvement: 0.15873
4: 1092  label: 1 pred: 0.17705 bl: -0.11885 POSS error_pred: 0.363171 error_bl: 0.518329 improvement: 0.155158
5: 2938  label: -1 pred: 0.68779 bl: 0.49345 POSS error_pred: 0.154899 error_bl: 0.300493 improvement: 0.145594
6: 314  label: -1 pred: 0.915151 bl: 0.7058 POSS error_pred: 0.453749 error_bl: 0.598248 improvement: 0.144499
7: 802  label: -1 pred: 0.937012 bl: 0.74075 IMP error_pred: 0.517789 error_bl: 0.651888 improvement: 0.1341
8: 2035  label: -1 pred: 0.945258 bl: 0.74805 IMP error_pred: 0.549535 error_bl: 0.660098 improvement: 0.110564
9: 1672  label: 1 pred: 0.329363 bl: 0.04605 POSS error_pred: 0.250639 error_bl: 0.359761 improvement: 0.109122
10: 1066  label: -1 pred: 0.703909 bl: 0.47205 POSS error_pred: 0.164751 error_bl: 0.272578 improvement: 0.107827
11: 2961  label: 1 pred: 0.248304 bl: 0.0083 POSS error_pred: 0.297528 error_bl: 0.393862 improvement: 0.0963342
12: 1392  label: -1 pred: 0.709104 bl: 0.46165 IMP error_pred: 0.166393 error_bl: 0.261084 improvement: 0.0946908
13: 2012  label: 1 pred: 0.219105 bl: -0.00405 POSS error_pred: 0.315431 error_bl: 0.408355 improvement: 0.0929241
14: 1823  label: -1 pred: 0.896744 bl: 0.63535 POSS error_pred: 0.399562 error_bl: 0.489327 improvement: 0.0897647
15: 887  label: -1 pred: 0.846254 bl: 0.56245 IMP error_pred: 0.304324 error_bl: 0.389984 improvement: 0.0856596
16: 409  label: -1 pred: 0.759291 bl: 0.47835 IMP error_pred: 0.200328 error_bl: 0.283525 improvement: 0.0831965
17: 780  label: 1 pred: 0.0799116 bl: -0.17025 POSS error_pred: 0.499574 error_bl: 0.581415 improvement: 0.0818414
18: 1013  label: -1 pred: 0.599675 bl: 0.40015 IMP error_pred: 0.114943 error_bl: 0.196497 improvement: 0.0815545
19: 188  label: -1 pred: 0.812059 bl: 0.5167 IMP error_pred: 0.25561 error_bl: 0.332239 improvement: 0.0766284
20: 1728  label: -1 pred: 0.704006 bl: 0.43865 IMP error_pred: 0.164751 error_bl: 0.235906 improvement: 0.0711549
21: 2008  label: -1 pred: 0.983332 bl: 0.9341 IMP error_pred: 0.827039 error_bl: 0.897646 improvement: 0.0706075
22: 2343  label: -1 pred: 0.905613 bl: 0.63725 IMP error_pred: 0.423645 error_bl: 0.494253 improvement: 0.0706075
23: 2345  label: -1 pred: 0.448916 bl: 0.3508 POSS error_pred: 0.0810071 error_bl: 0.150246 improvement: 0.0692392
24: 2558  label: 1 pred: 0.377633 bl: 0.10475 POSS error_pred: 0.231032 error_bl: 0.300085 improvement: 0.0690537
25: 103  label: 1 pred: 0.508765 bl: 0.1797 POSS error_pred: 0.171355 error_bl: 0.239557 improvement: 0.0682012
26: 2279  label: -1 pred: 0.699282 bl: 0.4341 IMP error_pred: 0.162562 error_bl: 0.228243 improvement: 0.0656814
27: 726  label: 1 pred: 0.741742 bl: 0.3073 AUTO error_pred: 0.0835465 error_bl: 0.14919 improvement: 0.0656437
28: 2373  label: 1 pred: 0.743827 bl: 0.30865 AUTO error_pred: 0.0835465 error_bl: 0.148338 improvement: 0.0647911
29: 90  label: 1 pred: 0.120624 bl: -0.1001 POSS error_pred: 0.428815 error_bl: 0.49318 improvement: 0.0643649
30: 2359  label: -1 pred: 0.503328 bl: 0.3549 POSS error_pred: 0.090312 error_bl: 0.154351 improvement: 0.0640394
31: 1842  label: 1 pred: 0.439346 bl: 0.1546 POSS error_pred: 0.197783 error_bl: 0.26087 improvement: 0.0630861
32: 227  label: -1 pred: 0.699018 bl: 0.42815 IMP error_pred: 0.162562 error_bl: 0.225233 improvement: 0.0626711
33: 380  label: 1 pred: 0.114427 bl: -0.1051 POSS error_pred: 0.43734 error_bl: 0.499574 improvement: 0.0622336
34: 1574  label: -1 pred: 0.891344 bl: 0.60335 IMP error_pred: 0.391352 error_bl: 0.452107 improvement: 0.0607553
35: 1061  label: -1 pred: 0.208672 bl: 0.24895 POSS error_pred: 0.028462 error_bl: 0.0892173 improvement: 0.0607553
36: 1879  label: -1 pred: 0.789465 bl: 0.4858 POSS error_pred: 0.230432 error_bl: 0.291188 improvement: 0.0607553
37: 202  label: 1 pred: 0.739689 bl: 0.3214 AUTO error_pred: 0.0835465 error_bl: 0.144075 improvement: 0.0605286
38: 1086  label: 1 pred: 0.172519 bl: -0.03135 POSS error_pred: 0.368286 error_bl: 0.428815 improvement: 0.0605286
39: 2178  label: -1 pred: 0.821072 bl: 0.5149 IMP error_pred: 0.269841 error_bl: 0.330323 improvement: 0.0604816
40: 339  label: -1 pred: 0.720532 bl: 0.43915 IMP error_pred: 0.176245 error_bl: 0.235906 improvement: 0.0596606
41: 2507  label: 1 pred: 0.0463054 bl: -0.2767 POSS error_pred: 0.615516 error_bl: 0.674339 improvement: 0.0588235
42: 2228  label: 1 pred: 0.726106 bl: 0.3083 AUTO error_pred: 0.0903666 error_bl: 0.148338 improvement: 0.057971
43: 752  label: -1 pred: 0.851403 bl: 0.54855 IMP error_pred: 0.314176 error_bl: 0.371648 improvement: 0.0574713
44: 2782  label: -1 pred: 0.961367 bl: 0.77115 IMP error_pred: 0.632184 error_bl: 0.689655 improvement: 0.0574713
45: 1461  label: 1 pred: 0.421663 bl: 0.14605 POSS error_pred: 0.212276 error_bl: 0.269395 improvement: 0.0571185
46: 2092  label: 1 pred: 0.865916 bl: 0.37905 AUTO error_pred: 0.0409207 error_bl: 0.0980392 improvement: 0.0571185
47: 132  label: -1 pred: 0.945834 bl: 0.7105 IMP error_pred: 0.550629 error_bl: 0.607006 improvement: 0.0563766
48: 2817  label: -1 pred: 0.486054 bl: 0.33635 POSS error_pred: 0.0870279 error_bl: 0.142857 improvement: 0.0558292
49: 1104  label: -1 pred: 0.61562 bl: 0.38025 IMP error_pred: 0.121511 error_bl: 0.17734 improvement: 0.0558292

total is 0
score for UNKNOWN: 1.0000 baseline: 1.0000 diff: 0.0000
total is 1792
score for AUTO: 0.0000 baseline: 0.0000 diff: 0.0000
total is 1046
score for POSS: 0.1750 baseline: 0.1814 diff: -0.0063
total is 162
score for IMP: 1.0000 baseline: 1.0000 diff: 0.0000
writing 15000 official test outputs

0%   10   20   30   40   50   60   70   80   90   100%
|----|----|----|----|----|----|----|----|----|----|
***************************************************
scores: [ 0.0574218 ]
0.0574 +/-    nan
4227.67user 5.22system 17:46.11elapsed 397%CPU (0avgtext+0avgdata 0maxresident)k
0inputs+336outputs (0major+1129024minor)pagefaults 0swaps
