loading data...training 500 models

0%   10   20   30   40   50   60   70   80   90   100%
|----|----|----|----|----|----|----|----|----|----|
***************************************************
processing 4000 predictions...

0%   10   20   30   40   50   60   70   80   90   100%
|----|----|----|----|----|----|----|----|----|----|
***************************************************
 done.
elapsed: [1518.83s cpu, 1106480.1391 mticks, 413.99s wall]
score: 0.3208  baseline: 0.3384  diff: -0.01761
category UNKNOWN: count 0 avg error 0 baseline avg error 0 avg improvement 0
category AUTO: count 936 avg error 0.108391 baseline avg error 0.0970217 avg improvement -0.0113688
category POSS: count 2576 avg error 0.325659 baseline avg error 0.342472 avg improvement 0.0168127
category IMP: count 488 avg error 0.702845 baseline avg error 0.780242 avg improvement 0.0773976
overall: count 4000 avg error 0.320835 baseline avg error 0.338444 avg improvement 0.0176096
worst entries: 
0: 173  label: 1 pred: 0.262435 bl: 0.31935 POSS error_pred: 0.890181 error_bl: 0.171242 improvement: -0.718939
    min: -0.038  max: 0.9345 avg: 0.424532
explanation: 


1: 2151  label: -1 pred: 0.665541 bl: 0.0218 POSS error_pred: 0.784981 error_bl: 0.257699 improvement: -0.527283
    min: -0.5715  max: 0.273 avg: -0.168442
explanation: 


2: 630  label: -1 pred: 0.649374 bl: 0.0329 POSS error_pred: 0.737979 error_bl: 0.266343 improvement: -0.471637
    min: -0.1825  max: 0.195 avg: 0.029334
explanation: 


3: 3376  label: -1 pred: 0.704417 bl: 0.137 POSS error_pred: 0.878444 error_bl: 0.41383 improvement: -0.464614
    min: -0.136  max: 0.35 avg: 0.11456
explanation: 


4: 3544  label: 1 pred: 0.315327 bl: 0.13985 POSS error_pred: 0.803164 error_bl: 0.342252 improvement: -0.460912
    min: -0.1765  max: 0.6635 avg: 0.21694
explanation: 


5: 313  label: -1 pred: 0.618296 bl: -0.0489 POSS error_pred: 0.636413 error_bl: 0.175581 improvement: -0.460832
    min: -0.1985  max: 0.2695 avg: -0.017004
explanation: 


6: 2004  label: 1 pred: 0.400527 bl: 0.3039 POSS error_pred: 0.630991 error_bl: 0.180549 improvement: -0.450442
    min: -0.147  max: 0.97 avg: 0.377712
explanation: 


7: 217  label: -1 pred: 0.685875 bl: 0.11285 POSS error_pred: 0.833063 error_bl: 0.385197 improvement: -0.447866
    min: -0.18  max: 0.343 avg: 0.121246
explanation: 


8: 483  label: -1 pred: 0.618459 bl: -0.02745 POSS error_pred: 0.636413 error_bl: 0.19665 improvement: -0.439762
    min: -0.9765  max: 0.397 avg: -0.124592
explanation: 


9: 2187  label: 1 pred: 0.379567 bl: 0.23145 POSS error_pred: 0.677524 error_bl: 0.237785 improvement: -0.439739
    min: -0.0625  max: 0.681 avg: 0.287588
explanation: 


10: 3620  label: -1 pred: 0.666251 bl: 0.09595 POSS error_pred: 0.787142 error_bl: 0.362507 improvement: -0.424635
    min: -0.1285  max: 0.5875 avg: 0.208812
explanation: 


11: 1785  label: -1 pred: 0.600455 bl: -0.0559 POSS error_pred: 0.585629 error_bl: 0.167477 improvement: -0.418152
    min: -0.467  max: 0.375 avg: -0.098078
explanation: 


12: 3810  label: 1 pred: 0.291247 bl: 0.0708 POSS error_pred: 0.846906 error_bl: 0.429037 improvement: -0.417869
    min: -0.2735  max: 0.5195 avg: 0.09713
explanation: 


13: 3389  label: 1 pred: 0.354823 bl: 0.16635 POSS error_pred: 0.724058 error_bl: 0.306654 improvement: -0.417403
    min: -0.082  max: 0.7035 avg: 0.228118
explanation: 


14: 3161  label: -1 pred: 0.636976 bl: 0.044 POSS error_pred: 0.693679 error_bl: 0.285251 improvement: -0.408428
    min: -0.143  max: 0.303 avg: 0.043874
explanation: 


15: 53  label: 1 pred: 0.421327 bl: 0.2962 POSS error_pred: 0.591903 error_bl: 0.186133 improvement: -0.40577
    min: -0.26  max: 0.622 avg: 0.277464
explanation: 


16: 3047  label: 1 pred: 0.396852 bl: 0.21445 POSS error_pred: 0.641228 error_bl: 0.252908 improvement: -0.38832
    min: -0.079  max: 0.6135 avg: 0.29786
explanation: 


17: 88  label: 1 pred: 0.38989 bl: 0.2004 POSS error_pred: 0.656119 error_bl: 0.270358 improvement: -0.385761
    min: -0.2185  max: 0.526 avg: 0.202112
explanation: 


18: 1172  label: -1 pred: 0.594835 bl: -0.0339 POSS error_pred: 0.568341 error_bl: 0.189087 improvement: -0.379254
    min: -0.2345  max: 0.176 avg: -0.038902
explanation: 


19: 2738  label: 1 pred: 0.382606 bl: 0.1799 POSS error_pred: 0.67101 error_bl: 0.292229 improvement: -0.378781
    min: -0.303  max: 0.6515 avg: 0.200052
explanation: 


20: 1169  label: -1 pred: 0.675076 bl: 0.14915 POSS error_pred: 0.809833 error_bl: 0.432739 improvement: -0.377093
    min: -0.124  max: 0.423 avg: 0.180678
explanation: 


21: 1020  label: -1 pred: 0.581752 bl: -0.07305 POSS error_pred: 0.526742 error_bl: 0.150189 improvement: -0.376553
    min: -0.3565  max: 0.292 avg: -0.032884
explanation: 


22: 2594  label: 1 pred: 0.218852 bl: -0.02855 POSS error_pred: 0.940903 error_bl: 0.565379 improvement: -0.375524
    min: -0.4185  max: 0.4385 avg: -0.063392
explanation: 


23: 1659  label: 1 pred: 0.404011 bl: 0.2195 POSS error_pred: 0.624476 error_bl: 0.248953 improvement: -0.375524
    min: -0.2135  max: 0.682 avg: 0.2402
explanation: 


24: 1474  label: -1 pred: 0.598787 bl: -0.01575 POSS error_pred: 0.581307 error_bl: 0.209076 improvement: -0.372231
    min: -0.535  max: 0.63 avg: 0.040606
explanation: 


25: 1438  label: 1 pred: 0.475832 bl: 0.4122 AUTO error_pred: 0.473709 error_bl: 0.104235 improvement: -0.369474
    min: 0.007  max: 0.701 avg: 0.303412
explanation: 


26: 892  label: -1 pred: 0.663189 bl: 0.13075 POSS error_pred: 0.775797 error_bl: 0.410049 improvement: -0.365748
    min: -0.29  max: 0.4965 avg: 0.116888
explanation: 


27: 3311  label: -1 pred: 0.612357 bl: 0.0253 POSS error_pred: 0.622366 error_bl: 0.2604 improvement: -0.361967
    min: -0.1565  max: 0.292 avg: 0.065672
explanation: 


28: 3120  label: 1 pred: 0.48115 bl: 0.4185 AUTO error_pred: 0.462541 error_bl: 0.100977 improvement: -0.361564
    min: 0.206  max: 0.7975 avg: 0.485392
explanation: 


29: 561  label: 1 pred: 0.426898 bl: 0.25285 POSS error_pred: 0.58027 error_bl: 0.22336 improvement: -0.35691
    min: -0.019  max: 0.6195 avg: 0.269404
explanation: 


30: 1985  label: 1 pred: 0.391876 bl: 0.17325 POSS error_pred: 0.653793 error_bl: 0.30107 improvement: -0.352722
    min: -0.455  max: 0.8145 avg: 0.212308
explanation: 


31: 2288  label: 1 pred: 0.448949 bl: 0.31145 POSS error_pred: 0.525826 error_bl: 0.17543 improvement: -0.350396
    min: -0.0935  max: 0.7445 avg: 0.48209
explanation: 


32: 1794  label: -1 pred: 0.589859 bl: -0.0184 POSS error_pred: 0.549973 error_bl: 0.205835 improvement: -0.344138
    min: -0.5345  max: 0.2175 avg: -0.11587
explanation: 


33: 1506  label: -1 pred: 0.764271 bl: 0.2679 POSS error_pred: 0.970827 error_bl: 0.626688 improvement: -0.344138
    min: -0.1785  max: 0.6405 avg: 0.275164
explanation: 


34: 2448  label: -1 pred: 0.668081 bl: 0.159 POSS error_pred: 0.790384 error_bl: 0.447866 improvement: -0.342518
    min: -0.1405  max: 0.436 avg: 0.125402
explanation: 


35: 464  label: -1 pred: 0.594206 bl: 0.0013 POSS error_pred: 0.567261 error_bl: 0.228525 improvement: -0.338736
    min: -0.1565  max: 0.236 avg: 0.030546
explanation: 


36: 3940  label: -1 pred: 0.525536 bl: -0.30875 POSS error_pred: 0.37061 error_bl: 0.0324149 improvement: -0.338196
    min: -0.7355  max: 0.023 avg: -0.272074
explanation: 


37: 2217  label: 1 pred: 0.472263 bl: 0.34615 AUTO error_pred: 0.481619 error_bl: 0.145184 improvement: -0.336436
    min: 0.074  max: 0.714 avg: 0.387108
explanation: 


38: 3741  label: 1 pred: 0.285042 bl: 0.0063 POSS error_pred: 0.858074 error_bl: 0.522569 improvement: -0.335505
    min: -0.221  max: 0.447 avg: 0.02936
explanation: 


39: 494  label: -1 pred: 0.687772 bl: 0.19025 POSS error_pred: 0.837925 error_bl: 0.503512 improvement: -0.334414
    min: -0.05  max: 0.4045 avg: 0.179444
explanation: 


40: 3605  label: 1 pred: 0.494986 bl: 0.42775 AUTO error_pred: 0.429502 error_bl: 0.0963238 improvement: -0.333178
    min: 0.2015  max: 0.6055 avg: 0.422068
explanation: 


41: 2296  label: 1 pred: 0.373853 bl: 0.1264 POSS error_pred: 0.688227 error_bl: 0.361098 improvement: -0.327129
    min: -0.1105  max: 0.783 avg: 0.115386
explanation: 


42: 125  label: -1 pred: 0.568047 bl: -0.06295 POSS error_pred: 0.485683 error_bl: 0.159373 improvement: -0.32631
    min: -0.2665  max: 0.3015 avg: 0.015616
explanation: 


43: 1774  label: 1 pred: 0.363499 bl: 0.11145 POSS error_pred: 0.707771 error_bl: 0.381573 improvement: -0.326198
    min: -0.1225  max: 0.5645 avg: 0.190046
explanation: 


44: 3050  label: -1 pred: 0.655365 bl: 0.1466 POSS error_pred: 0.756348 error_bl: 0.431118 improvement: -0.32523
    min: -0.293  max: 0.388 avg: 0.052952
explanation: 


45: 1813  label: 1 pred: 0.43976 bl: 0.25645 AUTO error_pred: 0.546301 error_bl: 0.221964 improvement: -0.324337
    min: 0.031  max: 0.453 avg: 0.216432
explanation: 


46: 3214  label: -1 pred: 0.594858 bl: 0.01215 POSS error_pred: 0.568341 error_bl: 0.245273 improvement: -0.323069
    min: -0.3015  max: 0.181 avg: -0.054044
explanation: 


47: 27  label: 1 pred: 0.424456 bl: 0.20725 POSS error_pred: 0.583993 error_bl: 0.261052 improvement: -0.322941
    min: -0.008  max: 0.511 avg: 0.272684
explanation: 


48: 3032  label: 1 pred: 0.241091 bl: -0.05375 POSS error_pred: 0.920893 error_bl: 0.602606 improvement: -0.318288
    min: -0.311  max: 0.2395 avg: 0.000160001
explanation: 


49: 2950  label: 1 pred: 0.405063 bl: 0.1686 POSS error_pred: 0.62308 error_bl: 0.304793 improvement: -0.318288
    min: -0.2635  max: 0.5815 avg: 0.152616
explanation: 


best entries: 
0: 3702  label: -1 pred: 0.378369 bl: 0.53925 IMP error_pred: 0.117234 error_bl: 0.905997 improvement: 0.788763
1: 1502  label: -1 pred: 0.461796 bl: 0.5984 IMP error_pred: 0.241491 error_bl: 0.940573 improvement: 0.699082
2: 310  label: -1 pred: 0.452397 bl: 0.5154 IMP error_pred: 0.223663 error_bl: 0.89141 improvement: 0.667747
3: 3534  label: -1 pred: 0.41934 bl: 0.3881 IMP error_pred: 0.17288 error_bl: 0.771475 improvement: 0.598595
4: 2500  label: -1 pred: 0.438069 bl: 0.39795 IMP error_pred: 0.197191 error_bl: 0.78174 improvement: 0.584549
5: 2248  label: -1 pred: 0.479127 bl: 0.43905 IMP error_pred: 0.272826 error_bl: 0.824419 improvement: 0.551594
6: 2242  label: -1 pred: 0.44227 bl: 0.3408 IMP error_pred: 0.202593 error_bl: 0.712588 improvement: 0.509995
7: 3962  label: -1 pred: 0.481169 bl: 0.38105 POSS error_pred: 0.277688 error_bl: 0.765532 improvement: 0.487844
8: 485  label: -1 pred: 0.450927 bl: 0.3298 IMP error_pred: 0.222582 error_bl: 0.704484 improvement: 0.481902
9: 268  label: -1 pred: 0.397253 bl: 0.26245 POSS error_pred: 0.137223 error_bl: 0.618044 improvement: 0.480821
10: 1737  label: -1 pred: 0.3984 bl: 0.2618 POSS error_pred: 0.138304 error_bl: 0.616424 improvement: 0.47812
11: 3134  label: -1 pred: 0.45978 bl: 0.3416 POSS error_pred: 0.236629 error_bl: 0.713938 improvement: 0.47731
12: 2513  label: 1 pred: 0.707108 bl: 0.00835 POSS error_pred: 0.0442066 error_bl: 0.520242 improvement: 0.476035
13: 2479  label: -1 pred: 0.458776 bl: 0.3342 POSS error_pred: 0.235008 error_bl: 0.708266 improvement: 0.473258
14: 3390  label: -1 pred: 0.575833 bl: 0.70895 IMP error_pred: 0.507834 error_bl: 0.980551 improvement: 0.472717
15: 167  label: -1 pred: 0.387648 bl: 0.2477 IMP error_pred: 0.125878 error_bl: 0.594814 improvement: 0.468936
16: 2064  label: -1 pred: 0.461367 bl: 0.3355 IMP error_pred: 0.240951 error_bl: 0.709346 improvement: 0.468395
17: 3516  label: -1 pred: 0.348975 bl: 0.2101 IMP error_pred: 0.080497 error_bl: 0.537547 improvement: 0.45705
18: 1038  label: 1 pred: 0.642538 bl: -0.0413 POSS error_pred: 0.129828 error_bl: 0.585389 improvement: 0.455561
19: 3155  label: -1 pred: 0.521727 bl: 0.4205 IMP error_pred: 0.361426 error_bl: 0.809292 improvement: 0.447866
20: 3264  label: -1 pred: 0.248497 bl: 0.17595 POSS error_pred: 0.0297137 error_bl: 0.476499 improvement: 0.446786
21: 1493  label: -1 pred: 0.537092 bl: 0.46855 IMP error_pred: 0.402485 error_bl: 0.845489 improvement: 0.443004
22: 3761  label: -1 pred: 0.352078 bl: 0.2049 POSS error_pred: 0.0853593 error_bl: 0.528363 improvement: 0.443004
23: 3289  label: -1 pred: 0.483752 bl: 0.34825 IMP error_pred: 0.28255 error_bl: 0.725013 improvement: 0.442464
24: 109  label: 1 pred: 0.636681 bl: -0.03865 POSS error_pred: 0.14053 error_bl: 0.580735 improvement: 0.440205
25: 2960  label: -1 pred: 0.488298 bl: 0.3476 IMP error_pred: 0.290654 error_bl: 0.725013 improvement: 0.43436
26: 2371  label: -1 pred: 0.550163 bl: 0.4909 IMP error_pred: 0.436521 error_bl: 0.8698 improvement: 0.433279
27: 2566  label: -1 pred: 0.341428 bl: 0.1868 POSS error_pred: 0.0767153 error_bl: 0.497029 improvement: 0.420313
28: 2666  label: -1 pred: 0.452476 bl: 0.2804 POSS error_pred: 0.223663 error_bl: 0.641275 improvement: 0.417612
29: 1577  label: -1 pred: 0.569028 bl: 0.53305 IMP error_pred: 0.487844 error_bl: 0.903025 improvement: 0.415181
30: 2232  label: -1 pred: 0.485499 bl: 0.32825 IMP error_pred: 0.286332 error_bl: 0.701243 improvement: 0.414911
31: 2102  label: -1 pred: 0.544901 bl: 0.4554 IMP error_pred: 0.423555 error_bl: 0.838466 improvement: 0.414911
32: 3990  label: -1 pred: 0.581968 bl: 0.59545 IMP error_pred: 0.527283 error_bl: 0.940032 improvement: 0.41275
33: 2171  label: -1 pred: 0.429842 bl: 0.2517 POSS error_pred: 0.187466 error_bl: 0.598055 improvement: 0.410589
34: 1722  label: -1 pred: 0.511973 bl: 0.36995 POSS error_pred: 0.340357 error_bl: 0.750405 improvement: 0.410049
35: 83  label: -1 pred: 0.454721 bl: 0.2722 IMP error_pred: 0.226364 error_bl: 0.632631 improvement: 0.406267
36: 973  label: -1 pred: 0.582479 bl: 0.58405 IMP error_pred: 0.527823 error_bl: 0.933009 improvement: 0.405186
37: 1078  label: 1 pred: 0.630284 bl: -0.01635 POSS error_pred: 0.149837 error_bl: 0.550954 improvement: 0.401117
38: 756  label: -1 pred: 0.500404 bl: 0.34385 IMP error_pred: 0.318206 error_bl: 0.71799 improvement: 0.399784
39: 1055  label: -1 pred: 0.493456 bl: 0.3284 IMP error_pred: 0.302539 error_bl: 0.701513 improvement: 0.398974
40: 2382  label: -1 pred: 0.487415 bl: 0.31465 POSS error_pred: 0.290113 error_bl: 0.686116 improvement: 0.396002
41: 493  label: -1 pred: 0.492124 bl: 0.32025 IMP error_pred: 0.299298 error_bl: 0.69476 improvement: 0.395462
42: 3001  label: -1 pred: 0.389995 bl: 0.20085 POSS error_pred: 0.128579 error_bl: 0.5208 improvement: 0.39222
43: 209  label: -1 pred: 0.342662 bl: 0.172 POSS error_pred: 0.0772555 error_bl: 0.469476 improvement: 0.39222
44: 3927  label: -1 pred: 0.501924 bl: 0.33315 POSS error_pred: 0.323069 error_bl: 0.707185 improvement: 0.384117
45: 1787  label: -1 pred: 0.28833 bl: 0.14935 POSS error_pred: 0.0497029 error_bl: 0.432739 improvement: 0.383036
46: 3122  label: -1 pred: 0.447876 bl: 0.25105 POSS error_pred: 0.213938 error_bl: 0.596975 improvement: 0.383036
47: 2664  label: -1 pred: 0.535361 bl: 0.39625 POSS error_pred: 0.397623 error_bl: 0.777958 improvement: 0.380335
48: 2477  label: -1 pred: 0.522389 bl: 0.36315 IMP error_pred: 0.363587 error_bl: 0.74014 improvement: 0.376553
49: 3840  label: -1 pred: 0.422743 bl: 0.22075 POSS error_pred: 0.175581 error_bl: 0.551053 improvement: 0.375473

total is 0
score for UNKNOWN: 1.0000 baseline: 1.0000 diff: 0.0000
total is 936
score for AUTO: 0.0001 baseline: 0.0000 diff: 0.0001
total is 2576
score for POSS: 0.3570 baseline: 0.3794 diff: -0.0225
total is 488
score for IMP: 0.9994 baseline: 1.0000 diff: -0.0006
writing 20000 official test outputs

0%   10   20   30   40   50   60   70   80   90   100%
|----|----|----|----|----|----|----|----|----|----|
***************************************************
scores: [ 0.320835 ]
0.3208 +/-    nan
