loading data...training 500 models

0%   10   20   30   40   50   60   70   80   90   100%
|----|----|----|----|----|----|----|----|----|----|
***************************************************
processing 3000 predictions...

0%   10   20   30   40   50   60   70   80   90   100%
|----|----|----|----|----|----|----|----|----|----|
***************************************************
 done.
elapsed: [213.61s cpu, 192925.4681 mticks, 72.18s wall]
score: 0.4379  baseline: 0.4398  diff: -0.00189
category UNKNOWN: count 0 avg error 0 baseline avg error 0 avg improvement 0
category AUTO: count 1249 avg error 0.0259413 baseline avg error 0.0250981 avg improvement -0.000843209
category POSS: count 1531 avg error 0.208287 baseline avg error 0.213126 avg improvement 0.00483947
category IMP: count 220 avg error 1.01831 baseline avg error 1.01199 avg improvement -0.00631401
overall: count 3000 avg error 0.191772 baseline avg error 0.193427 avg improvement 0.00165566
worst entries: 
0: 241  label: 1 pred: -0.525753 bl: -0.3773 IMP error_pred: 2.32792 error_bl: 1.89696 improvement: -0.430967
    min: -0.766  max: 0.2295 avg: -0.27997
explanation: 


1: 1387  label: 1 pred: -0.457086 bl: -0.3119 IMP error_pred: 2.1231 error_bl: 1.72108 improvement: -0.402019
    min: -0.751  max: 0.4295 avg: -0.281408
explanation: 


2: 11  label: 1 pred: -0.279777 bl: -0.11325 POSS error_pred: 1.63783 error_bl: 1.23933 improvement: -0.398503
    min: -0.62  max: 0.56 avg: -0.04356
explanation: 


3: 452  label: -1 pred: 0.315561 bl: 0.20065 IMP error_pred: 1.7307 error_bl: 1.44156 improvement: -0.28914
    min: -0.2215  max: 0.484 avg: 0.187188
explanation: 


4: 590  label: 0.5 pred: -0.544226 bl: -0.41355 IMP error_pred: 1.09041 error_bl: 0.834574 improvement: -0.255833
    min: -0.5975  max: -0.0305 avg: -0.384208
explanation: 


5: 1088  label: -1 pred: -0.0285744 bl: -0.1662 POSS error_pred: 0.943668 error_bl: 0.695222 improvement: -0.248445
    min: -0.581  max: 0.318 avg: -0.134715
explanation: 


6: 1567  label: -1 pred: 0.466298 bl: 0.3803 IMP error_pred: 2.15003 error_bl: 1.90523 improvement: -0.244801
    min: -0.144  max: 0.7415 avg: 0.44164
explanation: 


7: 2867  label: 1 pred: -0.12952 bl: -0.02055 POSS error_pred: 1.27581 error_bl: 1.04152 improvement: -0.234292
    min: -0.901  max: 0.671 avg: 0.089075
explanation: 


8: 2280  label: 0 pred: 0.920639 bl: 0.7894 POSS error_pred: 0.847577 error_bl: 0.623152 improvement: -0.224424
    min: 0.225  max: 1 avg: 0.703903
explanation: 


9: 1574  label: -1 pred: 0.487784 bl: 0.4113 IMP error_pred: 2.2135 error_bl: 1.99177 improvement: -0.221734
    min: -0.1345  max: 0.7505 avg: 0.31241
explanation: 


10: 2832  label: 1 pred: -0.109363 bl: -0.00755 IMP error_pred: 1.23069 error_bl: 1.01516 improvement: -0.215529
    min: -0.324  max: 0.3005 avg: -0.0053725
explanation: 


11: 2143  label: -1 pred: 0.0697485 bl: -0.03495 POSS error_pred: 1.14436 error_bl: 0.931321 improvement: -0.21304
    min: -0.6345  max: 0.352 avg: -0.24971
explanation: 


12: 856  label: 1 pred: -0.262128 bl: -0.183 IMP error_pred: 1.59297 error_bl: 1.39949 improvement: -0.193479
    min: -0.399  max: 0.1995 avg: -0.13392
explanation: 


13: 1759  label: -0.5 pred: 0.527852 bl: 0.4292 IMP error_pred: 1.05648 error_bl: 0.863413 improvement: -0.193067
    min: 0.0645  max: 0.5625 avg: 0.352875
explanation: 


14: 2472  label: 1 pred: -0.130384 bl: -0.0432 POSS error_pred: 1.27777 error_bl: 1.08827 improvement: -0.189502
    min: -0.341  max: 0.526 avg: 0.0153775
explanation: 


15: 2216  label: -1 pred: 0.508928 bl: 0.44665 IMP error_pred: 2.27686 error_bl: 2.0928 improvement: -0.184068
    min: -0.1085  max: 0.889 avg: 0.49062
explanation: 


16: 2897  label: -1 pred: 0.319048 bl: 0.2486 IMP error_pred: 1.73989 error_bl: 1.559 improvement: -0.180886
    min: -0.0725  max: 0.5915 avg: 0.247875
explanation: 


17: 556  label: -1 pred: 0.384721 bl: 0.318 IMP error_pred: 1.91745 error_bl: 1.73712 improvement: -0.180327
    min: -0.1895  max: 0.6395 avg: 0.27104
explanation: 


18: 2655  label: 0 pred: 0.5926 bl: 0.4188 POSS error_pred: 0.351175 error_bl: 0.175393 improvement: -0.175782
    min: -0.025  max: 0.579 avg: 0.304647
explanation: 


19: 2360  label: 0 pred: 0.868232 bl: 0.76235 POSS error_pred: 0.753827 error_bl: 0.581178 improvement: -0.17265
    min: 0.2725  max: 0.9625 avg: 0.72535
explanation: 


20: 2274  label: 0.5 pred: -0.433048 bl: -0.33675 POSS error_pred: 0.870578 error_bl: 0.700151 improvement: -0.170427
    min: -0.691  max: 0.317 avg: -0.314127
explanation: 


21: 2140  label: -1 pred: 0.321772 bl: 0.25705 IMP error_pred: 1.74708 error_bl: 1.58017 improvement: -0.166906
    min: -0.0555  max: 0.911 avg: 0.240958
explanation: 


22: 1030  label: -0.5 pred: 0.53787 bl: 0.45525 IMP error_pred: 1.07718 error_bl: 0.912503 improvement: -0.164672
    min: 0.0285  max: 0.939 avg: 0.509898
explanation: 


23: 2114  label: 1 pred: 0.106084 bl: 0.20305 IMP error_pred: 0.799086 error_bl: 0.635129 improvement: -0.163957
    min: -0.1245  max: 0.378 avg: 0.172453
explanation: 


24: 2861  label: -0.5 pred: 0.558028 bl: 0.47805 IMP error_pred: 1.11942 error_bl: 0.956582 improvement: -0.162841
    min: 0.204  max: 0.814 avg: 0.462763
explanation: 


25: 833  label: -1 pred: 0.459337 bl: 0.40255 IMP error_pred: 2.12966 error_bl: 1.96715 improvement: -0.162517
    min: 0.213  max: 0.655 avg: 0.392563
explanation: 


26: 552  label: 1 pred: 0.044909 bl: 0.13415 POSS error_pred: 0.912199 error_bl: 0.749696 improvement: -0.162503
    min: -0.396  max: 0.666 avg: 0.17618
explanation: 


27: 1743  label: 0 pred: 0.730073 bl: 0.6092 POSS error_pred: 0.533007 error_bl: 0.371125 improvement: -0.161882
    min: 0.3585  max: 0.884 avg: 0.593532
explanation: 


28: 2994  label: 1 pred: 0.207033 bl: 0.31405 POSS error_pred: 0.628797 error_bl: 0.470527 improvement: -0.158269
    min: 0.001  max: 0.5925 avg: 0.27484
explanation: 


29: 1189  label: 1 pred: 0.236941 bl: 0.3482 POSS error_pred: 0.582259 error_bl: 0.424843 improvement: -0.157416
    min: -0.101  max: 0.666 avg: 0.33765
explanation: 


30: 1790  label: 0 pred: 0.713738 bl: 0.59335 POSS error_pred: 0.509422 error_bl: 0.352064 improvement: -0.157358
    min: 0.428  max: 0.9275 avg: 0.66782
explanation: 


31: 1862  label: 0 pred: 0.784612 bl: 0.6774 POSS error_pred: 0.615616 error_bl: 0.458871 improvement: -0.156745
    min: 0.4195  max: 0.89 avg: 0.652773
explanation: 


32: 2344  label: -0.5 pred: 0.576165 bl: 0.5025 IMP error_pred: 1.15813 error_bl: 1.00501 improvement: -0.153126
    min: 0.221  max: 0.799 avg: 0.515025
explanation: 


33: 1833  label: 0 pred: 0.643518 bl: 0.5124 POSS error_pred: 0.414115 error_bl: 0.262554 improvement: -0.151561
    min: 0.0215  max: 0.9175 avg: 0.447922
explanation: 


34: 942  label: 1 pred: 0.341094 bl: 0.4639 POSS error_pred: 0.434157 error_bl: 0.287403 improvement: -0.146754
    min: 0.241  max: 0.8785 avg: 0.529928
explanation: 


35: 2452  label: -1 pred: 0.337462 bl: 0.2837 IMP error_pred: 1.78881 error_bl: 1.64789 improvement: -0.140919
    min: -0.0755  max: 0.6815 avg: 0.307645
explanation: 


36: 1807  label: -0.5 pred: 0.300557 bl: 0.20715 POSS error_pred: 0.640892 error_bl: 0.500061 improvement: -0.14083
    min: -0.197  max: 0.6895 avg: 0.253657
explanation: 


37: 2927  label: 0.5 pred: -0.0608256 bl: 0.08095 POSS error_pred: 0.314525 error_bl: 0.175603 improvement: -0.138922
    min: -0.229  max: 0.414 avg: 0.099535
explanation: 


38: 2952  label: 1 pred: 0.0540133 bl: 0.12975 IMP error_pred: 0.894891 error_bl: 0.757335 improvement: -0.137556
    min: -0.115  max: 0.4895 avg: 0.18632
explanation: 


39: 2030  label: -1 pred: 0.188199 bl: 0.12945 IMP error_pred: 1.41182 error_bl: 1.27566 improvement: -0.136161
    min: -0.048  max: 0.4465 avg: 0.151992
explanation: 


40: 1992  label: 1 pred: 0.0465549 bl: 0.1207 IMP error_pred: 0.909057 error_bl: 0.773169 improvement: -0.135889
    min: -0.127  max: 0.468 avg: 0.153657
explanation: 


41: 1829  label: -1 pred: -0.0140654 bl: -0.08235 IMP error_pred: 0.972067 error_bl: 0.842081 improvement: -0.129986
    min: -0.223  max: 0.2 avg: -0.013955
explanation: 


42: 1765  label: -1 pred: 0.0367894 bl: -0.0265 IMP error_pred: 1.07493 error_bl: 0.947702 improvement: -0.12723
    min: -0.4755  max: 0.2105 avg: -0.09342
explanation: 


43: 1983  label: 0.5 pred: -0.18322 bl: -0.0837 POSS error_pred: 0.46679 error_bl: 0.340706 improvement: -0.126084
    min: -0.5425  max: 0.529 avg: -0.02887
explanation: 


44: 2966  label: -0.5 pred: 0.526329 bl: 0.464 IMP error_pred: 1.05335 error_bl: 0.929296 improvement: -0.124055
    min: 0.2685  max: 0.568 avg: 0.43417
explanation: 


45: 2739  label: 0 pred: 0.784736 bl: 0.7019 POSS error_pred: 0.61581 error_bl: 0.492664 improvement: -0.123147
    min: 0.478  max: 0.899 avg: 0.666415
explanation: 


46: 2453  label: 0.5 pred: -0.0779856 bl: 0.0395 POSS error_pred: 0.334067 error_bl: 0.21206 improvement: -0.122007
    min: -0.405  max: 0.426 avg: 0.0195725
explanation: 


47: 1234  label: 1 pred: 0.148618 bl: 0.2203 POSS error_pred: 0.724852 error_bl: 0.607932 improvement: -0.11692
    min: -0.1595  max: 0.5195 avg: 0.19111
explanation: 


48: 1204  label: -0.5 pred: 0.220276 bl: 0.1354 POSS error_pred: 0.518798 error_bl: 0.403733 improvement: -0.115064
    min: -0.187  max: 0.587 avg: 0.182535
explanation: 


49: 2579  label: 0 pred: 0.96555 bl: 0.9041 IMP error_pred: 0.932287 error_bl: 0.817397 improvement: -0.11489
    min: 0.542  max: 1 avg: 0.821102
explanation: 


best entries: 
0: 379  label: -1 pred: 0.225741 bl: 0.42065 IMP error_pred: 1.50244 error_bl: 2.01825 improvement: 0.515805
1: 473  label: 1 pred: 0.643498 bl: 0.326 POSS error_pred: 0.127094 error_bl: 0.454276 improvement: 0.327182
2: 2516  label: -1 pred: -0.146104 bl: 0.0176 IMP error_pred: 0.729139 error_bl: 1.03551 improvement: 0.306371
3: 1924  label: -1 pred: 0.235366 bl: 0.3466 IMP error_pred: 1.52613 error_bl: 1.81333 improvement: 0.287204
4: 1075  label: -1 pred: 0.220432 bl: 0.33215 IMP error_pred: 1.48946 error_bl: 1.77462 improvement: 0.285168
5: 1940  label: -1 pred: 0.745041 bl: 0.8248 IMP error_pred: 3.04517 error_bl: 3.3299 improvement: 0.284726
6: 1131  label: 0.5 pred: -0.104787 bl: -0.27215 POSS error_pred: 0.365767 error_bl: 0.596216 improvement: 0.230448
7: 2793  label: -1 pred: 0.128019 bl: 0.22305 IMP error_pred: 1.27243 error_bl: 1.49585 improvement: 0.223424
8: 2042  label: -1 pred: -0.405205 bl: -0.24635 POSS error_pred: 0.353781 error_bl: 0.567988 improvement: 0.214207
9: 1949  label: 1 pred: -0.390464 bl: -0.46535 POSS error_pred: 1.93339 error_bl: 2.14725 improvement: 0.21386
10: 2625  label: -1 pred: -0.414657 bl: -0.26775 POSS error_pred: 0.342626 error_bl: 0.53619 improvement: 0.193564
11: 803  label: -0.5 pred: 0.3594 bl: 0.4628 POSS error_pred: 0.738569 error_bl: 0.926984 improvement: 0.188415
12: 1417  label: 1 pred: 0.284149 bl: 0.1645 IMP error_pred: 0.512442 error_bl: 0.69806 improvement: 0.185618
13: 2818  label: 1 pred: 0.104116 bl: 0.0075 IMP error_pred: 0.802608 error_bl: 0.985056 improvement: 0.182449
14: 47  label: -1 pred: -0.334419 bl: -0.2103 POSS error_pred: 0.442998 error_bl: 0.623626 improvement: 0.180628
15: 1925  label: -1 pred: -0.281487 bl: -0.16565 POSS error_pred: 0.516261 error_bl: 0.69614 improvement: 0.179879
16: 496  label: -1 pred: -0.0831607 bl: 0.01 IMP error_pred: 0.840594 error_bl: 1.0201 improvement: 0.179506
17: 397  label: -0.5 pred: 0.466261 bl: 0.55445 POSS error_pred: 0.93366 error_bl: 1.11186 improvement: 0.178205
18: 1549  label: 1 pred: 0.614542 bl: 0.4293 POSS error_pred: 0.148578 error_bl: 0.325698 improvement: 0.177121
19: 199  label: -1 pred: -0.229269 bl: -0.12255 IMP error_pred: 0.594026 error_bl: 0.769919 improvement: 0.175892
20: 968  label: 0.5 pred: -0.05167 bl: -0.19015 POSS error_pred: 0.30434 error_bl: 0.476307 improvement: 0.171967
21: 10  label: 1 pred: 0.326126 bl: 0.20995 POSS error_pred: 0.454106 error_bl: 0.624179 improvement: 0.170073
22: 533  label: 1 pred: 0.128217 bl: 0.03855 POSS error_pred: 0.760006 error_bl: 0.924386 improvement: 0.16438
23: 1718  label: -0.5 pred: 0.161504 bl: 0.2755 POSS error_pred: 0.437587 error_bl: 0.6014 improvement: 0.163813
24: 2991  label: 1 pred: 0.15044 bl: 0.0593 POSS error_pred: 0.721753 error_bl: 0.884916 improvement: 0.163164
25: 59  label: 1 pred: 0.764118 bl: 0.53485 POSS error_pred: 0.0556401 error_bl: 0.216365 improvement: 0.160724
26: 2107  label: -1 pred: -0.18017 bl: -0.08985 IMP error_pred: 0.672121 error_bl: 0.828373 improvement: 0.156252
27: 807  label: -0.5 pred: -0.0610429 bl: 0.08955 POSS error_pred: 0.192683 error_bl: 0.347569 improvement: 0.154886
28: 15  label: 1 pred: 0.212542 bl: 0.1203 POSS error_pred: 0.62009 error_bl: 0.773872 improvement: 0.153782
29: 1346  label: -1 pred: -0.639057 bl: -0.4677 POSS error_pred: 0.13028 error_bl: 0.283343 improvement: 0.153063
30: 2665  label: -1 pred: -0.306805 bl: -0.20425 POSS error_pred: 0.48052 error_bl: 0.633218 improvement: 0.152698
31: 2574  label: -1 pred: 0.212068 bl: 0.2731 IMP error_pred: 1.46911 error_bl: 1.62078 improvement: 0.151675
32: 881  label: -1 pred: -0.440841 bl: -0.3195 POSS error_pred: 0.312658 error_bl: 0.46308 improvement: 0.150422
33: 1424  label: -0.5 pred: 0.803785 bl: 0.85875 IMP error_pred: 1.69985 error_bl: 1.8462 improvement: 0.146347
34: 222  label: -1 pred: -0.609496 bl: -0.45525 POSS error_pred: 0.152493 error_bl: 0.296753 improvement: 0.144259
35: 1280  label: 1 pred: 0.430888 bl: 0.31695 POSS error_pred: 0.323888 error_bl: 0.466557 improvement: 0.142669
36: 1078  label: 1 pred: 0.276674 bl: 0.18415 IMP error_pred: 0.523201 error_bl: 0.665611 improvement: 0.142411
37: 541  label: 1 pred: 0.469481 bl: 0.35185 POSS error_pred: 0.281451 error_bl: 0.420098 improvement: 0.138648
38: 2170  label: -1 pred: 0.363328 bl: 0.4117 IMP error_pred: 1.85866 error_bl: 1.9929 improvement: 0.134235
39: 741  label: 1 pred: 0.693257 bl: 0.52405 POSS error_pred: 0.094091 error_bl: 0.226528 improvement: 0.132437
40: 391  label: 1 pred: 0.247015 bl: 0.1655 POSS error_pred: 0.566987 error_bl: 0.69639 improvement: 0.129404
41: 789  label: 0 pred: 0.485562 bl: 0.60405 POSS error_pred: 0.235771 error_bl: 0.364876 improvement: 0.129106
42: 582  label: -0.5 pred: -0.0292956 bl: 0.08995 POSS error_pred: 0.221563 error_bl: 0.348041 improvement: 0.126478
43: 54  label: 1 pred: 0.555944 bl: 0.4316 POSS error_pred: 0.197186 error_bl: 0.323079 improvement: 0.125893
44: 1716  label: 1 pred: 0.565674 bl: 0.43925 POSS error_pred: 0.188639 error_bl: 0.314441 improvement: 0.125801
45: 2198  label: 0.5 pred: 0.247344 bl: 0.0648 POSS error_pred: 0.0638353 error_bl: 0.189399 improvement: 0.125564
46: 1649  label: 1 pred: 0.244878 bl: 0.1669 IMP error_pred: 0.57021 error_bl: 0.694056 improvement: 0.123846
47: 425  label: -0.5 pred: -0.0839512 bl: 0.04445 POSS error_pred: 0.173097 error_bl: 0.296426 improvement: 0.123329
48: 1022  label: -0.5 pred: 0.279358 bl: 0.35435 POSS error_pred: 0.607399 error_bl: 0.729914 improvement: 0.122515
49: 802  label: 0 pred: 0.498077 bl: 0.60715 POSS error_pred: 0.24808 error_bl: 0.368631 improvement: 0.120551

total is 0
score for UNKNOWN: nan baseline: nan diff:    nan
total is 1249
score for AUTO: 0.1611 baseline: 0.1584 diff: 0.0026
total is 1531
score for POSS: 0.4564 baseline: 0.4617 diff: -0.0053
total is 220
score for IMP: 1.0091 baseline: 1.0060 diff: 0.0031
writing 15000 official test outputs

0%   10   20   30   40   50   60   70   80   90   100%
|----|----|----|----|----|----|----|----|----|----|
***************************************************
scores: [ 0.437917 ]
0.4379 +/-    nan
