loading data...order = 1151
nm = 1151
nx = 50000
nvalues = 1151
singular_values = { 2830.24 257.365 230.482 190.919 161.699 140.275 118.585 112.076 101.221 95.6505 92.4441 85.5444 82.5308 75.9819 73.8328 70.6994 67.5904 65.6535 62.383 61.3324 60.1399 59.1862 57.5297 56.0432 54.7839 52.9803 52.5952 51.9474 51.7946 50.7626 50.1467 49.0847 49.0126 47.5257 46.5509 46.2982 45.6114 44.9637 44.2184 43.6337 42.7768 42.5523 42.3377 41.7535 41.4264 41.3242 40.2764 40.0653 39.6157 39.0949 39.0616 38.4923 38.1954 38.0343 37.5143 37.2368 36.7783 36.5751 36.4169 35.8289 35.6501 35.5367 35.3343 34.8464 34.7267 34.6558 34.17 34.0781 33.8106 33.5981 33.2068 32.6744 32.3795 32.3183 31.9841 31.7259 31.4584 31.2626 31.2022 30.9755 30.51 30.3066 30.2613 29.8572 29.8185 29.6958 29.6205 29.3499 29.2183 28.8429 28.8092 28.5659 28.3093 28.1616 28.0935 27.8605 27.7087 27.6447 27.5784 27.2772 27.129 26.9364 26.7507 26.7053 26.5705 26.4997 26.3859 26.2914 26.1072 26.056 25.945 25.7953 25.7089 25.5817 25.3414 25.3269 25.2041 25.1574 25.0813 25.0619 24.8068 24.7739 24.574 24.5489 24.4113 24.2134 24.1931 24.0855 24.0345 23.9306 23.8117 23.7026 23.5627 23.4828 23.3763 23.3653 23.1751 23.1013 23.0403 22.9875 22.8886 22.8313 22.7193 22.628 22.5702 22.4633 22.4179 22.3665 22.269 22.2312 22.1749 22.0249 21.9984 21.9464 21.8383 21.8131 21.7018 21.6602 21.6004 21.5108 21.4503 21.3661 21.2208 21.1763 21.098 21.0618 21.0129 20.9649 20.8196 20.7527 20.6998 20.5519 20.5207 20.5007 20.4139 20.3742 20.259 20.2547 20.173 20.1066 19.9921 19.915 19.8066 19.7947 19.7232 19.6714 19.5816 19.5293 19.5067 19.4576 19.372 19.2856 19.2634 19.2152 19.1239 19.1047 19.0291 18.9109 18.8317 18.7993 18.7726 18.687 18.6839 18.6391 18.4921 18.4392 18.3821 18.315 18.263 18.1912 18.1359 18.1139 18.0814 18.0368 17.8911 17.8197 17.7947 17.7795 17.6936 17.6244 17.548 17.5437 17.4579 17.4123 17.3562 17.2891 17.2872 17.2697 17.2159 17.158 17.1213 17.0676 17.0295 16.9664 16.9472 16.9247 16.8458 16.799 16.7799 16.6824 16.6447 16.5847 16.5663 16.5084 16.4631 16.4152 16.3899 16.322 16.2857 16.2701 16.2054 16.1971 16.1197 16.0956 16.055 16.0203 15.9956 15.9439 15.8675 15.8251 15.812 15.7821 15.7284 15.6612 15.6438 15.5497 15.5156 15.5029 15.4521 15.3888 15.3684 15.3456 15.3016 15.2396 15.1938 15.1397 15.1174 15.0871 15.0536 15.0141 14.9472 14.9221 14.8827 14.8401 14.8332 14.7931 14.7187 14.7058 14.654 14.612 14.6051 14.5799 14.5245 14.5107 14.4688 14.4499 14.4426 14.4083 14.3452 14.2626 14.2006 14.1279 14.099 14.0367 14.0052 13.9847 13.9556 13.9377 13.8861 13.8649 13.8123 13.7945 13.7622 13.7313 13.6622 13.6528 13.63 13.5507 13.5201 13.4542 13.4349 13.4156 13.384 13.3421 13.306 13.2669 13.2271 13.1918 13.132 13.1061 13.0978 13.0331 13.003 12.9882 12.9413 12.9117 12.8477 12.8101 12.7875 12.7568 12.736 12.6654 12.6238 12.6052 12.5526 12.5389 12.4673 12.458 12.3979 12.3627 12.3298 12.3061 12.2899 12.2425 12.2261 12.1922 12.1709 12.1501 12.0967 12.0779 12.0169 11.9899 11.9499 11.9306 11.8896 11.8714 11.8352 11.8111 11.7532 11.7491 11.7257 11.6818 11.6589 11.6277 11.6139 11.5811 11.5479 11.5319 11.5098 11.4854 11.4581 11.431 11.3884 11.3686 11.3187 11.2764 11.2735 11.2494 11.1927 11.1748 11.1509 11.1274 11.12 11.0871 11.0322 10.9995 10.9913 10.9519 10.9346 10.9115 10.8703 10.8403 10.8155 10.8018 10.7473 10.7324 10.7089 10.6511 10.6383 10.6105 10.6058 10.5894 10.523 10.4892 10.4654 10.4433 10.4181 10.3948 10.3858 10.3642 10.3203 10.304 10.2819 10.2494 10.2458 10.1993 10.1923 10.1645 10.1208 10.0836 10.0781 10.0541 10.0458 9.9956 9.98995 9.95477 9.93035 9.90417 9.88305 9.85516 9.84534 9.82928 9.79816 9.78949 9.74253 9.73615 9.7147 9.6925 9.66683 9.66575 9.64243 9.61915 9.60203 9.58176 9.55617 9.52062 9.50648 9.48747 9.44775 9.43702 9.40856 9.38899 9.38547 9.35573 9.32938 9.31952 9.3137 9.27238 9.24257 9.22034 9.18879 9.18569 9.18221 9.14763 9.12223 9.10504 9.08331 9.04582 8.99395 8.98616 8.96953 8.93976 8.92581 8.91653 8.9069 8.86455 8.8543 8.81931 8.81743 8.78733 8.77952 8.75882 8.73503 8.70715 8.68848 8.66837 8.65764 8.6373 8.61487 8.60015 8.58907 8.56763 8.54072 8.52194 8.48813 8.46968 8.45531 8.45228 8.42113 8.41268 8.37649 8.36317 8.35275 8.32969 8.31529 8.30406 8.28896 8.27892 8.23248 8.21798 8.20756 8.17398 8.16115 8.116 8.10871 8.09309 8.06653 8.03758 8.0128 8.00702 7.984 7.94642 7.94079 7.91917 7.90491 7.8819 7.86518 7.85704 7.83053 7.7898 7.77363 7.75291 7.72481 7.7069 7.68383 7.67486 7.65167 7.63459 7.61644 7.59689 7.58426 7.55237 7.54329 7.52734 7.49707 7.48991 7.48311 7.4708 7.44901 7.43361 7.40933 7.39932 7.36743 7.34296 7.33376 7.30399 7.29246 7.28542 7.25625 7.24255 7.22076 7.21824 7.1859 7.17311 7.16874 7.14106 7.11575 7.09756 7.09297 7.06624 7.05812 7.04669 7.03599 7.02366 7.00765 6.98443 6.97166 6.94269 6.93472 6.92941 6.91102 6.9061 6.89605 6.87055 6.85689 6.84168 6.82065 6.81003 6.80331 6.77265 6.75054 6.74036 6.72387 6.71063 6.67942 6.6724 6.63848 6.63139 6.61532 6.60365 6.59484 6.57964 6.55655 6.54759 6.51698 6.50659 6.48962 6.48323 6.46485 6.44823 6.42608 6.40092 6.38773 6.36493 6.33909 6.33281 6.30993 6.30358 6.27078 6.24466 6.24036 6.21589 6.20012 6.19333 6.17378 6.14038 6.1242 6.11851 6.08673 6.07591 6.06672 6.04486 6.01622 6.00955 5.99594 5.9639 5.9555 5.94284 5.93967 5.91743 5.87935 5.85871 5.85345 5.83985 5.82391 5.81066 5.78769 5.76231 5.74386 5.72953 5.71366 5.70458 5.68842 5.66673 5.64766 5.62469 5.61322 5.6037 5.58371 5.57399 5.56816 5.54768 5.53077 5.51021 5.47806 5.46477 5.45529 5.44409 5.43281 5.42756 5.40378 5.39153 5.38232 5.3634 5.34237 5.33362 5.303 5.29531 5.28227 5.26897 5.26235 5.24479 5.23771 5.2126 5.20682 5.19142 5.18534 5.1578 5.14833 5.1419 5.12917 5.11662 5.09325 5.08445 5.07524 5.05787 5.04258 5.03455 5.01662 5.00967 5.00104 4.98255 4.96993 4.95218 4.93939 4.92733 4.91609 4.88057 4.86896 4.85551 4.85144 4.84413 4.82759 4.81671 4.81136 4.77488 4.77142 4.75909 4.73852 4.72201 4.7133 4.70653 4.69918 4.68058 4.66258 4.65698 4.62299 4.61867 4.59709 4.59391 4.56734 4.5512 4.53137 4.52151 4.49729 4.49346 4.46116 4.45311 4.43141 4.42243 4.41658 4.39801 4.38921 4.37048 4.3624 4.35138 4.33198 4.31734 4.30181 4.29025 4.28408 4.27854 4.26341 4.2586 4.25075 4.23218 4.22736 4.20773 4.19805 4.19322 4.17362 4.15344 4.14936 4.13684 4.11575 4.09005 4.07818 4.05931 4.05424 4.04372 4.02807 3.99388 3.99048 3.96745 3.96216 3.95414 3.92808 3.91095 3.89631 3.88354 3.87508 3.86376 3.85049 3.84649 3.83956 3.81527 3.80206 3.79383 3.78339 3.77498 3.75848 3.75015 3.72863 3.72072 3.70806 3.69715 3.68479 3.67281 3.6473 3.64358 3.62971 3.60462 3.59848 3.59107 3.57241 3.55677 3.54928 3.53672 3.51678 3.51399 3.49783 3.48525 3.47415 3.467 3.45264 3.43498 3.42998 3.41358 3.40664 3.39092 3.37818 3.37659 3.35634 3.34242 3.33023 3.31457 3.29952 3.28964 3.28749 3.27359 3.26905 3.25931 3.24472 3.23247 3.21916 3.21432 3.20897 3.20503 3.19047 3.18719 3.17581 3.16423 3.15103 3.14685 3.12723 3.11896 3.10355 3.09557 3.08322 3.07221 3.07001 3.04753 3.03772 3.02382 3.00947 2.99649 2.9838 2.97558 2.97101 2.95552 2.94453 2.93885 2.92965 2.91298 2.89887 2.89091 2.87829 2.87573 2.85766 2.85157 2.83811 2.83246 2.8135 2.80907 2.7955 2.7887 2.78171 2.77051 2.76254 2.76172 2.73877 2.72724 2.71002 2.70786 2.70151 2.68928 2.66739 2.65368 2.64566 2.64023 2.62964 2.62548 2.61774 2.60996 2.60365 2.58379 2.56647 2.56362 2.56026 2.54878 2.53834 2.52893 2.52729 2.51313 2.49898 2.49123 2.48839 2.47801 2.46388 2.45237 2.445 2.43871 2.42316 2.41492 2.40645 2.39679 2.3771 2.37101 2.37043 2.35074 2.34452 2.32991 2.32233 2.31165 2.29824 2.29393 2.27846 2.26791 2.25469 2.24813 2.24459 2.23884 2.23078 2.21619 2.21118 2.19869 2.19322 2.18354 2.18006 2.1694 2.159 2.1536 2.13971 2.13269 2.12446 2.11615 2.10931 2.10151 2.0896 2.08246 2.07748 2.066 2.05962 2.0439 2.03675 2.02299 2.01671 2.01004 1.99553 1.98435 1.96949 1.96303 1.96013 1.95247 1.94491 1.94012 1.92019 1.91185 1.89003 1.87593 1.874 1.85701 1.85203 1.84032 1.82412 1.80964 1.80127 1.79281 1.78515 1.77366 1.76028 1.73571 1.72534 1.71108 1.70293 1.69379 1.6823 1.67425 1.66696 1.66488 1.65765 1.6492 1.63799 1.635 1.62132 1.61855 1.6142 1.59162 1.57936 1.57185 1.56511 1.55311 1.54869 1.5402 1.53252 1.52794 1.52377 1.51999 1.51077 1.50375 1.48859 1.48159 1.47077 1.46699 1.46032 1.45602 1.44087 1.44039 1.43112 1.42875 1.42103 1.41874 1.41031 1.38881 1.38299 1.37576 1.36838 1.35889 1.35555 1.34664 1.34061 1.33245 1.32085 1.31244 1.30748 1.29276 1.28067 1.27735 1.27724 1.2418 1.23596 1.22865 1.22418 1.19118 1.18901 1.18228 1.17051 1.15228 1.14732 1.12238 1.11657 1.10404 1.09942 1.09299 1.08264 1.05337 1.03808 1.0316 1.02637 1.01811 1.00341 0.993708 0.988038 0.97599 0.971771 0.959784 0.955818 0.945152 0.924739 0.918239 0.911262 0.908297 0.898756 0.892522 0.882457 0.868575 0.853372 0.849264 0.83179 0.817849 0.806287 0.797206 0.781523 0.779046 0.770849 0.753098 0.752549 0.732704 0.718999 0.713692 0.707391 0.698797 0.691466 0.683291 0.677039 0.661634 0.623616 0.618803 0.607407 0.598787 0.596371 0.58088 0.571932 0.568078 0.557001 0.555148 0.547266 0.508066 0.504732 0.501983 0.495396 0.475942 0.462138 0.452751 0.450941 0.430904 0.424267 0.400104 0.380804 0.3721 0.353588 0.318583 0.300447 0.271868 0.269498 0.265389 0.256906 0.237921 0.223796 0.210466 0.183366 0.15217 0.126619 0.0843423 0.0707529 0.00067474 0.000164775 3.74197e-05 1.94869e-05 1.87449e-05 1.24099e-05 }
applying decomposition
done.
training 500 models

0%   10   20   30   40   50   60   70   80   90   100%
|----|----|----|----|----|----|----|----|----|----|
***************************************************
processing 10000 predictions...

0%   10   20   30   40   50   60   70   80   90   100%
|----|----|----|----|----|----|----|----|----|----|
***************************************************
 done.
elapsed: [4359.60s cpu, 2791502.6790 mticks, 1044.44s wall]
score: 0.1584  baseline: 0.1635  diff: -0.00502
category UNKNOWN: count 0 avg error 0 baseline avg error 0 avg improvement 0
category AUTO: count 3347 avg error 0.0621657 baseline avg error 0.0652753 avg improvement 0.0031096
category POSS: count 5942 avg error 0.169974 baseline avg error 0.171225 avg improvement 0.00125123
category IMP: count 711 avg error 0.515321 baseline avg error 0.56085 avg improvement 0.0455287
overall: count 10000 avg error 0.158445 baseline avg error 0.163466 avg improvement 0.00502136
worst entries: 
0: 7689  label: 1 pred: 0.279841 bl: 0.33235 POSS error_pred: 0.62047 error_bl: 0.148049 improvement: -0.472421
    min: -0.4415  max: 0.8675 avg: 0.256449
explanation: 


1: 1612  label: 1 pred: 0.2599 bl: 0.25805 POSS error_pred: 0.654918 error_bl: 0.20689 improvement: -0.448029
    min: -0.2395  max: 0.827 avg: 0.335646
explanation: 


2: 6151  label: -1 pred: 0.837961 bl: 0.27855 POSS error_pred: 0.696464 error_bl: 0.301527 improvement: -0.394938
    min: -0.4915  max: 0.812 avg: 0.0553011
explanation: 


3: 592  label: -1 pred: 0.834697 bl: 0.2749 POSS error_pred: 0.687425 error_bl: 0.298011 improvement: -0.389413
    min: -0.2335  max: 0.562 avg: 0.228981
explanation: 


4: 2849  label: -1 pred: 0.807484 bl: 0.25625 POSS error_pred: 0.618923 error_bl: 0.271093 improvement: -0.34783
    min: -0.7565  max: 0.6965 avg: -0.124247
explanation: 


5: 5381  label: -1 pred: 0.836709 bl: 0.32645 IMP error_pred: 0.693853 error_bl: 0.37284 improvement: -0.321012
    min: 0.1755  max: 0.5815 avg: 0.376663
explanation: 


6: 2106  label: -1 pred: 0.857538 bl: 0.3713 POSS error_pred: 0.752109 error_bl: 0.442748 improvement: -0.309361
    min: -0.084  max: 0.9765 avg: 0.474503
explanation: 


7: 278  label: -1 pred: 0.855348 bl: 0.3661 POSS error_pred: 0.744476 error_bl: 0.435717 improvement: -0.308759
    min: -0.3615  max: 0.7895 avg: 0.460267
explanation: 


8: 1761  label: 1 pred: 0.238025 bl: 0.09385 POSS error_pred: 0.691955 error_bl: 0.391478 improvement: -0.300478
    min: -0.812  max: 0.6365 avg: -0.0227042
explanation: 


9: 1151  label: -1 pred: 0.753746 bl: 0.1949 POSS error_pred: 0.497188 error_bl: 0.201085 improvement: -0.296103
    min: -0.4675  max: 0.594 avg: 0.040437
explanation: 


10: 8222  label: 1 pred: 0.317265 bl: 0.1957 POSS error_pred: 0.566906 error_bl: 0.271207 improvement: -0.295699
    min: -0.314  max: 0.6965 avg: 0.252207
explanation: 


11: 1333  label: -1 pred: 0.910017 bl: 0.4703 POSS error_pred: 0.896344 error_bl: 0.60687 improvement: -0.289474
    min: -0.4365  max: 0.917 avg: 0.385174
explanation: 


12: 669  label: 1 pred: 0.216331 bl: 0.0598 POSS error_pred: 0.724811 error_bl: 0.435583 improvement: -0.289227
    min: -0.575  max: 0.5735 avg: -0.051083
explanation: 


13: 4691  label: 1 pred: 0.189767 bl: 0.0226 POSS error_pred: 0.7728 error_bl: 0.484966 improvement: -0.287834
    min: -0.137  max: 0.6965 avg: 0.183882
explanation: 


14: 8445  label: 1 pred: 0.323438 bl: 0.1989 POSS error_pred: 0.555556 error_bl: 0.268618 improvement: -0.286937
    min: -0.2305  max: 0.6935 avg: 0.132744
explanation: 


15: 8067  label: -1 pred: 0.661377 bl: -0.0456 POSS error_pred: 0.330655 error_bl: 0.0462033 improvement: -0.284452
    min: -0.3875  max: 0.8085 avg: 0.190385
explanation: 


16: 2653  label: -1 pred: 0.904231 bl: 0.46365 POSS error_pred: 0.879671 error_bl: 0.595621 improvement: -0.28405
    min: -0.31  max: 0.911 avg: 0.344281
explanation: 


17: 9746  label: 1 pred: 0.330795 bl: 0.20135 POSS error_pred: 0.545201 error_bl: 0.266229 improvement: -0.278973
    min: -0.0675  max: 0.61 avg: 0.228024
explanation: 


18: 4377  label: 1 pred: 0.095434 bl: -0.10075 POSS error_pred: 0.923536 error_bl: 0.644763 improvement: -0.278773
    min: -0.9275  max: 0.9535 avg: -0.121816
explanation: 


19: 4029  label: -1 pred: 0.858466 bl: 0.39255 IMP error_pred: 0.754922 error_bl: 0.4773 improvement: -0.277622
    min: 0.0305  max: 0.799 avg: 0.470565
explanation: 


20: 3090  label: 1 pred: 0.484019 bl: 0.45915 POSS error_pred: 0.350657 error_bl: 0.0730785 improvement: -0.277579
    min: -0.5395  max: 0.746 avg: 0.21589
explanation: 


21: 9922  label: -1 pred: 0.777497 bl: 0.26045 POSS error_pred: 0.55002 error_bl: 0.276617 improvement: -0.273403
    min: -0.169  max: 0.7565 avg: 0.240774
explanation: 


22: 4174  label: -1 pred: 0.729275 bl: 0.17015 POSS error_pred: 0.446163 error_bl: 0.172861 improvement: -0.273303
    min: -0.1245  max: 0.4595 avg: 0.129214
explanation: 


23: 2205  label: -1 pred: 0.85846 bl: 0.3951 POSS error_pred: 0.754721 error_bl: 0.482121 improvement: -0.272599
    min: -0.2025  max: 0.7195 avg: 0.313801
explanation: 


24: 5334  label: -1 pred: 0.774774 bl: 0.25615 POSS error_pred: 0.54319 error_bl: 0.270992 improvement: -0.272198
    min: -0.307  max: 0.667 avg: 0.240597
explanation: 


25: 648  label: 1 pred: 0.187407 bl: 0.0059 POSS error_pred: 0.776583 error_bl: 0.506372 improvement: -0.270211
    min: -0.355  max: 0.933 avg: 0.142074
explanation: 


26: 7715  label: 1 pred: 0.283597 bl: 0.1279 POSS error_pred: 0.615492 error_bl: 0.349263 improvement: -0.266229
    min: -0.192  max: 0.4045 avg: 0.137758
explanation: 


27: 3888  label: -1 pred: 0.769449 bl: 0.2542 POSS error_pred: 0.531338 error_bl: 0.26808 improvement: -0.263258
    min: -0.028  max: 0.8635 avg: 0.423755
explanation: 


28: 4961  label: 1 pred: 0.416267 bl: 0.2979 AUTO error_pred: 0.437276 error_bl: 0.174831 improvement: -0.262445
    min: 0.007  max: 0.636 avg: 0.316909
explanation: 


29: 9942  label: 1 pred: 0.182824 bl: -0.00905 POSS error_pred: 0.784349 error_bl: 0.525189 improvement: -0.25916
    min: -0.2095  max: 0.602 avg: 0.131931
explanation: 


30: 7620  label: -1 pred: 0.719968 bl: 0.1694 POSS error_pred: 0.431499 error_bl: 0.172358 improvement: -0.25914
    min: -0.0715  max: 0.5375 avg: 0.201652
explanation: 


31: 7638  label: -1 pred: 0.686974 bl: 0.10275 POSS error_pred: 0.371635 error_bl: 0.114504 improvement: -0.257131
    min: -0.362  max: 0.5675 avg: 0.108006
explanation: 


32: 4148  label: -1 pred: 0.710081 bl: 0.15425 POSS error_pred: 0.410607 error_bl: 0.158698 improvement: -0.251908
    min: -0.1425  max: 0.7645 avg: 0.30508
explanation: 


33: 9997  label: -1 pred: 0.739324 bl: 0.2058 POSS error_pred: 0.465046 error_bl: 0.21374 improvement: -0.251306
    min: -0.132  max: 0.471 avg: 0.189357
explanation: 


34: 6100  label: 1 pred: 0.359672 bl: 0.2091 POSS error_pred: 0.507766 error_bl: 0.25687 improvement: -0.250896
    min: -0.582  max: 0.7995 avg: 0.249492
explanation: 


35: 2579  label: 1 pred: 0.21276 bl: 0.02725 POSS error_pred: 0.729789 error_bl: 0.478893 improvement: -0.250896
    min: -0.5045  max: 0.4375 avg: -0.0495517
explanation: 


36: 7504  label: -1 pred: 0.688916 bl: 0.11435 POSS error_pred: 0.374247 error_bl: 0.123945 improvement: -0.250301
    min: -0.2035  max: 0.397 avg: 0.123896
explanation: 


37: 1714  label: -1 pred: 0.812177 bl: 0.33315 IMP error_pred: 0.632985 error_bl: 0.384994 improvement: -0.247991
    min: 0.013  max: 0.6775 avg: 0.301946
explanation: 


38: 3809  label: -1 pred: 0.64369 bl: -0.013 POSS error_pred: 0.303335 error_bl: 0.0566493 improvement: -0.246685
    min: -0.3675  max: 0.3945 avg: 0.00205734
explanation: 


39: 9689  label: 1 pred: 0.479946 bl: 0.39035 POSS error_pred: 0.356033 error_bl: 0.110414 improvement: -0.245619
    min: -0.0515  max: 0.882 avg: 0.389835
explanation: 


40: 2488  label: -1 pred: 0.681727 bl: 0.11045 POSS error_pred: 0.364604 error_bl: 0.119325 improvement: -0.245279
    min: -0.4545  max: 0.3785 avg: 0.041507
explanation: 


41: 885  label: 1 pred: 0.345572 bl: 0.18745 POSS error_pred: 0.524691 error_bl: 0.280167 improvement: -0.244524
    min: -0.037  max: 0.731 avg: 0.255062
explanation: 


42: 9978  label: 1 pred: 0.483574 bl: 0.397 POSS error_pred: 0.351653 error_bl: 0.107328 improvement: -0.244325
    min: -0.4115  max: 0.976 avg: 0.501333
explanation: 


43: 1798  label: -1 pred: 0.854401 bl: 0.4056 IMP error_pred: 0.741262 error_bl: 0.498293 improvement: -0.242969
    min: 0.0785  max: 0.9765 avg: 0.495473
explanation: 


44: 8166  label: 1 pred: 0.304642 bl: 0.13465 POSS error_pred: 0.585026 error_bl: 0.342692 improvement: -0.242334
    min: -0.383  max: 0.667 avg: 0.187428
explanation: 


45: 8805  label: 1 pred: 0.359053 bl: 0.20095 POSS error_pred: 0.508761 error_bl: 0.266428 improvement: -0.242334
    min: -0.06  max: 0.6105 avg: 0.189759
explanation: 


46: 743  label: -1 pred: 0.67523 bl: 0.0989 POSS error_pred: 0.353757 error_bl: 0.111892 improvement: -0.241864
    min: -0.2055  max: 1 avg: 0.401949
explanation: 


47: 3423  label: -1 pred: 0.707624 bl: 0.16065 POSS error_pred: 0.406187 error_bl: 0.164725 improvement: -0.241462
    min: -0.1505  max: 0.3805 avg: 0.118696
explanation: 


48: 6990  label: -1 pred: 0.765784 bl: 0.2644 POSS error_pred: 0.523905 error_bl: 0.283045 improvement: -0.24086
    min: -0.24  max: 0.648 avg: 0.294
explanation: 


49: 2077  label: 1 pred: 0.333886 bl: 0.16965 POSS error_pred: 0.540024 error_bl: 0.300478 improvement: -0.239546
    min: -0.174  max: 0.659 avg: 0.227475
explanation: 


best entries: 
0: 8121  label: -1 pred: 0.583441 bl: 0.6206 IMP error_pred: 0.226396 error_bl: 0.820209 improvement: 0.593813
1: 2947  label: -1 pred: 0.675941 bl: 0.68375 IMP error_pred: 0.354962 error_bl: 0.88188 improvement: 0.526918
2: 4453  label: -1 pred: 0.739151 bl: 0.7789 IMP error_pred: 0.464444 error_bl: 0.948172 improvement: 0.483728
3: 6838  label: -1 pred: 0.513775 bl: 0.48985 POSS error_pred: 0.163319 error_bl: 0.63861 improvement: 0.475291
4: 8852  label: -1 pred: 0.66324 bl: 0.6012 POSS error_pred: 0.333869 error_bl: 0.793692 improvement: 0.459823
5: 2277  label: -1 pred: 0.601336 bl: 0.53195 IMP error_pred: 0.250502 error_bl: 0.703295 improvement: 0.452792
6: 1646  label: -1 pred: 0.720025 bl: 0.65775 IMP error_pred: 0.4319 error_bl: 0.860587 improvement: 0.428686
7: 4928  label: 1 pred: 0.742524 bl: -0.00395 POSS error_pred: 0.0975707 error_bl: 0.518519 improvement: 0.420948
8: 6652  label: -1 pred: 0.666779 bl: 0.57045 IMP error_pred: 0.339896 error_bl: 0.756027 improvement: 0.416131
9: 9825  label: -1 pred: 0.667346 bl: 0.56265 IMP error_pred: 0.340498 error_bl: 0.747087 improvement: 0.406589
10: 9754  label: -1 pred: 0.515613 bl: 0.44215 POSS error_pred: 0.165729 error_bl: 0.560064 improvement: 0.394335
11: 363  label: -1 pred: 0.587797 bl: 0.47065 POSS error_pred: 0.230615 error_bl: 0.607372 improvement: 0.376758
12: 508  label: -1 pred: 0.549161 bl: 0.4462 IMP error_pred: 0.194456 error_bl: 0.56599 improvement: 0.371535
13: 8252  label: -1 pred: 0.429981 bl: 0.38665 POSS error_pred: 0.0988349 error_bl: 0.467658 improvement: 0.368823
14: 3096  label: -1 pred: 0.715578 bl: 0.5983 IMP error_pred: 0.42266 error_bl: 0.789273 improvement: 0.366613
15: 6541  label: -1 pred: 0.750688 bl: 0.65155 POSS error_pred: 0.490358 error_bl: 0.85456 improvement: 0.364202
16: 3107  label: -1 pred: 0.66341 bl: 0.52815 POSS error_pred: 0.334271 error_bl: 0.697971 improvement: 0.3637
17: 2510  label: -1 pred: 0.585003 bl: 0.45885 POSS error_pred: 0.227601 error_bl: 0.587987 improvement: 0.360386
18: 472  label: 1 pred: 0.368656 bl: -0.30225 POSS error_pred: 0.496416 error_bl: 0.856332 improvement: 0.359916
19: 5531  label: -1 pred: 0.576117 bl: 0.45235 IMP error_pred: 0.218763 error_bl: 0.57734 improvement: 0.358578
20: 4351  label: -1 pred: 0.688677 bl: 0.55115 IMP error_pred: 0.374046 error_bl: 0.731619 improvement: 0.357573
21: 4558  label: -1 pred: 0.743418 bl: 0.62475 IMP error_pred: 0.474287 error_bl: 0.825432 improvement: 0.351145
22: 505  label: 1 pred: 0.494817 bl: -0.1334 POSS error_pred: 0.337714 error_bl: 0.68638 improvement: 0.348666
23: 2934  label: -1 pred: 0.483398 bl: 0.3964 POSS error_pred: 0.135597 error_bl: 0.483728 improvement: 0.348132
24: 3808  label: 1 pred: 0.2755 bl: -0.55605 POSS error_pred: 0.626643 error_bl: 0.971127 improvement: 0.344484
25: 2613  label: 1 pred: 0.46494 bl: -0.16225 POSS error_pred: 0.376145 error_bl: 0.720629 improvement: 0.344484
26: 8455  label: -1 pred: 0.698641 bl: 0.55155 IMP error_pred: 0.390117 error_bl: 0.732222 improvement: 0.342105
27: 7193  label: -1 pred: 0.646642 bl: 0.49475 POSS error_pred: 0.307352 error_bl: 0.646043 improvement: 0.33869
28: 2070  label: -1 pred: 0.709754 bl: 0.56225 IMP error_pred: 0.409602 error_bl: 0.746786 improvement: 0.337184
29: 3490  label: -1 pred: 0.657452 bl: 0.4959 IMP error_pred: 0.32282 error_bl: 0.648051 improvement: 0.325231
30: 6343  label: -1 pred: 0.587108 bl: 0.43785 POSS error_pred: 0.230012 error_bl: 0.553033 improvement: 0.323021
31: 768  label: -1 pred: 0.726599 bl: 0.57735 IMP error_pred: 0.441945 error_bl: 0.764564 improvement: 0.32262
32: 286  label: -1 pred: 0.638622 bl: 0.4789 IMP error_pred: 0.298513 error_bl: 0.620932 improvement: 0.322419
33: 7231  label: -1 pred: 0.431458 bl: 0.35665 POSS error_pred: 0.0994375 error_bl: 0.419847 improvement: 0.32041
34: 4626  label: 1 pred: 0.293522 bl: -0.40305 POSS error_pred: 0.601155 error_bl: 0.919355 improvement: 0.3182
35: 8114  label: -1 pred: 0.717248 bl: 0.5587 IMP error_pred: 0.42507 error_bl: 0.741262 improvement: 0.316191
36: 1302  label: -1 pred: 0.698343 bl: 0.5324 IMP error_pred: 0.389112 error_bl: 0.703495 improvement: 0.314383
37: 1656  label: -1 pred: 0.623077 bl: 0.4612 POSS error_pred: 0.278224 error_bl: 0.591603 improvement: 0.313379
38: 11  label: -1 pred: 0.654995 bl: 0.48445 IMP error_pred: 0.318803 error_bl: 0.630173 improvement: 0.31137
39: 7246  label: -1 pred: 0.779322 bl: 0.6617 IMP error_pred: 0.554038 error_bl: 0.864303 improvement: 0.310265
40: 4133  label: -1 pred: 0.534858 bl: 0.4007 POSS error_pred: 0.180193 error_bl: 0.490257 improvement: 0.310064
41: 750  label: 1 pred: 0.455099 bl: -0.1436 POSS error_pred: 0.389486 error_bl: 0.697232 improvement: 0.307746
42: 7631  label: 1 pred: 0.440178 bl: -0.1559 POSS error_pred: 0.406213 error_bl: 0.712664 improvement: 0.306452
43: 6785  label: -1 pred: 0.714138 bl: 0.5458 POSS error_pred: 0.419646 error_bl: 0.725191 improvement: 0.305544
44: 1893  label: 1 pred: 0.768224 bl: 0.1007 POSS error_pred: 0.0794504 error_bl: 0.382318 improvement: 0.302867
45: 9062  label: -1 pred: 0.578008 bl: 0.4199 POSS error_pred: 0.220972 error_bl: 0.522499 improvement: 0.301527
46: 2246  label: -1 pred: 0.625053 bl: 0.4533 IMP error_pred: 0.281037 error_bl: 0.580153 improvement: 0.299116
47: 5062  label: -1 pred: 0.65451 bl: 0.477 IMP error_pred: 0.3182 error_bl: 0.616211 improvement: 0.298011
48: 3188  label: -1 pred: 0.817343 bl: 0.7601 IMP error_pred: 0.644034 error_bl: 0.939534 improvement: 0.2955
49: 5095  label: -1 pred: 0.660294 bl: 0.48005 IMP error_pred: 0.329249 error_bl: 0.623343 improvement: 0.294094

total is 0
score for UNKNOWN: 1.0000 baseline: 1.0000 diff: 0.0000
total is 3347
score for AUTO: 0.0000 baseline: 0.0000 diff: 0.0000
total is 5942
score for POSS: 0.2378 baseline: 0.2389 diff: -0.0011
total is 711
score for IMP: 1.0000 baseline: 1.0000 diff: 0.0000
writing 50000 official test outputs

0%   10   20   30   40   50   60   70   80   90   100%
|----|----|----|----|----|----|----|----|----|----|
***************************************************
scores: [ 0.158445 ]
0.1584 +/-    nan
4441.44user 38.88system 18:21.41elapsed 406%CPU (0avgtext+0avgdata 0maxresident)k
0inputs+1104outputs (0major+14189995minor)pagefaults 0swaps
