loading data...order = 1151
nm = 1151
nx = 50000
nvalues = 1151
singular_values = { 3538.55 253.237 225.341 188.904 167.347 139.845 115.453 112.325 100.844 94.4093 90.2493 84.0261 80.7795 74.5869 72.864 70.2136 66.3452 63.6796 63.1641 60.6861 60.5308 57.8454 57.405 55.3799 53.747 53.0496 52.0784 51.1827 50.626 50.1761 49.4294 49.1314 48.3962 47.4434 46.4447 45.56 45.1938 44.1479 43.8468 43.3315 42.6603 42.2178 41.8259 41.0341 40.9059 40.4035 40.1912 40.0669 39.2997 38.8426 38.5483 38.2691 37.9936 37.6394 37.1514 36.9336 36.6907 36.2177 35.9792 35.6837 35.6098 35.3205 35.1035 34.6307 34.387 34.1144 33.9392 33.7352 33.6718 33.4797 32.8619 32.5039 32.12 32.0916 31.9363 31.5591 31.201 31.0096 30.6966 30.4727 30.1823 30.0619 29.9761 29.7795 29.5338 29.3223 29.1515 28.8857 28.7853 28.6183 28.3975 28.245 28.0096 27.8478 27.7596 27.5847 27.5754 27.4125 27.2172 26.8978 26.65 26.5853 26.5573 26.4791 26.3562 26.3186 26.0794 25.9467 25.937 25.6993 25.5895 25.5525 25.4793 25.3467 25.3103 25.0956 24.9942 24.9202 24.7598 24.6981 24.645 24.3276 24.2816 24.1931 24.0644 24.0452 23.9279 23.827 23.731 23.5245 23.4797 23.3644 23.2854 23.1369 23.0479 22.9543 22.8855 22.8044 22.744 22.7337 22.5886 22.5736 22.4819 22.3529 22.3469 22.3079 22.2461 22.1824 22.0696 21.8988 21.8529 21.7511 21.7335 21.5858 21.5098 21.452 21.3881 21.3355 21.2793 21.1717 21.1156 21.055 21.0198 20.9219 20.8943 20.8206 20.7229 20.7003 20.6463 20.516 20.4659 20.4429 20.2955 20.2628 20.1965 20.1505 20.0821 19.956 19.9311 19.8665 19.8055 19.6732 19.6182 19.5364 19.4229 19.3511 19.2976 19.2313 19.1758 19.1564 19.1181 19.0443 19.0329 18.8779 18.803 18.7678 18.6897 18.6335 18.6243 18.5874 18.4888 18.4362 18.4231 18.3758 18.2863 18.1721 18.1559 18.1369 18.1303 18.0109 17.9446 17.8747 17.8412 17.7794 17.7359 17.7003 17.6131 17.5893 17.5314 17.4777 17.4274 17.3227 17.2872 17.2207 17.1864 17.0902 17.0673 17.015 16.9756 16.9337 16.8881 16.8718 16.8006 16.7658 16.7416 16.6551 16.6031 16.5479 16.4989 16.4753 16.4203 16.3893 16.332 16.305 16.2822 16.2216 16.2097 16.14 16.128 16.0934 16.0462 15.9935 15.9511 15.903 15.8794 15.7147 15.6794 15.6501 15.6118 15.5827 15.5459 15.5031 15.4984 15.4401 15.3998 15.3348 15.2819 15.27 15.2563 15.2166 15.1852 15.1671 15.1247 15.0742 15.0278 15.0096 14.9568 14.9149 14.9 14.8347 14.7908 14.7382 14.7243 14.6499 14.6079 14.5569 14.5142 14.4852 14.4306 14.4174 14.3993 14.3871 14.3186 14.28 14.2386 14.1854 14.1632 14.1189 14.0984 14.0478 14.0281 13.9838 13.97 13.9262 13.8409 13.8339 13.816 13.7571 13.7214 13.71 13.6336 13.6032 13.556 13.5321 13.5151 13.4824 13.4116 13.3812 13.3316 13.3092 13.2741 13.2253 13.1961 13.1265 13.0986 13.071 13.0583 13.0239 12.9548 12.9469 12.8801 12.8545 12.8187 12.7656 12.7421 12.7287 12.6961 12.6474 12.5698 12.546 12.5255 12.4908 12.4542 12.4325 12.4181 12.3591 12.2895 12.268 12.2284 12.1508 12.1269 12.118 12.0913 12.0705 12.0416 12.0113 11.9635 11.9254 11.9047 11.8902 11.8534 11.8297 11.7735 11.763 11.7412 11.6887 11.6539 11.6252 11.6041 11.5903 11.5655 11.537 11.4837 11.4495 11.4281 11.3977 11.354 11.3174 11.3093 11.2961 11.2685 11.2468 11.1947 11.1808 11.143 11.116 11.0826 11.071 11.024 10.9898 10.974 10.9625 10.9311 10.8797 10.8626 10.8511 10.8057 10.7774 10.741 10.7037 10.6742 10.6676 10.6466 10.6123 10.6095 10.557 10.5146 10.4864 10.465 10.4242 10.4083 10.3918 10.3664 10.3318 10.3277 10.2929 10.271 10.2567 10.2252 10.195 10.177 10.1282 10.108 10.0863 10.0747 10.0548 10.0371 10.0179 9.96166 9.95119 9.9249 9.90341 9.89032 9.85691 9.82873 9.81727 9.80973 9.7903 9.76021 9.74311 9.70149 9.65972 9.65527 9.64052 9.61288 9.58324 9.56465 9.52916 9.52495 9.51731 9.49559 9.48625 9.43446 9.42909 9.39083 9.366 9.36166 9.35115 9.29779 9.2911 9.27008 9.25402 9.23792 9.23061 9.19438 9.16608 9.14056 9.13243 9.10935 9.09406 9.06954 9.04679 9.04281 9.02451 9.00728 8.97484 8.95512 8.93515 8.9078 8.90386 8.87111 8.85972 8.82992 8.80978 8.79327 8.78907 8.76506 8.7286 8.70361 8.69835 8.68704 8.64453 8.63964 8.63458 8.61648 8.57161 8.54905 8.5299 8.5144 8.4888 8.47472 8.44581 8.4437 8.41402 8.38999 8.378 8.37005 8.35061 8.33682 8.30163 8.28634 8.26404 8.2556 8.22929 8.2216 8.1999 8.17473 8.1701 8.13393 8.12168 8.10346 8.07872 8.07408 8.06417 8.03861 7.99522 7.97166 7.96803 7.93896 7.92888 7.90201 7.88591 7.87195 7.84933 7.81922 7.79366 7.78451 7.76031 7.72917 7.71187 7.69398 7.68365 7.66742 7.65104 7.64121 7.60056 7.58002 7.57707 7.54094 7.52582 7.52251 7.50832 7.49691 7.47714 7.44581 7.41255 7.40823 7.39802 7.37415 7.35047 7.33862 7.304 7.29105 7.28267 7.27415 7.25539 7.22576 7.20893 7.19711 7.16518 7.16251 7.13092 7.11245 7.10047 7.08917 7.07735 7.05393 7.04079 7.02545 7.01611 6.99423 6.96901 6.95924 6.95042 6.93766 6.90578 6.88911 6.88293 6.86771 6.85781 6.84947 6.83563 6.82535 6.79723 6.77187 6.76064 6.74715 6.73908 6.72639 6.70959 6.6929 6.67232 6.63926 6.63283 6.62115 6.60777 6.59891 6.56654 6.55477 6.53434 6.53377 6.51552 6.49948 6.48665 6.4718 6.45593 6.44826 6.42942 6.4263 6.40871 6.37879 6.35287 6.34325 6.32826 6.31265 6.29267 6.28025 6.25811 6.22463 6.21035 6.19352 6.16496 6.14923 6.13775 6.11405 6.09709 6.08046 6.06807 6.03514 6.01849 5.99863 5.98952 5.98503 5.96699 5.93644 5.93199 5.91644 5.89629 5.88457 5.86193 5.85342 5.82885 5.82365 5.81326 5.8014 5.77229 5.76229 5.72837 5.70992 5.6971 5.67359 5.66244 5.65557 5.64498 5.62902 5.61461 5.59633 5.58526 5.57118 5.55369 5.53386 5.52421 5.50736 5.49782 5.48706 5.47253 5.44463 5.43175 5.42167 5.41604 5.40339 5.39251 5.37904 5.37265 5.34344 5.31372 5.30288 5.28717 5.27436 5.26261 5.25091 5.23323 5.2268 5.21693 5.20863 5.18942 5.17809 5.17325 5.15673 5.14957 5.12756 5.10341 5.09986 5.09138 5.0885 5.06536 5.04234 5.03463 5.02857 5.00343 4.9973 4.97921 4.97672 4.96583 4.93367 4.91634 4.90451 4.89777 4.88373 4.87639 4.86421 4.85898 4.82824 4.81975 4.81535 4.79854 4.78493 4.78157 4.75734 4.74682 4.73756 4.72446 4.70038 4.6956 4.6931 4.66058 4.64377 4.63431 4.63031 4.62255 4.61345 4.56649 4.55749 4.55725 4.54154 4.51701 4.498 4.49606 4.4811 4.44714 4.44225 4.42105 4.41371 4.40032 4.38262 4.37649 4.36039 4.35126 4.3255 4.31716 4.31125 4.29263 4.27583 4.26626 4.255 4.24848 4.23035 4.21653 4.18599 4.17837 4.17042 4.16037 4.13621 4.12416 4.11676 4.10268 4.08781 4.07512 4.0583 4.03857 4.0225 4.01968 4.00112 3.97986 3.96723 3.95764 3.94398 3.91772 3.91002 3.90713 3.891 3.88191 3.8677 3.85993 3.84113 3.83189 3.8102 3.79827 3.79371 3.78444 3.77193 3.76245 3.74613 3.72965 3.71842 3.70113 3.6871 3.67646 3.65845 3.65156 3.63797 3.6257 3.61349 3.59419 3.5796 3.56925 3.55989 3.55232 3.53041 3.52571 3.51923 3.50769 3.49268 3.47298 3.4621 3.4496 3.44626 3.43225 3.42662 3.41063 3.38888 3.38281 3.37436 3.36295 3.35132 3.34518 3.34043 3.33432 3.31163 3.2962 3.29276 3.27999 3.26917 3.25969 3.25705 3.24414 3.22923 3.22062 3.19417 3.18404 3.1779 3.16801 3.16229 3.14748 3.14495 3.13158 3.122 3.10764 3.10613 3.09612 3.07922 3.07225 3.06095 3.05844 3.05317 3.03562 3.02129 3.0156 2.99367 2.98985 2.98248 2.9729 2.95258 2.94559 2.93303 2.91305 2.89184 2.88974 2.88591 2.86925 2.86691 2.85843 2.8553 2.84062 2.82992 2.80963 2.79944 2.79813 2.78076 2.76782 2.75924 2.74847 2.74459 2.73176 2.71415 2.70284 2.69549 2.69013 2.67641 2.67281 2.66573 2.65467 2.64355 2.63084 2.62967 2.61741 2.60906 2.60045 2.58937 2.58714 2.576 2.56662 2.55227 2.5503 2.53429 2.53142 2.51537 2.49895 2.49653 2.48859 2.48092 2.46976 2.45955 2.45151 2.44621 2.43821 2.43321 2.42498 2.41444 2.4064 2.38535 2.37975 2.36341 2.3566 2.33996 2.33487 2.32281 2.31047 2.29323 2.28149 2.2697 2.26378 2.25864 2.24184 2.23566 2.23079 2.22766 2.21314 2.20446 2.19716 2.19094 2.18181 2.17419 2.1723 2.15036 2.14505 2.12985 2.12161 2.11591 2.11258 2.09463 2.08477 2.08202 2.06183 2.05872 2.05171 2.03243 2.02433 2.01791 2.00542 2.00106 1.99349 1.98483 1.97011 1.96434 1.95654 1.94754 1.93728 1.93485 1.92902 1.90253 1.89702 1.88972 1.87408 1.85517 1.8374 1.82859 1.814 1.80518 1.79604 1.78547 1.75292 1.74597 1.73544 1.72394 1.71336 1.70874 1.6992 1.69302 1.68393 1.67205 1.6621 1.64647 1.64034 1.63622 1.63468 1.62274 1.61605 1.61077 1.60579 1.60299 1.58517 1.58141 1.57705 1.57167 1.56583 1.55998 1.54981 1.54439 1.53506 1.52627 1.51573 1.50628 1.5008 1.49678 1.49575 1.4743 1.47295 1.45593 1.44276 1.43807 1.43273 1.42633 1.42069 1.41682 1.40919 1.40336 1.39815 1.39377 1.38291 1.37333 1.37201 1.34865 1.33931 1.32761 1.32135 1.31177 1.30799 1.2897 1.27758 1.26714 1.24821 1.23841 1.23199 1.21843 1.21459 1.2024 1.19951 1.1885 1.17483 1.16969 1.152 1.13174 1.11821 1.11305 1.10473 1.09303 1.08381 1.0627 1.05304 1.04934 1.02804 1.01505 1.00628 0.999347 0.995246 0.991517 0.981388 0.975098 0.954996 0.950208 0.948385 0.936902 0.91827 0.909157 0.90331 0.898958 0.875114 0.867725 0.852379 0.846541 0.842684 0.828428 0.815177 0.806264 0.799613 0.776079 0.757776 0.752687 0.736043 0.730004 0.717951 0.708063 0.705406 0.698933 0.690037 0.683571 0.646781 0.633818 0.63125 0.620476 0.608966 0.602616 0.600646 0.573806 0.565612 0.561739 0.542907 0.53448 0.529017 0.507401 0.505337 0.501099 0.496782 0.471015 0.456564 0.437006 0.402386 0.381493 0.365078 0.363724 0.320782 0.305236 0.285862 0.27902 0.271735 0.259966 0.241936 0.225879 0.222805 0.202246 0.161732 0.140431 0.0859569 0.070243 0.0002079 0.000194625 2.77806e-05 1.55412e-05 1.501e-05 8.05426e-06 }
applying decomposition
done.
training 500 models

0%   10   20   30   40   50   60   70   80   90   100%
|----|----|----|----|----|----|----|----|----|----|
***************************************************
processing 10000 predictions...

0%   10   20   30   40   50   60   70   80   90   100%
|----|----|----|----|----|----|----|----|----|----|
***************************************************
 done.
elapsed: [1622.83s cpu, 1364734.8078 mticks, 510.62s wall]
score: 0.4387  baseline: 0.4419  diff: -0.00323
category UNKNOWN: count 0 avg error 0 baseline avg error 0 avg improvement 0
category AUTO: count 3291 avg error 0.0194809 baseline avg error 0.0190967 avg improvement -0.000384144
category POSS: count 6143 avg error 0.193267 baseline avg error 0.198165 avg improvement 0.00489773
category IMP: count 566 avg error 1.18927 baseline avg error 1.18856 avg improvement -0.000705116
overall: count 10000 avg error 0.192448 baseline avg error 0.19529 avg improvement 0.00284234
worst entries: 
0: 3141  label: 1 pred: -0.45227 bl: -0.21565 IMP error_pred: 2.10909 error_bl: 1.4778 improvement: -0.631283
    min: -0.913  max: 0.2535 avg: -0.309709
explanation: 


1: 1616  label: -1 pred: 0.759289 bl: 0.59435 IMP error_pred: 3.0951 error_bl: 2.54195 improvement: -0.553147
    min: -0.119  max: 0.9595 avg: 0.501932
explanation: 


2: 5995  label: -1 pred: 0.965426 bl: 0.82345 IMP error_pred: 3.8629 error_bl: 3.32497 improvement: -0.537931
    min: 0.3835  max: 1 avg: 0.84387
explanation: 


3: 7658  label: -1 pred: 0.597848 bl: 0.4307 IMP error_pred: 2.55312 error_bl: 2.0469 improvement: -0.506216
    min: 0.1395  max: 1 avg: 0.64067
explanation: 


4: 3601  label: -1 pred: 0.937216 bl: 0.8256 IMP error_pred: 3.7528 error_bl: 3.33282 improvement: -0.41999
    min: 0.405  max: 1 avg: 0.749457
explanation: 


5: 3316  label: -0.5 pred: 0.534526 bl: 0.3521 POSS error_pred: 1.07024 error_bl: 0.726074 improvement: -0.34417
    min: -0.2765  max: 0.77 avg: 0.371451
explanation: 


6: 7723  label: -1 pred: 0.68738 bl: 0.58885 IMP error_pred: 2.84725 error_bl: 2.52444 improvement: -0.322806
    min: 0.1985  max: 0.9065 avg: 0.523189
explanation: 


7: 3747  label: -1 pred: 0.569457 bl: 0.4676 IMP error_pred: 2.46319 error_bl: 2.15385 improvement: -0.309344
    min: 0.0255  max: 1 avg: 0.540339
explanation: 


8: 9090  label: 0 pred: 0.726204 bl: 0.47445 POSS error_pred: 0.527372 error_bl: 0.225103 improvement: -0.302269
    min: -0.2365  max: 0.9525 avg: 0.524036
explanation: 


9: 7945  label: 1 pred: -0.314265 bl: -0.1949 IMP error_pred: 1.72729 error_bl: 1.42779 improvement: -0.299505
    min: -0.859  max: 0.1975 avg: -0.247744
explanation: 


10: 1427  label: -1 pred: 0.328595 bl: 0.2117 IMP error_pred: 1.76517 error_bl: 1.46822 improvement: -0.296949
    min: -0.1875  max: 0.7725 avg: 0.296835
explanation: 


11: 5206  label: -0.5 pred: 0.451132 bl: 0.2831 POSS error_pred: 0.904652 error_bl: 0.613246 improvement: -0.291407
    min: -0.3185  max: 0.975 avg: 0.375048
explanation: 


12: 4522  label: -0.5 pred: 0.442486 bl: 0.2734 POSS error_pred: 0.888279 error_bl: 0.598148 improvement: -0.290132
    min: -0.1795  max: 0.711 avg: 0.370559
explanation: 


13: 8571  label: 1 pred: 0.0681337 bl: 0.23935 POSS error_pred: 0.868375 error_bl: 0.578588 improvement: -0.289787
    min: -0.0875  max: 0.619 avg: 0.259447
explanation: 


14: 2392  label: -1 pred: 0.506997 bl: 0.41385 IMP error_pred: 2.27104 error_bl: 1.99897 improvement: -0.272068
    min: -0.448  max: 0.854 avg: 0.401099
explanation: 


15: 2131  label: 1 pred: -0.284394 bl: -0.17435 POSS error_pred: 1.64967 error_bl: 1.3791 improvement: -0.270571
    min: -0.836  max: 0.7185 avg: -0.101676
explanation: 


16: 8391  label: -1 pred: 0.274422 bl: 0.16505 POSS error_pred: 1.62415 error_bl: 1.35734 improvement: -0.26681
    min: -0.5615  max: 0.82 avg: 0.298011
explanation: 


17: 5521  label: -0.5 pred: 0.573352 bl: 0.44195 POSS error_pred: 1.15208 error_bl: 0.88727 improvement: -0.264814
    min: -0.177  max: 1 avg: 0.540279
explanation: 


18: 8228  label: 1 pred: 0.0118905 bl: 0.1549 POSS error_pred: 0.97636 error_bl: 0.714194 improvement: -0.262166
    min: -0.5005  max: 0.703 avg: 0.0535464
explanation: 


19: 3052  label: -0.5 pred: 0.10485 bl: -0.1758 POSS error_pred: 0.365844 error_bl: 0.105106 improvement: -0.260738
    min: -0.9655  max: 0.802 avg: 0.181879
explanation: 


20: 3723  label: 0 pred: 0.6917 bl: 0.4743 POSS error_pred: 0.478449 error_bl: 0.22496 improvement: -0.253489
    min: 0.1335  max: 0.9925 avg: 0.579971
explanation: 


21: 1614  label: 0.5 pred: -0.793353 bl: -0.69215 IMP error_pred: 1.67276 error_bl: 1.42122 improvement: -0.251541
    min: -0.8675  max: -0.187 avg: -0.585745
explanation: 


22: 7384  label: -0.5 pred: 0.69557 bl: 0.5864 IMP error_pred: 1.42939 error_bl: 1.18027 improvement: -0.249122
    min: 0.2635  max: 1 avg: 0.649139
explanation: 


23: 4530  label: -0.5 pred: 0.584962 bl: 0.46675 POSS error_pred: 1.17714 error_bl: 0.934606 improvement: -0.242536
    min: -0.0565  max: 0.814 avg: 0.400506
explanation: 


24: 1072  label: -1 pred: -0.0972984 bl: -0.24175 POSS error_pred: 0.81487 error_bl: 0.574943 improvement: -0.239927
    min: -0.824  max: 0.6175 avg: -0.0853454
explanation: 


25: 5891  label: 1 pred: -0.115005 bl: -0.0023 IMP error_pred: 1.24324 error_bl: 1.00461 improvement: -0.23863
    min: -0.483  max: 0.3535 avg: -0.0239522
explanation: 


26: 3533  label: -1 pred: 0.521882 bl: 0.4414 IMP error_pred: 2.31612 error_bl: 2.07763 improvement: -0.238491
    min: 0.034  max: 0.792 avg: 0.473887
explanation: 


27: 16  label: -1 pred: 0.772856 bl: 0.70605 IMP error_pred: 3.14302 error_bl: 2.91061 improvement: -0.232412
    min: 0.4335  max: 0.944 avg: 0.740972
explanation: 


28: 2692  label: 0.5 pred: -0.507949 bl: -0.38845 POSS error_pred: 1.01596 error_bl: 0.789343 improvement: -0.226617
    min: -1  max: 0.501 avg: -0.525194
explanation: 


29: 6914  label: 1 pred: -0.193067 bl: -0.09435 IMP error_pred: 1.42341 error_bl: 1.1976 improvement: -0.225806
    min: -0.5305  max: 0.3005 avg: -0.0922407
explanation: 


30: 5388  label: -1 pred: 0.0337764 bl: -0.08185 IMP error_pred: 1.06869 error_bl: 0.842999 improvement: -0.225694
    min: -0.3365  max: 0.4145 avg: -0.0298519
explanation: 


31: 3656  label: -1 pred: 0.495618 bl: 0.41925 IMP error_pred: 2.23687 error_bl: 2.01427 improvement: -0.222602
    min: -0.0065  max: 0.672 avg: 0.378233
explanation: 


32: 7668  label: 0.5 pred: 1.01434 bl: 0.70535 POSS error_pred: 0.264547 error_bl: 0.0421686 improvement: -0.222379
    min: -0.209  max: 1 avg: 0.547377
explanation: 


33: 6550  label: -1 pred: 0.409623 bl: 0.32885 IMP error_pred: 1.98704 error_bl: 1.76584 improvement: -0.221195
    min: -0.005  max: 0.6535 avg: 0.341279
explanation: 


34: 7358  label: -1 pred: 0.276743 bl: 0.1882 IMP error_pred: 1.63007 error_bl: 1.41182 improvement: -0.218254
    min: -0.358  max: 0.7835 avg: 0.254847
explanation: 


35: 428  label: -0.5 pred: 0.608283 bl: 0.50625 POSS error_pred: 1.22829 error_bl: 1.01254 improvement: -0.215752
    min: -0.0675  max: 0.8265 avg: 0.383689
explanation: 


36: 6780  label: -0.5 pred: 0.229977 bl: 0.06525 POSS error_pred: 0.532867 error_bl: 0.319508 improvement: -0.213359
    min: -0.4835  max: 0.8265 avg: 0.0866138
explanation: 


37: 719  label: 1 pred: -0.0961885 bl: 0.0053 IMP error_pred: 1.20163 error_bl: 0.989428 improvement: -0.212201
    min: -0.361  max: 0.4475 avg: 0.0376994
explanation: 


38: 1088  label: -0.5 pred: 0.646208 bl: 0.55025 IMP error_pred: 1.31379 error_bl: 1.10303 improvement: -0.210767
    min: 0.2445  max: 0.967 avg: 0.551988
explanation: 


39: 7989  label: -0.5 pred: 0.0443972 bl: -0.19835 POSS error_pred: 0.296368 error_bl: 0.0909927 improvement: -0.205376
    min: -0.502  max: 0.574 avg: -0.088444
explanation: 


40: 8533  label: -1 pred: 0.596084 bl: 0.53145 IMP error_pred: 2.54749 error_bl: 2.34534 improvement: -0.202146
    min: -0.389  max: 0.964 avg: 0.431035
explanation: 


41: 5260  label: -0.5 pred: 0.187757 bl: 0.02145 POSS error_pred: 0.47301 error_bl: 0.27191 improvement: -0.2011
    min: -0.3535  max: 0.5715 avg: 0.0771229
explanation: 


42: 4286  label: 1 pred: 0.0449026 bl: 0.1557 POSS error_pred: 0.912211 error_bl: 0.712843 improvement: -0.199368
    min: -0.3855  max: 0.8225 avg: 0.235
explanation: 


43: 7287  label: -1 pred: 0.564764 bl: 0.50005 IMP error_pred: 2.44849 error_bl: 2.25015 improvement: -0.198335
    min: -0.0875  max: 0.846 avg: 0.387263
explanation: 


44: 2734  label: 0.5 pred: -0.397438 bl: -0.2806 POSS error_pred: 0.805395 error_bl: 0.609336 improvement: -0.196059
    min: -0.6565  max: 0.3335 avg: -0.214658
explanation: 


45: 1785  label: -1 pred: -0.192064 bl: -0.32255 POSS error_pred: 0.652761 error_bl: 0.458939 improvement: -0.193823
    min: -0.7635  max: 0.067 avg: -0.294298
explanation: 


46: 1423  label: -0.5 pred: 0.272115 bl: 0.1348 POSS error_pred: 0.596162 error_bl: 0.402971 improvement: -0.193191
    min: -0.1415  max: 0.879 avg: 0.157002
explanation: 


47: 7505  label: 1 pred: -0.0208195 bl: 0.0781 IMP error_pred: 1.04207 error_bl: 0.8499 improvement: -0.192173
    min: -0.2605  max: 0.2615 avg: 0.0588315
explanation: 


48: 7900  label: 0 pred: 0.697519 bl: 0.5434 POSS error_pred: 0.486533 error_bl: 0.295284 improvement: -0.191249
    min: 0.036  max: 0.958 avg: 0.516561
explanation: 


49: 761  label: 1 pred: -0.109251 bl: -0.0208 IMP error_pred: 1.23044 error_bl: 1.04203 improvement: -0.188405
    min: -0.6655  max: 0.4345 avg: -0.0221034
explanation: 


best entries: 
0: 8920  label: -1 pred: 0.710332 bl: 0.90015 IMP error_pred: 2.92523 error_bl: 3.61057 improvement: 0.685336
1: 5180  label: 1 pred: 0.180801 bl: -0.1094 POSS error_pred: 0.671087 error_bl: 1.23077 improvement: 0.559682
2: 7277  label: 1 pred: 0.178699 bl: -0.07685 POSS error_pred: 0.674536 error_bl: 1.15961 improvement: 0.485071
3: 9875  label: 1 pred: -0.137561 bl: -0.322 POSS error_pred: 1.29405 error_bl: 1.74768 improvement: 0.453638
4: 3642  label: 1 pred: 0.159109 bl: -0.07035 POSS error_pred: 0.707098 error_bl: 1.14565 improvement: 0.438551
5: 8914  label: -1 pred: 0.552108 bl: 0.6812 IMP error_pred: 2.40904 error_bl: 2.82643 improvement: 0.417395
6: 5420  label: -0.5 pred: 0.248964 bl: 0.48615 POSS error_pred: 0.560947 error_bl: 0.972492 improvement: 0.411545
7: 1315  label: -1 pred: -0.261172 bl: -0.02225 POSS error_pred: 0.545867 error_bl: 0.955995 improvement: 0.410128
8: 8833  label: -1 pred: 0.314656 bl: 0.4598 IMP error_pred: 1.72832 error_bl: 2.13102 improvement: 0.402696
9: 1274  label: -1 pred: 0.0172883 bl: 0.1973 POSS error_pred: 1.03488 error_bl: 1.43353 improvement: 0.398652
10: 6562  label: -1 pred: -0.148246 bl: 0.05675 POSS error_pred: 0.725485 error_bl: 1.11672 improvement: 0.391236
11: 5548  label: -1 pred: -0.0675572 bl: 0.1174 IMP error_pred: 0.86945 error_bl: 1.24858 improvement: 0.379133
12: 1759  label: -1 pred: -0.157071 bl: 0.03225 IMP error_pred: 0.710529 error_bl: 1.06554 improvement: 0.355012
13: 8421  label: -1 pred: 0.0454532 bl: 0.1951 IMP error_pred: 1.09297 error_bl: 1.42826 improvement: 0.335292
14: 5507  label: 0.5 pred: -0.431971 bl: -0.5863 POSS error_pred: 0.868571 error_bl: 1.18005 improvement: 0.311477
15: 4268  label: 1 pred: -0.0100876 bl: -0.15355 POSS error_pred: 1.02028 error_bl: 1.33068 improvement: 0.310401
16: 4403  label: -1 pred: 0.215102 bl: 0.33595 IMP error_pred: 1.47647 error_bl: 1.78476 improvement: 0.308289
17: 9408  label: 1 pred: 0.359848 bl: 0.15615 POSS error_pred: 0.409794 error_bl: 0.712083 improvement: 0.302289
18: 4302  label: -1 pred: -0.0155047 bl: 0.1268 IMP error_pred: 0.969231 error_bl: 1.26968 improvement: 0.300447
19: 4515  label: 1 pred: -0.0188295 bl: -0.15605 IMP error_pred: 1.03801 error_bl: 1.33645 improvement: 0.298438
20: 3053  label: -1 pred: -0.321029 bl: -0.13055 POSS error_pred: 0.461001 error_bl: 0.755943 improvement: 0.294942
21: 1117  label: -1 pred: -0.118498 bl: 0.0313 POSS error_pred: 0.777045 error_bl: 1.06358 improvement: 0.286534
22: 8515  label: -1 pred: -0.365923 bl: -0.1718 POSS error_pred: 0.402053 error_bl: 0.685915 improvement: 0.283862
23: 1093  label: -1 pred: -0.167881 bl: -0.0146 IMP error_pred: 0.692423 error_bl: 0.971013 improvement: 0.278591
24: 938  label: 0.5 pred: -0.560757 bl: -0.68355 POSS error_pred: 1.12521 error_bl: 1.40079 improvement: 0.275585
25: 1949  label: -1 pred: -0.154624 bl: -0.0088 POSS error_pred: 0.714661 error_bl: 0.982477 improvement: 0.267816
26: 4306  label: -1 pred: 0.459105 bl: 0.54745 IMP error_pred: 2.12899 error_bl: 2.3946 improvement: 0.265615
27: 22  label: -1 pred: -0.0909631 bl: 0.04295 IMP error_pred: 0.826348 error_bl: 1.08774 improvement: 0.261397
28: 9696  label: 1 pred: 0.319738 bl: 0.15015 POSS error_pred: 0.462756 error_bl: 0.722245 improvement: 0.259489
29: 4335  label: -1 pred: 0.725737 bl: 0.7993 IMP error_pred: 2.97817 error_bl: 3.23748 improvement: 0.259312
30: 6313  label: 0 pred: -0.414544 bl: -0.6559 POSS error_pred: 0.171847 error_bl: 0.430205 improvement: 0.258358
31: 7016  label: 1 pred: -0.254536 bl: -0.35095 IMP error_pred: 1.57386 error_bl: 1.82507 improvement: 0.251206
32: 3160  label: 1 pred: 0.00315415 bl: -0.1153 POSS error_pred: 0.993702 error_bl: 1.24389 improvement: 0.250192
33: 6768  label: 1 pred: 0.33929 bl: 0.1742 POSS error_pred: 0.436537 error_bl: 0.681946 improvement: 0.245408
34: 1764  label: 1 pred: 0.633162 bl: 0.38425 POSS error_pred: 0.13457 error_bl: 0.379148 improvement: 0.244578
35: 2912  label: -1 pred: -0.367292 bl: -0.19775 POSS error_pred: 0.40032 error_bl: 0.643605 improvement: 0.243285
36: 9052  label: -0.5 pred: 0.47237 bl: 0.58975 IMP error_pred: 0.945503 error_bl: 1.18756 improvement: 0.242052
37: 2441  label: -1 pred: 0.0956041 bl: 0.19995 POSS error_pred: 1.20035 error_bl: 1.43988 improvement: 0.239532
38: 5802  label: -1 pred: -0.116679 bl: 0.0096 POSS error_pred: 0.780257 error_bl: 1.01929 improvement: 0.239036
39: 1259  label: -0.5 pred: 0.549121 bl: 0.6549 POSS error_pred: 1.10065 error_bl: 1.33379 improvement: 0.23314
40: 2820  label: -1 pred: -0.225835 bl: -0.08925 POSS error_pred: 0.599332 error_bl: 0.829466 improvement: 0.230134
41: 420  label: -0.5 pred: 0.62448 bl: 0.7222 IMP error_pred: 1.26446 error_bl: 1.49377 improvement: 0.229317
42: 5149  label: 0.5 pred: -0.485461 bl: -0.59515 POSS error_pred: 0.971133 error_bl: 1.19935 improvement: 0.22822
43: 8975  label: -0.5 pred: -0.102857 bl: 0.1166 POSS error_pred: 0.157723 error_bl: 0.380196 improvement: 0.222473
44: 9302  label: -1 pred: -0.179009 bl: -0.0557 POSS error_pred: 0.674027 error_bl: 0.891702 improvement: 0.217675
45: 2859  label: -0.5 pred: 0.278864 bl: 0.40645 POSS error_pred: 0.606629 error_bl: 0.821652 improvement: 0.215023
46: 9325  label: -1 pred: 0.0411701 bl: 0.13895 IMP error_pred: 1.08404 error_bl: 1.29721 improvement: 0.213172
47: 155  label: 1 pred: -0.00349254 bl: -0.10265 POSS error_pred: 1.007 error_bl: 1.21584 improvement: 0.20884
48: 526  label: -1 pred: 0.0813676 bl: 0.173 IMP error_pred: 1.16936 error_bl: 1.37593 improvement: 0.206573
49: 3836  label: 1 pred: -0.123677 bl: -0.2099 POSS error_pred: 1.26265 error_bl: 1.46386 improvement: 0.201207

total is 0
score for UNKNOWN: nan baseline: nan diff:    nan
total is 3291
score for AUTO: 0.1396 baseline: 0.1382 diff: 0.0014
total is 6143
score for POSS: 0.4396 baseline: 0.4452 diff: -0.0055
total is 566
score for IMP: 1.0905 baseline: 1.0902 diff: 0.0003
writing 50000 official test outputs

0%   10   20   30   40   50   60   70   80   90   100%
|----|----|----|----|----|----|----|----|----|----|
***************************************************
scores: [ 0.438689 ]
0.4387 +/-    nan
1633.17user 8.92system 8:40.92elapsed 315%CPU (0avgtext+0avgdata 0maxresident)k
0inputs+1104outputs (0major+3173926minor)pagefaults 0swaps
