loading data...order = 200
nm = 200
nx = 15000
nvalues = 200
singular_values = { 806.378 54.7798 52.4168 45.9181 40.7776 32.7733 26.7439 25.7819 24.3811 23.931 21.7777 20.5711 19.6157 19.2699 18.0413 17.5987 17.315 16.891 16.4951 16.1879 15.7189 15.1403 15.0904 14.9896 14.6794 14.2218 14.0836 13.9337 13.6829 13.5149 13.2946 13.2092 12.9718 12.8012 12.6423 12.3328 12.3075 12.2145 12.0274 11.9794 11.7828 11.6683 11.5836 11.5355 11.393 11.2948 11.1674 11.0601 11.0336 10.9613 10.7575 10.6835 10.5182 10.4764 10.3957 10.2947 10.2263 10.1327 10.0762 9.93633 9.91411 9.81366 9.76597 9.69846 9.62551 9.57686 9.46944 9.42067 9.38046 9.2284 9.18081 9.14787 9.09602 9.08052 9.02274 8.92833 8.85069 8.76748 8.72506 8.66233 8.52667 8.4884 8.42455 8.40706 8.35361 8.26495 8.24583 8.13341 8.07366 8.02794 7.98205 7.93747 7.90273 7.86018 7.77847 7.742 7.66863 7.63873 7.52518 7.41643 7.3898 7.34485 7.27456 7.22588 7.1312 7.06019 7.01959 6.91933 6.86274 6.81409 6.76735 6.71261 6.65749 6.59128 6.58001 6.5025 6.47729 6.3434 6.29501 6.18381 6.17313 6.11365 6.09612 6.03848 5.86962 5.85846 5.80229 5.75722 5.71527 5.68882 5.60366 5.52144 5.46655 5.39439 5.34778 5.31632 5.22536 5.17594 5.13838 5.08052 5.03805 4.95775 4.92481 4.89769 4.8308 4.80872 4.71972 4.70757 4.53198 4.51173 4.43634 4.39306 4.28844 4.20344 4.19204 4.12169 4.06414 3.96869 3.93382 3.88875 3.80416 3.75533 3.72665 3.68486 3.6527 3.63037 3.57818 3.51341 3.4865 3.40964 3.34963 3.34013 3.27462 3.2428 3.13442 3.1292 3.07236 3.02936 2.94212 2.93569 2.84405 2.82982 2.80501 2.73011 2.71399 2.6936 2.48442 2.428 2.41506 2.3007 2.09194 1.99569 1.96677 1.76554 1.70531 1.62555 1.5403 0.984676 0.904326 0.897767 }
applying decomposition
done.
training 500 models

0%   10   20   30   40   50   60   70   80   90   100%
|----|----|----|----|----|----|----|----|----|----|
***************************************************
processing 3000 predictions...

0%   10   20   30   40   50   60   70   80   90   100%
|----|----|----|----|----|----|----|----|----|----|
***************************************************
 done.
elapsed: [186.95s cpu, 155710.0347 mticks, 58.26s wall]
score: 0.4377  baseline: 0.4398  diff: -0.00214
category UNKNOWN: count 0 avg error 0 baseline avg error 0 avg improvement 0
category AUTO: count 1249 avg error 0.025541 baseline avg error 0.0250981 avg improvement -0.000442881
category POSS: count 1531 avg error 0.208468 baseline avg error 0.213126 avg improvement 0.00465794
category IMP: count 220 avg error 1.01631 baseline avg error 1.01199 avg improvement -0.00431674
overall: count 3000 avg error 0.191551 baseline avg error 0.193427 avg improvement 0.00187616
worst entries: 
0: 241  label: 1 pred: -0.510028 bl: -0.3773 IMP error_pred: 2.28018 error_bl: 1.89696 improvement: -0.38323
    min: -0.766  max: 0.2295 avg: -0.27997
explanation: 


1: 1387  label: 1 pred: -0.435396 bl: -0.3119 IMP error_pred: 2.06036 error_bl: 1.72108 improvement: -0.339281
    min: -0.751  max: 0.4295 avg: -0.281408
explanation: 


2: 11  label: 1 pred: -0.241221 bl: -0.11325 POSS error_pred: 1.54063 error_bl: 1.23933 improvement: -0.301303
    min: -0.62  max: 0.56 avg: -0.04356
explanation: 


3: 452  label: -1 pred: 0.309185 bl: 0.20065 IMP error_pred: 1.71397 error_bl: 1.44156 improvement: -0.272405
    min: -0.2215  max: 0.484 avg: 0.187188
explanation: 


4: 2280  label: 0 pred: 0.917084 bl: 0.7894 POSS error_pred: 0.841044 error_bl: 0.623152 improvement: -0.217891
    min: 0.225  max: 1 avg: 0.703903
explanation: 


5: 2216  label: -1 pred: 0.520009 bl: 0.44665 IMP error_pred: 2.31043 error_bl: 2.0928 improvement: -0.217632
    min: -0.1085  max: 0.889 avg: 0.49062
explanation: 


6: 2867  label: 1 pred: -0.120191 bl: -0.02055 POSS error_pred: 1.25483 error_bl: 1.04152 improvement: -0.213305
    min: -0.901  max: 0.671 avg: 0.089075
explanation: 


7: 590  label: 0.5 pred: -0.523214 bl: -0.41355 IMP error_pred: 1.04697 error_bl: 0.834574 improvement: -0.212392
    min: -0.5975  max: -0.0305 avg: -0.384208
explanation: 


8: 1088  label: -1 pred: -0.050167 bl: -0.1662 POSS error_pred: 0.902183 error_bl: 0.695222 improvement: -0.20696
    min: -0.581  max: 0.318 avg: -0.134715
explanation: 


9: 1574  label: -1 pred: 0.481834 bl: 0.4113 IMP error_pred: 2.19583 error_bl: 1.99177 improvement: -0.204066
    min: -0.1345  max: 0.7505 avg: 0.31241
explanation: 


10: 1567  label: -1 pred: 0.452266 bl: 0.3803 IMP error_pred: 2.10908 error_bl: 1.90523 improvement: -0.203849
    min: -0.144  max: 0.7415 avg: 0.44164
explanation: 


11: 2832  label: 1 pred: -0.0905211 bl: -0.00755 IMP error_pred: 1.18924 error_bl: 1.01516 improvement: -0.174079
    min: -0.324  max: 0.3005 avg: -0.0053725
explanation: 


12: 1030  label: -0.5 pred: 0.542111 bl: 0.45525 IMP error_pred: 1.086 error_bl: 0.912503 improvement: -0.173494
    min: 0.0285  max: 0.939 avg: 0.509898
explanation: 


13: 2897  label: -1 pred: 0.312193 bl: 0.2486 IMP error_pred: 1.72185 error_bl: 1.559 improvement: -0.162848
    min: -0.0725  max: 0.5915 avg: 0.247875
explanation: 


14: 1189  label: 1 pred: 0.235626 bl: 0.3482 POSS error_pred: 0.584267 error_bl: 0.424843 improvement: -0.159424
    min: -0.101  max: 0.666 avg: 0.33765
explanation: 


15: 1790  label: 0 pred: 0.713429 bl: 0.59335 POSS error_pred: 0.508981 error_bl: 0.352064 improvement: -0.156917
    min: 0.428  max: 0.9275 avg: 0.66782
explanation: 


16: 1759  label: -0.5 pred: 0.509407 bl: 0.4292 IMP error_pred: 1.0189 error_bl: 0.863413 improvement: -0.155489
    min: 0.0645  max: 0.5625 avg: 0.352875
explanation: 


17: 2360  label: 0 pred: 0.858005 bl: 0.76235 POSS error_pred: 0.736172 error_bl: 0.581178 improvement: -0.154995
    min: 0.2725  max: 0.9625 avg: 0.72535
explanation: 


18: 1743  label: 0 pred: 0.721216 bl: 0.6092 POSS error_pred: 0.520153 error_bl: 0.371125 improvement: -0.149029
    min: 0.3585  max: 0.884 avg: 0.593532
explanation: 


19: 856  label: 1 pred: -0.244304 bl: -0.183 IMP error_pred: 1.54829 error_bl: 1.39949 improvement: -0.148803
    min: -0.399  max: 0.1995 avg: -0.13392
explanation: 


20: 833  label: -1 pred: 0.454603 bl: 0.40255 IMP error_pred: 2.11587 error_bl: 1.96715 improvement: -0.148724
    min: 0.213  max: 0.655 avg: 0.392563
explanation: 


21: 2143  label: -1 pred: 0.0388083 bl: -0.03495 POSS error_pred: 1.07912 error_bl: 0.931321 improvement: -0.147801
    min: -0.6345  max: 0.352 avg: -0.24971
explanation: 


22: 2472  label: 1 pred: -0.109633 bl: -0.0432 POSS error_pred: 1.23129 error_bl: 1.08827 improvement: -0.143019
    min: -0.341  max: 0.526 avg: 0.0153775
explanation: 


23: 2114  label: 1 pred: 0.118106 bl: 0.20305 IMP error_pred: 0.777737 error_bl: 0.635129 improvement: -0.142608
    min: -0.1245  max: 0.378 avg: 0.172453
explanation: 


24: 2274  label: 0.5 pred: -0.41775 bl: -0.33675 POSS error_pred: 0.842265 error_bl: 0.700151 improvement: -0.142115
    min: -0.691  max: 0.317 avg: -0.314127
explanation: 


25: 2655  label: 0 pred: 0.562987 bl: 0.4188 POSS error_pred: 0.316954 error_bl: 0.175393 improvement: -0.141561
    min: -0.025  max: 0.579 avg: 0.304647
explanation: 


26: 556  label: -1 pred: 0.370001 bl: 0.318 IMP error_pred: 1.8769 error_bl: 1.73712 improvement: -0.139779
    min: -0.1895  max: 0.6395 avg: 0.27104
explanation: 


27: 552  label: 1 pred: 0.0578816 bl: 0.13415 POSS error_pred: 0.887587 error_bl: 0.749696 improvement: -0.137891
    min: -0.396  max: 0.666 avg: 0.17618
explanation: 


28: 2204  label: 1 pred: -0.245436 bl: -0.18945 IMP error_pred: 1.55111 error_bl: 1.41479 improvement: -0.13632
    min: -0.5375  max: 0.193 avg: -0.197262
explanation: 


29: 2579  label: 0 pred: 0.975627 bl: 0.9041 IMP error_pred: 0.951847 error_bl: 0.817397 improvement: -0.13445
    min: 0.542  max: 1 avg: 0.821102
explanation: 


30: 2861  label: -0.5 pred: 0.543467 bl: 0.47805 IMP error_pred: 1.08882 error_bl: 0.956582 improvement: -0.132241
    min: 0.204  max: 0.814 avg: 0.462763
explanation: 


31: 1862  label: 0 pred: 0.767512 bl: 0.6774 POSS error_pred: 0.589075 error_bl: 0.458871 improvement: -0.130204
    min: 0.4195  max: 0.89 avg: 0.652773
explanation: 


32: 2140  label: -1 pred: 0.307114 bl: 0.25705 IMP error_pred: 1.70855 error_bl: 1.58017 improvement: -0.128372
    min: -0.0555  max: 0.911 avg: 0.240958
explanation: 


33: 2994  label: 1 pred: 0.226133 bl: 0.31405 POSS error_pred: 0.59887 error_bl: 0.470527 improvement: -0.128342
    min: 0.001  max: 0.5925 avg: 0.27484
explanation: 


34: 1807  label: -0.5 pred: 0.289451 bl: 0.20715 POSS error_pred: 0.623232 error_bl: 0.500061 improvement: -0.123171
    min: -0.197  max: 0.6895 avg: 0.253657
explanation: 


35: 1616  label: -1 pred: -0.210281 bl: -0.2913 IMP error_pred: 0.623656 error_bl: 0.502256 improvement: -0.1214
    min: -0.487  max: 0.3145 avg: -0.180008
explanation: 


36: 1833  label: 0 pred: 0.619534 bl: 0.5124 POSS error_pred: 0.383822 error_bl: 0.262554 improvement: -0.121268
    min: 0.0215  max: 0.9175 avg: 0.447922
explanation: 


37: 2344  label: -0.5 pred: 0.560871 bl: 0.5025 IMP error_pred: 1.12545 error_bl: 1.00501 improvement: -0.12044
    min: 0.221  max: 0.799 avg: 0.515025
explanation: 


38: 2030  label: -1 pred: 0.180172 bl: 0.12945 IMP error_pred: 1.39281 error_bl: 1.27566 improvement: -0.11715
    min: -0.048  max: 0.4465 avg: 0.151992
explanation: 


39: 1696  label: -1 pred: -0.0521312 bl: -0.1159 POSS error_pred: 0.898455 error_bl: 0.781633 improvement: -0.116822
    min: -0.72  max: 0.3405 avg: -0.120288
explanation: 


40: 778  label: -1 pred: -0.317301 bl: -0.40705 POSS error_pred: 0.466077 error_bl: 0.35159 improvement: -0.114488
    min: -0.9185  max: 0.228 avg: -0.374855
explanation: 


41: 942  label: 1 pred: 0.366262 bl: 0.4639 POSS error_pred: 0.401624 error_bl: 0.287403 improvement: -0.11422
    min: 0.241  max: 0.8785 avg: 0.529928
explanation: 


42: 1983  label: 0.5 pred: -0.174151 bl: -0.0837 POSS error_pred: 0.45448 error_bl: 0.340706 improvement: -0.113774
    min: -0.5425  max: 0.529 avg: -0.02887
explanation: 


43: 1204  label: -0.5 pred: 0.217585 bl: 0.1354 POSS error_pred: 0.514929 error_bl: 0.403733 improvement: -0.111195
    min: -0.187  max: 0.587 avg: 0.182535
explanation: 


44: 26  label: 1 pred: 0.025339 bl: 0.08365 POSS error_pred: 0.949964 error_bl: 0.839697 improvement: -0.110267
    min: -0.492  max: 0.587 avg: 0.0518875
explanation: 


45: 2452  label: -1 pred: 0.325541 bl: 0.2837 IMP error_pred: 1.75706 error_bl: 1.64789 improvement: -0.109174
    min: -0.0755  max: 0.6815 avg: 0.307645
explanation: 


46: 1992  label: 1 pred: 0.0611291 bl: 0.1207 IMP error_pred: 0.881479 error_bl: 0.773169 improvement: -0.10831
    min: -0.127  max: 0.468 avg: 0.153657
explanation: 


47: 2453  label: 0.5 pred: -0.0640146 bl: 0.0395 POSS error_pred: 0.318112 error_bl: 0.21206 improvement: -0.106052
    min: -0.405  max: 0.426 avg: 0.0195725
explanation: 


48: 2927  label: 0.5 pred: -0.0300872 bl: 0.08095 POSS error_pred: 0.280992 error_bl: 0.175603 improvement: -0.10539
    min: -0.229  max: 0.414 avg: 0.099535
explanation: 


49: 1234  label: 1 pred: 0.155761 bl: 0.2203 POSS error_pred: 0.712739 error_bl: 0.607932 improvement: -0.104807
    min: -0.1595  max: 0.5195 avg: 0.19111
explanation: 


best entries: 
0: 379  label: -1 pred: 0.23515 bl: 0.42065 IMP error_pred: 1.5256 error_bl: 2.01825 improvement: 0.49265
1: 473  label: 1 pred: 0.594845 bl: 0.326 POSS error_pred: 0.16415 error_bl: 0.454276 improvement: 0.290126
2: 2516  label: -1 pred: -0.12956 bl: 0.0176 IMP error_pred: 0.757666 error_bl: 1.03551 improvement: 0.277844
3: 1075  label: -1 pred: 0.234167 bl: 0.33215 IMP error_pred: 1.52317 error_bl: 1.77462 improvement: 0.251455
4: 1924  label: -1 pred: 0.258334 bl: 0.3466 IMP error_pred: 1.5834 error_bl: 1.81333 improvement: 0.229927
5: 1940  label: -1 pred: 0.760761 bl: 0.8248 IMP error_pred: 3.10028 error_bl: 3.3299 improvement: 0.229616
6: 1131  label: 0.5 pred: -0.112417 bl: -0.27215 POSS error_pred: 0.375055 error_bl: 0.596216 improvement: 0.221161
7: 803  label: -0.5 pred: 0.34914 bl: 0.4628 POSS error_pred: 0.721039 error_bl: 0.926984 improvement: 0.205945
8: 2793  label: -1 pred: 0.144853 bl: 0.22305 IMP error_pred: 1.31069 error_bl: 1.49585 improvement: 0.185163
9: 533  label: 1 pred: 0.138659 bl: 0.03855 POSS error_pred: 0.741908 error_bl: 0.924386 improvement: 0.182478
10: 1417  label: 1 pred: 0.280746 bl: 0.1645 IMP error_pred: 0.517326 error_bl: 0.69806 improvement: 0.180734
11: 2042  label: -1 pred: -0.373556 bl: -0.24635 POSS error_pred: 0.392432 error_bl: 0.567988 improvement: 0.175557
12: 496  label: -1 pred: -0.0768169 bl: 0.01 IMP error_pred: 0.852267 error_bl: 1.0201 improvement: 0.167833
13: 2818  label: 1 pred: 0.0932862 bl: 0.0075 IMP error_pred: 0.82213 error_bl: 0.985056 improvement: 0.162926
14: 10  label: 1 pred: 0.317391 bl: 0.20995 POSS error_pred: 0.465955 error_bl: 0.624179 improvement: 0.158224
15: 1549  label: 1 pred: 0.587778 bl: 0.4293 POSS error_pred: 0.169927 error_bl: 0.325698 improvement: 0.155772
16: 2625  label: -1 pred: -0.381765 bl: -0.26775 POSS error_pred: 0.382215 error_bl: 0.53619 improvement: 0.153975
17: 15  label: 1 pred: 0.21171 bl: 0.1203 POSS error_pred: 0.621401 error_bl: 0.773872 improvement: 0.152471
18: 1078  label: 1 pred: 0.282154 bl: 0.18415 IMP error_pred: 0.515304 error_bl: 0.665611 improvement: 0.150308
19: 199  label: -1 pred: -0.21224 bl: -0.12255 IMP error_pred: 0.620566 error_bl: 0.769919 improvement: 0.149352
20: 968  label: 0.5 pred: -0.0736731 bl: -0.19015 POSS error_pred: 0.329101 error_bl: 0.476307 improvement: 0.147206
21: 59  label: 1 pred: 0.734765 bl: 0.53485 POSS error_pred: 0.0703495 error_bl: 0.216365 improvement: 0.146015
22: 1718  label: -0.5 pred: 0.176184 bl: 0.2755 POSS error_pred: 0.457225 error_bl: 0.6014 improvement: 0.144175
23: 1925  label: -1 pred: -0.256502 bl: -0.16565 POSS error_pred: 0.552789 error_bl: 0.69614 improvement: 0.143351
24: 1346  label: -1 pred: -0.625146 bl: -0.4677 POSS error_pred: 0.140516 error_bl: 0.283343 improvement: 0.142828
25: 2665  label: -1 pred: -0.297822 bl: -0.20425 POSS error_pred: 0.493054 error_bl: 0.633218 improvement: 0.140164
26: 47  label: -1 pred: -0.301885 bl: -0.2103 POSS error_pred: 0.487364 error_bl: 0.623626 improvement: 0.136262
27: 741  label: 1 pred: 0.692929 bl: 0.52405 POSS error_pred: 0.0942926 error_bl: 0.226528 improvement: 0.132236
28: 222  label: -1 pred: -0.591485 bl: -0.45525 POSS error_pred: 0.166885 error_bl: 0.296753 improvement: 0.129868
29: 807  label: -0.5 pred: -0.0293127 bl: 0.08955 POSS error_pred: 0.221547 error_bl: 0.347569 improvement: 0.126023
30: 881  label: -1 pred: -0.418562 bl: -0.3195 POSS error_pred: 0.33807 error_bl: 0.46308 improvement: 0.12501
31: 802  label: 0 pred: 0.49449 bl: 0.60715 POSS error_pred: 0.244521 error_bl: 0.368631 improvement: 0.12411
32: 1424  label: -0.5 pred: 0.812526 bl: 0.85875 IMP error_pred: 1.72272 error_bl: 1.8462 improvement: 0.123477
33: 2574  label: -1 pred: 0.223942 bl: 0.2731 IMP error_pred: 1.49803 error_bl: 1.62078 improvement: 0.12275
34: 54  label: 1 pred: 0.550969 bl: 0.4316 POSS error_pred: 0.201629 error_bl: 0.323079 improvement: 0.121449
35: 2107  label: -1 pred: -0.159094 bl: -0.08985 IMP error_pred: 0.707123 error_bl: 0.828373 improvement: 0.12125
36: 582  label: -0.5 pred: -0.0234139 bl: 0.08995 POSS error_pred: 0.227134 error_bl: 0.348041 improvement: 0.120907
37: 2991  label: 1 pred: 0.12458 bl: 0.0593 POSS error_pred: 0.76636 error_bl: 0.884916 improvement: 0.118556
38: 789  label: 0 pred: 0.496447 bl: 0.60405 POSS error_pred: 0.246459 error_bl: 0.364876 improvement: 0.118417
39: 1949  label: 1 pred: -0.424699 bl: -0.46535 POSS error_pred: 2.02977 error_bl: 2.14725 improvement: 0.117485
40: 397  label: -0.5 pred: 0.497228 bl: 0.55445 POSS error_pred: 0.994463 error_bl: 1.11186 improvement: 0.117402
41: 541  label: 1 pred: 0.447513 bl: 0.35185 POSS error_pred: 0.305242 error_bl: 0.420098 improvement: 0.114856
42: 2628  label: 1 pred: 0.551601 bl: 0.4397 POSS error_pred: 0.201061 error_bl: 0.313936 improvement: 0.112875
43: 425  label: -0.5 pred: -0.0698287 bl: 0.04445 POSS error_pred: 0.185047 error_bl: 0.296426 improvement: 0.111378
44: 2192  label: 1 pred: 0.314538 bl: 0.23845 POSS error_pred: 0.469858 error_bl: 0.579958 improvement: 0.1101
45: 1649  label: 1 pred: 0.234874 bl: 0.1669 IMP error_pred: 0.585419 error_bl: 0.694056 improvement: 0.108637
46: 391  label: 1 pred: 0.23213 bl: 0.1655 POSS error_pred: 0.589624 error_bl: 0.69639 improvement: 0.106766
47: 111  label: 1 pred: 0.25242 bl: 0.18435 POSS error_pred: 0.558875 error_bl: 0.665285 improvement: 0.106409
48: 2170  label: -1 pred: 0.374202 bl: 0.4117 IMP error_pred: 1.88843 error_bl: 1.9929 improvement: 0.104466
49: 2198  label: 0.5 pred: 0.206867 bl: 0.0648 POSS error_pred: 0.0859268 error_bl: 0.189399 improvement: 0.103472

total is 0
score for UNKNOWN: nan baseline: nan diff:    nan
total is 1249
score for AUTO: 0.1598 baseline: 0.1584 diff: 0.0014
total is 1531
score for POSS: 0.4566 baseline: 0.4617 diff: -0.0051
total is 220
score for IMP: 1.0081 baseline: 1.0060 diff: 0.0021
writing 15000 official test outputs

0%   10   20   30   40   50   60   70   80   90   100%
|----|----|----|----|----|----|----|----|----|----|
***************************************************
scores: [ 0.437666 ]
0.4377 +/-    nan
184.21user 3.25system 0:58.60elapsed 319%CPU (0avgtext+0avgdata 0maxresident)k
0inputs+336outputs (0major+1452498minor)pagefaults 0swaps
