loading data...model 260: before 0.168731/0.299993 after 0.305259/0.128053 test: before 0.178178/0.304729 after 0/0.140367
model 1016: before 0.169443/0.294171 after 0.304276/0.126256 test: before 0.178531/0.300143 after 0/0.141397
model 333: before 0.169351/0.294295 after 0.303328/0.126249 test: before 0.178551/0.301653 after 0/0.141607
model 1051: before 0.169626/0.293468 after 0.30267/0.128941 test: before 0.178909/0.297691 after 0/0.140876
model 835: before 0.169794/0.293187 after 0.295559/0.127992 test: before 0.179008/0.299167 after 0/0.138914
model 659: before 0.170459/0.297281 after 0.30406/0.127768 test: before 0.178315/0.303745 after 0/0.14313
model 775: before 0.169251/0.301012 after 0.309291/0.126025 test: before 0.178097/0.305731 after 0/0.13938
model 711: before 0.1684/0.292461 after 0.301867/0.127734 test: before 0.177339/0.298961 after 0/0.140213
model 1058: before 0.169523/0.300791 after 0.308146/0.12651 test: before 0.178911/0.306771 after 0/0.139884
model 1140: before 0.169513/0.295772 after 0.296723/0.129024 test: before 0.179184/0.302353 after 0/0.14008
generating blend data
bag bag 0 of 5001
 of 500
bag 2 of 500
bag 4 of 500
bag 5 of 500
bag 6 of 500
bag 7 of 500
bag 3 of 500
bag 8 of 500
bag 9 of 500
bag 10 of 500
bag 11 of 500
bag 12 of 500
bag 13 of 500
bag 14 of 500
bag 15 of 500
bag 16 of 500
bag 17 of 500
bag 18 of 500
bag 19 of 500
bag 20 of 500
bag 21 of 500
bag 22 of 500
bag 23 of 500
bag 24 of 500
bag 25 of 500
bag 26 of 500
bag 27 of 500
bag 28 of 500
bag 29 of 500
bag 30 of 500
bag 31 of 500
bag 32 of 500
bag 33 of 500
bag 34 of 500
bag 35 of 500
bag 36 of 500
bag 37 of 500
bag 38 of 500
bag 39 of 500
bag 40 of 500
bag 41 of 500
bag 42 of 500
bag 43 of 500
bag 44 of 500
bag 45 of 500
bag 46 of 500
bag 47 of 500
bag 49 of 500
bag 48 of 500
bag 50 of 500
bag 51 of 500
bag 52 of 500
bag 53 of 500
bag 54 of 500
bag 55 of 500
bag 56 of 500
bag 57 of 500
bag 58 of 500
bag 59 of 500
bag 60 of 500
bag 61 of 500
bag 62 of 500
bag 63 of 500
bag 64 of 500
bag 65 of 500
bag 66 of 500
bag 67 of 500
bag 68 of 500
bag 69 of 500
bag 70 of 500
bag 71 of 500
bag 72 of 500
bag 73 of 500
bag 74 of 500
bag 75 of 500
bag 76 of 500
bag 77 of 500
bag 78 of 500
bag 79 of 500
bag 80 of 500
bag 81 of 500
bag 82 of 500
bag 83 of 500
bag 84 of 500
bag 85 of 500
bag 86 of 500
bag 87 of 500
bag 88 of 500
bag 89 of 500
bag 90 of 500
bag 91 of 500
bag 92 of 500
bag 93 of 500
bag 94 of 500
bag 95 of 500
bag 96 of 500
bag 97 of 500
bag 98 of 500
bag bag 100 of 500
99 of 500
bag 101 of 500
bag 102 of 500
bag 103 of 500
bag 104 of 500
bag 105 of 500
bag 106 of 500
bag bag 108 of 500
107 of 500
bag 109 of 500
bag 110 of 500
bag 111 of 500
bag 112 of 500
bag 113 of 500
bag 114 of 500
bag 115 of 500
bag 116 of 500
bag 117 of 500
bag 118 of 500
bag 119 of 500
bag 120 of 500
bag 121 of 500
bag 122 of 500
bag 123 of 500
bag 124 of 500
bag 125 of 500
bag 126 of 500
bag 127 of 500
bag 128 of 500
bag 129 of 500
bag 130 of 500
bag 131 of 500
bag 132 of 500
bag 133 of 500
bag 134 of 500
bag 135 of 500
bag 136 of 500
bag 137 of 500
bag 138 of 500
bag 139 of 500
bag 140 of 500
bag 141 of 500
bag 142 of 500
bag 143 of 500
bag 144 of 500
bag 145 of 500
bag 146 of 500
bag 147 of 500
bag 148 of 500
bag 149 of 500
bag 150 of 500
bag 151 of 500
bag 152 of 500
bag 153 of 500
bag 154 of 500
bag 155 of 500
bag 156 of 500
bag 157 of 500
bag 158 of 500
bag 159 of 500
bag 160 of 500
bag 161 of 500
bag 162 of 500
bag 163 of 500
bag 164 of 500
bag 165 of 500
bag 166 of 500
bag 167 of 500
bag 168 of 500
bag 169 of 500
bag 170 of 500
bag 171 of 500
bag 172 of 500
bag 173 of 500
bag 174 of 500
bag 175 of 500
bag 176 of 500
bag 177 of 500
bag 178 of 500
bag 179 of 500
bag 180 of 500
bag 181 of 500
bag 182 of 500
bag 183 of 500
bag 184 of 500
bag 185 of 500
bag 186 of 500
bag 187 of 500
bag 188 of 500
bag 189 of 500
bag 190 of 500
bag 191 of 500
bag 192 of 500
bag 193 of 500
bag 194 of 500
bag 195 of 500
bag 196 of 500
bag 197 of 500
bag 198 of 500
bag 199 of 500
bag 200 of 500
bag 201 of 500
bag 202 of 500
bag 203 of 500
bag 204 of 500
bag 205 of 500
bag 206 of 500
bag 207 of 500
bag 208 of 500
bag 209 of 500
bag 210 of 500
bag 211 of 500
bag 212 of 500
bag 213 of 500
bag 214 of 500
bag 215 of 500
bag 216 of 500
bag 217 of 500
bag 218 of 500
bag 219 of 500
bag 220 of 500
bag 221 of 500
bag 222 of 500
bag 223 of 500
bag 224 of 500
bag 225 of 500
bag 226 of 500
bag 227 of 500
bag 228 of 500
bag 229 of 500
bag 230 of 500
bag 231 of 500
bag 232 of 500
bag 233 of 500
bag 234 of 500
bag 235 of 500
bag 236 of 500
bag 237 of 500
bag 238 of 500
bag 239 of 500
bag 240 of 500
bag 241 of 500
bag 242 of 500
bag 243 of 500
bag 244 of 500
bag 245 of 500
bag 246 of 500
bag 247 of 500
bag 248 of 500
bag 249 of 500
bag 250 of 500
bag 251 of 500
bag 252 of 500
bag 253 of 500
bag 254 of 500
bag 255 of 500
bag 256 of 500
bag 257 of 500
bag 258 of 500
bag 259 of 500
bag 260 of 500
bag 261 of 500
bag 262 of 500
bag 263 of 500
bag 264 of 500
bag 265 of 500
bag 266 of 500
bag 267 of 500
bag 268 of 500
bag 269 of 500
bag 270 of 500
bag 271 of 500
bag 272 of 500
bag 273 of 500
bag 274 of 500
bag 275 of 500
bag 276 of 500
bag 277 of 500
bag 278 of 500
bag 279 of 500
bag 280 of 500
bag 281 of 500
bag 282 of 500
bag 283 of 500
bag 284 of 500
bag 285 of 500
bag 286 of 500
bag 287 of 500
bag 288 of 500
bag 289 of 500
bag 290 of 500
bag 291 of 500
bag 292 of 500
bag 293 of 500
bag 294 of 500
bag 295 of 500
bag 296 of 500
bag 297 of 500
bag 298 of 500
bag 299 of 500
bag 300 of 500
bag 301 of 500
bag 302 of 500
bag 303 of 500
bag 304 of 500
bag 305 of 500
bag 306 of 500
bag 307 of 500
bag 308 of 500
bag 309 of 500
bag 310 of 500
bag 311 of 500
bag 312 of 500
bag 313 of 500
bag 314 of 500
bag 315 of 500
bag 316 of 500
bag 317 of 500
bag 318 of 500
bag 319 of 500
bag 320 of 500
bag 321 of 500
bag 322 of 500
bag 323 of 500
bag 324 of 500
bag 325 of 500
bag 326 of 500
bag 327 of 500
bag bag 328 of 500
329 of 500
bag 330 of 500
bag 331 of 500
bag 332 of 500
bag 333 of 500
bag 334 of 500
bag 335 of 500
bag 336 of 500
bag 337 of 500
bag 338 of 500
bag 339 of 500
bag 340 of 500
bag 341 of 500
bag 342 of 500
bag 343 of 500
bag 344 of 500
bag 345 of 500
bag 346 of 500
bag 347 of 500
bag 348 of 500
bag 349 of 500
bag 350 of 500
bag 351 of 500
bag 352 of 500
bag 353 of 500
bag 354 of 500
bag 355 of 500
bag 356 of 500
bag 357 of 500
bag 358 of 500
bag 359 of 500
bag 360 of 500
bag 361 of 500
bag 362 of 500
bag 363 of 500
bag 364 of 500
bag 365 of 500
bag 366 of 500
bag 367 of 500
bag 368 of 500
bag 369 of 500
bag 370 of 500
bag 371 of 500
bag 372 of 500
bag 373 of 500
bag 374 of 500
bag 375 of 500
bag 376 of 500
bag 377 of 500
bag 378 of 500
bag 379 of 500
bag 380 of 500
bag 381 of 500
bag 382 of 500
bag 383 of 500
bag 384 of 500
bag 385 of 500
bag 386 of 500
bag 387 of 500
bag 388 of 500
bag 389 of 500
bag 390 of 500
bag 391 of 500
bag 392 of 500
bag 393 of 500
bag 394 of 500
bag 395 of 500
bag 396 of 500
bag 397 of 500
bag 398 of 500
bag 399 of 500
bag 400 of 500
bag 401 of 500
bag 402 of 500
bag 403 of 500
bag 404 of 500
bag 405 of 500
bag 406 of 500
bag 407 of 500
bag 408 of 500
bag 409 of 500
bag 410 of 500
bag 411 of 500
bag 412 of 500
bag 413 of 500
bag 414 of 500
bag 415 of 500
bag 416 of 500
bag 417 of 500
bag 418 of 500
bag 419 of 500
bag 420 of 500
bag 421 of 500
bag 422 of 500
bag 423 of 500
bag 424 of 500
bag 425 of 500
bag 426 of 500
bag 427 of 500
bag 428 of 500
bag 429 of 500
bag 430 of 500
bag 431 of 500
bag 432 of 500
bag 433 of 500
bag 434 of 500
bag 435 of 500
bag 436 of 500
bag 437 of 500
bag 438 of 500
bag 439 of 500
bag 440 of 500
bag 441 of 500
bag 442 of 500
bag 443 of 500
bag 444 of 500
bag 445 of 500
bag 446 of 500
bag 447 of 500
bag 448 of 500
bag 449 of 500
bag 450 of 500
bag 451 of 500
bag 452 of 500
bag 453 of 500
bag 454 of 500
bag 455 of 500
bag 456 of 500
bag 457 of 500
bag 458 of 500
bag 459 of 500
bag 460 of 500
bag 461 of 500
bag 462 of 500
bag 463 of 500
bag 464 of 500
bag 465 of 500
bag 466 of 500
bag 467 of 500
bag 468 of 500
bag 469 of 500
bag 470 of 500
bag 471 of 500
bag 472 of 500
bag 473 of 500
bag 474 of 500
bag 475 of 500
bag 476 of 500
bag 477 of 500
bag 478 of 500
bag 479 of 500
bag 480 of 500
bag 481 of 500
bag 482 of 500
bag 483 of 500
bag 484 of 500
bag 485 of 500
bag 486 of 500
bag 487 of 500
bag 488 of 500
bag 489 of 500
bag 490 of 500
bag 491 of 500
bag 492 of 500
bag 493 of 500
bag 494 of 500
bag 495 of 500
bag 496 of 500
bag 497 of 500
bag 498 of 500
bag 499 of 500
processing 10000 predictions...

0%   10   20   30   40   50   60   70   80   90   100%
|----|----|----|----|----|----|----|----|----|----|
***************************************************
 done.
elapsed: [294.50s cpu, 185758.9583 mticks, 69.50s wall]
score: 0.1528  baseline: 0.1635  diff: -0.01065
category UNKNOWN: count 0 avg error 0 baseline avg error 0 avg improvement 0
category AUTO: count 3347 avg error 0.0464624 baseline avg error 0.0652753 avg improvement 0.0188129
category POSS: count 5942 avg error 0.164115 baseline avg error 0.171225 avg improvement 0.0071096
category IMP: count 711 avg error 0.559075 baseline avg error 0.56085 avg improvement 0.00177481
overall: count 10000 avg error 0.152819 baseline avg error 0.163466 avg improvement 0.0106474
worst entries: 
0: 2555  label: -1 pred: 1.43025 bl: 0.4213 IMP error_pred: 0.934311 error_bl: 0.525512 improvement: -0.408799
    min: 0.1745  max: 0.553 avg: 0.3955
explanation: 
    0.246807 1.4515393            models_std
    0.191249 0.96531653           L_auc_660_conf
    0.120640 0.37849998           models_range
    0.066751 0.1745               min_model
    0.055922 0.96531653           chosen_conf_max
    0.046471 0.1745               models_min
    0.041136 0.39013207           avg_weighted
    0.040824 0.44790685           L_auc_660_weighted
    0.039980 0.93615329           L_auc_836_conf
    0.035337 0.34293574           L_auc_712_weighted
    1.430642                      TOTAL


1: 7779  label: -1 pred: 1.25804 bl: 0.42205 IMP error_pred: 0.882684 error_bl: 0.526316 improvement: -0.356368
    min: 0.195  max: 0.5185 avg: 0.376366
explanation: 
    0.182271 1.7142245            models_std
    0.129473 0.32349998           models_range
    0.077647 0.19499999           min_model
    0.070254 0.96912062           chosen_conf_max
    0.054961 0.19499999           models_min
    0.041742 0.39398792           avg_weighted
    0.038143 0.33012465           L_auc_660_weighted
    0.037337 0.42006189           L_auc_712_weighted
    0.033569 0.93297541           L_auc_836_conf
    0.031053 0.36021727           L_auc_261_weighted
    1.258430                      TOTAL


2: 819  label: -1 pred: 1.75098 bl: 0.48 IMP error_pred: 0.977903 error_bl: 0.623343 improvement: -0.35456
    min: 0.291  max: 0.6255 avg: 0.473092
explanation: 
    0.171729 1.7164195            models_std
    0.145013 0.29100001           min_model
    0.133509 0.33450001           models_range
    0.104237 0.29100001           models_min
    0.090666 0.96325648           L_auc_660_conf
    0.080830 0.96936512           chosen_conf_max
    0.067498 0.96688354           L_auc_712_conf
    0.061567 0.96247989           chosen_conf_avg
    0.045237 0.95580411           L_auc_836_conf
    0.043346 0.4620176            avg_weighted
    1.751369                      TOTAL


3: 2359  label: -1 pred: 1.23351 bl: 0.4166 IMP error_pred: 0.869425 error_bl: 0.517376 improvement: -0.352049
    min: 0.281  max: 0.6695 avg: 0.459802
explanation: 
    0.125083 0.38850001           models_range
    0.124034 1.8466032            models_std
    0.122327 0.28099999           min_model
    0.088167 0.28099999           models_min
    0.052296 0.95176733           L_auc_836_conf
    0.041795 0.36910132           avg_weighted
    0.040014 0.37011895           L_auc_660_weighted
    0.037347 0.45980233           model_avg
    0.036689 0.36466235           L_auc_712_weighted
    0.031893 0.4725               L_auc_836_output
    1.233902                      TOTAL


4: 6579  label: -1 pred: 0.956103 bl: 0.33425 IMP error_pred: 0.729209 error_bl: 0.386199 improvement: -0.343009
    min: 0.192  max: 0.5875 avg: 0.34469
explanation: 
    0.186993 1.5707273            models_std
    0.122046 0.39549997           models_range
    0.077009 0.192                min_model
    0.056075 0.192                models_min
    0.038795 0.24160953           avg_weighted
    0.036373 0.19875619           L_auc_712_weighted
    0.030001 0.23708189           L_auc_660_weighted
    0.028046 0.31310719           highest_chosen_weighted
    0.027764 0.31310719           max_weighted
    0.027452 0.23326965           L_auc_261_weighted
    0.956495                      TOTAL


5: 5300  label: -1 pred: 0.781828 bl: 0.279 IMP error_pred: 0.64544 error_bl: 0.302632 improvement: -0.342808
    min: 0.1705  max: 0.4935 avg: 0.30585
explanation: 
    0.243739 1.4593174            models_std
    0.117413 0.32300001           models_range
    0.065138 0.1705               min_model
    0.049414 0.1705               models_min
    0.038405 0.1698496            avg_weighted
    0.034488 0.16373156           L_auc_712_weighted
    0.029628 0.16148072           L_auc_660_weighted
    0.028396 0.21247718           highest_chosen_weighted
    0.027231 0.21247718           max_weighted
    0.019968 0.21247718           L_auc_334_weighted
    0.782221                      TOTAL


6: 7556  label: -1 pred: 0.860684 bl: 0.3049 IMP error_pred: 0.683809 error_bl: 0.342507 improvement: -0.341302
    min: 0.1725  max: 0.4615 avg: 0.31919
explanation: 
    0.227417 1.5301635            models_std
    0.115129 0.28899997           models_range
    0.068218 0.1725               min_model
    0.048444 0.1725               models_min
    0.040170 0.30721056           L_auc_660_weighted
    0.038218 0.22615914           avg_weighted
    0.036503 0.21067885           L_auc_712_weighted
    0.028333 0.30721056           highest_chosen_weighted
    0.027686 0.30721056           max_weighted
    0.026562 0.29724517           L_auc_261_weighted
    0.861077                      TOTAL


7: 850  label: -1 pred: 0.706929 bl: 0.2584 IMP error_pred: 0.607071 error_bl: 0.273202 improvement: -0.333869
    min: 0.13  max: 0.5015 avg: 0.28409
explanation: 
    0.185440 1.6503414            models_std
    0.105756 0.37150002           models_range
    0.040062 0.14079793           avg_weighted
    0.031257 0.09109509           L_auc_712_weighted
    0.028510 0.21890917           highest_chosen_weighted
    0.027636 0.16926758           L_auc_660_weighted
    0.026801 0.21890917           max_weighted
    0.026175 0.21890917           L_auc_261_weighted
    0.021582 0.12607083           L_auc_334_weighted
    0.020316 0.13                 min_model
    0.707322                      TOTAL


8: 3650  label: -1 pred: 0.734654 bl: 0.26945 IMP error_pred: 0.621535 error_bl: 0.289373 improvement: -0.332162
    min: 0.1505  max: 0.49 avg: 0.313167
explanation: 
    0.185042 1.6775635            models_std
    0.117976 0.33950001           models_range
    0.053712 0.1505               min_model
    0.039677 0.16305128           avg_weighted
    0.036196 0.1505               models_min
    0.033782 0.13099672           L_auc_712_weighted
    0.030852 0.21209662           L_auc_660_weighted
    0.028451 0.21209662           highest_chosen_weighted
    0.026705 0.21209662           max_weighted
    0.020305 0.18264347           L_auc_261_weighted
    0.735046                      TOTAL


9: 39  label: -1 pred: 1.08693 bl: 0.38895 IMP error_pred: 0.801928 error_bl: 0.47047 improvement: -0.331458
    min: 0.179  max: 0.5425 avg: 0.347637
explanation: 
    0.245588 1.3429507            models_std
    0.111073 0.3635               models_range
    0.075083 0.17900001           min_model
    0.051830 0.17900001           models_min
    0.041618 0.34389919           avg_weighted
    0.040287 0.33818462           L_auc_660_weighted
    0.035805 0.32635257           L_auc_712_weighted
    0.032090 0.36032996           L_auc_261_weighted
    0.027947 0.38694444           highest_chosen_weighted
    0.027159 0.32708052           L_auc_1141_weighted
    1.087325                      TOTAL


10: 773  label: -1 pred: 1.38663 bl: 0.4656 IMP error_pred: 0.925673 error_bl: 0.598935 improvement: -0.326738
    min: 0.1705  max: 0.536 avg: 0.35379
explanation: 
    0.118430 0.36550003           models_range
    0.081062 0.97977281           chosen_conf_max
    0.066870 0.964347             L_auc_712_conf
    0.064669 0.95726621           chosen_conf_avg
    0.062068 0.1705               min_model
    0.055806 0.95267117           L_auc_836_conf
    0.051886 0.07139875           L_auc_776_dev_from_mean
    0.045171 0.1705               models_min
    0.040354 0.44502792           L_auc_660_weighted
    0.038986 0.44632426           avg_weighted
    1.387019                      TOTAL


11: 5381  label: -1 pred: 0.880794 bl: 0.32645 IMP error_pred: 0.692447 error_bl: 0.37284 improvement: -0.319606
    min: 0.1755  max: 0.5815 avg: 0.376663
explanation: 
    0.125253 0.40599999           models_range
    0.081148 2.0265012            models_std
    0.074721 0.17550001           min_model
    0.051095 0.17550001           models_min
    0.038820 0.24505432           avg_weighted
    0.038069 0.28906795           L_auc_660_weighted
    0.035332 0.20532815           L_auc_712_weighted
    0.029916 0.36104155           L_auc_261_weighted
    0.028669 0.37666291           model_avg
    0.028257 0.36104155           max_weighted
    0.881187                      TOTAL


12: 2620  label: -1 pred: 0.839613 bl: 0.3141 IMP error_pred: 0.674367 error_bl: 0.356569 improvement: -0.317798
    min: 0.154  max: 0.508 avg: 0.320712
explanation: 
    0.187839 1.5793083            models_std
    0.110462 0.35400003           models_range
    0.058064 0.154                min_model
    0.046471 0.154                models_min
    0.038749 0.22533901           avg_weighted
    0.035407 0.2730228            L_auc_660_weighted
    0.034485 0.17811257           L_auc_712_weighted
    0.028487 0.32873502           L_auc_1141_weighted
    0.028170 0.32853338           highest_chosen_weighted
    0.027270 0.32873502           max_weighted
    0.840006                      TOTAL


13: 2186  label: -1 pred: 0.652253 bl: 0.24695 IMP error_pred: 0.577541 error_bl: 0.259944 improvement: -0.317597
    min: 0.136  max: 0.524 avg: 0.319383
explanation: 
    0.118621 1.8702548            models_std
    0.115114 0.38799998           models_range
    0.041815 0.12735263           avg_weighted
    0.031839 0.097859114          L_auc_712_weighted
    0.029589 0.13296577           L_auc_660_weighted
    0.028821 0.21274999           highest_chosen_weighted
    0.028011 0.13600001           min_model
    0.027564 0.21274999           max_weighted
    0.026718 -0.063564979         L_auc_1017_dev_from_mean
    0.026565 0.21274999           L_auc_261_weighted
    0.652645                      TOTAL


14: 8872  label: -1 pred: 0.86623 bl: 0.331 IMP error_pred: 0.685818 error_bl: 0.378666 improvement: -0.307151
    min: 0.1425  max: 0.4535 avg: 0.301841
explanation: 
    0.180953 1.7196144            models_std
    0.118120 0.31099999           models_range
    0.053406 0.1425               min_model
    0.041411 0.26970407           avg_weighted
    0.036876 0.31051901           L_auc_712_weighted
    0.035592 0.1425               models_min
    0.032646 0.25772953           L_auc_660_weighted
    0.028239 0.30500606           highest_chosen_weighted
    0.027166 0.31051901           max_weighted
    0.025505 0.25574893           L_auc_1141_weighted
    0.866623                      TOTAL


15: 687  label: -1 pred: 0.946579 bl: 0.35515 IMP error_pred: 0.724387 error_bl: 0.417738 improvement: -0.306649
    min: 0.199  max: 0.5545 avg: 0.396792
explanation: 
    0.189841 1.6192859            models_std
    0.117103 0.35549998           models_range
    0.077781 0.199                min_model
    0.055174 0.199                models_min
    0.041180 0.29193425           avg_weighted
    0.038252 0.29602078           L_auc_660_weighted
    0.036592 0.29984462           L_auc_712_weighted
    0.032303 0.39679235           model_avg
    0.030810 0.32844007           L_auc_261_weighted
    0.027990 0.34331161           highest_chosen_weighted
    0.946972                      TOTAL


16: 4990  label: -1 pred: 0.550593 bl: 0.21195 IMP error_pred: 0.521093 error_bl: 0.218863 improvement: -0.30223
    min: 0.068  max: 0.435 avg: 0.266384
explanation: 
    0.218880 1.5085882            models_std
    0.099168 0.36699998           models_range
   -0.033746 0.059082337          L_auc_712_weighted
    0.031878 -0.043341186         L_auc_334_dev_from_mean
    0.031328 0.1042445            L_auc_660_weighted
    0.030390 0.089540772          avg_weighted
    0.027976 0.17910537           highest_chosen_weighted
    0.027200 0.17910537           max_weighted
    0.025474 0.17910537           L_auc_261_weighted
   -0.023240 0.068000004          min_model
    0.550986                      TOTAL


17: 9210  label: -1 pred: 1.04242 bl: 0.3902 IMP error_pred: 0.77501 error_bl: 0.47278 improvement: -0.30223
    min: 0.291  max: 0.892 avg: 0.554365
explanation: 
    0.141023 0.29100001           min_model
    0.110773 0.29100001           models_min
    0.062097 0.52726716           max_weighted
    0.040040 0.3172335            avg_weighted
    0.039465 0.48740229           L_auc_660_weighted
    0.038606 -0.06507697          L_auc_1052_dev_from_mean
    0.038130 0.63499999           L_auc_261_output
    0.037246 0.28056294           L_auc_712_weighted
    0.037161 0.52726716           L_auc_261_weighted
    0.035263 0.48740229           highest_chosen_weighted
    1.042808                      TOTAL


18: 1395  label: -1 pred: 1.1966 bl: 0.44125 IMP error_pred: 0.853957 error_bl: 0.55906 improvement: -0.294898
    min: 0.1875  max: 0.5735 avg: 0.388366
explanation: 
    0.184287 1.6971296            models_std
    0.126150 0.38599998           models_range
    0.077629 0.1875               min_model
    0.054473 0.1875               models_min
    0.051588 0.95168704           L_auc_836_conf
    0.048201 0.93986309           chosen_conf_avg
    0.040673 0.41740045           L_auc_660_weighted
    0.040595 0.41495126           avg_weighted
    0.035832 0.38786003           L_auc_712_weighted
    0.031484 0.38836664           model_avg
    1.196988                      TOTAL


19: 9171  label: -1 pred: 0.844631 bl: 0.33555 IMP error_pred: 0.676979 error_bl: 0.38871 improvement: -0.288268
    min: 0.124  max: 0.5315 avg: 0.307603
explanation: 
    0.153133 1.8256963            models_std
    0.119047 0.40749997           models_range
    0.040841 0.2618441            avg_weighted
    0.039532 0.046774819          L_auc_261_dev_from_mean
    0.038915 0.297865             L_auc_660_weighted
    0.037932 0.26328734           L_auc_712_weighted
    0.031043 0.35654429           L_auc_261_weighted
    0.028386 0.35654429           highest_chosen_weighted
    0.028106 0.35654429           max_weighted
    0.025268 0.26779276           L_auc_1141_weighted
    0.845025                      TOTAL


20: 1624  label: -1 pred: 1.56792 bl: 0.51125 IMP error_pred: 0.960225 error_bl: 0.672559 improvement: -0.287666
    min: 0.275  max: 0.6935 avg: 0.500444
explanation: 
    0.180384 0.96370912           L_auc_660_conf
    0.120514 0.27500001           min_model
    0.096040 0.41849998           models_range
    0.082949 0.27500001           models_min
    0.066850 0.96487945           L_auc_836_conf
    0.064966 0.95661223           chosen_conf_avg
    0.064435 0.96536517           chosen_conf_max
    0.054553 2.0831358            models_std
    0.047482 0.48900038           avg_weighted
    0.041860 0.96536517           L_auc_1141_conf
    1.568316                      TOTAL


21: 7292  label: -1 pred: 0.628751 bl: 0.2622 IMP error_pred: 0.564885 error_bl: 0.278726 improvement: -0.286159
    min: 0.1375  max: 0.4605 avg: 0.312301
explanation: 
    0.180346 1.6916279            models_std
    0.113557 0.32300001           models_range
    0.042820 0.1375               min_model
    0.039712 0.1589662            avg_weighted
    0.034791 0.14580123           L_auc_712_weighted
    0.029368 0.19164599           L_auc_660_weighted
    0.028516 0.19164599           highest_chosen_weighted
    0.028355 0.1375               models_min
    0.026876 0.19164599           max_weighted
   -0.026116 -0.04421838          L_auc_261_dev_from_mean
    0.629144                      TOTAL


22: 937  label: -1 pred: 1.17657 bl: 0.4435 IMP error_pred: 0.844516 error_bl: 0.56147 improvement: -0.283045
    min: 0.22  max: 0.603 avg: 0.40916
explanation: 
    0.126784 0.38299999           models_range
    0.102966 1.9388088            models_std
    0.092813 0.97268939           chosen_conf_max
    0.078624 0.22                 min_model
    0.057953 0.22                 models_min
    0.050479 0.97268939           L_auc_261_conf
    0.041259 0.41487354           avg_weighted
    0.040739 0.45127326           L_auc_660_weighted
    0.035827 0.39151442           L_auc_712_weighted
    0.035766 0.40916032           model_avg
    1.176959                      TOTAL


23: 394  label: -1 pred: 0.888008 bl: 0.3604 IMP error_pred: 0.696866 error_bl: 0.424869 improvement: -0.271997
    min: 0.1745  max: 0.604 avg: 0.374815
explanation: 
    0.123750 1.8674077            models_std
    0.091016 0.42949998           models_range
    0.068675 0.1745               min_model
    0.049125 0.1745               models_min
    0.041450 0.29245341           avg_weighted
    0.040259 0.37282142           L_auc_660_weighted
    0.036591 0.27026856           L_auc_712_weighted
    0.028919 0.33244872           L_auc_261_weighted
    0.028573 0.37481451           model_avg
    0.027941 0.37282142           highest_chosen_weighted
    0.888401                      TOTAL


24: 9980  label: -1 pred: 1.01067 bl: 0.40125 IMP error_pred: 0.759542 error_bl: 0.49096 improvement: -0.268582
    min: 0.151  max: 0.559 avg: 0.398187
explanation: 
    0.154769 1.7963573            models_std
    0.123303 0.40800002           models_range
    0.052797 0.15099999           min_model
    0.041211 0.3617163            avg_weighted
    0.040303 0.39458916           L_auc_660_weighted
    0.036609 0.35065609           L_auc_712_weighted
    0.034607 0.15099999           models_min
    0.032738 0.39818722           model_avg
    0.029573 0.33692348           L_auc_261_weighted
    0.028193 0.39097577           L_auc_1141_weighted
    1.011065                      TOTAL


25: 9944  label: -1 pred: 1.41813 bl: 0.5067 IMP error_pred: 0.932704 error_bl: 0.666332 improvement: -0.266372
    min: 0.2275  max: 0.7015 avg: 0.496607
explanation: 
    0.176959 1.7527835            models_std
    0.089237 0.96212476           L_auc_660_conf
    0.076190 0.22750001           min_model
    0.056746 0.95047313           chosen_conf_avg
    0.056674 0.22750001           models_min
    0.047695 0.47399998           models_range
    0.047498 0.52102435           max_weighted
    0.045569 0.95580679           L_auc_836_conf
    0.044739 0.48175701           avg_weighted
    0.041016 0.49020261           L_auc_660_weighted
    1.418520                      TOTAL


26: 8249  label: -1 pred: 0.678506 bl: 0.29605 IMP error_pred: 0.592607 error_bl: 0.326637 improvement: -0.26597
    min: 0.16  max: 0.598 avg: 0.400214
explanation: 
    0.075092 0.43799999           models_range
    0.060265 0.16                 min_model
    0.051006 0.16                 models_min
    0.038137 0.19480498           avg_weighted
    0.036104 0.26671654           L_auc_660_weighted
    0.035151 2.1273422            models_std
    0.034587 0.17989749           L_auc_712_weighted
    0.033685 0.40021417           model_avg
   -0.028783 -0.044052236         L_auc_261_dev_from_mean
    0.027919 0.26671654           highest_chosen_weighted
    0.678899                      TOTAL


27: 5057  label: -1 pred: 0.953238 bl: 0.38385 IMP error_pred: 0.727601 error_bl: 0.462234 improvement: -0.265368
    min: 0.226  max: 0.586 avg: 0.442662
explanation: 
    0.118494 0.36000001           models_range
    0.096110 1.9519988            models_std
    0.078428 0.226                min_model
    0.059553 0.226                models_min
    0.042091 0.33641046           avg_weighted
    0.038954 0.44266161           model_avg
    0.038341 0.32591808           L_auc_660_weighted
    0.035762 0.31944048           L_auc_712_weighted
    0.030814 0.45050001           L_auc_261_output
    0.030717 0.42967305           L_auc_261_weighted
    0.953631                      TOTAL


28: 9470  label: -1 pred: 0.511661 bl: 0.2253 IMP error_pred: 0.497389 error_bl: 0.235034 improvement: -0.262354
    min: 0.0925  max: 0.42 avg: 0.254831
explanation: 
    0.178198 1.7624209            models_std
    0.110508 0.32749999           models_range
    0.041727 0.1147356            avg_weighted
    0.032497 -0.044728573         L_auc_334_dev_from_mean
    0.031711 0.11184132           L_auc_712_weighted
    0.029313 0.10280009           L_auc_660_weighted
    0.025525 0.14766923           max_weighted
    0.021828 -0.045579672         L_auc_1017_dev_from_mean
   -0.020727 0.092500001          min_model
    0.020332 0.14766923           L_auc_261_weighted
    0.512054                      TOTAL


29: 9850  label: -1 pred: 0.81983 bl: 0.3445 IMP error_pred: 0.663921 error_bl: 0.401567 improvement: -0.262354
    min: 0.173  max: 0.614 avg: 0.372158
explanation: 
    0.115365 1.9034799            models_std
    0.074371 0.44100004           models_range
    0.067653 0.17299999           min_model
    0.049590 0.17299999           models_min
    0.039423 0.26355585           avg_weighted
    0.037136 0.23551038           L_auc_712_weighted
    0.028328 0.37215814           model_avg
    0.028296 0.2251147            L_auc_660_weighted
    0.027833 0.32911116           L_auc_1141_weighted
    0.027770 0.32911116           highest_chosen_weighted
    0.820223                      TOTAL


30: 5219  label: -1 pred: 0.763676 bl: 0.32625 IMP error_pred: 0.634592 error_bl: 0.37264 improvement: -0.261953
    min: 0.146  max: 0.575 avg: 0.344283
explanation: 
    0.114736 1.87667              models_std
    0.088751 0.42899999           models_range
    0.053458 0.146                min_model
    0.040919 0.24174294           avg_weighted
    0.037123 0.21351013           L_auc_712_weighted
    0.036892 0.146                models_min
    0.028704 0.32939765           L_auc_261_weighted
    0.028147 0.17461517           L_auc_660_weighted
    0.027988 0.32939765           max_weighted
    0.027935 0.32939765           highest_chosen_weighted
    0.764069                      TOTAL


31: 3826  label: -1 pred: 0.725443 bl: 0.3187 IMP error_pred: 0.61812 error_bl: 0.362395 improvement: -0.255725
    min: 0.1305  max: 0.5235 avg: 0.317914
explanation: 
    0.117807 0.39300001           models_range
    0.094172 1.9598277            models_std
    0.039873 0.23934487           avg_weighted
    0.039701 0.30550089           L_auc_660_weighted
    0.037300 0.21831149           L_auc_712_weighted
    0.028353 0.30550089           highest_chosen_weighted
    0.027293 0.30550089           max_weighted
    0.026347 0.23573925           L_auc_261_weighted
    0.023214 0.21295555           L_auc_1141_weighted
    0.022567 0.361                L_auc_660_output
    0.725837                      TOTAL


32: 7486  label: -1 pred: 1.2944 bl: 0.4934 IMP error_pred: 0.897549 error_bl: 0.644536 improvement: -0.253013
    min: 0.2435  max: 0.721 avg: 0.518086
explanation: 
    0.152354 1.7991874            models_std
    0.097097 0.24349999           min_model
    0.072074 0.24349999           models_min
    0.062364 0.96517652           chosen_conf_max
    0.058235 0.94979668           chosen_conf_avg
    0.045199 0.94128692           L_auc_836_conf
    0.043775 0.47750002           models_range
    0.043068 0.46872431           avg_weighted
    0.041612 0.45749328           L_auc_660_weighted
    0.038109 0.4484638            L_auc_712_weighted
    1.294796                      TOTAL


33: 8053  label: -1 pred: 0.625512 bl: 0.28475 IMP error_pred: 0.563078 error_bl: 0.310767 improvement: -0.25231
    min: 0.0915  max: 0.4375 avg: 0.261441
explanation: 
    0.184895 1.6951414            models_std
    0.110365 0.34600002           models_range
    0.040137 0.19679049           avg_weighted
    0.037547 0.1971353            L_auc_712_weighted
    0.028539 0.25371337           highest_chosen_weighted
    0.027868 0.25371337           max_weighted
    0.027690 0.15158871           L_auc_660_weighted
    0.025438 0.23048048           L_auc_1141_weighted
   -0.023329 0.091499999          min_model
    0.020465 0.19821931           L_auc_334_weighted
    0.625905                      TOTAL


34: 2072  label: -1 pred: 0.781526 bl: 0.34015 IMP error_pred: 0.64544 error_bl: 0.395842 improvement: -0.249598
    min: 0.1465  max: 0.5965 avg: 0.311026
explanation: 
    0.096701 1.9847617            models_std
    0.060816 0.44999999           models_range
    0.052654 0.14650001           min_model
    0.040486 0.25928485           avg_weighted
    0.039408 0.14650001           models_min
    0.036563 0.26053512           L_auc_712_weighted
    0.032445 0.24813507           L_auc_660_weighted
    0.027797 0.33235908           highest_chosen_weighted
    0.026641 0.33235908           max_weighted
    0.025090 0.26118377           L_auc_1141_weighted
    0.781919                      TOTAL


35: 1005  label: -1 pred: 0.748273 bl: 0.32965 IMP error_pred: 0.625954 error_bl: 0.376657 improvement: -0.249297
    min: 0.1675  max: 0.619 avg: 0.404658
explanation: 
    0.063590 0.1675               min_model
    0.054547 0.4515               models_range
    0.048682 0.1675               models_min
    0.041258 0.4077653            L_auc_660_weighted
    0.038982 0.24585152           avg_weighted
    0.035718 0.20543152           L_auc_712_weighted
    0.034023 0.40465856           model_avg
    0.028869 0.39019164           L_auc_261_weighted
    0.028555 2.2215087            models_std
    0.028031 0.4235               L_auc_261_output
    0.748666                      TOTAL


36: 4582  label: -1 pred: 1.10224 bl: 0.44125 IMP error_pred: 0.807955 error_bl: 0.55906 improvement: -0.248895
    min: 0.165  max: 0.5965 avg: 0.38524
explanation: 
    0.195258 0.96720541           L_auc_660_conf
    0.087628 0.43149996           models_range
    0.062744 0.96720541           chosen_conf_max
    0.058781 0.16500001           min_model
    0.044755 0.16500001           models_min
    0.040499 0.47683227           L_auc_660_weighted
    0.039335 0.41238227           avg_weighted
    0.035599 0.40652961           L_auc_712_weighted
    0.031370 0.493                L_auc_660_output
    0.029624 0.38524023           model_avg
    1.102629                      TOTAL


37: 4181  label: -1 pred: 1.14707 bl: 0.45655 IMP error_pred: 0.828646 error_bl: 0.584673 improvement: -0.243973
    min: 0.234  max: 0.708 avg: 0.478446
explanation: 
    0.110443 1.920071             models_std
    0.099146 0.96213061           L_auc_660_conf
    0.080430 0.234                min_model
    0.058061 0.234                models_min
    0.045637 0.47400001           models_range
    0.040609 0.47817892           L_auc_660_weighted
    0.039929 0.42306405           avg_weighted
    0.038490 0.44397226           L_auc_712_weighted
    0.035343 0.47844616           model_avg
    0.033263 0.4406926            L_auc_261_weighted
    1.147467                      TOTAL


38: 6852  label: -1 pred: 0.505913 bl: 0.2396 IMP error_pred: 0.491965 error_bl: 0.248996 improvement: -0.242969
    min: 0.0925  max: 0.458 avg: 0.251744
explanation: 
    0.181561 1.5864353            models_std
    0.104526 0.3655               models_range
    0.040572 0.12004404           avg_weighted
    0.035044 0.14306247           L_auc_712_weighted
    0.029020 0.11005884           L_auc_660_weighted
    0.024593 0.15080023           max_weighted
   -0.022552 0.092500001          min_model
    0.020072 0.15080023           highest_chosen_weighted
    0.018337 0.092421494          L_auc_334_weighted
    0.015971 0.084204823          L_auc_261_weighted
    0.506306                      TOTAL


39: 9629  label: -1 pred: 0.762163 bl: 0.3377 IMP error_pred: 0.633789 error_bl: 0.392025 improvement: -0.241764
    min: 0.1385  max: 0.598 avg: 0.318521
explanation: 
    0.127193 1.8490843            models_std
    0.047290 0.45949998           models_range
    0.041551 0.13850001           min_model
    0.040859 0.3660703            L_auc_660_weighted
    0.039720 0.25103348           avg_weighted
    0.036867 0.23740813           L_auc_712_weighted
    0.027750 0.13850001           models_min
    0.027748 0.3660703            highest_chosen_weighted
    0.027357 0.3660703            max_weighted
    0.026373 0.31230956           L_auc_1141_weighted
    0.762556                      TOTAL


40: 6215  label: -1 pred: 1.00962 bl: 0.41705 IMP error_pred: 0.758939 error_bl: 0.51808 improvement: -0.24086
    min: 0.209  max: 0.647 avg: 0.416642
explanation: 
    0.151538 1.8280965            models_std
    0.080340 0.43800002           models_range
    0.078069 0.20900001           min_model
    0.061979 0.20900001           models_min
    0.041066 0.37370589           avg_weighted
    0.040524 0.38265979           L_auc_660_weighted
   -0.038685 0.00040751696        abs_diff_mean_10_all
    0.037087 0.35519129           L_auc_712_weighted
    0.036459 0.41664249           model_avg
    0.033163 0.47600001           L_auc_261_output
    1.010008                      TOTAL


41: 8899  label: -1 pred: 0.829587 bl: 0.36215 IMP error_pred: 0.668341 error_bl: 0.428385 improvement: -0.239956
    min: 0.203  max: 0.6355 avg: 0.376411
explanation: 
    0.101282 1.9423323            models_std
    0.082476 0.4325               models_range
    0.077354 0.20299999           min_model
    0.059534 0.20299999           models_min
    0.040926 0.29161415           avg_weighted
    0.036686 0.31340602           L_auc_712_weighted
    0.034031 0.26352695           L_auc_660_weighted
    0.028581 0.37641051           model_avg
    0.028043 0.31340602           highest_chosen_weighted
    0.027256 0.31340602           max_weighted
    0.829980                      TOTAL


42: 1108  label: -1 pred: 1.38302 bl: 0.52545 IMP error_pred: 0.924669 error_bl: 0.693652 improvement: -0.231017
    min: 0.3305  max: 0.738 avg: 0.514157
explanation: 
    0.157087 0.33050001           min_model
    0.122160 0.40749997           models_range
    0.109111 0.33050001           models_min
    0.093836 1.9701701            models_std
    0.062616 0.95166284           chosen_conf_avg
    0.046492 0.50002116           avg_weighted
    0.045053 0.94459802           L_auc_836_conf
    0.041928 0.50199908           L_auc_660_weighted
    0.038370 0.51055521           L_auc_836_weighted
    0.037537 0.52544999           avg_model_chosen
    1.383411                      TOTAL


43: 5848  label: -1 pred: 0.43527 bl: 0.2058 POSS error_pred: 0.444556 error_bl: 0.21374 improvement: -0.230816
    min: -0.1335  max: 0.43 avg: 0.17515
explanation: 
    0.256710 0.074102089          L_auc_261_dev_from_mean
    0.088538 1.9682324            models_std
   -0.049353 -0.13349999          min_model
   -0.036778 -0.13349999          models_min
   -0.032371 0.05375579           L_auc_712_weighted
    0.031828 0.10851107           L_auc_660_weighted
    0.030749 0.26375622           L_auc_261_weighted
    0.030527 0.088109225          avg_weighted
    0.029951 0.26375622           highest_chosen_weighted
    0.028845 0.26375622           max_weighted
    0.435663                      TOTAL


44: 3689  label: -1 pred: 1.15169 bl: 0.46705 IMP error_pred: 0.830856 error_bl: 0.601145 improvement: -0.229711
    min: 0.159  max: 0.65 avg: 0.414536
explanation: 
    0.069760 0.96940047           chosen_conf_max
    0.059459 0.94248027           chosen_conf_avg
    0.057422 0.15899999           min_model
    0.046910 0.15899999           models_min
    0.044738 0.94073689           L_auc_836_conf
    0.041137 0.96706903           L_auc_261_conf
    0.040439 0.40512455           L_auc_660_weighted
    0.039482 0.44103962           avg_weighted
    0.038671 0.045851666          L_auc_261_dev_from_mean
    0.038324 0.491                models_range
    1.152081                      TOTAL


45: 9332  label: -1 pred: 1.02175 bl: 0.4295 IMP error_pred: 0.763761 error_bl: 0.537967 improvement: -0.225794
    min: 0.25  max: 0.624 avg: 0.429949
explanation: 
    0.148307 1.8154128            models_std
    0.115881 0.37400001           models_range
    0.095701 0.25                 min_model
    0.078825 0.25                 models_min
    0.054863 0.95064354           L_auc_836_conf
    0.041704 0.39123741           avg_weighted
    0.039713 0.42994916           model_avg
    0.039636 0.35182089           L_auc_660_weighted
   -0.036597 0.0004491508         abs_diff_mean_10_all
   -0.036265 -0.057259243         L_auc_261_dev_from_mean
    1.022144                      TOTAL


46: 3770  label: -1 pred: 0.928912 bl: 0.4011 IMP error_pred: 0.716754 error_bl: 0.49096 improvement: -0.225794
    min: 0.1465  max: 0.6365 avg: 0.404633
explanation: 
    0.186631 1.6871482            models_std
    0.052362 0.14650001           min_model
    0.041106 0.3500028            avg_weighted
    0.038519 0.49000001           models_range
    0.038312 0.30271208           L_auc_660_weighted
    0.037069 0.36654782           L_auc_712_weighted
    0.035914 0.14650001           models_min
    0.033433 0.40463337           model_avg
    0.029631 0.36998153           L_auc_261_weighted
    0.028168 0.36271703           L_auc_1141_weighted
    0.929305                      TOTAL


47: 6722  label: -1 pred: 1.24882 bl: 0.49955 IMP error_pred: 0.878666 error_bl: 0.654279 improvement: -0.224387
    min: 0.3125  max: 0.823 avg: 0.589882
explanation: 
    0.147725 0.3125               min_model
    0.111778 0.3125               models_min
    0.101943 0.53985989           max_weighted
    0.059822 0.94313401           chosen_conf_avg
    0.057890 0.53985989           L_auc_261_weighted
    0.046284 0.94456029           L_auc_836_conf
    0.043381 0.4701857            avg_weighted
    0.041497 0.48439288           L_auc_660_weighted
   -0.040175 0.49700001           L_auc_1017_diff_from_int
    0.039977 0.62150002           L_auc_261_output
    1.249214                      TOTAL


48: 919  label: -1 pred: 1.54056 bl: 0.5502 IMP error_pred: 0.9546 error_bl: 0.730715 improvement: -0.223885
    min: 0.3865  max: 0.77 avg: 0.570266
explanation: 
    0.160541 0.3865               min_model
    0.126703 0.38349998           models_range
    0.113535 0.3865               models_min
    0.108213 0.55275702           max_weighted
    0.065913 0.51558167           avg_weighted
    0.053236 0.55275702           L_auc_261_weighted
    0.049035 0.93807209           chosen_conf_avg
    0.045543 0.5251224            L_auc_660_weighted
    0.041642 0.62199998           L_auc_261_output
    0.039303 0.49834746           L_auc_712_weighted
    1.540956                      TOTAL


49: 7963  label: 1 pred: -0.00344733 bl: 0.5436 POSS error_pred: 0.262445 error_bl: 0.0392274 improvement: -0.223218
    min: -0.482  max: 0.8 avg: 0.50331
explanation: 
   -0.085626 -0.48199999          min_model
   -0.075595 0.069784909          L_auc_836_dev_from_mean
   -0.064507 -0.48199999          models_min
   -0.051585 0.07442537           L_auc_1141_dev_from_mean
    0.050368 0.25401634           models_range_dev_low
   -0.049675 1.2820001            models_range
    0.040936 0.33648613           avg_weighted
    0.039340 0.40309328           L_auc_660_weighted
    0.037421 0.57999998           L_auc_261_output
   -0.036498 3.8789227            models_std
   -0.003054                      TOTAL


best entries: 
0: 5799  label: -1 pred: 0.300914 bl: 0.75565 POSS error_pred: 0.345922 error_bl: 0.937123 improvement: 0.591201
1: 657  label: -1 pred: -0.00737225 bl: 0.5105 POSS error_pred: 0.203495 error_bl: 0.671254 improvement: 0.467758
2: 3402  label: -1 pred: 0.254272 bl: 0.553 IMP error_pred: 0.314986 error_bl: 0.733528 improvement: 0.418542
3: 273  label: -1 pred: 0.220975 bl: 0.53485 POSS error_pred: 0.295098 error_bl: 0.70671 improvement: 0.411611
4: 751  label: -1 pred: 0.642987 bl: 0.86975 IMP error_pred: 0.570108 error_bl: 0.980313 improvement: 0.410205
5: 4577  label: -1 pred: 0.581044 bl: 0.78085 IMP error_pred: 0.538771 error_bl: 0.948775 improvement: 0.410004
6: 3188  label: -1 pred: 0.572766 bl: 0.7601 IMP error_pred: 0.532543 error_bl: 0.939534 improvement: 0.406991
7: 581  label: -1 pred: 0.454992 bl: 0.65035 POSS error_pred: 0.45681 error_bl: 0.853556 improvement: 0.396746
8: 2234  label: -1 pred: 0.366071 bl: 0.5954 IMP error_pred: 0.396947 error_bl: 0.786862 improvement: 0.389916
9: 5582  label: -1 pred: 0.566365 bl: 0.73155 POSS error_pred: 0.528927 error_bl: 0.917738 improvement: 0.388811
10: 3107  label: -1 pred: 0.253544 bl: 0.52815 POSS error_pred: 0.314986 error_bl: 0.697971 improvement: 0.382985
11: 2666  label: -1 pred: 0.291033 bl: 0.5393 POSS error_pred: 0.339293 error_bl: 0.715548 improvement: 0.376256
12: 222  label: -1 pred: 0.613461 bl: 0.7473 POSS error_pred: 0.556047 error_bl: 0.931298 improvement: 0.375251
13: 7534  label: -1 pred: 0.352458 bl: 0.5705 POSS error_pred: 0.385496 error_bl: 0.756227 improvement: 0.370731
14: 2277  label: -1 pred: 0.287877 bl: 0.53195 IMP error_pred: 0.337284 error_bl: 0.703295 improvement: 0.36601
15: 1690  label: -1 pred: 0.233648 bl: 0.5058 POSS error_pred: 0.30233 error_bl: 0.664926 improvement: 0.362595
16: 6838  label: -1 pred: 0.184868 bl: 0.48985 POSS error_pred: 0.276014 error_bl: 0.63861 improvement: 0.362595
17: 5380  label: -1 pred: 0.601248 bl: 0.71665 POSS error_pred: 0.548614 error_bl: 0.907995 improvement: 0.359381
18: 2104  label: -1 pred: 0.449746 bl: 0.61455 POSS error_pred: 0.454399 error_bl: 0.81358 improvement: 0.35918
19: 9754  label: -1 pred: 0.00473559 bl: 0.44215 POSS error_pred: 0.206509 error_bl: 0.560064 improvement: 0.353556
20: 5148  label: -1 pred: 0.556703 bl: 0.675 POSS error_pred: 0.524307 error_bl: 0.87495 improvement: 0.350643
21: 958  label: -1 pred: 0.506957 bl: 0.63815 POSS error_pred: 0.492366 error_bl: 0.842507 improvement: 0.350141
22: 5947  label: -1 pred: 0.574123 bl: 0.68365 IMP error_pred: 0.533548 error_bl: 0.881679 improvement: 0.348132
23: 4845  label: -1 pred: 0.333398 bl: 0.54305 POSS error_pred: 0.371635 error_bl: 0.719767 improvement: 0.348132
24: 7709  label: -1 pred: 0.65494 bl: 0.73985 IMP error_pred: 0.578546 error_bl: 0.924468 improvement: 0.345922
25: 2813  label: -1 pred: 0.608277 bl: 0.7013 IMP error_pred: 0.551828 error_bl: 0.897549 improvement: 0.345721
26: 6478  label: -1 pred: 0.594296 bl: 0.6926 POSS error_pred: 0.544797 error_bl: 0.889916 improvement: 0.345119
27: 9694  label: -1 pred: 0.612679 bl: 0.70485 POSS error_pred: 0.555243 error_bl: 0.899759 improvement: 0.344516
28: 686  label: -1 pred: 0.276185 bl: 0.5108 POSS error_pred: 0.328043 error_bl: 0.671454 improvement: 0.343411
29: 2070  label: -1 pred: 0.383749 bl: 0.56225 IMP error_pred: 0.409602 error_bl: 0.746786 improvement: 0.337184
30: 4453  label: -1 pred: 0.714349 bl: 0.7789 IMP error_pred: 0.611491 error_bl: 0.948172 improvement: 0.336681
31: 50  label: -1 pred: 0.731129 bl: 0.7945 IMP error_pred: 0.62053 error_bl: 0.955806 improvement: 0.335275
32: 363  label: -1 pred: 0.18357 bl: 0.47065 POSS error_pred: 0.275211 error_bl: 0.607372 improvement: 0.332161
33: 8881  label: -1 pred: 0.42697 bl: 0.5809 POSS error_pred: 0.439132 error_bl: 0.767979 improvement: 0.328847
34: 6785  label: -1 pred: 0.364519 bl: 0.5458 POSS error_pred: 0.396344 error_bl: 0.725191 improvement: 0.328847
35: 8842  label: -1 pred: 0.57467 bl: 0.65865 POSS error_pred: 0.533548 error_bl: 0.861892 improvement: 0.328345
36: 9903  label: -1 pred: 0.244329 bl: 0.48835 POSS error_pred: 0.308558 error_bl: 0.635898 improvement: 0.32734
37: 9284  label: -1 pred: 0.646625 bl: 0.70495 IMP error_pred: 0.573323 error_bl: 0.89996 improvement: 0.326637
38: 7193  label: -1 pred: 0.261754 bl: 0.49475 POSS error_pred: 0.320008 error_bl: 0.646043 improvement: 0.326035
39: 7884  label: -1 pred: 0.293331 bl: 0.5059 POSS error_pred: 0.340297 error_bl: 0.665127 improvement: 0.324829
40: 9923  label: -1 pred: 0.390411 bl: 0.5574 POSS error_pred: 0.414825 error_bl: 0.739353 improvement: 0.324528
41: 5765  label: -1 pred: 0.406129 bl: 0.5648 POSS error_pred: 0.425271 error_bl: 0.749096 improvement: 0.323825
42: 7206  label: -1 pred: 0.387541 bl: 0.55555 POSS error_pred: 0.413017 error_bl: 0.736641 improvement: 0.323624
43: 7025  label: -1 pred: 0.319989 bl: 0.5203 IMP error_pred: 0.362194 error_bl: 0.68411 improvement: 0.321916
44: 1333  label: -1 pred: 0.200938 bl: 0.4703 POSS error_pred: 0.285858 error_bl: 0.60687 improvement: 0.321012
45: 6098  label: -1 pred: 0.294681 bl: 0.5023 POSS error_pred: 0.341704 error_bl: 0.658598 improvement: 0.316894
46: 1318  label: -1 pred: 0.286946 bl: 0.499 POSS error_pred: 0.33628 error_bl: 0.652873 improvement: 0.316593
47: 6174  label: -1 pred: 0.294327 bl: 0.501 POSS error_pred: 0.341302 error_bl: 0.656187 improvement: 0.314885
48: 1824  label: -1 pred: 0.263789 bl: 0.48815 IMP error_pred: 0.32041 error_bl: 0.635094 improvement: 0.314685
49: 6541  label: -1 pred: 0.58429 bl: 0.65155 POSS error_pred: 0.540177 error_bl: 0.85456 improvement: 0.314383

total is 0
score for UNKNOWN: 1.0000 baseline: 1.0000 diff: 0.0000
total is 3347
score for AUTO: 0.0000 baseline: 0.0000 diff: 0.0000
total is 5942
score for POSS: 0.2322 baseline: 0.2389 diff: -0.0067
total is 711
score for IMP: 1.0000 baseline: 1.0000 diff: 0.0000
writing 50000 official test outputs

0%   10   20   30   40   50   60   70   80   90   100%
|----|----|----|----|----|----|----|----|----|----|
***************************************************
scores: [ 0.152819 ]
0.1528 +/-    nan
463.77user 1.16system 1:31.76elapsed 506%CPU (0avgtext+0avgdata 0maxresident)k
0inputs+1096outputs (0major+338427minor)pagefaults 0swaps
