loading data...model 5: before 0.443316/0 after 0.452206/0 test: before 0.439293/0.448321 after 0/0
model 121: before 0.443774/0 after 0.452247/0 test: before 0.439376/0.448454 after 0/0
model 172: before 0.442348/0 after 0.45181/0 test: before 0.439798/0.448741 after 0/0
model 17: before 0.442915/0 after 0.451761/0 test: before 0.439111/0.448284 after 0/0
model 84: before 0.442246/0 after 0.451536/0 test: before 0.439319/0.448315 after 0/0
model 196: before 0.443545/0 after 0.452192/0 test: before 0.438868/0.447702 after 0/0
model 36: before 0.441997/0 after 0.451277/0 test: before 0.439619/0.448443 after 0/0
model 180: before 0.44338/0 after 0.452091/0 test: before 0.438867/0.448123 after 0/0
model 211: before 0.443748/0 after 0.452046/0 test: before 0.438896/0.447497 after 0/0
model 213: before 0.442994/0 after 0.451831/0 test: before 0.439493/0.448318 after 0/0
generating blend data
bag 0 of 10
bag 2 of 10
bag 1 of 10
bag 3 of 10
bag 4 of 10
bag 5 of 10
bag 7 of 10
bag 6 of 10

Learned GLZ function: 
feature                                     label0   
bias                                         0.000000
min_model                                    0.000000
max_model                                    0.000000
avg_model_chosen                             0.000000
min_weighted                                 0.284958
max_weighted                                 0.330292
avg_weighted                                 0.000000
weighted_avg                                -0.333695
M_rmse_6_output                              0.162812
M_rmse_6_conf                                0.000000
M_rmse_6_weighted                           -0.722845
M_rmse_6_dev_from_mean                       0.190310
M_rmse_6_diff_from_int                      -0.068497
M_rmse_18_output                             0.260817
M_rmse_18_conf                              -0.081212
M_rmse_18_weighted                          -0.226508
M_rmse_18_dev_from_mean                     -0.588780
M_rmse_18_diff_from_int                      0.848415
M_rmse_37_output                            -0.108220
M_rmse_37_conf                               0.068079
M_rmse_37_weighted                          -0.119592
M_rmse_37_dev_from_mean                      0.281677
M_rmse_37_diff_from_int                     -0.129484
M_rmse_85_output                            -0.342180
M_rmse_85_conf                              -0.074596
M_rmse_85_weighted                           0.070085
M_rmse_85_dev_from_mean                      0.680827
M_rmse_85_diff_from_int                     -0.042172
M_rmse_122_output                           -0.392155
M_rmse_122_conf                             -0.042110
M_rmse_122_weighted                         -0.905019
M_rmse_122_dev_from_mean                    -0.312208
M_rmse_122_diff_from_int                    -0.020247
M_rmse_173_output                            0.405269
M_rmse_173_conf                             -0.027296
M_rmse_173_weighted                          0.588487
M_rmse_173_dev_from_mean                    -0.117231
M_rmse_173_diff_from_int                     0.078773
M_rmse_181_output                            0.650162
M_rmse_181_conf                             -0.400578
M_rmse_181_weighted                         -0.784502
M_rmse_181_dev_from_mean                     0.272560
M_rmse_181_diff_from_int                     0.591584
M_rmse_197_output                            0.047475
M_rmse_197_conf                              0.031585
M_rmse_197_weighted                          0.448556
M_rmse_197_dev_from_mean                    -0.583417
M_rmse_197_diff_from_int                     0.135217
M_rmse_212_output                            0.715601
M_rmse_212_conf                              0.078579
M_rmse_212_weighted                          0.735661
M_rmse_212_dev_from_mean                    -0.557597
M_rmse_212_diff_from_int                    -0.198870
M_rmse_214_output                            0.096942
M_rmse_214_conf                              0.046998
M_rmse_214_weighted                         -0.253023
M_rmse_214_dev_from_mean                    -0.747774
M_rmse_214_diff_from_int                    -1.235542
chosen_conf_min                             -0.546356
chosen_conf_max                             -0.033059
chosen_conf_avg                             -0.065923
highest_chosen_output                       -0.515538
highest_chosen_weighted                      0.451652
model_avg                                    0.000000
chosen_model_avg                             0.000000
models_mean                                 -0.673268
models_std                                  -0.304390
models_min                                   0.000000
models_max                                   1.142576
models_range                                 0.174288
models_range_dev_high                       -1.307283
models_range_dev_low                        -0.311215
diff_mean_10_all                            -0.822921
abs_diff_mean_10_all                        -0.135120
BIAS                                         0.387467

bag 8 of 10

Learned GLZ function: 
feature                                     label0   
bias                                         0.000000
min_model                                    0.000000
max_model                                    0.000000
avg_model_chosen                             0.000000
min_weighted                                 0.045267
max_weighted                                 0.041234
avg_weighted                                 0.000000
weighted_avg                                -0.063043
M_rmse_6_output                              0.321425
M_rmse_6_conf                                0.000000
M_rmse_6_weighted                           -0.326624
M_rmse_6_dev_from_mean                       0.190478
M_rmse_6_diff_from_int                      -0.157840
M_rmse_18_output                             0.546238
M_rmse_18_conf                              -0.175591
M_rmse_18_weighted                          -0.221747
M_rmse_18_dev_from_mean                     -0.028633
M_rmse_18_diff_from_int                     -0.195951
M_rmse_37_output                            -0.202086
M_rmse_37_conf                              -0.111990
M_rmse_37_weighted                          -0.164283
M_rmse_37_dev_from_mean                      0.338444
M_rmse_37_diff_from_int                      0.017709
M_rmse_85_output                             0.578404
M_rmse_85_conf                              -0.017809
M_rmse_85_weighted                           0.278748
M_rmse_85_dev_from_mean                     -0.070103
M_rmse_85_diff_from_int                      0.084280
M_rmse_122_output                           -0.800322
M_rmse_122_conf                              0.286570
M_rmse_122_weighted                         -0.266177
M_rmse_122_dev_from_mean                    -0.759140
M_rmse_122_diff_from_int                    -0.265851
M_rmse_173_output                            0.235700
M_rmse_173_conf                             -0.031700
M_rmse_173_weighted                         -0.007307
M_rmse_173_dev_from_mean                     0.094576
M_rmse_173_diff_from_int                    -0.116561
M_rmse_181_output                            0.431061
M_rmse_181_conf                             -0.273075
M_rmse_181_weighted                         -0.230607
M_rmse_181_dev_from_mean                     0.016883
M_rmse_181_diff_from_int                     0.587902
M_rmse_197_output                            0.519065
M_rmse_197_conf                              0.118664
M_rmse_197_weighted                          0.310055
M_rmse_197_dev_from_mean                    -0.685263
M_rmse_197_diff_from_int                     0.364304
M_rmse_212_output                            0.010138
M_rmse_212_conf                              0.155211
M_rmse_212_weighted                          0.303939
M_rmse_212_dev_from_mean                    -0.721269
M_rmse_212_diff_from_int                    -0.442613
M_rmse_214_output                            0.193409
M_rmse_214_conf                             -0.137007
M_rmse_214_weighted                         -0.240161
M_rmse_214_dev_from_mean                    -0.115608
M_rmse_214_diff_from_int                     0.072209
chosen_conf_min                             -0.249676
chosen_conf_max                              0.005959
chosen_conf_avg                             -0.040294
highest_chosen_output                       -0.282917
highest_chosen_weighted                      0.091305
model_avg                                    0.000000
chosen_model_avg                             0.000000
models_mean                                 -0.683675
models_std                                  -0.126695
models_min                                   0.000000
models_max                                   0.316599
models_range                                 0.235576
models_range_dev_high                        0.052773
models_range_dev_low                        -0.162105
diff_mean_10_all                            -0.866978
abs_diff_mean_10_all                        -0.064397
BIAS                                         0.002556

bag 9 of 10

Learned GLZ function: 
feature                                     label0   
bias                                         0.000000
min_model                                    0.000000
max_model                                    0.000000
avg_model_chosen                             0.000000
min_weighted                                -0.750828
max_weighted                                 0.465378
avg_weighted                                 0.000000
weighted_avg                                -0.547377
M_rmse_6_output                             -0.487100
M_rmse_6_conf                                0.000000
M_rmse_6_weighted                           -0.772498
M_rmse_6_dev_from_mean                       0.507674
M_rmse_6_diff_from_int                       0.750568
M_rmse_18_output                             0.578180
M_rmse_18_conf                               0.387243
M_rmse_18_weighted                           0.315172
M_rmse_18_dev_from_mean                     -0.410861
M_rmse_18_diff_from_int                      0.000614
M_rmse_37_output                            -0.858983
M_rmse_37_conf                              -0.167393
M_rmse_37_weighted                          -0.964966
M_rmse_37_dev_from_mean                      1.490242
M_rmse_37_diff_from_int                     -0.007027
M_rmse_85_output                             0.098310
M_rmse_85_conf                               0.360762
M_rmse_85_weighted                          -0.007090
M_rmse_85_dev_from_mean                      0.132345
M_rmse_85_diff_from_int                      0.190582
M_rmse_122_output                           -0.279039
M_rmse_122_conf                              0.393902
M_rmse_122_weighted                         -0.500529
M_rmse_122_dev_from_mean                     0.068576
M_rmse_122_diff_from_int                     0.548240
M_rmse_173_output                           -0.050999
M_rmse_173_conf                             -0.077240
M_rmse_173_weighted                         -0.006784
M_rmse_173_dev_from_mean                     0.273746
M_rmse_173_diff_from_int                     0.002585
M_rmse_181_output                            0.942058
M_rmse_181_conf                              0.121316
M_rmse_181_weighted                         -0.197436
M_rmse_181_dev_from_mean                     0.394224
M_rmse_181_diff_from_int                    -0.637369
M_rmse_197_output                            0.544620
M_rmse_197_conf                              0.784278
M_rmse_197_weighted                          0.346885
M_rmse_197_dev_from_mean                    -0.750547
M_rmse_197_diff_from_int                    -0.154786
M_rmse_212_output                            0.799889
M_rmse_212_conf                              0.559848
M_rmse_212_weighted                          0.724753
M_rmse_212_dev_from_mean                    -0.864840
M_rmse_212_diff_from_int                     0.030847
M_rmse_214_output                           -0.015556
M_rmse_214_conf                              0.494167
M_rmse_214_weighted                          0.048057
M_rmse_214_dev_from_mean                    -0.587116
M_rmse_214_diff_from_int                    -0.503387
chosen_conf_min                             -0.690116
chosen_conf_max                             -0.438796
chosen_conf_avg                              0.270483
highest_chosen_output                        0.392321
highest_chosen_weighted                     -0.323291
model_avg                                    0.000000
chosen_model_avg                             0.000000
models_mean                                 -0.545784
models_std                                  -0.257783
models_min                                   0.000000
models_max                                   0.458140
models_range                                 0.597493
models_range_dev_high                       -1.375842
models_range_dev_low                        -0.640238
diff_mean_10_all                            -0.672923
abs_diff_mean_10_all                        -0.040463
BIAS                                         0.099508


Learned GLZ function: 
feature                                     label0   
bias                                         0.000000
min_model                                    0.000000
max_model                                    0.000000
avg_model_chosen                             0.000000
min_weighted                                 0.061097
max_weighted                                 0.067562
avg_weighted                                 0.000000
weighted_avg                                 0.082807
M_rmse_6_output                             -0.039611
M_rmse_6_conf                                0.000000
M_rmse_6_weighted                            0.024927
M_rmse_6_dev_from_mean                      -0.036155
M_rmse_6_diff_from_int                      -0.028103
M_rmse_18_output                             0.154363
M_rmse_18_conf                              -0.019320
M_rmse_18_weighted                           0.042690
M_rmse_18_dev_from_mean                      0.027300
M_rmse_18_diff_from_int                     -0.018152
M_rmse_37_output                             0.234755
M_rmse_37_conf                              -0.047826
M_rmse_37_weighted                           0.045019
M_rmse_37_dev_from_mean                      0.056754
M_rmse_37_diff_from_int                      0.009355
M_rmse_85_output                             0.321053
M_rmse_85_conf                              -0.048873
M_rmse_85_weighted                           0.075515
M_rmse_85_dev_from_mean                      0.063428
M_rmse_85_diff_from_int                      0.063745
M_rmse_122_output                           -0.181594
M_rmse_122_conf                              0.117421
M_rmse_122_weighted                          0.026529
M_rmse_122_dev_from_mean                    -0.152492
M_rmse_122_diff_from_int                    -0.144888
M_rmse_173_output                           -0.019521
M_rmse_173_conf                             -0.028139
M_rmse_173_weighted                          0.006017
M_rmse_173_dev_from_mean                     0.047645
M_rmse_173_diff_from_int                     0.049419
M_rmse_181_output                            0.058769
M_rmse_181_conf                              0.005183
M_rmse_181_weighted                          0.026418
M_rmse_181_dev_from_mean                     0.002403
M_rmse_181_diff_from_int                     0.058798
M_rmse_197_output                           -0.002353
M_rmse_197_conf                              0.056675
M_rmse_197_weighted                          0.072651
M_rmse_197_dev_from_mean                    -0.171262
M_rmse_197_diff_from_int                     0.059397
M_rmse_212_output                            0.269144
M_rmse_212_conf                             -0.065014
M_rmse_212_weighted                          0.113791
M_rmse_212_dev_from_mean                    -0.008599
M_rmse_212_diff_from_int                     0.277795
M_rmse_214_output                            0.061828
M_rmse_214_conf                             -0.013808
M_rmse_214_weighted                          0.045576
M_rmse_214_dev_from_mean                    -0.013666
M_rmse_214_diff_from_int                    -0.017377
chosen_conf_min                             -0.044408
chosen_conf_max                             -0.039676
chosen_conf_avg                             -0.002140
highest_chosen_output                        0.154860
highest_chosen_weighted                      0.129500
model_avg                                    0.000000
chosen_model_avg                             0.000000
models_mean                                 -0.100188
models_std                                  -0.085386
models_min                                   0.000000
models_max                                  -0.033720
models_range                                 0.247707
models_range_dev_high                       -0.031644
models_range_dev_low                         0.076175
diff_mean_10_all                            -0.185871
abs_diff_mean_10_all                         0.130786
BIAS                                        -0.074830


Learned GLZ function: 
feature                                     label0   
bias                                         0.000000
min_model                                    0.000000
max_model                                    0.000000
avg_model_chosen                             0.000000
min_weighted                                -0.009795
max_weighted                                -0.017210
avg_weighted                                 0.000000
weighted_avg                                 0.044425
M_rmse_6_output                             -0.208772
M_rmse_6_conf                                0.000000
M_rmse_6_weighted                           -0.287984
M_rmse_6_dev_from_mean                       0.093992
M_rmse_6_diff_from_int                      -0.395659
M_rmse_18_output                            -0.029526
M_rmse_18_conf                              -0.217020
M_rmse_18_weighted                          -0.194833
M_rmse_18_dev_from_mean                     -0.072319
M_rmse_18_diff_from_int                     -0.145880
M_rmse_37_output                             0.224317
M_rmse_37_conf                              -0.050210
M_rmse_37_weighted                          -0.126806
M_rmse_37_dev_from_mean                      0.142614
M_rmse_37_diff_from_int                     -0.298468
M_rmse_85_output                             0.161026
M_rmse_85_conf                              -0.042979
M_rmse_85_weighted                           0.060590
M_rmse_85_dev_from_mean                     -0.180620
M_rmse_85_diff_from_int                      0.015305
M_rmse_122_output                            0.118850
M_rmse_122_conf                             -0.421962
M_rmse_122_weighted                         -0.243481
M_rmse_122_dev_from_mean                     0.178002
M_rmse_122_diff_from_int                     0.307668
M_rmse_173_output                           -0.003909
M_rmse_173_conf                             -0.076889
M_rmse_173_weighted                         -0.045412
M_rmse_173_dev_from_mean                     0.153469
M_rmse_173_diff_from_int                     0.212264
M_rmse_181_output                           -0.078454
M_rmse_181_conf                             -0.258734
M_rmse_181_weighted                         -0.194417
M_rmse_181_dev_from_mean                    -0.050321
M_rmse_181_diff_from_int                     0.317400
M_rmse_197_output                            0.363513
M_rmse_197_conf                              0.033060
M_rmse_197_weighted                          0.176432
M_rmse_197_dev_from_mean                    -0.452948
M_rmse_197_diff_from_int                     0.016447
M_rmse_212_output                            0.398227
M_rmse_212_conf                              0.009156
M_rmse_212_weighted                          0.179212
M_rmse_212_dev_from_mean                    -0.515590
M_rmse_212_diff_from_int                    -0.075166
M_rmse_214_output                           -0.177359
M_rmse_214_conf                             -0.143019
M_rmse_214_weighted                         -0.186012
M_rmse_214_dev_from_mean                    -0.154574
M_rmse_214_diff_from_int                    -0.035977
chosen_conf_min                             -0.118020
chosen_conf_max                             -0.232727
chosen_conf_avg                             -0.132918
highest_chosen_output                        0.073494
highest_chosen_weighted                     -0.031733
model_avg                                    0.000000
chosen_model_avg                             0.000000
models_mean                                 -0.194354
models_std                                  -0.028106
models_min                                   0.000000
models_max                                   0.565239
models_range                                 0.077438
models_range_dev_high                        0.095983
models_range_dev_low                         0.081206
diff_mean_10_all                            -0.271145
abs_diff_mean_10_all                        -0.532732
BIAS                                         0.010101


Learned GLZ function: 
feature                                     label0   
bias                                         0.000000
min_model                                    0.000000
max_model                                    0.000000
avg_model_chosen                             0.000000
min_weighted                                 0.644253
max_weighted                                 0.854350
avg_weighted                                 0.000000
weighted_avg                                -1.361506
M_rmse_6_output                              0.328620
M_rmse_6_conf                                0.000000
M_rmse_6_weighted                           -0.972498
M_rmse_6_dev_from_mean                       0.253259
M_rmse_6_diff_from_int                       0.419768
M_rmse_18_output                             1.551890
M_rmse_18_conf                               0.643631
M_rmse_18_weighted                           0.641007
M_rmse_18_dev_from_mean                     -0.479530
M_rmse_18_diff_from_int                     -1.437163
M_rmse_37_output                            -0.636967
M_rmse_37_conf                              -0.566523
M_rmse_37_weighted                          -0.692142
M_rmse_37_dev_from_mean                      0.770372
M_rmse_37_diff_from_int                     -0.144126
M_rmse_85_output                             1.188733
M_rmse_85_conf                               1.262308
M_rmse_85_weighted                          -0.898535
M_rmse_85_dev_from_mean                     -0.379846
M_rmse_85_diff_from_int                     -0.021102
M_rmse_122_output                           -0.983052
M_rmse_122_conf                              0.359041
M_rmse_122_weighted                         -1.702883
M_rmse_122_dev_from_mean                     0.056427
M_rmse_122_diff_from_int                     1.011025
M_rmse_173_output                            0.871807
M_rmse_173_conf                              1.051382
M_rmse_173_weighted                          1.694558
M_rmse_173_dev_from_mean                    -0.512511
M_rmse_173_diff_from_int                     0.065337
M_rmse_181_output                            0.609367
M_rmse_181_conf                              0.145957
M_rmse_181_weighted                          0.152646
M_rmse_181_dev_from_mean                     0.205245
M_rmse_181_diff_from_int                     0.484684
M_rmse_197_output                           -0.321010
M_rmse_197_conf                              0.324189
M_rmse_197_weighted                          0.858604
M_rmse_197_dev_from_mean                     0.401650
M_rmse_197_diff_from_int                     0.490066
M_rmse_212_output                           -0.257797
M_rmse_212_conf                             -0.436305
M_rmse_212_weighted                         -1.412196
M_rmse_212_dev_from_mean                     0.374163
M_rmse_212_diff_from_int                    -0.315594
M_rmse_214_output                            0.755281
M_rmse_214_conf                              0.553710
M_rmse_214_weighted                          0.093851
M_rmse_214_dev_from_mean                    -1.077060
M_rmse_214_diff_from_int                    -0.414256
chosen_conf_min                             -1.109159
chosen_conf_max                             -1.502210
chosen_conf_avg                              0.306745
highest_chosen_output                       -0.811493
highest_chosen_weighted                      0.981528
model_avg                                    0.000000
chosen_model_avg                             0.000000
models_mean                                 -0.217181
models_std                                  -0.264706
models_min                                   0.000000
models_max                                   0.270748
models_range                                 0.452138
models_range_dev_high                       -0.788466
models_range_dev_low                        -0.638042
diff_mean_10_all                            -0.527868
abs_diff_mean_10_all                        -0.073729
BIAS                                         0.144523


Learned GLZ function: 
feature                                     label0   
bias                                         0.000000
min_model                                    0.000000
max_model                                    0.000000
avg_model_chosen                             0.000000
min_weighted                                 0.161405
max_weighted                                -0.068543
avg_weighted                                 0.000000
weighted_avg                                -0.019887
M_rmse_6_output                             -0.381746
M_rmse_6_conf                                0.000000
M_rmse_6_weighted                           -0.302584
M_rmse_6_dev_from_mean                       0.083734
M_rmse_6_diff_from_int                      -0.028306
M_rmse_18_output                            -0.271261
M_rmse_18_conf                               0.254619
M_rmse_18_weighted                          -0.173229
M_rmse_18_dev_from_mean                     -0.132091
M_rmse_18_diff_from_int                     -0.693798
M_rmse_37_output                            -0.032883
M_rmse_37_conf                               0.004351
M_rmse_37_weighted                          -0.023063
M_rmse_37_dev_from_mean                      0.269447
M_rmse_37_diff_from_int                     -0.215511
M_rmse_85_output                             0.571795
M_rmse_85_conf                               0.121287
M_rmse_85_weighted                           0.256288
M_rmse_85_dev_from_mean                     -0.018531
M_rmse_85_diff_from_int                     -0.099402
M_rmse_122_output                           -0.631529
M_rmse_122_conf                              0.300710
M_rmse_122_weighted                         -0.201599
M_rmse_122_dev_from_mean                    -0.262811
M_rmse_122_diff_from_int                     0.569689
M_rmse_173_output                            0.441885
M_rmse_173_conf                              0.184769
M_rmse_173_weighted                          0.263652
M_rmse_173_dev_from_mean                    -0.201831
M_rmse_173_diff_from_int                    -0.031287
M_rmse_181_output                            0.707402
M_rmse_181_conf                             -0.281305
M_rmse_181_weighted                         -0.148576
M_rmse_181_dev_from_mean                     0.564925
M_rmse_181_diff_from_int                     0.562512
M_rmse_197_output                            0.299167
M_rmse_197_conf                              0.219083
M_rmse_197_weighted                          0.251777
M_rmse_197_dev_from_mean                    -0.301011
M_rmse_197_diff_from_int                     0.162015
M_rmse_212_output                            0.219030
M_rmse_212_conf                              0.064701
M_rmse_212_weighted                          0.170998
M_rmse_212_dev_from_mean                    -0.127278
M_rmse_212_diff_from_int                     0.038535
M_rmse_214_output                            0.206509
M_rmse_214_conf                             -0.022559
M_rmse_214_weighted                         -0.217142
M_rmse_214_dev_from_mean                     0.292109
M_rmse_214_diff_from_int                    -0.254146
chosen_conf_min                             -0.170554
chosen_conf_max                              0.025796
chosen_conf_avg                              0.089086
highest_chosen_output                        0.070512
highest_chosen_weighted                      0.041453
model_avg                                    0.000000
chosen_model_avg                             0.000000
models_mean                                 -0.123614
models_std                                  -0.147165
models_min                                   0.000000
models_max                                  -0.041488
models_range                                 0.363870
models_range_dev_high                        0.149203
models_range_dev_low                        -0.226559
diff_mean_10_all                            -0.236451
abs_diff_mean_10_all                        -0.266199
BIAS                                        -0.004666


Learned GLZ function: 
feature                                     label0   
bias                                         0.000000
min_model                                    0.000000
max_model                                    0.000000
avg_model_chosen                             0.000000
min_weighted                                -0.172268
max_weighted                                 0.238251
avg_weighted                                 0.000000
weighted_avg                                -0.444040
M_rmse_6_output                             -0.470186
M_rmse_6_conf                                0.000000
M_rmse_6_weighted                           -0.550785
M_rmse_6_dev_from_mean                       0.909188
M_rmse_6_diff_from_int                       0.774403
M_rmse_18_output                            -0.200133
M_rmse_18_conf                               0.587521
M_rmse_18_weighted                           0.042422
M_rmse_18_dev_from_mean                     -0.247175
M_rmse_18_diff_from_int                     -1.171749
M_rmse_37_output                            -0.790720
M_rmse_37_conf                              -0.378304
M_rmse_37_weighted                          -0.383455
M_rmse_37_dev_from_mean                      1.502248
M_rmse_37_diff_from_int                     -0.052763
M_rmse_85_output                             0.667181
M_rmse_85_conf                              -0.184426
M_rmse_85_weighted                           0.874524
M_rmse_85_dev_from_mean                     -0.560767
M_rmse_85_diff_from_int                      0.440097
M_rmse_122_output                           -0.262241
M_rmse_122_conf                              0.250625
M_rmse_122_weighted                         -0.148080
M_rmse_122_dev_from_mean                     0.213296
M_rmse_122_diff_from_int                     0.001986
M_rmse_173_output                           -0.071636
M_rmse_173_conf                             -0.014064
M_rmse_173_weighted                          0.687355
M_rmse_173_dev_from_mean                     0.061680
M_rmse_173_diff_from_int                    -0.122376
M_rmse_181_output                            0.609996
M_rmse_181_conf                             -0.060956
M_rmse_181_weighted                         -0.012090
M_rmse_181_dev_from_mean                     0.587581
M_rmse_181_diff_from_int                     0.548704
M_rmse_197_output                            0.751651
M_rmse_197_conf                              0.238843
M_rmse_197_weighted                          0.532082
M_rmse_197_dev_from_mean                    -1.082891
M_rmse_197_diff_from_int                     0.024874
M_rmse_212_output                            0.625286
M_rmse_212_conf                             -0.209994
M_rmse_212_weighted                          0.403870
M_rmse_212_dev_from_mean                    -1.065645
M_rmse_212_diff_from_int                    -0.135508
M_rmse_214_output                            0.158416
M_rmse_214_conf                              0.322721
M_rmse_214_weighted                         -0.057078
M_rmse_214_dev_from_mean                     0.154090
M_rmse_214_diff_from_int                    -0.068921
chosen_conf_min                             -0.217804
chosen_conf_max                             -0.454350
chosen_conf_avg                              0.047238
highest_chosen_output                       -0.116332
highest_chosen_weighted                     -0.051575
model_avg                                    0.000000
chosen_model_avg                             0.000000
models_mean                                 -0.060191
models_std                                  -0.028017
models_min                                   0.000000
models_max                                   0.433808
models_range                                -0.171711
models_range_dev_high                       -0.229864
models_range_dev_low                         0.198151
diff_mean_10_all                            -0.161953
abs_diff_mean_10_all                         0.151081
BIAS                                        -0.028902


Learned GLZ function: 
feature                                     label0   
bias                                         0.000000
min_model                                    0.000000
max_model                                    0.000000
avg_model_chosen                             0.000000
min_weighted                                 0.083938
max_weighted                                 0.466279
avg_weighted                                 0.000000
weighted_avg                                 0.492979
M_rmse_6_output                             -1.388738
M_rmse_6_conf                                0.000000
M_rmse_6_weighted                           -1.543764
M_rmse_6_dev_from_mean                       1.849223
M_rmse_6_diff_from_int                       0.452514
M_rmse_18_output                             0.502206
M_rmse_18_conf                              -0.301832
M_rmse_18_weighted                           0.238173
M_rmse_18_dev_from_mean                     -0.239174
M_rmse_18_diff_from_int                      0.056556
M_rmse_37_output                            -0.139235
M_rmse_37_conf                              -0.003223
M_rmse_37_weighted                          -0.757707
M_rmse_37_dev_from_mean                      0.246988
M_rmse_37_diff_from_int                      0.048249
M_rmse_85_output                             0.891954
M_rmse_85_conf                               1.480447
M_rmse_85_weighted                           0.679544
M_rmse_85_dev_from_mean                     -0.221292
M_rmse_85_diff_from_int                      0.535326
M_rmse_122_output                           -1.258880
M_rmse_122_conf                             -0.326074
M_rmse_122_weighted                         -0.651140
M_rmse_122_dev_from_mean                    -0.581696
M_rmse_122_diff_from_int                     0.429810
M_rmse_173_output                            0.205096
M_rmse_173_conf                              0.673982
M_rmse_173_weighted                          1.203820
M_rmse_173_dev_from_mean                    -0.011424
M_rmse_173_diff_from_int                    -0.313307
M_rmse_181_output                            1.294879
M_rmse_181_conf                             -0.658290
M_rmse_181_weighted                          0.173822
M_rmse_181_dev_from_mean                     0.337519
M_rmse_181_diff_from_int                     0.049759
M_rmse_197_output                           -0.472682
M_rmse_197_conf                              0.042699
M_rmse_197_weighted                          0.067888
M_rmse_197_dev_from_mean                     0.459738
M_rmse_197_diff_from_int                    -0.039208
M_rmse_212_output                            0.997878
M_rmse_212_conf                             -2.584938
M_rmse_212_weighted                          1.435150
M_rmse_212_dev_from_mean                    -2.578876
M_rmse_212_diff_from_int                    -0.275538
M_rmse_214_output                           -0.320391
M_rmse_214_conf                              0.506939
M_rmse_214_weighted                         -0.812702
M_rmse_214_dev_from_mean                    -0.763915
M_rmse_214_diff_from_int                    -0.689835
chosen_conf_min                              0.426825
chosen_conf_max                             -0.634074
chosen_conf_avg                             -0.217414
highest_chosen_output                       -0.468954
highest_chosen_weighted                      0.440378
model_avg                                    0.000000
chosen_model_avg                             0.000000
models_mean                                 -0.965880
models_std                                  -0.435285
models_min                                   0.000000
models_max                                   1.671229
models_range                                 0.426821
models_range_dev_high                       -1.974629
models_range_dev_low                        -0.642089
diff_mean_10_all                            -0.997088
abs_diff_mean_10_all                         0.284449
BIAS                                         0.506516


Learned GLZ function: 
feature                                     label0   
bias                                         0.000000
min_model                                    0.000000
max_model                                    0.000000
avg_model_chosen                             0.000000
min_weighted                                -0.008106
max_weighted                                 0.871431
avg_weighted                                 0.000000
weighted_avg                                -0.512905
M_rmse_6_output                             -0.311225
M_rmse_6_conf                                0.000000
M_rmse_6_weighted                           -0.746804
M_rmse_6_dev_from_mean                       0.980140
M_rmse_6_diff_from_int                       0.210994
M_rmse_18_output                             0.207209
M_rmse_18_conf                               0.301007
M_rmse_18_weighted                           1.151862
M_rmse_18_dev_from_mean                     -1.255536
M_rmse_18_diff_from_int                     -1.325119
M_rmse_37_output                            -0.481827
M_rmse_37_conf                              -0.684975
M_rmse_37_weighted                           0.068914
M_rmse_37_dev_from_mean                      0.320297
M_rmse_37_diff_from_int                     -0.176409
M_rmse_85_output                             2.265300
M_rmse_85_conf                               2.387423
M_rmse_85_weighted                          -0.376349
M_rmse_85_dev_from_mean                     -1.330188
M_rmse_85_diff_from_int                      0.499076
M_rmse_122_output                           -2.266192
M_rmse_122_conf                              0.219659
M_rmse_122_weighted                         -1.327023
M_rmse_122_dev_from_mean                     0.491625
M_rmse_122_diff_from_int                    -0.279000
M_rmse_173_output                            0.317641
M_rmse_173_conf                             -0.054407
M_rmse_173_weighted                          1.268080
M_rmse_173_dev_from_mean                    -0.420766
M_rmse_173_diff_from_int                     0.092485
M_rmse_181_output                            0.634021
M_rmse_181_conf                             -0.907460
M_rmse_181_weighted                         -0.233211
M_rmse_181_dev_from_mean                     1.312168
M_rmse_181_diff_from_int                     0.764927
M_rmse_197_output                           -0.161772
M_rmse_197_conf                             -0.504696
M_rmse_197_weighted                         -0.560181
M_rmse_197_dev_from_mean                     0.261558
M_rmse_197_diff_from_int                    -0.065070
M_rmse_212_output                            0.522481
M_rmse_212_conf                             -1.019957
M_rmse_212_weighted                          0.493713
M_rmse_212_dev_from_mean                    -1.572484
M_rmse_212_diff_from_int                    -0.491251
M_rmse_214_output                            1.557033
M_rmse_214_conf                              0.249171
M_rmse_214_weighted                          0.959978
M_rmse_214_dev_from_mean                    -1.006474
M_rmse_214_diff_from_int                     0.849859
chosen_conf_min                             -0.671102
chosen_conf_max                             -1.434341
chosen_conf_avg                             -0.051089
highest_chosen_output                       -1.063725
highest_chosen_weighted                      0.950900
model_avg                                    0.000000
chosen_model_avg                             0.000000
models_mean                                 -0.781188
models_std                                  -0.304534
models_min                                   0.000000
models_max                                   0.949221
models_range                                 0.302204
models_range_dev_high                       -1.115265
models_range_dev_low                        -0.451406
diff_mean_10_all                            -1.009453
abs_diff_mean_10_all                         0.444158
BIAS                                         0.380710

processing 4000 predictions...

0%   10   20   30   40   50   60   70   80   90   100%
|----|----|----|----|----|----|----|----|----|----|
***************************************************
 done.
elapsed: [8.95s cpu, 11160.2893 mticks, 4.18s wall]
score: 0.4315  baseline: 0.4307  diff: 0.00076
category UNKNOWN: count 0 avg error 0 baseline avg error 0 avg improvement 0
category AUTO: count 1704 avg error 0.0251987 baseline avg error 0.0241654 avg improvement -0.00103334
category POSS: count 2029 avg error 0.198538 baseline avg error 0.201632 avg improvement 0.00309406
category IMP: count 267 avg error 1.11989 baseline avg error 1.09319 avg improvement -0.0266993
overall: count 4000 avg error 0.186196 baseline avg error 0.185543 avg improvement -0.000652919
worst entries: 
0: 331  label: -1 pred: 0.237976 bl: -0.02915 IMP error_pred: 1.53259 error_bl: 0.94255 improvement: -0.590036
    min: -0.372  max: 0.7005 avg: -0.03329
explanation: 
    0.401551 0.70050001           models_max
   -0.379694 1.9156492            models_std
    0.290200 1.0725               models_range
   -0.249942 0.38305032           models_range_dev_high
   -0.107198 0.22627734           chosen_conf_max
    0.095063 0.1485               M_rmse_85_output
    0.055489 -0.079999998         M_rmse_122_output
    0.053153 -0.207               highest_chosen_output
   -0.048259 -0.207               M_rmse_173_output
   -0.048024 0.17681213           models_range_dev_low
    0.095678                      TOTAL


1: 3162  label: -1 pred: 0.0300138 bl: -0.2898 POSS error_pred: 1.06093 error_bl: 0.504384 improvement: -0.556544
    min: -0.589  max: 0.6685 avg: -0.280278
explanation: 
   -0.595101 3.0024273            models_std
    0.383208 0.66850001           models_max
    0.340257 1.2574999            models_range
    0.294440 -0.42449999          M_rmse_122_output
   -0.253120 -0.43200001          M_rmse_181_output
   -0.206193 0.31600365           models_range_dev_high
   -0.170433 0.41749999           M_rmse_18_diff_from_int
    0.143809 0.43200001           M_rmse_181_diff_from_int
   -0.137774 -0.41749999          M_rmse_18_output
    0.124409 -0.48449999          highest_chosen_output
   -0.112284                      TOTAL


2: 3035  label: 1 pred: -0.259955 bl: -0.03695 POSS error_pred: 1.58749 error_bl: 1.07527 improvement: -0.512221
    min: -0.444  max: 0.6855 avg: 0.097942
explanation: 
   -0.652298 3.2910011            models_std
    0.392953 0.68550003           models_max
    0.305623 1.1295               models_range
   -0.117469 -0.18350001          M_rmse_85_output
   -0.116495 0.17853475           models_range_dev_high
   -0.095094 0.2007266            chosen_conf_max
    0.087535 0.16693832           M_rmse_85_conf
   -0.077599 0.134892             diff_mean_10_all
   -0.069225 0.2007266            M_rmse_212_conf
   -0.067723 -0.1575              M_rmse_212_output
   -0.402253                      TOTAL


3: 3564  label: 0 pred: 0.777931 bl: 0.35855 POSS error_pred: 0.605177 error_bl: 0.128558 improvement: -0.476619
    min: -0.0485  max: 0.935 avg: 0.222386
explanation: 
    0.535975 0.935                models_max
   -0.389583 1.965541             models_std
    0.283002 0.48300001           M_rmse_181_output
    0.270146 0.42199999           M_rmse_85_output
    0.266118 0.9835               models_range
   -0.236567 0.36255363           models_range_dev_high
    0.234558 0.54549998           M_rmse_212_output
   -0.225425 0.32499999           M_rmse_122_output
    0.160786 0.48300001           M_rmse_181_diff_from_int
   -0.125561 0.16438933           M_rmse_212_dev_from_mean
    0.635633                      TOTAL


4: 838  label: -1 pred: 0.54175 bl: 0.38145 IMP error_pred: 2.37699 error_bl: 1.9084 improvement: -0.46859
    min: -0.0355  max: 0.781 avg: 0.37592
explanation: 
    0.447697 0.78100002           models_max
   -0.329067 1.660223             models_std
   -0.282995 0.40799999           M_rmse_122_output
    0.262788 0.44850001           M_rmse_181_output
    0.239419 0.37400001           M_rmse_85_output
    0.220930 0.81650001           models_range
   -0.163349 0.37592              models_mean
   -0.159205 0.24399133           models_range_dev_high
    0.149301 0.44850001           M_rmse_181_diff_from_int
    0.148776 0.34599999           M_rmse_212_output
    0.399452                      TOTAL


5: 456  label: 1 pred: -0.156076 bl: 0.06075 POSS error_pred: 1.33651 error_bl: 0.882191 improvement: -0.454321
    min: -0.257  max: 0.5655 avg: 0.24118
explanation: 
   -0.523973 2.643568             models_std
    0.324165 0.56550002           models_max
    0.222554 0.82249999           models_range
   -0.104801 0.24118              models_mean
   -0.103795 0.18043              diff_mean_10_all
   -0.101140 0.21348986           chosen_conf_max
    0.084564 -0.110714            M_rmse_212_dev_from_mean
    0.084368 0.16089895           M_rmse_85_conf
   -0.080051 0.12268268           models_range_dev_high
   -0.078379 0.113                M_rmse_122_output
   -0.298374                      TOTAL


6: 2223  label: 1 pred: -0.0879554 bl: 0.1148 POSS error_pred: 1.18365 error_bl: 0.783579 improvement: -0.400068
    min: -0.9455  max: 0.575 avg: 0.076284
explanation: 
   -0.997449 5.0323691            models_std
    0.411420 1.5204999            models_range
    0.329610 0.57499999           models_max
   -0.132134 0.19050001           M_rmse_122_output
    0.117817 0.27399999           M_rmse_212_output
    0.117732 -0.4585              highest_chosen_output
    0.116509 0.182                M_rmse_85_output
   -0.103384 0.21822521           chosen_conf_max
    0.077342 0.132                M_rmse_181_output
   -0.071878 -0.4585              M_rmse_197_output
   -0.230254                      TOTAL


7: 3516  label: -0.5 pred: 0.554181 bl: 0.34635 POSS error_pred: 1.1113 error_bl: 0.716308 improvement: -0.394988
    min: -0.3785  max: 0.909 avg: 0.164212
explanation: 
   -0.631387 3.1855004            models_std
    0.521071 0.90899998           models_max
    0.348375 1.2875               models_range
    0.229390 0.3915               M_rmse_181_output
    0.221174 0.34549999           M_rmse_85_output
   -0.207391 0.29899999           M_rmse_122_output
   -0.171838 0.61549997           M_rmse_37_output
   -0.152559 0.23380566           models_range_dev_high
    0.135016 0.31400001           M_rmse_212_output
   -0.133897 0.32800001           M_rmse_18_diff_from_int
    0.411882                      TOTAL


8: 368  label: -1 pred: -0.364462 bl: -0.82455 POSS error_pred: 0.403909 error_bl: 0.0307827 improvement: -0.373126
    min: -1  max: 0.802 avg: -0.756954
explanation: 
   -0.808181 4.077467             models_std
    0.583331 -0.84100002          M_rmse_122_output
    0.487589 1.802                models_range
    0.459735 0.80199999           models_max
   -0.429484 -0.73299998          M_rmse_181_output
   -0.400419 -0.62550002          M_rmse_85_output
   -0.396879 -0.92299998          M_rmse_212_output
    0.328921 -0.75695401          models_mean
    0.278487 -0.9975              M_rmse_37_output
    0.256135 -0.9975              highest_chosen_output
   -0.506760                      TOTAL


9: 190  label: -1 pred: 0.529048 bl: 0.40615 IMP error_pred: 2.33799 error_bl: 1.97726 improvement: -0.360731
    min: -0.05  max: 0.797 avg: 0.321118
explanation: 
    0.456869 0.79699999           models_max
   -0.415426 2.0959246            models_std
    0.327761 0.51200002           M_rmse_85_output
   -0.282648 0.4075               M_rmse_122_output
    0.229183 0.847                models_range
    0.224410 0.38299999           M_rmse_181_output
    0.203814 0.47400001           M_rmse_212_output
   -0.156758 0.384                M_rmse_18_diff_from_int
   -0.148152 0.22705111           models_range_dev_high
   -0.139536 0.321118             models_mean
    0.386750                      TOTAL


10: 1032  label: -1 pred: 0.0102999 bl: -0.1818 POSS error_pred: 1.02071 error_bl: 0.669451 improvement: -0.351255
    min: -0.599  max: 0.4655 avg: -0.132496
explanation: 
   -0.577318 2.9127088            models_std
    0.288035 1.0645               models_range
    0.266841 0.4655               models_max
    0.184849 -0.2665              M_rmse_122_output
   -0.138864 -0.237               M_rmse_181_output
   -0.133963 0.2053058            models_range_dev_high
   -0.117469 -0.18350001          M_rmse_85_output
   -0.094095 0.2305               M_rmse_18_diff_from_int
    0.084736 -0.33000001          highest_chosen_output
    0.081659 -0.33000001          M_rmse_6_output
   -0.131998                      TOTAL


11: 2033  label: -1 pred: 0.438029 bl: 0.3129 IMP error_pred: 2.06793 error_bl: 1.72371 improvement: -0.34422
    min: -0.032  max: 0.817 avg: 0.389478
explanation: 
   -0.473184 2.3873286            models_std
    0.468333 0.81699997           models_max
    0.340244 0.53149998           M_rmse_85_output
    0.229724 0.84899998           models_range
   -0.194906 0.28099999           M_rmse_122_output
    0.170920 0.39750001           M_rmse_212_output
   -0.169241 0.389478             models_mean
    0.165231 0.28200001           M_rmse_181_output
   -0.118997 0.2915               M_rmse_18_diff_from_int
   -0.116850 0.17907965           models_range_dev_high
    0.295730                      TOTAL


12: 189  label: -0.5 pred: 0.145208 bl: -0.22405 POSS error_pred: 0.416293 error_bl: 0.0761484 improvement: -0.340144
    min: -0.8575  max: 0.353 avg: -0.307996
explanation: 
   -0.629039 3.1736526            models_std
    0.327540 1.2105               models_range
    0.255250 -0.368               M_rmse_122_output
    0.202352 0.35299999           models_max
   -0.201266 -0.34349999          M_rmse_181_output
   -0.135901 0.20827609           models_range_dev_high
    0.133834 -0.307996            models_mean
   -0.129815 0.31799999           M_rmse_18_diff_from_int
    0.114348 0.34349999           M_rmse_181_diff_from_int
    0.113768 -0.4075              M_rmse_37_output
    0.002909                      TOTAL


13: 1489  label: 0.5 pred: -0.25909 bl: 0.0079 POSS error_pred: 0.576217 error_bl: 0.242162 improvement: -0.334055
    min: -0.4555  max: 0.823 avg: 0.191074
explanation: 
   -0.942258 4.7539172            models_std
    0.471773 0.82300001           models_max
    0.345940 1.2785001            models_range
   -0.105374 0.183174             diff_mean_10_all
   -0.086736 0.13292743           models_range_dev_high
   -0.083028 0.191074             models_mean
   -0.071962 0.15189992           chosen_conf_max
   -0.052025 0.15085396           M_rmse_212_conf
    0.051939 0.099054091          M_rmse_85_conf
   -0.036942 0.13600868           models_range_dev_low
   -0.401388                      TOTAL


14: 1085  label: -1 pred: 0.804536 bl: 0.71065 IMP error_pred: 3.25635 error_bl: 2.92632 improvement: -0.330027
    min: 0.168  max: 0.946 avg: 0.52667
explanation: 
    0.554286 0.94599998           M_rmse_181_output
   -0.542754 0.78250003           M_rmse_122_output
    0.542281 0.94599998           models_max
   -0.445850 2.2494226            models_std
    0.426025 0.66549999           M_rmse_85_output
    0.265154 0.8035               M_rmse_18_output
    0.233268 0.54250002           M_rmse_212_output
   -0.228855 0.52666998           models_mean
    0.210513 0.778                models_range
    0.194873 0.77450001           M_rmse_214_output
    0.662238                      TOTAL


15: 3309  label: -0.5 pred: 0.801438 bl: 0.68025 IMP error_pred: 1.69374 error_bl: 1.39299 improvement: -0.300751
    min: 0.174  max: 0.9645 avg: 0.461452
explanation: 
    0.552885 0.96450001           models_max
   -0.478595 0.69                 M_rmse_122_output
   -0.464021 2.3410978            models_std
    0.402824 0.6875               M_rmse_181_output
    0.391136 0.611                M_rmse_85_output
    0.374304 0.87050003           M_rmse_212_output
    0.226874 0.6875               M_rmse_18_output
    0.213895 0.79050004           models_range
   -0.200516 0.46145201           models_mean
    0.181412 0.72100002           M_rmse_214_output
    0.659140                      TOTAL


16: 2507  label: -1 pred: -0.0504634 bl: -0.21255 POSS error_pred: 0.90162 error_bl: 0.620078 improvement: -0.281542
    min: -0.8405  max: 0.2125 avg: -0.28952
explanation: 
   -0.579803 2.9252481            models_std
    0.284923 1.053                models_range
    0.272591 -0.39300001          M_rmse_122_output
   -0.266889 -0.45550001          M_rmse_181_output
   -0.169208 0.4145               M_rmse_18_diff_from_int
    0.151631 0.45550001           M_rmse_181_diff_from_int
   -0.136784 -0.4145              M_rmse_18_output
   -0.128209 0.16785584           M_rmse_212_dev_from_mean
    0.125806 -0.28952             models_mean
    0.121813 0.21250001           models_max
   -0.192762                      TOTAL


17: 2007  label: -1 pred: 0.0124023 bl: -0.1352 IMP error_pred: 1.02496 error_bl: 0.747879 improvement: -0.277079
    min: -0.426  max: 0.655 avg: 0.003764
explanation: 
   -0.537066 2.7096279            models_std
    0.375469 0.65499997           models_max
    0.292500 1.081                models_range
   -0.156824 0.24034148           models_range_dev_high
    0.155717 -0.2245              M_rmse_122_output
   -0.135642 -0.2315              M_rmse_181_output
   -0.093733 0.19785318           chosen_conf_max
   -0.079941 0.138964             diff_mean_10_all
    0.077064 0.2315               M_rmse_181_diff_from_int
   -0.075521 0.185                M_rmse_18_diff_from_int
   -0.129896                      TOTAL


18: 221  label: 1 pred: -0.337893 bl: -0.2361 IMP error_pred: 1.78996 error_bl: 1.52794 improvement: -0.262016
    min: -0.928  max: 0.482 avg: -0.181736
explanation: 
   -0.648609 3.2723868            models_std
    0.381521 1.41                 models_range
   -0.321039 -0.50150001          M_rmse_85_output
    0.276299 0.48199999           models_max
   -0.148776 -0.34599999          M_rmse_212_output
    0.145659 -0.20999999          M_rmse_122_output
   -0.132347 0.20282932           models_range_dev_high
    0.128774 -0.50150001          highest_chosen_output
   -0.117478 -0.2005              M_rmse_181_output
    0.095634 0.18238498           M_rmse_85_conf
   -0.480192                      TOTAL


19: 3682  label: -0.5 pred: 0.210238 bl: 0.0088 POSS error_pred: 0.504438 error_bl: 0.258877 improvement: -0.24556
    min: -0.1825  max: 0.4805 avg: 0.021922
explanation: 
   -0.326773 1.648651             models_std
    0.275440 0.48050001           models_max
   -0.181496 0.27815348           models_range_dev_high
    0.179396 0.66299999           models_range
    0.158119 0.24699999           M_rmse_85_output
   -0.076749 0.16200447           chosen_conf_max
    0.047859 -0.068999998         M_rmse_122_output
    0.041144 0.24699999           M_rmse_85_diff_from_int
   -0.039278 0.15295526           M_rmse_181_conf
   -0.033833 0.098104171          M_rmse_212_conf
    0.067939                      TOTAL


20: 638  label: -1 pred: -0.255263 bl: -0.44155 POSS error_pred: 0.554633 error_bl: 0.311866 improvement: -0.242767
    min: -0.973  max: 0.093 avg: -0.504378
explanation: 
   -0.453018 2.2855837            models_std
    0.342646 -0.49399999          M_rmse_122_output
   -0.311713 -0.53200001          M_rmse_181_output
    0.288441 1.066                models_range
   -0.226616 -0.354               M_rmse_85_output
    0.219169 -0.50437802          models_mean
   -0.194204 -0.58850002          M_rmse_18_output
   -0.170543 0.2613678            models_range_dev_high
   -0.167984 0.41149998           M_rmse_18_diff_from_int
    0.155793 0.46799999           M_rmse_181_diff_from_int
   -0.397561                      TOTAL


21: 2389  label: -0.5 pred: 0.205475 bl: 0.01535 POSS error_pred: 0.497695 error_bl: 0.265586 improvement: -0.23211
    min: -0.632  max: 0.7225 avg: -0.072308
explanation: 
   -0.536136 2.7049363            models_std
    0.414163 0.72250003           models_max
    0.366504 1.3545001            models_range
   -0.191729 0.29383615           models_range_dev_high
   -0.177324 -0.27700001          M_rmse_85_output
    0.156735 0.26750001           M_rmse_181_output
   -0.100227 0.1445               M_rmse_122_output
    0.099288 0.1893522            M_rmse_85_conf
   -0.089705 0.1893522            chosen_conf_max
    0.089048 0.26750001           M_rmse_181_diff_from_int
    0.063177                      TOTAL


22: 1728  label: -1 pred: 0.549287 bl: 0.4729 IMP error_pred: 2.40029 error_bl: 2.16943 improvement: -0.230855
    min: 0.256  max: 0.7395 avg: 0.46274
explanation: 
    0.423908 0.73949999           models_max
   -0.339178 0.48899999           M_rmse_122_output
    0.295893 0.505                M_rmse_181_output
    0.289351 0.45199999           M_rmse_85_output
   -0.271101 1.3677689            models_std
   -0.201076 0.46274              models_mean
   -0.193702 0.4745               M_rmse_18_diff_from_int
    0.173414 0.5255               M_rmse_18_output
    0.172640 0.40149999           M_rmse_212_output
    0.164781 0.495                M_rmse_181_diff_from_int
    0.406989                      TOTAL


23: 143  label: -1 pred: 0.605211 bl: 0.5324 IMP error_pred: 2.5767 error_bl: 2.34825 improvement: -0.228452
    min: -0.1205  max: 0.7805 avg: 0.604944
explanation: 
    0.447410 0.78049999           models_max
    0.322639 0.50400001           M_rmse_85_output
   -0.315942 0.45550001           M_rmse_122_output
    0.284760 0.486                M_rmse_181_output
   -0.273698 1.3808718            models_std
   -0.262868 0.60494399           models_mean
    0.243795 0.90100002           models_range
    0.241653 0.56199998           M_rmse_212_output
   -0.203295 0.498                M_rmse_18_diff_from_int
   -0.176724 0.63300002           M_rmse_37_output
    0.462913                      TOTAL


24: 1391  label: -1 pred: 0.670279 bl: 0.60215 IMP error_pred: 2.78983 error_bl: 2.56688 improvement: -0.222948
    min: 0.0075  max: 0.732 avg: 0.533528
explanation: 
    0.419608 0.73199999           models_max
   -0.417903 0.60250002           M_rmse_122_output
    0.400419 0.62550002           M_rmse_85_output
    0.362102 0.61799997           M_rmse_181_output
   -0.272239 1.3735104            models_std
    0.231978 0.5395               M_rmse_212_output
   -0.231835 0.53352797           models_mean
    0.207899 0.63                 M_rmse_18_output
    0.196037 0.7245               models_range
   -0.189567 0.67900002           M_rmse_37_output
    0.527981                      TOTAL


25: 518  label: 1 pred: 0.217722 bl: 0.37575 POSS error_pred: 0.611959 error_bl: 0.389688 improvement: -0.222271
    min: 0.0255  max: 0.9735 avg: 0.571978
explanation: 
   -0.609376 3.0744512            models_std
    0.558045 0.97350001           models_max
    0.270787 0.42300001           M_rmse_85_output
    0.256512 0.94800001           models_range
   -0.248543 0.57197797           models_mean
   -0.206351 0.29750001           M_rmse_122_output
    0.169040 0.28850001           M_rmse_181_output
    0.141745 0.60799998           M_rmse_173_output
   -0.133730 0.479                M_rmse_37_output
   -0.131244 0.3215               M_rmse_18_diff_from_int
    0.075424                      TOTAL


26: 794  label: -1 pred: 0.839429 bl: 0.779 IMP error_pred: 3.3835 error_bl: 3.16484 improvement: -0.218657
    min: 0.6375  max: 0.9555 avg: 0.835556
explanation: 
    0.547726 0.95550001           models_max
    0.527490 0.824                M_rmse_85_output
   -0.502178 0.72399998           M_rmse_122_output
    0.441788 0.75400001           M_rmse_181_output
   -0.363076 0.83555603           models_mean
    0.351085 0.81650001           M_rmse_212_output
    0.247829 0.75099999           M_rmse_18_output
   -0.231165 0.82800001           M_rmse_37_output
   -0.205058 0.77024412           weighted_avg
    0.193850 0.83149999           M_rmse_173_output
    0.697131                      TOTAL


27: 3209  label: -1 pred: 0.589112 bl: 0.5197 IMP error_pred: 2.52528 error_bl: 2.30949 improvement: -0.21579
    min: -0.3515  max: 0.926 avg: 0.542084
explanation: 
    0.530816 0.926                models_max
   -0.474752 2.3952386            models_std
   -0.387731 0.55900002           M_rmse_122_output
    0.345669 1.2775               models_range
    0.322259 0.55000001           M_rmse_181_output
    0.291272 0.45500001           M_rmse_85_output
   -0.235553 0.54208398           models_mean
    0.186119 0.56400001           M_rmse_18_output
   -0.177985 0.43599999           M_rmse_18_diff_from_int
    0.152935 0.65600002           M_rmse_173_output
    0.446814                      TOTAL


28: 3606  label: -1 pred: 0.754142 bl: 0.69245 IMP error_pred: 3.07701 error_bl: 2.86439 improvement: -0.212627
    min: 0.444  max: 1 avg: 0.745362
explanation: 
    0.573235 1                    models_max
   -0.462988 0.66750002           M_rmse_122_output
    0.393449 0.67150003           M_rmse_181_output
    0.370971 0.57950002           M_rmse_85_output
   -0.344836 1.7397785            models_std
   -0.323884 0.74536198           models_mean
    0.316901 0.73699999           M_rmse_212_output
    0.248159 0.75199997           M_rmse_18_output
   -0.213437 0.76450002           M_rmse_37_output
   -0.182202 0.68439376           weighted_avg
    0.611844                      TOTAL


29: 878  label: -1 pred: -0.12078 bl: -0.25135 POSS error_pred: 0.773028 error_bl: 0.560477 improvement: -0.212551
    min: -0.6695  max: 0.0155 avg: -0.22769
explanation: 
   -0.338874 1.7097011            models_std
    0.286463 -0.41299999          M_rmse_122_output
   -0.225289 -0.3845              M_rmse_181_output
    0.185349 0.685                models_range
   -0.176148 0.43149999           M_rmse_18_diff_from_int
   -0.142394 -0.43149999          M_rmse_18_output
    0.127996 0.3845               M_rmse_181_diff_from_int
    0.110799 -0.43149999          highest_chosen_output
   -0.106809 -0.42449999          M_rmse_214_output
    0.098939 -0.22769             models_mean
   -0.263078                      TOTAL


30: 2187  label: 1 pred: 0.0292591 bl: 0.14315 IMP error_pred: 0.942338 error_bl: 0.734192 improvement: -0.208146
    min: -0.309  max: 0.316 avg: 0.08714
explanation: 
   -0.359415 1.8133376            models_std
    0.181142 0.31600001           models_max
    0.169114 0.625                models_range
    0.105562 0.2455               M_rmse_212_output
   -0.102308 0.14749999           M_rmse_122_output
    0.093455 0.1595               M_rmse_181_output
   -0.082352 0.12620927           models_range_dev_high
   -0.070418 0.1725               M_rmse_18_diff_from_int
   -0.066703 0.087330684          M_rmse_212_dev_from_mean
    0.066564 0.12694502           M_rmse_85_conf
   -0.113039                      TOTAL


31: 1596  label: -1 pred: 0.567369 bl: 0.50055 IMP error_pred: 2.45665 error_bl: 2.25165 improvement: -0.204996
    min: 0.126  max: 0.8255 avg: 0.514558
explanation: 
    0.473206 0.82550001           models_max
   -0.347501 0.50099999           M_rmse_122_output
    0.338003 0.528                M_rmse_85_output
   -0.303668 1.5320759            models_std
    0.301459 0.51450002           M_rmse_181_output
   -0.223592 0.51455802           models_mean
    0.211984 0.493                M_rmse_212_output
   -0.201866 0.49449998           M_rmse_18_diff_from_int
    0.189272 0.69950002           models_range
    0.166814 0.50550002           M_rmse_18_output
    0.425071                      TOTAL


32: 477  label: 1 pred: -0.110228 bl: -0.01375 IMP error_pred: 1.23261 error_bl: 1.02769 improvement: -0.204917
    min: -0.133  max: 0.4465 avg: 0.143216
explanation: 
   -0.370039 1.866935             models_std
    0.255950 0.4465               models_max
    0.156802 0.57950002           models_range
   -0.105999 0.16245021           models_range_dev_high
    0.102071 0.19465965           M_rmse_85_conf
   -0.094835 0.20018084           chosen_conf_max
   -0.090297 0.156966             diff_mean_10_all
    0.082935 -0.10858224          M_rmse_212_dev_from_mean
   -0.071698 -0.112               M_rmse_85_output
   -0.064664 0.18750098           M_rmse_212_conf
   -0.252526                      TOTAL


33: 737  label: -0.5 pred: 0.611905 bl: 0.51895 IMP error_pred: 1.23633 error_bl: 1.03826 improvement: -0.198073
    min: 0.2945  max: 0.8665 avg: 0.505572
explanation: 
    0.496708 0.86650002           models_max
   -0.371778 0.53600001           M_rmse_122_output
    0.321999 0.50300002           M_rmse_85_output
    0.316693 0.54049999           M_rmse_181_output
   -0.254323 1.2831221            models_std
   -0.219687 0.50557202           models_mean
    0.198009 0.4605               M_rmse_212_output
   -0.183700 0.44999999           M_rmse_18_diff_from_int
   -0.183542 0.28128889           models_range_dev_high
    0.181499 0.55000001           M_rmse_18_output
    0.469607                      TOTAL


34: 3806  label: -1 pred: 0.652009 bl: 0.59105 IMP error_pred: 2.72913 error_bl: 2.53144 improvement: -0.197694
    min: 0.097  max: 0.96 avg: 0.659574
explanation: 
    0.550306 0.95999998           models_max
    0.428906 0.67000002           M_rmse_85_output
   -0.414220 2.0898376            models_std
   -0.361720 0.52149999           M_rmse_122_output
    0.306146 0.52249998           M_rmse_181_output
    0.304431 0.708                M_rmse_212_output
   -0.286606 0.65957397           models_mean
    0.233513 0.86299998           models_range
   -0.193089 0.47299999           M_rmse_18_diff_from_int
    0.173909 0.52700001           M_rmse_18_output
    0.509711                      TOTAL


35: 3337  label: -1 pred: -0.232556 bl: -0.3699 POSS error_pred: 0.588971 error_bl: 0.397026 improvement: -0.191945
    min: -0.8675  max: 0.3395 avg: -0.27508
explanation: 
   -0.520326 2.6251707            models_std
    0.326593 1.207                models_range
    0.234789 -0.33849999          M_rmse_122_output
   -0.216373 -0.338               M_rmse_85_output
    0.194613 0.33950001           models_max
   -0.166835 -0.38800001          M_rmse_212_output
    0.153273 -0.54900002          M_rmse_37_output
   -0.152758 0.2341105            models_range_dev_high
    0.140971 -0.54900002          highest_chosen_output
   -0.140915 -0.2405              M_rmse_181_output
   -0.374854                      TOTAL


36: 2383  label: -0.5 pred: 0.328762 bl: 0.20365 POSS error_pred: 0.686847 error_bl: 0.495123 improvement: -0.191724
    min: -0.019  max: 0.663 avg: 0.212516
explanation: 
    0.380055 0.66299999           models_max
   -0.335389 1.6921188            models_std
    0.184537 0.68199998           models_range
   -0.173713 0.2662248            models_range_dev_high
    0.161423 0.2755               M_rmse_181_output
   -0.141498 0.204                M_rmse_122_output
    0.140835 0.22                 M_rmse_85_output
   -0.092345 0.21251599           models_mean
    0.091711 0.2755               M_rmse_181_diff_from_int
   -0.090421 0.22149999           M_rmse_18_diff_from_int
    0.186464                      TOTAL


37: 2563  label: 1 pred: 0.177087 bl: 0.3029 POSS error_pred: 0.677186 error_bl: 0.485948 improvement: -0.191237
    min: -0.172  max: 0.5095 avg: 0.26207
explanation: 
   -0.331104 1.6704998            models_std
    0.292063 0.50950003           models_max
   -0.237216 0.34200001           M_rmse_122_output
    0.186606 0.2915               M_rmse_85_output
    0.184402 0.68150002           models_range
   -0.149001 0.36500001           M_rmse_18_diff_from_int
    0.138241 0.3215               M_rmse_212_output
    0.129490 0.221                M_rmse_181_output
    0.120449 0.36500001           M_rmse_18_output
   -0.113878 0.26207              models_mean
    0.034789                      TOTAL


38: 661  label: 1 pred: -0.0133525 bl: 0.08575 IMP error_pred: 1.02688 error_bl: 0.835853 improvement: -0.19103
    min: -0.27  max: 0.2315 avg: 0.046192
explanation: 
   -0.301227 1.5197618            models_std
    0.135697 0.50150001           models_range
    0.132704 0.2315               models_max
   -0.079561 0.12193226           models_range_dev_high
   -0.057223 0.082500003          M_rmse_122_output
   -0.056510 0.20805366           models_range_dev_low
    0.049710 0.09480188           M_rmse_85_conf
    0.045702 0.078000002          M_rmse_181_output
   -0.044912 0.09480188           chosen_conf_max
   -0.036434 0.1305               M_rmse_37_output
   -0.155651                      TOTAL


39: 3974  label: 1 pred: 0.538729 bl: 0.8495 POSS error_pred: 0.212771 error_bl: 0.0226502 improvement: -0.190121
    min: -0.036  max: 1 avg: 0.759128
explanation: 
   -0.699532 3.5293062            models_std
   -0.693615 1                    M_rmse_122_output
    0.581824 0.99299997           M_rmse_181_output
    0.573235 1                    models_max
    0.406820 0.63550001           M_rmse_85_output
   -0.329866 0.75912797           models_mean
    0.325873 0.98750001           M_rmse_18_output
    0.280323 1.036                models_range
    0.248844 0.98900002           M_rmse_214_output
   -0.247452 1                    M_rmse_6_output
    0.396430                      TOTAL


40: 889  label: 1 pred: 0.122193 bl: 0.237 POSS error_pred: 0.770545 error_bl: 0.582169 improvement: -0.188376
    min: -0.441  max: 0.9175 avg: 0.313276
explanation: 
   -0.719204 3.6285577            models_std
    0.525943 0.91750002           models_max
    0.367586 1.3585               models_range
   -0.171670 0.2475               M_rmse_122_output
    0.161130 0.27500001           M_rmse_181_output
   -0.136129 0.31327599           models_mean
   -0.109404 0.26800001           M_rmse_18_diff_from_int
   -0.108654 0.16651906           models_range_dev_high
    0.091545 0.27500001           M_rmse_181_diff_from_int
    0.089942 0.14049999           M_rmse_85_output
   -0.020105                      TOTAL


41: 2215  label: 1 pred: -0.352613 bl: -0.28135 IMP error_pred: 1.82956 error_bl: 1.64186 improvement: -0.187703
    min: -0.5185  max: 0.233 avg: -0.194544
explanation: 
   -0.441961 2.2297981            models_std
    0.203343 0.75149995           models_range
    0.181727 -0.26199999          M_rmse_122_output
   -0.178284 -0.27849999          M_rmse_85_output
   -0.177536 -0.303               M_rmse_181_output
    0.133564 0.233                models_max
   -0.125112 0.19174112           models_range_dev_high
   -0.111582 -0.2595              M_rmse_212_output
   -0.111241 0.27250001           M_rmse_18_diff_from_int
    0.100866 0.303                M_rmse_181_diff_from_int
   -0.494911                      TOTAL


42: 547  label: 0.5 pred: -0.64986 bl: -0.5661 IMP error_pred: 1.32218 error_bl: 1.13657 improvement: -0.185609
    min: -0.7675  max: -0.0285 avg: -0.407676
explanation: 
   -0.475099 2.3969879            models_std
    0.399522 -0.57599998          M_rmse_122_output
   -0.333685 -0.56950003          M_rmse_181_output
   -0.305675 -0.47749999          M_rmse_85_output
   -0.280782 -0.653               M_rmse_212_output
    0.199960 0.73899996           models_range
   -0.183149 -0.55500001          M_rmse_18_output
   -0.181659 0.44499999           M_rmse_18_diff_from_int
    0.177148 -0.40767601          models_mean
    0.167676 -0.653               highest_chosen_output
   -0.792159                      TOTAL


43: 3199  label: 1 pred: 0.144155 bl: 0.2597 IMP error_pred: 0.73247 error_bl: 0.548044 improvement: -0.184426
    min: -0.2765  max: 0.47 avg: 0.180996
explanation: 
   -0.449290 2.2667747            models_std
    0.269421 0.47                 models_max
   -0.255944 0.36899999           M_rmse_122_output
    0.214742 0.36649999           M_rmse_181_output
    0.201990 0.74650002           models_range
   -0.149614 0.36649999           M_rmse_18_diff_from_int
    0.122004 0.36649999           M_rmse_181_diff_from_int
    0.120944 0.36649999           M_rmse_18_output
    0.098254 0.39050001           M_rmse_214_output
   -0.089712 0.39050001           M_rmse_214_diff_from_int
    0.001857                      TOTAL


44: 1551  label: -1 pred: -0.458326 bl: -0.66875 POSS error_pred: 0.29341 error_bl: 0.109727 improvement: -0.183684
    min: -0.8425  max: -0.1355 avg: -0.528314
explanation: 
    0.518824 -0.74800003          M_rmse_122_output
   -0.434027 -0.67799997          M_rmse_85_output
   -0.389348 -0.6645              M_rmse_181_output
   -0.334545 1.6878581            models_std
   -0.241653 -0.56199998          M_rmse_212_output
   -0.230174 -0.69749999          M_rmse_18_output
    0.229570 -0.52831399          models_mean
    0.206834 -0.80549997          highest_chosen_output
   -0.202673 -0.80549997          M_rmse_214_output
    0.201572 -0.722               M_rmse_37_output
   -0.600625                      TOTAL


45: 1715  label: 0 pred: 0.565137 bl: 0.3712 POSS error_pred: 0.31938 error_bl: 0.137789 improvement: -0.181591
    min: -0.029  max: 0.86 avg: 0.390476
explanation: 
    0.492982 0.86000001           models_max
   -0.458176 2.3116071            models_std
    0.393057 0.61400002           M_rmse_85_output
   -0.247968 0.35749999           M_rmse_122_output
    0.240548 0.889                models_range
    0.225744 0.52499998           M_rmse_212_output
    0.200094 0.34150001           M_rmse_181_output
   -0.169674 0.39047599           models_mean
   -0.132534 0.20311584           models_range_dev_high
    0.113682 0.34150001           M_rmse_181_diff_from_int
    0.422839                      TOTAL


46: 3729  label: -1 pred: 0.0524266 bl: -0.03525 IMP error_pred: 1.1076 error_bl: 0.930743 improvement: -0.176859
    min: -0.328  max: 0.383 avg: -0.02755
explanation: 
   -0.309232 1.5601515            models_std
    0.219549 0.38299999           models_max
    0.192384 0.71099997           models_range
   -0.171705 0.26314753           models_range_dev_high
    0.088022 0.1375               M_rmse_85_output
   -0.082219 0.17355041           chosen_conf_max
   -0.062852 -0.11598233          M_rmse_37_dev_from_mean
    0.058210 -0.2085              M_rmse_37_output
    0.053538 -0.2085              highest_chosen_output
   -0.052306 0.19257745           models_range_dev_low
   -0.089872                      TOTAL


47: 2453  label: 0 pred: -0.903137 bl: -0.80035 POSS error_pred: 0.815656 error_bl: 0.64056 improvement: -0.175096
    min: -1  max: -0.2515 avg: -0.717312
explanation: 
    0.544835 -0.78549999          M_rmse_122_output
   -0.530370 -0.82849997          M_rmse_85_output
   -0.453800 -0.77450001          M_rmse_181_output
   -0.444912 2.244688             models_std
   -0.337110 -0.78399998          M_rmse_212_output
    0.311695 -0.71731198          models_mean
   -0.251789 -0.76300001          M_rmse_18_output
    0.248047 -0.96600002          highest_chosen_output
   -0.225207 -0.96600002          M_rmse_173_output
    0.218602 -0.78299999          M_rmse_37_output
   -1.045435                      TOTAL


48: 3324  label: -0.5 pred: 0.70506 bl: 0.6306 IMP error_pred: 1.45217 error_bl: 1.27826 improvement: -0.173914
    min: 0.427  max: 0.9125 avg: 0.669878
explanation: 
    0.523077 0.91250002           models_max
   -0.437671 0.63099998           M_rmse_122_output
    0.433067 0.67650002           M_rmse_85_output
    0.373235 0.63700002           M_rmse_181_output
   -0.291084 0.66987801           models_mean
    0.288307 0.67049998           M_rmse_212_output
   -0.247550 1.2489474            models_std
    0.212354 0.64349997           M_rmse_18_output
   -0.186914 0.66949999           M_rmse_37_output
   -0.166691 0.62612939           weighted_avg
    0.562762                      TOTAL


49: 2681  label: 1 pred: 0.00250024 bl: 0.09345 IMP error_pred: 0.995006 error_bl: 0.821833 improvement: -0.173173
    min: -0.138  max: 0.453 avg: 0.155406
explanation: 
   -0.340651 1.7186655            models_std
    0.259676 0.45300001           models_max
    0.159914 0.59100002           models_range
   -0.112984 0.17315412           models_range_dev_high
    0.086834 0.16560246           M_rmse_85_conf
   -0.082887 0.1195               M_rmse_122_output
   -0.078454 0.16560246           chosen_conf_max
    0.070311 0.12                 M_rmse_181_output
   -0.067529 0.155406             models_mean
   -0.062050 0.152                M_rmse_18_diff_from_int
   -0.139798                      TOTAL


best entries: 
0: 2555  label: 1 pred: 0.483902 bl: 0.18145 POSS error_pred: 0.266358 error_bl: 0.670024 improvement: 0.403667
1: 1854  label: 1 pred: 0.758541 bl: 0.33255 POSS error_pred: 0.0583023 error_bl: 0.445489 improvement: 0.387187
2: 1422  label: -1 pred: 0.0113821 bl: 0.1814 IMP error_pred: 1.02289 error_bl: 1.39571 improvement: 0.372812
3: 721  label: 1 pred: 0.211188 bl: 0.01195 POSS error_pred: 0.622225 error_bl: 0.976243 improvement: 0.354018
4: 2813  label: 0.5 pred: -0.242154 bl: -0.43855 POSS error_pred: 0.550792 error_bl: 0.880876 improvement: 0.330084
5: 3452  label: -1 pred: -1 bl: -0.4294 POSS error_pred: 0 error_bl: 0.325584 improvement: 0.325584
6: 2651  label: -0.5 pred: 0.62359 bl: 0.75845 POSS error_pred: 1.26245 error_bl: 1.5837 improvement: 0.321243
7: 3386  label: -1 pred: -0.626225 bl: -0.3283 POSS error_pred: 0.139708 error_bl: 0.451181 improvement: 0.311473
8: 3668  label: 1 pred: 0.586844 bl: 0.30585 POSS error_pred: 0.170698 error_bl: 0.481844 improvement: 0.311146
9: 1812  label: -1 pred: 0.39323 bl: 0.4979 IMP error_pred: 1.94109 error_bl: 2.2437 improvement: 0.302616
10: 1660  label: -1 pred: -0.3109 bl: -0.13845 POSS error_pred: 0.474859 error_bl: 0.742268 improvement: 0.267409
11: 15  label: -1 pred: -0.227779 bl: -0.071 IMP error_pred: 0.596326 error_bl: 0.863041 improvement: 0.266715
12: 1736  label: 1 pred: 0.723484 bl: 0.4156 POSS error_pred: 0.0764611 error_bl: 0.341523 improvement: 0.265062
13: 274  label: -1 pred: -0.281596 bl: -0.12085 POSS error_pred: 0.516104 error_bl: 0.772905 improvement: 0.256801
14: 1302  label: -1 pred: -0.792896 bl: -0.45605 POSS error_pred: 0.0428922 error_bl: 0.295882 improvement: 0.252989
15: 2948  label: 0.5 pred: -0.235302 bl: -0.38615 POSS error_pred: 0.540669 error_bl: 0.785262 improvement: 0.244593
16: 481  label: 0.5 pred: 0.244229 bl: -0.03995 POSS error_pred: 0.0654188 error_bl: 0.291546 improvement: 0.226127
17: 2349  label: 1 pred: 0.216497 bl: 0.08725 IMP error_pred: 0.613877 error_bl: 0.833113 improvement: 0.219236
18: 1450  label: 1 pred: 0.783729 bl: 0.48435 POSS error_pred: 0.046773 error_bl: 0.265895 improvement: 0.219122
19: 1082  label: -1 pred: -0.530479 bl: -0.3378 POSS error_pred: 0.22045 error_bl: 0.438509 improvement: 0.218059
20: 3602  label: -1 pred: -0.358332 bl: -0.21035 POSS error_pred: 0.411738 error_bl: 0.623547 improvement: 0.211809
21: 1578  label: 1 pred: 0.524558 bl: 0.3466 POSS error_pred: 0.226045 error_bl: 0.426932 improvement: 0.200887
22: 1145  label: -1 pred: 0.13317 bl: 0.21855 IMP error_pred: 1.28407 error_bl: 1.48486 improvement: 0.20079
23: 992  label: -1 pred: 0.108773 bl: 0.19435 IMP error_pred: 1.22938 error_bl: 1.42647 improvement: 0.197095
24: 2204  label: -1 pred: -0.161227 bl: -0.0512 POSS error_pred: 0.70354 error_bl: 0.900221 improvement: 0.196681
25: 3554  label: -1 pred: -0.0852095 bl: 0.0164 IMP error_pred: 0.836842 error_bl: 1.03307 improvement: 0.196227
26: 602  label: -1 pred: 0.0329065 bl: 0.1223 IMP error_pred: 1.0669 error_bl: 1.25956 improvement: 0.192661
27: 2176  label: 1 pred: 0.677755 bl: 0.4581 POSS error_pred: 0.103842 error_bl: 0.293656 improvement: 0.189814
28: 2122  label: 0 pred: -0.326043 bl: -0.5439 POSS error_pred: 0.106304 error_bl: 0.295827 improvement: 0.189523
29: 2255  label: -1 pred: -0.805432 bl: -0.52625 POSS error_pred: 0.0378565 error_bl: 0.224439 improvement: 0.186583
30: 1454  label: 1 pred: 0.0855765 bl: -0.0107 IMP error_pred: 0.83617 error_bl: 1.02151 improvement: 0.185344
31: 1371  label: -0.5 pred: 0.781097 bl: 0.85075 IMP error_pred: 1.64121 error_bl: 1.82453 improvement: 0.183316
32: 1973  label: -1 pred: -0.205127 bl: -0.0974 IMP error_pred: 0.631823 error_bl: 0.814687 improvement: 0.182864
33: 2276  label: 0.5 pred: -0.0482807 bl: -0.1927 POSS error_pred: 0.300612 error_bl: 0.479833 improvement: 0.179222
34: 3119  label: -1 pred: -0.00810657 bl: 0.0775 IMP error_pred: 0.983853 error_bl: 1.16101 improvement: 0.177154
35: 2066  label: 1 pred: 0.503652 bl: 0.3593 POSS error_pred: 0.246362 error_bl: 0.410496 improvement: 0.164135
36: 1352  label: -1 pred: -0.0798402 bl: 0.0041 IMP error_pred: 0.846694 error_bl: 1.00822 improvement: 0.161523
37: 3121  label: 1 pred: 0.105145 bl: 0.02015 IMP error_pred: 0.800765 error_bl: 0.960106 improvement: 0.159341
38: 2375  label: 1 pred: 0.626673 bl: 0.45435 POSS error_pred: 0.139373 error_bl: 0.297734 improvement: 0.158361
39: 1004  label: 1 pred: 0.241708 bl: 0.14665 POSS error_pred: 0.575006 error_bl: 0.728206 improvement: 0.1532
40: 2256  label: 0.5 pred: -0.00378072 bl: -0.13785 POSS error_pred: 0.253795 error_bl: 0.406853 improvement: 0.153058
41: 3905  label: 1 pred: 0.481432 bl: 0.3532 POSS error_pred: 0.268913 error_bl: 0.41835 improvement: 0.149437
42: 3834  label: 1 pred: 0.385755 bl: 0.2765 POSS error_pred: 0.377297 error_bl: 0.523452 improvement: 0.146156
43: 1592  label: -1 pred: -0.0752034 bl: 0.000449999 IMP error_pred: 0.855249 error_bl: 1.0009 improvement: 0.145652
44: 3644  label: -1 pred: 0.246232 bl: 0.30295 IMP error_pred: 1.55309 error_bl: 1.69768 improvement: 0.144584
45: 2977  label: 1 pred: 0.437049 bl: 0.32135 POSS error_pred: 0.316914 error_bl: 0.460566 improvement: 0.143652
46: 2108  label: 1 pred: 0.562909 bl: 0.4219 POSS error_pred: 0.191048 error_bl: 0.3342 improvement: 0.143151
47: 3702  label: 0.5 pred: -0.0423519 bl: -0.1593 POSS error_pred: 0.294146 error_bl: 0.434676 improvement: 0.140531
48: 2391  label: 1 pred: 0.864425 bl: 0.6077 POSS error_pred: 0.0183805 error_bl: 0.153899 improvement: 0.135519
49: 202  label: -1 pred: -0.0476075 bl: 0.02075 IMP error_pred: 0.907052 error_bl: 1.04193 improvement: 0.134879

total is 0
score for UNKNOWN: nan baseline: nan diff:    nan
total is 1704
score for AUTO: 0.1587 baseline: 0.1555 diff: 0.0033
total is 2029
score for POSS: 0.4456 baseline: 0.4490 diff: -0.0035
total is 267
score for IMP: 1.0582 baseline: 1.0456 diff: 0.0127
writing 20000 official test outputs

0%   10   20   30   40   50   60   70   80   90   100%
|----|----|----|----|----|----|----|----|----|----|
***************************************************
scores: [ 0.431504 ]
0.4315 +/-    nan
13.18user 0.20system 0:06.01elapsed 222%CPU (0avgtext+0avgdata 0maxresident)k
0inputs+448outputs (0major+53907minor)pagefaults 0swaps
