loading data...Twoway_Layer::random_fill(): limit = 0.103695 ni = 93 no = 50
Twoway_Layer::random_fill(): limit = 0.141421 ni = 50 no = 1
iter  ---- train ----  ---- test -----
         rmse     auc     rmse     auc
   0  0.92127 0.00000  0.88678 0.20424
   1  0.85823 0.00000  0.85760 0.18778
   2  0.86198 0.00000  0.84733 0.18420
   3  0.83259 0.00000  0.84108 0.18225
   4  0.83807 0.00000  0.83797 0.18120
   5  0.82213 0.00000  0.83543 0.18031
   6  0.81739 0.00000  0.83408 0.17979
   7  0.80006 0.00000  0.83301 0.17931
   8  0.81223 0.00000  0.83252 0.17902
   9  0.81169 0.00000  0.83220 0.17870
  10  0.81225 0.00000  0.83193 0.17843
  11  0.79759 0.00000  0.83172 0.17819
  12  0.81219 0.00000  0.83045 0.17777
  13  0.81214 0.00000  0.82989 0.17750
  14  0.82367 0.00000  0.82937 0.17723
  15  0.81098 0.00000  0.82929 0.17713
  16  0.81390 0.00000  0.82893 0.17692
  17  0.79278 0.00000  0.82864 0.17671
  18  0.82414 0.00000  0.82826 0.17652
  19  0.81490 0.00000  0.82784 0.17631
  20  0.79696 0.00000  0.82776 0.17620
  21  0.82240 0.00000  0.82761 0.17607
  22  0.83270 0.00000  0.82742 0.17599
  23  0.80436 0.00000  0.82731 0.17591
  24  0.80980 0.00000  0.82722 0.17580
  25  0.79777 0.00000  0.82710 0.17573
  26  0.81860 0.00000  0.82693 0.17562
  27  0.81575 0.00000  0.82666 0.17550
  28  0.80636 0.00000  0.82696 0.17542
  29  0.83246 0.00000  0.82634 0.17527
  30  0.80055 0.00000  0.82618 0.17525
  31  0.79609 0.00000  0.82619 0.17522
  32  0.81716 0.00000  0.82598 0.17512
  33  0.81499 0.00000  0.82603 0.17511
  34  0.82618 0.00000  0.82586 0.17504
  35  0.82624 0.00000  0.82581 0.17498
  36  0.79485 0.00000  0.82611 0.17498
  37  0.81161 0.00000  0.82590 0.17493
  38  0.79422 0.00000  0.82577 0.17494
  39  0.82425 0.00000  0.82563 0.17489
  40  0.81898 0.00000  0.82562 0.17487
  41  0.82562 0.00000  0.82545 0.17481
  42  0.81976 0.00000  0.82548 0.17477
  43  0.81752 0.00000  0.82563 0.17474
  44  0.81104 0.00000  0.82574 0.17471
  45  0.81494 0.00000  0.82658 0.17467
  46  0.81709 0.00000  0.82608 0.17463
  47  0.80777 0.00000  0.82547 0.17461
  48  0.80326 0.00000  0.82598 0.17462
  49  0.82849 0.00000  0.82572 0.17458
  50  0.80264 0.00000  0.82576 0.17458
  51  0.82270 0.00000  0.82514 0.17454
  52  0.80717 0.00000  0.82525 0.17452
  53  0.81897 0.00000  0.82503 0.17452
  54  0.81614 0.00000  0.82510 0.17449
  55  0.81081 0.00000  0.82504 0.17451
  56  0.80627 0.00000  0.82519 0.17449
  57  0.80067 0.00000  0.82501 0.17449
  58  0.81606 0.00000  0.82491 0.17449
  59  0.81601 0.00000  0.82507 0.17447
  60  0.81137 0.00000  0.82502 0.17449
  61  0.82128 0.00000  0.82491 0.17448
  62  0.79859 0.00000  0.82513 0.17447
  63  0.81229 0.00000  0.82491 0.17449
  64  0.81389 0.00000  0.82495 0.17447
  65  0.81843 0.00000  0.82499 0.17444
  66  0.81011 0.00000  0.82526 0.17444
  67  0.81081 0.00000  0.82556 0.17443
  68  0.80624 0.00000  0.82563 0.17445
  69  0.82111 0.00000  0.82572 0.17441
  70  0.81498 0.00000  0.82595 0.17439
  71  0.82152 0.00000  0.82549 0.17440
  72  0.81656 0.00000  0.82507 0.17438
  73  0.81977 0.00000  0.82525 0.17434
  74  0.80342 0.00000  0.82484 0.17437
  75  0.83239 0.00000  0.82537 0.17433
  76  0.81188 0.00000  0.82537 0.17432
  77  0.81882 0.00000  0.82511 0.17433
  78  0.80175 0.00000  0.82524 0.17434
  79  0.82375 0.00000  0.82568 0.17431
  80  0.80827 0.00000  0.82508 0.17436
  81  0.80305 0.00000  0.82496 0.17439
  82  0.80704 0.00000  0.82523 0.17439
  83  0.81269 0.00000  0.82505 0.17439
  84  0.82060 0.00000  0.82507 0.17439
  85  0.80601 0.00000  0.82519 0.17438
  86  0.81207 0.00000  0.82504 0.17439
  87  0.79559 0.00000  0.82517 0.17440
  88  0.80706 0.00000  0.82516 0.17440
  89  0.80439 0.00000  0.82578 0.17439
  90  0.80862 0.00000  0.82506 0.17444
  91  0.79841 0.00000  0.82496 0.17446
  92  0.81459 0.00000  0.82483 0.17445
  93  0.82034 0.00000  0.82472 0.17446
  94  0.81690 0.00000  0.82487 0.17445
  95  0.80701 0.00000  0.82472 0.17447
  96  0.79720 0.00000  0.82482 0.17448
  97  0.81937 0.00000  0.82479 0.17446
  98  0.80275 0.00000  0.82473 0.17448
  99  0.81874 0.00000  0.82481 0.17447
 100  0.80221 0.00000  0.82483 0.17449
 101  0.81277 0.00000  0.82483 0.17449
 102  0.80187 0.00000  0.82471 0.17453
 103  0.81364 0.00000  0.82481 0.17451
 104  0.79249 0.00000  0.82475 0.17453
 105  0.80097 0.00000  0.82472 0.17454
 106  0.81726 0.00000  0.82472 0.17453
 107  0.79951 0.00000  0.82491 0.17452
 108  0.81165 0.00000  0.82481 0.17453
 109  0.81075 0.00000  0.82504 0.17451
 110  0.80481 0.00000  0.82489 0.17453
 111  0.80444 0.00000  0.82471 0.17457
 112  0.81762 0.00000  0.82516 0.17450
 113  0.81976 0.00000  0.82499 0.17452
 114  0.81804 0.00000  0.82507 0.17450
 115  0.81148 0.00000  0.82509 0.17451
 116  0.80860 0.00000  0.82516 0.17451
 117  0.80399 0.00000  0.82501 0.17454
 118  0.82846 0.00000  0.82494 0.17453
 119  0.82041 0.00000  0.82475 0.17457
 120  0.81063 0.00000  0.82484 0.17456
 121  0.81250 0.00000  0.82481 0.17458
 122  0.80355 0.00000  0.82487 0.17458
 123  0.80758 0.00000  0.82485 0.17459
 124  0.81578 0.00000  0.82482 0.17460
 125  0.80373 0.00000  0.82527 0.17455
 126  0.81625 0.00000  0.82498 0.17458
 127  0.80936 0.00000  0.82483 0.17461
 128  0.81384 0.00000  0.82505 0.17461
 129  0.81087 0.00000  0.82507 0.17462
 130  0.80437 0.00000  0.82499 0.17462
 131  0.79858 0.00000  0.82486 0.17464
 132  0.81319 0.00000  0.82509 0.17462
 133  0.81181 0.00000  0.82530 0.17460
 134  0.79834 0.00000  0.82492 0.17463
 135  0.81224 0.00000  0.82488 0.17464
 136  0.81226 0.00000  0.82478 0.17467
 137  0.82718 0.00000  0.82481 0.17467
 138  0.82305 0.00000  0.82485 0.17466
 139  0.81918 0.00000  0.82484 0.17466
 140  0.81117 0.00000  0.82494 0.17465
 141  0.81159 0.00000  0.82511 0.17463
 142  0.79819 0.00000  0.82483 0.17467
 143  0.81770 0.00000  0.82496 0.17465
 144  0.80814 0.00000  0.82505 0.17465
 145  0.82664 0.00000  0.82500 0.17465
 146  0.79852 0.00000  0.82484 0.17472
 147  0.81998 0.00000  0.82496 0.17468
 148  0.80503 0.00000  0.82504 0.17467
 149  0.82732 0.00000  0.82495 0.17469
 150  0.79848 0.00000  0.82505 0.17467
 151  0.81230 0.00000  0.82503 0.17468
 152  0.82817 0.00000  0.82529 0.17465
 153  0.81891 0.00000  0.82538 0.17464
 154  0.80834 0.00000  0.82577 0.17463
 155  0.80078 0.00000  0.82572 0.17463
 156  0.80761 0.00000  0.82544 0.17465
 157  0.81736 0.00000  0.82519 0.17467
 158  0.81349 0.00000  0.82508 0.17470
 159  0.81702 0.00000  0.82511 0.17470
 160  0.82295 0.00000  0.82499 0.17473
 161  0.82412 0.00000  0.82499 0.17474
 162  0.82930 0.00000  0.82503 0.17475
 163  0.81022 0.00000  0.82499 0.17475
 164  0.81300 0.00000  0.82495 0.17478
 165  0.80533 0.00000  0.82491 0.17480
 166  0.80485 0.00000  0.82489 0.17480
 167  0.82400 0.00000  0.82494 0.17480
 168  0.80599 0.00000  0.82492 0.17479
 169  0.80590 0.00000  0.82488 0.17483
 170  0.79296 0.00000  0.82488 0.17481
 171  0.81974 0.00000  0.82503 0.17478
 172  0.80819 0.00000  0.82522 0.17476
 173  0.80449 0.00000  0.82503 0.17479
 174  0.80076 0.00000  0.82487 0.17482
 175  0.80802 0.00000  0.82511 0.17479
 176  0.81880 0.00000  0.82503 0.17480
 177  0.80219 0.00000  0.82512 0.17480
 178  0.79116 0.00000  0.82507 0.17481
 179  0.81233 0.00000  0.82522 0.17480
 180  0.80522 0.00000  0.82565 0.17478
 181  0.79905 0.00000  0.82534 0.17480
 182  0.80187 0.00000  0.82522 0.17481
 183  0.81694 0.00000  0.82518 0.17481
 184  0.81900 0.00000  0.82515 0.17482
 185  0.81682 0.00000  0.82499 0.17484
 186  0.81941 0.00000  0.82512 0.17483
 187  0.80833 0.00000  0.82507 0.17484
 188  0.80181 0.00000  0.82517 0.17483
 189  0.81544 0.00000  0.82501 0.17485
 190  0.81339 0.00000  0.82492 0.17488
 191  0.81744 0.00000  0.82494 0.17489
 192  0.81540 0.00000  0.82499 0.17487
 193  0.81526 0.00000  0.82497 0.17488
 194  0.79944 0.00000  0.82513 0.17485
 195  0.79988 0.00000  0.82519 0.17484
 196  0.81209 0.00000  0.82514 0.17485
 197  0.81535 0.00000  0.82538 0.17484
 198  0.82043 0.00000  0.82541 0.17483
 199  0.81160 0.00000  0.82542 0.17483
 200  0.80710 0.00000  0.82499 0.17489
 201  0.81424 0.00000  0.82510 0.17487
 202  0.80338 0.00000  0.82509 0.17488
 203  0.80914 0.00000  0.82513 0.17487
 204  0.79880 0.00000  0.82496 0.17490
 205  0.81213 0.00000  0.82502 0.17489
 206  0.81224 0.00000  0.82514 0.17488
 207  0.83419 0.00000  0.82514 0.17488
 208  0.81901 0.00000  0.82507 0.17488
 209  0.80702 0.00000  0.82503 0.17489
 210  0.81134 0.00000  0.82502 0.17489
 211  0.80609 0.00000  0.82545 0.17485
 212  0.82211 0.00000  0.82503 0.17489
 213  0.81127 0.00000  0.82498 0.17491
 214  0.80059 0.00000  0.82495 0.17491
 215  0.80035 0.00000  0.82496 0.17490
 216  0.81434 0.00000  0.82492 0.17492
 217  0.82051 0.00000  0.82525 0.17487
 218  0.80001 0.00000  0.82550 0.17486
 219  0.80236 0.00000  0.82544 0.17486
 220  0.80720 0.00000  0.82530 0.17487
 221  0.81634 0.00000  0.82551 0.17486
 222  0.81522 0.00000  0.82499 0.17490
 223  0.82427 0.00000  0.82506 0.17490
 224  0.80509 0.00000  0.82499 0.17491
 225  0.81560 0.00000  0.82509 0.17489
 226  0.79527 0.00000  0.82504 0.17490
 227  0.82356 0.00000  0.82529 0.17487
 228  0.80317 0.00000  0.82513 0.17489
 229  0.79948 0.00000  0.82520 0.17489
 230  0.82425 0.00000  0.82547 0.17487
 231  0.81094 0.00000  0.82508 0.17490
 232  0.80290 0.00000  0.82515 0.17489
 233  0.81959 0.00000  0.82496 0.17493
 234  0.82501 0.00000  0.82516 0.17489
 235  0.81104 0.00000  0.82525 0.17489
 236  0.80526 0.00000  0.82505 0.17491
 237  0.81863 0.00000  0.82527 0.17489
 238  0.79800 0.00000  0.82516 0.17490
 239  0.81029 0.00000  0.82529 0.17488
 240  0.82334 0.00000  0.82524 0.17489
 241  0.80544 0.00000  0.82510 0.17491
 242  0.81711 0.00000  0.82530 0.17489
 243  0.80361 0.00000  0.82526 0.17489
 244  0.80327 0.00000  0.82517 0.17490
 245  0.81646 0.00000  0.82510 0.17491
 246  0.80921 0.00000  0.82531 0.17488
 247  0.81428 0.00000  0.82550 0.17487
 248  0.81621 0.00000  0.82519 0.17490
 249  0.79365 0.00000  0.82514 0.17490
 250  0.80046 0.00000  0.82515 0.17491
 251  0.82452 0.00000  0.82493 0.17496
 252  0.82054 0.00000  0.82504 0.17492
 253  0.80958 0.00000  0.82495 0.17495
 254  0.80298 0.00000  0.82499 0.17492
 255  0.79563 0.00000  0.82519 0.17490
 256  0.81118 0.00000  0.82530 0.17489
 257  0.80550 0.00000  0.82495 0.17493
 258  0.81114 0.00000  0.82498 0.17492
 259  0.80216 0.00000  0.82494 0.17493
 260  0.81395 0.00000  0.82495 0.17493
 261  0.82319 0.00000  0.82501 0.17493
 262  0.80711 0.00000  0.82580 0.17486
 263  0.79760 0.00000  0.82557 0.17487
 264  0.79799 0.00000  0.82535 0.17489
 265  0.80446 0.00000  0.82499 0.17493
 266  0.80609 0.00000  0.82491 0.17494
 267  0.81014 0.00000  0.82492 0.17495
 268  0.81908 0.00000  0.82516 0.17491
 269  0.82240 0.00000  0.82550 0.17488
 270  0.81374 0.00000  0.82514 0.17491
 271  0.80307 0.00000  0.82510 0.17492
 272  0.80115 0.00000  0.82510 0.17492
 273  0.81268 0.00000  0.82514 0.17491
 274  0.79633 0.00000  0.82514 0.17491
 275  0.78463 0.00000  0.82509 0.17491
 276  0.79434 0.00000  0.82534 0.17489
 277  0.81234 0.00000  0.82514 0.17491
 278  0.79789 0.00000  0.82506 0.17492
 279  0.80584 0.00000  0.82496 0.17493
 280  0.81251 0.00000  0.82484 0.17495
 281  0.79109 0.00000  0.82510 0.17492
 282  0.81663 0.00000  0.82491 0.17494
 283  0.81197 0.00000  0.82488 0.17495
 284  0.78482 0.00000  0.82497 0.17493
 285  0.82121 0.00000  0.82507 0.17492
 286  0.81016 0.00000  0.82499 0.17493
 287  0.80978 0.00000  0.82489 0.17495
 288  0.81505 0.00000  0.82512 0.17491
 289  0.80948 0.00000  0.82518 0.17490
 290  0.82183 0.00000  0.82543 0.17488
 291  0.81688 0.00000  0.82507 0.17492
 292  0.81137 0.00000  0.82491 0.17495
 293  0.80612 0.00000  0.82485 0.17498
 294  0.80930 0.00000  0.82497 0.17494
 295  0.81038 0.00000  0.82487 0.17496
 296  0.80088 0.00000  0.82485 0.17497
 297  0.81441 0.00000  0.82486 0.17497
 298  0.81602 0.00000  0.82499 0.17493
 299  0.84122 0.00000  0.82509 0.17492
 300  0.81354 0.00000  0.82506 0.17493
 301  0.82252 0.00000  0.82519 0.17492
 302  0.81808 0.00000  0.82516 0.17492
 303  0.81293 0.00000  0.82557 0.17488
 304  0.81150 0.00000  0.82533 0.17489
 305  0.79701 0.00000  0.82509 0.17492
 306  0.80577 0.00000  0.82525 0.17490
 307  0.80111 0.00000  0.82530 0.17490
 308  0.80368 0.00000  0.82537 0.17488
 309  0.81733 0.00000  0.82497 0.17495
 310  0.80281 0.00000  0.82492 0.17496
 311  0.80300 0.00000  0.82501 0.17493
 312  0.80567 0.00000  0.82492 0.17495
 313  0.82245 0.00000  0.82498 0.17494
 314  0.80672 0.00000  0.82497 0.17494
 315  0.81847 0.00000  0.82497 0.17494
 316  0.79129 0.00000  0.82489 0.17496
 317  0.81400 0.00000  0.82490 0.17497
 318  0.81425 0.00000  0.82492 0.17497
 319  0.80436 0.00000  0.82490 0.17497
 320  0.80324 0.00000  0.82490 0.17496
 321  0.81383 0.00000  0.82498 0.17494
 322  0.81667 0.00000  0.82534 0.17490
 323  0.80142 0.00000  0.82527 0.17491
 324  0.81734 0.00000  0.82550 0.17489
 325  0.81286 0.00000  0.82527 0.17490
 326  0.82609 0.00000  0.82580 0.17486
 327  0.78855 0.00000  0.82528 0.17490
 328  0.80561 0.00000  0.82504 0.17493
 329  0.81426 0.00000  0.82510 0.17492
 330  0.81143 0.00000  0.82502 0.17494
 331  0.81136 0.00000  0.82488 0.17498
 332  0.79769 0.00000  0.82490 0.17496
 333  0.82356 0.00000  0.82497 0.17495
 334  0.80383 0.00000  0.82500 0.17494
 335  0.80655 0.00000  0.82495 0.17495
 336  0.80894 0.00000  0.82501 0.17493
 337  0.80720 0.00000  0.82490 0.17497
 338  0.80255 0.00000  0.82495 0.17494
 339  0.79393 0.00000  0.82516 0.17491
 340  0.82402 0.00000  0.82494 0.17495
 341  0.80960 0.00000  0.82498 0.17494
 342  0.81475 0.00000  0.82506 0.17493
 343  0.81197 0.00000  0.82499 0.17494
 344  0.80681 0.00000  0.82492 0.17495
 345  0.82107 0.00000  0.82497 0.17494
 346  0.80590 0.00000  0.82493 0.17496
 347  0.79215 0.00000  0.82487 0.17496
 348  0.80115 0.00000  0.82491 0.17495
 349  0.81310 0.00000  0.82500 0.17493
 350  0.80911 0.00000  0.82493 0.17495
 351  0.80829 0.00000  0.82496 0.17494
 352  0.79433 0.00000  0.82513 0.17491
 353  0.81948 0.00000  0.82525 0.17490
 354  0.82087 0.00000  0.82497 0.17495
 355  0.81160 0.00000  0.82505 0.17492
 356  0.81420 0.00000  0.82514 0.17491
 357  0.81814 0.00000  0.82502 0.17495
 358  0.80250 0.00000  0.82505 0.17493
 359  0.80738 0.00000  0.82495 0.17495
 360  0.82670 0.00000  0.82514 0.17492
 361  0.81720 0.00000  0.82506 0.17493
 362  0.81025 0.00000  0.82500 0.17496
 363  0.82696 0.00000  0.82504 0.17496
 364  0.81269 0.00000  0.82503 0.17498
 365  0.81090 0.00000  0.82505 0.17496
 366  0.82124 0.00000  0.82507 0.17497
 367  0.81003 0.00000  0.82512 0.17494
 368  0.81585 0.00000  0.82511 0.17494
 369  0.80628 0.00000  0.82540 0.17488
 370  0.79954 0.00000  0.82592 0.17483
 371  0.82549 0.00000  0.82546 0.17486
 372  0.79885 0.00000  0.82545 0.17486
 373  0.81156 0.00000  0.82544 0.17486
 374  0.80799 0.00000  0.82520 0.17488
 375  0.80633 0.00000  0.82513 0.17490
 376  0.81927 0.00000  0.82521 0.17489
 377  0.81399 0.00000  0.82524 0.17488
 378  0.82407 0.00000  0.82518 0.17489
 379  0.81189 0.00000  0.82508 0.17492
 380  0.80647 0.00000  0.82524 0.17488
 381  0.81049 0.00000  0.82525 0.17487
 382  0.81400 0.00000  0.82543 0.17485
 383  0.81115 0.00000  0.82527 0.17487
 384  0.79956 0.00000  0.82522 0.17487
 385  0.82288 0.00000  0.82521 0.17488
 386  0.80319 0.00000  0.82516 0.17488
 387  0.81198 0.00000  0.82507 0.17489
 388  0.80179 0.00000  0.82511 0.17488
 389  0.79902 0.00000  0.82583 0.17481
 390  0.82136 0.00000  0.82538 0.17485
 391  0.83344 0.00000  0.82508 0.17490
 392  0.81914 0.00000  0.82528 0.17487
 393  0.81743 0.00000  0.82512 0.17491
 394  0.79930 0.00000  0.82525 0.17487
 395  0.80946 0.00000  0.82527 0.17487
 396  0.80814 0.00000  0.82512 0.17489
 397  0.81839 0.00000  0.82531 0.17486
 398  0.80800 0.00000  0.82524 0.17487
 399  0.81063 0.00000  0.82528 0.17487
 400  0.81110 0.00000  0.82547 0.17485
 401  0.79753 0.00000  0.82554 0.17484
 402  0.82099 0.00000  0.82542 0.17485
 403  0.81810 0.00000  0.82531 0.17487
 404  0.80610 0.00000  0.82551 0.17485
 405  0.80456 0.00000  0.82518 0.17488
 406  0.81139 0.00000  0.82518 0.17489
 407  0.81367 0.00000  0.82568 0.17484
 408  0.79866 0.00000  0.82564 0.17485
 409  0.81719 0.00000  0.82566 0.17484
 410  0.81861 0.00000  0.82541 0.17486
 411  0.79918 0.00000  0.82545 0.17485
 412  0.80817 0.00000  0.82526 0.17487
 413  0.81783 0.00000  0.82526 0.17488
 414  0.80415 0.00000  0.82559 0.17484
 415  0.80237 0.00000  0.82577 0.17483
 416  0.82912 0.00000  0.82518 0.17490
 417  0.79538 0.00000  0.82525 0.17488
 418  0.81464 0.00000  0.82526 0.17487
 419  0.81786 0.00000  0.82552 0.17484
 420  0.80636 0.00000  0.82532 0.17487
 421  0.82072 0.00000  0.82528 0.17487
 422  0.81442 0.00000  0.82517 0.17490
 423  0.81695 0.00000  0.82524 0.17488
 424  0.81122 0.00000  0.82512 0.17492
 425  0.82242 0.00000  0.82528 0.17488
 426  0.81583 0.00000  0.82534 0.17488
 427  0.82241 0.00000  0.82557 0.17485
 428  0.80882 0.00000  0.82546 0.17486
 429  0.80514 0.00000  0.82526 0.17488
 430  0.81272 0.00000  0.82514 0.17493
 431  0.81445 0.00000  0.82515 0.17491
 432  0.80882 0.00000  0.82523 0.17489
 433  0.81478 0.00000  0.82518 0.17492
 434  0.80591 0.00000  0.82529 0.17489
 435  0.81649 0.00000  0.82541 0.17488
 436  0.80806 0.00000  0.82517 0.17492
 437  0.81867 0.00000  0.82517 0.17494
 438  0.80862 0.00000  0.82533 0.17488
 439  0.80867 0.00000  0.82543 0.17487
 440  0.80253 0.00000  0.82520 0.17492
 441  0.80164 0.00000  0.82532 0.17489
 442  0.80256 0.00000  0.82559 0.17486
 443  0.81319 0.00000  0.82527 0.17490
 444  0.82110 0.00000  0.82529 0.17490
 445  0.80917 0.00000  0.82532 0.17489
 446  0.82585 0.00000  0.82565 0.17485
 447  0.80279 0.00000  0.82543 0.17488
 448  0.80954 0.00000  0.82521 0.17492
 449  0.79909 0.00000  0.82538 0.17489
 450  0.79999 0.00000  0.82523 0.17491
 451  0.81504 0.00000  0.82518 0.17494
 452  0.80532 0.00000  0.82519 0.17494
 453  0.81037 0.00000  0.82520 0.17493
 454  0.81702 0.00000  0.82520 0.17494
 455  0.82598 0.00000  0.82532 0.17491
 456  0.81879 0.00000  0.82522 0.17494
 457  0.81176 0.00000  0.82537 0.17489
 458  0.81716 0.00000  0.82534 0.17491
 459  0.80400 0.00000  0.82566 0.17486
 460  0.82278 0.00000  0.82562 0.17486
 461  0.81310 0.00000  0.82567 0.17485
 462  0.81300 0.00000  0.82555 0.17487
 463  0.81595 0.00000  0.82573 0.17484
 464  0.80898 0.00000  0.82544 0.17489
 465  0.82268 0.00000  0.82555 0.17487
 466  0.80035 0.00000  0.82579 0.17484
 467  0.80378 0.00000  0.82582 0.17483
 468  0.81656 0.00000  0.82543 0.17489
 469  0.80302 0.00000  0.82531 0.17492
 470  0.79920 0.00000  0.82566 0.17486
 471  0.80732 0.00000  0.82612 0.17482
 472  0.81034 0.00000  0.82571 0.17485
 473  0.81823 0.00000  0.82538 0.17490
 474  0.82340 0.00000  0.82557 0.17487
 475  0.81800 0.00000  0.82561 0.17487
 476  0.81064 0.00000  0.82578 0.17485
 477  0.82700 0.00000  0.82615 0.17482
 478  0.80603 0.00000  0.82564 0.17487
 479  0.80529 0.00000  0.82548 0.17489
 480  0.79039 0.00000  0.82544 0.17489
 481  0.80628 0.00000  0.82524 0.17493
 482  0.81616 0.00000  0.82570 0.17486
 483  0.80018 0.00000  0.82593 0.17484
 484  0.80312 0.00000  0.82549 0.17489
 485  0.80576 0.00000  0.82526 0.17493
 486  0.81561 0.00000  0.82533 0.17492
 487  0.82041 0.00000  0.82524 0.17496
 488  0.80380 0.00000  0.82530 0.17493
 489  0.81322 0.00000  0.82534 0.17493
 490  0.80954 0.00000  0.82542 0.17491
 491  0.81149 0.00000  0.82541 0.17491
 492  0.79653 0.00000  0.82528 0.17494
 493  0.81089 0.00000  0.82522 0.17497
 494  0.80652 0.00000  0.82533 0.17493
 495  0.80857 0.00000  0.82542 0.17491
 496  0.80305 0.00000  0.82535 0.17493
 497  0.81304 0.00000  0.82548 0.17490
 498  0.83064 0.00000  0.82533 0.17495
 499  0.80344 0.00000  0.82524 0.17499
 500  0.81036 0.00000  0.82549 0.17491
 501  0.80356 0.00000  0.82531 0.17495
 502  0.81195 0.00000  0.82525 0.17498
 503  0.81249 0.00000  0.82532 0.17495
 504  0.81147 0.00000  0.82538 0.17494
 505  0.80324 0.00000  0.82553 0.17491
 506  0.80539 0.00000  0.82584 0.17488
 507  0.79555 0.00000  0.82560 0.17490
 508  0.82049 0.00000  0.82577 0.17488
 509  0.81762 0.00000  0.82558 0.17490
 510  0.79882 0.00000  0.82563 0.17489
 511  0.80922 0.00000  0.82559 0.17489
 512  0.82487 0.00000  0.82579 0.17488
 513  0.80254 0.00000  0.82550 0.17491
 514  0.80595 0.00000  0.82566 0.17488
 515  0.81022 0.00000  0.82530 0.17497
 516  0.81524 0.00000  0.82531 0.17498
 517  0.81102 0.00000  0.82537 0.17496
 518  0.79732 0.00000  0.82551 0.17493
 519  0.81756 0.00000  0.82553 0.17493
 520  0.80307 0.00000  0.82579 0.17490
 521  0.80267 0.00000  0.82572 0.17490
 522  0.82127 0.00000  0.82599 0.17488
 523  0.81769 0.00000  0.82559 0.17493
 524  0.80519 0.00000  0.82552 0.17493
 525  0.81480 0.00000  0.82542 0.17496
 526  0.82333 0.00000  0.82536 0.17500
 527  0.81082 0.00000  0.82541 0.17498
 528  0.82687 0.00000  0.82550 0.17495
 529  0.81884 0.00000  0.82561 0.17493
 530  0.80402 0.00000  0.82542 0.17497
 531  0.80957 0.00000  0.82540 0.17498
 532  0.81394 0.00000  0.82560 0.17492
 533  0.79567 0.00000  0.82569 0.17491
 534  0.82806 0.00000  0.82561 0.17492
 535  0.80216 0.00000  0.82555 0.17493
 536  0.80441 0.00000  0.82545 0.17495
 537  0.79640 0.00000  0.82546 0.17495
 538  0.81215 0.00000  0.82538 0.17497
 539  0.80259 0.00000  0.82552 0.17494
 540  0.81395 0.00000  0.82569 0.17491
 541  0.81830 0.00000  0.82540 0.17497
 542  0.82260 0.00000  0.82545 0.17496
 543  0.81481 0.00000  0.82573 0.17491
 544  0.80506 0.00000  0.82543 0.17497
 545  0.79980 0.00000  0.82551 0.17495
 546  0.81170 0.00000  0.82548 0.17496
 547  0.81927 0.00000  0.82557 0.17495
 548  0.80797 0.00000  0.82539 0.17500
 549  0.81000 0.00000  0.82545 0.17498
 550  0.81541 0.00000  0.82551 0.17497
 551  0.82798 0.00000  0.82552 0.17498
 552  0.81273 0.00000  0.82573 0.17494
 553  0.82736 0.00000  0.82567 0.17496
 554  0.80753 0.00000  0.82553 0.17499
 555  0.82386 0.00000  0.82547 0.17503
 556  0.81023 0.00000  0.82544 0.17507
 557  0.80895 0.00000  0.82545 0.17510
 558  0.81007 0.00000  0.82542 0.17508
 559  0.81107 0.00000  0.82546 0.17512
 560  0.81947 0.00000  0.82546 0.17505
 561  0.80972 0.00000  0.82550 0.17502
 562  0.81966 0.00000  0.82552 0.17502
 563  0.80702 0.00000  0.82545 0.17505
 564  0.82459 0.00000  0.82548 0.17505
 565  0.80923 0.00000  0.82564 0.17498
 566  0.80193 0.00000  0.82552 0.17502
 567  0.81387 0.00000  0.82584 0.17495
 568  0.81769 0.00000  0.82555 0.17503
 569  0.82907 0.00000  0.82561 0.17502
 570  0.80699 0.00000  0.82557 0.17502
 571  0.80241 0.00000  0.82555 0.17502
 572  0.80986 0.00000  0.82571 0.17498
 573  0.81938 0.00000  0.82570 0.17499
 574  0.81742 0.00000  0.82552 0.17506
 575  0.81258 0.00000  0.82567 0.17500
 576  0.83094 0.00000  0.82556 0.17507
 577  0.79604 0.00000  0.82555 0.17506
 578  0.81343 0.00000  0.82575 0.17498
 579  0.81417 0.00000  0.82584 0.17497
 580  0.81100 0.00000  0.82567 0.17500
 581  0.82451 0.00000  0.82574 0.17499
 582  0.83180 0.00000  0.82571 0.17501
 583  0.82553 0.00000  0.82618 0.17492
 584  0.80425 0.00000  0.82645 0.17488
 585  0.80225 0.00000  0.82614 0.17492
 586  0.79787 0.00000  0.82597 0.17494
 587  0.83303 0.00000  0.82577 0.17498
 588  0.79745 0.00000  0.82555 0.17504
 589  0.79171 0.00000  0.82546 0.17508
 590  0.80763 0.00000  0.82551 0.17503
 591  0.82116 0.00000  0.82550 0.17505
 592  0.80079 0.00000  0.82554 0.17502
 593  0.81496 0.00000  0.82572 0.17496
 594  0.81839 0.00000  0.82563 0.17498
 595  0.80416 0.00000  0.82558 0.17499
 596  0.80589 0.00000  0.82569 0.17496
 597  0.82427 0.00000  0.82558 0.17500
 598  0.80268 0.00000  0.82545 0.17504
 599  0.80961 0.00000  0.82544 0.17505
 600  0.81621 0.00000  0.82548 0.17503
 601  0.82153 0.00000  0.82545 0.17506
 602  0.80046 0.00000  0.82548 0.17504
 603  0.80551 0.00000  0.82547 0.17503
 604  0.81000 0.00000  0.82542 0.17507
 605  0.79790 0.00000  0.82558 0.17500
 606  0.81475 0.00000  0.82573 0.17496
 607  0.80853 0.00000  0.82571 0.17496
 608  0.81175 0.00000  0.82557 0.17499
 609  0.81563 0.00000  0.82552 0.17502
 610  0.80212 0.00000  0.82595 0.17493
 611  0.80389 0.00000  0.82554 0.17500
 612  0.82148 0.00000  0.82552 0.17501
 613  0.81261 0.00000  0.82548 0.17502
 614  0.81332 0.00000  0.82541 0.17507
 615  0.80568 0.00000  0.82543 0.17505
 616  0.81709 0.00000  0.82545 0.17504
 617  0.81506 0.00000  0.82542 0.17506
 618  0.81184 0.00000  0.82542 0.17506
 619  0.83851 0.00000  0.82554 0.17503
 620  0.81460 0.00000  0.82554 0.17503
 621  0.80596 0.00000  0.82584 0.17495
 622  0.81799 0.00000  0.82593 0.17494
 623  0.80990 0.00000  0.82589 0.17494
 624  0.81835 0.00000  0.82564 0.17498
 625  0.81283 0.00000  0.82584 0.17495
 626  0.78905 0.00000  0.82576 0.17496
 627  0.81744 0.00000  0.82581 0.17495
 628  0.82285 0.00000  0.82584 0.17495
 629  0.80842 0.00000  0.82573 0.17497
 630  0.81362 0.00000  0.82560 0.17500
 631  0.81205 0.00000  0.82573 0.17497
 632  0.81527 0.00000  0.82565 0.17498
 633  0.81463 0.00000  0.82581 0.17496
 634  0.81656 0.00000  0.82564 0.17498
 635  0.80930 0.00000  0.82553 0.17502
 636  0.80145 0.00000  0.82583 0.17494
 637  0.80481 0.00000  0.82578 0.17496
 638  0.80963 0.00000  0.82585 0.17494
 639  0.80529 0.00000  0.82601 0.17492
 640  0.82899 0.00000  0.82601 0.17493
 641  0.81567 0.00000  0.82581 0.17496
 642  0.81995 0.00000  0.82579 0.17496
 643  0.82110 0.00000  0.82586 0.17496
 644  0.81686 0.00000  0.82563 0.17500
 645  0.81454 0.00000  0.82600 0.17493
 646  0.82492 0.00000  0.82578 0.17496
 647  0.80949 0.00000  0.82588 0.17494
 648  0.81659 0.00000  0.82616 0.17490
 649  0.81992 0.00000  0.82556 0.17501
 650  0.81896 0.00000  0.82568 0.17497
 651  0.81811 0.00000  0.82559 0.17499
 652  0.80598 0.00000  0.82581 0.17494
 653  0.80542 0.00000  0.82564 0.17497
 654  0.80244 0.00000  0.82556 0.17498
 655  0.81731 0.00000  0.82557 0.17499
 656  0.80803 0.00000  0.82562 0.17497
 657  0.80583 0.00000  0.82547 0.17501
 658  0.81292 0.00000  0.82542 0.17508
 659  0.81060 0.00000  0.82543 0.17504
 660  0.82012 0.00000  0.82561 0.17497
 661  0.81396 0.00000  0.82548 0.17501
 662  0.82920 0.00000  0.82561 0.17497
 663  0.81510 0.00000  0.82578 0.17495
 664  0.80742 0.00000  0.82597 0.17492
 665  0.78658 0.00000  0.82557 0.17497
 666  0.80559 0.00000  0.82572 0.17495
 667  0.82428 0.00000  0.82553 0.17498
 668  0.81244 0.00000  0.82547 0.17501
 669  0.79308 0.00000  0.82554 0.17497
 670  0.80899 0.00000  0.82580 0.17493
 671  0.83095 0.00000  0.82591 0.17492
 672  0.81890 0.00000  0.82565 0.17495
 673  0.81197 0.00000  0.82561 0.17497
 674  0.80090 0.00000  0.82549 0.17499
 675  0.81314 0.00000  0.82549 0.17499
 676  0.82903 0.00000  0.82574 0.17495
 677  0.81470 0.00000  0.82561 0.17496
 678  0.80402 0.00000  0.82565 0.17495
 679  0.81242 0.00000  0.82553 0.17497
 680  0.80624 0.00000  0.82562 0.17495
 681  0.80896 0.00000  0.82543 0.17500
 682  0.79332 0.00000  0.82577 0.17492
 683  0.82481 0.00000  0.82553 0.17496
 684  0.80667 0.00000  0.82539 0.17501
 685  0.82406 0.00000  0.82545 0.17498
 686  0.82476 0.00000  0.82558 0.17495
 687  0.80931 0.00000  0.82541 0.17502
 688  0.80413 0.00000  0.82543 0.17500
 689  0.80859 0.00000  0.82538 0.17503
 690  0.80872 0.00000  0.82548 0.17498
 691  0.79783 0.00000  0.82554 0.17497
 692  0.80690 0.00000  0.82558 0.17496
 693  0.81565 0.00000  0.82552 0.17498
 694  0.79658 0.00000  0.82562 0.17497
 695  0.80542 0.00000  0.82595 0.17492
 696  0.79642 0.00000  0.82588 0.17493
 697  0.82474 0.00000  0.82554 0.17497
 698  0.81373 0.00000  0.82566 0.17496
 699  0.80605 0.00000  0.82547 0.17500
 700  0.79716 0.00000  0.82560 0.17496
 701  0.81494 0.00000  0.82540 0.17502
 702  0.80278 0.00000  0.82537 0.17504
 703  0.81125 0.00000  0.82562 0.17497
 704  0.80655 0.00000  0.82544 0.17499
 705  0.80397 0.00000  0.82575 0.17494
 706  0.81032 0.00000  0.82552 0.17497
 707  0.80482 0.00000  0.82559 0.17496
 708  0.82136 0.00000  0.82558 0.17496
 709  0.79911 0.00000  0.82549 0.17498
 710  0.81337 0.00000  0.82540 0.17501
 711  0.80896 0.00000  0.82538 0.17503
 712  0.81395 0.00000  0.82537 0.17503
 713  0.81438 0.00000  0.82557 0.17497
 714  0.81990 0.00000  0.82538 0.17505
 715  0.82173 0.00000  0.82545 0.17501
 716  0.82226 0.00000  0.82571 0.17495
 717  0.79931 0.00000  0.82538 0.17504
 718  0.79094 0.00000  0.82537 0.17502
 719  0.80328 0.00000  0.82550 0.17497
 720  0.82641 0.00000  0.82561 0.17496
 721  0.81482 0.00000  0.82558 0.17496
 722  0.80497 0.00000  0.82539 0.17500
 723  0.82176 0.00000  0.82557 0.17496
 724  0.82250 0.00000  0.82544 0.17498
 725  0.80686 0.00000  0.82543 0.17498
 726  0.81779 0.00000  0.82542 0.17499
 727  0.80468 0.00000  0.82571 0.17494
 728  0.81352 0.00000  0.82620 0.17488
 729  0.81354 0.00000  0.82631 0.17487
 730  0.80034 0.00000  0.82621 0.17487
 731  0.81588 0.00000  0.82572 0.17492
 732  0.81404 0.00000  0.82580 0.17490
 733  0.83315 0.00000  0.82581 0.17490
 734  0.80635 0.00000  0.82573 0.17492
 735  0.80401 0.00000  0.82583 0.17490
 736  0.80946 0.00000  0.82579 0.17491
 737  0.81120 0.00000  0.82551 0.17496
 738  0.81431 0.00000  0.82564 0.17493
 739  0.81921 0.00000  0.82556 0.17495
 740  0.79859 0.00000  0.82543 0.17498
 741  0.80091 0.00000  0.82537 0.17500
 742  0.80286 0.00000  0.82532 0.17504
 743  0.79759 0.00000  0.82529 0.17506
 744  0.82287 0.00000  0.82538 0.17500
 745  0.81893 0.00000  0.82573 0.17494
 746  0.79619 0.00000  0.82594 0.17491
 747  0.81016 0.00000  0.82566 0.17495
 748  0.79523 0.00000  0.82555 0.17497
 749  0.81225 0.00000  0.82578 0.17494
 750  0.80550 0.00000  0.82581 0.17493
 751  0.81109 0.00000  0.82579 0.17493
 752  0.81590 0.00000  0.82567 0.17494
 753  0.80607 0.00000  0.82536 0.17500
 754  0.82709 0.00000  0.82535 0.17503
 755  0.79357 0.00000  0.82539 0.17500
 756  0.80838 0.00000  0.82557 0.17497
 757  0.80077 0.00000  0.82554 0.17497
 758  0.82745 0.00000  0.82538 0.17500
 759  0.83651 0.00000  0.82538 0.17501
 760  0.82036 0.00000  0.82564 0.17496
 761  0.82672 0.00000  0.82553 0.17498
 762  0.81718 0.00000  0.82571 0.17495
 763  0.80699 0.00000  0.82575 0.17495
 764  0.81283 0.00000  0.82590 0.17494
 765  0.79748 0.00000  0.82554 0.17499
 766  0.81435 0.00000  0.82544 0.17503
 767  0.80297 0.00000  0.82557 0.17498
 768  0.79839 0.00000  0.82544 0.17501
 769  0.81392 0.00000  0.82539 0.17504
 770  0.81176 0.00000  0.82544 0.17502
 771  0.80001 0.00000  0.82535 0.17507
 772  0.82237 0.00000  0.82539 0.17504
 773  0.80845 0.00000  0.82539 0.17504
 774  0.81391 0.00000  0.82565 0.17496
 775  0.80368 0.00000  0.82570 0.17495
 776  0.82182 0.00000  0.82562 0.17496
 777  0.80971 0.00000  0.82551 0.17498
 778  0.81235 0.00000  0.82545 0.17498
 779  0.82453 0.00000  0.82570 0.17494
 780  0.81022 0.00000  0.82569 0.17495
 781  0.80368 0.00000  0.82567 0.17495
 782  0.82224 0.00000  0.82548 0.17498
 783  0.82190 0.00000  0.82571 0.17494
 784  0.80740 0.00000  0.82553 0.17496
 785  0.81438 0.00000  0.82544 0.17500
 786  0.80688 0.00000  0.82541 0.17505
 787  0.81385 0.00000  0.82540 0.17504
 788  0.80352 0.00000  0.82544 0.17499
 789  0.81239 0.00000  0.82546 0.17499
 790  0.80449 0.00000  0.82563 0.17496
 791  0.80988 0.00000  0.82564 0.17495
 792  0.81529 0.00000  0.82552 0.17497
 793  0.80631 0.00000  0.82547 0.17498
 794  0.81640 0.00000  0.82553 0.17497
 795  0.82091 0.00000  0.82560 0.17496
 796  0.80848 0.00000  0.82559 0.17496
 797  0.81826 0.00000  0.82592 0.17491
 798  0.80491 0.00000  0.82550 0.17498
 799  0.82224 0.00000  0.82554 0.17498
chose model 711 L_auc_712
chose model 260 L_auc_261
chose model 775 L_auc_776
chose model 333 L_auc_334
chose model 1016 L_auc_1017
chose model 1058 L_auc_1059
chose model 1051 L_auc_1052
chose model 1140 L_auc_1141
chose model 659 L_auc_660
chose model 835 L_auc_836
processing 10000 predictions...

0%   10   20   30   40   50   60   70   80   90   100%
|----|----|----|----|----|----|----|----|----|----|
***************************************************
 done.
elapsed: [11901.87s cpu, 8844762.1677 mticks, 3309.27s wall]
score: 0.1581  baseline: 0.1635  diff: -0.00535
category UNKNOWN: count 0 avg error 0 baseline avg error 0 avg improvement 0
category AUTO: count 3347 avg error 0.0522704 baseline avg error 0.0652753 avg improvement 0.0130049
category POSS: count 5942 avg error 0.16868 baseline avg error 0.171225 avg improvement 0.00254481
category IMP: count 711 avg error 0.568146 baseline avg error 0.56085 avg improvement -0.00729624
overall: count 10000 avg error 0.15812 baseline avg error 0.163466 avg improvement 0.0053461
worst entries: 
0: 2576  label: 1 pred: -0.832272 bl: 0.1084 POSS error_pred: 0.894464 error_bl: 0.372362 improvement: -0.522103
    min: -0.83  max: 0.7845 avg: 0.0583975
explanation: 
no explanation

1: 1761  label: 1 pred: -0.744561 bl: 0.09385 POSS error_pred: 0.822182 error_bl: 0.391478 improvement: -0.430705
    min: -0.812  max: 0.6365 avg: -0.0227042
explanation: 
no explanation

2: 4928  label: 1 pred: -0.818533 bl: -0.00395 POSS error_pred: 0.884309 error_bl: 0.518519 improvement: -0.365791
    min: -0.752  max: 0.583 avg: -0.0377841
explanation: 
no explanation

3: 8384  label: 1 pred: -0.406116 bl: 0.37445 POSS error_pred: 0.482278 error_bl: 0.122063 improvement: -0.360215
    min: -0.8005  max: 0.807 avg: 0.172712
explanation: 
no explanation

4: 3407  label: 1 pred: -0.640034 bl: 0.11985 POSS error_pred: 0.711868 error_bl: 0.357427 improvement: -0.354441
    min: -0.7165  max: 0.6685 avg: 0.0178354
explanation: 
no explanation

5: 272  label: 1 pred: -0.623257 bl: 0.11735 POSS error_pred: 0.69554 error_bl: 0.360912 improvement: -0.334628
    min: -0.6425  max: 0.555 avg: 0.0193666
explanation: 
no explanation

6: 4122  label: 1 pred: -0.862573 bl: -0.0529 POSS error_pred: 0.913381 error_bl: 0.580048 improvement: -0.333333
    min: -0.8785  max: 0.419 avg: -0.154837
explanation: 
no explanation

7: 2760  label: 1 pred: -0.38804 bl: 0.3423 POSS error_pred: 0.468937 error_bl: 0.140781 improvement: -0.328156
    min: -0.828  max: 0.798 avg: 0.2119
explanation: 
no explanation

8: 8419  label: 1 pred: -0.640821 bl: 0.0815 POSS error_pred: 0.712863 error_bl: 0.407806 improvement: -0.305058
    min: -0.438  max: 0.801 avg: 0.208023
explanation: 
no explanation

9: 1547  label: 1 pred: -0.977966 bl: -0.12985 POSS error_pred: 0.969534 error_bl: 0.683194 improvement: -0.28634
    min: -0.967  max: 0.6865 avg: -0.38775
explanation: 
no explanation

10: 931  label: 1 pred: -0.520556 bl: 0.16045 POSS error_pred: 0.592991 error_bl: 0.313023 improvement: -0.279968
    min: -0.6155  max: 0.849 avg: 0.147088
explanation: 
no explanation

11: 8757  label: 1 pred: -0.595471 bl: 0.0928 POSS error_pred: 0.666268 error_bl: 0.392274 improvement: -0.273994
    min: -0.7995  max: 0.5695 avg: -0.131028
explanation: 
no explanation

12: 1441  label: 1 pred: -0.399376 bl: 0.25165 POSS error_pred: 0.478296 error_bl: 0.214656 improvement: -0.26364
    min: -0.6365  max: 0.8185 avg: 0.176041
explanation: 
no explanation

13: 3873  label: 1 pred: -0.814714 bl: -0.08065 POSS error_pred: 0.881521 error_bl: 0.617881 improvement: -0.26364
    min: -0.8175  max: 0.5805 avg: 0.117659
explanation: 
no explanation

14: 8226  label: 1 pred: -0.624745 bl: 0.06075 POSS error_pred: 0.696734 error_bl: 0.433393 improvement: -0.263341
    min: -0.681  max: 0.742 avg: -0.00170503
explanation: 
no explanation

15: 9699  label: 1 pred: -0.306763 bl: 0.33255 POSS error_pred: 0.410195 error_bl: 0.14775 improvement: -0.262445
    min: -0.62  max: 0.862 avg: 0.14097
explanation: 
no explanation

16: 213  label: 1 pred: -0.408875 bl: 0.2362 POSS error_pred: 0.484269 error_bl: 0.229988 improvement: -0.254281
    min: -0.716  max: 0.578 avg: 0.00712641
explanation: 
no explanation

17: 1418  label: 1 pred: -0.509271 bl: 0.149 POSS error_pred: 0.580247 error_bl: 0.326961 improvement: -0.253286
    min: -0.859  max: 0.9175 avg: 0.0624135
explanation: 
no explanation

18: 2882  label: 1 pred: -0.417229 bl: 0.2224 POSS error_pred: 0.491438 error_bl: 0.241935 improvement: -0.249502
    min: -0.6785  max: 0.655 avg: 0.192834
explanation: 
no explanation

19: 7111  label: 1 pred: -0.630638 bl: 0.0451 POSS error_pred: 0.703305 error_bl: 0.453903 improvement: -0.249403
    min: -0.9275  max: 0.8345 avg: -0.0254127
explanation: 
no explanation

20: 5086  label: 1 pred: -0.294445 bl: 0.31715 POSS error_pred: 0.403027 error_bl: 0.1591 improvement: -0.243927
    min: -0.8305  max: 0.569 avg: 0.0911051
explanation: 
no explanation

21: 3768  label: 1 pred: -0.500932 bl: 0.14185 POSS error_pred: 0.571286 error_bl: 0.335125 improvement: -0.236161
    min: -0.508  max: 0.5525 avg: 0.0640043
explanation: 
no explanation

22: 3141  label: 1 pred: -0.787697 bl: -0.09565 POSS error_pred: 0.86141 error_bl: 0.637595 improvement: -0.223815
    min: -0.6865  max: 0.3915 avg: -0.180498
explanation: 
no explanation

23: 7233  label: 1 pred: -0.810408 bl: -0.11005 POSS error_pred: 0.878734 error_bl: 0.658104 improvement: -0.220629
    min: -0.859  max: 0.4245 avg: -0.0596672
explanation: 
no explanation

24: 6602  label: 1 pred: -0.655836 bl: 0.00115 POSS error_pred: 0.729988 error_bl: 0.510554 improvement: -0.219434
    min: -0.5505  max: 0.4435 avg: 0.0258684
explanation: 
no explanation

25: 3849  label: 1 pred: -0.259183 bl: 0.30915 POSS error_pred: 0.382119 error_bl: 0.166069 improvement: -0.216049
    min: -0.7375  max: 0.732 avg: 0.135916
explanation: 
no explanation

26: 9043  label: 1 pred: -0.740389 bl: -0.07005 POSS error_pred: 0.817403 error_bl: 0.602549 improvement: -0.214855
    min: -0.573  max: 0.6325 avg: -0.0489791
explanation: 
no explanation

27: 249  label: 1 pred: -0.552932 bl: 0.08175 POSS error_pred: 0.620669 error_bl: 0.407706 improvement: -0.212963
    min: -0.5095  max: 0.3745 avg: -0.094729
explanation: 
no explanation

28: 5900  label: 1 pred: -0.834368 bl: -0.1317 POSS error_pred: 0.896456 error_bl: 0.684588 improvement: -0.211868
    min: -0.6775  max: 0.4605 avg: -0.16065
explanation: 
no explanation

29: 9974  label: 1 pred: -0.34724 bl: 0.23565 POSS error_pred: 0.43867 error_bl: 0.229988 improvement: -0.208682
    min: -0.7275  max: 0.4205 avg: 0.13811
explanation: 
no explanation

30: 1754  label: 1 pred: -0.577094 bl: 0.05625 POSS error_pred: 0.648347 error_bl: 0.440661 improvement: -0.207686
    min: -0.5015  max: 0.3335 avg: -0.0404188
explanation: 
no explanation

31: 4693  label: 1 pred: -0.788835 bl: -0.10925 POSS error_pred: 0.862007 error_bl: 0.65671 improvement: -0.205297
    min: -0.753  max: 0.438 avg: -0.101332
explanation: 
no explanation

32: 4377  label: 1 pred: -0.772516 bl: -0.10075 POSS error_pred: 0.847471 error_bl: 0.644763 improvement: -0.202708
    min: -0.9275  max: 0.9535 avg: -0.121816
explanation: 
no explanation

33: 7287  label: 1 pred: -0.0131848 bl: 0.48375 POSS error_pred: 0.263242 error_bl: 0.0615293 improvement: -0.201712
    min: -0.213  max: 1 avg: 0.425531
explanation: 
no explanation

34: 2902  label: 1 pred: -0.610477 bl: 0.02675 POSS error_pred: 0.680804 error_bl: 0.479291 improvement: -0.201513
    min: -0.6  max: 0.5545 avg: 0.0420217
explanation: 
no explanation

35: 3090  label: 1 pred: -0.0371583 bl: 0.45915 POSS error_pred: 0.272999 error_bl: 0.0730785 improvement: -0.19992
    min: -0.5395  max: 0.746 avg: 0.21589
explanation: 
no explanation

36: 750  label: 1 pred: -0.832989 bl: -0.1436 POSS error_pred: 0.894863 error_bl: 0.697232 improvement: -0.19763
    min: -0.7135  max: 0.38 avg: -0.102057
explanation: 
no explanation

37: 4762  label: 1 pred: -0.870266 bl: -0.1661 POSS error_pred: 0.919753 error_bl: 0.72282 improvement: -0.196934
    min: -0.828  max: 0.274 avg: -0.166959
explanation: 
no explanation

38: 5220  label: 1 pred: -0.7116 bl: -0.06095 POSS error_pred: 0.785344 error_bl: 0.590701 improvement: -0.194644
    min: -0.778  max: 0.391 avg: -0.0551242
explanation: 
no explanation

39: 4214  label: 1 pred: -0.511165 bl: 0.0934 POSS error_pred: 0.58403 error_bl: 0.391677 improvement: -0.192354
    min: -0.6065  max: 0.454 avg: 0.0518931
explanation: 
no explanation

40: 6428  label: 1 pred: -0.501192 bl: 0.10245 POSS error_pred: 0.571685 error_bl: 0.380725 improvement: -0.19096
    min: -0.702  max: 0.626 avg: 0.230155
explanation: 
no explanation

41: 8993  label: 1 pred: -0.473973 bl: 0.12525 POSS error_pred: 0.540422 error_bl: 0.351454 improvement: -0.188969
    min: -0.718  max: 0.6875 avg: 0.243767
explanation: 
no explanation

42: 4117  label: 1 pred: -0.413749 bl: 0.1704 POSS error_pred: 0.487654 error_bl: 0.299283 improvement: -0.188371
    min: -0.494  max: 0.5295 avg: 0.0985721
explanation: 
no explanation

43: 536  label: 1 pred: -0.252045 bl: 0.27315 POSS error_pred: 0.378933 error_bl: 0.192951 improvement: -0.185982
    min: -0.4475  max: 0.897 avg: 0.264372
explanation: 
no explanation

44: 8271  label: 1 pred: -0.638115 bl: -0.0076 POSS error_pred: 0.709478 error_bl: 0.523497 improvement: -0.185982
    min: -0.6345  max: 0.601 avg: 0.0833163
explanation: 
no explanation

45: 9090  label: 1 pred: -0.687518 bl: -0.04785 POSS error_pred: 0.760255 error_bl: 0.574472 improvement: -0.185783
    min: -0.607  max: 0.46 avg: -0.10109
explanation: 
no explanation

46: 3303  label: 1 pred: -0.316598 bl: 0.23395 POSS error_pred: 0.416766 error_bl: 0.231183 improvement: -0.185583
    min: -0.53  max: 0.8185 avg: 0.216276
explanation: 
no explanation

47: 7081  label: 1 pred: -0.676764 bl: -0.0413 POSS error_pred: 0.74771 error_bl: 0.565114 improvement: -0.182597
    min: -0.7545  max: 0.2925 avg: -0.112842
explanation: 
no explanation

48: 5048  label: 1 pred: -0.182107 bl: 0.31495 POSS error_pred: 0.34329 error_bl: 0.160892 improvement: -0.182397
    min: -0.572  max: 0.6535 avg: 0.136573
explanation: 
no explanation

49: 3991  label: 1 pred: -0.268319 bl: 0.2608 POSS error_pred: 0.386499 error_bl: 0.204102 improvement: -0.182397
    min: -0.4995  max: 0.7985 avg: -0.0449257
explanation: 
no explanation

best entries: 
0: 7534  label: -1 pred: -0.260764 bl: 0.5705 POSS error_pred: 0.108879 error_bl: 0.756227 improvement: 0.647348
1: 657  label: -1 pred: -0.579657 bl: 0.5105 POSS error_pred: 0.034552 error_bl: 0.671254 improvement: 0.636701
2: 7193  label: -1 pred: -0.35442 bl: 0.49475 POSS error_pred: 0.0867818 error_bl: 0.646043 improvement: 0.559261
3: 363  label: -1 pred: -0.242812 bl: 0.47065 POSS error_pred: 0.113499 error_bl: 0.607372 improvement: 0.493873
4: 9754  label: -1 pred: -0.152198 bl: 0.44215 POSS error_pred: 0.14082 error_bl: 0.560064 improvement: 0.419245
5: 5799  label: -1 pred: 0.479596 bl: 0.75565 POSS error_pred: 0.519084 error_bl: 0.937123 improvement: 0.418039
6: 5369  label: -1 pred: -0.478055 bl: 0.3811 POSS error_pred: 0.057051 error_bl: 0.45671 improvement: 0.399658
7: 6785  label: -1 pred: 0.290303 bl: 0.5458 POSS error_pred: 0.369024 error_bl: 0.725191 improvement: 0.356167
8: 9694  label: -1 pred: 0.512515 bl: 0.70485 POSS error_pred: 0.551426 error_bl: 0.899759 improvement: 0.348333
9: 6838  label: -1 pred: 0.177206 bl: 0.48985 POSS error_pred: 0.296304 error_bl: 0.63861 improvement: 0.342306
10: 222  label: -1 pred: 0.560451 bl: 0.7473 POSS error_pred: 0.592005 error_bl: 0.931298 improvement: 0.339293
11: 497  label: -1 pred: 0.435118 bl: 0.61105 POSS error_pred: 0.486139 error_bl: 0.808055 improvement: 0.321916
12: 6478  label: -1 pred: 0.543498 bl: 0.6926 POSS error_pred: 0.575934 error_bl: 0.889916 improvement: 0.313982
13: 2149  label: -1 pred: 0.248272 bl: 0.4857 POSS error_pred: 0.340498 error_bl: 0.632182 improvement: 0.291683
14: 958  label: -1 pred: 0.513478 bl: 0.63815 POSS error_pred: 0.552029 error_bl: 0.842507 improvement: 0.290478
15: 2133  label: -1 pred: 0.374508 bl: 0.53725 POSS error_pred: 0.427883 error_bl: 0.711029 improvement: 0.283146
16: 6098  label: -1 pred: 0.309771 bl: 0.5023 POSS error_pred: 0.382282 error_bl: 0.658598 improvement: 0.276316
17: 645  label: -1 pred: 0.583932 bl: 0.6913 IMP error_pred: 0.617316 error_bl: 0.887806 improvement: 0.27049
18: 8842  label: -1 pred: 0.562263 bl: 0.65865 POSS error_pred: 0.593612 error_bl: 0.861892 improvement: 0.26828
19: 8852  label: -1 pred: 0.48695 bl: 0.6012 POSS error_pred: 0.527521 error_bl: 0.793692 improvement: 0.266171
20: 581  label: -1 pred: 0.5589 bl: 0.65035 POSS error_pred: 0.589594 error_bl: 0.853556 improvement: 0.263961
21: 2653  label: -1 pred: 0.238667 bl: 0.46365 POSS error_pred: 0.332664 error_bl: 0.595621 improvement: 0.262957
22: 5053  label: -1 pred: 0.673228 bl: 0.85825 IMP error_pred: 0.720571 error_bl: 0.978907 improvement: 0.258337
23: 5582  label: -1 pred: 0.630738 bl: 0.73155 POSS error_pred: 0.667939 error_bl: 0.917738 improvement: 0.249799
24: 751  label: -1 pred: 0.685636 bl: 0.86975 IMP error_pred: 0.737847 error_bl: 0.980313 improvement: 0.242467
25: 6192  label: -1 pred: 0.302819 bl: 0.4775 POSS error_pred: 0.376456 error_bl: 0.617115 improvement: 0.240659
26: 2192  label: -1 pred: 0.348853 bl: 0.4969 POSS error_pred: 0.410406 error_bl: 0.649458 improvement: 0.239052
27: 686  label: -1 pred: 0.380965 bl: 0.5108 POSS error_pred: 0.434311 error_bl: 0.671454 improvement: 0.237143
28: 1891  label: -1 pred: 0.0411394 bl: 0.38375 POSS error_pred: 0.227802 error_bl: 0.462234 improvement: 0.234432
29: 8252  label: -1 pred: 0.0500833 bl: 0.38665 POSS error_pred: 0.234231 error_bl: 0.467658 improvement: 0.233427
30: 8578  label: -1 pred: 0.616886 bl: 0.68655 IMP error_pred: 0.652672 error_bl: 0.884291 improvement: 0.231619
31: 2234  label: -1 pred: 0.521145 bl: 0.5954 IMP error_pred: 0.559261 error_bl: 0.786862 improvement: 0.227601
32: 6967  label: -1 pred: 0.427902 bl: 0.53375 POSS error_pred: 0.479912 error_bl: 0.705203 improvement: 0.225291
33: 1333  label: -1 pred: 0.3084 bl: 0.4703 POSS error_pred: 0.381679 error_bl: 0.60687 improvement: 0.225191
34: 8121  label: -1 pred: 0.564932 bl: 0.6206 IMP error_pred: 0.596223 error_bl: 0.820209 improvement: 0.223986
35: 5232  label: -1 pred: 0.602503 bl: 0.6568 IMP error_pred: 0.636199 error_bl: 0.859984 improvement: 0.223785
36: 1130  label: -1 pred: 0.626751 bl: 0.69105 IMP error_pred: 0.66372 error_bl: 0.887304 improvement: 0.223584
37: 6541  label: -1 pred: 0.598726 bl: 0.65155 POSS error_pred: 0.631177 error_bl: 0.85456 improvement: 0.223383
38: 1953  label: -1 pred: 0.372596 bl: 0.496 POSS error_pred: 0.426075 error_bl: 0.648051 improvement: 0.221977
39: 2510  label: -1 pred: 0.289673 bl: 0.45885 POSS error_pred: 0.368823 error_bl: 0.587987 improvement: 0.219164
40: 5685  label: -1 pred: 0.319499 bl: 0.4687 POSS error_pred: 0.389112 error_bl: 0.604058 improvement: 0.214946
41: 6151  label: -1 pred: -0.357505 bl: 0.27855 POSS error_pred: 0.0867818 error_bl: 0.301527 improvement: 0.214745
42: 4292  label: -1 pred: 0.126377 bl: 0.3975 POSS error_pred: 0.271193 error_bl: 0.485838 improvement: 0.214644
43: 8039  label: -1 pred: -0.160911 bl: 0.31055 POSS error_pred: 0.13861 error_bl: 0.352853 improvement: 0.214243
44: 2849  label: -1 pred: -0.47204 bl: 0.25625 POSS error_pred: 0.0586581 error_bl: 0.271093 improvement: 0.212435
45: 8881  label: -1 pred: 0.517477 bl: 0.5809 POSS error_pred: 0.555645 error_bl: 0.767979 improvement: 0.212334
46: 7231  label: -1 pred: -0.00249599 bl: 0.35665 POSS error_pred: 0.20912 error_bl: 0.419847 improvement: 0.210727
47: 2947  label: -1 pred: 0.63536 bl: 0.68375 IMP error_pred: 0.673363 error_bl: 0.88188 improvement: 0.208517
48: 3934  label: -1 pred: 0.458157 bl: 0.53745 POSS error_pred: 0.50462 error_bl: 0.712033 improvement: 0.207413
49: 6351  label: -1 pred: 0.245338 bl: 0.432 POSS error_pred: 0.337887 error_bl: 0.542989 improvement: 0.205102

total is 0
score for UNKNOWN: 1.0000 baseline: 1.0000 diff: 0.0000
total is 3347
score for AUTO: 0.0000 baseline: 0.0000 diff: 0.0000
total is 5942
score for POSS: 0.2396 baseline: 0.2389 diff: 0.0006
total is 711
score for IMP: 1.0000 baseline: 1.0000 diff: 0.0000
writing 50000 official test outputs

0%   10   20   30   40   50   60   70   80   90   100%
|----|----|----|----|----|----|----|----|----|----|
***************************************************
scores: [ 0.15812 ]
0.1581 +/-    nan
11540.18user 389.69system 55:12.98elapsed 360%CPU (0avgtext+0avgdata 0maxresident)k
0inputs+1104outputs (0major+144055153minor)pagefaults 0swaps
