loading data...Twoway_Layer::random_fill(): limit = 0.103695 ni = 93 no = 50
Twoway_Layer::random_fill(): limit = 0.141421 ni = 50 no = 1
iter  ---- train ----  ---- test -----
         rmse     auc     rmse     auc
   0  0.50916 0.00000  0.47932 0.00000
   1  0.47165 0.00000  0.46379 0.00000
   2  0.47080 0.00000  0.45588 0.00000
   3  0.45315 0.00000  0.45079 0.00000
   4  0.45465 0.00000  0.44831 0.00000
   5  0.45110 0.00000  0.44678 0.00000
   6  0.44816 0.00000  0.44586 0.00000
   7  0.45026 0.00000  0.44526 0.00000
   8  0.45555 0.00000  0.44470 0.00000
   9  0.44523 0.00000  0.44426 0.00000
  10  0.44229 0.00000  0.44385 0.00000
  11  0.44166 0.00000  0.44352 0.00000
  12  0.44785 0.00000  0.44318 0.00000
  13  0.44426 0.00000  0.44294 0.00000
  14  0.44176 0.00000  0.44279 0.00000
  15  0.45487 0.00000  0.44254 0.00000
  16  0.44011 0.00000  0.44222 0.00000
  17  0.43909 0.00000  0.44199 0.00000
  18  0.43058 0.00000  0.44183 0.00000
  19  0.43960 0.00000  0.44161 0.00000
  20  0.45822 0.00000  0.44149 0.00000
  21  0.44460 0.00000  0.44141 0.00000
  22  0.43966 0.00000  0.44120 0.00000
  23  0.45064 0.00000  0.44106 0.00000
  24  0.43476 0.00000  0.44094 0.00000
  25  0.42871 0.00000  0.44082 0.00000
  26  0.45256 0.00000  0.44075 0.00000
  27  0.44575 0.00000  0.44077 0.00000
  28  0.44599 0.00000  0.44067 0.00000
  29  0.44053 0.00000  0.44055 0.00000
  30  0.44902 0.00000  0.44046 0.00000
  31  0.43988 0.00000  0.44034 0.00000
  32  0.43920 0.00000  0.44027 0.00000
  33  0.44989 0.00000  0.44039 0.00000
  34  0.43617 0.00000  0.44013 0.00000
  35  0.45038 0.00000  0.44006 0.00000
  36  0.43653 0.00000  0.44004 0.00000
  37  0.44561 0.00000  0.43996 0.00000
  38  0.43808 0.00000  0.43988 0.00000
  39  0.44894 0.00000  0.43984 0.00000
  40  0.44890 0.00000  0.43993 0.00000
  41  0.44160 0.00000  0.43981 0.00000
  42  0.43589 0.00000  0.43976 0.00000
  43  0.43661 0.00000  0.43966 0.00000
  44  0.43164 0.00000  0.43962 0.00000
  45  0.43871 0.00000  0.43970 0.00000
  46  0.44478 0.00000  0.43964 0.00000
  47  0.43089 0.00000  0.43953 0.00000
  48  0.44479 0.00000  0.43955 0.00000
  49  0.43662 0.00000  0.43953 0.00000
  50  0.44468 0.00000  0.43951 0.00000
  51  0.44338 0.00000  0.43943 0.00000
  52  0.44570 0.00000  0.43942 0.00000
  53  0.44892 0.00000  0.43940 0.00000
  54  0.42943 0.00000  0.43932 0.00000
  55  0.44361 0.00000  0.43936 0.00000
  56  0.44581 0.00000  0.43944 0.00000
  57  0.43672 0.00000  0.43938 0.00000
  58  0.43796 0.00000  0.43929 0.00000
  59  0.44723 0.00000  0.43927 0.00000
  60  0.44198 0.00000  0.43931 0.00000
  61  0.43190 0.00000  0.43927 0.00000
  62  0.45384 0.00000  0.43928 0.00000
  63  0.43981 0.00000  0.43924 0.00000
  64  0.43377 0.00000  0.43923 0.00000
  65  0.43129 0.00000  0.43918 0.00000
  66  0.44175 0.00000  0.43916 0.00000
  67  0.44139 0.00000  0.43917 0.00000
  68  0.43379 0.00000  0.43924 0.00000
  69  0.44533 0.00000  0.43915 0.00000
  70  0.43551 0.00000  0.43920 0.00000
  71  0.43561 0.00000  0.43905 0.00000
  72  0.44615 0.00000  0.43912 0.00000
  73  0.43850 0.00000  0.43907 0.00000
  74  0.44235 0.00000  0.43910 0.00000
  75  0.42261 0.00000  0.43911 0.00000
  76  0.44254 0.00000  0.43913 0.00000
  77  0.43369 0.00000  0.43914 0.00000
  78  0.44801 0.00000  0.43919 0.00000
  79  0.43211 0.00000  0.43922 0.00000
  80  0.44305 0.00000  0.43916 0.00000
  81  0.43322 0.00000  0.43910 0.00000
  82  0.44675 0.00000  0.43911 0.00000
  83  0.43930 0.00000  0.43911 0.00000
  84  0.44168 0.00000  0.43916 0.00000
  85  0.44206 0.00000  0.43915 0.00000
  86  0.43767 0.00000  0.43909 0.00000
  87  0.42943 0.00000  0.43909 0.00000
  88  0.44172 0.00000  0.43910 0.00000
  89  0.43073 0.00000  0.43909 0.00000
  90  0.43634 0.00000  0.43922 0.00000
  91  0.44299 0.00000  0.43914 0.00000
  92  0.45262 0.00000  0.43927 0.00000
  93  0.42536 0.00000  0.43907 0.00000
  94  0.44021 0.00000  0.43915 0.00000
  95  0.43731 0.00000  0.43910 0.00000
  96  0.43510 0.00000  0.43914 0.00000
  97  0.43970 0.00000  0.43913 0.00000
  98  0.43255 0.00000  0.43913 0.00000
  99  0.44467 0.00000  0.43912 0.00000
 100  0.44496 0.00000  0.43917 0.00000
 101  0.44286 0.00000  0.43918 0.00000
 102  0.43330 0.00000  0.43909 0.00000
 103  0.44542 0.00000  0.43909 0.00000
 104  0.44275 0.00000  0.43908 0.00000
 105  0.44531 0.00000  0.43920 0.00000
 106  0.43607 0.00000  0.43903 0.00000
 107  0.43959 0.00000  0.43904 0.00000
 108  0.43404 0.00000  0.43902 0.00000
 109  0.43492 0.00000  0.43902 0.00000
 110  0.44228 0.00000  0.43903 0.00000
 111  0.44217 0.00000  0.43908 0.00000
 112  0.42726 0.00000  0.43908 0.00000
 113  0.42798 0.00000  0.43906 0.00000
 114  0.43017 0.00000  0.43907 0.00000
 115  0.43351 0.00000  0.43909 0.00000
 116  0.43578 0.00000  0.43911 0.00000
 117  0.43197 0.00000  0.43906 0.00000
 118  0.44051 0.00000  0.43908 0.00000
 119  0.43179 0.00000  0.43910 0.00000
 120  0.43888 0.00000  0.43907 0.00000
 121  0.43640 0.00000  0.43911 0.00000
 122  0.43279 0.00000  0.43914 0.00000
 123  0.43314 0.00000  0.43918 0.00000
 124  0.44482 0.00000  0.43918 0.00000
 125  0.43509 0.00000  0.43918 0.00000
 126  0.43616 0.00000  0.43924 0.00000
 127  0.44180 0.00000  0.43923 0.00000
 128  0.43773 0.00000  0.43919 0.00000
 129  0.43691 0.00000  0.43921 0.00000
 130  0.44477 0.00000  0.43925 0.00000
 131  0.43775 0.00000  0.43929 0.00000
 132  0.45032 0.00000  0.43927 0.00000
 133  0.43580 0.00000  0.43927 0.00000
 134  0.42826 0.00000  0.43931 0.00000
 135  0.44738 0.00000  0.43928 0.00000
 136  0.43804 0.00000  0.43924 0.00000
 137  0.42778 0.00000  0.43926 0.00000
 138  0.43967 0.00000  0.43926 0.00000
 139  0.43981 0.00000  0.43932 0.00000
 140  0.42678 0.00000  0.43932 0.00000
 141  0.45366 0.00000  0.43937 0.00000
 142  0.44529 0.00000  0.43933 0.00000
 143  0.44145 0.00000  0.43936 0.00000
 144  0.45811 0.00000  0.43946 0.00000
 145  0.43411 0.00000  0.43938 0.00000
 146  0.44071 0.00000  0.43948 0.00000
 147  0.43329 0.00000  0.43938 0.00000
 148  0.44084 0.00000  0.43949 0.00000
 149  0.43354 0.00000  0.43942 0.00000
 150  0.44386 0.00000  0.43940 0.00000
 151  0.44599 0.00000  0.43941 0.00000
 152  0.44134 0.00000  0.43942 0.00000
 153  0.44264 0.00000  0.43941 0.00000
 154  0.44881 0.00000  0.43944 0.00000
 155  0.44443 0.00000  0.43948 0.00000
 156  0.44138 0.00000  0.43945 0.00000
 157  0.44365 0.00000  0.43941 0.00000
 158  0.43775 0.00000  0.43943 0.00000
 159  0.43363 0.00000  0.43944 0.00000
 160  0.43205 0.00000  0.43943 0.00000
 161  0.44572 0.00000  0.43938 0.00000
 162  0.43445 0.00000  0.43938 0.00000
 163  0.44495 0.00000  0.43939 0.00000
 164  0.43021 0.00000  0.43940 0.00000
 165  0.44145 0.00000  0.43940 0.00000
 166  0.44589 0.00000  0.43942 0.00000
 167  0.44014 0.00000  0.43945 0.00000
 168  0.44131 0.00000  0.43948 0.00000
 169  0.43222 0.00000  0.43943 0.00000
 170  0.42996 0.00000  0.43947 0.00000
 171  0.44671 0.00000  0.43952 0.00000
 172  0.44757 0.00000  0.43945 0.00000
 173  0.43171 0.00000  0.43949 0.00000
 174  0.44675 0.00000  0.43954 0.00000
 175  0.43677 0.00000  0.43954 0.00000
 176  0.44094 0.00000  0.43954 0.00000
 177  0.43747 0.00000  0.43953 0.00000
 178  0.44590 0.00000  0.43967 0.00000
 179  0.43026 0.00000  0.43959 0.00000
 180  0.44809 0.00000  0.43960 0.00000
 181  0.43466 0.00000  0.43963 0.00000
 182  0.44001 0.00000  0.43962 0.00000
 183  0.43775 0.00000  0.43961 0.00000
 184  0.43063 0.00000  0.43961 0.00000
 185  0.44156 0.00000  0.43965 0.00000
 186  0.43234 0.00000  0.43961 0.00000
 187  0.42962 0.00000  0.43960 0.00000
 188  0.43274 0.00000  0.43962 0.00000
 189  0.43693 0.00000  0.43966 0.00000
 190  0.44579 0.00000  0.43967 0.00000
 191  0.43014 0.00000  0.43963 0.00000
 192  0.44166 0.00000  0.43968 0.00000
 193  0.44469 0.00000  0.43969 0.00000
 194  0.45114 0.00000  0.43975 0.00000
 195  0.43021 0.00000  0.43972 0.00000
 196  0.43905 0.00000  0.43966 0.00000
 197  0.43947 0.00000  0.43966 0.00000
 198  0.43796 0.00000  0.43964 0.00000
 199  0.43743 0.00000  0.43972 0.00000
 200  0.42803 0.00000  0.43966 0.00000
 201  0.44161 0.00000  0.43970 0.00000
 202  0.44513 0.00000  0.43966 0.00000
 203  0.43507 0.00000  0.43972 0.00000
 204  0.44165 0.00000  0.43969 0.00000
 205  0.43748 0.00000  0.43967 0.00000
 206  0.42599 0.00000  0.43960 0.00000
 207  0.42638 0.00000  0.43961 0.00000
 208  0.43704 0.00000  0.43964 0.00000
 209  0.43832 0.00000  0.43966 0.00000
 210  0.43162 0.00000  0.43963 0.00000
 211  0.44820 0.00000  0.43967 0.00000
 212  0.43420 0.00000  0.43968 0.00000
 213  0.43728 0.00000  0.43965 0.00000
 214  0.44283 0.00000  0.43966 0.00000
 215  0.43083 0.00000  0.43965 0.00000
 216  0.44120 0.00000  0.43964 0.00000
 217  0.43270 0.00000  0.43968 0.00000
 218  0.42825 0.00000  0.43970 0.00000
 219  0.43961 0.00000  0.43972 0.00000
 220  0.43725 0.00000  0.43972 0.00000
 221  0.43133 0.00000  0.43971 0.00000
 222  0.44001 0.00000  0.43975 0.00000
 223  0.43397 0.00000  0.43971 0.00000
 224  0.43659 0.00000  0.43972 0.00000
 225  0.43287 0.00000  0.43967 0.00000
 226  0.42709 0.00000  0.43971 0.00000
 227  0.44013 0.00000  0.43968 0.00000
 228  0.44458 0.00000  0.43967 0.00000
 229  0.43732 0.00000  0.43971 0.00000
 230  0.44450 0.00000  0.43970 0.00000
 231  0.43621 0.00000  0.43970 0.00000
 232  0.44349 0.00000  0.43973 0.00000
 233  0.43446 0.00000  0.43970 0.00000
 234  0.43398 0.00000  0.43972 0.00000
 235  0.43704 0.00000  0.43974 0.00000
 236  0.44012 0.00000  0.43966 0.00000
 237  0.43230 0.00000  0.43968 0.00000
 238  0.44063 0.00000  0.43970 0.00000
 239  0.44288 0.00000  0.43965 0.00000
 240  0.43644 0.00000  0.43964 0.00000
 241  0.43766 0.00000  0.43962 0.00000
 242  0.43486 0.00000  0.43963 0.00000
 243  0.43142 0.00000  0.43964 0.00000
 244  0.43260 0.00000  0.43971 0.00000
 245  0.43128 0.00000  0.43973 0.00000
 246  0.43531 0.00000  0.43974 0.00000
 247  0.44136 0.00000  0.43973 0.00000
 248  0.44509 0.00000  0.43972 0.00000
 249  0.43188 0.00000  0.43970 0.00000
 250  0.43764 0.00000  0.43970 0.00000
 251  0.44053 0.00000  0.43966 0.00000
 252  0.42884 0.00000  0.43964 0.00000
 253  0.43425 0.00000  0.43963 0.00000
 254  0.43782 0.00000  0.43963 0.00000
 255  0.43100 0.00000  0.43963 0.00000
 256  0.43565 0.00000  0.43964 0.00000
 257  0.44251 0.00000  0.43967 0.00000
 258  0.43456 0.00000  0.43967 0.00000
 259  0.44454 0.00000  0.43978 0.00000
 260  0.44195 0.00000  0.43973 0.00000
 261  0.43950 0.00000  0.43967 0.00000
 262  0.42998 0.00000  0.43968 0.00000
 263  0.44239 0.00000  0.43969 0.00000
 264  0.44611 0.00000  0.43970 0.00000
 265  0.43353 0.00000  0.43966 0.00000
 266  0.43618 0.00000  0.43968 0.00000
 267  0.43350 0.00000  0.43967 0.00000
 268  0.42923 0.00000  0.43968 0.00000
 269  0.43624 0.00000  0.43966 0.00000
 270  0.42931 0.00000  0.43967 0.00000
 271  0.43992 0.00000  0.43973 0.00000
 272  0.43348 0.00000  0.43972 0.00000
 273  0.43115 0.00000  0.43971 0.00000
 274  0.44254 0.00000  0.43973 0.00000
 275  0.43632 0.00000  0.43979 0.00000
 276  0.44689 0.00000  0.43980 0.00000
 277  0.45132 0.00000  0.43980 0.00000
 278  0.44390 0.00000  0.43979 0.00000
 279  0.43265 0.00000  0.43979 0.00000
 280  0.43570 0.00000  0.43978 0.00000
 281  0.43979 0.00000  0.43974 0.00000
 282  0.43661 0.00000  0.43971 0.00000
 283  0.43669 0.00000  0.43969 0.00000
 284  0.44775 0.00000  0.43970 0.00000
 285  0.44120 0.00000  0.43963 0.00000
 286  0.43976 0.00000  0.43965 0.00000
 287  0.43319 0.00000  0.43966 0.00000
 288  0.44243 0.00000  0.43961 0.00000
 289  0.44096 0.00000  0.43959 0.00000
 290  0.43129 0.00000  0.43958 0.00000
 291  0.43645 0.00000  0.43961 0.00000
 292  0.44725 0.00000  0.43960 0.00000
 293  0.44021 0.00000  0.43960 0.00000
 294  0.42867 0.00000  0.43960 0.00000
 295  0.42904 0.00000  0.43962 0.00000
 296  0.44204 0.00000  0.43961 0.00000
 297  0.43100 0.00000  0.43961 0.00000
 298  0.42836 0.00000  0.43959 0.00000
 299  0.42453 0.00000  0.43956 0.00000
 300  0.44448 0.00000  0.43956 0.00000
 301  0.43883 0.00000  0.43961 0.00000
 302  0.45029 0.00000  0.43965 0.00000
 303  0.44164 0.00000  0.43966 0.00000
 304  0.43838 0.00000  0.43967 0.00000
 305  0.44201 0.00000  0.43968 0.00000
 306  0.43076 0.00000  0.43965 0.00000
 307  0.43997 0.00000  0.43968 0.00000
 308  0.42523 0.00000  0.43973 0.00000
 309  0.43536 0.00000  0.43969 0.00000
 310  0.44013 0.00000  0.43973 0.00000
 311  0.43566 0.00000  0.43973 0.00000
 312  0.43009 0.00000  0.43969 0.00000
 313  0.42857 0.00000  0.43971 0.00000
 314  0.42929 0.00000  0.43973 0.00000
 315  0.42710 0.00000  0.43976 0.00000
 316  0.43611 0.00000  0.43975 0.00000
 317  0.43974 0.00000  0.43969 0.00000
 318  0.43307 0.00000  0.43971 0.00000
 319  0.43377 0.00000  0.43973 0.00000
 320  0.44531 0.00000  0.43976 0.00000
 321  0.42741 0.00000  0.43970 0.00000
 322  0.43415 0.00000  0.43968 0.00000
 323  0.45015 0.00000  0.43968 0.00000
 324  0.43470 0.00000  0.43968 0.00000
 325  0.43651 0.00000  0.43966 0.00000
 326  0.43739 0.00000  0.43974 0.00000
 327  0.42907 0.00000  0.43969 0.00000
 328  0.43281 0.00000  0.43971 0.00000
 329  0.44569 0.00000  0.43974 0.00000
 330  0.43711 0.00000  0.43975 0.00000
 331  0.43732 0.00000  0.43980 0.00000
 332  0.44049 0.00000  0.43973 0.00000
 333  0.44072 0.00000  0.43967 0.00000
 334  0.43636 0.00000  0.43965 0.00000
 335  0.44415 0.00000  0.43967 0.00000
 336  0.43684 0.00000  0.43970 0.00000
 337  0.44244 0.00000  0.43969 0.00000
 338  0.43035 0.00000  0.43965 0.00000
 339  0.43739 0.00000  0.43962 0.00000
 340  0.42714 0.00000  0.43965 0.00000
 341  0.45217 0.00000  0.43965 0.00000
 342  0.43399 0.00000  0.43965 0.00000
 343  0.42637 0.00000  0.43963 0.00000
 344  0.42578 0.00000  0.43964 0.00000
 345  0.44204 0.00000  0.43964 0.00000
 346  0.43335 0.00000  0.43965 0.00000
 347  0.43648 0.00000  0.43964 0.00000
 348  0.44401 0.00000  0.43965 0.00000
 349  0.43431 0.00000  0.43969 0.00000
 350  0.44047 0.00000  0.43967 0.00000
 351  0.42906 0.00000  0.43963 0.00000
 352  0.43342 0.00000  0.43964 0.00000
 353  0.43684 0.00000  0.43965 0.00000
 354  0.43831 0.00000  0.43968 0.00000
 355  0.43818 0.00000  0.43969 0.00000
 356  0.42949 0.00000  0.43966 0.00000
 357  0.43557 0.00000  0.43966 0.00000
 358  0.43393 0.00000  0.43968 0.00000
 359  0.43595 0.00000  0.43965 0.00000
 360  0.43040 0.00000  0.43965 0.00000
 361  0.44224 0.00000  0.43966 0.00000
 362  0.43929 0.00000  0.43966 0.00000
 363  0.43643 0.00000  0.43973 0.00000
 364  0.43142 0.00000  0.43970 0.00000
 365  0.43806 0.00000  0.43966 0.00000
 366  0.43608 0.00000  0.43970 0.00000
 367  0.44017 0.00000  0.43971 0.00000
 368  0.44565 0.00000  0.43982 0.00000
 369  0.43581 0.00000  0.43972 0.00000
 370  0.43860 0.00000  0.43971 0.00000
 371  0.43956 0.00000  0.43964 0.00000
 372  0.43446 0.00000  0.43966 0.00000
 373  0.43818 0.00000  0.43967 0.00000
 374  0.44304 0.00000  0.43964 0.00000
 375  0.43937 0.00000  0.43966 0.00000
 376  0.42563 0.00000  0.43964 0.00000
 377  0.44140 0.00000  0.43972 0.00000
 378  0.43622 0.00000  0.43973 0.00000
 379  0.45246 0.00000  0.43971 0.00000
 380  0.44069 0.00000  0.43973 0.00000
 381  0.44244 0.00000  0.43972 0.00000
 382  0.43222 0.00000  0.43973 0.00000
 383  0.43424 0.00000  0.43965 0.00000
 384  0.43651 0.00000  0.43969 0.00000
 385  0.43932 0.00000  0.43971 0.00000
 386  0.43210 0.00000  0.43974 0.00000
 387  0.43109 0.00000  0.43972 0.00000
 388  0.44066 0.00000  0.43973 0.00000
 389  0.43542 0.00000  0.43975 0.00000
 390  0.43722 0.00000  0.43971 0.00000
 391  0.43294 0.00000  0.43977 0.00000
 392  0.43269 0.00000  0.43972 0.00000
 393  0.44696 0.00000  0.43975 0.00000
 394  0.43144 0.00000  0.43972 0.00000
 395  0.44066 0.00000  0.43975 0.00000
 396  0.43667 0.00000  0.43970 0.00000
 397  0.43272 0.00000  0.43969 0.00000
 398  0.42556 0.00000  0.43968 0.00000
 399  0.44217 0.00000  0.43969 0.00000
 400  0.43352 0.00000  0.43970 0.00000
 401  0.44074 0.00000  0.43970 0.00000
 402  0.45110 0.00000  0.43972 0.00000
 403  0.45422 0.00000  0.43970 0.00000
 404  0.45002 0.00000  0.43971 0.00000
 405  0.42908 0.00000  0.43973 0.00000
 406  0.44310 0.00000  0.43975 0.00000
 407  0.43483 0.00000  0.43971 0.00000
 408  0.43849 0.00000  0.43973 0.00000
 409  0.44475 0.00000  0.43975 0.00000
 410  0.44391 0.00000  0.43976 0.00000
 411  0.42972 0.00000  0.43976 0.00000
 412  0.43098 0.00000  0.43973 0.00000
 413  0.44637 0.00000  0.43978 0.00000
 414  0.44245 0.00000  0.43978 0.00000
 415  0.43412 0.00000  0.43983 0.00000
 416  0.44359 0.00000  0.43984 0.00000
 417  0.42795 0.00000  0.43976 0.00000
 418  0.43447 0.00000  0.43977 0.00000
 419  0.43833 0.00000  0.43975 0.00000
 420  0.43557 0.00000  0.43970 0.00000
 421  0.43882 0.00000  0.43977 0.00000
 422  0.44086 0.00000  0.43975 0.00000
 423  0.43850 0.00000  0.43979 0.00000
 424  0.43340 0.00000  0.43971 0.00000
 425  0.43919 0.00000  0.43974 0.00000
 426  0.44148 0.00000  0.43976 0.00000
 427  0.43162 0.00000  0.43976 0.00000
 428  0.43597 0.00000  0.43975 0.00000
 429  0.43869 0.00000  0.43979 0.00000
 430  0.43575 0.00000  0.43976 0.00000
 431  0.43907 0.00000  0.43981 0.00000
 432  0.44386 0.00000  0.43977 0.00000
 433  0.43940 0.00000  0.43977 0.00000
 434  0.44058 0.00000  0.43975 0.00000
 435  0.43716 0.00000  0.43976 0.00000
 436  0.43599 0.00000  0.43977 0.00000
 437  0.43855 0.00000  0.43974 0.00000
 438  0.44578 0.00000  0.43973 0.00000
 439  0.43771 0.00000  0.43970 0.00000
 440  0.43955 0.00000  0.43968 0.00000
 441  0.43754 0.00000  0.43968 0.00000
 442  0.44780 0.00000  0.43966 0.00000
 443  0.44412 0.00000  0.43966 0.00000
 444  0.42989 0.00000  0.43965 0.00000
 445  0.43600 0.00000  0.43969 0.00000
 446  0.43624 0.00000  0.43970 0.00000
 447  0.42926 0.00000  0.43965 0.00000
 448  0.44245 0.00000  0.43963 0.00000
 449  0.43104 0.00000  0.43964 0.00000
 450  0.44459 0.00000  0.43972 0.00000
 451  0.43695 0.00000  0.43968 0.00000
 452  0.43673 0.00000  0.43968 0.00000
 453  0.44689 0.00000  0.43972 0.00000
 454  0.44209 0.00000  0.43968 0.00000
 455  0.43748 0.00000  0.43966 0.00000
 456  0.43591 0.00000  0.43967 0.00000
 457  0.44635 0.00000  0.43968 0.00000
 458  0.43939 0.00000  0.43971 0.00000
 459  0.44383 0.00000  0.43975 0.00000
 460  0.43380 0.00000  0.43974 0.00000
 461  0.43929 0.00000  0.43975 0.00000
 462  0.43816 0.00000  0.43977 0.00000
 463  0.42962 0.00000  0.43981 0.00000
 464  0.43993 0.00000  0.43980 0.00000
 465  0.44454 0.00000  0.43979 0.00000
 466  0.43703 0.00000  0.43980 0.00000
 467  0.43969 0.00000  0.43984 0.00000
 468  0.43177 0.00000  0.43978 0.00000
 469  0.43502 0.00000  0.43977 0.00000
 470  0.43546 0.00000  0.43979 0.00000
 471  0.43577 0.00000  0.43976 0.00000
 472  0.42983 0.00000  0.43979 0.00000
 473  0.44015 0.00000  0.43979 0.00000
 474  0.43491 0.00000  0.43980 0.00000
 475  0.44180 0.00000  0.43980 0.00000
 476  0.43978 0.00000  0.43981 0.00000
 477  0.43370 0.00000  0.43978 0.00000
 478  0.42175 0.00000  0.43975 0.00000
 479  0.43035 0.00000  0.43974 0.00000
 480  0.44649 0.00000  0.43976 0.00000
 481  0.43706 0.00000  0.43977 0.00000
 482  0.43591 0.00000  0.43973 0.00000
 483  0.43458 0.00000  0.43974 0.00000
 484  0.43885 0.00000  0.43973 0.00000
 485  0.43346 0.00000  0.43974 0.00000
 486  0.43819 0.00000  0.43975 0.00000
 487  0.43093 0.00000  0.43973 0.00000
 488  0.42787 0.00000  0.43979 0.00000
 489  0.44002 0.00000  0.43975 0.00000
 490  0.43827 0.00000  0.43977 0.00000
 491  0.44749 0.00000  0.43993 0.00000
 492  0.44254 0.00000  0.43982 0.00000
 493  0.44265 0.00000  0.43976 0.00000
 494  0.44165 0.00000  0.43982 0.00000
 495  0.44129 0.00000  0.43976 0.00000
 496  0.42928 0.00000  0.43978 0.00000
 497  0.44472 0.00000  0.43979 0.00000
 498  0.42828 0.00000  0.43979 0.00000
 499  0.44566 0.00000  0.43979 0.00000
 500  0.44838 0.00000  0.43981 0.00000
 501  0.42803 0.00000  0.43981 0.00000
 502  0.43361 0.00000  0.43975 0.00000
 503  0.43267 0.00000  0.43973 0.00000
 504  0.42625 0.00000  0.43977 0.00000
 505  0.42855 0.00000  0.43980 0.00000
 506  0.43841 0.00000  0.43976 0.00000
 507  0.43930 0.00000  0.43974 0.00000
 508  0.43717 0.00000  0.43982 0.00000
 509  0.43979 0.00000  0.43982 0.00000
 510  0.43911 0.00000  0.43980 0.00000
 511  0.44129 0.00000  0.43980 0.00000
 512  0.43848 0.00000  0.43981 0.00000
 513  0.44767 0.00000  0.43979 0.00000
 514  0.44011 0.00000  0.43979 0.00000
 515  0.44541 0.00000  0.43980 0.00000
 516  0.43850 0.00000  0.43979 0.00000
 517  0.43730 0.00000  0.43977 0.00000
 518  0.43629 0.00000  0.43977 0.00000
 519  0.42956 0.00000  0.43975 0.00000
 520  0.43769 0.00000  0.43971 0.00000
 521  0.43348 0.00000  0.43973 0.00000
 522  0.43659 0.00000  0.43979 0.00000
 523  0.43581 0.00000  0.43972 0.00000
 524  0.44190 0.00000  0.43970 0.00000
 525  0.44945 0.00000  0.43972 0.00000
 526  0.43750 0.00000  0.43974 0.00000
 527  0.43604 0.00000  0.43978 0.00000
 528  0.43359 0.00000  0.43978 0.00000
 529  0.43588 0.00000  0.43972 0.00000
 530  0.44995 0.00000  0.43974 0.00000
 531  0.43128 0.00000  0.43974 0.00000
 532  0.43631 0.00000  0.43976 0.00000
 533  0.43595 0.00000  0.43976 0.00000
 534  0.44401 0.00000  0.43975 0.00000
 535  0.44761 0.00000  0.43980 0.00000
 536  0.45356 0.00000  0.43977 0.00000
 537  0.44796 0.00000  0.43984 0.00000
 538  0.44274 0.00000  0.43986 0.00000
 539  0.45627 0.00000  0.43994 0.00000
 540  0.44632 0.00000  0.43983 0.00000
 541  0.44038 0.00000  0.43980 0.00000
 542  0.44723 0.00000  0.43981 0.00000
 543  0.43324 0.00000  0.43973 0.00000
 544  0.44034 0.00000  0.43986 0.00000
 545  0.44080 0.00000  0.43990 0.00000
 546  0.43730 0.00000  0.43982 0.00000
 547  0.43626 0.00000  0.43974 0.00000
 548  0.43734 0.00000  0.43969 0.00000
 549  0.43668 0.00000  0.43967 0.00000
 550  0.43526 0.00000  0.43966 0.00000
 551  0.44127 0.00000  0.43965 0.00000
 552  0.43044 0.00000  0.43965 0.00000
 553  0.43126 0.00000  0.43964 0.00000
 554  0.42730 0.00000  0.43962 0.00000
 555  0.44620 0.00000  0.43975 0.00000
 556  0.43854 0.00000  0.43968 0.00000
 557  0.42866 0.00000  0.43965 0.00000
 558  0.43766 0.00000  0.43967 0.00000
 559  0.44086 0.00000  0.43970 0.00000
 560  0.44017 0.00000  0.43965 0.00000
 561  0.44286 0.00000  0.43967 0.00000
 562  0.43805 0.00000  0.43976 0.00000
 563  0.44142 0.00000  0.43972 0.00000
 564  0.43355 0.00000  0.43968 0.00000
 565  0.42929 0.00000  0.43968 0.00000
 566  0.43721 0.00000  0.43969 0.00000
 567  0.44384 0.00000  0.43971 0.00000
 568  0.42963 0.00000  0.43967 0.00000
 569  0.44078 0.00000  0.43973 0.00000
 570  0.43645 0.00000  0.43975 0.00000
 571  0.44387 0.00000  0.43979 0.00000
 572  0.43943 0.00000  0.43974 0.00000
 573  0.43450 0.00000  0.43976 0.00000
 574  0.44926 0.00000  0.43978 0.00000
 575  0.42355 0.00000  0.43976 0.00000
 576  0.43470 0.00000  0.43979 0.00000
 577  0.43064 0.00000  0.43978 0.00000
 578  0.43233 0.00000  0.43979 0.00000
 579  0.43476 0.00000  0.43979 0.00000
 580  0.44080 0.00000  0.43978 0.00000
 581  0.43867 0.00000  0.43979 0.00000
 582  0.44027 0.00000  0.43977 0.00000
 583  0.44749 0.00000  0.43977 0.00000
 584  0.43806 0.00000  0.43984 0.00000
 585  0.43259 0.00000  0.43978 0.00000
 586  0.44758 0.00000  0.43975 0.00000
 587  0.44171 0.00000  0.43973 0.00000
 588  0.44273 0.00000  0.43974 0.00000
 589  0.43547 0.00000  0.43976 0.00000
 590  0.43334 0.00000  0.43978 0.00000
 591  0.43015 0.00000  0.43979 0.00000
 592  0.44601 0.00000  0.43977 0.00000
 593  0.43412 0.00000  0.43977 0.00000
 594  0.43700 0.00000  0.43974 0.00000
 595  0.42442 0.00000  0.43974 0.00000
 596  0.43374 0.00000  0.43974 0.00000
 597  0.44148 0.00000  0.43975 0.00000
 598  0.44582 0.00000  0.43975 0.00000
 599  0.44681 0.00000  0.43981 0.00000
 600  0.42324 0.00000  0.43973 0.00000
 601  0.44134 0.00000  0.43976 0.00000
 602  0.44842 0.00000  0.43977 0.00000
 603  0.44118 0.00000  0.43975 0.00000
 604  0.42710 0.00000  0.43973 0.00000
 605  0.45224 0.00000  0.43974 0.00000
 606  0.44072 0.00000  0.43973 0.00000
 607  0.43487 0.00000  0.43971 0.00000
 608  0.43016 0.00000  0.43970 0.00000
 609  0.43322 0.00000  0.43978 0.00000
 610  0.45052 0.00000  0.43970 0.00000
 611  0.44404 0.00000  0.43968 0.00000
 612  0.43990 0.00000  0.43967 0.00000
 613  0.44472 0.00000  0.43970 0.00000
 614  0.44182 0.00000  0.43972 0.00000
 615  0.43787 0.00000  0.43973 0.00000
 616  0.43533 0.00000  0.43976 0.00000
 617  0.43982 0.00000  0.43975 0.00000
 618  0.44300 0.00000  0.43975 0.00000
 619  0.43900 0.00000  0.43973 0.00000
 620  0.44057 0.00000  0.43974 0.00000
 621  0.43114 0.00000  0.43972 0.00000
 622  0.43512 0.00000  0.43975 0.00000
 623  0.43530 0.00000  0.43974 0.00000
 624  0.42706 0.00000  0.43980 0.00000
 625  0.43783 0.00000  0.43974 0.00000
 626  0.44285 0.00000  0.43971 0.00000
 627  0.44099 0.00000  0.43967 0.00000
 628  0.44371 0.00000  0.43972 0.00000
 629  0.43998 0.00000  0.43975 0.00000
 630  0.43434 0.00000  0.43975 0.00000
 631  0.45262 0.00000  0.43977 0.00000
 632  0.43229 0.00000  0.43975 0.00000
 633  0.43133 0.00000  0.43975 0.00000
 634  0.43781 0.00000  0.43976 0.00000
 635  0.43503 0.00000  0.43971 0.00000
 636  0.43976 0.00000  0.43970 0.00000
 637  0.43144 0.00000  0.43974 0.00000
 638  0.43354 0.00000  0.43971 0.00000
 639  0.43574 0.00000  0.43972 0.00000
 640  0.43558 0.00000  0.43973 0.00000
 641  0.44366 0.00000  0.43973 0.00000
 642  0.44662 0.00000  0.43973 0.00000
 643  0.43491 0.00000  0.43973 0.00000
 644  0.43387 0.00000  0.43974 0.00000
 645  0.43916 0.00000  0.43976 0.00000
 646  0.44098 0.00000  0.43975 0.00000
 647  0.43906 0.00000  0.43977 0.00000
 648  0.44104 0.00000  0.43976 0.00000
 649  0.43192 0.00000  0.43980 0.00000
 650  0.43582 0.00000  0.43982 0.00000
 651  0.44332 0.00000  0.43982 0.00000
 652  0.44150 0.00000  0.43995 0.00000
 653  0.43290 0.00000  0.43974 0.00000
 654  0.43825 0.00000  0.43972 0.00000
 655  0.43008 0.00000  0.43969 0.00000
 656  0.43962 0.00000  0.43971 0.00000
 657  0.44062 0.00000  0.43972 0.00000
 658  0.43012 0.00000  0.43969 0.00000
 659  0.44267 0.00000  0.43970 0.00000
 660  0.44805 0.00000  0.43973 0.00000
 661  0.44475 0.00000  0.43970 0.00000
 662  0.44005 0.00000  0.43966 0.00000
 663  0.43798 0.00000  0.43966 0.00000
 664  0.44438 0.00000  0.43967 0.00000
 665  0.43250 0.00000  0.43963 0.00000
 666  0.44448 0.00000  0.43973 0.00000
 667  0.44988 0.00000  0.43970 0.00000
 668  0.45431 0.00000  0.43968 0.00000
 669  0.42868 0.00000  0.43965 0.00000
 670  0.44115 0.00000  0.43962 0.00000
 671  0.44506 0.00000  0.43966 0.00000
 672  0.43046 0.00000  0.43969 0.00000
 673  0.43183 0.00000  0.43967 0.00000
 674  0.44748 0.00000  0.43969 0.00000
 675  0.44199 0.00000  0.43968 0.00000
 676  0.43633 0.00000  0.43971 0.00000
 677  0.43291 0.00000  0.43971 0.00000
 678  0.42780 0.00000  0.43969 0.00000
 679  0.44765 0.00000  0.43971 0.00000
 680  0.43951 0.00000  0.43971 0.00000
 681  0.44471 0.00000  0.43968 0.00000
 682  0.43779 0.00000  0.43969 0.00000
 683  0.43534 0.00000  0.43968 0.00000
 684  0.43377 0.00000  0.43976 0.00000
 685  0.44922 0.00000  0.43976 0.00000
 686  0.42700 0.00000  0.43976 0.00000
 687  0.44132 0.00000  0.43972 0.00000
 688  0.42906 0.00000  0.43971 0.00000
 689  0.43669 0.00000  0.43967 0.00000
 690  0.43953 0.00000  0.43965 0.00000
 691  0.42999 0.00000  0.43967 0.00000
 692  0.43890 0.00000  0.43970 0.00000
 693  0.44128 0.00000  0.43973 0.00000
 694  0.43157 0.00000  0.43963 0.00000
 695  0.44761 0.00000  0.43965 0.00000
 696  0.44275 0.00000  0.43963 0.00000
 697  0.44457 0.00000  0.43962 0.00000
 698  0.42716 0.00000  0.43962 0.00000
 699  0.43763 0.00000  0.43967 0.00000
 700  0.44295 0.00000  0.43968 0.00000
 701  0.43878 0.00000  0.43966 0.00000
 702  0.44771 0.00000  0.43975 0.00000
 703  0.44474 0.00000  0.43977 0.00000
 704  0.43755 0.00000  0.43967 0.00000
 705  0.43820 0.00000  0.43964 0.00000
 706  0.43451 0.00000  0.43962 0.00000
 707  0.43975 0.00000  0.43963 0.00000
 708  0.44577 0.00000  0.43965 0.00000
 709  0.42727 0.00000  0.43966 0.00000
 710  0.44289 0.00000  0.43966 0.00000
 711  0.43722 0.00000  0.43967 0.00000
 712  0.44107 0.00000  0.43968 0.00000
 713  0.42237 0.00000  0.43967 0.00000
 714  0.43772 0.00000  0.43964 0.00000
 715  0.44142 0.00000  0.43965 0.00000
 716  0.43546 0.00000  0.43974 0.00000
 717  0.42480 0.00000  0.43968 0.00000
 718  0.43625 0.00000  0.43963 0.00000
 719  0.44376 0.00000  0.43960 0.00000
 720  0.44028 0.00000  0.43965 0.00000
 721  0.44351 0.00000  0.43959 0.00000
 722  0.43472 0.00000  0.43961 0.00000
 723  0.45041 0.00000  0.43967 0.00000
 724  0.44004 0.00000  0.43969 0.00000
 725  0.43208 0.00000  0.43960 0.00000
 726  0.44730 0.00000  0.43959 0.00000
 727  0.43260 0.00000  0.43956 0.00000
 728  0.43754 0.00000  0.43956 0.00000
 729  0.44829 0.00000  0.43956 0.00000
 730  0.43780 0.00000  0.43956 0.00000
 731  0.43073 0.00000  0.43959 0.00000
 732  0.43629 0.00000  0.43959 0.00000
 733  0.44321 0.00000  0.43954 0.00000
 734  0.43023 0.00000  0.43953 0.00000
 735  0.43691 0.00000  0.43952 0.00000
 736  0.43499 0.00000  0.43952 0.00000
 737  0.42872 0.00000  0.43951 0.00000
 738  0.44173 0.00000  0.43951 0.00000
 739  0.43339 0.00000  0.43952 0.00000
 740  0.43963 0.00000  0.43955 0.00000
 741  0.42933 0.00000  0.43954 0.00000
 742  0.43299 0.00000  0.43958 0.00000
 743  0.44360 0.00000  0.43965 0.00000
 744  0.44191 0.00000  0.43961 0.00000
 745  0.44441 0.00000  0.43961 0.00000
 746  0.43907 0.00000  0.43962 0.00000
 747  0.42534 0.00000  0.43962 0.00000
 748  0.44464 0.00000  0.43957 0.00000
 749  0.42460 0.00000  0.43954 0.00000
 750  0.44207 0.00000  0.43952 0.00000
 751  0.44373 0.00000  0.43954 0.00000
 752  0.43888 0.00000  0.43957 0.00000
 753  0.43843 0.00000  0.43960 0.00000
 754  0.43647 0.00000  0.43957 0.00000
 755  0.43707 0.00000  0.43957 0.00000
 756  0.44771 0.00000  0.43957 0.00000
 757  0.44845 0.00000  0.43965 0.00000
 758  0.44133 0.00000  0.43969 0.00000
 759  0.43408 0.00000  0.43958 0.00000
 760  0.44003 0.00000  0.43960 0.00000
 761  0.44117 0.00000  0.43958 0.00000
 762  0.43860 0.00000  0.43960 0.00000
 763  0.42912 0.00000  0.43959 0.00000
 764  0.44367 0.00000  0.43962 0.00000
 765  0.44033 0.00000  0.43962 0.00000
 766  0.43647 0.00000  0.43963 0.00000
 767  0.44991 0.00000  0.43968 0.00000
 768  0.43429 0.00000  0.43968 0.00000
 769  0.43315 0.00000  0.43965 0.00000
 770  0.43745 0.00000  0.43965 0.00000
 771  0.44938 0.00000  0.43966 0.00000
 772  0.44319 0.00000  0.43969 0.00000
 773  0.43468 0.00000  0.43968 0.00000
 774  0.43391 0.00000  0.43968 0.00000
 775  0.44777 0.00000  0.43969 0.00000
 776  0.43656 0.00000  0.43971 0.00000
 777  0.43530 0.00000  0.43969 0.00000
 778  0.44016 0.00000  0.43977 0.00000
 779  0.43284 0.00000  0.43968 0.00000
 780  0.43662 0.00000  0.43962 0.00000
 781  0.43871 0.00000  0.43964 0.00000
 782  0.43176 0.00000  0.43970 0.00000
 783  0.43811 0.00000  0.43977 0.00000
 784  0.42730 0.00000  0.43967 0.00000
 785  0.43926 0.00000  0.43967 0.00000
 786  0.43964 0.00000  0.43965 0.00000
 787  0.43507 0.00000  0.43965 0.00000
 788  0.43723 0.00000  0.43969 0.00000
 789  0.44544 0.00000  0.43972 0.00000
 790  0.43864 0.00000  0.43971 0.00000
 791  0.43144 0.00000  0.43972 0.00000
 792  0.44422 0.00000  0.43976 0.00000
 793  0.43403 0.00000  0.43977 0.00000
 794  0.43500 0.00000  0.43974 0.00000
 795  0.43599 0.00000  0.43974 0.00000
 796  0.43580 0.00000  0.43970 0.00000
 797  0.42722 0.00000  0.43966 0.00000
 798  0.44846 0.00000  0.43969 0.00000
 799  0.43781 0.00000  0.43970 0.00000
chose model 1034 L_rmse_1035
chose model 261 L_rmse_262
chose model 135 L_rmse_136
chose model 1106 L_rmse_1107
chose model 741 L_rmse_742
chose model 878 L_rmse_879
chose model 0 L_rmse_1
chose model 307 L_rmse_308
chose model 1150 L_rmse_1151
chose model 86 L_rmse_87
processing 10000 predictions...

0%   10   20   30   40   50   60   70   80   90   100%
|----|----|----|----|----|----|----|----|----|----|
***************************************************
 done.
elapsed: [11854.91s cpu, 8781064.5020 mticks, 3285.43s wall]
score: 0.4442  baseline: 0.4419  diff: 0.00227
category UNKNOWN: count 0 avg error 0 baseline avg error 0 avg improvement 0
category AUTO: count 3291 avg error 0.0199401 baseline avg error 0.0190967 avg improvement -0.000843348
category POSS: count 6143 avg error 0.200489 baseline avg error 0.198165 avg improvement -0.00232426
category IMP: count 566 avg error 1.19402 baseline avg error 1.18856 avg improvement -0.00545522
overall: count 10000 avg error 0.197304 baseline avg error 0.19529 avg improvement -0.0020141
worst entries: 
0: 3141  label: 1 pred: -0.282539 bl: -0.21565 IMP error_pred: 1.64491 error_bl: 1.4778 improvement: -0.167101
    min: -0.913  max: 0.2535 avg: -0.309709
explanation: 
no explanation

1: 8269  label: 1 pred: -0.205334 bl: -0.1438 IMP error_pred: 1.45283 error_bl: 1.30828 improvement: -0.144551
    min: -0.7655  max: 0.1575 avg: -0.228217
explanation: 
no explanation

2: 7658  label: -1 pred: 0.479507 bl: 0.4307 IMP error_pred: 2.18894 error_bl: 2.0469 improvement: -0.142037
    min: 0.1395  max: 1 avg: 0.64067
explanation: 
no explanation

3: 1304  label: 1 pred: -0.33253 bl: -0.2794 IMP error_pred: 1.77564 error_bl: 1.63686 improvement: -0.138771
    min: -0.964  max: 0.42 avg: -0.372783
explanation: 
no explanation

4: 7945  label: 1 pred: -0.249352 bl: -0.1949 IMP error_pred: 1.56088 error_bl: 1.42779 improvement: -0.133094
    min: -0.859  max: 0.1975 avg: -0.247744
explanation: 
no explanation

5: 1890  label: -1 pred: 0.119485 bl: 0.05995 IMP error_pred: 1.25325 error_bl: 1.12349 improvement: -0.129752
    min: -0.2325  max: 0.754 avg: 0.221467
explanation: 
no explanation

6: 8386  label: 1 pred: 0.016556 bl: 0.08455 POSS error_pred: 0.967162 error_bl: 0.838049 improvement: -0.129114
    min: -0.8545  max: 0.509 avg: -0.092391
explanation: 
no explanation

7: 2145  label: -1 pred: 0.29663 bl: 0.2472 IMP error_pred: 1.68125 error_bl: 1.55551 improvement: -0.125741
    min: 0.109  max: 0.58 avg: 0.344524
explanation: 
no explanation

8: 5057  label: 1 pred: -0.170746 bl: -0.1159 POSS error_pred: 1.37065 error_bl: 1.24523 improvement: -0.125414
    min: -0.9085  max: 0.519 avg: -0.221505
explanation: 
no explanation

9: 6439  label: -1 pred: 0.161494 bl: 0.10945 IMP error_pred: 1.34907 error_bl: 1.23088 improvement: -0.118188
    min: -0.1845  max: 0.823 avg: 0.177034
explanation: 
no explanation

10: 559  label: 1 pred: -0.246349 bl: -0.198 IMP error_pred: 1.55339 error_bl: 1.4352 improvement: -0.118183
    min: -0.83  max: 0.208 avg: -0.233874
explanation: 
no explanation

11: 3633  label: 1 pred: 0.0942509 bl: 0.16015 POSS error_pred: 0.820381 error_bl: 0.705348 improvement: -0.115033
    min: -0.9275  max: 0.621 avg: 0.0872941
explanation: 
no explanation

12: 2700  label: -1 pred: 0.443414 bl: 0.40315 IMP error_pred: 2.08344 error_bl: 1.96883 improvement: -0.114614
    min: 0.173  max: 0.826 avg: 0.481851
explanation: 
no explanation

13: 7670  label: -1 pred: 0.277523 bl: 0.2324 IMP error_pred: 1.63207 error_bl: 1.51881 improvement: -0.113257
    min: 0.033  max: 0.614 avg: 0.285769
explanation: 
no explanation

14: 99  label: -1 pred: 0.164125 bl: 0.11875 IMP error_pred: 1.35519 error_bl: 1.2516 improvement: -0.103585
    min: -0.194  max: 0.6845 avg: 0.210373
explanation: 
no explanation

15: 9992  label: -1 pred: 0.345564 bl: 0.30705 IMP error_pred: 1.81054 error_bl: 1.70838 improvement: -0.102164
    min: 0.0855  max: 0.6335 avg: 0.361503
explanation: 
no explanation

16: 4422  label: -1 pred: 0.228286 bl: 0.1865 IMP error_pred: 1.50869 error_bl: 1.40778 improvement: -0.100904
    min: -0.1  max: 0.693 avg: 0.25615
explanation: 
no explanation

17: 5043  label: -1 pred: 0.241165 bl: 0.20015 IMP error_pred: 1.54049 error_bl: 1.44036 improvement: -0.100131
    min: -0.083  max: 0.64 avg: 0.257493
explanation: 
no explanation

18: 3713  label: 1 pred: 0.445943 bl: 0.5438 POSS error_pred: 0.306979 error_bl: 0.208118 improvement: -0.0988603
    min: -0.81  max: 0.8005 avg: 0.389515
explanation: 
no explanation

19: 2036  label: -0.5 pred: 0.253236 bl: 0.1846 IMP error_pred: 0.567364 error_bl: 0.468677 improvement: -0.0986871
    min: 0.034  max: 0.7275 avg: 0.318734
explanation: 
no explanation

20: 6144  label: -1 pred: 0.140207 bl: 0.0962 IMP error_pred: 1.30007 error_bl: 1.20165 improvement: -0.0984169
    min: -0.078  max: 0.5485 avg: 0.11795
explanation: 
no explanation

21: 5094  label: -0.5 pred: 0.184519 bl: 0.10945 POSS error_pred: 0.468566 error_bl: 0.371429 improvement: -0.0971368
    min: -0.107  max: 0.8275 avg: 0.282952
explanation: 
no explanation

22: 7466  label: 1 pred: -0.0076271 bl: 0.04165 IMP error_pred: 1.01531 error_bl: 0.918435 improvement: -0.0968777
    min: -0.962  max: 0.469 avg: 0.0379101
explanation: 
no explanation

23: 9751  label: -1 pred: 0.315345 bl: 0.27845 IMP error_pred: 1.73013 error_bl: 1.63443 improvement: -0.0956979
    min: 0.0465  max: 0.6045 avg: 0.33281
explanation: 
no explanation

24: 3481  label: -1 pred: 0.164058 bl: 0.12325 IMP error_pred: 1.35503 error_bl: 1.26169 improvement: -0.0933412
    min: -0.164  max: 0.5685 avg: 0.241805
explanation: 
no explanation

25: 3314  label: 1 pred: 0.427168 bl: 0.5142 POSS error_pred: 0.328137 error_bl: 0.236002 improvement: -0.0921352
    min: -0.7995  max: 1 avg: 0.383374
explanation: 
no explanation

26: 2778  label: -1 pred: 0.248316 bl: 0.21095 IMP error_pred: 1.55829 error_bl: 1.4664 improvement: -0.0918933
    min: -0.0295  max: 0.578 avg: 0.245148
explanation: 
no explanation

27: 3558  label: -1 pred: 0.05126 bl: 0.0067 IMP error_pred: 1.10515 error_bl: 1.01345 improvement: -0.0917026
    min: -0.3655  max: 0.6725 avg: 0.160916
explanation: 
no explanation

28: 9458  label: -1 pred: 0.23761 bl: 0.2 IMP error_pred: 1.53168 error_bl: 1.44 improvement: -0.0916778
    min: -0.1245  max: 0.7335 avg: 0.251403
explanation: 
no explanation

29: 9976  label: 1 pred: 0.515744 bl: 0.62205 POSS error_pred: 0.234504 error_bl: 0.142846 improvement: -0.0916577
    min: -0.8755  max: 0.9175 avg: 0.528347
explanation: 
no explanation

30: 7396  label: -0.5 pred: 0.341595 bl: 0.2861 IMP error_pred: 0.708283 error_bl: 0.617953 improvement: -0.0903296
    min: 0.161  max: 0.65 avg: 0.39924
explanation: 
no explanation

31: 1704  label: -0.5 pred: 0.37811 bl: 0.32515 IMP error_pred: 0.771077 error_bl: 0.680873 improvement: -0.0902043
    min: 0.0175  max: 1 avg: 0.432748
explanation: 
no explanation

32: 9027  label: -1 pred: 0.228655 bl: 0.1916 IMP error_pred: 1.50959 error_bl: 1.41991 improvement: -0.0896835
    min: -0.0265  max: 0.5825 avg: 0.186884
explanation: 
no explanation

33: 9822  label: -1 pred: 0.201742 bl: 0.1646 IMP error_pred: 1.44418 error_bl: 1.35629 improvement: -0.0878901
    min: -0.0575  max: 0.5605 avg: 0.177756
explanation: 
no explanation

34: 4754  label: 1 pred: 0.500458 bl: 0.5979 POSS error_pred: 0.249542 error_bl: 0.161684 improvement: -0.0878578
    min: -0.9275  max: 0.9405 avg: 0.586949
explanation: 
no explanation

35: 2732  label: 1 pred: -0.0742039 bl: -0.0328 IMP error_pred: 1.15391 error_bl: 1.06668 improvement: -0.0872381
    min: -0.66  max: 0.239 avg: -0.050427
explanation: 
no explanation

36: 8649  label: -1 pred: 0.376581 bl: 0.3447 IMP error_pred: 1.89497 error_bl: 1.80822 improvement: -0.0867568
    min: 0.0225  max: 0.8075 avg: 0.32149
explanation: 
no explanation

37: 7061  label: -1 pred: 0.515948 bl: 0.48715 IMP error_pred: 2.2981 error_bl: 2.21162 improvement: -0.0864842
    min: 0.283  max: 0.8365 avg: 0.528103
explanation: 
no explanation

38: 5734  label: 1 pred: 0.551506 bl: 0.661 POSS error_pred: 0.201147 error_bl: 0.114921 improvement: -0.0862257
    min: -0.447  max: 1 avg: 0.375189
explanation: 
no explanation

39: 4359  label: -1 pred: 0.387907 bl: 0.35655 IMP error_pred: 1.92629 error_bl: 1.84023 improvement: -0.0860587
    min: 0.1045  max: 0.655 avg: 0.409361
explanation: 
no explanation

40: 1327  label: 1 pred: 0.357769 bl: 0.42815 POSS error_pred: 0.412461 error_bl: 0.327012 improvement: -0.0854487
    min: -0.9275  max: 0.9245 avg: 0.385701
explanation: 
no explanation

41: 193  label: -0.5 pred: 0.270189 bl: 0.21285 POSS error_pred: 0.593191 error_bl: 0.508155 improvement: -0.085036
    min: -0.0445  max: 0.761 avg: 0.358371
explanation: 
no explanation

42: 9843  label: -1 pred: 0.374731 bl: 0.34375 IMP error_pred: 1.88988 error_bl: 1.80566 improvement: -0.0842208
    min: -0.241  max: 0.974 avg: 0.383621
explanation: 
no explanation

43: 3381  label: -1 pred: 0.125705 bl: 0.0878 IMP error_pred: 1.26721 error_bl: 1.18331 improvement: -0.0839026
    min: -0.349  max: 0.7125 avg: 0.251151
explanation: 
no explanation

44: 1767  label: 1 pred: 0.425007 bl: 0.5032 POSS error_pred: 0.330617 error_bl: 0.24681 improvement: -0.0838066
    min: -0.7425  max: 0.957 avg: 0.471652
explanation: 
no explanation

45: 4272  label: 1 pred: 0.487514 bl: 0.57705 POSS error_pred: 0.262642 error_bl: 0.178887 improvement: -0.0837556
    min: -0.8165  max: 0.9855 avg: 0.540786
explanation: 
no explanation

46: 2335  label: -1 pred: 0.038342 bl: -0.0027 IMP error_pred: 1.07815 error_bl: 0.994607 improvement: -0.0835468
    min: -0.1885  max: 0.54 avg: -0.0234548
explanation: 
no explanation

47: 1427  label: -1 pred: 0.245601 bl: 0.2117 IMP error_pred: 1.55152 error_bl: 1.46822 improvement: -0.0833043
    min: -0.1875  max: 0.7725 avg: 0.296835
explanation: 
no explanation

48: 2944  label: -0.5 pred: 0.421578 bl: 0.37535 IMP error_pred: 0.849306 error_bl: 0.766238 improvement: -0.0830688
    min: 0.2205  max: 0.7235 avg: 0.480125
explanation: 
no explanation

49: 8322  label: -0.5 pred: 0.183256 bl: 0.1198 POSS error_pred: 0.466839 error_bl: 0.384152 improvement: -0.0826867
    min: -0.0405  max: 0.686 avg: 0.23192
explanation: 
no explanation

best entries: 
0: 8920  label: -1 pred: 0.730832 bl: 0.90015 IMP error_pred: 2.99578 error_bl: 3.61057 improvement: 0.614791
1: 6142  label: -1 pred: 0.836524 bl: 0.95195 IMP error_pred: 3.37282 error_bl: 3.81011 improvement: 0.437289
2: 3697  label: -1 pred: 0.829941 bl: 0.93965 IMP error_pred: 3.34869 error_bl: 3.76224 improvement: 0.413557
3: 8914  label: -1 pred: 0.5637 bl: 0.6812 IMP error_pred: 2.44516 error_bl: 2.82643 improvement: 0.381277
4: 3601  label: -1 pred: 0.747513 bl: 0.8256 IMP error_pred: 3.0538 error_bl: 3.33282 improvement: 0.279015
5: 3527  label: 0 pred: 0.828733 bl: 0.9732 POSS error_pred: 0.686798 error_bl: 0.947118 improvement: 0.260321
6: 4335  label: -1 pred: 0.727321 bl: 0.7993 IMP error_pred: 2.98364 error_bl: 3.23748 improvement: 0.253844
7: 5995  label: -1 pred: 0.752937 bl: 0.82345 IMP error_pred: 3.07279 error_bl: 3.32497 improvement: 0.252181
8: 5768  label: -1 pred: 0.617342 bl: 0.6919 IMP error_pred: 2.61579 error_bl: 2.86253 improvement: 0.246731
9: 9566  label: 0 pred: 0.856041 bl: 0.98855 IMP error_pred: 0.732806 error_bl: 0.977231 improvement: 0.244425
10: 8467  label: -1 pred: 0.715227 bl: 0.78395 IMP error_pred: 2.942 error_bl: 3.18248 improvement: 0.240475
11: 1736  label: -0.5 pred: 0.765018 bl: 0.8495 IMP error_pred: 1.60027 error_bl: 1.82115 improvement: 0.220881
12: 2441  label: -1 pred: 0.119563 bl: 0.19995 POSS error_pred: 1.25342 error_bl: 1.43988 improvement: 0.186458
13: 5597  label: -0.5 pred: 0.74536 bl: 0.8175 IMP error_pred: 1.55092 error_bl: 1.73581 improvement: 0.184886
14: 9207  label: 0 pred: 0.794652 bl: 0.9 IMP error_pred: 0.631472 error_bl: 0.81 improvement: 0.178528
15: 4256  label: 0 pred: 0.788619 bl: 0.8933 POSS error_pred: 0.621921 error_bl: 0.797985 improvement: 0.176064
16: 7193  label: -0.5 pred: 0.717714 bl: 0.78775 IMP error_pred: 1.48283 error_bl: 1.6583 improvement: 0.175472
17: 8361  label: 0 pred: 0.81081 bl: 0.90915 IMP error_pred: 0.657413 error_bl: 0.826554 improvement: 0.169141
18: 8866  label: -1 pred: 0.673956 bl: 0.7221 IMP error_pred: 2.80213 error_bl: 2.96563 improvement: 0.163501
19: 9712  label: 0 pred: 0.775481 bl: 0.8745 POSS error_pred: 0.601371 error_bl: 0.76475 improvement: 0.16338
20: 1013  label: 0 pred: 0.796065 bl: 0.89275 POSS error_pred: 0.63372 error_bl: 0.797003 improvement: 0.163282
21: 1191  label: -1 pred: 0.68732 bl: 0.73395 IMP error_pred: 2.84705 error_bl: 3.00658 improvement: 0.159533
22: 3786  label: 0 pred: 0.797641 bl: 0.8919 IMP error_pred: 0.636232 error_bl: 0.795486 improvement: 0.159254
23: 3777  label: 0 pred: 0.788847 bl: 0.8824 POSS error_pred: 0.62228 error_bl: 0.77863 improvement: 0.15635
24: 8218  label: 0 pred: 0.788186 bl: 0.8814 POSS error_pred: 0.621237 error_bl: 0.776866 improvement: 0.155629
25: 9875  label: 1 pred: -0.262553 bl: -0.322 POSS error_pred: 1.59404 error_bl: 1.74768 improvement: 0.153645
26: 6232  label: 0 pred: 0.754597 bl: 0.84855 POSS error_pred: 0.569417 error_bl: 0.720037 improvement: 0.15062
27: 1398  label: -1 pred: 0.658806 bl: 0.70345 IMP error_pred: 2.75164 error_bl: 2.90174 improvement: 0.150106
28: 1915  label: 0 pred: 0.783496 bl: 0.87195 POSS error_pred: 0.613865 error_bl: 0.760297 improvement: 0.146431
29: 3836  label: 1 pred: -0.14904 bl: -0.2099 POSS error_pred: 1.32029 error_bl: 1.46386 improvement: 0.143566
30: 8533  label: -1 pred: 0.484411 bl: 0.53145 IMP error_pred: 2.20348 error_bl: 2.34534 improvement: 0.141864
31: 8034  label: 1 pred: 0.0312956 bl: -0.03935 POSS error_pred: 0.938388 error_bl: 1.08025 improvement: 0.14186
32: 4152  label: 0 pred: 0.800859 bl: 0.88465 IMP error_pred: 0.641376 error_bl: 0.782606 improvement: 0.14123
33: 4244  label: -1 pred: 0.673757 bl: 0.71485 IMP error_pred: 2.80146 error_bl: 2.94071 improvement: 0.139247
34: 5519  label: 0 pred: 0.785552 bl: 0.8688 IMP error_pred: 0.617092 error_bl: 0.754813 improvement: 0.137722
35: 2202  label: -0.5 pred: 0.669427 bl: 0.72485 IMP error_pred: 1.36756 error_bl: 1.50026 improvement: 0.132697
36: 7811  label: 0 pred: 0.77919 bl: 0.8588 IMP error_pred: 0.607138 error_bl: 0.737537 improvement: 0.1304
37: 1616  label: -1 pred: 0.553374 bl: 0.59435 IMP error_pred: 2.41297 error_bl: 2.54195 improvement: 0.128983
38: 4306  label: -1 pred: 0.505561 bl: 0.54745 IMP error_pred: 2.26672 error_bl: 2.3946 improvement: 0.127887
39: 1294  label: 0 pred: 0.682159 bl: 0.7688 POSS error_pred: 0.465341 error_bl: 0.591053 improvement: 0.125712
40: 9053  label: 0 pred: 0.76421 bl: 0.8407 POSS error_pred: 0.584017 error_bl: 0.706777 improvement: 0.12276
41: 2673  label: 0 pred: 0.774976 bl: 0.8496 IMP error_pred: 0.600588 error_bl: 0.72182 improvement: 0.121232
42: 9602  label: -0.5 pred: -0.756094 bl: -0.9315 POSS error_pred: 0.0655842 error_bl: 0.186192 improvement: 0.120608
43: 6761  label: 0.5 pred: 0.821954 bl: 0.9724 POSS error_pred: 0.103655 error_bl: 0.223162 improvement: 0.119507
44: 1259  label: -0.5 pred: 0.601984 bl: 0.6549 POSS error_pred: 1.21437 error_bl: 1.33379 improvement: 0.119425
45: 4446  label: -1 pred: 0.550204 bl: 0.58805 IMP error_pred: 2.40313 error_bl: 2.5219 improvement: 0.11877
46: 1852  label: 0 pred: 0.740221 bl: 0.8164 POSS error_pred: 0.547927 error_bl: 0.666509 improvement: 0.118582
47: 938  label: 0.5 pred: -0.632843 bl: -0.68355 POSS error_pred: 1.28333 error_bl: 1.40079 improvement: 0.117458
48: 8997  label: 0 pred: 0.762343 bl: 0.83575 POSS error_pred: 0.581167 error_bl: 0.698478 improvement: 0.117311
49: 1700  label: 0 pred: 0.762789 bl: 0.83605 POSS error_pred: 0.581847 error_bl: 0.69898 improvement: 0.117133

total is 0
score for UNKNOWN: nan baseline: nan diff:    nan
total is 3291
score for AUTO: 0.1412 baseline: 0.1382 diff: 0.0030
total is 6143
score for POSS: 0.4478 baseline: 0.4452 diff: 0.0026
total is 566
score for IMP: 1.0927 baseline: 1.0902 diff: 0.0025
writing 50000 official test outputs

0%   10   20   30   40   50   60   70   80   90   100%
|----|----|----|----|----|----|----|----|----|----|
***************************************************
scores: [ 0.444189 ]
0.4442 +/-    nan
11506.94user 375.43system 54:58.57elapsed 360%CPU (0avgtext+0avgdata 0maxresident)k
0inputs+1104outputs (0major+138717496minor)pagefaults 0swaps
