loading data...Twoway_Layer::random_fill(): limit = 0.103695 ni = 93 no = 50
Twoway_Layer::random_fill(): limit = 0.141421 ni = 50 no = 1
iter  ---- train ----  ---- test -----
         rmse     auc     rmse     auc
   0  1.00633 0.00000  0.99346 0.42810
   1  0.98668 0.00000  0.97769 0.34407
   2  0.97696 0.00000  0.96839 0.33209
   3  0.96877 0.00000  0.96220 0.32789
   4  0.96324 0.00000  0.95828 0.32572
   5  0.95838 0.00000  0.95552 0.32448
   6  0.95680 0.00000  0.95372 0.32376
   7  0.95751 0.00000  0.95254 0.32330
   8  0.95630 0.00000  0.95178 0.32278
   9  0.95910 0.00000  0.95130 0.32241
  10  0.95296 0.00000  0.95069 0.32201
  11  0.95533 0.00000  0.95032 0.32172
  12  0.95342 0.00000  0.95001 0.32154
  13  0.95412 0.00000  0.94970 0.32111
  14  0.95536 0.00000  0.94958 0.32098
  15  0.95450 0.00000  0.94934 0.32058
  16  0.95134 0.00000  0.94909 0.32040
  17  0.95300 0.00000  0.94896 0.32021
  18  0.95060 0.00000  0.94883 0.32005
  19  0.95489 0.00000  0.94874 0.31978
  20  0.94917 0.00000  0.94859 0.31968
  21  0.95366 0.00000  0.94854 0.31952
  22  0.95256 0.00000  0.94842 0.31929
  23  0.95037 0.00000  0.94830 0.31913
  24  0.95242 0.00000  0.94818 0.31886
  25  0.95423 0.00000  0.94813 0.31866
  26  0.95211 0.00000  0.94805 0.31848
  27  0.95249 0.00000  0.94805 0.31843
  28  0.95190 0.00000  0.94790 0.31816
  29  0.95296 0.00000  0.94786 0.31801
  30  0.95814 0.00000  0.94792 0.31779
  31  0.94934 0.00000  0.94778 0.31774
  32  0.95095 0.00000  0.94773 0.31760
  33  0.95434 0.00000  0.94770 0.31743
  34  0.95348 0.00000  0.94770 0.31726
  35  0.94941 0.00000  0.94761 0.31720
  36  0.94760 0.00000  0.94750 0.31710
  37  0.94941 0.00000  0.94750 0.31708
  38  0.95116 0.00000  0.94736 0.31686
  39  0.94854 0.00000  0.94728 0.31674
  40  0.95112 0.00000  0.94729 0.31673
  41  0.95077 0.00000  0.94722 0.31656
  42  0.94756 0.00000  0.94715 0.31643
  43  0.95152 0.00000  0.94714 0.31628
  44  0.94882 0.00000  0.94710 0.31625
  45  0.95366 0.00000  0.94714 0.31615
  46  0.94872 0.00000  0.94715 0.31611
  47  0.94977 0.00000  0.94711 0.31603
  48  0.95306 0.00000  0.94714 0.31597
  49  0.94744 0.00000  0.94703 0.31588
  50  0.95592 0.00000  0.94715 0.31581
  51  0.94951 0.00000  0.94716 0.31576
  52  0.95493 0.00000  0.94709 0.31559
  53  0.95007 0.00000  0.94703 0.31546
  54  0.95367 0.00000  0.94705 0.31537
  55  0.95170 0.00000  0.94712 0.31541
  56  0.94716 0.00000  0.94700 0.31532
  57  0.95076 0.00000  0.94699 0.31527
  58  0.94870 0.00000  0.94691 0.31519
  59  0.94829 0.00000  0.94685 0.31513
  60  0.94588 0.00000  0.94679 0.31509
  61  0.95117 0.00000  0.94680 0.31503
  62  0.94762 0.00000  0.94676 0.31500
  63  0.94876 0.00000  0.94676 0.31491
  64  0.94995 0.00000  0.94678 0.31486
  65  0.95106 0.00000  0.94676 0.31484
  66  0.95078 0.00000  0.94675 0.31480
  67  0.95286 0.00000  0.94679 0.31472
  68  0.95214 0.00000  0.94679 0.31465
  69  0.95045 0.00000  0.94679 0.31461
  70  0.94799 0.00000  0.94677 0.31462
  71  0.95181 0.00000  0.94678 0.31457
  72  0.94796 0.00000  0.94673 0.31456
  73  0.95185 0.00000  0.94675 0.31449
  74  0.94945 0.00000  0.94675 0.31448
  75  0.95521 0.00000  0.94680 0.31438
  76  0.95234 0.00000  0.94683 0.31436
  77  0.94983 0.00000  0.94686 0.31436
  78  0.94703 0.00000  0.94682 0.31436
  79  0.95213 0.00000  0.94688 0.31433
  80  0.94665 0.00000  0.94676 0.31427
  81  0.95353 0.00000  0.94681 0.31420
  82  0.95130 0.00000  0.94683 0.31417
  83  0.94768 0.00000  0.94679 0.31415
  84  0.94656 0.00000  0.94675 0.31415
  85  0.95068 0.00000  0.94677 0.31415
  86  0.94656 0.00000  0.94675 0.31411
  87  0.94928 0.00000  0.94674 0.31408
  88  0.95047 0.00000  0.94676 0.31407
  89  0.94854 0.00000  0.94676 0.31405
  90  0.94668 0.00000  0.94672 0.31405
  91  0.95284 0.00000  0.94676 0.31401
  92  0.95009 0.00000  0.94677 0.31397
  93  0.95078 0.00000  0.94680 0.31393
  94  0.95124 0.00000  0.94681 0.31391
  95  0.94787 0.00000  0.94679 0.31392
  96  0.95151 0.00000  0.94680 0.31390
  97  0.95126 0.00000  0.94685 0.31391
  98  0.95115 0.00000  0.94684 0.31388
  99  0.94914 0.00000  0.94684 0.31388
 100  0.95368 0.00000  0.94689 0.31384
 101  0.94277 0.00000  0.94684 0.31388
 102  0.95137 0.00000  0.94681 0.31383
 103  0.95044 0.00000  0.94685 0.31381
 104  0.94978 0.00000  0.94688 0.31380
 105  0.94935 0.00000  0.94687 0.31377
 106  0.94620 0.00000  0.94680 0.31376
 107  0.94640 0.00000  0.94675 0.31374
 108  0.94573 0.00000  0.94671 0.31370
 109  0.94903 0.00000  0.94672 0.31372
 110  0.95411 0.00000  0.94677 0.31369
 111  0.94790 0.00000  0.94676 0.31370
 112  0.95290 0.00000  0.94682 0.31369
 113  0.95048 0.00000  0.94682 0.31368
 114  0.94973 0.00000  0.94684 0.31368
 115  0.94927 0.00000  0.94683 0.31365
 116  0.94368 0.00000  0.94677 0.31365
 117  0.95070 0.00000  0.94680 0.31366
 118  0.94774 0.00000  0.94679 0.31366
 119  0.95198 0.00000  0.94684 0.31364
 120  0.94806 0.00000  0.94687 0.31364
 121  0.95194 0.00000  0.94691 0.31363
 122  0.94660 0.00000  0.94686 0.31363
 123  0.94300 0.00000  0.94681 0.31364
 124  0.94662 0.00000  0.94679 0.31365
 125  0.94639 0.00000  0.94685 0.31367
 126  0.94849 0.00000  0.94685 0.31366
 127  0.95073 0.00000  0.94680 0.31363
 128  0.94980 0.00000  0.94681 0.31363
 129  0.94865 0.00000  0.94681 0.31361
 130  0.95295 0.00000  0.94686 0.31357
 131  0.94799 0.00000  0.94684 0.31356
 132  0.95218 0.00000  0.94689 0.31355
 133  0.94919 0.00000  0.94690 0.31354
 134  0.94834 0.00000  0.94691 0.31353
 135  0.95052 0.00000  0.94692 0.31354
 136  0.95133 0.00000  0.94696 0.31353
 137  0.94852 0.00000  0.94696 0.31352
 138  0.94872 0.00000  0.94695 0.31353
 139  0.94361 0.00000  0.94689 0.31355
 140  0.95292 0.00000  0.94693 0.31353
 141  0.94710 0.00000  0.94695 0.31354
 142  0.94881 0.00000  0.94699 0.31355
 143  0.94514 0.00000  0.94697 0.31357
 144  0.94910 0.00000  0.94699 0.31357
 145  0.95215 0.00000  0.94699 0.31354
 146  0.95082 0.00000  0.94700 0.31351
 147  0.94772 0.00000  0.94701 0.31349
 148  0.94943 0.00000  0.94702 0.31349
 149  0.94309 0.00000  0.94697 0.31354
 150  0.94993 0.00000  0.94698 0.31355
 151  0.95269 0.00000  0.94703 0.31354
 152  0.95247 0.00000  0.94708 0.31354
 153  0.94941 0.00000  0.94707 0.31352
 154  0.95034 0.00000  0.94708 0.31353
 155  0.94951 0.00000  0.94710 0.31356
 156  0.94640 0.00000  0.94708 0.31355
 157  0.94667 0.00000  0.94705 0.31354
 158  0.95226 0.00000  0.94709 0.31352
 159  0.95335 0.00000  0.94715 0.31353
 160  0.94783 0.00000  0.94714 0.31353
 161  0.95017 0.00000  0.94714 0.31352
 162  0.95286 0.00000  0.94717 0.31352
 163  0.94817 0.00000  0.94715 0.31352
 164  0.94649 0.00000  0.94712 0.31351
 165  0.95327 0.00000  0.94718 0.31350
 166  0.94909 0.00000  0.94721 0.31351
 167  0.94534 0.00000  0.94718 0.31352
 168  0.94770 0.00000  0.94715 0.31352
 169  0.94857 0.00000  0.94717 0.31350
 170  0.95145 0.00000  0.94719 0.31348
 171  0.95267 0.00000  0.94724 0.31348
 172  0.94991 0.00000  0.94725 0.31348
 173  0.95172 0.00000  0.94729 0.31348
 174  0.94828 0.00000  0.94728 0.31348
 175  0.94988 0.00000  0.94730 0.31346
 176  0.95019 0.00000  0.94732 0.31346
 177  0.95264 0.00000  0.94735 0.31348
 178  0.95007 0.00000  0.94735 0.31347
 179  0.95184 0.00000  0.94737 0.31350
 180  0.95131 0.00000  0.94740 0.31349
 181  0.95156 0.00000  0.94740 0.31350
 182  0.95113 0.00000  0.94741 0.31351
 183  0.95455 0.00000  0.94746 0.31352
 184  0.94350 0.00000  0.94740 0.31352
 185  0.94770 0.00000  0.94740 0.31354
 186  0.95430 0.00000  0.94743 0.31354
 187  0.94615 0.00000  0.94740 0.31354
 188  0.94528 0.00000  0.94736 0.31356
 189  0.95550 0.00000  0.94744 0.31355
 190  0.95068 0.00000  0.94743 0.31355
 191  0.95044 0.00000  0.94740 0.31355
 192  0.94831 0.00000  0.94742 0.31356
 193  0.94942 0.00000  0.94741 0.31356
 194  0.94897 0.00000  0.94740 0.31353
 195  0.94839 0.00000  0.94740 0.31353
 196  0.95387 0.00000  0.94744 0.31352
 197  0.94907 0.00000  0.94745 0.31352
 198  0.95236 0.00000  0.94748 0.31353
 199  0.95133 0.00000  0.94750 0.31352
 200  0.95113 0.00000  0.94754 0.31354
 201  0.94984 0.00000  0.94757 0.31356
 202  0.95036 0.00000  0.94752 0.31354
 203  0.95246 0.00000  0.94753 0.31353
 204  0.94705 0.00000  0.94751 0.31354
 205  0.95068 0.00000  0.94752 0.31353
 206  0.95015 0.00000  0.94752 0.31353
 207  0.94955 0.00000  0.94752 0.31354
 208  0.95008 0.00000  0.94752 0.31353
 209  0.95327 0.00000  0.94755 0.31354
 210  0.94950 0.00000  0.94754 0.31354
 211  0.94667 0.00000  0.94751 0.31354
 212  0.94560 0.00000  0.94747 0.31355
 213  0.94945 0.00000  0.94747 0.31355
 214  0.95294 0.00000  0.94751 0.31356
 215  0.94933 0.00000  0.94750 0.31357
 216  0.95327 0.00000  0.94754 0.31356
 217  0.94710 0.00000  0.94751 0.31357
 218  0.94957 0.00000  0.94752 0.31359
 219  0.95015 0.00000  0.94753 0.31359
 220  0.95073 0.00000  0.94753 0.31359
 221  0.95159 0.00000  0.94756 0.31359
 222  0.94355 0.00000  0.94751 0.31360
 223  0.95242 0.00000  0.94754 0.31359
 224  0.95112 0.00000  0.94756 0.31358
 225  0.94832 0.00000  0.94754 0.31359
 226  0.94869 0.00000  0.94754 0.31360
 227  0.95176 0.00000  0.94756 0.31361
 228  0.94954 0.00000  0.94755 0.31361
 229  0.95278 0.00000  0.94757 0.31361
 230  0.94705 0.00000  0.94755 0.31363
 231  0.95384 0.00000  0.94759 0.31364
 232  0.94811 0.00000  0.94758 0.31364
 233  0.95174 0.00000  0.94760 0.31364
 234  0.95044 0.00000  0.94760 0.31363
 235  0.94682 0.00000  0.94758 0.31364
 236  0.95260 0.00000  0.94759 0.31363
 237  0.95078 0.00000  0.94760 0.31366
 238  0.94708 0.00000  0.94759 0.31366
 239  0.94938 0.00000  0.94758 0.31367
 240  0.95064 0.00000  0.94758 0.31364
 241  0.94893 0.00000  0.94759 0.31366
 242  0.95055 0.00000  0.94761 0.31368
 243  0.95369 0.00000  0.94766 0.31367
 244  0.94906 0.00000  0.94763 0.31368
 245  0.95094 0.00000  0.94764 0.31367
 246  0.95145 0.00000  0.94765 0.31367
 247  0.94634 0.00000  0.94762 0.31368
 248  0.95005 0.00000  0.94762 0.31367
 249  0.95524 0.00000  0.94767 0.31366
 250  0.94898 0.00000  0.94768 0.31368
 251  0.95003 0.00000  0.94767 0.31368
 252  0.94599 0.00000  0.94763 0.31368
 253  0.94801 0.00000  0.94763 0.31369
 254  0.94755 0.00000  0.94759 0.31369
 255  0.94811 0.00000  0.94758 0.31370
 256  0.95062 0.00000  0.94760 0.31371
 257  0.94939 0.00000  0.94758 0.31371
 258  0.94627 0.00000  0.94757 0.31372
 259  0.94821 0.00000  0.94759 0.31372
 260  0.94820 0.00000  0.94759 0.31374
 261  0.95049 0.00000  0.94761 0.31375
 262  0.95556 0.00000  0.94763 0.31373
 263  0.95114 0.00000  0.94761 0.31372
 264  0.94914 0.00000  0.94761 0.31373
 265  0.94764 0.00000  0.94760 0.31373
 266  0.94749 0.00000  0.94758 0.31373
 267  0.94865 0.00000  0.94758 0.31373
 268  0.95053 0.00000  0.94761 0.31375
 269  0.94955 0.00000  0.94760 0.31374
 270  0.95030 0.00000  0.94763 0.31375
 271  0.94723 0.00000  0.94760 0.31376
 272  0.95047 0.00000  0.94760 0.31375
 273  0.94528 0.00000  0.94756 0.31375
 274  0.95424 0.00000  0.94762 0.31375
 275  0.95216 0.00000  0.94764 0.31374
 276  0.95136 0.00000  0.94765 0.31373
 277  0.95339 0.00000  0.94769 0.31375
 278  0.94977 0.00000  0.94769 0.31374
 279  0.95035 0.00000  0.94770 0.31373
 280  0.95016 0.00000  0.94769 0.31374
 281  0.95032 0.00000  0.94770 0.31373
 282  0.94885 0.00000  0.94770 0.31374
 283  0.95145 0.00000  0.94772 0.31374
 284  0.95120 0.00000  0.94774 0.31374
 285  0.95405 0.00000  0.94778 0.31374
 286  0.94636 0.00000  0.94775 0.31374
 287  0.95071 0.00000  0.94775 0.31374
 288  0.95189 0.00000  0.94777 0.31374
 289  0.95344 0.00000  0.94781 0.31373
 290  0.95189 0.00000  0.94781 0.31373
 291  0.94624 0.00000  0.94778 0.31375
 292  0.95399 0.00000  0.94782 0.31374
 293  0.95287 0.00000  0.94782 0.31375
 294  0.95091 0.00000  0.94783 0.31376
 295  0.95339 0.00000  0.94785 0.31376
 296  0.95136 0.00000  0.94788 0.31375
 297  0.94900 0.00000  0.94785 0.31375
 298  0.94729 0.00000  0.94783 0.31376
 299  0.94992 0.00000  0.94780 0.31374
 300  0.95029 0.00000  0.94780 0.31373
 301  0.94606 0.00000  0.94778 0.31374
 302  0.95067 0.00000  0.94780 0.31376
 303  0.94991 0.00000  0.94781 0.31377
 304  0.95037 0.00000  0.94779 0.31377
 305  0.95007 0.00000  0.94778 0.31377
 306  0.95193 0.00000  0.94779 0.31377
 307  0.95390 0.00000  0.94783 0.31375
 308  0.95613 0.00000  0.94789 0.31377
 309  0.95343 0.00000  0.94792 0.31378
 310  0.95505 0.00000  0.94794 0.31377
 311  0.94841 0.00000  0.94791 0.31377
 312  0.94677 0.00000  0.94787 0.31377
 313  0.94997 0.00000  0.94787 0.31378
 314  0.95065 0.00000  0.94787 0.31376
 315  0.95000 0.00000  0.94787 0.31377
 316  0.95463 0.00000  0.94790 0.31376
 317  0.94780 0.00000  0.94787 0.31377
 318  0.95698 0.00000  0.94796 0.31379
 319  0.95347 0.00000  0.94794 0.31379
 320  0.95217 0.00000  0.94792 0.31377
 321  0.95278 0.00000  0.94791 0.31375
 322  0.95287 0.00000  0.94793 0.31375
 323  0.94701 0.00000  0.94789 0.31375
 324  0.95153 0.00000  0.94790 0.31375
 325  0.95162 0.00000  0.94791 0.31375
 326  0.95311 0.00000  0.94794 0.31375
 327  0.94788 0.00000  0.94791 0.31377
 328  0.95416 0.00000  0.94793 0.31377
 329  0.95488 0.00000  0.94797 0.31378
 330  0.94881 0.00000  0.94797 0.31379
 331  0.95037 0.00000  0.94798 0.31381
 332  0.95184 0.00000  0.94795 0.31377
 333  0.95140 0.00000  0.94795 0.31378
 334  0.94650 0.00000  0.94793 0.31379
 335  0.94691 0.00000  0.94790 0.31380
 336  0.94967 0.00000  0.94790 0.31379
 337  0.94608 0.00000  0.94788 0.31383
 338  0.95090 0.00000  0.94787 0.31381
 339  0.94992 0.00000  0.94790 0.31383
 340  0.95201 0.00000  0.94786 0.31382
 341  0.94525 0.00000  0.94779 0.31381
 342  0.94870 0.00000  0.94781 0.31383
 343  0.94991 0.00000  0.94780 0.31384
 344  0.95354 0.00000  0.94778 0.31381
 345  0.94982 0.00000  0.94778 0.31381
 346  0.94945 0.00000  0.94778 0.31379
 347  0.95367 0.00000  0.94780 0.31381
 348  0.94947 0.00000  0.94780 0.31381
 349  0.94890 0.00000  0.94779 0.31382
 350  0.94619 0.00000  0.94775 0.31383
 351  0.95070 0.00000  0.94776 0.31383
 352  0.95060 0.00000  0.94776 0.31383
 353  0.94716 0.00000  0.94773 0.31385
 354  0.94915 0.00000  0.94773 0.31385
 355  0.95378 0.00000  0.94775 0.31384
 356  0.95032 0.00000  0.94775 0.31383
 357  0.95055 0.00000  0.94775 0.31383
 358  0.94702 0.00000  0.94773 0.31382
 359  0.94965 0.00000  0.94773 0.31383
 360  0.95040 0.00000  0.94773 0.31383
 361  0.94929 0.00000  0.94774 0.31382
 362  0.94998 0.00000  0.94775 0.31381
 363  0.94688 0.00000  0.94772 0.31383
 364  0.95093 0.00000  0.94772 0.31384
 365  0.95102 0.00000  0.94773 0.31382
 366  0.94998 0.00000  0.94772 0.31384
 367  0.95126 0.00000  0.94774 0.31385
 368  0.95154 0.00000  0.94775 0.31386
 369  0.94995 0.00000  0.94775 0.31388
 370  0.94786 0.00000  0.94776 0.31391
 371  0.94549 0.00000  0.94774 0.31391
 372  0.94749 0.00000  0.94768 0.31390
 373  0.95133 0.00000  0.94768 0.31389
 374  0.94815 0.00000  0.94766 0.31389
 375  0.95104 0.00000  0.94767 0.31390
 376  0.95223 0.00000  0.94769 0.31389
 377  0.94870 0.00000  0.94768 0.31390
 378  0.94868 0.00000  0.94767 0.31389
 379  0.94843 0.00000  0.94766 0.31388
 380  0.94725 0.00000  0.94766 0.31390
 381  0.95051 0.00000  0.94767 0.31391
 382  0.95270 0.00000  0.94768 0.31387
 383  0.95255 0.00000  0.94771 0.31387
 384  0.94851 0.00000  0.94772 0.31390
 385  0.95095 0.00000  0.94772 0.31389
 386  0.94606 0.00000  0.94769 0.31391
 387  0.95350 0.00000  0.94773 0.31392
 388  0.95276 0.00000  0.94781 0.31393
 389  0.94873 0.00000  0.94781 0.31394
 390  0.94797 0.00000  0.94775 0.31393
 391  0.94829 0.00000  0.94772 0.31394
 392  0.95008 0.00000  0.94772 0.31393
 393  0.94855 0.00000  0.94771 0.31393
 394  0.95090 0.00000  0.94770 0.31392
 395  0.95488 0.00000  0.94772 0.31389
 396  0.94866 0.00000  0.94772 0.31389
 397  0.95008 0.00000  0.94774 0.31392
 398  0.95358 0.00000  0.94776 0.31391
 399  0.94886 0.00000  0.94776 0.31392
 400  0.94883 0.00000  0.94773 0.31389
 401  0.95090 0.00000  0.94776 0.31393
 402  0.94963 0.00000  0.94774 0.31390
 403  0.95247 0.00000  0.94778 0.31393
 404  0.94839 0.00000  0.94777 0.31393
 405  0.94935 0.00000  0.94776 0.31392
 406  0.94764 0.00000  0.94774 0.31390
 407  0.94848 0.00000  0.94772 0.31389
 408  0.95201 0.00000  0.94773 0.31390
 409  0.95362 0.00000  0.94776 0.31391
 410  0.95276 0.00000  0.94780 0.31394
 411  0.95154 0.00000  0.94781 0.31395
 412  0.95348 0.00000  0.94782 0.31393
 413  0.94894 0.00000  0.94780 0.31393
 414  0.95365 0.00000  0.94781 0.31391
 415  0.94919 0.00000  0.94781 0.31392
 416  0.94897 0.00000  0.94780 0.31394
 417  0.94822 0.00000  0.94778 0.31393
 418  0.95137 0.00000  0.94778 0.31392
 419  0.95334 0.00000  0.94780 0.31390
 420  0.95313 0.00000  0.94783 0.31392
 421  0.95481 0.00000  0.94787 0.31391
 422  0.94666 0.00000  0.94783 0.31391
 423  0.95133 0.00000  0.94786 0.31392
 424  0.95122 0.00000  0.94786 0.31392
 425  0.94694 0.00000  0.94784 0.31392
 426  0.94972 0.00000  0.94783 0.31392
 427  0.95081 0.00000  0.94782 0.31390
 428  0.94936 0.00000  0.94784 0.31392
 429  0.95151 0.00000  0.94782 0.31391
 430  0.95278 0.00000  0.94784 0.31389
 431  0.95410 0.00000  0.94787 0.31391
 432  0.95317 0.00000  0.94791 0.31392
 433  0.94807 0.00000  0.94787 0.31390
 434  0.95348 0.00000  0.94789 0.31390
 435  0.95024 0.00000  0.94788 0.31391
 436  0.94929 0.00000  0.94786 0.31390
 437  0.94769 0.00000  0.94785 0.31390
 438  0.94776 0.00000  0.94782 0.31392
 439  0.94640 0.00000  0.94781 0.31393
 440  0.95489 0.00000  0.94786 0.31393
 441  0.95188 0.00000  0.94786 0.31393
 442  0.94868 0.00000  0.94788 0.31397
 443  0.94959 0.00000  0.94784 0.31394
 444  0.95173 0.00000  0.94787 0.31397
 445  0.95064 0.00000  0.94785 0.31395
 446  0.95459 0.00000  0.94788 0.31395
 447  0.95243 0.00000  0.94787 0.31394
 448  0.95153 0.00000  0.94788 0.31394
 449  0.95565 0.00000  0.94794 0.31395
 450  0.95182 0.00000  0.94796 0.31398
 451  0.95329 0.00000  0.94798 0.31398
 452  0.94952 0.00000  0.94798 0.31398
 453  0.94778 0.00000  0.94792 0.31397
 454  0.95127 0.00000  0.94794 0.31398
 455  0.95027 0.00000  0.94791 0.31397
 456  0.94891 0.00000  0.94790 0.31398
 457  0.94668 0.00000  0.94786 0.31396
 458  0.95193 0.00000  0.94786 0.31396
 459  0.94880 0.00000  0.94785 0.31396
 460  0.95203 0.00000  0.94786 0.31396
 461  0.94593 0.00000  0.94784 0.31397
 462  0.95185 0.00000  0.94787 0.31399
 463  0.94417 0.00000  0.94781 0.31398
 464  0.94910 0.00000  0.94780 0.31398
 465  0.95086 0.00000  0.94781 0.31400
 466  0.94552 0.00000  0.94777 0.31399
 467  0.94987 0.00000  0.94776 0.31398
 468  0.95097 0.00000  0.94782 0.31400
 469  0.94968 0.00000  0.94782 0.31401
 470  0.94992 0.00000  0.94780 0.31400
 471  0.95017 0.00000  0.94778 0.31399
 472  0.95110 0.00000  0.94779 0.31399
 473  0.95107 0.00000  0.94781 0.31401
 474  0.95283 0.00000  0.94785 0.31401
 475  0.94640 0.00000  0.94781 0.31402
 476  0.94715 0.00000  0.94777 0.31402
 477  0.94884 0.00000  0.94773 0.31399
 478  0.95005 0.00000  0.94773 0.31400
 479  0.94539 0.00000  0.94769 0.31400
 480  0.95052 0.00000  0.94770 0.31400
 481  0.95069 0.00000  0.94771 0.31402
 482  0.94928 0.00000  0.94770 0.31401
 483  0.94588 0.00000  0.94770 0.31402
 484  0.95123 0.00000  0.94771 0.31401
 485  0.94875 0.00000  0.94769 0.31401
 486  0.95309 0.00000  0.94774 0.31402
 487  0.95127 0.00000  0.94775 0.31402
 488  0.94645 0.00000  0.94772 0.31402
 489  0.94879 0.00000  0.94773 0.31402
 490  0.94986 0.00000  0.94774 0.31404
 491  0.94711 0.00000  0.94776 0.31406
 492  0.95133 0.00000  0.94773 0.31403
 493  0.95201 0.00000  0.94776 0.31404
 494  0.94822 0.00000  0.94772 0.31402
 495  0.94948 0.00000  0.94773 0.31402
 496  0.94848 0.00000  0.94776 0.31404
 497  0.94687 0.00000  0.94772 0.31402
 498  0.94812 0.00000  0.94770 0.31401
 499  0.94470 0.00000  0.94772 0.31405
 500  0.94933 0.00000  0.94772 0.31405
 501  0.95147 0.00000  0.94771 0.31403
 502  0.94963 0.00000  0.94770 0.31402
 503  0.94991 0.00000  0.94774 0.31403
 504  0.94663 0.00000  0.94772 0.31405
 505  0.95450 0.00000  0.94775 0.31405
 506  0.94617 0.00000  0.94770 0.31402
 507  0.95174 0.00000  0.94771 0.31402
 508  0.94985 0.00000  0.94771 0.31402
 509  0.94937 0.00000  0.94770 0.31402
 510  0.95096 0.00000  0.94770 0.31402
 511  0.94911 0.00000  0.94771 0.31402
 512  0.94961 0.00000  0.94773 0.31403
 513  0.95052 0.00000  0.94774 0.31403
 514  0.94807 0.00000  0.94772 0.31403
 515  0.94965 0.00000  0.94772 0.31403
 516  0.94775 0.00000  0.94773 0.31405
 517  0.94936 0.00000  0.94771 0.31403
 518  0.95269 0.00000  0.94775 0.31404
 519  0.94974 0.00000  0.94774 0.31403
 520  0.95217 0.00000  0.94776 0.31403
 521  0.95094 0.00000  0.94777 0.31403
 522  0.94956 0.00000  0.94778 0.31402
 523  0.95074 0.00000  0.94779 0.31403
 524  0.94585 0.00000  0.94775 0.31403
 525  0.95393 0.00000  0.94777 0.31402
 526  0.95005 0.00000  0.94780 0.31403
 527  0.94725 0.00000  0.94776 0.31402
 528  0.94927 0.00000  0.94775 0.31401
 529  0.94798 0.00000  0.94774 0.31401
 530  0.95425 0.00000  0.94777 0.31401
 531  0.94888 0.00000  0.94777 0.31402
 532  0.94555 0.00000  0.94776 0.31404
 533  0.94927 0.00000  0.94776 0.31404
 534  0.95209 0.00000  0.94776 0.31403
 535  0.95069 0.00000  0.94776 0.31402
 536  0.94770 0.00000  0.94774 0.31403
 537  0.95089 0.00000  0.94776 0.31404
 538  0.94419 0.00000  0.94773 0.31405
 539  0.94837 0.00000  0.94772 0.31405
 540  0.94728 0.00000  0.94768 0.31404
 541  0.94750 0.00000  0.94771 0.31406
 542  0.94974 0.00000  0.94773 0.31407
 543  0.94483 0.00000  0.94771 0.31407
 544  0.94881 0.00000  0.94770 0.31406
 545  0.95118 0.00000  0.94772 0.31408
 546  0.95001 0.00000  0.94775 0.31408
 547  0.94547 0.00000  0.94770 0.31407
 548  0.94788 0.00000  0.94767 0.31407
 549  0.95230 0.00000  0.94770 0.31407
 550  0.94432 0.00000  0.94765 0.31407
 551  0.95087 0.00000  0.94765 0.31407
 552  0.95098 0.00000  0.94767 0.31407
 553  0.94707 0.00000  0.94765 0.31406
 554  0.94993 0.00000  0.94762 0.31404
 555  0.94741 0.00000  0.94762 0.31405
 556  0.95037 0.00000  0.94762 0.31404
 557  0.94526 0.00000  0.94760 0.31404
 558  0.94816 0.00000  0.94760 0.31406
 559  0.94929 0.00000  0.94761 0.31407
 560  0.94953 0.00000  0.94762 0.31407
 561  0.95244 0.00000  0.94765 0.31407
 562  0.94395 0.00000  0.94760 0.31406
 563  0.95061 0.00000  0.94762 0.31407
 564  0.94996 0.00000  0.94763 0.31407
 565  0.95098 0.00000  0.94765 0.31407
 566  0.95213 0.00000  0.94769 0.31407
 567  0.95285 0.00000  0.94771 0.31407
 568  0.95020 0.00000  0.94777 0.31408
 569  0.95254 0.00000  0.94778 0.31407
 570  0.94619 0.00000  0.94776 0.31408
 571  0.94548 0.00000  0.94771 0.31407
 572  0.95347 0.00000  0.94777 0.31408
 573  0.95022 0.00000  0.94775 0.31408
 574  0.95105 0.00000  0.94775 0.31406
 575  0.95074 0.00000  0.94777 0.31407
 576  0.94332 0.00000  0.94773 0.31407
 577  0.95396 0.00000  0.94773 0.31406
 578  0.95181 0.00000  0.94776 0.31406
 579  0.94940 0.00000  0.94781 0.31407
 580  0.95244 0.00000  0.94783 0.31408
 581  0.95374 0.00000  0.94786 0.31407
 582  0.94569 0.00000  0.94783 0.31407
 583  0.95099 0.00000  0.94779 0.31405
 584  0.94944 0.00000  0.94779 0.31406
 585  0.94855 0.00000  0.94778 0.31407
 586  0.94913 0.00000  0.94776 0.31404
 587  0.95002 0.00000  0.94777 0.31404
 588  0.95232 0.00000  0.94780 0.31404
 589  0.94949 0.00000  0.94781 0.31405
 590  0.94717 0.00000  0.94779 0.31405
 591  0.94422 0.00000  0.94776 0.31406
 592  0.94949 0.00000  0.94774 0.31405
 593  0.94713 0.00000  0.94774 0.31407
 594  0.95126 0.00000  0.94775 0.31405
 595  0.95163 0.00000  0.94778 0.31407
 596  0.94702 0.00000  0.94774 0.31405
 597  0.95010 0.00000  0.94774 0.31405
 598  0.95154 0.00000  0.94777 0.31407
 599  0.94825 0.00000  0.94775 0.31405
 600  0.94737 0.00000  0.94773 0.31404
 601  0.95579 0.00000  0.94777 0.31405
 602  0.94954 0.00000  0.94779 0.31407
 603  0.94600 0.00000  0.94778 0.31407
 604  0.94713 0.00000  0.94773 0.31405
 605  0.94418 0.00000  0.94769 0.31405
 606  0.95360 0.00000  0.94772 0.31405
 607  0.95176 0.00000  0.94776 0.31406
 608  0.94985 0.00000  0.94776 0.31406
 609  0.95103 0.00000  0.94777 0.31406
 610  0.94919 0.00000  0.94776 0.31406
 611  0.95345 0.00000  0.94779 0.31405
 612  0.95331 0.00000  0.94780 0.31403
 613  0.94958 0.00000  0.94780 0.31403
 614  0.94991 0.00000  0.94781 0.31404
 615  0.95270 0.00000  0.94785 0.31405
 616  0.94972 0.00000  0.94785 0.31405
 617  0.95308 0.00000  0.94788 0.31405
 618  0.95264 0.00000  0.94791 0.31406
 619  0.95366 0.00000  0.94798 0.31407
 620  0.94971 0.00000  0.94795 0.31407
 621  0.95298 0.00000  0.94792 0.31405
 622  0.94894 0.00000  0.94790 0.31405
 623  0.95464 0.00000  0.94791 0.31403
 624  0.95043 0.00000  0.94793 0.31404
 625  0.94850 0.00000  0.94792 0.31406
 626  0.94697 0.00000  0.94789 0.31406
 627  0.95316 0.00000  0.94792 0.31406
 628  0.94721 0.00000  0.94788 0.31406
 629  0.94996 0.00000  0.94788 0.31406
 630  0.94848 0.00000  0.94790 0.31408
 631  0.95011 0.00000  0.94789 0.31407
 632  0.94626 0.00000  0.94786 0.31409
 633  0.95066 0.00000  0.94787 0.31410
 634  0.95137 0.00000  0.94789 0.31410
 635  0.94871 0.00000  0.94787 0.31409
 636  0.95317 0.00000  0.94787 0.31407
 637  0.95265 0.00000  0.94793 0.31409
 638  0.95293 0.00000  0.94792 0.31408
 639  0.95164 0.00000  0.94790 0.31406
 640  0.95114 0.00000  0.94790 0.31406
 641  0.95136 0.00000  0.94789 0.31406
 642  0.94771 0.00000  0.94788 0.31408
 643  0.94854 0.00000  0.94786 0.31407
 644  0.95130 0.00000  0.94788 0.31408
 645  0.95222 0.00000  0.94788 0.31408
 646  0.95454 0.00000  0.94789 0.31407
 647  0.95364 0.00000  0.94791 0.31406
 648  0.94978 0.00000  0.94791 0.31406
 649  0.94999 0.00000  0.94791 0.31407
 650  0.95311 0.00000  0.94793 0.31406
 651  0.94841 0.00000  0.94790 0.31405
 652  0.94865 0.00000  0.94790 0.31407
 653  0.95436 0.00000  0.94794 0.31407
 654  0.95048 0.00000  0.94794 0.31407
 655  0.95175 0.00000  0.94797 0.31409
 656  0.94834 0.00000  0.94795 0.31408
 657  0.95250 0.00000  0.94795 0.31408
 658  0.95363 0.00000  0.94794 0.31407
 659  0.95064 0.00000  0.94793 0.31405
 660  0.95055 0.00000  0.94793 0.31405
 661  0.94975 0.00000  0.94791 0.31406
 662  0.94917 0.00000  0.94791 0.31406
 663  0.95350 0.00000  0.94793 0.31406
 664  0.95105 0.00000  0.94795 0.31407
 665  0.94963 0.00000  0.94794 0.31406
 666  0.94595 0.00000  0.94791 0.31407
 667  0.95061 0.00000  0.94789 0.31406
 668  0.94851 0.00000  0.94791 0.31407
 669  0.94807 0.00000  0.94786 0.31407
 670  0.95131 0.00000  0.94788 0.31408
 671  0.95155 0.00000  0.94790 0.31408
 672  0.95004 0.00000  0.94790 0.31408
 673  0.94592 0.00000  0.94783 0.31407
 674  0.95009 0.00000  0.94785 0.31408
 675  0.95028 0.00000  0.94784 0.31407
 676  0.95064 0.00000  0.94784 0.31408
 677  0.95065 0.00000  0.94786 0.31408
 678  0.94906 0.00000  0.94785 0.31408
 679  0.94298 0.00000  0.94780 0.31408
 680  0.95570 0.00000  0.94785 0.31407
 681  0.95351 0.00000  0.94787 0.31407
 682  0.94708 0.00000  0.94787 0.31410
 683  0.94907 0.00000  0.94784 0.31410
 684  0.94781 0.00000  0.94781 0.31409
 685  0.94666 0.00000  0.94778 0.31409
 686  0.95270 0.00000  0.94782 0.31409
 687  0.94837 0.00000  0.94781 0.31409
 688  0.94892 0.00000  0.94780 0.31408
 689  0.94998 0.00000  0.94780 0.31408
 690  0.94838 0.00000  0.94780 0.31409
 691  0.95460 0.00000  0.94783 0.31407
 692  0.94861 0.00000  0.94782 0.31408
 693  0.94968 0.00000  0.94782 0.31408
 694  0.95023 0.00000  0.94782 0.31408
 695  0.95481 0.00000  0.94785 0.31407
 696  0.94818 0.00000  0.94784 0.31408
 697  0.94808 0.00000  0.94784 0.31409
 698  0.94703 0.00000  0.94781 0.31409
 699  0.95090 0.00000  0.94782 0.31410
 700  0.94885 0.00000  0.94786 0.31411
 701  0.94435 0.00000  0.94783 0.31412
 702  0.94601 0.00000  0.94780 0.31413
 703  0.94832 0.00000  0.94774 0.31412
 704  0.94913 0.00000  0.94778 0.31413
 705  0.94586 0.00000  0.94776 0.31413
 706  0.95149 0.00000  0.94778 0.31413
 707  0.95107 0.00000  0.94776 0.31412
 708  0.95596 0.00000  0.94784 0.31412
 709  0.94796 0.00000  0.94779 0.31411
 710  0.94994 0.00000  0.94778 0.31412
 711  0.95238 0.00000  0.94780 0.31410
 712  0.94941 0.00000  0.94780 0.31410
 713  0.94890 0.00000  0.94778 0.31410
 714  0.94729 0.00000  0.94776 0.31410
 715  0.95020 0.00000  0.94778 0.31411
 716  0.94883 0.00000  0.94777 0.31410
 717  0.94704 0.00000  0.94774 0.31410
 718  0.95119 0.00000  0.94775 0.31411
 719  0.95184 0.00000  0.94776 0.31410
 720  0.94308 0.00000  0.94772 0.31411
 721  0.95122 0.00000  0.94773 0.31411
 722  0.95275 0.00000  0.94778 0.31413
 723  0.94993 0.00000  0.94778 0.31412
 724  0.95005 0.00000  0.94778 0.31413
 725  0.94722 0.00000  0.94776 0.31412
 726  0.94744 0.00000  0.94775 0.31414
 727  0.95139 0.00000  0.94776 0.31413
 728  0.94835 0.00000  0.94775 0.31413
 729  0.94981 0.00000  0.94775 0.31413
 730  0.94869 0.00000  0.94774 0.31413
 731  0.94952 0.00000  0.94773 0.31411
 732  0.95068 0.00000  0.94774 0.31412
 733  0.94880 0.00000  0.94773 0.31412
 734  0.95056 0.00000  0.94774 0.31410
 735  0.95030 0.00000  0.94775 0.31410
 736  0.95037 0.00000  0.94776 0.31410
 737  0.94822 0.00000  0.94776 0.31410
 738  0.94825 0.00000  0.94775 0.31411
 739  0.94857 0.00000  0.94777 0.31413
 740  0.94962 0.00000  0.94781 0.31415
 741  0.94652 0.00000  0.94779 0.31415
 742  0.94948 0.00000  0.94779 0.31415
 743  0.95095 0.00000  0.94782 0.31415
 744  0.95142 0.00000  0.94781 0.31414
 745  0.94832 0.00000  0.94777 0.31413
 746  0.95134 0.00000  0.94776 0.31412
 747  0.94840 0.00000  0.94782 0.31414
 748  0.94724 0.00000  0.94782 0.31415
 749  0.95166 0.00000  0.94787 0.31416
 750  0.95322 0.00000  0.94785 0.31414
 751  0.94815 0.00000  0.94781 0.31413
 752  0.95482 0.00000  0.94786 0.31413
 753  0.95054 0.00000  0.94785 0.31413
 754  0.95076 0.00000  0.94787 0.31412
 755  0.94808 0.00000  0.94786 0.31412
 756  0.94415 0.00000  0.94782 0.31414
 757  0.94474 0.00000  0.94778 0.31415
 758  0.94670 0.00000  0.94773 0.31413
 759  0.95539 0.00000  0.94781 0.31414
 760  0.95019 0.00000  0.94781 0.31414
 761  0.95493 0.00000  0.94786 0.31413
 762  0.95332 0.00000  0.94791 0.31413
 763  0.94992 0.00000  0.94787 0.31412
 764  0.94650 0.00000  0.94784 0.31413
 765  0.95194 0.00000  0.94788 0.31413
 766  0.94984 0.00000  0.94787 0.31412
 767  0.95014 0.00000  0.94785 0.31412
 768  0.95065 0.00000  0.94787 0.31412
 769  0.95306 0.00000  0.94789 0.31412
 770  0.94672 0.00000  0.94783 0.31411
 771  0.94867 0.00000  0.94783 0.31411
 772  0.94950 0.00000  0.94783 0.31412
 773  0.94960 0.00000  0.94785 0.31412
 774  0.94968 0.00000  0.94782 0.31411
 775  0.94395 0.00000  0.94778 0.31408
 776  0.94895 0.00000  0.94777 0.31409
 777  0.94956 0.00000  0.94778 0.31409
 778  0.94879 0.00000  0.94777 0.31409
 779  0.94882 0.00000  0.94776 0.31410
 780  0.95071 0.00000  0.94777 0.31409
 781  0.94868 0.00000  0.94777 0.31410
 782  0.94937 0.00000  0.94776 0.31410
 783  0.94897 0.00000  0.94776 0.31410
 784  0.94615 0.00000  0.94776 0.31412
 785  0.95282 0.00000  0.94778 0.31410
 786  0.94664 0.00000  0.94775 0.31412
 787  0.94744 0.00000  0.94775 0.31413
 788  0.94641 0.00000  0.94772 0.31413
 789  0.94591 0.00000  0.94767 0.31413
 790  0.94933 0.00000  0.94769 0.31413
 791  0.94913 0.00000  0.94771 0.31413
 792  0.95029 0.00000  0.94772 0.31413
 793  0.94860 0.00000  0.94772 0.31413
 794  0.94737 0.00000  0.94774 0.31415
 795  0.94898 0.00000  0.94776 0.31415
 796  0.95250 0.00000  0.94778 0.31415
 797  0.94801 0.00000  0.94773 0.31414
 798  0.94516 0.00000  0.94769 0.31413
 799  0.94449 0.00000  0.94767 0.31415
chose model 157 M_auc_158
chose model 160 M_auc_161
chose model 62 M_auc_63
chose model 122 M_auc_123
chose model 17 M_auc_18
chose model 189 M_auc_190
chose model 148 M_auc_149
chose model 241 M_auc_242
chose model 118 M_auc_119
chose model 119 M_auc_120
processing 4000 predictions...

0%   10   20   30   40   50   60   70   80   90   100%
|----|----|----|----|----|----|----|----|----|----|
***************************************************
 done.
elapsed: [4378.46s cpu, 4056518.9154 mticks, 1517.75s wall]
score: 0.3300  baseline: 0.3384  diff: -0.00845
category UNKNOWN: count 0 avg error 0 baseline avg error 0 avg improvement 0
category AUTO: count 936 avg error 0.0835618 baseline avg error 0.0970217 avg improvement 0.0134599
category POSS: count 2576 avg error 0.333485 baseline avg error 0.342472 avg improvement 0.00898657
category IMP: count 488 avg error 0.784258 baseline avg error 0.780242 avg improvement -0.00401599
overall: count 4000 avg error 0.329997 baseline avg error 0.338444 avg improvement 0.00844701
worst entries: 
0: 3714  label: 1 pred: -0.605882 bl: 0.1087 POSS error_pred: 0.953001 error_bl: 0.38483 improvement: -0.568171
    min: -0.973  max: 0.667 avg: 0.04966
explanation: 
no explanation

1: 2906  label: 1 pred: -0.32344 bl: 0.2012 POSS error_pred: 0.759423 error_bl: 0.269428 improvement: -0.489995
    min: -0.675  max: 0.5125 avg: 0.001948
explanation: 
no explanation

2: 1985  label: 1 pred: -0.328933 bl: 0.17325 POSS error_pred: 0.762215 error_bl: 0.30107 improvement: -0.461145
    min: -0.455  max: 0.8145 avg: 0.212308
explanation: 
no explanation

3: 3740  label: 1 pred: -0.323745 bl: 0.1467 POSS error_pred: 0.759423 error_bl: 0.331782 improvement: -0.427641
    min: -0.589  max: 0.587 avg: 0.130444
explanation: 
no explanation

4: 610  label: 1 pred: -0.256362 bl: 0.20435 POSS error_pred: 0.690088 error_bl: 0.26524 improvement: -0.424849
    min: -0.9165  max: 0.6395 avg: 0.265482
explanation: 
no explanation

5: 1208  label: 1 pred: -0.261371 bl: 0.18475 POSS error_pred: 0.693811 error_bl: 0.285714 improvement: -0.408097
    min: -0.802  max: 0.4385 avg: 0.116308
explanation: 
no explanation

6: 3452  label: 1 pred: -0.0565954 bl: 0.5847 POSS error_pred: 0.433225 error_bl: 0.0335039 improvement: -0.399721
    min: -0.328  max: 0.9865 avg: 0.41519
explanation: 
no explanation

7: 1304  label: 1 pred: -0.28405 bl: 0.13935 POSS error_pred: 0.720335 error_bl: 0.345277 improvement: -0.375058
    min: -0.6195  max: 0.4675 avg: -0.00458
explanation: 
no explanation

8: 3678  label: 1 pred: -0.161669 bl: 0.27925 POSS error_pred: 0.571429 error_bl: 0.200558 improvement: -0.37087
    min: -0.716  max: 0.918 avg: 0.309016
explanation: 
no explanation

9: 1585  label: 1 pred: -0.0910852 bl: 0.38015 POSS error_pred: 0.480223 error_bl: 0.126105 improvement: -0.354118
    min: -0.433  max: 0.708 avg: 0.244542
explanation: 
no explanation

10: 230  label: 1 pred: -0.392754 bl: 0.01995 POSS error_pred: 0.824104 error_bl: 0.502559 improvement: -0.321545
    min: -0.6495  max: 0.6615 avg: -0.025896
explanation: 
no explanation

11: 2024  label: 1 pred: -0.143232 bl: 0.24455 POSS error_pred: 0.547697 error_bl: 0.229874 improvement: -0.317822
    min: -0.5705  max: 0.579 avg: 0.172364
explanation: 
no explanation

12: 3630  label: 1 pred: -0.308782 bl: 0.0719 POSS error_pred: 0.743602 error_bl: 0.428106 improvement: -0.315496
    min: -0.705  max: 0.4795 avg: 0.079336
explanation: 
no explanation

13: 3405  label: 1 pred: -0.188699 bl: 0.17905 POSS error_pred: 0.607259 error_bl: 0.294556 improvement: -0.312704
    min: -0.418  max: 0.6285 avg: 0.071718
explanation: 
no explanation

14: 2423  label: 1 pred: -0.141654 bl: 0.224 POSS error_pred: 0.546301 error_bl: 0.246161 improvement: -0.30014
    min: -0.3425  max: 0.6795 avg: 0.1014
explanation: 
no explanation

15: 671  label: 1 pred: -0.26546 bl: 0.0875 POSS error_pred: 0.69893 error_bl: 0.409493 improvement: -0.289437
    min: -0.5225  max: 0.438 avg: 0.062814
explanation: 
no explanation

16: 1769  label: 1 pred: -0.122534 bl: 0.2194 POSS error_pred: 0.523034 error_bl: 0.250349 improvement: -0.272685
    min: -0.118  max: 0.806 avg: 0.377692
explanation: 
no explanation

17: 2051  label: 1 pred: -0.341408 bl: 0.01795 POSS error_pred: 0.774314 error_bl: 0.505817 improvement: -0.268497
    min: -0.6385  max: 0.337 avg: 0.018952
explanation: 
no explanation

18: 2889  label: 1 pred: -0.342037 bl: 0.01615 POSS error_pred: 0.77571 error_bl: 0.509074 improvement: -0.266636
    min: -0.624  max: 0.381 avg: -0.044118
explanation: 
no explanation

19: 3724  label: 1 pred: -0.0711266 bl: 0.28545 POSS error_pred: 0.455561 error_bl: 0.19544 improvement: -0.260121
    min: -0.135  max: 0.8375 avg: 0.3854
explanation: 
no explanation

20: 2004  label: 1 pred: -0.0587784 bl: 0.3039 POSS error_pred: 0.438343 error_bl: 0.180549 improvement: -0.257794
    min: -0.147  max: 0.97 avg: 0.377712
explanation: 
no explanation

21: 2546  label: 1 pred: -0.200821 bl: 0.12415 POSS error_pred: 0.620754 error_bl: 0.364356 improvement: -0.256398
    min: -0.4365  max: 0.436 avg: 0.017784
explanation: 
no explanation

22: 3470  label: 1 pred: -0.112094 bl: 0.2067 POSS error_pred: 0.51047 error_bl: 0.261982 improvement: -0.248488
    min: -0.2805  max: 0.8125 avg: 0.359406
explanation: 
no explanation

23: 1345  label: 1 pred: -0.00324026 bl: 0.3978 POSS error_pred: 0.351326 error_bl: 0.114007 improvement: -0.23732
    min: -0.2635  max: 0.777 avg: 0.35127
explanation: 
no explanation

24: 3176  label: 1 pred: -0.1308 bl: 0.17665 POSS error_pred: 0.534667 error_bl: 0.297813 improvement: -0.236854
    min: -0.1095  max: 0.899 avg: 0.211892
explanation: 
no explanation

25: 1867  label: 1 pred: -0.133298 bl: 0.1717 POSS error_pred: 0.537925 error_bl: 0.303397 improvement: -0.234528
    min: -0.503  max: 0.6115 avg: 0.151424
explanation: 
no explanation

26: 1757  label: 1 pred: -0.367279 bl: -0.02975 POSS error_pred: 0.798511 error_bl: 0.567706 improvement: -0.230805
    min: -0.4855  max: 0.697 avg: 0.048468
explanation: 
no explanation

27: 2435  label: 1 pred: -0.00359149 bl: 0.38335 POSS error_pred: 0.352257 error_bl: 0.123313 improvement: -0.228944
    min: -0.1895  max: 0.7665 avg: 0.247668
explanation: 
no explanation

28: 111  label: 1 pred: -0.115185 bl: 0.18285 POSS error_pred: 0.514193 error_bl: 0.288506 improvement: -0.225686
    min: -0.3015  max: 0.75 avg: 0.200946
explanation: 
no explanation

29: 3190  label: 1 pred: -0.0643218 bl: 0.25655 POSS error_pred: 0.447185 error_bl: 0.221964 improvement: -0.225221
    min: -0.198  max: 0.73 avg: 0.258392
explanation: 
no explanation

30: 3273  label: 1 pred: -0.435752 bl: -0.0755 POSS error_pred: 0.85947 error_bl: 0.635412 improvement: -0.224058
    min: -0.5805  max: 0.5455 avg: -0.11424
explanation: 
no explanation

31: 1686  label: 1 pred: -0.0777066 bl: 0.22875 POSS error_pred: 0.46161 error_bl: 0.239181 improvement: -0.222429
    min: -0.207  max: 0.806 avg: 0.377238
explanation: 
no explanation

32: 2901  label: 1 pred: -0.0505688 bl: 0.2696 POSS error_pred: 0.425779 error_bl: 0.2094 improvement: -0.21638
    min: -0.047  max: 0.774 avg: 0.36819
explanation: 
no explanation

33: 3926  label: 1 pred: -0.348573 bl: -0.03055 POSS error_pred: 0.782224 error_bl: 0.568637 improvement: -0.213588
    min: -0.511  max: 0.765 avg: -0.132986
explanation: 
no explanation

34: 2541  label: -1 pred: 0.153116 bl: 0.16255 IMP error_pred: 0.663965 error_bl: 0.452998 improvement: -0.210967
    min: 0.0695  max: 0.31 avg: 0.183906
explanation: 
no explanation

35: 2887  label: 1 pred: -0.100926 bl: 0.1887 POSS error_pred: 0.491391 error_bl: 0.281992 improvement: -0.2094
    min: -0.4245  max: 0.533 avg: 0.25322
explanation: 
no explanation

36: 2234  label: 1 pred: -0.176152 bl: 0.11225 POSS error_pred: 0.589577 error_bl: 0.380642 improvement: -0.208934
    min: -0.4065  max: 0.533 avg: 0.13433
explanation: 
no explanation

37: 3943  label: 1 pred: -0.0806101 bl: 0.21065 POSS error_pred: 0.465798 error_bl: 0.257794 improvement: -0.208004
    min: -0.4315  max: 0.4255 avg: 0.096058
explanation: 
no explanation

38: 2986  label: 1 pred: -0.380936 bl: -0.05865 POSS error_pred: 0.812471 error_bl: 0.60819 improvement: -0.204281
    min: -0.742  max: 0.1985 avg: -0.215276
explanation: 
no explanation

39: 3098  label: 1 pred: 0.00786424 bl: 0.3573 POSS error_pred: 0.341089 error_bl: 0.137273 improvement: -0.203816
    min: -0.223  max: 0.7485 avg: 0.392042
explanation: 
no explanation

40: 555  label: 1 pred: -0.243357 bl: 0.04555 POSS error_pred: 0.670079 error_bl: 0.467427 improvement: -0.202652
    min: -0.5425  max: 0.5925 avg: 0.213324
explanation: 
no explanation

41: 2115  label: -1 pred: 0.0614209 bl: 0.055 POSS error_pred: 0.505673 error_bl: 0.307401 improvement: -0.198271
    min: -0.0445  max: 0.188 avg: 0.079686
explanation: 
no explanation

42: 3100  label: 1 pred: 0.041991 bl: 0.4324 POSS error_pred: 0.290833 error_bl: 0.0944625 improvement: -0.19637
    min: -0.021  max: 0.842 avg: 0.29926
explanation: 
no explanation

43: 2910  label: 1 pred: -0.0120954 bl: 0.30415 POSS error_pred: 0.368544 error_bl: 0.180549 improvement: -0.187994
    min: -0.3625  max: 0.545 avg: 0.214924
explanation: 
no explanation

44: 1641  label: 1 pred: -0.080899 bl: 0.19205 POSS error_pred: 0.466263 error_bl: 0.278734 improvement: -0.187529
    min: -0.209  max: 0.5985 avg: 0.23093
explanation: 
no explanation

45: 2766  label: 1 pred: -0.156037 bl: 0.11465 POSS error_pred: 0.564914 error_bl: 0.377385 improvement: -0.187529
    min: -0.3435  max: 0.526 avg: 0.094398
explanation: 
no explanation

46: 2181  label: 1 pred: -0.505392 bl: -0.1331 POSS error_pred: 0.905072 error_bl: 0.720335 improvement: -0.184737
    min: -0.692  max: 0.392 avg: -0.193588
explanation: 
no explanation

47: 3578  label: 1 pred: 0.0599767 bl: 0.44185 POSS error_pred: 0.27222 error_bl: 0.0874826 improvement: -0.184737
    min: -0.0865  max: 0.8995 avg: 0.433656
explanation: 
no explanation

48: 3698  label: 1 pred: -0.244971 bl: 0.03145 POSS error_pred: 0.67101 error_bl: 0.486273 improvement: -0.184737
    min: -0.4365  max: 0.493 avg: 0.022838
explanation: 
no explanation

49: 979  label: 1 pred: 0.0191932 bl: 0.3598 POSS error_pred: 0.32108 error_bl: 0.136342 improvement: -0.184737
    min: -0.221  max: 0.7785 avg: 0.313554
explanation: 
no explanation

best entries: 
0: 3996  label: -1 pred: -0.0960362 bl: 0.4921 POSS error_pred: 0.255538 error_bl: 0.871961 improvement: 0.616424
1: 2900  label: -1 pred: -0.116339 bl: 0.44045 POSS error_pred: 0.232847 error_bl: 0.82604 improvement: 0.593193
2: 2664  label: -1 pred: -0.166458 bl: 0.39625 POSS error_pred: 0.184765 error_bl: 0.777958 improvement: 0.593193
3: 302  label: -1 pred: -0.145257 bl: 0.37365 POSS error_pred: 0.202593 error_bl: 0.753917 improvement: 0.551324
4: 3988  label: -1 pred: -0.336643 bl: 0.23985 POSS error_pred: 0.0788763 error_bl: 0.581307 improvement: 0.502431
5: 2911  label: -1 pred: -0.131707 bl: 0.34065 POSS error_pred: 0.21664 error_bl: 0.712588 improvement: 0.495948
6: 1535  label: -1 pred: -0.0321351 bl: 0.4688 POSS error_pred: 0.350621 error_bl: 0.845489 improvement: 0.494868
7: 1734  label: -1 pred: -0.145622 bl: 0.3198 POSS error_pred: 0.202593 error_bl: 0.694489 improvement: 0.491896
8: 2305  label: -1 pred: -0.156263 bl: 0.26845 POSS error_pred: 0.190167 error_bl: 0.627228 improvement: 0.437061
9: 3250  label: -1 pred: -0.0518198 bl: 0.36585 POSS error_pred: 0.318206 error_bl: 0.743382 improvement: 0.425176
10: 2250  label: -1 pred: -0.303694 bl: 0.19585 POSS error_pred: 0.0923825 error_bl: 0.514046 improvement: 0.421664
11: 515  label: -1 pred: -0.059811 bl: 0.339 POSS error_pred: 0.300378 error_bl: 0.712588 improvement: 0.41221
12: 3962  label: -1 pred: -0.0123795 bl: 0.38105 POSS error_pred: 0.379254 error_bl: 0.765532 improvement: 0.386278
13: 2528  label: -1 pred: -0.187085 bl: 0.21965 POSS error_pred: 0.168558 error_bl: 0.549973 improvement: 0.381415
14: 614  label: -1 pred: -0.00843538 bl: 0.3827 POSS error_pred: 0.385197 error_bl: 0.766072 improvement: 0.380875
15: 3073  label: -1 pred: 0.0935384 bl: 0.55265 POSS error_pred: 0.56456 error_bl: 0.914641 improvement: 0.350081
16: 1722  label: -1 pred: 0.00881146 bl: 0.36995 POSS error_pred: 0.416532 error_bl: 0.750405 improvement: 0.333874
17: 310  label: -1 pred: 0.0921926 bl: 0.5154 IMP error_pred: 0.561858 error_bl: 0.89141 improvement: 0.329552
18: 339  label: -1 pred: -0.117116 bl: 0.22545 POSS error_pred: 0.232307 error_bl: 0.556456 improvement: 0.324149
19: 2660  label: -1 pred: -0.0643799 bl: 0.26005 POSS error_pred: 0.291734 error_bl: 0.614263 improvement: 0.322528
20: 1089  label: -1 pred: 0.0574257 bl: 0.43245 POSS error_pred: 0.497569 error_bl: 0.816856 improvement: 0.319287
21: 1154  label: -1 pred: -0.0262808 bl: 0.30635 POSS error_pred: 0.358185 error_bl: 0.676391 improvement: 0.318206
22: 761  label: -1 pred: 0.0679363 bl: 0.4502 POSS error_pred: 0.519719 error_bl: 0.834684 improvement: 0.314965
23: 268  label: -1 pred: -0.0522309 bl: 0.26245 POSS error_pred: 0.317666 error_bl: 0.618044 improvement: 0.300378
24: 3352  label: -1 pred: -0.062671 bl: 0.24735 POSS error_pred: 0.297137 error_bl: 0.594273 improvement: 0.297137
25: 2260  label: -1 pred: -0.277941 bl: 0.11405 POSS error_pred: 0.103728 error_bl: 0.387898 improvement: 0.284171
26: 3001  label: -1 pred: -0.110489 bl: 0.20085 POSS error_pred: 0.23933 error_bl: 0.5208 improvement: 0.281469
27: 1168  label: -1 pred: -0.0771709 bl: 0.2241 POSS error_pred: 0.280389 error_bl: 0.555646 improvement: 0.275257
28: 1184  label: -1 pred: -0.25802 bl: 0.11485 POSS error_pred: 0.113992 error_bl: 0.388979 improvement: 0.274987
29: 3119  label: -1 pred: -0.205439 bl: 0.14105 POSS error_pred: 0.149109 error_bl: 0.421394 improvement: 0.272285
30: 633  label: -1 pred: -0.238151 bl: 0.1215 POSS error_pred: 0.129119 error_bl: 0.397083 improvement: 0.267963
31: 270  label: -1 pred: 0.0629398 bl: 0.39295 POSS error_pred: 0.507293 error_bl: 0.774176 improvement: 0.266883
32: 3071  label: -1 pred: -0.0293215 bl: 0.26355 POSS error_pred: 0.354943 error_bl: 0.621286 improvement: 0.266343
33: 3931  label: -1 pred: -0.388042 bl: 0.066 POSS error_pred: 0.0583468 error_bl: 0.324149 improvement: 0.265802
34: 241  label: -1 pred: -0.20349 bl: 0.1362 POSS error_pred: 0.149649 error_bl: 0.41275 improvement: 0.263101
35: 1457  label: -1 pred: 0.0914689 bl: 0.43515 POSS error_pred: 0.561318 error_bl: 0.821718 improvement: 0.2604
36: 616  label: -1 pred: 0.0995512 bl: 0.4488 POSS error_pred: 0.574824 error_bl: 0.834684 improvement: 0.25986
37: 2294  label: -1 pred: -0.0780195 bl: 0.2087 POSS error_pred: 0.278768 error_bl: 0.536197 improvement: 0.257428
38: 3761  label: -1 pred: -0.0824359 bl: 0.2049 POSS error_pred: 0.272826 error_bl: 0.528363 improvement: 0.255538
39: 1309  label: -1 pred: -0.345446 bl: 0.06745 POSS error_pred: 0.074014 error_bl: 0.32523 improvement: 0.251216
40: 3534  label: -1 pred: 0.0705575 bl: 0.3881 IMP error_pred: 0.524041 error_bl: 0.771475 improvement: 0.247434
41: 3725  label: -1 pred: 0.174454 bl: 0.603 POSS error_pred: 0.69638 error_bl: 0.943274 improvement: 0.246894
42: 3114  label: -1 pred: -0.0673674 bl: 0.20645 POSS error_pred: 0.289573 error_bl: 0.532685 improvement: 0.243112
43: 1408  label: -1 pred: -0.0893617 bl: 0.19195 POSS error_pred: 0.264722 error_bl: 0.506213 improvement: 0.241491
44: 2020  label: -1 pred: 0.020003 bl: 0.30585 POSS error_pred: 0.4349 error_bl: 0.675851 improvement: 0.240951
45: 3108  label: -1 pred: -0.0255582 bl: 0.252 POSS error_pred: 0.358725 error_bl: 0.598325 improvement: 0.2396
46: 2661  label: -1 pred: -0.259212 bl: 0.08465 POSS error_pred: 0.112912 error_bl: 0.351972 improvement: 0.23906
47: 1906  label: -1 pred: -0.0744192 bl: 0.20025 POSS error_pred: 0.28255 error_bl: 0.520259 improvement: 0.237709
48: 1602  label: -1 pred: 0.0471478 bl: 0.3389 POSS error_pred: 0.479741 error_bl: 0.712588 improvement: 0.232847
49: 2083  label: -1 pred: -0.459309 bl: 0.03125 POSS error_pred: 0.0345759 error_bl: 0.264722 improvement: 0.230146

total is 0
score for UNKNOWN: 1.0000 baseline: 1.0000 diff: 0.0000
total is 936
score for AUTO: 0.0000 baseline: 0.0000 diff: 0.0000
total is 2576
score for POSS: 0.3686 baseline: 0.3794 diff: -0.0108
total is 488
score for IMP: 1.0000 baseline: 1.0000 diff: 0.0000
writing 20000 official test outputs

0%   10   20   30   40   50   60   70   80   90   100%
|----|----|----|----|----|----|----|----|----|----|
***************************************************
scores: [ 0.329997 ]
0.3300 +/-    nan
4124.46user 258.09system 25:19.71elapsed 288%CPU (0avgtext+0avgdata 0maxresident)k
0inputs+448outputs (0major+101969981minor)pagefaults 0swaps
