loading data...Twoway_Layer::random_fill(): limit = 0.103695 ni = 93 no = 50
Twoway_Layer::random_fill(): limit = 0.141421 ni = 50 no = 1
iter  ---- train ----  ---- test -----
         rmse     auc     rmse     auc
   0  0.87399 0.00000  0.78093 0.06393
   1  0.74843 0.00000  0.70368 0.06158
   2  0.69476 0.00000  0.66722 0.06102
   3  0.66885 0.00000  0.64741 0.06077
   4  0.65226 0.00000  0.63577 0.06063
   5  0.64136 0.00000  0.62853 0.06055
   6  0.63619 0.00000  0.62372 0.06048
   7  0.63673 0.00000  0.62076 0.06044
   8  0.62993 0.00000  0.61843 0.06039
   9  0.62669 0.00000  0.61671 0.06036
  10  0.62461 0.00000  0.61546 0.06033
  11  0.62686 0.00000  0.61457 0.06029
  12  0.62666 0.00000  0.61388 0.06024
  13  0.62854 0.00000  0.61336 0.06022
  14  0.62409 0.00000  0.61295 0.06018
  15  0.62613 0.00000  0.61268 0.06015
  16  0.62542 0.00000  0.61229 0.06013
  17  0.62282 0.00000  0.61210 0.06011
  18  0.61887 0.00000  0.61177 0.06009
  19  0.62415 0.00000  0.61161 0.06007
  20  0.62072 0.00000  0.61145 0.06004
  21  0.61450 0.00000  0.61123 0.06003
  22  0.62243 0.00000  0.61113 0.06001
  23  0.61925 0.00000  0.61097 0.05999
  24  0.62225 0.00000  0.61088 0.05997
  25  0.62429 0.00000  0.61080 0.05996
  26  0.62097 0.00000  0.61071 0.05994
  27  0.61978 0.00000  0.61062 0.05993
  28  0.61892 0.00000  0.61050 0.05992
  29  0.62103 0.00000  0.61042 0.05990
  30  0.61697 0.00000  0.61035 0.05989
  31  0.61915 0.00000  0.61026 0.05988
  32  0.61562 0.00000  0.61020 0.05986
  33  0.61672 0.00000  0.61009 0.05983
  34  0.62303 0.00000  0.61008 0.05981
  35  0.61773 0.00000  0.61006 0.05980
  36  0.62430 0.00000  0.61002 0.05978
  37  0.62055 0.00000  0.60999 0.05977
  38  0.61825 0.00000  0.60991 0.05976
  39  0.62095 0.00000  0.60993 0.05976
  40  0.62250 0.00000  0.60985 0.05975
  41  0.62010 0.00000  0.60984 0.05974
  42  0.62255 0.00000  0.60979 0.05973
  43  0.62079 0.00000  0.60974 0.05972
  44  0.61910 0.00000  0.60971 0.05972
  45  0.61482 0.00000  0.60963 0.05971
  46  0.61292 0.00000  0.60957 0.05970
  47  0.61819 0.00000  0.60960 0.05969
  48  0.62381 0.00000  0.60957 0.05968
  49  0.62546 0.00000  0.60956 0.05968
  50  0.62054 0.00000  0.60950 0.05967
  51  0.62007 0.00000  0.60951 0.05966
  52  0.61966 0.00000  0.60946 0.05964
  53  0.61341 0.00000  0.60939 0.05964
  54  0.62765 0.00000  0.60940 0.05964
  55  0.61619 0.00000  0.60939 0.05963
  56  0.62022 0.00000  0.60937 0.05962
  57  0.62011 0.00000  0.60931 0.05961
  58  0.61381 0.00000  0.60926 0.05960
  59  0.61682 0.00000  0.60928 0.05960
  60  0.62064 0.00000  0.60928 0.05959
  61  0.61806 0.00000  0.60923 0.05958
  62  0.61600 0.00000  0.60920 0.05957
  63  0.62059 0.00000  0.60923 0.05956
  64  0.61569 0.00000  0.60922 0.05955
  65  0.62211 0.00000  0.60922 0.05955
  66  0.61796 0.00000  0.60918 0.05955
  67  0.61609 0.00000  0.60908 0.05955
  68  0.61959 0.00000  0.60907 0.05954
  69  0.62229 0.00000  0.60907 0.05954
  70  0.61528 0.00000  0.60901 0.05954
  71  0.62072 0.00000  0.60901 0.05954
  72  0.61790 0.00000  0.60901 0.05953
  73  0.61888 0.00000  0.60900 0.05952
  74  0.61762 0.00000  0.60902 0.05951
  75  0.62426 0.00000  0.60904 0.05950
  76  0.61716 0.00000  0.60894 0.05949
  77  0.61682 0.00000  0.60896 0.05948
  78  0.61639 0.00000  0.60892 0.05948
  79  0.61761 0.00000  0.60896 0.05948
  80  0.62088 0.00000  0.60896 0.05947
  81  0.62072 0.00000  0.60893 0.05946
  82  0.61978 0.00000  0.60892 0.05946
  83  0.61744 0.00000  0.60891 0.05945
  84  0.61763 0.00000  0.60886 0.05945
  85  0.62031 0.00000  0.60885 0.05945
  86  0.62164 0.00000  0.60887 0.05944
  87  0.61799 0.00000  0.60888 0.05944
  88  0.61263 0.00000  0.60882 0.05944
  89  0.62080 0.00000  0.60886 0.05943
  90  0.61415 0.00000  0.60881 0.05942
  91  0.62141 0.00000  0.60885 0.05942
  92  0.61455 0.00000  0.60881 0.05941
  93  0.62296 0.00000  0.60882 0.05940
  94  0.61624 0.00000  0.60881 0.05940
  95  0.62067 0.00000  0.60884 0.05940
  96  0.61607 0.00000  0.60885 0.05939
  97  0.61977 0.00000  0.60891 0.05939
  98  0.62042 0.00000  0.60888 0.05939
  99  0.61101 0.00000  0.60878 0.05939
 100  0.61857 0.00000  0.60879 0.05939
 101  0.61982 0.00000  0.60880 0.05938
 102  0.61897 0.00000  0.60880 0.05938
 103  0.62010 0.00000  0.60880 0.05938
 104  0.61862 0.00000  0.60879 0.05937
 105  0.61632 0.00000  0.60878 0.05937
 106  0.61347 0.00000  0.60874 0.05938
 107  0.61365 0.00000  0.60872 0.05937
 108  0.61733 0.00000  0.60871 0.05936
 109  0.62022 0.00000  0.60875 0.05936
 110  0.61941 0.00000  0.60878 0.05935
 111  0.61923 0.00000  0.60880 0.05935
 112  0.62134 0.00000  0.60883 0.05935
 113  0.62055 0.00000  0.60882 0.05934
 114  0.61925 0.00000  0.60878 0.05934
 115  0.61786 0.00000  0.60875 0.05934
 116  0.60597 0.00000  0.60868 0.05934
 117  0.61842 0.00000  0.60869 0.05934
 118  0.61741 0.00000  0.60867 0.05933
 119  0.61923 0.00000  0.60871 0.05932
 120  0.61230 0.00000  0.60865 0.05932
 121  0.62129 0.00000  0.60869 0.05932
 122  0.62048 0.00000  0.60871 0.05931
 123  0.61722 0.00000  0.60868 0.05931
 124  0.61757 0.00000  0.60866 0.05931
 125  0.61634 0.00000  0.60864 0.05931
 126  0.61637 0.00000  0.60865 0.05930
 127  0.61140 0.00000  0.60865 0.05930
 128  0.61952 0.00000  0.60863 0.05929
 129  0.61880 0.00000  0.60867 0.05929
 130  0.61159 0.00000  0.60864 0.05928
 131  0.62156 0.00000  0.60867 0.05927
 132  0.61718 0.00000  0.60868 0.05927
 133  0.62304 0.00000  0.60870 0.05926
 134  0.61325 0.00000  0.60866 0.05926
 135  0.62197 0.00000  0.60869 0.05926
 136  0.62136 0.00000  0.60871 0.05926
 137  0.61381 0.00000  0.60863 0.05925
 138  0.61981 0.00000  0.60865 0.05925
 139  0.61982 0.00000  0.60864 0.05925
 140  0.61969 0.00000  0.60865 0.05924
 141  0.61618 0.00000  0.60864 0.05924
 142  0.61582 0.00000  0.60859 0.05923
 143  0.62348 0.00000  0.60864 0.05923
 144  0.61578 0.00000  0.60864 0.05923
 145  0.61507 0.00000  0.60864 0.05922
 146  0.61596 0.00000  0.60864 0.05921
 147  0.62235 0.00000  0.60868 0.05921
 148  0.62009 0.00000  0.60872 0.05921
 149  0.61919 0.00000  0.60873 0.05920
 150  0.61211 0.00000  0.60866 0.05920
 151  0.61656 0.00000  0.60869 0.05919
 152  0.61747 0.00000  0.60865 0.05918
 153  0.61232 0.00000  0.60862 0.05918
 154  0.61868 0.00000  0.60862 0.05918
 155  0.61474 0.00000  0.60860 0.05918
 156  0.61389 0.00000  0.60860 0.05917
 157  0.61105 0.00000  0.60856 0.05917
 158  0.62070 0.00000  0.60860 0.05917
 159  0.62084 0.00000  0.60863 0.05917
 160  0.62014 0.00000  0.60867 0.05917
 161  0.61490 0.00000  0.60866 0.05916
 162  0.61318 0.00000  0.60863 0.05916
 163  0.62357 0.00000  0.60869 0.05916
 164  0.61998 0.00000  0.60868 0.05916
 165  0.61956 0.00000  0.60871 0.05916
 166  0.62032 0.00000  0.60873 0.05916
 167  0.61716 0.00000  0.60875 0.05916
 168  0.62020 0.00000  0.60874 0.05916
 169  0.62099 0.00000  0.60873 0.05915
 170  0.61800 0.00000  0.60873 0.05915
 171  0.61600 0.00000  0.60871 0.05914
 172  0.61966 0.00000  0.60873 0.05914
 173  0.61768 0.00000  0.60873 0.05914
 174  0.61595 0.00000  0.60867 0.05914
 175  0.61553 0.00000  0.60867 0.05913
 176  0.61760 0.00000  0.60868 0.05913
 177  0.61607 0.00000  0.60870 0.05913
 178  0.61097 0.00000  0.60864 0.05912
 179  0.62475 0.00000  0.60870 0.05911
 180  0.61906 0.00000  0.60868 0.05911
 181  0.62070 0.00000  0.60868 0.05911
 182  0.61915 0.00000  0.60869 0.05911
 183  0.61647 0.00000  0.60869 0.05911
 184  0.61172 0.00000  0.60866 0.05911
 185  0.61617 0.00000  0.60862 0.05910
 186  0.61661 0.00000  0.60859 0.05910
 187  0.60904 0.00000  0.60860 0.05910
 188  0.62039 0.00000  0.60862 0.05910
 189  0.61542 0.00000  0.60862 0.05909
 190  0.61220 0.00000  0.60854 0.05908
 191  0.62252 0.00000  0.60860 0.05907
 192  0.61500 0.00000  0.60863 0.05906
 193  0.61495 0.00000  0.60859 0.05906
 194  0.61667 0.00000  0.60858 0.05906
 195  0.61323 0.00000  0.60857 0.05905
 196  0.61942 0.00000  0.60859 0.05904
 197  0.62003 0.00000  0.60863 0.05904
 198  0.62156 0.00000  0.60866 0.05904
 199  0.61555 0.00000  0.60868 0.05903
 200  0.61614 0.00000  0.60864 0.05903
 201  0.62032 0.00000  0.60864 0.05902
 202  0.61343 0.00000  0.60865 0.05902
 203  0.61463 0.00000  0.60863 0.05902
 204  0.62238 0.00000  0.60868 0.05902
 205  0.62004 0.00000  0.60868 0.05901
 206  0.61361 0.00000  0.60863 0.05901
 207  0.61295 0.00000  0.60861 0.05901
 208  0.62123 0.00000  0.60864 0.05900
 209  0.60910 0.00000  0.60861 0.05900
 210  0.62095 0.00000  0.60862 0.05899
 211  0.62032 0.00000  0.60869 0.05899
 212  0.61544 0.00000  0.60868 0.05899
 213  0.61374 0.00000  0.60866 0.05898
 214  0.62341 0.00000  0.60868 0.05898
 215  0.61578 0.00000  0.60867 0.05898
 216  0.61657 0.00000  0.60867 0.05897
 217  0.61411 0.00000  0.60869 0.05897
 218  0.61477 0.00000  0.60867 0.05897
 219  0.61555 0.00000  0.60867 0.05896
 220  0.62620 0.00000  0.60871 0.05895
 221  0.61499 0.00000  0.60867 0.05895
 222  0.61706 0.00000  0.60870 0.05895
 223  0.61446 0.00000  0.60869 0.05894
 224  0.62114 0.00000  0.60875 0.05894
 225  0.62030 0.00000  0.60874 0.05894
 226  0.61958 0.00000  0.60878 0.05894
 227  0.62059 0.00000  0.60877 0.05893
 228  0.61629 0.00000  0.60876 0.05893
 229  0.61647 0.00000  0.60872 0.05893
 230  0.61434 0.00000  0.60869 0.05892
 231  0.61693 0.00000  0.60871 0.05892
 232  0.61527 0.00000  0.60873 0.05892
 233  0.61391 0.00000  0.60871 0.05892
 234  0.62120 0.00000  0.60872 0.05892
 235  0.62291 0.00000  0.60878 0.05891
 236  0.61465 0.00000  0.60875 0.05891
 237  0.61579 0.00000  0.60877 0.05891
 238  0.62406 0.00000  0.60880 0.05891
 239  0.62259 0.00000  0.60882 0.05890
 240  0.61851 0.00000  0.60880 0.05890
 241  0.61112 0.00000  0.60877 0.05890
 242  0.61489 0.00000  0.60875 0.05890
 243  0.61285 0.00000  0.60873 0.05889
 244  0.61586 0.00000  0.60872 0.05888
 245  0.61519 0.00000  0.60871 0.05887
 246  0.61410 0.00000  0.60871 0.05887
 247  0.61605 0.00000  0.60872 0.05887
 248  0.61386 0.00000  0.60867 0.05886
 249  0.62022 0.00000  0.60871 0.05886
 250  0.61639 0.00000  0.60871 0.05886
 251  0.61512 0.00000  0.60867 0.05886
 252  0.60655 0.00000  0.60867 0.05885
 253  0.62004 0.00000  0.60869 0.05885
 254  0.61988 0.00000  0.60876 0.05884
 255  0.61796 0.00000  0.60879 0.05884
 256  0.61619 0.00000  0.60876 0.05884
 257  0.61754 0.00000  0.60880 0.05884
 258  0.61492 0.00000  0.60877 0.05884
 259  0.61975 0.00000  0.60884 0.05883
 260  0.61774 0.00000  0.60883 0.05883
 261  0.62013 0.00000  0.60881 0.05883
 262  0.61457 0.00000  0.60880 0.05883
 263  0.61663 0.00000  0.60882 0.05883
 264  0.61738 0.00000  0.60881 0.05883
 265  0.62131 0.00000  0.60884 0.05883
 266  0.62189 0.00000  0.60885 0.05883
 267  0.61752 0.00000  0.60886 0.05882
 268  0.62079 0.00000  0.60886 0.05882
 269  0.61468 0.00000  0.60883 0.05882
 270  0.62302 0.00000  0.60890 0.05882
 271  0.62065 0.00000  0.60893 0.05883
 272  0.61663 0.00000  0.60889 0.05882
 273  0.62179 0.00000  0.60890 0.05882
 274  0.61743 0.00000  0.60893 0.05881
 275  0.61324 0.00000  0.60891 0.05881
 276  0.61654 0.00000  0.60894 0.05880
 277  0.61632 0.00000  0.60890 0.05880
 278  0.61577 0.00000  0.60886 0.05879
 279  0.61300 0.00000  0.60884 0.05879
 280  0.61981 0.00000  0.60891 0.05879
 281  0.61780 0.00000  0.60889 0.05879
 282  0.62007 0.00000  0.60891 0.05878
 283  0.61684 0.00000  0.60888 0.05878
 284  0.61104 0.00000  0.60884 0.05878
 285  0.62092 0.00000  0.60889 0.05877
 286  0.61633 0.00000  0.60886 0.05878
 287  0.62301 0.00000  0.60891 0.05877
 288  0.61946 0.00000  0.60891 0.05876
 289  0.61721 0.00000  0.60892 0.05876
 290  0.61878 0.00000  0.60893 0.05876
 291  0.61723 0.00000  0.60892 0.05876
 292  0.61916 0.00000  0.60891 0.05875
 293  0.62093 0.00000  0.60892 0.05875
 294  0.62030 0.00000  0.60894 0.05875
 295  0.61332 0.00000  0.60889 0.05875
 296  0.61642 0.00000  0.60889 0.05875
 297  0.61821 0.00000  0.60892 0.05875
 298  0.62116 0.00000  0.60897 0.05875
 299  0.61393 0.00000  0.60897 0.05875
 300  0.61865 0.00000  0.60899 0.05876
 301  0.61852 0.00000  0.60899 0.05876
 302  0.61556 0.00000  0.60895 0.05875
 303  0.62257 0.00000  0.60902 0.05876
 304  0.61892 0.00000  0.60903 0.05875
 305  0.61963 0.00000  0.60903 0.05875
 306  0.61645 0.00000  0.60898 0.05875
 307  0.61115 0.00000  0.60894 0.05875
 308  0.61802 0.00000  0.60892 0.05874
 309  0.62048 0.00000  0.60893 0.05874
 310  0.61428 0.00000  0.60896 0.05874
 311  0.61499 0.00000  0.60892 0.05874
 312  0.61106 0.00000  0.60887 0.05874
 313  0.62260 0.00000  0.60892 0.05874
 314  0.61856 0.00000  0.60890 0.05873
 315  0.61566 0.00000  0.60891 0.05873
 316  0.61651 0.00000  0.60893 0.05873
 317  0.61288 0.00000  0.60889 0.05873
 318  0.62182 0.00000  0.60892 0.05873
 319  0.61214 0.00000  0.60889 0.05872
 320  0.62115 0.00000  0.60891 0.05872
 321  0.61834 0.00000  0.60895 0.05872
 322  0.62155 0.00000  0.60894 0.05871
 323  0.61710 0.00000  0.60897 0.05871
 324  0.61396 0.00000  0.60891 0.05871
 325  0.62005 0.00000  0.60896 0.05871
 326  0.61790 0.00000  0.60898 0.05871
 327  0.61730 0.00000  0.60899 0.05871
 328  0.62210 0.00000  0.60901 0.05871
 329  0.61699 0.00000  0.60899 0.05871
 330  0.61767 0.00000  0.60898 0.05870
 331  0.61439 0.00000  0.60892 0.05870
 332  0.61492 0.00000  0.60893 0.05869
 333  0.61953 0.00000  0.60895 0.05869
 334  0.62375 0.00000  0.60900 0.05870
 335  0.62070 0.00000  0.60901 0.05870
 336  0.61864 0.00000  0.60898 0.05869
 337  0.61925 0.00000  0.60903 0.05869
 338  0.61687 0.00000  0.60900 0.05869
 339  0.62368 0.00000  0.60902 0.05868
 340  0.62101 0.00000  0.60904 0.05868
 341  0.61629 0.00000  0.60902 0.05868
 342  0.62039 0.00000  0.60902 0.05867
 343  0.62232 0.00000  0.60905 0.05868
 344  0.62425 0.00000  0.60909 0.05868
 345  0.61598 0.00000  0.60908 0.05867
 346  0.61698 0.00000  0.60906 0.05867
 347  0.62017 0.00000  0.60909 0.05867
 348  0.61827 0.00000  0.60904 0.05866
 349  0.61848 0.00000  0.60906 0.05866
 350  0.62008 0.00000  0.60905 0.05865
 351  0.62147 0.00000  0.60909 0.05866
 352  0.61973 0.00000  0.60907 0.05865
 353  0.61974 0.00000  0.60908 0.05865
 354  0.62166 0.00000  0.60913 0.05865
 355  0.61862 0.00000  0.60909 0.05865
 356  0.62016 0.00000  0.60911 0.05865
 357  0.61955 0.00000  0.60911 0.05865
 358  0.61721 0.00000  0.60909 0.05864
 359  0.61830 0.00000  0.60909 0.05864
 360  0.61606 0.00000  0.60912 0.05865
 361  0.61565 0.00000  0.60909 0.05865
 362  0.61522 0.00000  0.60908 0.05865
 363  0.61913 0.00000  0.60905 0.05864
 364  0.62115 0.00000  0.60909 0.05864
 365  0.61393 0.00000  0.60910 0.05865
 366  0.61203 0.00000  0.60907 0.05865
 367  0.61358 0.00000  0.60904 0.05865
 368  0.61964 0.00000  0.60907 0.05864
 369  0.61735 0.00000  0.60909 0.05865
 370  0.61844 0.00000  0.60909 0.05864
 371  0.62308 0.00000  0.60913 0.05864
 372  0.62101 0.00000  0.60913 0.05863
 373  0.62300 0.00000  0.60914 0.05863
 374  0.61280 0.00000  0.60911 0.05863
 375  0.61916 0.00000  0.60913 0.05862
 376  0.61552 0.00000  0.60913 0.05862
 377  0.61819 0.00000  0.60914 0.05862
 378  0.61948 0.00000  0.60912 0.05862
 379  0.60942 0.00000  0.60905 0.05862
 380  0.61935 0.00000  0.60908 0.05862
 381  0.61738 0.00000  0.60909 0.05862
 382  0.61791 0.00000  0.60911 0.05862
 383  0.62130 0.00000  0.60913 0.05862
 384  0.61973 0.00000  0.60917 0.05863
 385  0.62021 0.00000  0.60919 0.05862
 386  0.61820 0.00000  0.60920 0.05862
 387  0.61855 0.00000  0.60918 0.05862
 388  0.61752 0.00000  0.60917 0.05863
 389  0.61307 0.00000  0.60913 0.05863
 390  0.60990 0.00000  0.60905 0.05862
 391  0.61729 0.00000  0.60903 0.05861
 392  0.61082 0.00000  0.60900 0.05861
 393  0.61688 0.00000  0.60899 0.05861
 394  0.61854 0.00000  0.60902 0.05861
 395  0.62163 0.00000  0.60908 0.05861
 396  0.61413 0.00000  0.60905 0.05861
 397  0.61443 0.00000  0.60905 0.05860
 398  0.61483 0.00000  0.60904 0.05860
 399  0.61358 0.00000  0.60902 0.05860
 400  0.61639 0.00000  0.60903 0.05861
 401  0.61695 0.00000  0.60901 0.05859
 402  0.61336 0.00000  0.60899 0.05860
 403  0.61643 0.00000  0.60899 0.05860
 404  0.61965 0.00000  0.60904 0.05860
 405  0.61651 0.00000  0.60903 0.05860
 406  0.61964 0.00000  0.60905 0.05860
 407  0.62727 0.00000  0.60910 0.05860
 408  0.61744 0.00000  0.60915 0.05861
 409  0.62011 0.00000  0.60914 0.05860
 410  0.62111 0.00000  0.60912 0.05860
 411  0.61529 0.00000  0.60916 0.05860
 412  0.61354 0.00000  0.60909 0.05860
 413  0.61569 0.00000  0.60906 0.05859
 414  0.62031 0.00000  0.60911 0.05860
 415  0.61695 0.00000  0.60909 0.05860
 416  0.62009 0.00000  0.60912 0.05860
 417  0.61920 0.00000  0.60915 0.05860
 418  0.61825 0.00000  0.60917 0.05860
 419  0.61433 0.00000  0.60910 0.05860
 420  0.61581 0.00000  0.60909 0.05860
 421  0.61345 0.00000  0.60906 0.05860
 422  0.61808 0.00000  0.60905 0.05860
 423  0.61619 0.00000  0.60905 0.05860
 424  0.61952 0.00000  0.60909 0.05861
 425  0.62079 0.00000  0.60908 0.05860
 426  0.61443 0.00000  0.60904 0.05860
 427  0.62064 0.00000  0.60908 0.05860
 428  0.61893 0.00000  0.60909 0.05860
 429  0.61587 0.00000  0.60908 0.05860
 430  0.61946 0.00000  0.60908 0.05859
 431  0.62019 0.00000  0.60909 0.05859
 432  0.62112 0.00000  0.60908 0.05859
 433  0.61819 0.00000  0.60910 0.05859
 434  0.61885 0.00000  0.60912 0.05859
 435  0.62071 0.00000  0.60914 0.05860
 436  0.62062 0.00000  0.60915 0.05860
 437  0.61069 0.00000  0.60910 0.05859
 438  0.62055 0.00000  0.60911 0.05859
 439  0.61707 0.00000  0.60910 0.05859
 440  0.61618 0.00000  0.60910 0.05859
 441  0.61262 0.00000  0.60902 0.05858
 442  0.61841 0.00000  0.60902 0.05858
 443  0.61976 0.00000  0.60906 0.05858
 444  0.61167 0.00000  0.60903 0.05858
 445  0.61772 0.00000  0.60906 0.05858
 446  0.61875 0.00000  0.60905 0.05858
 447  0.61489 0.00000  0.60901 0.05858
 448  0.61654 0.00000  0.60901 0.05858
 449  0.62148 0.00000  0.60902 0.05858
 450  0.62003 0.00000  0.60905 0.05858
 451  0.61777 0.00000  0.60906 0.05858
 452  0.61765 0.00000  0.60907 0.05858
 453  0.61919 0.00000  0.60903 0.05858
 454  0.61888 0.00000  0.60906 0.05858
 455  0.61830 0.00000  0.60906 0.05858
 456  0.61436 0.00000  0.60903 0.05858
 457  0.61822 0.00000  0.60903 0.05858
 458  0.61354 0.00000  0.60896 0.05858
 459  0.61933 0.00000  0.60898 0.05858
 460  0.61956 0.00000  0.60901 0.05858
 461  0.61811 0.00000  0.60902 0.05858
 462  0.62141 0.00000  0.60900 0.05858
 463  0.61709 0.00000  0.60899 0.05857
 464  0.61770 0.00000  0.60898 0.05857
 465  0.61604 0.00000  0.60898 0.05857
 466  0.61785 0.00000  0.60899 0.05858
 467  0.62254 0.00000  0.60904 0.05857
 468  0.61771 0.00000  0.60902 0.05857
 469  0.61786 0.00000  0.60903 0.05857
 470  0.61717 0.00000  0.60905 0.05857
 471  0.61720 0.00000  0.60905 0.05857
 472  0.61438 0.00000  0.60902 0.05857
 473  0.61636 0.00000  0.60902 0.05857
 474  0.62469 0.00000  0.60908 0.05857
 475  0.61632 0.00000  0.60902 0.05857
 476  0.62043 0.00000  0.60903 0.05857
 477  0.62329 0.00000  0.60905 0.05857
 478  0.61803 0.00000  0.60905 0.05857
 479  0.61754 0.00000  0.60903 0.05856
 480  0.62020 0.00000  0.60903 0.05856
 481  0.61417 0.00000  0.60902 0.05856
 482  0.61779 0.00000  0.60905 0.05856
 483  0.62252 0.00000  0.60905 0.05855
 484  0.61974 0.00000  0.60903 0.05856
 485  0.61971 0.00000  0.60907 0.05856
 486  0.61788 0.00000  0.60906 0.05855
 487  0.62100 0.00000  0.60905 0.05856
 488  0.62343 0.00000  0.60908 0.05855
 489  0.61513 0.00000  0.60907 0.05856
 490  0.61992 0.00000  0.60906 0.05855
 491  0.61901 0.00000  0.60904 0.05855
 492  0.61805 0.00000  0.60904 0.05855
 493  0.61303 0.00000  0.60899 0.05855
 494  0.61389 0.00000  0.60897 0.05855
 495  0.61594 0.00000  0.60897 0.05856
 496  0.61679 0.00000  0.60895 0.05856
 497  0.61832 0.00000  0.60898 0.05855
 498  0.61660 0.00000  0.60900 0.05856
 499  0.61855 0.00000  0.60902 0.05856
 500  0.62072 0.00000  0.60898 0.05855
 501  0.61953 0.00000  0.60900 0.05855
 502  0.61501 0.00000  0.60899 0.05855
 503  0.62021 0.00000  0.60899 0.05855
 504  0.61953 0.00000  0.60899 0.05855
 505  0.61873 0.00000  0.60897 0.05855
 506  0.61395 0.00000  0.60894 0.05856
 507  0.61570 0.00000  0.60891 0.05856
 508  0.61453 0.00000  0.60889 0.05856
 509  0.62159 0.00000  0.60895 0.05855
 510  0.61493 0.00000  0.60892 0.05855
 511  0.61906 0.00000  0.60891 0.05855
 512  0.61925 0.00000  0.60894 0.05855
 513  0.61492 0.00000  0.60890 0.05855
 514  0.61863 0.00000  0.60892 0.05855
 515  0.62208 0.00000  0.60894 0.05855
 516  0.61677 0.00000  0.60892 0.05855
 517  0.61779 0.00000  0.60892 0.05855
 518  0.61647 0.00000  0.60895 0.05855
 519  0.61582 0.00000  0.60897 0.05855
 520  0.61854 0.00000  0.60899 0.05855
 521  0.61936 0.00000  0.60896 0.05855
 522  0.62289 0.00000  0.60898 0.05855
 523  0.61599 0.00000  0.60896 0.05855
 524  0.61739 0.00000  0.60895 0.05855
 525  0.61124 0.00000  0.60895 0.05855
 526  0.61881 0.00000  0.60893 0.05855
 527  0.61899 0.00000  0.60895 0.05855
 528  0.61563 0.00000  0.60898 0.05856
 529  0.62116 0.00000  0.60894 0.05855
 530  0.61674 0.00000  0.60894 0.05854
 531  0.61241 0.00000  0.60891 0.05855
 532  0.61464 0.00000  0.60889 0.05855
 533  0.62192 0.00000  0.60895 0.05855
 534  0.61612 0.00000  0.60894 0.05854
 535  0.62020 0.00000  0.60897 0.05855
 536  0.61701 0.00000  0.60893 0.05854
 537  0.61404 0.00000  0.60889 0.05855
 538  0.61392 0.00000  0.60891 0.05854
 539  0.62083 0.00000  0.60893 0.05854
 540  0.62155 0.00000  0.60897 0.05854
 541  0.61689 0.00000  0.60894 0.05854
 542  0.61627 0.00000  0.60892 0.05854
 543  0.61481 0.00000  0.60890 0.05855
 544  0.61841 0.00000  0.60892 0.05854
 545  0.61539 0.00000  0.60892 0.05854
 546  0.61451 0.00000  0.60893 0.05854
 547  0.61940 0.00000  0.60895 0.05854
 548  0.61982 0.00000  0.60893 0.05854
 549  0.62295 0.00000  0.60893 0.05855
 550  0.61260 0.00000  0.60891 0.05854
 551  0.61748 0.00000  0.60889 0.05854
 552  0.61961 0.00000  0.60890 0.05854
 553  0.61906 0.00000  0.60895 0.05854
 554  0.61562 0.00000  0.60894 0.05854
 555  0.60991 0.00000  0.60887 0.05854
 556  0.61435 0.00000  0.60888 0.05854
 557  0.61641 0.00000  0.60888 0.05854
 558  0.61351 0.00000  0.60886 0.05854
 559  0.61687 0.00000  0.60884 0.05854
 560  0.61418 0.00000  0.60887 0.05854
 561  0.62224 0.00000  0.60892 0.05854
 562  0.61775 0.00000  0.60894 0.05855
 563  0.62126 0.00000  0.60893 0.05854
 564  0.61661 0.00000  0.60887 0.05854
 565  0.61756 0.00000  0.60890 0.05854
 566  0.61862 0.00000  0.60890 0.05854
 567  0.61909 0.00000  0.60889 0.05854
 568  0.61956 0.00000  0.60887 0.05854
 569  0.62161 0.00000  0.60888 0.05854
 570  0.61895 0.00000  0.60890 0.05854
 571  0.62215 0.00000  0.60893 0.05854
 572  0.61801 0.00000  0.60895 0.05854
 573  0.61838 0.00000  0.60895 0.05854
 574  0.61843 0.00000  0.60894 0.05854
 575  0.61169 0.00000  0.60890 0.05854
 576  0.62273 0.00000  0.60893 0.05854
 577  0.62101 0.00000  0.60894 0.05854
 578  0.62170 0.00000  0.60899 0.05854
 579  0.61623 0.00000  0.60895 0.05854
 580  0.61935 0.00000  0.60896 0.05854
 581  0.61477 0.00000  0.60892 0.05854
 582  0.61638 0.00000  0.60891 0.05854
 583  0.62088 0.00000  0.60892 0.05854
 584  0.62279 0.00000  0.60893 0.05854
 585  0.61415 0.00000  0.60891 0.05854
 586  0.61661 0.00000  0.60890 0.05854
 587  0.62140 0.00000  0.60889 0.05854
 588  0.61913 0.00000  0.60888 0.05854
 589  0.62038 0.00000  0.60889 0.05854
 590  0.62274 0.00000  0.60888 0.05854
 591  0.62102 0.00000  0.60886 0.05854
 592  0.61505 0.00000  0.60887 0.05854
 593  0.62043 0.00000  0.60893 0.05854
 594  0.61864 0.00000  0.60890 0.05854
 595  0.62342 0.00000  0.60894 0.05854
 596  0.61767 0.00000  0.60892 0.05854
 597  0.61712 0.00000  0.60888 0.05854
 598  0.61481 0.00000  0.60889 0.05854
 599  0.61751 0.00000  0.60890 0.05854
 600  0.61846 0.00000  0.60887 0.05854
 601  0.61561 0.00000  0.60887 0.05854
 602  0.62470 0.00000  0.60890 0.05854
 603  0.61785 0.00000  0.60889 0.05854
 604  0.61544 0.00000  0.60888 0.05854
 605  0.61672 0.00000  0.60890 0.05854
 606  0.61440 0.00000  0.60885 0.05854
 607  0.62294 0.00000  0.60888 0.05854
 608  0.61751 0.00000  0.60889 0.05854
 609  0.62109 0.00000  0.60890 0.05853
 610  0.61186 0.00000  0.60889 0.05854
 611  0.61747 0.00000  0.60888 0.05853
 612  0.61302 0.00000  0.60882 0.05853
 613  0.61503 0.00000  0.60882 0.05853
 614  0.61495 0.00000  0.60881 0.05853
 615  0.61577 0.00000  0.60883 0.05853
 616  0.61659 0.00000  0.60882 0.05854
 617  0.62427 0.00000  0.60883 0.05853
 618  0.60787 0.00000  0.60880 0.05853
 619  0.61782 0.00000  0.60878 0.05853
 620  0.61671 0.00000  0.60878 0.05853
 621  0.61982 0.00000  0.60881 0.05853
 622  0.61885 0.00000  0.60882 0.05853
 623  0.62202 0.00000  0.60886 0.05853
 624  0.61890 0.00000  0.60887 0.05853
 625  0.62007 0.00000  0.60885 0.05853
 626  0.61947 0.00000  0.60885 0.05853
 627  0.61686 0.00000  0.60883 0.05853
 628  0.61501 0.00000  0.60882 0.05853
 629  0.61847 0.00000  0.60880 0.05853
 630  0.61699 0.00000  0.60880 0.05853
 631  0.62145 0.00000  0.60879 0.05853
 632  0.61219 0.00000  0.60878 0.05853
 633  0.61815 0.00000  0.60878 0.05853
 634  0.61778 0.00000  0.60879 0.05852
 635  0.61620 0.00000  0.60882 0.05853
 636  0.62084 0.00000  0.60887 0.05853
 637  0.61430 0.00000  0.60886 0.05853
 638  0.62032 0.00000  0.60885 0.05853
 639  0.62012 0.00000  0.60885 0.05853
 640  0.61719 0.00000  0.60885 0.05853
 641  0.61794 0.00000  0.60882 0.05852
 642  0.61998 0.00000  0.60884 0.05853
 643  0.61654 0.00000  0.60886 0.05853
 644  0.61872 0.00000  0.60886 0.05853
 645  0.61804 0.00000  0.60887 0.05854
 646  0.61564 0.00000  0.60885 0.05854
 647  0.61969 0.00000  0.60888 0.05854
 648  0.61321 0.00000  0.60882 0.05853
 649  0.61246 0.00000  0.60879 0.05853
 650  0.62073 0.00000  0.60883 0.05854
 651  0.61463 0.00000  0.60882 0.05854
 652  0.61767 0.00000  0.60882 0.05854
 653  0.61484 0.00000  0.60877 0.05853
 654  0.62241 0.00000  0.60879 0.05853
 655  0.61372 0.00000  0.60875 0.05853
 656  0.61928 0.00000  0.60878 0.05853
 657  0.62292 0.00000  0.60880 0.05853
 658  0.61756 0.00000  0.60878 0.05853
 659  0.62144 0.00000  0.60879 0.05853
 660  0.61574 0.00000  0.60876 0.05853
 661  0.62297 0.00000  0.60877 0.05853
 662  0.61907 0.00000  0.60879 0.05853
 663  0.62371 0.00000  0.60883 0.05853
 664  0.61671 0.00000  0.60880 0.05853
 665  0.61585 0.00000  0.60877 0.05853
 666  0.61636 0.00000  0.60876 0.05853
 667  0.61703 0.00000  0.60878 0.05853
 668  0.61908 0.00000  0.60877 0.05853
 669  0.62088 0.00000  0.60875 0.05853
 670  0.61746 0.00000  0.60876 0.05853
 671  0.61969 0.00000  0.60881 0.05853
 672  0.62060 0.00000  0.60882 0.05853
 673  0.61857 0.00000  0.60883 0.05853
 674  0.61509 0.00000  0.60880 0.05853
 675  0.61419 0.00000  0.60878 0.05853
 676  0.61230 0.00000  0.60876 0.05853
 677  0.61873 0.00000  0.60876 0.05853
 678  0.61554 0.00000  0.60873 0.05853
 679  0.61889 0.00000  0.60874 0.05853
 680  0.61922 0.00000  0.60875 0.05853
 681  0.61225 0.00000  0.60873 0.05853
 682  0.61740 0.00000  0.60876 0.05853
 683  0.61520 0.00000  0.60875 0.05853
 684  0.61958 0.00000  0.60875 0.05853
 685  0.62196 0.00000  0.60879 0.05853
 686  0.61694 0.00000  0.60879 0.05853
 687  0.61456 0.00000  0.60878 0.05853
 688  0.61398 0.00000  0.60878 0.05853
 689  0.62214 0.00000  0.60876 0.05853
 690  0.61817 0.00000  0.60879 0.05853
 691  0.61726 0.00000  0.60879 0.05853
 692  0.62709 0.00000  0.60883 0.05853
 693  0.61454 0.00000  0.60880 0.05853
 694  0.61743 0.00000  0.60878 0.05853
 695  0.61744 0.00000  0.60881 0.05853
 696  0.61640 0.00000  0.60879 0.05853
 697  0.61820 0.00000  0.60880 0.05853
 698  0.61530 0.00000  0.60877 0.05853
 699  0.61979 0.00000  0.60878 0.05853
 700  0.61828 0.00000  0.60877 0.05853
 701  0.62056 0.00000  0.60879 0.05853
 702  0.61974 0.00000  0.60880 0.05853
 703  0.61809 0.00000  0.60882 0.05853
 704  0.62207 0.00000  0.60887 0.05853
 705  0.61865 0.00000  0.60883 0.05853
 706  0.61532 0.00000  0.60883 0.05853
 707  0.61717 0.00000  0.60883 0.05853
 708  0.61503 0.00000  0.60884 0.05853
 709  0.62097 0.00000  0.60879 0.05853
 710  0.61873 0.00000  0.60881 0.05853
 711  0.61433 0.00000  0.60881 0.05853
 712  0.61735 0.00000  0.60880 0.05853
 713  0.61377 0.00000  0.60878 0.05853
 714  0.61437 0.00000  0.60877 0.05853
 715  0.61569 0.00000  0.60875 0.05853
 716  0.61122 0.00000  0.60870 0.05853
 717  0.61528 0.00000  0.60871 0.05853
 718  0.61544 0.00000  0.60868 0.05852
 719  0.62757 0.00000  0.60875 0.05853
 720  0.61538 0.00000  0.60877 0.05853
 721  0.61596 0.00000  0.60876 0.05853
 722  0.61711 0.00000  0.60876 0.05853
 723  0.61515 0.00000  0.60877 0.05853
 724  0.61491 0.00000  0.60874 0.05853
 725  0.62077 0.00000  0.60877 0.05853
 726  0.61909 0.00000  0.60877 0.05853
 727  0.61535 0.00000  0.60877 0.05853
 728  0.61657 0.00000  0.60875 0.05853
 729  0.62228 0.00000  0.60876 0.05853
 730  0.61413 0.00000  0.60874 0.05853
 731  0.61786 0.00000  0.60877 0.05853
 732  0.61783 0.00000  0.60879 0.05854
 733  0.61711 0.00000  0.60879 0.05854
 734  0.62034 0.00000  0.60879 0.05854
 735  0.61927 0.00000  0.60875 0.05854
 736  0.61800 0.00000  0.60874 0.05853
 737  0.62129 0.00000  0.60874 0.05853
 738  0.61361 0.00000  0.60872 0.05853
 739  0.61579 0.00000  0.60870 0.05853
 740  0.62080 0.00000  0.60872 0.05853
 741  0.61652 0.00000  0.60875 0.05853
 742  0.60969 0.00000  0.60871 0.05853
 743  0.61501 0.00000  0.60873 0.05853
 744  0.62190 0.00000  0.60871 0.05853
 745  0.61737 0.00000  0.60871 0.05853
 746  0.61774 0.00000  0.60871 0.05853
 747  0.61566 0.00000  0.60871 0.05853
 748  0.61214 0.00000  0.60872 0.05853
 749  0.62038 0.00000  0.60873 0.05853
 750  0.61913 0.00000  0.60875 0.05853
 751  0.61636 0.00000  0.60876 0.05853
 752  0.62038 0.00000  0.60877 0.05853
 753  0.61603 0.00000  0.60876 0.05853
 754  0.61660 0.00000  0.60876 0.05853
 755  0.61548 0.00000  0.60874 0.05853
 756  0.62285 0.00000  0.60876 0.05853
 757  0.61388 0.00000  0.60874 0.05852
 758  0.62241 0.00000  0.60877 0.05852
 759  0.62165 0.00000  0.60881 0.05853
 760  0.62199 0.00000  0.60883 0.05853
 761  0.61765 0.00000  0.60881 0.05853
 762  0.61813 0.00000  0.60879 0.05853
 763  0.62245 0.00000  0.60878 0.05852
 764  0.61196 0.00000  0.60877 0.05853
 765  0.61477 0.00000  0.60879 0.05853
 766  0.61202 0.00000  0.60876 0.05853
 767  0.62201 0.00000  0.60880 0.05853
 768  0.61223 0.00000  0.60878 0.05853
 769  0.62056 0.00000  0.60877 0.05853
 770  0.61844 0.00000  0.60879 0.05853
 771  0.61950 0.00000  0.60878 0.05852
 772  0.61394 0.00000  0.60875 0.05852
 773  0.61510 0.00000  0.60870 0.05852
 774  0.61994 0.00000  0.60873 0.05852
 775  0.62269 0.00000  0.60875 0.05852
 776  0.61704 0.00000  0.60874 0.05852
 777  0.61639 0.00000  0.60872 0.05853
 778  0.62436 0.00000  0.60876 0.05852
 779  0.62298 0.00000  0.60876 0.05853
 780  0.61791 0.00000  0.60881 0.05853
 781  0.61690 0.00000  0.60884 0.05853
 782  0.62255 0.00000  0.60882 0.05853
 783  0.61547 0.00000  0.60877 0.05853
 784  0.61983 0.00000  0.60881 0.05853
 785  0.62097 0.00000  0.60884 0.05853
 786  0.61884 0.00000  0.60882 0.05853
 787  0.61543 0.00000  0.60880 0.05853
 788  0.62013 0.00000  0.60881 0.05853
 789  0.61834 0.00000  0.60877 0.05853
 790  0.61653 0.00000  0.60874 0.05852
 791  0.62241 0.00000  0.60879 0.05853
 792  0.62037 0.00000  0.60884 0.05852
 793  0.62425 0.00000  0.60886 0.05852
 794  0.61925 0.00000  0.60882 0.05852
 795  0.61602 0.00000  0.60878 0.05852
 796  0.61831 0.00000  0.60879 0.05853
 797  0.62006 0.00000  0.60881 0.05852
 798  0.62085 0.00000  0.60880 0.05853
 799  0.62136 0.00000  0.60877 0.05852
chose model 123 S_auc_124
chose model 167 S_auc_168
chose model 88 S_auc_89
chose model 150 S_auc_151
chose model 140 S_auc_141
chose model 71 S_auc_72
chose model 81 S_auc_82
chose model 7 S_auc_8
chose model 65 S_auc_66
chose model 64 S_auc_65
processing 3000 predictions...

0%   10   20   30   40   50   60   70   80   90   100%
|----|----|----|----|----|----|----|----|----|----|
***************************************************
 done.
elapsed: [4300.53s cpu, 4089471.1343 mticks, 1530.07s wall]
score: 0.0585  baseline: 0.0597  diff: -0.00117
category UNKNOWN: count 0 avg error 0 baseline avg error 0 avg improvement 0
category AUTO: count 1792 avg error 0.0247989 baseline avg error 0.0277302 avg improvement 0.00293138
category POSS: count 1046 avg error 0.0809276 baseline avg error 0.080278 avg improvement -0.000649554
category IMP: count 162 avg error 0.28633 baseline avg error 0.279722 avg improvement -0.00660774
overall: count 3000 avg error 0.0584918 baseline avg error 0.0596595 avg improvement 0.00116772
worst entries: 
0: 1092  label: 1 pred: -0.947869 bl: -0.11885 POSS error_pred: 0.760443 error_bl: 0.518329 improvement: -0.242114
    min: -1  max: 0.578 avg: -0.303208
explanation: 
no explanation

1: 2507  label: 1 pred: -0.99818 bl: -0.2767 POSS error_pred: 0.815004 error_bl: 0.674339 improvement: -0.140665
    min: -0.9835  max: 0.402 avg: -0.28284
explanation: 
no explanation

2: 2250  label: 1 pred: -0.816587 bl: -0.0928 POSS error_pred: 0.612958 error_bl: 0.484228 improvement: -0.12873
    min: -0.6375  max: 0.3265 avg: -0.040315
explanation: 
no explanation

3: 90  label: 1 pred: -0.818698 bl: -0.1001 POSS error_pred: 0.616368 error_bl: 0.49318 improvement: -0.123188
    min: -0.7185  max: 0.6665 avg: -0.10141
explanation: 
no explanation

4: 718  label: 1 pred: 0.131074 bl: 0.5545 POSS error_pred: 0.157715 error_bl: 0.0358056 improvement: -0.12191
    min: -0.589  max: 0.985 avg: 0.38098
explanation: 
no explanation

5: 280  label: 1 pred: -0.310833 bl: 0.28535 POSS error_pred: 0.279625 error_bl: 0.161125 improvement: -0.1185
    min: -0.6345  max: 0.495 avg: -0.0180125
explanation: 
no explanation

6: 745  label: 1 pred: -0.950197 bl: -0.2459 POSS error_pred: 0.763001 error_bl: 0.648764 improvement: -0.114237
    min: -0.9205  max: 0.1465 avg: -0.37136
explanation: 
no explanation

7: 1531  label: 1 pred: -0.480942 bl: 0.17945 POSS error_pred: 0.352089 error_bl: 0.239557 improvement: -0.112532
    min: -0.5455  max: 0.742 avg: 0.215822
explanation: 
no explanation

8: 2300  label: 1 pred: -0.463484 bl: 0.1808 POSS error_pred: 0.341859 error_bl: 0.236999 improvement: -0.104859
    min: -0.6205  max: 0.5445 avg: 0.146872
explanation: 
no explanation

9: 2417  label: 1 pred: -0.828946 bl: -0.12085 POSS error_pred: 0.625746 error_bl: 0.521739 improvement: -0.104007
    min: -0.7555  max: 0.1615 avg: -0.17202
explanation: 
no explanation

10: 2961  label: 1 pred: -0.704356 bl: 0.0083 POSS error_pred: 0.492754 error_bl: 0.393862 improvement: -0.0988917
    min: -0.62  max: 0.4345 avg: 0.0048525
explanation: 
no explanation

11: 2165  label: 1 pred: -0.561055 bl: 0.0904 POSS error_pred: 0.393862 error_bl: 0.30861 improvement: -0.0852515
    min: -0.409  max: 0.7485 avg: 0.165025
explanation: 
no explanation

12: 428  label: 1 pred: 0.278343 bl: 0.5261 POSS error_pred: 0.122762 error_bl: 0.0409207 improvement: -0.0818414
    min: -0.4245  max: 0.9535 avg: 0.38738
explanation: 
no explanation

13: 1215  label: -1 pred: 0.823134 bl: 0.63085 IMP error_pred: 0.564313 error_bl: 0.484948 improvement: -0.079365
    min: 0.418  max: 0.8015 avg: 0.635002
explanation: 
no explanation

14: 1773  label: 1 pred: -0.725372 bl: -0.045 POSS error_pred: 0.521739 error_bl: 0.442455 improvement: -0.0792839
    min: -0.5375  max: 0.3535 avg: -0.09664
explanation: 
no explanation

15: 693  label: 1 pred: -0.548123 bl: 0.0924 POSS error_pred: 0.384484 error_bl: 0.306905 improvement: -0.0775788
    min: -0.533  max: 0.308 avg: -0.01825
explanation: 
no explanation

16: 1646  label: 1 pred: 0.248891 bl: 0.48685 POSS error_pred: 0.12873 error_bl: 0.0520034 improvement: -0.0767264
    min: -0.3705  max: 0.935 avg: 0.504232
explanation: 
no explanation

17: 2005  label: -1 pred: 0.666663 bl: 0.46985 IMP error_pred: 0.343186 error_bl: 0.271483 improvement: -0.0717022
    min: 0.3275  max: 0.6315 avg: 0.47468
explanation: 
no explanation

18: 1512  label: 1 pred: 0.37949 bl: 0.6152 POSS error_pred: 0.0997443 error_bl: 0.028133 improvement: -0.0716113
    min: -0.2705  max: 1 avg: 0.380375
explanation: 
no explanation

19: 1870  label: -1 pred: 0.756139 bl: 0.5544 IMP error_pred: 0.447729 error_bl: 0.377668 improvement: -0.0700602
    min: 0.3515  max: 0.768 avg: 0.606623
explanation: 
no explanation

20: 1906  label: 1 pred: -0.463816 bl: 0.1416 POSS error_pred: 0.341859 error_bl: 0.272805 improvement: -0.0690537
    min: -0.5435  max: 0.3075 avg: -0.02895
explanation: 
no explanation

21: 1430  label: -1 pred: 0.759746 bl: 0.5584 IMP error_pred: 0.453749 error_bl: 0.385331 improvement: -0.0684182
    min: 0.4275  max: 0.838 avg: 0.65181
explanation: 
no explanation

22: 2654  label: 1 pred: -0.0949701 bl: 0.3079 POSS error_pred: 0.216539 error_bl: 0.148338 improvement: -0.0682012
    min: -0.4515  max: 0.7505 avg: 0.321305
explanation: 
no explanation

23: 2366  label: -1 pred: 0.791085 bl: 0.5951 IMP error_pred: 0.504105 error_bl: 0.438424 improvement: -0.0656815
    min: 0.4025  max: 0.7505 avg: 0.574608
explanation: 
no explanation

24: 2924  label: 1 pred: -0.0855723 bl: 0.3068 POSS error_pred: 0.214834 error_bl: 0.14919 improvement: -0.0656436
    min: -0.369  max: 0.853 avg: 0.315173
explanation: 
no explanation

25: 1507  label: -1 pred: 0.804988 bl: 0.6162 IMP error_pred: 0.528188 error_bl: 0.463054 improvement: -0.0651341
    min: 0.429  max: 0.898 avg: 0.618935
explanation: 
no explanation

26: 2152  label: 1 pred: -0.588551 bl: 0.058 POSS error_pred: 0.41006 error_bl: 0.345269 improvement: -0.0647911
    min: -0.4425  max: 0.4665 avg: 0.145083
explanation: 
no explanation

27: 752  label: -1 pred: 0.746059 bl: 0.54855 IMP error_pred: 0.434592 error_bl: 0.371648 improvement: -0.0629447
    min: 0.331  max: 0.79 avg: 0.5239
explanation: 
no explanation

28: 2987  label: 1 pred: -0.715049 bl: -0.0487 POSS error_pred: 0.505541 error_bl: 0.443308 improvement: -0.0622336
    min: -0.4435  max: 0.521 avg: -0.0059025
explanation: 
no explanation

29: 1336  label: -1 pred: 0.665281 bl: 0.4775 IMP error_pred: 0.342091 error_bl: 0.282978 improvement: -0.0591133
    min: 0.313  max: 0.7125 avg: 0.512708
explanation: 
no explanation

30: 1569  label: 1 pred: -0.654257 bl: 0.01255 POSS error_pred: 0.449275 error_bl: 0.390452 improvement: -0.0588235
    min: -0.551  max: 0.2925 avg: 0.0059775
explanation: 
no explanation

31: 190  label: 1 pred: -0.367577 bl: 0.18465 POSS error_pred: 0.29497 error_bl: 0.236147 improvement: -0.0588235
    min: -0.411  max: 0.586 avg: 0.107025
explanation: 
no explanation

32: 2428  label: 1 pred: -0.0752764 bl: 0.29435 POSS error_pred: 0.213129 error_bl: 0.154305 improvement: -0.0588235
    min: -0.2145  max: 0.8375 avg: 0.31166
explanation: 
no explanation

33: 1517  label: 1 pred: -0.521683 bl: 0.0858 POSS error_pred: 0.370844 error_bl: 0.31202 improvement: -0.0588235
    min: -0.4385  max: 0.3975 avg: -0.000215
explanation: 
no explanation

34: 536  label: 1 pred: -0.221641 bl: 0.23275 POSS error_pred: 0.255754 error_bl: 0.197783 improvement: -0.057971
    min: -0.2835  max: 0.7705 avg: 0.063525
explanation: 
no explanation

35: 2010  label: -1 pred: 0.828646 bl: 0.64855 IMP error_pred: 0.571976 error_bl: 0.515326 improvement: -0.0566503
    min: 0.4225  max: 0.7675 avg: 0.59126
explanation: 
no explanation

36: 1574  label: -1 pred: 0.793164 bl: 0.60335 IMP error_pred: 0.507389 error_bl: 0.452107 improvement: -0.0552819
    min: 0.427  max: 0.893 avg: 0.640835
explanation: 
no explanation

37: 2650  label: 1 pred: 0.422333 bl: 0.56685 POSS error_pred: 0.0869565 error_bl: 0.0332481 improvement: -0.0537084
    min: -0.393  max: 1 avg: 0.511205
explanation: 
no explanation

38: 1788  label: 1 pred: -0.450602 bl: 0.12955 POSS error_pred: 0.331628 error_bl: 0.278772 improvement: -0.052856
    min: -0.5465  max: 0.424 avg: 0.0594075
explanation: 
no explanation

39: 2262  label: 1 pred: 0.429682 bl: 0.5767 POSS error_pred: 0.084399 error_bl: 0.0323955 improvement: -0.0520034
    min: -0.601  max: 1 avg: 0.464955
explanation: 
no explanation

40: 2568  label: -1 pred: 0.424691 bl: 0.3432 IMP error_pred: 0.195402 error_bl: 0.143952 improvement: -0.0514505
    min: 0.26  max: 0.4965 avg: 0.376567
explanation: 
no explanation

41: 1023  label: -1 pred: 0.845735 bl: 0.6746 IMP error_pred: 0.60208 error_bl: 0.551724 improvement: -0.0503558
    min: 0.4315  max: 0.856 avg: 0.642913
explanation: 
no explanation

42: 99  label: -1 pred: 0.933567 bl: 0.80035 IMP error_pred: 0.77942 error_bl: 0.729611 improvement: -0.0498084
    min: 0.599  max: 1 avg: 0.823115
explanation: 
no explanation

43: 1035  label: -1 pred: 0.464343 bl: 0.37035 IMP error_pred: 0.216201 error_bl: 0.16694 improvement: -0.0492611
    min: 0.251  max: 0.6065 avg: 0.413388
explanation: 
no explanation

44: 437  label: 1 pred: 0.38658 bl: 0.49485 POSS error_pred: 0.0980392 error_bl: 0.0494459 improvement: -0.0485933
    min: -0.349  max: 0.7875 avg: 0.454582
explanation: 
no explanation

45: 2741  label: 1 pred: 0.523011 bl: 0.6459 POSS error_pred: 0.0656437 error_bl: 0.0196078 improvement: -0.0460358
    min: -0.221  max: 0.884 avg: 0.402158
explanation: 
no explanation

46: 1951  label: 1 pred: -0.723586 bl: -0.07925 POSS error_pred: 0.520887 error_bl: 0.474851 improvement: -0.0460358
    min: -0.278  max: 0.6195 avg: 0.149905
explanation: 
no explanation

47: 623  label: -1 pred: 0.739266 bl: 0.55515 IMP error_pred: 0.42474 error_bl: 0.378763 improvement: -0.045977
    min: 0.338  max: 0.975 avg: 0.559713
explanation: 
no explanation

48: 244  label: -1 pred: 0.492734 bl: 0.3865 IMP error_pred: 0.22879 error_bl: 0.185003 improvement: -0.0437876
    min: 0.248  max: 0.6615 avg: 0.458785
explanation: 
no explanation

49: 2977  label: -1 pred: 0.450293 bl: 0.36695 IMP error_pred: 0.206897 error_bl: 0.164204 improvement: -0.0426929
    min: 0.208  max: 0.535 avg: 0.38695
explanation: 
no explanation

best entries: 
0: 314  label: -1 pred: 0.641864 bl: 0.7058 POSS error_pred: 0.326218 error_bl: 0.598248 improvement: 0.272031
1: 132  label: -1 pred: 0.678005 bl: 0.7105 IMP error_pred: 0.358511 error_bl: 0.607006 improvement: 0.248495
2: 789  label: -1 pred: 0.721172 bl: 0.72475 IMP error_pred: 0.405583 error_bl: 0.626163 improvement: 0.22058
3: 2418  label: -1 pred: 0.614931 bl: 0.64805 POSS error_pred: 0.303229 error_bl: 0.514505 improvement: 0.211275
4: 1823  label: -1 pred: 0.590427 bl: 0.63535 POSS error_pred: 0.282978 error_bl: 0.489327 improvement: 0.206349
5: 2072  label: -1 pred: 0.318016 bl: 0.50915 POSS error_pred: 0.151067 error_bl: 0.322386 improvement: 0.171319
6: 1671  label: -1 pred: 0.327446 bl: 0.5107 POSS error_pred: 0.153804 error_bl: 0.323481 improvement: 0.169677
7: 2343  label: -1 pred: 0.638394 bl: 0.63725 IMP error_pred: 0.324576 error_bl: 0.494253 improvement: 0.169677
8: 804  label: -1 pred: 0.669805 bl: 0.6401 IMP error_pred: 0.34647 error_bl: 0.500274 improvement: 0.153804
9: 221  label: -1 pred: 0.526993 bl: 0.57005 POSS error_pred: 0.2474 error_bl: 0.400109 improvement: 0.152709
10: 1066  label: -1 pred: 0.334187 bl: 0.47205 POSS error_pred: 0.154899 error_bl: 0.272578 improvement: 0.117679
11: 2596  label: -1 pred: 0.223617 bl: 0.43525 POSS error_pred: 0.1237 error_bl: 0.230432 improvement: 0.106732
12: 2142  label: -1 pred: 0.34182 bl: 0.45295 POSS error_pred: 0.157635 error_bl: 0.252053 improvement: 0.0944171
13: 229  label: -1 pred: 0.833009 bl: 0.7574 IMP error_pred: 0.579639 error_bl: 0.673235 improvement: 0.093596
14: 2050  label: -1 pred: 0.96922 bl: 0.9739 IMP error_pred: 0.851669 error_bl: 0.939245 improvement: 0.0875753
15: 1896  label: -1 pred: -0.00907725 bl: 0.3683 POSS error_pred: 0.0837438 error_bl: 0.164751 improvement: 0.0810071
16: 2100  label: -1 pred: 0.757506 bl: 0.65885 IMP error_pred: 0.450465 error_bl: 0.528188 improvement: 0.0777231
17: 2684  label: -1 pred: 0.657166 bl: 0.5769 IMP error_pred: 0.337712 error_bl: 0.411604 improvement: 0.0738916
18: 2938  label: -1 pred: 0.493882 bl: 0.49345 POSS error_pred: 0.229338 error_bl: 0.300493 improvement: 0.0711549
19: 1884  label: -1 pred: 0.178931 bl: 0.38755 POSS error_pred: 0.118227 error_bl: 0.18555 improvement: 0.0673235
20: 1183  label: -1 pred: 0.0944555 bl: 0.37115 POSS error_pred: 0.101806 error_bl: 0.167488 improvement: 0.0656814
21: 2760  label: -1 pred: 0.428774 bl: 0.4613 POSS error_pred: 0.197592 error_bl: 0.260536 improvement: 0.0629447
22: 2764  label: -1 pred: 0.741517 bl: 0.6356 IMP error_pred: 0.428024 error_bl: 0.489874 improvement: 0.06185
23: 2585  label: 1 pred: -0.769416 bl: -0.21185 POSS error_pred: 0.561807 error_bl: 0.621483 improvement: 0.0596761
24: 1879  label: -1 pred: 0.496597 bl: 0.4858 POSS error_pred: 0.231527 error_bl: 0.291188 improvement: 0.0596606
25: 2817  label: -1 pred: 0.0152234 bl: 0.33635 POSS error_pred: 0.0848385 error_bl: 0.142857 improvement: 0.0580186
26: 1120  label: -1 pred: 0.763048 bl: 0.64785 IMP error_pred: 0.458128 error_bl: 0.514505 improvement: 0.0563766
27: 852  label: -1 pred: 0.10983 bl: 0.35825 POSS error_pred: 0.102901 error_bl: 0.157088 improvement: 0.0541872
28: 2390  label: -1 pred: 0.436039 bl: 0.4546 POSS error_pred: 0.200876 error_bl: 0.255063 improvement: 0.0541872
29: 1996  label: -1 pred: 0.597721 bl: 0.52155 IMP error_pred: 0.285714 error_bl: 0.339901 improvement: 0.0541872
30: 171  label: 1 pred: -0.827488 bl: -0.28235 POSS error_pred: 0.624893 error_bl: 0.678602 improvement: 0.0537084
31: 1394  label: -1 pred: 0.335195 bl: 0.409 POSS error_pred: 0.154899 error_bl: 0.205255 improvement: 0.0503558
32: 793  label: 1 pred: -0.366483 bl: 0.0594 POSS error_pred: 0.29497 error_bl: 0.344416 improvement: 0.0494459
33: 2345  label: -1 pred: 0.0916658 bl: 0.3508 POSS error_pred: 0.101259 error_bl: 0.150246 improvement: 0.0489874
34: 2426  label: 1 pred: -0.901044 bl: -0.36255 IMP error_pred: 0.700767 error_bl: 0.749361 improvement: 0.0485933
35: 2522  label: -1 pred: 0.247811 bl: 0.38295 POSS error_pred: 0.132458 error_bl: 0.180077 improvement: 0.047619
36: 2008  label: -1 pred: 0.969136 bl: 0.9341 IMP error_pred: 0.851122 error_bl: 0.897646 improvement: 0.0465243
37: 802  label: -1 pred: 0.847886 bl: 0.74075 IMP error_pred: 0.605911 error_bl: 0.651888 improvement: 0.0459771
38: 286  label: -1 pred: 0.188 bl: 0.3708 POSS error_pred: 0.120963 error_bl: 0.16694 improvement: 0.045977
39: 883  label: 1 pred: -0.567845 bl: -0.04605 POSS error_pred: 0.398977 error_bl: 0.442455 improvement: 0.0434783
40: 2970  label: -1 pred: 0.518358 bl: 0.4797 IMP error_pred: 0.242474 error_bl: 0.285714 improvement: 0.0432403
41: 898  label: -1 pred: 0.011357 bl: 0.3132 POSS error_pred: 0.0848385 error_bl: 0.126437 improvement: 0.0415983
42: 1061  label: -1 pred: -0.267585 bl: 0.24895 POSS error_pred: 0.0492611 error_bl: 0.0892173 improvement: 0.0399562
43: 1985  label: -1 pred: 0.288574 bl: 0.3835 POSS error_pred: 0.141215 error_bl: 0.181171 improvement: 0.0399562
44: 2547  label: 1 pred: -0.641592 bl: -0.08315 POSS error_pred: 0.439898 error_bl: 0.47954 improvement: 0.0396419
45: 814  label: 1 pred: 0.364256 bl: 0.3338 AUTO error_pred: 0.102302 error_bl: 0.141517 improvement: 0.0392157
46: 1357  label: 1 pred: -0.155353 bl: 0.139 AUTO error_pred: 0.234442 error_bl: 0.273657 improvement: 0.0392157
47: 1493  label: 1 pred: -0.154867 bl: 0.1413 POSS error_pred: 0.234442 error_bl: 0.272805 improvement: 0.0383632
48: 2035  label: -1 pred: 0.856055 bl: 0.74805 IMP error_pred: 0.622332 error_bl: 0.660098 improvement: 0.0377668
49: 2014  label: 1 pred: -0.443219 bl: 0.03815 POSS error_pred: 0.329071 error_bl: 0.366581 improvement: 0.0375107

total is 0
score for UNKNOWN: 1.0000 baseline: 1.0000 diff: 0.0000
total is 1792
score for AUTO: 0.0000 baseline: 0.0000 diff: 0.0000
total is 1046
score for POSS: 0.1856 baseline: 0.1814 diff: 0.0042
total is 162
score for IMP: 1.0000 baseline: 1.0000 diff: 0.0000
writing 15000 official test outputs

0%   10   20   30   40   50   60   70   80   90   100%
|----|----|----|----|----|----|----|----|----|----|
***************************************************
scores: [ 0.0584918 ]
0.0585 +/-    nan
4037.28user 266.11system 25:31.64elapsed 280%CPU (0avgtext+0avgdata 0maxresident)k
0inputs+336outputs (0major+103532953minor)pagefaults 0swaps
