loading data...Twoway_Layer::random_fill(): limit = 0.141421 ni = 50 no = 50
Twoway_Layer::random_fill(): limit = 0.141421 ni = 50 no = 1
iter  ---- train ----  ---- test -----
         rmse     auc     rmse     auc
   0  0.66320 0.00000  0.51842 0.00000
   1  0.48338 0.00000  0.47054 0.00000
   2  0.46866 0.00000  0.46166 0.00000
   3  0.45049 0.00000  0.45882 0.00000
   4  0.45876 0.00000  0.45781 0.00000
   5  0.46455 0.00000  0.45699 0.00000
   6  0.46208 0.00000  0.45638 0.00000
   7  0.45819 0.00000  0.45588 0.00000
   8  0.45974 0.00000  0.45539 0.00000
   9  0.44974 0.00000  0.45491 0.00000
  10  0.45321 0.00000  0.45447 0.00000
  11  0.46306 0.00000  0.45408 0.00000
  12  0.45080 0.00000  0.45365 0.00000
  13  0.45235 0.00000  0.45330 0.00000
  14  0.45124 0.00000  0.45289 0.00000
  15  0.45528 0.00000  0.45252 0.00000
  16  0.45380 0.00000  0.45217 0.00000
  17  0.45667 0.00000  0.45182 0.00000
  18  0.45520 0.00000  0.45150 0.00000
  19  0.44753 0.00000  0.45123 0.00000
  20  0.45079 0.00000  0.45093 0.00000
  21  0.44590 0.00000  0.45065 0.00000
  22  0.44512 0.00000  0.45039 0.00000
  23  0.43864 0.00000  0.45012 0.00000
  24  0.44750 0.00000  0.44986 0.00000
  25  0.44760 0.00000  0.44963 0.00000
  26  0.45440 0.00000  0.44942 0.00000
  27  0.44538 0.00000  0.44921 0.00000
  28  0.43739 0.00000  0.44898 0.00000
  29  0.45283 0.00000  0.44877 0.00000
  30  0.44015 0.00000  0.44860 0.00000
  31  0.44980 0.00000  0.44836 0.00000
  32  0.44981 0.00000  0.44818 0.00000
  33  0.43786 0.00000  0.44798 0.00000
  34  0.44461 0.00000  0.44781 0.00000
  35  0.45269 0.00000  0.44767 0.00000
  36  0.44689 0.00000  0.44753 0.00000
  37  0.44621 0.00000  0.44741 0.00000
  38  0.44399 0.00000  0.44722 0.00000
  39  0.43998 0.00000  0.44708 0.00000
  40  0.44193 0.00000  0.44701 0.00000
  41  0.43285 0.00000  0.44689 0.00000
  42  0.45090 0.00000  0.44682 0.00000
  43  0.43558 0.00000  0.44666 0.00000
  44  0.45394 0.00000  0.44664 0.00000
  45  0.44209 0.00000  0.44644 0.00000
  46  0.44286 0.00000  0.44635 0.00000
  47  0.45277 0.00000  0.44628 0.00000
  48  0.43735 0.00000  0.44612 0.00000
  49  0.45572 0.00000  0.44602 0.00000
  50  0.45014 0.00000  0.44589 0.00000
  51  0.44184 0.00000  0.44586 0.00000
  52  0.44897 0.00000  0.44578 0.00000
  53  0.45386 0.00000  0.44582 0.00000
  54  0.42593 0.00000  0.44563 0.00000
  55  0.44921 0.00000  0.44553 0.00000
  56  0.45234 0.00000  0.44539 0.00000
  57  0.44587 0.00000  0.44535 0.00000
  58  0.45062 0.00000  0.44536 0.00000
  59  0.43932 0.00000  0.44527 0.00000
  60  0.43764 0.00000  0.44509 0.00000
  61  0.44056 0.00000  0.44500 0.00000
  62  0.45089 0.00000  0.44494 0.00000
  63  0.44020 0.00000  0.44481 0.00000
  64  0.44869 0.00000  0.44477 0.00000
  65  0.43962 0.00000  0.44479 0.00000
  66  0.45032 0.00000  0.44472 0.00000
  67  0.44348 0.00000  0.44458 0.00000
  68  0.43679 0.00000  0.44466 0.00000
  69  0.44653 0.00000  0.44468 0.00000
  70  0.44044 0.00000  0.44452 0.00000
  71  0.44526 0.00000  0.44455 0.00000
  72  0.44458 0.00000  0.44449 0.00000
  73  0.43502 0.00000  0.44440 0.00000
  74  0.43961 0.00000  0.44443 0.00000
  75  0.44373 0.00000  0.44438 0.00000
  76  0.45375 0.00000  0.44443 0.00000
  77  0.43549 0.00000  0.44435 0.00000
  78  0.44811 0.00000  0.44430 0.00000
  79  0.43991 0.00000  0.44424 0.00000
  80  0.44143 0.00000  0.44424 0.00000
  81  0.45621 0.00000  0.44432 0.00000
  82  0.44535 0.00000  0.44421 0.00000
  83  0.45254 0.00000  0.44421 0.00000
  84  0.44946 0.00000  0.44419 0.00000
  85  0.44161 0.00000  0.44402 0.00000
  86  0.43561 0.00000  0.44402 0.00000
  87  0.43747 0.00000  0.44402 0.00000
  88  0.45163 0.00000  0.44411 0.00000
  89  0.45477 0.00000  0.44408 0.00000
  90  0.44501 0.00000  0.44408 0.00000
  91  0.44317 0.00000  0.44395 0.00000
  92  0.43500 0.00000  0.44394 0.00000
  93  0.43985 0.00000  0.44393 0.00000
  94  0.42693 0.00000  0.44393 0.00000
  95  0.45535 0.00000  0.44393 0.00000
  96  0.45028 0.00000  0.44390 0.00000
  97  0.44354 0.00000  0.44384 0.00000
  98  0.45308 0.00000  0.44383 0.00000
  99  0.43568 0.00000  0.44379 0.00000
 100  0.44926 0.00000  0.44375 0.00000
 101  0.44821 0.00000  0.44384 0.00000
 102  0.44200 0.00000  0.44380 0.00000
 103  0.44755 0.00000  0.44382 0.00000
 104  0.44195 0.00000  0.44386 0.00000
 105  0.44311 0.00000  0.44383 0.00000
 106  0.44807 0.00000  0.44392 0.00000
 107  0.43836 0.00000  0.44396 0.00000
 108  0.44670 0.00000  0.44404 0.00000
 109  0.44001 0.00000  0.44398 0.00000
 110  0.44016 0.00000  0.44402 0.00000
 111  0.44228 0.00000  0.44395 0.00000
 112  0.44224 0.00000  0.44381 0.00000
 113  0.44532 0.00000  0.44377 0.00000
 114  0.43633 0.00000  0.44379 0.00000
 115  0.43575 0.00000  0.44386 0.00000
 116  0.44338 0.00000  0.44395 0.00000
 117  0.44226 0.00000  0.44386 0.00000
 118  0.44569 0.00000  0.44392 0.00000
 119  0.44086 0.00000  0.44402 0.00000
 120  0.44440 0.00000  0.44404 0.00000
 121  0.43286 0.00000  0.44393 0.00000
 122  0.44412 0.00000  0.44392 0.00000
 123  0.43252 0.00000  0.44378 0.00000
 124  0.43971 0.00000  0.44374 0.00000
 125  0.45041 0.00000  0.44390 0.00000
 126  0.44547 0.00000  0.44389 0.00000
 127  0.44206 0.00000  0.44405 0.00000
 128  0.44561 0.00000  0.44403 0.00000
 129  0.43524 0.00000  0.44406 0.00000
 130  0.44808 0.00000  0.44408 0.00000
 131  0.44442 0.00000  0.44409 0.00000
 132  0.44257 0.00000  0.44423 0.00000
 133  0.44462 0.00000  0.44427 0.00000
 134  0.44696 0.00000  0.44412 0.00000
 135  0.44336 0.00000  0.44397 0.00000
 136  0.44686 0.00000  0.44413 0.00000
 137  0.44007 0.00000  0.44411 0.00000
 138  0.44118 0.00000  0.44402 0.00000
 139  0.43898 0.00000  0.44389 0.00000
 140  0.44105 0.00000  0.44404 0.00000
 141  0.43723 0.00000  0.44399 0.00000
 142  0.44766 0.00000  0.44400 0.00000
 143  0.43866 0.00000  0.44402 0.00000
 144  0.43762 0.00000  0.44395 0.00000
 145  0.43544 0.00000  0.44391 0.00000
 146  0.44460 0.00000  0.44393 0.00000
 147  0.45308 0.00000  0.44390 0.00000
 148  0.44739 0.00000  0.44385 0.00000
 149  0.44531 0.00000  0.44382 0.00000
 150  0.44058 0.00000  0.44383 0.00000
 151  0.45007 0.00000  0.44383 0.00000
 152  0.43889 0.00000  0.44398 0.00000
 153  0.43403 0.00000  0.44393 0.00000
 154  0.43958 0.00000  0.44402 0.00000
 155  0.44693 0.00000  0.44407 0.00000
 156  0.44966 0.00000  0.44422 0.00000
 157  0.44049 0.00000  0.44421 0.00000
 158  0.44817 0.00000  0.44416 0.00000
 159  0.43742 0.00000  0.44413 0.00000
 160  0.44349 0.00000  0.44407 0.00000
 161  0.44742 0.00000  0.44396 0.00000
 162  0.44828 0.00000  0.44402 0.00000
 163  0.45047 0.00000  0.44394 0.00000
 164  0.44720 0.00000  0.44395 0.00000
 165  0.45957 0.00000  0.44412 0.00000
 166  0.45385 0.00000  0.44405 0.00000
 167  0.44027 0.00000  0.44396 0.00000
 168  0.45306 0.00000  0.44407 0.00000
 169  0.43400 0.00000  0.44401 0.00000
 170  0.44552 0.00000  0.44400 0.00000
 171  0.44458 0.00000  0.44399 0.00000
 172  0.44785 0.00000  0.44401 0.00000
 173  0.44348 0.00000  0.44390 0.00000
 174  0.44166 0.00000  0.44395 0.00000
 175  0.44838 0.00000  0.44397 0.00000
 176  0.44023 0.00000  0.44395 0.00000
 177  0.44655 0.00000  0.44401 0.00000
 178  0.44004 0.00000  0.44397 0.00000
 179  0.44099 0.00000  0.44411 0.00000
 180  0.44287 0.00000  0.44403 0.00000
 181  0.44417 0.00000  0.44404 0.00000
 182  0.45431 0.00000  0.44410 0.00000
 183  0.44740 0.00000  0.44407 0.00000
 184  0.43820 0.00000  0.44409 0.00000
 185  0.44579 0.00000  0.44406 0.00000
 186  0.43965 0.00000  0.44398 0.00000
 187  0.44313 0.00000  0.44402 0.00000
 188  0.44345 0.00000  0.44391 0.00000
 189  0.44660 0.00000  0.44393 0.00000
 190  0.44511 0.00000  0.44399 0.00000
 191  0.44952 0.00000  0.44405 0.00000
 192  0.44332 0.00000  0.44412 0.00000
 193  0.45545 0.00000  0.44416 0.00000
 194  0.44945 0.00000  0.44413 0.00000
 195  0.44380 0.00000  0.44416 0.00000
 196  0.44128 0.00000  0.44420 0.00000
 197  0.44611 0.00000  0.44422 0.00000
 198  0.44501 0.00000  0.44418 0.00000
 199  0.44655 0.00000  0.44414 0.00000
 200  0.45479 0.00000  0.44402 0.00000
 201  0.44794 0.00000  0.44393 0.00000
 202  0.42845 0.00000  0.44402 0.00000
 203  0.43904 0.00000  0.44396 0.00000
 204  0.44434 0.00000  0.44394 0.00000
 205  0.43460 0.00000  0.44390 0.00000
 206  0.44312 0.00000  0.44398 0.00000
 207  0.43125 0.00000  0.44386 0.00000
 208  0.44675 0.00000  0.44393 0.00000
 209  0.44817 0.00000  0.44398 0.00000
 210  0.43923 0.00000  0.44398 0.00000
 211  0.44435 0.00000  0.44391 0.00000
 212  0.44513 0.00000  0.44398 0.00000
 213  0.44410 0.00000  0.44396 0.00000
 214  0.44227 0.00000  0.44399 0.00000
 215  0.45058 0.00000  0.44408 0.00000
 216  0.44482 0.00000  0.44410 0.00000
 217  0.43565 0.00000  0.44415 0.00000
 218  0.44271 0.00000  0.44414 0.00000
 219  0.43880 0.00000  0.44412 0.00000
 220  0.43975 0.00000  0.44414 0.00000
 221  0.45330 0.00000  0.44427 0.00000
 222  0.44594 0.00000  0.44428 0.00000
 223  0.43676 0.00000  0.44427 0.00000
 224  0.43072 0.00000  0.44418 0.00000
 225  0.43855 0.00000  0.44428 0.00000
 226  0.44644 0.00000  0.44428 0.00000
 227  0.44595 0.00000  0.44431 0.00000
 228  0.44563 0.00000  0.44438 0.00000
 229  0.45126 0.00000  0.44427 0.00000
 230  0.45302 0.00000  0.44427 0.00000
 231  0.44496 0.00000  0.44424 0.00000
 232  0.44171 0.00000  0.44423 0.00000
 233  0.43961 0.00000  0.44425 0.00000
 234  0.46212 0.00000  0.44431 0.00000
 235  0.43352 0.00000  0.44424 0.00000
 236  0.44398 0.00000  0.44415 0.00000
 237  0.44632 0.00000  0.44417 0.00000
 238  0.45337 0.00000  0.44416 0.00000
 239  0.44795 0.00000  0.44432 0.00000
 240  0.43994 0.00000  0.44422 0.00000
 241  0.44297 0.00000  0.44426 0.00000
 242  0.44388 0.00000  0.44425 0.00000
 243  0.43533 0.00000  0.44435 0.00000
 244  0.44632 0.00000  0.44446 0.00000
 245  0.43944 0.00000  0.44452 0.00000
 246  0.45186 0.00000  0.44456 0.00000
 247  0.42510 0.00000  0.44453 0.00000
 248  0.43435 0.00000  0.44460 0.00000
 249  0.44123 0.00000  0.44459 0.00000
 250  0.44919 0.00000  0.44449 0.00000
 251  0.43525 0.00000  0.44447 0.00000
 252  0.44432 0.00000  0.44447 0.00000
 253  0.44460 0.00000  0.44452 0.00000
 254  0.44316 0.00000  0.44451 0.00000
 255  0.43943 0.00000  0.44447 0.00000
 256  0.43772 0.00000  0.44449 0.00000
 257  0.44125 0.00000  0.44451 0.00000
 258  0.44541 0.00000  0.44450 0.00000
 259  0.43623 0.00000  0.44437 0.00000
 260  0.45229 0.00000  0.44429 0.00000
 261  0.44319 0.00000  0.44426 0.00000
 262  0.43632 0.00000  0.44436 0.00000
 263  0.44818 0.00000  0.44433 0.00000
 264  0.45621 0.00000  0.44434 0.00000
 265  0.43909 0.00000  0.44427 0.00000
 266  0.44750 0.00000  0.44419 0.00000
 267  0.44934 0.00000  0.44414 0.00000
 268  0.44023 0.00000  0.44412 0.00000
 269  0.44709 0.00000  0.44413 0.00000
 270  0.44281 0.00000  0.44408 0.00000
 271  0.44648 0.00000  0.44411 0.00000
 272  0.44462 0.00000  0.44413 0.00000
 273  0.45183 0.00000  0.44426 0.00000
 274  0.44666 0.00000  0.44423 0.00000
 275  0.44176 0.00000  0.44428 0.00000
 276  0.45005 0.00000  0.44428 0.00000
 277  0.44512 0.00000  0.44420 0.00000
 278  0.44438 0.00000  0.44410 0.00000
 279  0.43895 0.00000  0.44408 0.00000
 280  0.44389 0.00000  0.44408 0.00000
 281  0.45678 0.00000  0.44419 0.00000
 282  0.44412 0.00000  0.44423 0.00000
 283  0.44827 0.00000  0.44417 0.00000
 284  0.43975 0.00000  0.44417 0.00000
 285  0.43749 0.00000  0.44411 0.00000
 286  0.44777 0.00000  0.44415 0.00000
 287  0.43615 0.00000  0.44406 0.00000
 288  0.45156 0.00000  0.44414 0.00000
 289  0.44697 0.00000  0.44414 0.00000
 290  0.44306 0.00000  0.44413 0.00000
 291  0.44393 0.00000  0.44408 0.00000
 292  0.45620 0.00000  0.44416 0.00000
 293  0.43919 0.00000  0.44413 0.00000
 294  0.44884 0.00000  0.44415 0.00000
 295  0.44474 0.00000  0.44420 0.00000
 296  0.44205 0.00000  0.44422 0.00000
 297  0.45080 0.00000  0.44429 0.00000
 298  0.43147 0.00000  0.44431 0.00000
 299  0.44591 0.00000  0.44411 0.00000
 300  0.44195 0.00000  0.44416 0.00000
 301  0.43890 0.00000  0.44421 0.00000
 302  0.43903 0.00000  0.44430 0.00000
 303  0.43975 0.00000  0.44433 0.00000
 304  0.43168 0.00000  0.44422 0.00000
 305  0.44130 0.00000  0.44418 0.00000
 306  0.45183 0.00000  0.44432 0.00000
 307  0.43921 0.00000  0.44431 0.00000
 308  0.43189 0.00000  0.44429 0.00000
 309  0.44526 0.00000  0.44422 0.00000
 310  0.44250 0.00000  0.44419 0.00000
 311  0.44749 0.00000  0.44411 0.00000
 312  0.45464 0.00000  0.44419 0.00000
 313  0.43822 0.00000  0.44415 0.00000
 314  0.43319 0.00000  0.44425 0.00000
 315  0.44774 0.00000  0.44430 0.00000
 316  0.44058 0.00000  0.44419 0.00000
 317  0.45572 0.00000  0.44415 0.00000
 318  0.44377 0.00000  0.44416 0.00000
 319  0.45237 0.00000  0.44430 0.00000
 320  0.44624 0.00000  0.44424 0.00000
 321  0.44636 0.00000  0.44425 0.00000
 322  0.45510 0.00000  0.44424 0.00000
 323  0.44684 0.00000  0.44409 0.00000
 324  0.44525 0.00000  0.44416 0.00000
 325  0.43891 0.00000  0.44408 0.00000
 326  0.43581 0.00000  0.44417 0.00000
 327  0.44487 0.00000  0.44419 0.00000
 328  0.44214 0.00000  0.44418 0.00000
 329  0.44553 0.00000  0.44423 0.00000
 330  0.45259 0.00000  0.44422 0.00000
 331  0.44614 0.00000  0.44426 0.00000
 332  0.44739 0.00000  0.44419 0.00000
 333  0.44174 0.00000  0.44417 0.00000
 334  0.44716 0.00000  0.44416 0.00000
 335  0.43294 0.00000  0.44414 0.00000
 336  0.43685 0.00000  0.44420 0.00000
 337  0.44665 0.00000  0.44427 0.00000
 338  0.45256 0.00000  0.44437 0.00000
 339  0.44037 0.00000  0.44432 0.00000
 340  0.43517 0.00000  0.44421 0.00000
 341  0.43132 0.00000  0.44431 0.00000
 342  0.45525 0.00000  0.44440 0.00000
 343  0.45141 0.00000  0.44443 0.00000
 344  0.43775 0.00000  0.44431 0.00000
 345  0.43814 0.00000  0.44429 0.00000
 346  0.43835 0.00000  0.44425 0.00000
 347  0.44533 0.00000  0.44425 0.00000
 348  0.44233 0.00000  0.44437 0.00000
 349  0.44429 0.00000  0.44437 0.00000
 350  0.44566 0.00000  0.44454 0.00000
 351  0.43116 0.00000  0.44452 0.00000
 352  0.43519 0.00000  0.44441 0.00000
 353  0.45358 0.00000  0.44444 0.00000
 354  0.44523 0.00000  0.44438 0.00000
 355  0.44862 0.00000  0.44437 0.00000
 356  0.43823 0.00000  0.44439 0.00000
 357  0.44997 0.00000  0.44441 0.00000
 358  0.44612 0.00000  0.44448 0.00000
 359  0.44990 0.00000  0.44454 0.00000
 360  0.43957 0.00000  0.44454 0.00000
 361  0.43520 0.00000  0.44451 0.00000
 362  0.44790 0.00000  0.44460 0.00000
 363  0.44488 0.00000  0.44452 0.00000
 364  0.44486 0.00000  0.44455 0.00000
 365  0.43550 0.00000  0.44444 0.00000
 366  0.44042 0.00000  0.44452 0.00000
 367  0.44211 0.00000  0.44453 0.00000
 368  0.44764 0.00000  0.44452 0.00000
 369  0.44644 0.00000  0.44451 0.00000
 370  0.44536 0.00000  0.44455 0.00000
 371  0.45125 0.00000  0.44441 0.00000
 372  0.44554 0.00000  0.44438 0.00000
 373  0.44832 0.00000  0.44446 0.00000
 374  0.44644 0.00000  0.44455 0.00000
 375  0.44169 0.00000  0.44447 0.00000
 376  0.44670 0.00000  0.44439 0.00000
 377  0.43990 0.00000  0.44445 0.00000
 378  0.45219 0.00000  0.44455 0.00000
 379  0.43951 0.00000  0.44455 0.00000
 380  0.43722 0.00000  0.44445 0.00000
 381  0.43319 0.00000  0.44452 0.00000
 382  0.45491 0.00000  0.44467 0.00000
 383  0.43831 0.00000  0.44468 0.00000
 384  0.43740 0.00000  0.44465 0.00000
 385  0.44731 0.00000  0.44464 0.00000
 386  0.44246 0.00000  0.44460 0.00000
 387  0.45424 0.00000  0.44461 0.00000
 388  0.45015 0.00000  0.44462 0.00000
 389  0.44315 0.00000  0.44455 0.00000
 390  0.45455 0.00000  0.44456 0.00000
 391  0.44571 0.00000  0.44447 0.00000
 392  0.43598 0.00000  0.44452 0.00000
 393  0.43771 0.00000  0.44455 0.00000
 394  0.43083 0.00000  0.44457 0.00000
 395  0.44035 0.00000  0.44451 0.00000
 396  0.44347 0.00000  0.44434 0.00000
 397  0.44041 0.00000  0.44434 0.00000
 398  0.45230 0.00000  0.44437 0.00000
 399  0.43651 0.00000  0.44446 0.00000
 400  0.44981 0.00000  0.44441 0.00000
 401  0.43869 0.00000  0.44447 0.00000
 402  0.43729 0.00000  0.44451 0.00000
 403  0.43890 0.00000  0.44442 0.00000
 404  0.43917 0.00000  0.44441 0.00000
 405  0.44325 0.00000  0.44439 0.00000
 406  0.45020 0.00000  0.44433 0.00000
 407  0.44983 0.00000  0.44435 0.00000
 408  0.43997 0.00000  0.44424 0.00000
 409  0.43996 0.00000  0.44424 0.00000
 410  0.44781 0.00000  0.44430 0.00000
 411  0.45378 0.00000  0.44437 0.00000
 412  0.45159 0.00000  0.44431 0.00000
 413  0.44652 0.00000  0.44447 0.00000
 414  0.44824 0.00000  0.44429 0.00000
 415  0.45342 0.00000  0.44446 0.00000
 416  0.44779 0.00000  0.44436 0.00000
 417  0.43979 0.00000  0.44436 0.00000
 418  0.45175 0.00000  0.44435 0.00000
 419  0.45260 0.00000  0.44454 0.00000
 420  0.44352 0.00000  0.44455 0.00000
 421  0.44436 0.00000  0.44459 0.00000
 422  0.43909 0.00000  0.44454 0.00000
 423  0.43333 0.00000  0.44436 0.00000
 424  0.44476 0.00000  0.44425 0.00000
 425  0.45040 0.00000  0.44434 0.00000
 426  0.43069 0.00000  0.44428 0.00000
 427  0.43986 0.00000  0.44432 0.00000
 428  0.43967 0.00000  0.44427 0.00000
 429  0.44101 0.00000  0.44430 0.00000
 430  0.45351 0.00000  0.44453 0.00000
 431  0.43274 0.00000  0.44451 0.00000
 432  0.44437 0.00000  0.44442 0.00000
 433  0.44596 0.00000  0.44442 0.00000
 434  0.44672 0.00000  0.44453 0.00000
 435  0.45404 0.00000  0.44459 0.00000
 436  0.45425 0.00000  0.44474 0.00000
 437  0.43800 0.00000  0.44464 0.00000
 438  0.44762 0.00000  0.44453 0.00000
 439  0.44832 0.00000  0.44453 0.00000
 440  0.45831 0.00000  0.44441 0.00000
 441  0.44969 0.00000  0.44454 0.00000
 442  0.44881 0.00000  0.44452 0.00000
 443  0.44940 0.00000  0.44453 0.00000
 444  0.45141 0.00000  0.44442 0.00000
 445  0.45121 0.00000  0.44456 0.00000
 446  0.45011 0.00000  0.44451 0.00000
 447  0.44367 0.00000  0.44450 0.00000
 448  0.45248 0.00000  0.44451 0.00000
 449  0.44583 0.00000  0.44461 0.00000
 450  0.43567 0.00000  0.44451 0.00000
 451  0.44042 0.00000  0.44440 0.00000
 452  0.44275 0.00000  0.44429 0.00000
 453  0.43695 0.00000  0.44427 0.00000
 454  0.45089 0.00000  0.44439 0.00000
 455  0.43631 0.00000  0.44427 0.00000
 456  0.43377 0.00000  0.44426 0.00000
 457  0.44187 0.00000  0.44431 0.00000
 458  0.44808 0.00000  0.44427 0.00000
 459  0.45673 0.00000  0.44433 0.00000
 460  0.44296 0.00000  0.44432 0.00000
 461  0.44946 0.00000  0.44433 0.00000
 462  0.44861 0.00000  0.44432 0.00000
 463  0.43917 0.00000  0.44435 0.00000
 464  0.43171 0.00000  0.44418 0.00000
 465  0.44161 0.00000  0.44414 0.00000
 466  0.44043 0.00000  0.44416 0.00000
 467  0.45183 0.00000  0.44433 0.00000
 468  0.44199 0.00000  0.44434 0.00000
 469  0.43608 0.00000  0.44446 0.00000
 470  0.44704 0.00000  0.44449 0.00000
 471  0.44051 0.00000  0.44449 0.00000
 472  0.44739 0.00000  0.44455 0.00000
 473  0.44287 0.00000  0.44454 0.00000
 474  0.44251 0.00000  0.44440 0.00000
 475  0.45208 0.00000  0.44438 0.00000
 476  0.44109 0.00000  0.44430 0.00000
 477  0.45243 0.00000  0.44431 0.00000
 478  0.44609 0.00000  0.44424 0.00000
 479  0.44768 0.00000  0.44422 0.00000
 480  0.44788 0.00000  0.44439 0.00000
 481  0.44714 0.00000  0.44449 0.00000
 482  0.44400 0.00000  0.44434 0.00000
 483  0.44755 0.00000  0.44438 0.00000
 484  0.43779 0.00000  0.44430 0.00000
 485  0.44557 0.00000  0.44427 0.00000
 486  0.44466 0.00000  0.44434 0.00000
 487  0.44293 0.00000  0.44436 0.00000
 488  0.44151 0.00000  0.44442 0.00000
 489  0.44002 0.00000  0.44449 0.00000
 490  0.44468 0.00000  0.44456 0.00000
 491  0.44687 0.00000  0.44451 0.00000
 492  0.43201 0.00000  0.44446 0.00000
 493  0.44741 0.00000  0.44455 0.00000
 494  0.44432 0.00000  0.44451 0.00000
 495  0.45102 0.00000  0.44451 0.00000
 496  0.44332 0.00000  0.44456 0.00000
 497  0.43925 0.00000  0.44477 0.00000
 498  0.43538 0.00000  0.44484 0.00000
 499  0.44582 0.00000  0.44460 0.00000
chose model 1034 L_rmse_1035
chose model 261 L_rmse_262
chose model 135 L_rmse_136
chose model 1106 L_rmse_1107
chose model 741 L_rmse_742
chose model 878 L_rmse_879
chose model 0 L_rmse_1
chose model 307 L_rmse_308
chose model 1150 L_rmse_1151
chose model 86 L_rmse_87
processing 10000 predictions...

0%   10   20   30   40   50   60   70   80   90   100%
|----|----|----|----|----|----|----|----|----|----|
***************************************************
 done.
elapsed: [7360.66s cpu, 5431593.8581 mticks, 2032.23s wall]
score: 0.4495  baseline: 0.4419  diff: 0.00755
category UNKNOWN: count 0 avg error 0 baseline avg error 0 avg improvement 0
category AUTO: count 3291 avg error 0.0214681 baseline avg error 0.0190967 avg improvement -0.00237133
category POSS: count 6143 avg error 0.208909 baseline avg error 0.198165 avg improvement -0.0107445
category IMP: count 566 avg error 1.17699 baseline avg error 1.18856 avg improvement 0.0115737
overall: count 10000 avg error 0.202016 baseline avg error 0.19529 avg improvement -0.00672568
worst entries: 
0: 7658  label: -1 pred: 0.604805 bl: 0.4307 IMP error_pred: 2.5754 error_bl: 2.0469 improvement: -0.528497
    min: 0.1395  max: 1 avg: 0.64067
explanation: 
no explanation

1: 2522  label: -1 pred: -0.200886 bl: -0.5147 POSS error_pred: 0.638583 error_bl: 0.235516 improvement: -0.403067
    min: -1  max: 0.5815 avg: -0.192833
explanation: 
no explanation

2: 8386  label: 1 pred: -0.0920704 bl: 0.08455 POSS error_pred: 1.19262 error_bl: 0.838049 improvement: -0.354569
    min: -0.8545  max: 0.509 avg: -0.092391
explanation: 
no explanation

3: 3381  label: -1 pred: 0.239465 bl: 0.0878 IMP error_pred: 1.53627 error_bl: 1.18331 improvement: -0.352963
    min: -0.349  max: 0.7125 avg: 0.251151
explanation: 
no explanation

4: 3052  label: -0.5 pred: 0.176234 bl: -0.1758 POSS error_pred: 0.457292 error_bl: 0.105106 improvement: -0.352186
    min: -0.9655  max: 0.802 avg: 0.181879
explanation: 
no explanation

5: 1890  label: -1 pred: 0.212282 bl: 0.05995 IMP error_pred: 1.46963 error_bl: 1.12349 improvement: -0.346133
    min: -0.2325  max: 0.754 avg: 0.221467
explanation: 
no explanation

6: 3135  label: -1 pred: -0.171257 bl: -0.41045 POSS error_pred: 0.686815 error_bl: 0.347569 improvement: -0.339246
    min: -0.706  max: 0.3595 avg: -0.158644
explanation: 
no explanation

7: 5263  label: -1 pred: -0.0192148 bl: -0.2105 POSS error_pred: 0.96194 error_bl: 0.62331 improvement: -0.338629
    min: -0.7695  max: 0.79 avg: 0.00212076
explanation: 
no explanation

8: 8391  label: -1 pred: 0.298916 bl: 0.16505 POSS error_pred: 1.68718 error_bl: 1.35734 improvement: -0.329842
    min: -0.5615  max: 0.82 avg: 0.298011
explanation: 
no explanation

9: 5302  label: -1 pred: -0.400697 bl: -0.8249 POSS error_pred: 0.359164 error_bl: 0.03066 improvement: -0.328504
    min: -1  max: 0.416 avg: -0.556227
explanation: 
no explanation

10: 9601  label: -1 pred: -0.326684 bl: -0.63335 POSS error_pred: 0.453355 error_bl: 0.134432 improvement: -0.318923
    min: -1  max: 0.127 avg: -0.396693
explanation: 
no explanation

11: 5747  label: -1 pred: -0.20106 bl: -0.42945 POSS error_pred: 0.638305 error_bl: 0.325527 improvement: -0.312778
    min: -0.78  max: 0.4515 avg: -0.204076
explanation: 
no explanation

12: 5503  label: -1 pred: -0.373074 bl: -0.7149 POSS error_pred: 0.393037 error_bl: 0.081282 improvement: -0.311755
    min: -0.9505  max: 0.006 avg: -0.497811
explanation: 
no explanation

13: 7560  label: -1 pred: -0.416318 bl: -0.82075 POSS error_pred: 0.340685 error_bl: 0.0321306 improvement: -0.308554
    min: -1  max: 0.136 avg: -0.60134
explanation: 
no explanation

14: 5525  label: -1 pred: -0.402485 bl: -0.7716 POSS error_pred: 0.357024 error_bl: 0.0521666 improvement: -0.304857
    min: -1  max: 0.7905 avg: -0.573749
explanation: 
no explanation

15: 9795  label: -1 pred: -0.301229 bl: -0.56575 POSS error_pred: 0.488281 error_bl: 0.188573 improvement: -0.299708
    min: -0.709  max: 0.2735 avg: -0.359531
explanation: 
no explanation

16: 4792  label: -1 pred: -0.353652 bl: -0.6552 POSS error_pred: 0.417766 error_bl: 0.118887 improvement: -0.298879
    min: -0.913  max: 0.027 avg: -0.454885
explanation: 
no explanation

17: 4128  label: -1 pred: -0.440953 bl: -0.86825 POSS error_pred: 0.312534 error_bl: 0.0173581 improvement: -0.295176
    min: -1  max: 0.155 avg: -0.683704
explanation: 
no explanation

18: 5549  label: -1 pred: -0.442227 bl: -0.87355 POSS error_pred: 0.311111 error_bl: 0.0159896 improvement: -0.295121
    min: -1  max: -0.1595 avg: -0.689729
explanation: 
no explanation

19: 7425  label: -1 pred: 0.0134145 bl: -0.14355 IMP error_pred: 1.02701 error_bl: 0.733507 improvement: -0.293502
    min: -0.4945  max: 0.466 avg: 0.0421229
explanation: 
no explanation

20: 3558  label: -1 pred: 0.142661 bl: 0.0067 IMP error_pred: 1.30567 error_bl: 1.01345 improvement: -0.292228
    min: -0.3655  max: 0.6725 avg: 0.160916
explanation: 
no explanation

21: 9343  label: -1 pred: 0.0560336 bl: -0.09215 IMP error_pred: 1.11521 error_bl: 0.824192 improvement: -0.291015
    min: -0.484  max: 0.657 avg: 0.0881686
explanation: 
no explanation

22: 976  label: -1 pred: -0.457257 bl: -0.93515 POSS error_pred: 0.294569 error_bl: 0.00420552 improvement: -0.290364
    min: -1  max: 0.9745 avg: -0.740206
explanation: 
no explanation

23: 9765  label: -1 pred: -0.382054 bl: -0.6971 POSS error_pred: 0.381857 error_bl: 0.0917484 improvement: -0.290109
    min: -0.972  max: -0.006 avg: -0.521047
explanation: 
no explanation

24: 1315  label: -1 pred: 0.114272 bl: -0.02225 POSS error_pred: 1.2416 error_bl: 0.955995 improvement: -0.285608
    min: -0.663  max: 0.741 avg: 0.141657
explanation: 
no explanation

25: 6485  label: -1 pred: -0.45579 bl: -0.89245 POSS error_pred: 0.296165 error_bl: 0.011567 improvement: -0.284598
    min: -1  max: -0.0715 avg: -0.741219
explanation: 
no explanation

26: 5670  label: -1 pred: -0.456522 bl: -0.88845 POSS error_pred: 0.295368 error_bl: 0.0124434 improvement: -0.282925
    min: -1  max: -0.1455 avg: -0.742826
explanation: 
no explanation

27: 2379  label: -1 pred: -0.423276 bl: -0.7767 POSS error_pred: 0.332611 error_bl: 0.0498629 improvement: -0.282748
    min: -0.904  max: -0.0905 avg: -0.633861
explanation: 
no explanation

28: 1517  label: -1 pred: -0.404977 bl: -0.7314 POSS error_pred: 0.354052 error_bl: 0.072146 improvement: -0.281906
    min: -0.9715  max: -0.0285 avg: -0.57974
explanation: 
no explanation

29: 8324  label: -1 pred: -0.424096 bl: -0.76965 POSS error_pred: 0.331666 error_bl: 0.0530611 improvement: -0.278605
    min: -1  max: -0.076 avg: -0.637439
explanation: 
no explanation

30: 3051  label: -1 pred: -0.441199 bl: -0.80895 POSS error_pred: 0.312258 error_bl: 0.0365001 improvement: -0.275758
    min: -1  max: 0.125 avg: -0.694356
explanation: 
no explanation

31: 2201  label: -1 pred: -0.445238 bl: -0.8176 POSS error_pred: 0.307761 error_bl: 0.0332698 improvement: -0.274491
    min: -1  max: 0.0465 avg: -0.703414
explanation: 
no explanation

32: 3736  label: -1 pred: -0.438306 bl: -0.796 POSS error_pred: 0.3155 error_bl: 0.041616 improvement: -0.273884
    min: -0.9405  max: -0.1845 avg: -0.680534
explanation: 
no explanation

33: 5801  label: -1 pred: -0.140766 bl: -0.318 POSS error_pred: 0.738282 error_bl: 0.465124 improvement: -0.273158
    min: -0.562  max: 0.5085 avg: -0.130742
explanation: 
no explanation

34: 8766  label: -1 pred: 0.542349 bl: 0.4529 IMP error_pred: 2.37884 error_bl: 2.11092 improvement: -0.267923
    min: -0.098  max: 0.856 avg: 0.560032
explanation: 
no explanation

35: 7715  label: -1 pred: -0.465623 bl: -0.8656 POSS error_pred: 0.285559 error_bl: 0.0180633 improvement: -0.267496
    min: -1  max: 0.453 avg: -0.782201
explanation: 
no explanation

36: 8619  label: -1 pred: 0.565032 bl: 0.47715 IMP error_pred: 2.44933 error_bl: 2.18197 improvement: -0.267355
    min: 0.1375  max: 0.8695 avg: 0.572918
explanation: 
no explanation

37: 9034  label: -1 pred: -0.371549 bl: -0.64205 POSS error_pred: 0.39495 error_bl: 0.128128 improvement: -0.266822
    min: -0.9795  max: 0.1045 avg: -0.499096
explanation: 
no explanation

38: 6795  label: -1 pred: -0.219042 bl: -0.41405 POSS error_pred: 0.609896 error_bl: 0.343337 improvement: -0.266559
    min: -0.7945  max: 0.418 avg: -0.22653
explanation: 
no explanation

39: 7223  label: -1 pred: -0.332412 bl: -0.57655 POSS error_pred: 0.445674 error_bl: 0.17931 improvement: -0.266364
    min: -1  max: 0.6145 avg: -0.39978
explanation: 
no explanation

40: 9102  label: -1 pred: -0.445905 bl: -0.7979 POSS error_pred: 0.307021 error_bl: 0.0408444 improvement: -0.266177
    min: -0.9225  max: -0.258 avg: -0.705855
explanation: 
no explanation

41: 2195  label: -1 pred: -0.483066 bl: -0.96565 POSS error_pred: 0.26722 error_bl: 0.00117992 improvement: -0.266041
    min: -1  max: 0.335 avg: -0.84627
explanation: 
no explanation

42: 1338  label: -1 pred: -0.480488 bl: -0.93435 POSS error_pred: 0.269892 error_bl: 0.00430992 improvement: -0.265583
    min: -1  max: -0.061 avg: -0.83986
explanation: 
no explanation

43: 1139  label: -1 pred: -0.428083 bl: -0.74645 POSS error_pred: 0.327089 error_bl: 0.0642876 improvement: -0.262801
    min: -0.9205  max: -0.2625 avg: -0.651824
explanation: 
no explanation

44: 2145  label: -1 pred: 0.347952 bl: 0.2472 IMP error_pred: 1.81698 error_bl: 1.55551 improvement: -0.261468
    min: 0.109  max: 0.58 avg: 0.344524
explanation: 
no explanation

45: 2385  label: -1 pred: -0.327382 bl: -0.56235 POSS error_pred: 0.452416 error_bl: 0.191537 improvement: -0.260878
    min: -0.8115  max: 0.058 avg: -0.400147
explanation: 
no explanation

46: 318  label: -1 pred: -0.449386 bl: -0.79335 POSS error_pred: 0.303176 error_bl: 0.0427042 improvement: -0.260472
    min: -0.95  max: -0.237 avg: -0.719138
explanation: 
no explanation

47: 5828  label: -1 pred: -0.258546 bl: -0.46125 POSS error_pred: 0.549754 error_bl: 0.290252 improvement: -0.259502
    min: -1  max: 0.5635 avg: -0.289562
explanation: 
no explanation

48: 1167  label: -1 pred: -0.440174 bl: -0.7676 POSS error_pred: 0.313405 error_bl: 0.0540098 improvement: -0.259395
    min: -0.99  max: -0.1485 avg: -0.690482
explanation: 
no explanation

49: 5335  label: -1 pred: -0.433104 bl: -0.75045 POSS error_pred: 0.321371 error_bl: 0.0622752 improvement: -0.259096
    min: -0.952  max: -0.168 avg: -0.665148
explanation: 
no explanation

best entries: 
0: 8914  label: -1 pred: 0.37408 bl: 0.6812 IMP error_pred: 1.8881 error_bl: 2.82643 improvement: 0.938337
1: 3836  label: 1 pred: 0.142015 bl: -0.2099 POSS error_pred: 0.736137 error_bl: 1.46386 improvement: 0.727721
2: 8920  label: -1 pred: 0.709587 bl: 0.90015 IMP error_pred: 2.92269 error_bl: 3.61057 improvement: 0.687881
3: 6142  label: -1 pred: 0.782432 bl: 0.95195 IMP error_pred: 3.17707 error_bl: 3.81011 improvement: 0.633044
4: 3697  label: -1 pred: 0.772367 bl: 0.93965 IMP error_pred: 3.14128 error_bl: 3.76224 improvement: 0.620958
5: 938  label: 0.5 pred: -0.391528 bl: -0.68355 POSS error_pred: 0.794823 error_bl: 1.40079 improvement: 0.605968
6: 9813  label: 0.5 pred: -0.427015 bl: -0.7077 IMP error_pred: 0.859357 error_bl: 1.45854 improvement: 0.599183
7: 1614  label: 0.5 pred: -0.408647 bl: -0.69215 IMP error_pred: 0.825639 error_bl: 1.42122 improvement: 0.595583
8: 5768  label: -1 pred: 0.530236 bl: 0.6919 IMP error_pred: 2.34162 error_bl: 2.86253 improvement: 0.520903
9: 5507  label: 0.5 pred: -0.332246 bl: -0.5863 POSS error_pred: 0.692633 error_bl: 1.18005 improvement: 0.487415
10: 3601  label: -1 pred: 0.690464 bl: 0.8256 IMP error_pred: 2.85767 error_bl: 3.33282 improvement: 0.475148
11: 2967  label: 1 pred: 0.0215219 bl: -0.18845 POSS error_pred: 0.957419 error_bl: 1.41241 improvement: 0.454994
12: 5149  label: 0.5 pred: -0.370513 bl: -0.59515 POSS error_pred: 0.757793 error_bl: 1.19935 improvement: 0.44156
13: 8467  label: -1 pred: 0.660274 bl: 0.78395 IMP error_pred: 2.75651 error_bl: 3.18248 improvement: 0.425969
14: 9875  label: 1 pred: -0.151948 bl: -0.322 POSS error_pred: 1.32699 error_bl: 1.74768 improvement: 0.420699
15: 3959  label: 1 pred: -0.353362 bl: -0.493 IMP error_pred: 1.83159 error_bl: 2.22905 improvement: 0.39746
16: 1736  label: -0.5 pred: 0.705026 bl: 0.8495 IMP error_pred: 1.45209 error_bl: 1.82115 improvement: 0.369062
17: 7719  label: 0.5 pred: -0.295637 bl: -0.50025 POSS error_pred: 0.633039 error_bl: 1.0005 improvement: 0.367461
18: 6065  label: -1 pred: -0.117776 bl: 0.07005 POSS error_pred: 0.77832 error_bl: 1.14501 improvement: 0.366687
19: 908  label: 0 pred: -0.43328 bl: -0.7439 POSS error_pred: 0.187732 error_bl: 0.553387 improvement: 0.365656
20: 3527  label: 0 pred: 0.766455 bl: 0.9732 POSS error_pred: 0.587454 error_bl: 0.947118 improvement: 0.359665
21: 9566  label: 0 pred: 0.786523 bl: 0.98855 IMP error_pred: 0.618618 error_bl: 0.977231 improvement: 0.358613
22: 5597  label: -0.5 pred: 0.675521 bl: 0.8175 IMP error_pred: 1.38185 error_bl: 1.73581 improvement: 0.353957
23: 2441  label: -1 pred: 0.0421843 bl: 0.19995 POSS error_pred: 1.08615 error_bl: 1.43988 improvement: 0.353732
24: 7853  label: 0.5 pred: -0.295518 bl: -0.4861 POSS error_pred: 0.632849 error_bl: 0.972393 improvement: 0.339545
25: 5971  label: 0.5 pred: -0.275091 bl: -0.46715 POSS error_pred: 0.600766 error_bl: 0.935379 improvement: 0.334613
26: 9555  label: -1 pred: -0.111454 bl: 0.0602 POSS error_pred: 0.789514 error_bl: 1.12402 improvement: 0.33451
27: 4335  label: -1 pred: 0.704082 bl: 0.7993 IMP error_pred: 2.9039 error_bl: 3.23748 improvement: 0.333583
28: 6277  label: 1 pred: 0.0594987 bl: -0.10355 POSS error_pred: 0.884543 error_bl: 1.21782 improvement: 0.33328
29: 5763  label: 0.5 pred: -0.319137 bl: -0.4992 POSS error_pred: 0.670986 error_bl: 0.998401 improvement: 0.327415
30: 6313  label: 0 pred: -0.340348 bl: -0.6559 POSS error_pred: 0.115837 error_bl: 0.430205 improvement: 0.314368
31: 5995  label: -1 pred: 0.736185 bl: 0.82345 IMP error_pred: 3.01434 error_bl: 3.32497 improvement: 0.310631
32: 8318  label: 0 pred: -0.42373 bl: -0.69455 POSS error_pred: 0.179547 error_bl: 0.4824 improvement: 0.302852
33: 1398  label: -1 pred: 0.612564 bl: 0.70345 IMP error_pred: 2.60036 error_bl: 2.90174 improvement: 0.301378
34: 7269  label: -1 pred: 0.225807 bl: 0.3431 IMP error_pred: 1.5026 error_bl: 1.80392 improvement: 0.301316
35: 8034  label: 1 pred: 0.116407 bl: -0.03935 POSS error_pred: 0.780737 error_bl: 1.08025 improvement: 0.299511
36: 9327  label: -1 pred: 0.176725 bl: 0.2955 IMP error_pred: 1.38468 error_bl: 1.67832 improvement: 0.293639
37: 4256  label: 0 pred: 0.715024 bl: 0.8933 POSS error_pred: 0.51126 error_bl: 0.797985 improvement: 0.286725
38: 9207  label: 0 pred: 0.723926 bl: 0.9 IMP error_pred: 0.524069 error_bl: 0.81 improvement: 0.285931
39: 2735  label: 0 pred: -0.346281 bl: -0.6363 POSS error_pred: 0.11991 error_bl: 0.404878 improvement: 0.284967
40: 6794  label: -1 pred: -0.0246686 bl: 0.1117 POSS error_pred: 0.951271 error_bl: 1.23588 improvement: 0.284606
41: 8866  label: -1 pred: 0.638317 bl: 0.7221 IMP error_pred: 2.68408 error_bl: 2.96563 improvement: 0.281546
42: 7016  label: 1 pred: -0.243946 bl: -0.35095 IMP error_pred: 1.5474 error_bl: 1.82507 improvement: 0.277663
43: 7287  label: -1 pred: 0.404671 bl: 0.50005 IMP error_pred: 1.9731 error_bl: 2.25015 improvement: 0.277049
44: 4306  label: -1 pred: 0.455558 bl: 0.54745 IMP error_pred: 2.11865 error_bl: 2.3946 improvement: 0.275953
45: 1025  label: 0.5 pred: -0.290615 bl: -0.4473 POSS error_pred: 0.625072 error_bl: 0.897377 improvement: 0.272305
46: 526  label: -1 pred: 0.0510749 bl: 0.173 IMP error_pred: 1.10476 error_bl: 1.37593 improvement: 0.27117
47: 8361  label: 0 pred: 0.746232 bl: 0.90915 IMP error_pred: 0.556863 error_bl: 0.826554 improvement: 0.269691
48: 8913  label: 0.5 pred: -0.310836 bl: -0.4624 POSS error_pred: 0.657455 error_bl: 0.926214 improvement: 0.268758
49: 9869  label: 1 pred: 0.366256 bl: 0.1837 POSS error_pred: 0.401632 error_bl: 0.666346 improvement: 0.264714

total is 0
score for UNKNOWN: nan baseline: nan diff:    nan
total is 3291
score for AUTO: 0.1465 baseline: 0.1382 diff: 0.0083
total is 6143
score for POSS: 0.4571 baseline: 0.4452 diff: 0.0119
total is 566
score for IMP: 1.0849 baseline: 1.0902 diff: -0.0053
writing 50000 official test outputs

0%   10   20   30   40   50   60   70   80   90   100%
|----|----|----|----|----|----|----|----|----|----|
***************************************************
scores: [ 0.449462 ]
0.4495 +/-    nan
7166.88user 220.62system 33:55.85elapsed 362%CPU (0avgtext+0avgdata 0maxresident)k
0inputs+1104outputs (0major+82798876minor)pagefaults 0swaps
