loading data...Twoway_Layer::random_fill(): limit = 0.141421 ni = 50 no = 50
Twoway_Layer::random_fill(): limit = 0.141421 ni = 50 no = 1
iter  ---- train ----  ---- test -----
         rmse     auc     rmse     auc
   0  0.50001 0.00000  0.47692 0.00000
   1  0.46138 0.00000  0.46005 0.00000
   2  0.45248 0.00000  0.45479 0.00000
   3  0.45620 0.00000  0.45274 0.00000
   4  0.44663 0.00000  0.45131 0.00000
   5  0.44790 0.00000  0.45069 0.00000
   6  0.45495 0.00000  0.45029 0.00000
   7  0.44721 0.00000  0.44991 0.00000
   8  0.44260 0.00000  0.44959 0.00000
   9  0.44242 0.00000  0.44939 0.00000
  10  0.44335 0.00000  0.44913 0.00000
  11  0.44513 0.00000  0.44889 0.00000
  12  0.45294 0.00000  0.44878 0.00000
  13  0.44678 0.00000  0.44854 0.00000
  14  0.45458 0.00000  0.44838 0.00000
  15  0.44710 0.00000  0.44821 0.00000
  16  0.44643 0.00000  0.44810 0.00000
  17  0.44221 0.00000  0.44791 0.00000
  18  0.43771 0.00000  0.44775 0.00000
  19  0.44611 0.00000  0.44758 0.00000
  20  0.43988 0.00000  0.44743 0.00000
  21  0.44588 0.00000  0.44733 0.00000
  22  0.44667 0.00000  0.44718 0.00000
  23  0.44878 0.00000  0.44712 0.00000
  24  0.45027 0.00000  0.44698 0.00000
  25  0.44551 0.00000  0.44688 0.00000
  26  0.44264 0.00000  0.44676 0.00000
  27  0.43923 0.00000  0.44664 0.00000
  28  0.44325 0.00000  0.44654 0.00000
  29  0.44890 0.00000  0.44645 0.00000
  30  0.44232 0.00000  0.44639 0.00000
  31  0.44841 0.00000  0.44629 0.00000
  32  0.45185 0.00000  0.44617 0.00000
  33  0.43998 0.00000  0.44605 0.00000
  34  0.44060 0.00000  0.44595 0.00000
  35  0.44287 0.00000  0.44594 0.00000
  36  0.45044 0.00000  0.44590 0.00000
  37  0.44391 0.00000  0.44580 0.00000
  38  0.43961 0.00000  0.44570 0.00000
  39  0.44517 0.00000  0.44567 0.00000
  40  0.44171 0.00000  0.44555 0.00000
  41  0.44392 0.00000  0.44543 0.00000
  42  0.44496 0.00000  0.44535 0.00000
  43  0.44376 0.00000  0.44535 0.00000
  44  0.44311 0.00000  0.44527 0.00000
  45  0.43908 0.00000  0.44525 0.00000
  46  0.43736 0.00000  0.44512 0.00000
  47  0.44127 0.00000  0.44507 0.00000
  48  0.43578 0.00000  0.44499 0.00000
  49  0.44570 0.00000  0.44499 0.00000
  50  0.43949 0.00000  0.44489 0.00000
  51  0.44312 0.00000  0.44486 0.00000
  52  0.44335 0.00000  0.44490 0.00000
  53  0.43934 0.00000  0.44488 0.00000
  54  0.44172 0.00000  0.44483 0.00000
  55  0.43990 0.00000  0.44480 0.00000
  56  0.44753 0.00000  0.44473 0.00000
  57  0.44242 0.00000  0.44471 0.00000
  58  0.44389 0.00000  0.44469 0.00000
  59  0.44541 0.00000  0.44463 0.00000
  60  0.43937 0.00000  0.44457 0.00000
  61  0.44536 0.00000  0.44452 0.00000
  62  0.44368 0.00000  0.44451 0.00000
  63  0.44310 0.00000  0.44456 0.00000
  64  0.44543 0.00000  0.44456 0.00000
  65  0.44082 0.00000  0.44454 0.00000
  66  0.44636 0.00000  0.44453 0.00000
  67  0.44891 0.00000  0.44450 0.00000
  68  0.44371 0.00000  0.44452 0.00000
  69  0.44101 0.00000  0.44455 0.00000
  70  0.44222 0.00000  0.44445 0.00000
  71  0.45031 0.00000  0.44445 0.00000
  72  0.44454 0.00000  0.44444 0.00000
  73  0.43560 0.00000  0.44443 0.00000
  74  0.43841 0.00000  0.44438 0.00000
  75  0.44193 0.00000  0.44430 0.00000
  76  0.44071 0.00000  0.44433 0.00000
  77  0.43645 0.00000  0.44428 0.00000
  78  0.44387 0.00000  0.44423 0.00000
  79  0.44136 0.00000  0.44426 0.00000
  80  0.44556 0.00000  0.44428 0.00000
  81  0.43863 0.00000  0.44426 0.00000
  82  0.44760 0.00000  0.44432 0.00000
  83  0.44628 0.00000  0.44438 0.00000
  84  0.44260 0.00000  0.44442 0.00000
  85  0.43983 0.00000  0.44441 0.00000
  86  0.43883 0.00000  0.44438 0.00000
  87  0.43859 0.00000  0.44441 0.00000
  88  0.43785 0.00000  0.44441 0.00000
  89  0.43948 0.00000  0.44436 0.00000
  90  0.43851 0.00000  0.44429 0.00000
  91  0.44214 0.00000  0.44433 0.00000
  92  0.43898 0.00000  0.44440 0.00000
  93  0.43889 0.00000  0.44436 0.00000
  94  0.44444 0.00000  0.44436 0.00000
  95  0.44574 0.00000  0.44447 0.00000
  96  0.43759 0.00000  0.44440 0.00000
  97  0.45064 0.00000  0.44439 0.00000
  98  0.44390 0.00000  0.44450 0.00000
  99  0.44155 0.00000  0.44446 0.00000
 100  0.44717 0.00000  0.44448 0.00000
 101  0.44273 0.00000  0.44455 0.00000
 102  0.44469 0.00000  0.44454 0.00000
 103  0.43890 0.00000  0.44446 0.00000
 104  0.43914 0.00000  0.44446 0.00000
 105  0.44024 0.00000  0.44448 0.00000
 106  0.44117 0.00000  0.44442 0.00000
 107  0.43944 0.00000  0.44448 0.00000
 108  0.44233 0.00000  0.44442 0.00000
 109  0.44577 0.00000  0.44451 0.00000
 110  0.44543 0.00000  0.44458 0.00000
 111  0.43784 0.00000  0.44462 0.00000
 112  0.44101 0.00000  0.44472 0.00000
 113  0.44256 0.00000  0.44472 0.00000
 114  0.44505 0.00000  0.44474 0.00000
 115  0.43753 0.00000  0.44468 0.00000
 116  0.44153 0.00000  0.44470 0.00000
 117  0.44035 0.00000  0.44471 0.00000
 118  0.43766 0.00000  0.44475 0.00000
 119  0.43952 0.00000  0.44473 0.00000
 120  0.44143 0.00000  0.44473 0.00000
 121  0.43887 0.00000  0.44472 0.00000
 122  0.45113 0.00000  0.44475 0.00000
 123  0.44512 0.00000  0.44477 0.00000
 124  0.44598 0.00000  0.44484 0.00000
 125  0.44604 0.00000  0.44489 0.00000
 126  0.44512 0.00000  0.44489 0.00000
 127  0.44745 0.00000  0.44489 0.00000
 128  0.44796 0.00000  0.44494 0.00000
 129  0.43782 0.00000  0.44484 0.00000
 130  0.44370 0.00000  0.44486 0.00000
 131  0.44189 0.00000  0.44487 0.00000
 132  0.44276 0.00000  0.44491 0.00000
 133  0.44518 0.00000  0.44489 0.00000
 134  0.44669 0.00000  0.44493 0.00000
 135  0.44810 0.00000  0.44505 0.00000
 136  0.44380 0.00000  0.44502 0.00000
 137  0.44555 0.00000  0.44502 0.00000
 138  0.44675 0.00000  0.44499 0.00000
 139  0.44280 0.00000  0.44493 0.00000
 140  0.44371 0.00000  0.44494 0.00000
 141  0.44404 0.00000  0.44495 0.00000
 142  0.44562 0.00000  0.44502 0.00000
 143  0.43938 0.00000  0.44500 0.00000
 144  0.44411 0.00000  0.44506 0.00000
 145  0.44198 0.00000  0.44510 0.00000
 146  0.45010 0.00000  0.44515 0.00000
 147  0.44682 0.00000  0.44516 0.00000
 148  0.44072 0.00000  0.44516 0.00000
 149  0.43708 0.00000  0.44515 0.00000
 150  0.44622 0.00000  0.44516 0.00000
 151  0.44022 0.00000  0.44509 0.00000
 152  0.44914 0.00000  0.44519 0.00000
 153  0.43671 0.00000  0.44515 0.00000
 154  0.44320 0.00000  0.44516 0.00000
 155  0.44304 0.00000  0.44510 0.00000
 156  0.44895 0.00000  0.44518 0.00000
 157  0.43937 0.00000  0.44516 0.00000
 158  0.44934 0.00000  0.44525 0.00000
 159  0.43930 0.00000  0.44520 0.00000
 160  0.44413 0.00000  0.44519 0.00000
 161  0.44005 0.00000  0.44526 0.00000
 162  0.44530 0.00000  0.44532 0.00000
 163  0.44668 0.00000  0.44535 0.00000
 164  0.44116 0.00000  0.44537 0.00000
 165  0.44317 0.00000  0.44537 0.00000
 166  0.44645 0.00000  0.44540 0.00000
 167  0.44688 0.00000  0.44540 0.00000
 168  0.44200 0.00000  0.44545 0.00000
 169  0.44259 0.00000  0.44546 0.00000
 170  0.43962 0.00000  0.44544 0.00000
 171  0.43805 0.00000  0.44544 0.00000
 172  0.44604 0.00000  0.44548 0.00000
 173  0.43945 0.00000  0.44540 0.00000
 174  0.44442 0.00000  0.44539 0.00000
 175  0.44134 0.00000  0.44541 0.00000
 176  0.45092 0.00000  0.44549 0.00000
 177  0.44414 0.00000  0.44545 0.00000
 178  0.44515 0.00000  0.44544 0.00000
 179  0.44274 0.00000  0.44551 0.00000
 180  0.44290 0.00000  0.44549 0.00000
 181  0.44378 0.00000  0.44556 0.00000
 182  0.44719 0.00000  0.44559 0.00000
 183  0.44944 0.00000  0.44561 0.00000
 184  0.44416 0.00000  0.44559 0.00000
 185  0.44273 0.00000  0.44560 0.00000
 186  0.44376 0.00000  0.44560 0.00000
 187  0.44907 0.00000  0.44567 0.00000
 188  0.45213 0.00000  0.44574 0.00000
 189  0.44552 0.00000  0.44572 0.00000
 190  0.44408 0.00000  0.44568 0.00000
 191  0.44440 0.00000  0.44564 0.00000
 192  0.44016 0.00000  0.44566 0.00000
 193  0.44538 0.00000  0.44568 0.00000
 194  0.44739 0.00000  0.44570 0.00000
 195  0.44774 0.00000  0.44578 0.00000
 196  0.44304 0.00000  0.44587 0.00000
 197  0.44228 0.00000  0.44583 0.00000
 198  0.44041 0.00000  0.44575 0.00000
 199  0.44457 0.00000  0.44573 0.00000
 200  0.44944 0.00000  0.44575 0.00000
 201  0.44674 0.00000  0.44577 0.00000
 202  0.44946 0.00000  0.44581 0.00000
 203  0.43988 0.00000  0.44582 0.00000
 204  0.44641 0.00000  0.44582 0.00000
 205  0.44546 0.00000  0.44584 0.00000
 206  0.44395 0.00000  0.44583 0.00000
 207  0.44771 0.00000  0.44589 0.00000
 208  0.44036 0.00000  0.44592 0.00000
 209  0.44399 0.00000  0.44589 0.00000
 210  0.44819 0.00000  0.44593 0.00000
 211  0.44742 0.00000  0.44590 0.00000
 212  0.44142 0.00000  0.44581 0.00000
 213  0.44837 0.00000  0.44579 0.00000
 214  0.44514 0.00000  0.44580 0.00000
 215  0.44298 0.00000  0.44578 0.00000
 216  0.44265 0.00000  0.44577 0.00000
 217  0.44861 0.00000  0.44583 0.00000
 218  0.44192 0.00000  0.44582 0.00000
 219  0.44481 0.00000  0.44573 0.00000
 220  0.44167 0.00000  0.44577 0.00000
 221  0.44493 0.00000  0.44578 0.00000
 222  0.44489 0.00000  0.44578 0.00000
 223  0.44479 0.00000  0.44581 0.00000
 224  0.44591 0.00000  0.44575 0.00000
 225  0.44869 0.00000  0.44572 0.00000
 226  0.44249 0.00000  0.44575 0.00000
 227  0.44434 0.00000  0.44574 0.00000
 228  0.44547 0.00000  0.44575 0.00000
 229  0.43708 0.00000  0.44572 0.00000
 230  0.44089 0.00000  0.44575 0.00000
 231  0.44503 0.00000  0.44574 0.00000
 232  0.44492 0.00000  0.44576 0.00000
 233  0.44796 0.00000  0.44582 0.00000
 234  0.44132 0.00000  0.44583 0.00000
 235  0.44423 0.00000  0.44585 0.00000
 236  0.44233 0.00000  0.44575 0.00000
 237  0.43945 0.00000  0.44570 0.00000
 238  0.44956 0.00000  0.44571 0.00000
 239  0.44350 0.00000  0.44571 0.00000
 240  0.44663 0.00000  0.44578 0.00000
 241  0.44582 0.00000  0.44582 0.00000
 242  0.44362 0.00000  0.44580 0.00000
 243  0.44834 0.00000  0.44581 0.00000
 244  0.44087 0.00000  0.44579 0.00000
 245  0.44318 0.00000  0.44580 0.00000
 246  0.44414 0.00000  0.44586 0.00000
 247  0.44814 0.00000  0.44586 0.00000
 248  0.44432 0.00000  0.44582 0.00000
 249  0.44792 0.00000  0.44586 0.00000
 250  0.44156 0.00000  0.44584 0.00000
 251  0.44903 0.00000  0.44595 0.00000
 252  0.44218 0.00000  0.44595 0.00000
 253  0.44217 0.00000  0.44598 0.00000
 254  0.44275 0.00000  0.44603 0.00000
 255  0.44773 0.00000  0.44597 0.00000
 256  0.44713 0.00000  0.44594 0.00000
 257  0.44646 0.00000  0.44594 0.00000
 258  0.44138 0.00000  0.44593 0.00000
 259  0.44716 0.00000  0.44598 0.00000
 260  0.44370 0.00000  0.44597 0.00000
 261  0.44312 0.00000  0.44596 0.00000
 262  0.44574 0.00000  0.44601 0.00000
 263  0.44080 0.00000  0.44602 0.00000
 264  0.43871 0.00000  0.44601 0.00000
 265  0.44476 0.00000  0.44599 0.00000
 266  0.44595 0.00000  0.44603 0.00000
 267  0.44732 0.00000  0.44605 0.00000
 268  0.44380 0.00000  0.44606 0.00000
 269  0.44412 0.00000  0.44607 0.00000
 270  0.43538 0.00000  0.44600 0.00000
 271  0.44859 0.00000  0.44605 0.00000
 272  0.44483 0.00000  0.44605 0.00000
 273  0.44310 0.00000  0.44608 0.00000
 274  0.44385 0.00000  0.44611 0.00000
 275  0.44990 0.00000  0.44615 0.00000
 276  0.44332 0.00000  0.44609 0.00000
 277  0.44366 0.00000  0.44605 0.00000
 278  0.44559 0.00000  0.44603 0.00000
 279  0.44710 0.00000  0.44603 0.00000
 280  0.44663 0.00000  0.44608 0.00000
 281  0.44257 0.00000  0.44617 0.00000
 282  0.45234 0.00000  0.44616 0.00000
 283  0.44609 0.00000  0.44615 0.00000
 284  0.44588 0.00000  0.44620 0.00000
 285  0.43956 0.00000  0.44622 0.00000
 286  0.44447 0.00000  0.44624 0.00000
 287  0.44801 0.00000  0.44620 0.00000
 288  0.44379 0.00000  0.44622 0.00000
 289  0.44735 0.00000  0.44620 0.00000
 290  0.44641 0.00000  0.44616 0.00000
 291  0.44351 0.00000  0.44606 0.00000
 292  0.43902 0.00000  0.44610 0.00000
 293  0.44665 0.00000  0.44608 0.00000
 294  0.44205 0.00000  0.44614 0.00000
 295  0.44413 0.00000  0.44615 0.00000
 296  0.44444 0.00000  0.44615 0.00000
 297  0.44408 0.00000  0.44616 0.00000
 298  0.44987 0.00000  0.44619 0.00000
 299  0.44637 0.00000  0.44613 0.00000
 300  0.44967 0.00000  0.44611 0.00000
 301  0.44032 0.00000  0.44604 0.00000
 302  0.44826 0.00000  0.44606 0.00000
 303  0.44607 0.00000  0.44610 0.00000
 304  0.44144 0.00000  0.44614 0.00000
 305  0.44828 0.00000  0.44612 0.00000
 306  0.44753 0.00000  0.44609 0.00000
 307  0.44383 0.00000  0.44607 0.00000
 308  0.44693 0.00000  0.44613 0.00000
 309  0.44590 0.00000  0.44615 0.00000
 310  0.45039 0.00000  0.44617 0.00000
 311  0.44109 0.00000  0.44609 0.00000
 312  0.44765 0.00000  0.44613 0.00000
 313  0.44817 0.00000  0.44619 0.00000
 314  0.44613 0.00000  0.44616 0.00000
 315  0.44537 0.00000  0.44613 0.00000
 316  0.44484 0.00000  0.44621 0.00000
 317  0.44661 0.00000  0.44623 0.00000
 318  0.44613 0.00000  0.44619 0.00000
 319  0.45274 0.00000  0.44618 0.00000
 320  0.44395 0.00000  0.44617 0.00000
 321  0.44861 0.00000  0.44626 0.00000
 322  0.44987 0.00000  0.44634 0.00000
 323  0.45050 0.00000  0.44634 0.00000
 324  0.43785 0.00000  0.44629 0.00000
 325  0.45049 0.00000  0.44628 0.00000
 326  0.44369 0.00000  0.44624 0.00000
 327  0.44574 0.00000  0.44617 0.00000
 328  0.44615 0.00000  0.44615 0.00000
 329  0.44019 0.00000  0.44616 0.00000
 330  0.44749 0.00000  0.44618 0.00000
 331  0.44637 0.00000  0.44611 0.00000
 332  0.44602 0.00000  0.44619 0.00000
 333  0.44644 0.00000  0.44619 0.00000
 334  0.44126 0.00000  0.44614 0.00000
 335  0.44797 0.00000  0.44620 0.00000
 336  0.44595 0.00000  0.44623 0.00000
 337  0.44353 0.00000  0.44628 0.00000
 338  0.44487 0.00000  0.44627 0.00000
 339  0.44622 0.00000  0.44625 0.00000
 340  0.44170 0.00000  0.44620 0.00000
 341  0.44309 0.00000  0.44617 0.00000
 342  0.44385 0.00000  0.44611 0.00000
 343  0.44515 0.00000  0.44608 0.00000
 344  0.44022 0.00000  0.44609 0.00000
 345  0.44589 0.00000  0.44608 0.00000
 346  0.44373 0.00000  0.44606 0.00000
 347  0.44774 0.00000  0.44609 0.00000
 348  0.45050 0.00000  0.44615 0.00000
 349  0.45016 0.00000  0.44616 0.00000
 350  0.45011 0.00000  0.44614 0.00000
 351  0.44972 0.00000  0.44613 0.00000
 352  0.44706 0.00000  0.44611 0.00000
 353  0.44768 0.00000  0.44621 0.00000
 354  0.44049 0.00000  0.44613 0.00000
 355  0.44037 0.00000  0.44611 0.00000
 356  0.44419 0.00000  0.44611 0.00000
 357  0.44817 0.00000  0.44609 0.00000
 358  0.44083 0.00000  0.44610 0.00000
 359  0.44369 0.00000  0.44613 0.00000
 360  0.44711 0.00000  0.44618 0.00000
 361  0.44711 0.00000  0.44617 0.00000
 362  0.44219 0.00000  0.44616 0.00000
 363  0.44441 0.00000  0.44615 0.00000
 364  0.44140 0.00000  0.44611 0.00000
 365  0.44182 0.00000  0.44611 0.00000
 366  0.43783 0.00000  0.44612 0.00000
 367  0.44575 0.00000  0.44607 0.00000
 368  0.44671 0.00000  0.44605 0.00000
 369  0.44371 0.00000  0.44613 0.00000
 370  0.44597 0.00000  0.44618 0.00000
 371  0.44575 0.00000  0.44613 0.00000
 372  0.44142 0.00000  0.44614 0.00000
 373  0.44586 0.00000  0.44608 0.00000
 374  0.45142 0.00000  0.44619 0.00000
 375  0.44746 0.00000  0.44622 0.00000
 376  0.44381 0.00000  0.44615 0.00000
 377  0.44480 0.00000  0.44608 0.00000
 378  0.44297 0.00000  0.44608 0.00000
 379  0.44694 0.00000  0.44612 0.00000
 380  0.43469 0.00000  0.44600 0.00000
 381  0.44732 0.00000  0.44607 0.00000
 382  0.44799 0.00000  0.44611 0.00000
 383  0.45154 0.00000  0.44617 0.00000
 384  0.44714 0.00000  0.44620 0.00000
 385  0.45103 0.00000  0.44627 0.00000
 386  0.44552 0.00000  0.44627 0.00000
 387  0.44781 0.00000  0.44633 0.00000
 388  0.44284 0.00000  0.44629 0.00000
 389  0.44382 0.00000  0.44623 0.00000
 390  0.44707 0.00000  0.44629 0.00000
 391  0.44199 0.00000  0.44633 0.00000
 392  0.44206 0.00000  0.44631 0.00000
 393  0.44335 0.00000  0.44626 0.00000
 394  0.43847 0.00000  0.44619 0.00000
 395  0.45012 0.00000  0.44620 0.00000
 396  0.44052 0.00000  0.44623 0.00000
 397  0.44295 0.00000  0.44624 0.00000
 398  0.44469 0.00000  0.44625 0.00000
 399  0.43955 0.00000  0.44611 0.00000
 400  0.44601 0.00000  0.44613 0.00000
 401  0.44389 0.00000  0.44616 0.00000
 402  0.44648 0.00000  0.44618 0.00000
 403  0.44206 0.00000  0.44622 0.00000
 404  0.44466 0.00000  0.44632 0.00000
 405  0.45062 0.00000  0.44632 0.00000
 406  0.45230 0.00000  0.44639 0.00000
 407  0.44057 0.00000  0.44638 0.00000
 408  0.44749 0.00000  0.44642 0.00000
 409  0.44890 0.00000  0.44640 0.00000
 410  0.44301 0.00000  0.44637 0.00000
 411  0.44297 0.00000  0.44634 0.00000
 412  0.44897 0.00000  0.44641 0.00000
 413  0.45112 0.00000  0.44639 0.00000
 414  0.44154 0.00000  0.44638 0.00000
 415  0.44792 0.00000  0.44637 0.00000
 416  0.44311 0.00000  0.44638 0.00000
 417  0.44093 0.00000  0.44630 0.00000
 418  0.44560 0.00000  0.44634 0.00000
 419  0.44166 0.00000  0.44628 0.00000
 420  0.44587 0.00000  0.44634 0.00000
 421  0.44793 0.00000  0.44633 0.00000
 422  0.44533 0.00000  0.44630 0.00000
 423  0.44646 0.00000  0.44632 0.00000
 424  0.44473 0.00000  0.44626 0.00000
 425  0.44613 0.00000  0.44621 0.00000
 426  0.44650 0.00000  0.44626 0.00000
 427  0.44682 0.00000  0.44618 0.00000
 428  0.44499 0.00000  0.44620 0.00000
 429  0.45294 0.00000  0.44620 0.00000
 430  0.44627 0.00000  0.44627 0.00000
 431  0.43977 0.00000  0.44623 0.00000
 432  0.43689 0.00000  0.44625 0.00000
 433  0.44186 0.00000  0.44624 0.00000
 434  0.44224 0.00000  0.44619 0.00000
 435  0.45030 0.00000  0.44622 0.00000
 436  0.44508 0.00000  0.44619 0.00000
 437  0.44300 0.00000  0.44619 0.00000
 438  0.44785 0.00000  0.44621 0.00000
 439  0.43802 0.00000  0.44615 0.00000
 440  0.43757 0.00000  0.44615 0.00000
 441  0.44074 0.00000  0.44612 0.00000
 442  0.44675 0.00000  0.44610 0.00000
 443  0.45250 0.00000  0.44615 0.00000
 444  0.44766 0.00000  0.44625 0.00000
 445  0.44426 0.00000  0.44619 0.00000
 446  0.44268 0.00000  0.44618 0.00000
 447  0.44628 0.00000  0.44617 0.00000
 448  0.44220 0.00000  0.44621 0.00000
 449  0.44984 0.00000  0.44626 0.00000
 450  0.44184 0.00000  0.44623 0.00000
 451  0.44305 0.00000  0.44624 0.00000
 452  0.44441 0.00000  0.44628 0.00000
 453  0.44799 0.00000  0.44622 0.00000
 454  0.44830 0.00000  0.44624 0.00000
 455  0.44574 0.00000  0.44626 0.00000
 456  0.44020 0.00000  0.44625 0.00000
 457  0.44254 0.00000  0.44631 0.00000
 458  0.44666 0.00000  0.44631 0.00000
 459  0.44963 0.00000  0.44631 0.00000
 460  0.44403 0.00000  0.44631 0.00000
 461  0.45148 0.00000  0.44628 0.00000
 462  0.44506 0.00000  0.44623 0.00000
 463  0.43584 0.00000  0.44623 0.00000
 464  0.43897 0.00000  0.44621 0.00000
 465  0.44328 0.00000  0.44619 0.00000
 466  0.44190 0.00000  0.44618 0.00000
 467  0.44150 0.00000  0.44617 0.00000
 468  0.44861 0.00000  0.44620 0.00000
 469  0.44066 0.00000  0.44622 0.00000
 470  0.44393 0.00000  0.44621 0.00000
 471  0.44360 0.00000  0.44618 0.00000
 472  0.44624 0.00000  0.44614 0.00000
 473  0.44710 0.00000  0.44608 0.00000
 474  0.44810 0.00000  0.44609 0.00000
 475  0.44092 0.00000  0.44608 0.00000
 476  0.43971 0.00000  0.44599 0.00000
 477  0.45299 0.00000  0.44600 0.00000
 478  0.45253 0.00000  0.44601 0.00000
 479  0.44015 0.00000  0.44607 0.00000
 480  0.44348 0.00000  0.44609 0.00000
 481  0.44155 0.00000  0.44607 0.00000
 482  0.44521 0.00000  0.44600 0.00000
 483  0.45047 0.00000  0.44601 0.00000
 484  0.44960 0.00000  0.44608 0.00000
 485  0.44384 0.00000  0.44610 0.00000
 486  0.44344 0.00000  0.44612 0.00000
 487  0.44468 0.00000  0.44616 0.00000
 488  0.44561 0.00000  0.44621 0.00000
 489  0.44105 0.00000  0.44622 0.00000
 490  0.44426 0.00000  0.44622 0.00000
 491  0.44706 0.00000  0.44622 0.00000
 492  0.44413 0.00000  0.44618 0.00000
 493  0.45391 0.00000  0.44622 0.00000
 494  0.44965 0.00000  0.44626 0.00000
 495  0.44598 0.00000  0.44627 0.00000
 496  0.44067 0.00000  0.44623 0.00000
 497  0.44767 0.00000  0.44622 0.00000
 498  0.44260 0.00000  0.44622 0.00000
 499  0.43986 0.00000  0.44620 0.00000
chose model 84 M_rmse_85
chose model 36 M_rmse_37
chose model 17 M_rmse_18
chose model 172 M_rmse_173
chose model 180 M_rmse_181
chose model 196 M_rmse_197
chose model 213 M_rmse_214
chose model 5 M_rmse_6
chose model 211 M_rmse_212
chose model 121 M_rmse_122
processing 4000 predictions...

0%   10   20   30   40   50   60   70   80   90   100%
|----|----|----|----|----|----|----|----|----|----|
***************************************************
 done.
elapsed: [2672.31s cpu, 2429120.3476 mticks, 908.85s wall]
score: 0.4407  baseline: 0.4307  diff: 0.00993
category UNKNOWN: count 0 avg error 0 baseline avg error 0 avg improvement 0
category AUTO: count 1704 avg error 0.0289896 baseline avg error 0.0241654 avg improvement -0.00482422
category POSS: count 2029 avg error 0.216742 baseline avg error 0.201632 avg improvement -0.0151101
category IMP: count 267 avg error 1.07717 baseline avg error 1.09319 avg improvement 0.0160187
overall: count 4000 avg error 0.194193 baseline avg error 0.185543 avg improvement -0.00865047
worst entries: 
0: 3452  label: -1 pred: -0.0122987 bl: -0.4294 POSS error_pred: 0.975554 error_bl: 0.325584 improvement: -0.64997
    min: -0.969  max: 0.9725 avg: 0.002836
explanation: 
no explanation

1: 2721  label: -1 pred: -0.257002 bl: -0.7675 POSS error_pred: 0.552046 error_bl: 0.0540562 improvement: -0.49799
    min: -1  max: 0.448 avg: -0.295502
explanation: 
no explanation

2: 1422  label: -1 pred: 0.359924 bl: 0.1814 IMP error_pred: 1.84939 error_bl: 1.39571 improvement: -0.453688
    min: -0.287  max: 0.801 avg: 0.374506
explanation: 
no explanation

3: 343  label: -1 pred: 0.512217 bl: 0.3604 IMP error_pred: 2.2868 error_bl: 1.85069 improvement: -0.436112
    min: -0.1085  max: 0.9345 avg: 0.54374
explanation: 
no explanation

4: 3954  label: -1 pred: -0.334562 bl: -0.80525 POSS error_pred: 0.442808 error_bl: 0.0379276 improvement: -0.40488
    min: -1  max: 0.5665 avg: -0.398432
explanation: 
no explanation

5: 1082  label: -1 pred: -0.106896 bl: -0.3378 POSS error_pred: 0.797635 error_bl: 0.438509 improvement: -0.359127
    min: -0.733  max: 0.6165 avg: -0.117812
explanation: 
no explanation

6: 698  label: -1 pred: 0.0664869 bl: -0.109 IMP error_pred: 1.13739 error_bl: 0.793881 improvement: -0.343513
    min: -0.3245  max: 0.405 avg: 0.062996
explanation: 
no explanation

7: 2946  label: -1 pred: 0.310621 bl: 0.17975 IMP error_pred: 1.71773 error_bl: 1.39181 improvement: -0.325917
    min: -0.2075  max: 0.597 avg: 0.306006
explanation: 
no explanation

8: 296  label: -1 pred: -0.427819 bl: -0.91215 POSS error_pred: 0.327392 error_bl: 0.00771762 improvement: -0.319674
    min: -1  max: 0.262 avg: -0.557846
explanation: 
no explanation

9: 2775  label: -1 pred: -0.127536 bl: -0.3298 POSS error_pred: 0.761194 error_bl: 0.449168 improvement: -0.312026
    min: -0.5345  max: 0.305 avg: -0.142844
explanation: 
no explanation

10: 2059  label: -1 pred: 0.124725 bl: -0.02305 IMP error_pred: 1.26501 error_bl: 0.954431 improvement: -0.310575
    min: -0.2215  max: 0.556 avg: 0.123206
explanation: 
no explanation

11: 2094  label: -1 pred: -0.0969021 bl: -0.2843 POSS error_pred: 0.815586 error_bl: 0.512227 improvement: -0.303359
    min: -0.52  max: 0.6525 avg: -0.107592
explanation: 
no explanation

12: 708  label: -1 pred: -0.325977 bl: -0.60145 POSS error_pred: 0.454307 error_bl: 0.158842 improvement: -0.295465
    min: -0.9635  max: 0.25 avg: -0.399102
explanation: 
no explanation

13: 3984  label: -1 pred: -0.302318 bl: -0.55785 POSS error_pred: 0.486761 error_bl: 0.195497 improvement: -0.291264
    min: -0.7815  max: 0.2065 avg: -0.36679
explanation: 
no explanation

14: 3285  label: 1 pred: 0.249374 bl: 0.47735 POSS error_pred: 0.563439 error_bl: 0.273163 improvement: -0.290276
    min: -0.419  max: 0.923 avg: 0.227106
explanation: 
no explanation

15: 1302  label: -1 pred: -0.236417 bl: -0.45605 POSS error_pred: 0.58306 error_bl: 0.295882 improvement: -0.287178
    min: -0.9335  max: 0.356 avg: -0.279102
explanation: 
no explanation

16: 3386  label: -1 pred: -0.1433 bl: -0.3283 POSS error_pred: 0.733935 error_bl: 0.451181 improvement: -0.282754
    min: -0.8155  max: 0.602 avg: -0.156918
explanation: 
no explanation

17: 2007  label: -1 pred: 0.0142466 bl: -0.1352 IMP error_pred: 1.0287 error_bl: 0.747879 improvement: -0.280817
    min: -0.426  max: 0.655 avg: 0.003764
explanation: 
no explanation

18: 54  label: -0.5 pred: 0.0912248 bl: -0.22875 POSS error_pred: 0.349547 error_bl: 0.0735766 improvement: -0.27597
    min: -0.9635  max: 0.6955 avg: 0.096754
explanation: 
no explanation

19: 3008  label: -1 pred: -0.160287 bl: -0.3371 POSS error_pred: 0.705119 error_bl: 0.439436 improvement: -0.265682
    min: -0.7235  max: 0.3375 avg: -0.185452
explanation: 
no explanation

20: 1832  label: -1 pred: -0.31173 bl: -0.54165 POSS error_pred: 0.473715 error_bl: 0.210085 improvement: -0.26363
    min: -0.7965  max: 0.1745 avg: -0.38062
explanation: 
no explanation

21: 1551  label: -1 pred: -0.404908 bl: -0.66875 POSS error_pred: 0.354135 error_bl: 0.109727 improvement: -0.244408
    min: -0.8425  max: -0.1355 avg: -0.528314
explanation: 
no explanation

22: 29  label: 1 pred: 0.39356 bl: 0.63455 POSS error_pred: 0.36777 error_bl: 0.133554 improvement: -0.234216
    min: -0.24  max: 0.721 avg: 0.376438
explanation: 
no explanation

23: 2834  label: -1 pred: -0.232404 bl: -0.40125 POSS error_pred: 0.589203 error_bl: 0.358502 improvement: -0.230702
    min: -0.5965  max: -0.0395 avg: -0.278314
explanation: 
no explanation

24: 609  label: -0.5 pred: 0.261925 bl: 0.0921 POSS error_pred: 0.58053 error_bl: 0.350582 improvement: -0.229948
    min: -0.1125  max: 0.692 avg: 0.260642
explanation: 
no explanation

25: 15  label: -1 pred: 0.0449867 bl: -0.071 IMP error_pred: 1.092 error_bl: 0.863041 improvement: -0.228956
    min: -0.476  max: 0.827 avg: 0.04542
explanation: 
no explanation

26: 2480  label: -1 pred: -0.208615 bl: -0.36765 POSS error_pred: 0.62629 error_bl: 0.399866 improvement: -0.226424
    min: -0.5875  max: 0.346 avg: -0.243658
explanation: 
no explanation

27: 1736  label: 1 pred: 0.249108 bl: 0.4156 POSS error_pred: 0.563839 error_bl: 0.341523 improvement: -0.222316
    min: -0.289  max: 0.9105 avg: 0.23818
explanation: 
no explanation

28: 760  label: -1 pred: 0.191997 bl: 0.0953 IMP error_pred: 1.42086 error_bl: 1.19968 improvement: -0.221176
    min: -0.3725  max: 0.659 avg: 0.186988
explanation: 
no explanation

29: 3662  label: -1 pred: -0.472167 bl: -0.7552 POSS error_pred: 0.278608 error_bl: 0.059927 improvement: -0.218681
    min: -0.876  max: -0.266 avg: -0.647784
explanation: 
no explanation

30: 3097  label: -1 pred: 0.215347 bl: 0.12195 IMP error_pred: 1.47707 error_bl: 1.25877 improvement: -0.218297
    min: 0.0235  max: 0.4615 avg: 0.206768
explanation: 
no explanation

31: 3102  label: -1 pred: -0.158237 bl: -0.298 IMP error_pred: 0.708565 error_bl: 0.492804 improvement: -0.215761
    min: -0.4015  max: 0.1045 avg: -0.18891
explanation: 
no explanation

32: 3664  label: -1 pred: -0.441262 bl: -0.6888 POSS error_pred: 0.312188 error_bl: 0.0968454 improvement: -0.215342
    min: -0.9515  max: -0.203 avg: -0.590266
explanation: 
no explanation

33: 3177  label: -1 pred: -0.342453 bl: -0.53255 POSS error_pred: 0.432368 error_bl: 0.218509 improvement: -0.213859
    min: -0.6665  max: 0.1505 avg: -0.428286
explanation: 
no explanation

34: 1023  label: 1 pred: 0.304733 bl: 0.48015 POSS error_pred: 0.483396 error_bl: 0.270244 improvement: -0.213152
    min: -0.3605  max: 0.893 avg: 0.297092
explanation: 
no explanation

35: 2273  label: -1 pred: -0.474507 bl: -0.7453 POSS error_pred: 0.276143 error_bl: 0.0648721 improvement: -0.211271
    min: -1  max: -0.313 avg: -0.65448
explanation: 
no explanation

36: 3473  label: -1 pred: -0.501751 bl: -0.80625 POSS error_pred: 0.248252 error_bl: 0.037539 improvement: -0.210713
    min: -0.9835  max: -0.2415 avg: -0.710686
explanation: 
no explanation

37: 2521  label: -1 pred: -0.213862 bl: -0.36065 POSS error_pred: 0.618013 error_bl: 0.408768 improvement: -0.209244
    min: -0.709  max: 0.0995 avg: -0.253524
explanation: 
no explanation

38: 1692  label: -1 pred: -0.22373 bl: -0.3707 IMP error_pred: 0.602596 error_bl: 0.396018 improvement: -0.206577
    min: -0.439  max: -0.0105 avg: -0.267334
explanation: 
no explanation

39: 2824  label: -1 pred: -0.449668 bl: -0.68795 POSS error_pred: 0.302865 error_bl: 0.0973752 improvement: -0.20549
    min: -0.803  max: -0.2455 avg: -0.61239
explanation: 
no explanation

40: 2449  label: -1 pred: -0.284665 bl: -0.4443 POSS error_pred: 0.511704 error_bl: 0.308802 improvement: -0.202901
    min: -0.607  max: 0.3555 avg: -0.34547
explanation: 
no explanation

41: 2947  label: -1 pred: -0.465281 bl: -0.7112 POSS error_pred: 0.285924 error_bl: 0.0834054 improvement: -0.202519
    min: -0.8255  max: -0.3795 avg: -0.639376
explanation: 
no explanation

42: 3613  label: -1 pred: -0.267095 bl: -0.42095 POSS error_pred: 0.53715 error_bl: 0.335299 improvement: -0.201851
    min: -0.6035  max: -0.026 avg: -0.321852
explanation: 
no explanation

43: 1304  label: -1 pred: -0.437978 bl: -0.66165 POSS error_pred: 0.315868 error_bl: 0.114481 improvement: -0.201388
    min: -1  max: -0.095 avg: -0.588192
explanation: 
no explanation

44: 3337  label: -1 pred: -0.229283 bl: -0.3699 POSS error_pred: 0.594005 error_bl: 0.397026 improvement: -0.196979
    min: -0.8675  max: 0.3395 avg: -0.27508
explanation: 
no explanation

45: 368  label: -1 pred: -0.523374 bl: -0.82455 POSS error_pred: 0.227172 error_bl: 0.0307827 improvement: -0.19639
    min: -1  max: 0.802 avg: -0.756954
explanation: 
no explanation

46: 2033  label: -1 pred: 0.384732 bl: 0.3129 IMP error_pred: 1.91748 error_bl: 1.72371 improvement: -0.193776
    min: -0.032  max: 0.817 avg: 0.389478
explanation: 
no explanation

47: 2255  label: -1 pred: -0.354257 bl: -0.52625 POSS error_pred: 0.416984 error_bl: 0.224439 improvement: -0.192545
    min: -1  max: -0.013 avg: -0.448812
explanation: 
no explanation

48: 722  label: -1 pred: -0.561267 bl: -0.9859 POSS error_pred: 0.192486 error_bl: 0.000198809 improvement: -0.192288
    min: -1  max: -0.419 avg: -0.848224
explanation: 
no explanation

49: 2778  label: -1 pred: -0.474351 bl: -0.70665 POSS error_pred: 0.276307 error_bl: 0.0860542 improvement: -0.190252
    min: -0.9825  max: -0.1055 avg: -0.661854
explanation: 
no explanation

best entries: 
0: 1085  label: -1 pred: 0.510578 bl: 0.71065 IMP error_pred: 2.28185 error_bl: 2.92632 improvement: 0.644477
1: 3309  label: -0.5 pred: 0.464337 bl: 0.68025 IMP error_pred: 0.929947 error_bl: 1.39299 improvement: 0.463043
2: 547  label: 0.5 pred: -0.330293 bl: -0.5661 IMP error_pred: 0.689387 error_bl: 1.13657 improvement: 0.447182
3: 1371  label: -0.5 pred: 0.674709 bl: 0.85075 IMP error_pred: 1.37994 error_bl: 1.82453 improvement: 0.444584
4: 2813  label: 0.5 pred: -0.186761 bl: -0.43855 POSS error_pred: 0.47164 error_bl: 0.880876 improvement: 0.409236
5: 2453  label: 0 pred: -0.505351 bl: -0.80035 POSS error_pred: 0.25538 error_bl: 0.64056 improvement: 0.385181
6: 277  label: -1 pred: 0.311125 bl: 0.45 IMP error_pred: 1.71905 error_bl: 2.1025 improvement: 0.38345
7: 487  label: -0.5 pred: 0.715245 bl: 0.8563 IMP error_pred: 1.47682 error_bl: 1.83955 improvement: 0.362729
8: 378  label: 0 pred: 0.761144 bl: 0.97035 IMP error_pred: 0.579341 error_bl: 0.941579 improvement: 0.362238
9: 993  label: 0 pred: 0.762467 bl: 0.96515 IMP error_pred: 0.581356 error_bl: 0.931515 improvement: 0.350158
10: 2651  label: -0.5 pred: 0.616799 bl: 0.75845 POSS error_pred: 1.24724 error_bl: 1.5837 improvement: 0.336457
11: 477  label: 1 pred: 0.146076 bl: -0.01375 IMP error_pred: 0.729186 error_bl: 1.02769 improvement: 0.298503
12: 3968  label: -1 pred: 0.616822 bl: 0.7066 IMP error_pred: 2.61411 error_bl: 2.91248 improvement: 0.298368
13: 456  label: 1 pred: 0.235773 bl: 0.06075 POSS error_pred: 0.584042 error_bl: 0.882191 improvement: 0.298148
14: 1852  label: -1 pred: 0.309016 bl: 0.4154 IMP error_pred: 1.71352 error_bl: 2.00336 improvement: 0.289835
15: 2700  label: 0.5 pred: -0.361008 bl: -0.5154 POSS error_pred: 0.741334 error_bl: 1.03104 improvement: 0.289703
16: 1541  label: 0 pred: 0.69933 bl: 0.87825 POSS error_pred: 0.489062 error_bl: 0.771323 improvement: 0.282261
17: 2215  label: 1 pred: -0.167321 bl: -0.28135 IMP error_pred: 1.36264 error_bl: 1.64186 improvement: 0.27922
18: 3590  label: 1 pred: 0.0439141 bl: -0.0918 IMP error_pred: 0.9141 error_bl: 1.19203 improvement: 0.277927
19: 819  label: 1 pred: 0.214104 bl: 0.0563 POSS error_pred: 0.617632 error_bl: 0.89057 improvement: 0.272938
20: 1570  label: 1 pred: -0.102434 bl: -0.21975 IMP error_pred: 1.21536 error_bl: 1.48779 improvement: 0.27243
21: 1391  label: -1 pred: 0.516006 bl: 0.60215 IMP error_pred: 2.29827 error_bl: 2.56688 improvement: 0.26861
22: 1639  label: 1 pred: 0.139653 bl: -0.0042 IMP error_pred: 0.740197 error_bl: 1.00842 improvement: 0.26822
23: 3011  label: 0 pred: 0.726109 bl: 0.8898 IMP error_pred: 0.527234 error_bl: 0.791744 improvement: 0.26451
24: 3035  label: 1 pred: 0.0995284 bl: -0.03695 POSS error_pred: 0.810849 error_bl: 1.07527 improvement: 0.264416
25: 2198  label: 0 pred: 0.737779 bl: 0.897 POSS error_pred: 0.544318 error_bl: 0.804609 improvement: 0.260291
26: 3129  label: 0 pred: 0.654194 bl: 0.82775 POSS error_pred: 0.42797 error_bl: 0.68517 improvement: 0.2572
27: 1373  label: 0 pred: 0.702504 bl: 0.86435 POSS error_pred: 0.493511 error_bl: 0.747101 improvement: 0.25359
28: 3516  label: -0.5 pred: 0.181231 bl: 0.34635 POSS error_pred: 0.464075 error_bl: 0.716308 improvement: 0.252233
29: 242  label: -0.5 pred: 0.484897 bl: 0.60415 IMP error_pred: 0.970023 error_bl: 1.21915 improvement: 0.249124
30: 3644  label: -1 pred: 0.203964 bl: 0.30295 IMP error_pred: 1.44953 error_bl: 1.69768 improvement: 0.24815
31: 3489  label: 0 pred: 0.666494 bl: 0.82145 POSS error_pred: 0.444215 error_bl: 0.67478 improvement: 0.230565
32: 775  label: 0 pred: 0.748458 bl: 0.8884 IMP error_pred: 0.560189 error_bl: 0.789255 improvement: 0.229066
33: 2738  label: 1 pred: -0.343964 bl: -0.4264 IMP error_pred: 1.80624 error_bl: 2.03462 improvement: 0.228377
34: 1709  label: -0.5 pred: 0.659587 bl: 0.753 IMP error_pred: 1.34464 error_bl: 1.57001 improvement: 0.225368
35: 794  label: -1 pred: 0.715551 bl: 0.779 IMP error_pred: 2.94311 error_bl: 3.16484 improvement: 0.221728
36: 2245  label: 0 pred: -0.431826 bl: -0.63415 POSS error_pred: 0.186474 error_bl: 0.402146 improvement: 0.215672
37: 2555  label: 1 pred: 0.324209 bl: 0.18145 POSS error_pred: 0.456694 error_bl: 0.670024 improvement: 0.21333
38: 3250  label: 1 pred: 0.30878 bl: 0.16875 POSS error_pred: 0.477785 error_bl: 0.690977 improvement: 0.213191
39: 190  label: -1 pred: 0.329941 bl: 0.40615 IMP error_pred: 1.76874 error_bl: 1.97726 improvement: 0.208514
40: 2328  label: 0 pred: 0.609888 bl: 0.7606 POSS error_pred: 0.371963 error_bl: 0.578512 improvement: 0.206549
41: 3005  label: -0.5 pred: 0.585619 bl: 0.67575 IMP error_pred: 1.17857 error_bl: 1.38239 improvement: 0.20382
42: 2948  label: 0.5 pred: -0.26387 bl: -0.38615 POSS error_pred: 0.583498 error_bl: 0.785262 improvement: 0.201764
43: 1701  label: -0.5 pred: 0.406554 bl: 0.511 IMP error_pred: 0.82184 error_bl: 1.02212 improvement: 0.200281
44: 3817  label: -1 pred: 0.394861 bl: 0.46485 IMP error_pred: 1.94564 error_bl: 2.14579 improvement: 0.200148
45: 663  label: 0.5 pred: 0.62114 bl: 0.9628 POSS error_pred: 0.0146748 error_bl: 0.214184 improvement: 0.199509
46: 420  label: 0.5 pred: -0.365438 bl: -0.4724 IMP error_pred: 0.748983 error_bl: 0.945562 improvement: 0.196578
47: 1182  label: -1 pred: 0.464633 bl: 0.52995 IMP error_pred: 2.14515 error_bl: 2.34075 improvement: 0.195596
48: 221  label: 1 pred: -0.155196 bl: -0.2361 IMP error_pred: 1.33448 error_bl: 1.52794 improvement: 0.193464
49: 232  label: 1 pred: 0.111501 bl: 0.00965 IMP error_pred: 0.78943 error_bl: 0.980793 improvement: 0.191363

total is 0
score for UNKNOWN: nan baseline: nan diff:    nan
total is 1704
score for AUTO: 0.1703 baseline: 0.1555 diff: 0.0148
total is 2029
score for POSS: 0.4656 baseline: 0.4490 diff: 0.0165
total is 267
score for IMP: 1.0379 baseline: 1.0456 diff: -0.0077
writing 20000 official test outputs

0%   10   20   30   40   50   60   70   80   90   100%
|----|----|----|----|----|----|----|----|----|----|
***************************************************
scores: [ 0.440673 ]
0.4407 +/-    nan
2509.21user 167.36system 15:11.07elapsed 293%CPU (0avgtext+0avgdata 0maxresident)k
0inputs+448outputs (0major+65798097minor)pagefaults 0swaps
