loading data...Twoway_Layer::random_fill(): limit = 0.141421 ni = 50 no = 50
Twoway_Layer::random_fill(): limit = 0.141421 ni = 50 no = 1
iter  ---- train ----  ---- test -----
         rmse     auc     rmse     auc
   0  0.93994 0.00000  0.79610 0.06792
   1  0.75348 0.00000  0.69015 0.06428
   2  0.67966 0.00000  0.65132 0.06377
   3  0.65252 0.00000  0.63468 0.06357
   4  0.63702 0.00000  0.62663 0.06344
   5  0.63377 0.00000  0.62235 0.06337
   6  0.63388 0.00000  0.61995 0.06328
   7  0.62182 0.00000  0.61821 0.06322
   8  0.62911 0.00000  0.61731 0.06316
   9  0.62417 0.00000  0.61661 0.06311
  10  0.62125 0.00000  0.61617 0.06308
  11  0.62619 0.00000  0.61584 0.06304
  12  0.62384 0.00000  0.61565 0.06302
  13  0.62701 0.00000  0.61551 0.06299
  14  0.62187 0.00000  0.61522 0.06295
  15  0.62241 0.00000  0.61509 0.06292
  16  0.62243 0.00000  0.61504 0.06290
  17  0.62443 0.00000  0.61495 0.06288
  18  0.62242 0.00000  0.61496 0.06286
  19  0.63043 0.00000  0.61494 0.06283
  20  0.62747 0.00000  0.61486 0.06281
  21  0.62682 0.00000  0.61488 0.06278
  22  0.62424 0.00000  0.61487 0.06276
  23  0.62665 0.00000  0.61483 0.06274
  24  0.62870 0.00000  0.61486 0.06271
  25  0.62439 0.00000  0.61487 0.06269
  26  0.62516 0.00000  0.61483 0.06267
  27  0.62369 0.00000  0.61484 0.06265
  28  0.62975 0.00000  0.61483 0.06264
  29  0.61856 0.00000  0.61473 0.06262
  30  0.62256 0.00000  0.61475 0.06261
  31  0.62360 0.00000  0.61480 0.06259
  32  0.62626 0.00000  0.61476 0.06258
  33  0.61975 0.00000  0.61480 0.06256
  34  0.62773 0.00000  0.61475 0.06255
  35  0.62495 0.00000  0.61472 0.06253
  36  0.62141 0.00000  0.61469 0.06252
  37  0.62359 0.00000  0.61475 0.06251
  38  0.62280 0.00000  0.61476 0.06251
  39  0.62347 0.00000  0.61472 0.06250
  40  0.62834 0.00000  0.61479 0.06249
  41  0.62365 0.00000  0.61482 0.06249
  42  0.62276 0.00000  0.61483 0.06248
  43  0.62434 0.00000  0.61484 0.06247
  44  0.62114 0.00000  0.61481 0.06246
  45  0.62726 0.00000  0.61496 0.06245
  46  0.62207 0.00000  0.61480 0.06244
  47  0.62296 0.00000  0.61488 0.06243
  48  0.61947 0.00000  0.61480 0.06242
  49  0.62055 0.00000  0.61487 0.06242
  50  0.62370 0.00000  0.61493 0.06242
  51  0.62436 0.00000  0.61488 0.06241
  52  0.62503 0.00000  0.61490 0.06241
  53  0.62250 0.00000  0.61496 0.06240
  54  0.62154 0.00000  0.61497 0.06240
  55  0.63304 0.00000  0.61504 0.06240
  56  0.62459 0.00000  0.61512 0.06239
  57  0.62051 0.00000  0.61517 0.06238
  58  0.61907 0.00000  0.61504 0.06238
  59  0.62485 0.00000  0.61504 0.06237
  60  0.61961 0.00000  0.61499 0.06237
  61  0.62227 0.00000  0.61510 0.06237
  62  0.62520 0.00000  0.61506 0.06237
  63  0.62184 0.00000  0.61511 0.06237
  64  0.61934 0.00000  0.61512 0.06237
  65  0.62671 0.00000  0.61515 0.06236
  66  0.61791 0.00000  0.61511 0.06237
  67  0.62620 0.00000  0.61517 0.06236
  68  0.62852 0.00000  0.61529 0.06235
  69  0.62572 0.00000  0.61524 0.06235
  70  0.62220 0.00000  0.61526 0.06235
  71  0.62336 0.00000  0.61537 0.06235
  72  0.62675 0.00000  0.61538 0.06235
  73  0.62905 0.00000  0.61530 0.06235
  74  0.62110 0.00000  0.61531 0.06235
  75  0.61923 0.00000  0.61525 0.06235
  76  0.62169 0.00000  0.61525 0.06235
  77  0.62344 0.00000  0.61534 0.06234
  78  0.62202 0.00000  0.61533 0.06234
  79  0.62471 0.00000  0.61540 0.06234
  80  0.62663 0.00000  0.61548 0.06234
  81  0.62664 0.00000  0.61551 0.06234
  82  0.62284 0.00000  0.61549 0.06233
  83  0.62004 0.00000  0.61546 0.06234
  84  0.62780 0.00000  0.61555 0.06233
  85  0.62334 0.00000  0.61552 0.06233
  86  0.62482 0.00000  0.61557 0.06232
  87  0.62781 0.00000  0.61560 0.06232
  88  0.62570 0.00000  0.61566 0.06232
  89  0.62071 0.00000  0.61562 0.06232
  90  0.62409 0.00000  0.61563 0.06232
  91  0.62453 0.00000  0.61567 0.06232
  92  0.62156 0.00000  0.61563 0.06232
  93  0.62839 0.00000  0.61572 0.06232
  94  0.62152 0.00000  0.61574 0.06231
  95  0.62304 0.00000  0.61581 0.06231
  96  0.61659 0.00000  0.61573 0.06231
  97  0.62882 0.00000  0.61579 0.06231
  98  0.62137 0.00000  0.61574 0.06231
  99  0.62222 0.00000  0.61574 0.06231
 100  0.62916 0.00000  0.61587 0.06231
 101  0.62339 0.00000  0.61581 0.06231
 102  0.62454 0.00000  0.61587 0.06230
 103  0.61655 0.00000  0.61576 0.06231
 104  0.62764 0.00000  0.61585 0.06231
 105  0.62064 0.00000  0.61585 0.06231
 106  0.62567 0.00000  0.61593 0.06231
 107  0.61941 0.00000  0.61590 0.06231
 108  0.62846 0.00000  0.61601 0.06231
 109  0.62923 0.00000  0.61608 0.06231
 110  0.62643 0.00000  0.61607 0.06231
 111  0.62309 0.00000  0.61601 0.06231
 112  0.62180 0.00000  0.61603 0.06231
 113  0.61886 0.00000  0.61602 0.06232
 114  0.62668 0.00000  0.61607 0.06231
 115  0.62647 0.00000  0.61612 0.06232
 116  0.62413 0.00000  0.61617 0.06232
 117  0.62246 0.00000  0.61614 0.06232
 118  0.61636 0.00000  0.61606 0.06232
 119  0.62988 0.00000  0.61616 0.06232
 120  0.62182 0.00000  0.61614 0.06232
 121  0.62293 0.00000  0.61618 0.06233
 122  0.62809 0.00000  0.61634 0.06232
 123  0.62116 0.00000  0.61630 0.06233
 124  0.61872 0.00000  0.61626 0.06233
 125  0.62296 0.00000  0.61621 0.06233
 126  0.62869 0.00000  0.61630 0.06233
 127  0.62908 0.00000  0.61634 0.06233
 128  0.62584 0.00000  0.61633 0.06233
 129  0.62323 0.00000  0.61629 0.06233
 130  0.62270 0.00000  0.61630 0.06233
 131  0.62378 0.00000  0.61634 0.06234
 132  0.62297 0.00000  0.61635 0.06234
 133  0.62307 0.00000  0.61634 0.06234
 134  0.62137 0.00000  0.61629 0.06234
 135  0.62236 0.00000  0.61626 0.06234
 136  0.62275 0.00000  0.61628 0.06234
 137  0.62197 0.00000  0.61631 0.06234
 138  0.62697 0.00000  0.61643 0.06235
 139  0.62956 0.00000  0.61651 0.06235
 140  0.62419 0.00000  0.61654 0.06235
 141  0.62802 0.00000  0.61661 0.06235
 142  0.62619 0.00000  0.61661 0.06235
 143  0.62915 0.00000  0.61669 0.06235
 144  0.62938 0.00000  0.61666 0.06236
 145  0.62206 0.00000  0.61661 0.06236
 146  0.62333 0.00000  0.61659 0.06236
 147  0.62292 0.00000  0.61656 0.06236
 148  0.62512 0.00000  0.61660 0.06237
 149  0.62864 0.00000  0.61665 0.06237
 150  0.62485 0.00000  0.61663 0.06237
 151  0.61924 0.00000  0.61662 0.06237
 152  0.62880 0.00000  0.61673 0.06237
 153  0.62721 0.00000  0.61671 0.06237
 154  0.62064 0.00000  0.61665 0.06237
 155  0.62575 0.00000  0.61671 0.06237
 156  0.62151 0.00000  0.61672 0.06237
 157  0.62200 0.00000  0.61671 0.06237
 158  0.63070 0.00000  0.61676 0.06237
 159  0.62107 0.00000  0.61669 0.06238
 160  0.62330 0.00000  0.61680 0.06238
 161  0.62292 0.00000  0.61674 0.06238
 162  0.61953 0.00000  0.61668 0.06239
 163  0.62446 0.00000  0.61669 0.06239
 164  0.62255 0.00000  0.61668 0.06239
 165  0.62726 0.00000  0.61677 0.06239
 166  0.62501 0.00000  0.61674 0.06239
 167  0.62830 0.00000  0.61680 0.06239
 168  0.62440 0.00000  0.61680 0.06239
 169  0.62401 0.00000  0.61677 0.06239
 170  0.61993 0.00000  0.61674 0.06239
 171  0.62476 0.00000  0.61678 0.06239
 172  0.62706 0.00000  0.61687 0.06239
 173  0.62535 0.00000  0.61688 0.06240
 174  0.63182 0.00000  0.61691 0.06239
 175  0.62623 0.00000  0.61689 0.06240
 176  0.62685 0.00000  0.61695 0.06240
 177  0.62673 0.00000  0.61694 0.06240
 178  0.62921 0.00000  0.61698 0.06240
 179  0.62194 0.00000  0.61695 0.06240
 180  0.62546 0.00000  0.61693 0.06240
 181  0.62219 0.00000  0.61689 0.06240
 182  0.63312 0.00000  0.61694 0.06240
 183  0.62409 0.00000  0.61696 0.06241
 184  0.62551 0.00000  0.61702 0.06241
 185  0.62868 0.00000  0.61703 0.06241
 186  0.62277 0.00000  0.61697 0.06241
 187  0.62666 0.00000  0.61694 0.06241
 188  0.62723 0.00000  0.61697 0.06241
 189  0.62389 0.00000  0.61696 0.06241
 190  0.62208 0.00000  0.61694 0.06241
 191  0.62953 0.00000  0.61700 0.06241
 192  0.62666 0.00000  0.61707 0.06241
 193  0.63078 0.00000  0.61711 0.06241
 194  0.62592 0.00000  0.61712 0.06241
 195  0.62384 0.00000  0.61715 0.06241
 196  0.62207 0.00000  0.61712 0.06242
 197  0.62110 0.00000  0.61703 0.06242
 198  0.62470 0.00000  0.61704 0.06242
 199  0.62726 0.00000  0.61705 0.06242
 200  0.62733 0.00000  0.61710 0.06242
 201  0.62014 0.00000  0.61702 0.06242
 202  0.62713 0.00000  0.61710 0.06242
 203  0.62610 0.00000  0.61718 0.06242
 204  0.63208 0.00000  0.61716 0.06242
 205  0.62875 0.00000  0.61721 0.06242
 206  0.62483 0.00000  0.61725 0.06242
 207  0.62581 0.00000  0.61718 0.06242
 208  0.62292 0.00000  0.61717 0.06243
 209  0.62397 0.00000  0.61716 0.06243
 210  0.62672 0.00000  0.61711 0.06243
 211  0.62656 0.00000  0.61718 0.06243
 212  0.62654 0.00000  0.61718 0.06243
 213  0.62585 0.00000  0.61720 0.06243
 214  0.62713 0.00000  0.61723 0.06243
 215  0.62698 0.00000  0.61719 0.06243
 216  0.63117 0.00000  0.61723 0.06243
 217  0.62494 0.00000  0.61722 0.06243
 218  0.62081 0.00000  0.61720 0.06243
 219  0.62303 0.00000  0.61720 0.06244
 220  0.62714 0.00000  0.61718 0.06244
 221  0.62984 0.00000  0.61725 0.06244
 222  0.63181 0.00000  0.61734 0.06244
 223  0.62843 0.00000  0.61735 0.06244
 224  0.62020 0.00000  0.61725 0.06244
 225  0.62628 0.00000  0.61728 0.06244
 226  0.62724 0.00000  0.61728 0.06244
 227  0.62134 0.00000  0.61733 0.06244
 228  0.62984 0.00000  0.61742 0.06244
 229  0.62691 0.00000  0.61734 0.06244
 230  0.63474 0.00000  0.61740 0.06244
 231  0.62165 0.00000  0.61739 0.06244
 232  0.62612 0.00000  0.61738 0.06244
 233  0.62954 0.00000  0.61743 0.06244
 234  0.62476 0.00000  0.61738 0.06244
 235  0.62976 0.00000  0.61742 0.06244
 236  0.62503 0.00000  0.61737 0.06245
 237  0.62529 0.00000  0.61738 0.06245
 238  0.62266 0.00000  0.61732 0.06245
 239  0.62608 0.00000  0.61731 0.06245
 240  0.62984 0.00000  0.61739 0.06245
 241  0.63384 0.00000  0.61744 0.06245
 242  0.62618 0.00000  0.61742 0.06245
 243  0.62947 0.00000  0.61745 0.06245
 244  0.62757 0.00000  0.61747 0.06245
 245  0.62233 0.00000  0.61740 0.06245
 246  0.61879 0.00000  0.61731 0.06245
 247  0.62380 0.00000  0.61730 0.06245
 248  0.62579 0.00000  0.61731 0.06245
 249  0.62180 0.00000  0.61727 0.06245
 250  0.62585 0.00000  0.61723 0.06245
 251  0.62710 0.00000  0.61728 0.06245
 252  0.62801 0.00000  0.61737 0.06245
 253  0.62566 0.00000  0.61740 0.06245
 254  0.62400 0.00000  0.61739 0.06246
 255  0.62938 0.00000  0.61741 0.06246
 256  0.61950 0.00000  0.61734 0.06246
 257  0.62758 0.00000  0.61735 0.06246
 258  0.62137 0.00000  0.61731 0.06246
 259  0.62169 0.00000  0.61723 0.06246
 260  0.62010 0.00000  0.61720 0.06246
 261  0.62353 0.00000  0.61722 0.06246
 262  0.62709 0.00000  0.61726 0.06246
 263  0.62828 0.00000  0.61731 0.06246
 264  0.62839 0.00000  0.61734 0.06246
 265  0.62568 0.00000  0.61735 0.06246
 266  0.62928 0.00000  0.61740 0.06246
 267  0.62798 0.00000  0.61741 0.06246
 268  0.62646 0.00000  0.61743 0.06246
 269  0.62593 0.00000  0.61743 0.06246
 270  0.62957 0.00000  0.61746 0.06246
 271  0.62060 0.00000  0.61740 0.06246
 272  0.62486 0.00000  0.61739 0.06246
 273  0.63132 0.00000  0.61745 0.06246
 274  0.62862 0.00000  0.61751 0.06246
 275  0.62604 0.00000  0.61753 0.06246
 276  0.62901 0.00000  0.61755 0.06246
 277  0.62587 0.00000  0.61752 0.06246
 278  0.62253 0.00000  0.61751 0.06246
 279  0.62564 0.00000  0.61754 0.06246
 280  0.62745 0.00000  0.61753 0.06246
 281  0.62468 0.00000  0.61756 0.06246
 282  0.63022 0.00000  0.61758 0.06246
 283  0.62300 0.00000  0.61750 0.06246
 284  0.62708 0.00000  0.61757 0.06246
 285  0.62784 0.00000  0.61759 0.06246
 286  0.62063 0.00000  0.61751 0.06246
 287  0.62847 0.00000  0.61752 0.06246
 288  0.62367 0.00000  0.61748 0.06247
 289  0.62458 0.00000  0.61747 0.06247
 290  0.63006 0.00000  0.61750 0.06247
 291  0.62242 0.00000  0.61745 0.06247
 292  0.62375 0.00000  0.61744 0.06247
 293  0.62872 0.00000  0.61745 0.06247
 294  0.62914 0.00000  0.61754 0.06247
 295  0.61999 0.00000  0.61751 0.06247
 296  0.62126 0.00000  0.61748 0.06247
 297  0.62648 0.00000  0.61754 0.06247
 298  0.62581 0.00000  0.61753 0.06247
 299  0.62606 0.00000  0.61751 0.06247
 300  0.62259 0.00000  0.61747 0.06247
 301  0.63067 0.00000  0.61754 0.06247
 302  0.62627 0.00000  0.61752 0.06247
 303  0.62928 0.00000  0.61753 0.06247
 304  0.62667 0.00000  0.61753 0.06247
 305  0.62260 0.00000  0.61749 0.06247
 306  0.62904 0.00000  0.61751 0.06247
 307  0.62867 0.00000  0.61752 0.06247
 308  0.62670 0.00000  0.61760 0.06247
 309  0.62447 0.00000  0.61758 0.06247
 310  0.63159 0.00000  0.61763 0.06247
 311  0.62216 0.00000  0.61754 0.06247
 312  0.62886 0.00000  0.61755 0.06247
 313  0.62460 0.00000  0.61753 0.06247
 314  0.62803 0.00000  0.61756 0.06247
 315  0.63229 0.00000  0.61763 0.06247
 316  0.63084 0.00000  0.61765 0.06247
 317  0.62655 0.00000  0.61763 0.06247
 318  0.61987 0.00000  0.61751 0.06247
 319  0.62975 0.00000  0.61758 0.06247
 320  0.62363 0.00000  0.61756 0.06247
 321  0.62449 0.00000  0.61756 0.06247
 322  0.62790 0.00000  0.61761 0.06247
 323  0.62878 0.00000  0.61765 0.06247
 324  0.62380 0.00000  0.61759 0.06247
 325  0.62618 0.00000  0.61757 0.06247
 326  0.62868 0.00000  0.61761 0.06247
 327  0.62967 0.00000  0.61765 0.06247
 328  0.62838 0.00000  0.61766 0.06247
 329  0.63417 0.00000  0.61776 0.06247
 330  0.62981 0.00000  0.61777 0.06247
 331  0.62931 0.00000  0.61783 0.06247
 332  0.62371 0.00000  0.61774 0.06247
 333  0.62495 0.00000  0.61772 0.06247
 334  0.62244 0.00000  0.61768 0.06247
 335  0.62835 0.00000  0.61771 0.06247
 336  0.62689 0.00000  0.61769 0.06247
 337  0.63057 0.00000  0.61773 0.06247
 338  0.62235 0.00000  0.61764 0.06247
 339  0.62668 0.00000  0.61767 0.06247
 340  0.62710 0.00000  0.61767 0.06247
 341  0.62620 0.00000  0.61768 0.06247
 342  0.62639 0.00000  0.61769 0.06247
 343  0.62700 0.00000  0.61769 0.06247
 344  0.62799 0.00000  0.61774 0.06247
 345  0.63224 0.00000  0.61773 0.06247
 346  0.62401 0.00000  0.61769 0.06247
 347  0.61979 0.00000  0.61763 0.06247
 348  0.62325 0.00000  0.61759 0.06247
 349  0.63093 0.00000  0.61765 0.06247
 350  0.62280 0.00000  0.61760 0.06247
 351  0.62581 0.00000  0.61762 0.06247
 352  0.62900 0.00000  0.61764 0.06247
 353  0.62393 0.00000  0.61763 0.06247
 354  0.62638 0.00000  0.61763 0.06247
 355  0.62517 0.00000  0.61764 0.06247
 356  0.62093 0.00000  0.61757 0.06248
 357  0.62505 0.00000  0.61754 0.06248
 358  0.62149 0.00000  0.61748 0.06248
 359  0.62882 0.00000  0.61753 0.06248
 360  0.62866 0.00000  0.61761 0.06248
 361  0.62675 0.00000  0.61765 0.06247
 362  0.62574 0.00000  0.61764 0.06248
 363  0.62624 0.00000  0.61761 0.06248
 364  0.62641 0.00000  0.61762 0.06248
 365  0.62067 0.00000  0.61762 0.06248
 366  0.62851 0.00000  0.61767 0.06248
 367  0.62597 0.00000  0.61769 0.06247
 368  0.62233 0.00000  0.61764 0.06248
 369  0.62672 0.00000  0.61765 0.06248
 370  0.62502 0.00000  0.61765 0.06248
 371  0.62733 0.00000  0.61771 0.06248
 372  0.62444 0.00000  0.61767 0.06248
 373  0.62390 0.00000  0.61762 0.06248
 374  0.62474 0.00000  0.61764 0.06248
 375  0.63246 0.00000  0.61772 0.06248
 376  0.62739 0.00000  0.61768 0.06248
 377  0.62584 0.00000  0.61769 0.06247
 378  0.62740 0.00000  0.61769 0.06247
 379  0.63014 0.00000  0.61772 0.06247
 380  0.62821 0.00000  0.61773 0.06247
 381  0.62352 0.00000  0.61766 0.06248
 382  0.62672 0.00000  0.61764 0.06248
 383  0.62787 0.00000  0.61764 0.06248
 384  0.63211 0.00000  0.61771 0.06248
 385  0.62504 0.00000  0.61764 0.06248
 386  0.62789 0.00000  0.61765 0.06248
 387  0.62816 0.00000  0.61769 0.06248
 388  0.62724 0.00000  0.61770 0.06248
 389  0.62893 0.00000  0.61771 0.06248
 390  0.63184 0.00000  0.61778 0.06248
 391  0.62819 0.00000  0.61781 0.06247
 392  0.62779 0.00000  0.61781 0.06247
 393  0.62657 0.00000  0.61780 0.06248
 394  0.62304 0.00000  0.61773 0.06248
 395  0.62322 0.00000  0.61769 0.06248
 396  0.63628 0.00000  0.61775 0.06248
 397  0.62673 0.00000  0.61771 0.06248
 398  0.62657 0.00000  0.61768 0.06248
 399  0.62506 0.00000  0.61766 0.06248
 400  0.62803 0.00000  0.61769 0.06248
 401  0.62644 0.00000  0.61768 0.06248
 402  0.62371 0.00000  0.61765 0.06248
 403  0.62520 0.00000  0.61766 0.06248
 404  0.62836 0.00000  0.61766 0.06248
 405  0.62599 0.00000  0.61766 0.06248
 406  0.63191 0.00000  0.61771 0.06248
 407  0.62713 0.00000  0.61771 0.06248
 408  0.62207 0.00000  0.61768 0.06248
 409  0.62576 0.00000  0.61773 0.06248
 410  0.62416 0.00000  0.61771 0.06248
 411  0.62395 0.00000  0.61766 0.06248
 412  0.62754 0.00000  0.61768 0.06248
 413  0.62852 0.00000  0.61768 0.06248
 414  0.62149 0.00000  0.61761 0.06248
 415  0.62906 0.00000  0.61766 0.06248
 416  0.62283 0.00000  0.61763 0.06248
 417  0.62344 0.00000  0.61762 0.06248
 418  0.62769 0.00000  0.61763 0.06248
 419  0.62677 0.00000  0.61762 0.06248
 420  0.62509 0.00000  0.61759 0.06248
 421  0.62775 0.00000  0.61761 0.06249
 422  0.62613 0.00000  0.61767 0.06249
 423  0.62733 0.00000  0.61771 0.06249
 424  0.62353 0.00000  0.61767 0.06249
 425  0.62232 0.00000  0.61763 0.06249
 426  0.62702 0.00000  0.61766 0.06249
 427  0.62978 0.00000  0.61771 0.06249
 428  0.62843 0.00000  0.61774 0.06249
 429  0.62622 0.00000  0.61772 0.06249
 430  0.62819 0.00000  0.61774 0.06249
 431  0.62727 0.00000  0.61777 0.06249
 432  0.62170 0.00000  0.61772 0.06249
 433  0.62754 0.00000  0.61773 0.06249
 434  0.62050 0.00000  0.61765 0.06249
 435  0.62703 0.00000  0.61765 0.06249
 436  0.62814 0.00000  0.61767 0.06248
 437  0.62554 0.00000  0.61766 0.06249
 438  0.62389 0.00000  0.61765 0.06249
 439  0.62316 0.00000  0.61761 0.06249
 440  0.63020 0.00000  0.61765 0.06249
 441  0.62348 0.00000  0.61762 0.06249
 442  0.62475 0.00000  0.61762 0.06249
 443  0.62717 0.00000  0.61763 0.06249
 444  0.62484 0.00000  0.61764 0.06249
 445  0.62618 0.00000  0.61769 0.06249
 446  0.62592 0.00000  0.61769 0.06248
 447  0.62179 0.00000  0.61763 0.06249
 448  0.62751 0.00000  0.61765 0.06249
 449  0.62289 0.00000  0.61765 0.06249
 450  0.62556 0.00000  0.61767 0.06249
 451  0.62675 0.00000  0.61772 0.06249
 452  0.62688 0.00000  0.61772 0.06249
 453  0.62799 0.00000  0.61773 0.06249
 454  0.63014 0.00000  0.61779 0.06248
 455  0.62547 0.00000  0.61780 0.06248
 456  0.62456 0.00000  0.61775 0.06248
 457  0.62804 0.00000  0.61775 0.06248
 458  0.62369 0.00000  0.61778 0.06249
 459  0.62354 0.00000  0.61776 0.06248
 460  0.62577 0.00000  0.61774 0.06248
 461  0.63014 0.00000  0.61779 0.06249
 462  0.62571 0.00000  0.61780 0.06249
 463  0.62834 0.00000  0.61782 0.06248
 464  0.63121 0.00000  0.61786 0.06248
 465  0.62478 0.00000  0.61781 0.06248
 466  0.63126 0.00000  0.61783 0.06249
 467  0.62978 0.00000  0.61784 0.06248
 468  0.62427 0.00000  0.61778 0.06249
 469  0.62290 0.00000  0.61774 0.06249
 470  0.62739 0.00000  0.61773 0.06248
 471  0.62931 0.00000  0.61777 0.06248
 472  0.62880 0.00000  0.61779 0.06248
 473  0.62078 0.00000  0.61773 0.06248
 474  0.62657 0.00000  0.61772 0.06248
 475  0.62309 0.00000  0.61770 0.06248
 476  0.62556 0.00000  0.61769 0.06248
 477  0.62459 0.00000  0.61769 0.06248
 478  0.62939 0.00000  0.61773 0.06249
 479  0.62755 0.00000  0.61773 0.06249
 480  0.62836 0.00000  0.61775 0.06249
 481  0.62474 0.00000  0.61773 0.06249
 482  0.62265 0.00000  0.61769 0.06249
 483  0.62524 0.00000  0.61767 0.06249
 484  0.62441 0.00000  0.61769 0.06249
 485  0.62805 0.00000  0.61769 0.06249
 486  0.61925 0.00000  0.61764 0.06249
 487  0.62739 0.00000  0.61763 0.06249
 488  0.62958 0.00000  0.61768 0.06249
 489  0.62869 0.00000  0.61771 0.06249
 490  0.62941 0.00000  0.61776 0.06249
 491  0.62448 0.00000  0.61772 0.06249
 492  0.62933 0.00000  0.61775 0.06249
 493  0.62297 0.00000  0.61775 0.06249
 494  0.62436 0.00000  0.61776 0.06249
 495  0.62656 0.00000  0.61778 0.06249
 496  0.62871 0.00000  0.61779 0.06249
 497  0.62758 0.00000  0.61781 0.06249
 498  0.62475 0.00000  0.61780 0.06249
 499  0.62162 0.00000  0.61774 0.06249
chose model 123 S_auc_124
chose model 167 S_auc_168
chose model 88 S_auc_89
chose model 150 S_auc_151
chose model 140 S_auc_141
chose model 71 S_auc_72
chose model 81 S_auc_82
chose model 7 S_auc_8
chose model 65 S_auc_66
chose model 64 S_auc_65
processing 3000 predictions...

0%   10   20   30   40   50   60   70   80   90   100%
|----|----|----|----|----|----|----|----|----|----|
***************************************************
 done.
elapsed: [2654.07s cpu, 2524229.9643 mticks, 944.44s wall]
score: 0.0611  baseline: 0.0597  diff: 0.00140
category UNKNOWN: count 0 avg error 0 baseline avg error 0 avg improvement 0
category AUTO: count 1792 avg error 0.027845 baseline avg error 0.0277302 avg improvement -0.000114788
category POSS: count 1046 avg error 0.0822218 baseline avg error 0.080278 avg improvement -0.00194376
category IMP: count 162 avg error 0.291804 baseline avg error 0.279722 avg improvement -0.0120816
overall: count 3000 avg error 0.0610582 baseline avg error 0.0596595 avg improvement -0.00139869
worst entries: 
0: 2237  label: -1 pred: 0.878315 bl: 0.5297 IMP error_pred: 0.636563 error_bl: 0.350301 improvement: -0.286262
    min: 0.305  max: 1 avg: 0.733557
explanation: 
no explanation

1: 280  label: 1 pred: -0.535904 bl: 0.28535 POSS error_pred: 0.390452 error_bl: 0.161125 improvement: -0.229327
    min: -0.6345  max: 0.495 avg: -0.0180125
explanation: 
no explanation

2: 1392  label: -1 pred: 0.754727 bl: 0.46165 IMP error_pred: 0.458675 error_bl: 0.261084 improvement: -0.197592
    min: 0.283  max: 0.975 avg: 0.631598
explanation: 
no explanation

3: 678  label: -1 pred: 0.840722 bl: 0.55305 IMP error_pred: 0.571429 error_bl: 0.377668 improvement: -0.19376
    min: 0.361  max: 0.947 avg: 0.687347
explanation: 
no explanation

4: 1092  label: 1 pred: -0.90387 bl: -0.11885 POSS error_pred: 0.703325 error_bl: 0.518329 improvement: -0.184996
    min: -1  max: 0.578 avg: -0.303208
explanation: 
no explanation

5: 564  label: 1 pred: -0.452111 bl: 0.2762 POSS error_pred: 0.346121 error_bl: 0.164535 improvement: -0.181586
    min: -0.17  max: 0.438 avg: 0.051225
explanation: 
no explanation

6: 1896  label: -1 pred: 0.629911 bl: 0.3683 POSS error_pred: 0.344828 error_bl: 0.164751 improvement: -0.180077
    min: -0.313  max: 1 avg: 0.541357
explanation: 
no explanation

7: 1442  label: -1 pred: 0.779449 bl: 0.5055 IMP error_pred: 0.488779 error_bl: 0.31746 improvement: -0.171319
    min: 0.271  max: 1 avg: 0.647605
explanation: 
no explanation

8: 707  label: -1 pred: 0.581755 bl: 0.34185 POSS error_pred: 0.31144 error_bl: 0.143952 improvement: -0.167488
    min: -0.04  max: 0.964 avg: 0.500195
explanation: 
no explanation

9: 730  label: -1 pred: 0.924299 bl: 0.67705 IMP error_pred: 0.723043 error_bl: 0.55665 improvement: -0.166393
    min: 0.3935  max: 1 avg: 0.789265
explanation: 
no explanation

10: 2026  label: 1 pred: -0.624828 bl: 0.1218 POSS error_pred: 0.442455 error_bl: 0.286445 improvement: -0.15601
    min: -0.278  max: 0.244 avg: -0.03938
explanation: 
no explanation

11: 1906  label: 1 pred: -0.596556 bl: 0.1416 POSS error_pred: 0.426257 error_bl: 0.272805 improvement: -0.153453
    min: -0.5435  max: 0.3075 avg: -0.02895
explanation: 
no explanation

12: 974  label: 1 pred: -0.694065 bl: 0.0663 POSS error_pred: 0.487639 error_bl: 0.336743 improvement: -0.150895
    min: -0.423  max: 0.331 avg: -0.086565
explanation: 
no explanation

13: 745  label: 1 pred: -0.957806 bl: -0.2459 POSS error_pred: 0.781756 error_bl: 0.648764 improvement: -0.132992
    min: -0.9205  max: 0.1465 avg: -0.37136
explanation: 
no explanation

14: 1016  label: -1 pred: 0.392826 bl: 0.2141 POSS error_pred: 0.204707 error_bl: 0.0738916 improvement: -0.130816
    min: -0.0155  max: 0.858 avg: 0.439985
explanation: 
no explanation

15: 2856  label: 1 pred: -0.420847 bl: 0.2182 POSS error_pred: 0.333333 error_bl: 0.206309 improvement: -0.127025
    min: -0.2225  max: 0.3815 avg: 0.071735
explanation: 
no explanation

16: 2944  label: -1 pred: 0.361195 bl: 0.1924 POSS error_pred: 0.192118 error_bl: 0.0678708 improvement: -0.124247
    min: -0.213  max: 0.868 avg: 0.423062
explanation: 
no explanation

17: 1430  label: -1 pred: 0.799321 bl: 0.5584 IMP error_pred: 0.509031 error_bl: 0.385331 improvement: -0.1237
    min: 0.4275  max: 0.838 avg: 0.65181
explanation: 
no explanation

18: 536  label: 1 pred: -0.378662 bl: 0.23275 POSS error_pred: 0.313725 error_bl: 0.197783 improvement: -0.115942
    min: -0.2835  max: 0.7705 avg: 0.063525
explanation: 
no explanation

19: 145  label: -1 pred: 0.998091 bl: 0.82585 IMP error_pred: 0.876847 error_bl: 0.762726 improvement: -0.114121
    min: 0.6335  max: 1 avg: 0.889465
explanation: 
no explanation

20: 378  label: 1 pred: -0.361256 bl: 0.23465 POSS error_pred: 0.306905 error_bl: 0.195226 improvement: -0.111679
    min: -0.243  max: 0.369 avg: 0.08818
explanation: 
no explanation

21: 693  label: 1 pred: -0.578546 bl: 0.0924 POSS error_pred: 0.41688 error_bl: 0.306905 improvement: -0.109974
    min: -0.533  max: 0.308 avg: -0.01825
explanation: 
no explanation

22: 2128  label: 1 pred: -0.427008 bl: 0.1906 POSS error_pred: 0.336743 error_bl: 0.230179 improvement: -0.106564
    min: -0.3275  max: 0.276 avg: 0.0661325
explanation: 
no explanation

23: 2573  label: -1 pred: 0.466914 bl: 0.3221 IMP error_pred: 0.238095 error_bl: 0.133005 improvement: -0.10509
    min: 0.067  max: 0.7865 avg: 0.456182
explanation: 
no explanation

24: 2773  label: 1 pred: 0.0134387 bl: 0.4006 POSS error_pred: 0.184996 error_bl: 0.0826939 improvement: -0.102302
    min: -0.037  max: 0.628 avg: 0.239525
explanation: 
no explanation

25: 2436  label: 1 pred: 0.0222851 bl: 0.3994 POSS error_pred: 0.184996 error_bl: 0.0835465 improvement: -0.101449
    min: -0.029  max: 0.526 avg: 0.24376
explanation: 
no explanation

26: 1517  label: 1 pred: -0.566411 bl: 0.0858 POSS error_pred: 0.41006 error_bl: 0.31202 improvement: -0.0980392
    min: -0.4385  max: 0.3975 avg: -0.000215
explanation: 
no explanation

27: 1832  label: 1 pred: -0.200743 bl: 0.3195 POSS error_pred: 0.242114 error_bl: 0.144075 improvement: -0.0980392
    min: -0.1545  max: 0.484 avg: 0.156752
explanation: 
no explanation

28: 2178  label: -1 pred: 0.723021 bl: 0.5149 IMP error_pred: 0.427477 error_bl: 0.330323 improvement: -0.0971538
    min: 0.25  max: 0.9515 avg: 0.59163
explanation: 
no explanation

29: 1067  label: -1 pred: 0.697326 bl: 0.49555 IMP error_pred: 0.399562 error_bl: 0.302682 improvement: -0.0968801
    min: 0.266  max: 0.7795 avg: 0.567093
explanation: 
no explanation

30: 229  label: -1 pred: 0.949901 bl: 0.7574 IMP error_pred: 0.770115 error_bl: 0.673235 improvement: -0.0968801
    min: 0.3445  max: 1 avg: 0.79921
explanation: 
no explanation

31: 150  label: 1 pred: -0.557366 bl: 0.0875 POSS error_pred: 0.40665 error_bl: 0.311168 improvement: -0.0954816
    min: -0.4095  max: 0.239 avg: 0.0059825
explanation: 
no explanation

32: 1966  label: -1 pred: 0.51274 bl: 0.37645 IMP error_pred: 0.267105 error_bl: 0.172414 improvement: -0.0946907
    min: 0.221  max: 0.8325 avg: 0.47711
explanation: 
no explanation

33: 2582  label: 1 pred: -0.0493572 bl: 0.37405 POSS error_pred: 0.199489 error_bl: 0.104859 improvement: -0.0946292
    min: -0.0935  max: 0.92 avg: 0.19763
explanation: 
no explanation

34: 1971  label: -1 pred: 0.393163 bl: 0.29525 POSS error_pred: 0.204707 error_bl: 0.111658 improvement: -0.0930487
    min: -0.13  max: 0.9365 avg: 0.425107
explanation: 
no explanation

35: 409  label: -1 pred: 0.667645 bl: 0.47835 IMP error_pred: 0.375479 error_bl: 0.283525 improvement: -0.091954
    min: 0.2545  max: 0.9005 avg: 0.564202
explanation: 
no explanation

36: 1820  label: -1 pred: 0.455324 bl: 0.33485 POSS error_pred: 0.230432 error_bl: 0.14231 improvement: -0.0881226
    min: -0.1515  max: 0.9415 avg: 0.450822
explanation: 
no explanation

37: 1406  label: -1 pred: 0.446403 bl: 0.3363 IMP error_pred: 0.227696 error_bl: 0.142857 improvement: -0.0848385
    min: 0.1135  max: 0.7045 avg: 0.441905
explanation: 
no explanation

38: 2417  label: 1 pred: -0.808939 bl: -0.12085 POSS error_pred: 0.606138 error_bl: 0.521739 improvement: -0.084399
    min: -0.7555  max: 0.1615 avg: -0.17202
explanation: 
no explanation

39: 2620  label: 1 pred: -0.0480057 bl: 0.35845 POSS error_pred: 0.199489 error_bl: 0.115942 improvement: -0.0835465
    min: -0.107  max: 0.7955 avg: 0.219977
explanation: 
no explanation

40: 1750  label: 1 pred: -0.242755 bl: 0.2635 POSS error_pred: 0.25746 error_bl: 0.173913 improvement: -0.0835465
    min: -0.2155  max: 0.5195 avg: 0.14
explanation: 
no explanation

41: 2185  label: 1 pred: 0.11378 bl: 0.42075 AUTO error_pred: 0.160273 error_bl: 0.0775788 improvement: -0.0826939
    min: 0.0255  max: 0.574 avg: 0.277605
explanation: 
no explanation

42: 557  label: -1 pred: 0.818628 bl: 0.61325 IMP error_pred: 0.54023 error_bl: 0.458402 improvement: -0.0818281
    min: 0.339  max: 0.975 avg: 0.660843
explanation: 
no explanation

43: 2416  label: 1 pred: 0.0215289 bl: 0.3729 AUTO error_pred: 0.184996 error_bl: 0.104859 improvement: -0.0801364
    min: 0.0445  max: 0.4925 avg: 0.253382
explanation: 
no explanation

44: 1353  label: 1 pred: 0.183218 bl: 0.43535 POSS error_pred: 0.14919 error_bl: 0.0699062 improvement: -0.0792839
    min: -0.1475  max: 0.7925 avg: 0.315948
explanation: 
no explanation

45: 1773  label: 1 pred: -0.731305 bl: -0.045 POSS error_pred: 0.521739 error_bl: 0.442455 improvement: -0.0792839
    min: -0.5375  max: 0.3535 avg: -0.09664
explanation: 
no explanation

46: 2772  label: 1 pred: 0.223229 bl: 0.47215 AUTO error_pred: 0.136402 error_bl: 0.0596761 improvement: -0.0767263
    min: 0.023  max: 0.7155 avg: 0.3137
explanation: 
no explanation

47: 2552  label: -1 pred: 0.436465 bl: 0.34645 POSS error_pred: 0.22277 error_bl: 0.146141 improvement: -0.0766284
    min: -0.015  max: 0.817 avg: 0.439192
explanation: 
no explanation

48: 1870  label: -1 pred: 0.748997 bl: 0.5544 IMP error_pred: 0.454297 error_bl: 0.377668 improvement: -0.0766283
    min: 0.3515  max: 0.768 avg: 0.606623
explanation: 
no explanation

49: 2358  label: -1 pred: 0.464909 bl: 0.36475 IMP error_pred: 0.237548 error_bl: 0.163109 improvement: -0.074439
    min: 0.168  max: 0.6845 avg: 0.444402
explanation: 
no explanation

best entries: 
0: 314  label: -1 pred: 0.624112 bl: 0.7058 POSS error_pred: 0.341544 error_bl: 0.598248 improvement: 0.256705
1: 1823  label: -1 pred: 0.505682 bl: 0.63535 POSS error_pred: 0.26382 error_bl: 0.489327 improvement: 0.225506
2: 804  label: -1 pred: 0.569061 bl: 0.6401 IMP error_pred: 0.30104 error_bl: 0.500274 improvement: 0.199234
3: 1951  label: 1 pred: -0.334215 bl: -0.07925 POSS error_pred: 0.297528 error_bl: 0.474851 improvement: 0.177323
4: 2072  label: -1 pred: 0.259325 bl: 0.50915 POSS error_pred: 0.157088 error_bl: 0.322386 improvement: 0.165298
5: 1671  label: -1 pred: 0.298957 bl: 0.5107 POSS error_pred: 0.16694 error_bl: 0.323481 improvement: 0.156541
6: 2008  label: -1 pred: 0.939887 bl: 0.9341 IMP error_pred: 0.748221 error_bl: 0.897646 improvement: 0.149425
7: 132  label: -1 pred: 0.753841 bl: 0.7105 IMP error_pred: 0.458128 error_bl: 0.607006 improvement: 0.148878
8: 2418  label: -1 pred: 0.654609 bl: 0.64805 POSS error_pred: 0.367816 error_bl: 0.514505 improvement: 0.146689
9: 1309  label: 1 pred: 0.55128 bl: 0.2327 AUTO error_pred: 0.0537084 error_bl: 0.197783 improvement: 0.144075
10: 602  label: -1 pred: 0.882686 bl: 0.83805 IMP error_pred: 0.643131 error_bl: 0.779967 improvement: 0.136836
11: 808  label: -1 pred: 0.218908 bl: 0.47085 IMP error_pred: 0.143404 error_bl: 0.272031 improvement: 0.128626
12: 780  label: 1 pred: -0.645422 bl: -0.17025 POSS error_pred: 0.453538 error_bl: 0.581415 improvement: 0.127877
13: 538  label: 1 pred: -0.235244 bl: 0.02615 POSS error_pred: 0.255754 error_bl: 0.381074 improvement: 0.12532
14: 2343  label: -1 pred: 0.6717 bl: 0.63725 IMP error_pred: 0.377121 error_bl: 0.494253 improvement: 0.117132
15: 876  label: 1 pred: 0.203256 bl: 0.1546 POSS error_pred: 0.144928 error_bl: 0.26087 improvement: 0.115942
16: 1879  label: -1 pred: 0.328871 bl: 0.4858 POSS error_pred: 0.179529 error_bl: 0.291188 improvement: 0.111658
17: 1842  label: 1 pred: 0.121423 bl: 0.1546 POSS error_pred: 0.157715 error_bl: 0.26087 improvement: 0.103154
18: 1480  label: 1 pred: -0.254165 bl: 0.04115 POSS error_pred: 0.260017 error_bl: 0.363171 improvement: 0.103154
19: 2596  label: -1 pred: 0.204987 bl: 0.43525 POSS error_pred: 0.137384 error_bl: 0.230432 improvement: 0.0930487
20: 2791  label: 1 pred: 0.407327 bl: 0.2623 AUTO error_pred: 0.0826939 error_bl: 0.175618 improvement: 0.0929241
21: 2522  label: -1 pred: -0.0121893 bl: 0.38295 POSS error_pred: 0.0875753 error_bl: 0.180077 improvement: 0.0925014
22: 2760  label: -1 pred: 0.302878 bl: 0.4613 POSS error_pred: 0.168582 error_bl: 0.260536 improvement: 0.091954
23: 1066  label: -1 pred: 0.343341 bl: 0.47205 POSS error_pred: 0.181171 error_bl: 0.272578 improvement: 0.0914067
24: 578  label: 1 pred: -0.170748 bl: 0.0748 POSS error_pred: 0.231884 error_bl: 0.323103 improvement: 0.0912191
25: 895  label: 1 pred: 0.00554262 bl: 0.136 POSS error_pred: 0.184996 error_bl: 0.275362 improvement: 0.0903666
26: 1997  label: 1 pred: 0.559646 bl: 0.33225 POSS error_pred: 0.0537084 error_bl: 0.14237 improvement: 0.0886616
27: 2100  label: -1 pred: 0.734943 bl: 0.65885 IMP error_pred: 0.440066 error_bl: 0.528188 improvement: 0.0881226
28: 852  label: -1 pred: -0.130308 bl: 0.35825 POSS error_pred: 0.0706076 error_bl: 0.157088 improvement: 0.0864806
29: 376  label: 1 pred: -0.24221 bl: 0.06235 POSS error_pred: 0.255754 error_bl: 0.341432 improvement: 0.0856778
30: 177  label: 1 pred: -0.313795 bl: 0.03445 POSS error_pred: 0.286445 error_bl: 0.371697 improvement: 0.0852515
31: 1461  label: 1 pred: -0.00859625 bl: 0.14605 POSS error_pred: 0.185848 error_bl: 0.269395 improvement: 0.0835465
32: 1911  label: 1 pred: 0.239572 bl: 0.2126 POSS error_pred: 0.131287 error_bl: 0.213981 improvement: 0.082694
33: 2679  label: 1 pred: -0.169865 bl: 0.083 POSS error_pred: 0.231884 error_bl: 0.314578 improvement: 0.0826939
34: 1884  label: -1 pred: 0.0729486 bl: 0.38755 POSS error_pred: 0.104543 error_bl: 0.18555 improvement: 0.0810071
35: 144  label: 1 pred: 0.0600465 bl: 0.16785 POSS error_pred: 0.168798 error_bl: 0.249787 improvement: 0.0809889
36: 1672  label: 1 pred: -0.301438 bl: 0.04605 POSS error_pred: 0.283887 error_bl: 0.359761 improvement: 0.0758739
37: 2016  label: -1 pred: -0.113783 bl: 0.347 POSS error_pred: 0.0722496 error_bl: 0.147783 improvement: 0.0755337
38: 71  label: 1 pred: -0.0832548 bl: 0.1254 POSS error_pred: 0.208866 error_bl: 0.283887 improvement: 0.0750213
39: 873  label: -1 pred: 0.795636 bl: 0.69485 IMP error_pred: 0.505747 error_bl: 0.580733 improvement: 0.0749863
40: 227  label: -1 pred: 0.244716 bl: 0.42815 IMP error_pred: 0.15052 error_bl: 0.225233 improvement: 0.0747126
41: 2014  label: 1 pred: -0.328015 bl: 0.03815 POSS error_pred: 0.292413 error_bl: 0.366581 improvement: 0.0741688
42: 2235  label: 1 pred: -0.124243 bl: 0.11805 POSS error_pred: 0.214834 error_bl: 0.287298 improvement: 0.0724638
43: 380  label: 1 pred: -0.597456 bl: -0.1051 POSS error_pred: 0.42711 error_bl: 0.499574 improvement: 0.0724638
44: 965  label: 1 pred: 0.454452 bl: 0.31495 AUTO error_pred: 0.0741688 error_bl: 0.146633 improvement: 0.0724638
45: 1728  label: -1 pred: 0.299318 bl: 0.43865 IMP error_pred: 0.16694 error_bl: 0.235906 improvement: 0.0689655
46: 221  label: -1 pred: 0.6124 bl: 0.57005 POSS error_pred: 0.331691 error_bl: 0.400109 improvement: 0.0684182
47: 1731  label: 1 pred: 0.366181 bl: 0.2811 POSS error_pred: 0.0946292 error_bl: 0.16283 improvement: 0.0682012
48: 819  label: -1 pred: 0.717868 bl: 0.63165 IMP error_pred: 0.419267 error_bl: 0.48659 improvement: 0.0673235
49: 1321  label: 1 pred: 0.262382 bl: 0.2479 AUTO error_pred: 0.121057 error_bl: 0.187553 improvement: 0.0664962

total is 0
score for UNKNOWN: 1.0000 baseline: 1.0000 diff: 0.0000
total is 1792
score for AUTO: 0.0000 baseline: 0.0000 diff: 0.0000
total is 1046
score for POSS: 0.1882 baseline: 0.1814 diff: 0.0068
total is 162
score for IMP: 1.0000 baseline: 1.0000 diff: 0.0000
writing 15000 official test outputs

0%   10   20   30   40   50   60   70   80   90   100%
|----|----|----|----|----|----|----|----|----|----|
***************************************************
scores: [ 0.0610582 ]
0.0611 +/-    nan
2484.86user 171.94system 15:45.99elapsed 280%CPU (0avgtext+0avgdata 0maxresident)k
0inputs+336outputs (0major+64135401minor)pagefaults 0swaps
