loading data...Twoway_Layer::random_fill(): limit = 0.141421 ni = 50 no = 50
Twoway_Layer::random_fill(): limit = 0.141421 ni = 50 no = 1
iter  ---- train ----  ---- test -----
         rmse     auc     rmse     auc
   0  0.48532 0.00000  0.47500 0.00000
   1  0.46388 0.00000  0.45981 0.00000
   2  0.45200 0.00000  0.45338 0.00000
   3  0.44548 0.00000  0.45015 0.00000
   4  0.43904 0.00000  0.44846 0.00000
   5  0.44223 0.00000  0.44750 0.00000
   6  0.44331 0.00000  0.44693 0.00000
   7  0.44010 0.00000  0.44653 0.00000
   8  0.44142 0.00000  0.44626 0.00000
   9  0.44352 0.00000  0.44608 0.00000
  10  0.43805 0.00000  0.44584 0.00000
  11  0.44533 0.00000  0.44575 0.00000
  12  0.44000 0.00000  0.44559 0.00000
  13  0.44136 0.00000  0.44546 0.00000
  14  0.44397 0.00000  0.44533 0.00000
  15  0.44178 0.00000  0.44524 0.00000
  16  0.43883 0.00000  0.44515 0.00000
  17  0.43958 0.00000  0.44503 0.00000
  18  0.44161 0.00000  0.44498 0.00000
  19  0.43794 0.00000  0.44489 0.00000
  20  0.44172 0.00000  0.44479 0.00000
  21  0.44123 0.00000  0.44471 0.00000
  22  0.44066 0.00000  0.44464 0.00000
  23  0.43944 0.00000  0.44457 0.00000
  24  0.43705 0.00000  0.44446 0.00000
  25  0.43859 0.00000  0.44434 0.00000
  26  0.43683 0.00000  0.44431 0.00000
  27  0.43929 0.00000  0.44422 0.00000
  28  0.43941 0.00000  0.44418 0.00000
  29  0.44033 0.00000  0.44413 0.00000
  30  0.43917 0.00000  0.44407 0.00000
  31  0.43959 0.00000  0.44404 0.00000
  32  0.43787 0.00000  0.44399 0.00000
  33  0.43966 0.00000  0.44394 0.00000
  34  0.44299 0.00000  0.44396 0.00000
  35  0.44096 0.00000  0.44392 0.00000
  36  0.43445 0.00000  0.44385 0.00000
  37  0.43645 0.00000  0.44379 0.00000
  38  0.43909 0.00000  0.44377 0.00000
  39  0.43781 0.00000  0.44373 0.00000
  40  0.44085 0.00000  0.44371 0.00000
  41  0.43894 0.00000  0.44367 0.00000
  42  0.43901 0.00000  0.44361 0.00000
  43  0.44211 0.00000  0.44357 0.00000
  44  0.43753 0.00000  0.44352 0.00000
  45  0.43819 0.00000  0.44353 0.00000
  46  0.43989 0.00000  0.44351 0.00000
  47  0.44015 0.00000  0.44354 0.00000
  48  0.43970 0.00000  0.44351 0.00000
  49  0.44105 0.00000  0.44347 0.00000
  50  0.43667 0.00000  0.44343 0.00000
  51  0.43997 0.00000  0.44341 0.00000
  52  0.43965 0.00000  0.44339 0.00000
  53  0.43897 0.00000  0.44340 0.00000
  54  0.43818 0.00000  0.44340 0.00000
  55  0.43906 0.00000  0.44339 0.00000
  56  0.43895 0.00000  0.44337 0.00000
  57  0.43901 0.00000  0.44333 0.00000
  58  0.43904 0.00000  0.44334 0.00000
  59  0.43853 0.00000  0.44334 0.00000
  60  0.43868 0.00000  0.44337 0.00000
  61  0.43921 0.00000  0.44334 0.00000
  62  0.43908 0.00000  0.44332 0.00000
  63  0.44052 0.00000  0.44338 0.00000
  64  0.43877 0.00000  0.44341 0.00000
  65  0.43721 0.00000  0.44343 0.00000
  66  0.43582 0.00000  0.44344 0.00000
  67  0.43710 0.00000  0.44346 0.00000
  68  0.43847 0.00000  0.44349 0.00000
  69  0.44286 0.00000  0.44354 0.00000
  70  0.43867 0.00000  0.44355 0.00000
  71  0.43726 0.00000  0.44358 0.00000
  72  0.43641 0.00000  0.44363 0.00000
  73  0.43976 0.00000  0.44365 0.00000
  74  0.43959 0.00000  0.44368 0.00000
  75  0.44006 0.00000  0.44371 0.00000
  76  0.43810 0.00000  0.44373 0.00000
  77  0.44316 0.00000  0.44371 0.00000
  78  0.43798 0.00000  0.44368 0.00000
  79  0.43919 0.00000  0.44365 0.00000
  80  0.44081 0.00000  0.44365 0.00000
  81  0.44184 0.00000  0.44372 0.00000
  82  0.43984 0.00000  0.44371 0.00000
  83  0.43713 0.00000  0.44373 0.00000
  84  0.43588 0.00000  0.44373 0.00000
  85  0.44057 0.00000  0.44371 0.00000
  86  0.43665 0.00000  0.44370 0.00000
  87  0.43675 0.00000  0.44368 0.00000
  88  0.43907 0.00000  0.44370 0.00000
  89  0.43722 0.00000  0.44373 0.00000
  90  0.43733 0.00000  0.44376 0.00000
  91  0.43761 0.00000  0.44375 0.00000
  92  0.44030 0.00000  0.44380 0.00000
  93  0.43722 0.00000  0.44382 0.00000
  94  0.44143 0.00000  0.44386 0.00000
  95  0.43972 0.00000  0.44390 0.00000
  96  0.44053 0.00000  0.44394 0.00000
  97  0.43641 0.00000  0.44392 0.00000
  98  0.43654 0.00000  0.44397 0.00000
  99  0.43726 0.00000  0.44401 0.00000
 100  0.43728 0.00000  0.44400 0.00000
 101  0.44084 0.00000  0.44405 0.00000
 102  0.44009 0.00000  0.44409 0.00000
 103  0.44076 0.00000  0.44412 0.00000
 104  0.44410 0.00000  0.44421 0.00000
 105  0.43826 0.00000  0.44419 0.00000
 106  0.43854 0.00000  0.44425 0.00000
 107  0.43571 0.00000  0.44422 0.00000
 108  0.43811 0.00000  0.44426 0.00000
 109  0.44246 0.00000  0.44430 0.00000
 110  0.44284 0.00000  0.44429 0.00000
 111  0.43815 0.00000  0.44431 0.00000
 112  0.43954 0.00000  0.44431 0.00000
 113  0.43973 0.00000  0.44435 0.00000
 114  0.44211 0.00000  0.44439 0.00000
 115  0.44116 0.00000  0.44447 0.00000
 116  0.44211 0.00000  0.44455 0.00000
 117  0.43886 0.00000  0.44459 0.00000
 118  0.43897 0.00000  0.44456 0.00000
 119  0.43891 0.00000  0.44459 0.00000
 120  0.43854 0.00000  0.44459 0.00000
 121  0.43849 0.00000  0.44461 0.00000
 122  0.43621 0.00000  0.44461 0.00000
 123  0.44091 0.00000  0.44462 0.00000
 124  0.44239 0.00000  0.44465 0.00000
 125  0.44133 0.00000  0.44468 0.00000
 126  0.44014 0.00000  0.44472 0.00000
 127  0.44646 0.00000  0.44477 0.00000
 128  0.43772 0.00000  0.44476 0.00000
 129  0.44099 0.00000  0.44479 0.00000
 130  0.44200 0.00000  0.44479 0.00000
 131  0.43736 0.00000  0.44481 0.00000
 132  0.43926 0.00000  0.44488 0.00000
 133  0.44123 0.00000  0.44490 0.00000
 134  0.44404 0.00000  0.44493 0.00000
 135  0.43813 0.00000  0.44500 0.00000
 136  0.44022 0.00000  0.44495 0.00000
 137  0.44193 0.00000  0.44498 0.00000
 138  0.44160 0.00000  0.44507 0.00000
 139  0.44163 0.00000  0.44511 0.00000
 140  0.43924 0.00000  0.44510 0.00000
 141  0.44059 0.00000  0.44511 0.00000
 142  0.44134 0.00000  0.44515 0.00000
 143  0.44471 0.00000  0.44516 0.00000
 144  0.43929 0.00000  0.44517 0.00000
 145  0.44273 0.00000  0.44526 0.00000
 146  0.44080 0.00000  0.44525 0.00000
 147  0.44092 0.00000  0.44526 0.00000
 148  0.44115 0.00000  0.44526 0.00000
 149  0.44262 0.00000  0.44528 0.00000
 150  0.43780 0.00000  0.44533 0.00000
 151  0.44093 0.00000  0.44529 0.00000
 152  0.44040 0.00000  0.44530 0.00000
 153  0.44053 0.00000  0.44534 0.00000
 154  0.44106 0.00000  0.44533 0.00000
 155  0.43709 0.00000  0.44535 0.00000
 156  0.44319 0.00000  0.44536 0.00000
 157  0.43734 0.00000  0.44536 0.00000
 158  0.44145 0.00000  0.44534 0.00000
 159  0.43908 0.00000  0.44537 0.00000
 160  0.44034 0.00000  0.44541 0.00000
 161  0.44188 0.00000  0.44545 0.00000
 162  0.43760 0.00000  0.44548 0.00000
 163  0.43651 0.00000  0.44548 0.00000
 164  0.43794 0.00000  0.44546 0.00000
 165  0.44481 0.00000  0.44551 0.00000
 166  0.44319 0.00000  0.44555 0.00000
 167  0.43948 0.00000  0.44556 0.00000
 168  0.44369 0.00000  0.44554 0.00000
 169  0.44275 0.00000  0.44560 0.00000
 170  0.43899 0.00000  0.44559 0.00000
 171  0.44330 0.00000  0.44564 0.00000
 172  0.44147 0.00000  0.44566 0.00000
 173  0.43703 0.00000  0.44568 0.00000
 174  0.44107 0.00000  0.44568 0.00000
 175  0.44114 0.00000  0.44569 0.00000
 176  0.44045 0.00000  0.44566 0.00000
 177  0.43957 0.00000  0.44567 0.00000
 178  0.43750 0.00000  0.44566 0.00000
 179  0.43846 0.00000  0.44565 0.00000
 180  0.44282 0.00000  0.44566 0.00000
 181  0.43962 0.00000  0.44569 0.00000
 182  0.44341 0.00000  0.44570 0.00000
 183  0.44192 0.00000  0.44575 0.00000
 184  0.44084 0.00000  0.44576 0.00000
 185  0.44178 0.00000  0.44577 0.00000
 186  0.43960 0.00000  0.44578 0.00000
 187  0.43767 0.00000  0.44582 0.00000
 188  0.44350 0.00000  0.44578 0.00000
 189  0.43799 0.00000  0.44577 0.00000
 190  0.43870 0.00000  0.44575 0.00000
 191  0.44127 0.00000  0.44576 0.00000
 192  0.44221 0.00000  0.44578 0.00000
 193  0.44703 0.00000  0.44583 0.00000
 194  0.44250 0.00000  0.44584 0.00000
 195  0.43999 0.00000  0.44587 0.00000
 196  0.44305 0.00000  0.44589 0.00000
 197  0.43878 0.00000  0.44593 0.00000
 198  0.44129 0.00000  0.44591 0.00000
 199  0.43880 0.00000  0.44587 0.00000
 200  0.44322 0.00000  0.44588 0.00000
 201  0.43901 0.00000  0.44592 0.00000
 202  0.44265 0.00000  0.44599 0.00000
 203  0.44399 0.00000  0.44602 0.00000
 204  0.43781 0.00000  0.44605 0.00000
 205  0.44108 0.00000  0.44605 0.00000
 206  0.44240 0.00000  0.44606 0.00000
 207  0.43979 0.00000  0.44608 0.00000
 208  0.44162 0.00000  0.44610 0.00000
 209  0.43923 0.00000  0.44610 0.00000
 210  0.43698 0.00000  0.44611 0.00000
 211  0.44280 0.00000  0.44608 0.00000
 212  0.43999 0.00000  0.44608 0.00000
 213  0.44258 0.00000  0.44608 0.00000
 214  0.44466 0.00000  0.44611 0.00000
 215  0.43868 0.00000  0.44608 0.00000
 216  0.44019 0.00000  0.44614 0.00000
 217  0.44125 0.00000  0.44618 0.00000
 218  0.43951 0.00000  0.44616 0.00000
 219  0.43973 0.00000  0.44618 0.00000
 220  0.44063 0.00000  0.44614 0.00000
 221  0.43787 0.00000  0.44618 0.00000
 222  0.44107 0.00000  0.44617 0.00000
 223  0.44065 0.00000  0.44621 0.00000
 224  0.44234 0.00000  0.44620 0.00000
 225  0.43802 0.00000  0.44619 0.00000
 226  0.44141 0.00000  0.44619 0.00000
 227  0.44175 0.00000  0.44619 0.00000
 228  0.44087 0.00000  0.44619 0.00000
 229  0.44137 0.00000  0.44618 0.00000
 230  0.44086 0.00000  0.44614 0.00000
 231  0.44036 0.00000  0.44615 0.00000
 232  0.43979 0.00000  0.44619 0.00000
 233  0.44308 0.00000  0.44622 0.00000
 234  0.43980 0.00000  0.44627 0.00000
 235  0.44008 0.00000  0.44628 0.00000
 236  0.43985 0.00000  0.44630 0.00000
 237  0.44220 0.00000  0.44629 0.00000
 238  0.44303 0.00000  0.44634 0.00000
 239  0.44436 0.00000  0.44637 0.00000
 240  0.44138 0.00000  0.44637 0.00000
 241  0.44302 0.00000  0.44638 0.00000
 242  0.44070 0.00000  0.44638 0.00000
 243  0.44244 0.00000  0.44634 0.00000
 244  0.44274 0.00000  0.44635 0.00000
 245  0.44079 0.00000  0.44638 0.00000
 246  0.44160 0.00000  0.44640 0.00000
 247  0.44146 0.00000  0.44641 0.00000
 248  0.44139 0.00000  0.44635 0.00000
 249  0.44165 0.00000  0.44634 0.00000
 250  0.44236 0.00000  0.44636 0.00000
 251  0.44063 0.00000  0.44637 0.00000
 252  0.44018 0.00000  0.44636 0.00000
 253  0.44137 0.00000  0.44633 0.00000
 254  0.44345 0.00000  0.44634 0.00000
 255  0.44163 0.00000  0.44630 0.00000
 256  0.44149 0.00000  0.44629 0.00000
 257  0.44175 0.00000  0.44630 0.00000
 258  0.44577 0.00000  0.44632 0.00000
 259  0.44250 0.00000  0.44636 0.00000
 260  0.43829 0.00000  0.44639 0.00000
 261  0.44217 0.00000  0.44640 0.00000
 262  0.43758 0.00000  0.44636 0.00000
 263  0.44348 0.00000  0.44636 0.00000
 264  0.44121 0.00000  0.44635 0.00000
 265  0.44174 0.00000  0.44636 0.00000
 266  0.43915 0.00000  0.44639 0.00000
 267  0.44306 0.00000  0.44639 0.00000
 268  0.43997 0.00000  0.44641 0.00000
 269  0.43879 0.00000  0.44643 0.00000
 270  0.43890 0.00000  0.44647 0.00000
 271  0.44288 0.00000  0.44646 0.00000
 272  0.44234 0.00000  0.44648 0.00000
 273  0.44230 0.00000  0.44646 0.00000
 274  0.44016 0.00000  0.44644 0.00000
 275  0.44307 0.00000  0.44642 0.00000
 276  0.44294 0.00000  0.44648 0.00000
 277  0.44381 0.00000  0.44649 0.00000
 278  0.43945 0.00000  0.44655 0.00000
 279  0.44159 0.00000  0.44655 0.00000
 280  0.44046 0.00000  0.44662 0.00000
 281  0.44375 0.00000  0.44660 0.00000
 282  0.44131 0.00000  0.44659 0.00000
 283  0.44184 0.00000  0.44657 0.00000
 284  0.44046 0.00000  0.44659 0.00000
 285  0.44214 0.00000  0.44658 0.00000
 286  0.43985 0.00000  0.44660 0.00000
 287  0.43811 0.00000  0.44659 0.00000
 288  0.44384 0.00000  0.44662 0.00000
 289  0.44128 0.00000  0.44666 0.00000
 290  0.44092 0.00000  0.44663 0.00000
 291  0.44244 0.00000  0.44665 0.00000
 292  0.43784 0.00000  0.44664 0.00000
 293  0.44137 0.00000  0.44660 0.00000
 294  0.44121 0.00000  0.44656 0.00000
 295  0.44053 0.00000  0.44656 0.00000
 296  0.43989 0.00000  0.44657 0.00000
 297  0.43952 0.00000  0.44653 0.00000
 298  0.44082 0.00000  0.44650 0.00000
 299  0.43896 0.00000  0.44653 0.00000
 300  0.44260 0.00000  0.44655 0.00000
 301  0.43956 0.00000  0.44654 0.00000
 302  0.44173 0.00000  0.44653 0.00000
 303  0.44159 0.00000  0.44653 0.00000
 304  0.44197 0.00000  0.44654 0.00000
 305  0.44289 0.00000  0.44653 0.00000
 306  0.43896 0.00000  0.44646 0.00000
 307  0.44168 0.00000  0.44646 0.00000
 308  0.43901 0.00000  0.44649 0.00000
 309  0.44239 0.00000  0.44645 0.00000
 310  0.43944 0.00000  0.44652 0.00000
 311  0.44452 0.00000  0.44652 0.00000
 312  0.44055 0.00000  0.44651 0.00000
 313  0.44175 0.00000  0.44648 0.00000
 314  0.44247 0.00000  0.44653 0.00000
 315  0.43996 0.00000  0.44652 0.00000
 316  0.44590 0.00000  0.44653 0.00000
 317  0.44519 0.00000  0.44650 0.00000
 318  0.44095 0.00000  0.44650 0.00000
 319  0.44191 0.00000  0.44644 0.00000
 320  0.43918 0.00000  0.44645 0.00000
 321  0.43740 0.00000  0.44642 0.00000
 322  0.43966 0.00000  0.44643 0.00000
 323  0.44161 0.00000  0.44644 0.00000
 324  0.44063 0.00000  0.44644 0.00000
 325  0.44079 0.00000  0.44646 0.00000
 326  0.44161 0.00000  0.44647 0.00000
 327  0.44239 0.00000  0.44647 0.00000
 328  0.44154 0.00000  0.44651 0.00000
 329  0.44170 0.00000  0.44652 0.00000
 330  0.44076 0.00000  0.44651 0.00000
 331  0.44205 0.00000  0.44650 0.00000
 332  0.44205 0.00000  0.44652 0.00000
 333  0.44392 0.00000  0.44658 0.00000
 334  0.43984 0.00000  0.44655 0.00000
 335  0.44086 0.00000  0.44650 0.00000
 336  0.44143 0.00000  0.44645 0.00000
 337  0.43911 0.00000  0.44647 0.00000
 338  0.44326 0.00000  0.44644 0.00000
 339  0.44121 0.00000  0.44644 0.00000
 340  0.44120 0.00000  0.44643 0.00000
 341  0.44231 0.00000  0.44645 0.00000
 342  0.44162 0.00000  0.44648 0.00000
 343  0.43992 0.00000  0.44644 0.00000
 344  0.44075 0.00000  0.44642 0.00000
 345  0.44571 0.00000  0.44643 0.00000
 346  0.43926 0.00000  0.44644 0.00000
 347  0.43964 0.00000  0.44646 0.00000
 348  0.44025 0.00000  0.44648 0.00000
 349  0.44159 0.00000  0.44649 0.00000
 350  0.43845 0.00000  0.44648 0.00000
 351  0.44339 0.00000  0.44647 0.00000
 352  0.44079 0.00000  0.44645 0.00000
 353  0.44403 0.00000  0.44646 0.00000
 354  0.44089 0.00000  0.44646 0.00000
 355  0.44194 0.00000  0.44645 0.00000
 356  0.44234 0.00000  0.44647 0.00000
 357  0.44233 0.00000  0.44648 0.00000
 358  0.44187 0.00000  0.44649 0.00000
 359  0.44004 0.00000  0.44648 0.00000
 360  0.44200 0.00000  0.44645 0.00000
 361  0.44187 0.00000  0.44647 0.00000
 362  0.44006 0.00000  0.44644 0.00000
 363  0.44223 0.00000  0.44646 0.00000
 364  0.44452 0.00000  0.44649 0.00000
 365  0.43964 0.00000  0.44652 0.00000
 366  0.44490 0.00000  0.44652 0.00000
 367  0.43928 0.00000  0.44648 0.00000
 368  0.44333 0.00000  0.44650 0.00000
 369  0.43993 0.00000  0.44650 0.00000
 370  0.43960 0.00000  0.44648 0.00000
 371  0.44263 0.00000  0.44650 0.00000
 372  0.44284 0.00000  0.44650 0.00000
 373  0.44304 0.00000  0.44652 0.00000
 374  0.44014 0.00000  0.44653 0.00000
 375  0.44166 0.00000  0.44657 0.00000
 376  0.44218 0.00000  0.44655 0.00000
 377  0.43923 0.00000  0.44647 0.00000
 378  0.44099 0.00000  0.44646 0.00000
 379  0.44216 0.00000  0.44654 0.00000
 380  0.44103 0.00000  0.44653 0.00000
 381  0.44370 0.00000  0.44657 0.00000
 382  0.44285 0.00000  0.44657 0.00000
 383  0.44134 0.00000  0.44656 0.00000
 384  0.44559 0.00000  0.44661 0.00000
 385  0.43779 0.00000  0.44658 0.00000
 386  0.44018 0.00000  0.44661 0.00000
 387  0.44199 0.00000  0.44658 0.00000
 388  0.44097 0.00000  0.44663 0.00000
 389  0.44107 0.00000  0.44663 0.00000
 390  0.44318 0.00000  0.44666 0.00000
 391  0.44429 0.00000  0.44670 0.00000
 392  0.43979 0.00000  0.44668 0.00000
 393  0.44143 0.00000  0.44662 0.00000
 394  0.44447 0.00000  0.44665 0.00000
 395  0.43941 0.00000  0.44666 0.00000
 396  0.44241 0.00000  0.44665 0.00000
 397  0.44032 0.00000  0.44668 0.00000
 398  0.44160 0.00000  0.44669 0.00000
 399  0.44630 0.00000  0.44674 0.00000
 400  0.44015 0.00000  0.44666 0.00000
 401  0.44245 0.00000  0.44667 0.00000
 402  0.44406 0.00000  0.44665 0.00000
 403  0.44127 0.00000  0.44663 0.00000
 404  0.44263 0.00000  0.44665 0.00000
 405  0.44445 0.00000  0.44665 0.00000
 406  0.44327 0.00000  0.44664 0.00000
 407  0.44113 0.00000  0.44662 0.00000
 408  0.43914 0.00000  0.44659 0.00000
 409  0.43974 0.00000  0.44656 0.00000
 410  0.44126 0.00000  0.44657 0.00000
 411  0.44470 0.00000  0.44658 0.00000
 412  0.44211 0.00000  0.44658 0.00000
 413  0.44331 0.00000  0.44659 0.00000
 414  0.44260 0.00000  0.44660 0.00000
 415  0.43884 0.00000  0.44660 0.00000
 416  0.44466 0.00000  0.44663 0.00000
 417  0.44343 0.00000  0.44666 0.00000
 418  0.43856 0.00000  0.44667 0.00000
 419  0.44542 0.00000  0.44668 0.00000
 420  0.44214 0.00000  0.44664 0.00000
 421  0.43833 0.00000  0.44659 0.00000
 422  0.44213 0.00000  0.44661 0.00000
 423  0.44245 0.00000  0.44661 0.00000
 424  0.44419 0.00000  0.44657 0.00000
 425  0.44136 0.00000  0.44657 0.00000
 426  0.43976 0.00000  0.44655 0.00000
 427  0.44039 0.00000  0.44655 0.00000
 428  0.44308 0.00000  0.44653 0.00000
 429  0.44279 0.00000  0.44659 0.00000
 430  0.44332 0.00000  0.44659 0.00000
 431  0.44226 0.00000  0.44662 0.00000
 432  0.44452 0.00000  0.44664 0.00000
 433  0.44212 0.00000  0.44667 0.00000
 434  0.44400 0.00000  0.44668 0.00000
 435  0.44198 0.00000  0.44668 0.00000
 436  0.44327 0.00000  0.44669 0.00000
 437  0.44345 0.00000  0.44673 0.00000
 438  0.44305 0.00000  0.44675 0.00000
 439  0.44035 0.00000  0.44671 0.00000
 440  0.43818 0.00000  0.44670 0.00000
 441  0.43997 0.00000  0.44671 0.00000
 442  0.44143 0.00000  0.44673 0.00000
 443  0.44191 0.00000  0.44671 0.00000
 444  0.44196 0.00000  0.44666 0.00000
 445  0.44322 0.00000  0.44666 0.00000
 446  0.44256 0.00000  0.44666 0.00000
 447  0.44163 0.00000  0.44670 0.00000
 448  0.44189 0.00000  0.44669 0.00000
 449  0.44103 0.00000  0.44668 0.00000
 450  0.43976 0.00000  0.44662 0.00000
 451  0.43911 0.00000  0.44659 0.00000
 452  0.44060 0.00000  0.44660 0.00000
 453  0.44186 0.00000  0.44657 0.00000
 454  0.44211 0.00000  0.44662 0.00000
 455  0.44371 0.00000  0.44662 0.00000
 456  0.44341 0.00000  0.44667 0.00000
 457  0.44020 0.00000  0.44669 0.00000
 458  0.44178 0.00000  0.44669 0.00000
 459  0.44369 0.00000  0.44670 0.00000
 460  0.44265 0.00000  0.44669 0.00000
 461  0.44173 0.00000  0.44669 0.00000
 462  0.44058 0.00000  0.44666 0.00000
 463  0.44134 0.00000  0.44666 0.00000
 464  0.44166 0.00000  0.44667 0.00000
 465  0.44154 0.00000  0.44662 0.00000
 466  0.43968 0.00000  0.44663 0.00000
 467  0.44233 0.00000  0.44661 0.00000
 468  0.44175 0.00000  0.44663 0.00000
 469  0.44039 0.00000  0.44659 0.00000
 470  0.44228 0.00000  0.44661 0.00000
 471  0.43759 0.00000  0.44658 0.00000
 472  0.44278 0.00000  0.44658 0.00000
 473  0.44186 0.00000  0.44657 0.00000
 474  0.44316 0.00000  0.44653 0.00000
 475  0.43956 0.00000  0.44644 0.00000
 476  0.44222 0.00000  0.44640 0.00000
 477  0.44243 0.00000  0.44640 0.00000
 478  0.44454 0.00000  0.44646 0.00000
 479  0.44035 0.00000  0.44645 0.00000
 480  0.44105 0.00000  0.44644 0.00000
 481  0.44055 0.00000  0.44648 0.00000
 482  0.43938 0.00000  0.44648 0.00000
 483  0.43953 0.00000  0.44645 0.00000
 484  0.44004 0.00000  0.44645 0.00000
 485  0.43821 0.00000  0.44644 0.00000
 486  0.44277 0.00000  0.44641 0.00000
 487  0.44139 0.00000  0.44643 0.00000
 488  0.44123 0.00000  0.44645 0.00000
 489  0.44219 0.00000  0.44644 0.00000
 490  0.44034 0.00000  0.44641 0.00000
 491  0.44042 0.00000  0.44643 0.00000
 492  0.44167 0.00000  0.44645 0.00000
 493  0.43933 0.00000  0.44644 0.00000
 494  0.44339 0.00000  0.44644 0.00000
 495  0.44438 0.00000  0.44642 0.00000
 496  0.44066 0.00000  0.44642 0.00000
 497  0.43801 0.00000  0.44640 0.00000
 498  0.44327 0.00000  0.44641 0.00000
 499  0.44382 0.00000  0.44643 0.00000
chose model 186 S_rmse_187
chose model 136 S_rmse_137
chose model 193 S_rmse_194
chose model 172 S_rmse_173
chose model 25 S_rmse_26
chose model 20 S_rmse_21
chose model 33 S_rmse_34
chose model 22 S_rmse_23
chose model 179 S_rmse_180
chose model 112 S_rmse_113
processing 3000 predictions...

0%   10   20   30   40   50   60   70   80   90   100%
|----|----|----|----|----|----|----|----|----|----|
***************************************************
 done.
elapsed: [2626.20s cpu, 2478852.2823 mticks, 927.46s wall]
score: 0.4485  baseline: 0.4398  diff: 0.00866
category UNKNOWN: count 0 avg error 0 baseline avg error 0 avg improvement 0
category AUTO: count 1249 avg error 0.0305839 baseline avg error 0.0250981 avg improvement -0.00548577
category POSS: count 1531 avg error 0.224784 baseline avg error 0.213126 avg improvement -0.0116577
category IMP: count 220 avg error 1.00465 baseline avg error 1.01199 avg improvement 0.00733929
overall: count 3000 avg error 0.201122 baseline avg error 0.193427 avg improvement -0.00769502
worst entries: 
0: 2516  label: -1 pred: 0.242686 bl: 0.0176 IMP error_pred: 1.54427 error_bl: 1.03551 improvement: -0.508759
    min: -0.329  max: 0.826 avg: 0.245552
explanation: 
no explanation

1: 1346  label: -1 pred: -0.185387 bl: -0.4677 POSS error_pred: 0.663594 error_bl: 0.283343 improvement: -0.380251
    min: -0.8465  max: 0.259 avg: -0.209568
explanation: 
no explanation

2: 1607  label: -1 pred: -0.12237 bl: -0.3097 POSS error_pred: 0.770234 error_bl: 0.476514 improvement: -0.29372
    min: -0.801  max: 0.614 avg: -0.148135
explanation: 
no explanation

3: 379  label: -1 pred: 0.519413 bl: 0.42065 IMP error_pred: 2.30862 error_bl: 2.01825 improvement: -0.290371
    min: -0.0025  max: 0.975 avg: 0.554218
explanation: 
no explanation

4: 870  label: -1 pred: -0.18625 bl: -0.3765 POSS error_pred: 0.66219 error_bl: 0.388752 improvement: -0.273437
    min: -0.629  max: 0.138 avg: -0.2205
explanation: 
no explanation

5: 1799  label: -1 pred: 0.247502 bl: 0.1426 IMP error_pred: 1.55626 error_bl: 1.30553 improvement: -0.250726
    min: -0.0625  max: 0.516 avg: 0.2388
explanation: 
no explanation

6: 82  label: -1 pred: 0.184503 bl: 0.0835 IMP error_pred: 1.40305 error_bl: 1.17397 improvement: -0.229074
    min: -0.1385  max: 0.431 avg: 0.174625
explanation: 
no explanation

7: 1616  label: -1 pred: -0.145556 bl: -0.2913 IMP error_pred: 0.730075 error_bl: 0.502256 improvement: -0.227819
    min: -0.487  max: 0.3145 avg: -0.180008
explanation: 
no explanation

8: 2231  label: -1 pred: 0.403433 bl: 0.32005 IMP error_pred: 1.96962 error_bl: 1.74253 improvement: -0.227091
    min: -0.009  max: 0.6935 avg: 0.405828
explanation: 
no explanation

9: 2793  label: -1 pred: 0.311666 bl: 0.22305 IMP error_pred: 1.72047 error_bl: 1.49585 improvement: -0.224617
    min: -0.0615  max: 0.697 avg: 0.307835
explanation: 
no explanation

10: 2858  label: -1 pred: -0.486704 bl: -0.7968 POSS error_pred: 0.263473 error_bl: 0.0412902 improvement: -0.222182
    min: -1  max: -0.2295 avg: -0.657825
explanation: 
no explanation

11: 78  label: -1 pred: -0.254568 bl: -0.41505 POSS error_pred: 0.555669 error_bl: 0.342166 improvement: -0.213503
    min: -0.5625  max: 0.0395 avg: -0.307165
explanation: 
no explanation

12: 297  label: -1 pred: -0.323607 bl: -0.50025 POSS error_pred: 0.457507 error_bl: 0.24975 improvement: -0.207757
    min: -0.6735  max: -0.117 avg: -0.397338
explanation: 
no explanation

13: 2023  label: -1 pred: -0.369571 bl: -0.5641 POSS error_pred: 0.397441 error_bl: 0.190009 improvement: -0.207432
    min: -0.7445  max: 0.0995 avg: -0.465212
explanation: 
no explanation

14: 780  label: -1 pred: -0.460239 bl: -0.70725 POSS error_pred: 0.291342 error_bl: 0.0857025 improvement: -0.205639
    min: -0.953  max: -0.0195 avg: -0.604455
explanation: 
no explanation

15: 1064  label: -1 pred: 0.204629 bl: 0.11625 IMP error_pred: 1.45113 error_bl: 1.24601 improvement: -0.205117
    min: -0.258  max: 0.799 avg: 0.193913
explanation: 
no explanation

16: 2464  label: -1 pred: 0.0976746 bl: 0.000149998 IMP error_pred: 1.20489 error_bl: 1.0003 improvement: -0.20459
    min: -0.437  max: 0.5475 avg: 0.0864125
explanation: 
no explanation

17: 1680  label: -1 pred: -0.400893 bl: -0.60495 POSS error_pred: 0.358929 error_bl: 0.156064 improvement: -0.202865
    min: -0.745  max: -0.0815 avg: -0.514107
explanation: 
no explanation

18: 48  label: -1 pred: -0.51079 bl: -0.8087 POSS error_pred: 0.239327 error_bl: 0.0365957 improvement: -0.202731
    min: -1  max: 0.235 avg: -0.700825
explanation: 
no explanation

19: 1666  label: -1 pred: -0.489987 bl: -0.75565 POSS error_pred: 0.260113 error_bl: 0.0597069 improvement: -0.200406
    min: -0.9715  max: -0.118 avg: -0.66331
explanation: 
no explanation

20: 1378  label: -0.5 pred: 0.405943 bl: 0.29195 IMP error_pred: 0.820733 error_bl: 0.627185 improvement: -0.193548
    min: 0.0125  max: 0.7525 avg: 0.413138
explanation: 
no explanation

21: 1830  label: 1 pred: 0.249083 bl: 0.3907 POSS error_pred: 0.563877 error_bl: 0.371247 improvement: -0.19263
    min: -0.387  max: 0.9635 avg: 0.221322
explanation: 
no explanation

22: 2627  label: 1 pred: 0.363759 bl: 0.5383 POSS error_pred: 0.404803 error_bl: 0.213167 improvement: -0.191636
    min: -0.1075  max: 0.896 avg: 0.344735
explanation: 
no explanation

23: 1925  label: -1 pred: -0.0587388 bl: -0.16565 POSS error_pred: 0.885973 error_bl: 0.69614 improvement: -0.189833
    min: -0.5515  max: 0.322 avg: -0.0770325
explanation: 
no explanation

24: 2574  label: -1 pred: 0.345045 bl: 0.2731 IMP error_pred: 1.80915 error_bl: 1.62078 improvement: -0.188363
    min: -0.132  max: 0.565 avg: 0.338392
explanation: 
no explanation

25: 1622  label: -1 pred: -0.55981 bl: -0.8876 POSS error_pred: 0.193768 error_bl: 0.0126338 improvement: -0.181134
    min: -1  max: -0.1065 avg: -0.81349
explanation: 
no explanation

26: 1232  label: -1 pred: 0.0802274 bl: -0.0068 IMP error_pred: 1.16689 error_bl: 0.986446 improvement: -0.180445
    min: -0.2215  max: 0.426 avg: 0.0679225
explanation: 
no explanation

27: 941  label: -1 pred: -0.31259 bl: -0.4567 POSS error_pred: 0.472533 error_bl: 0.295175 improvement: -0.177358
    min: -0.6355  max: 0.032 avg: -0.386243
explanation: 
no explanation

28: 1924  label: -1 pred: 0.409793 bl: 0.3466 IMP error_pred: 1.98752 error_bl: 1.81333 improvement: -0.174186
    min: 0.0115  max: 0.8555 avg: 0.4165
explanation: 
no explanation

29: 908  label: -1 pred: -0.19021 bl: -0.30595 POSS error_pred: 0.65576 error_bl: 0.481705 improvement: -0.174055
    min: -0.5005  max: 0.195 avg: -0.232717
explanation: 
no explanation

30: 112  label: -1 pred: -0.513439 bl: -0.749 POSS error_pred: 0.236741 error_bl: 0.063001 improvement: -0.17374
    min: -0.9855  max: -0.2185 avg: -0.709875
explanation: 
no explanation

31: 1926  label: -1 pred: -0.482237 bl: -0.6879 POSS error_pred: 0.268079 error_bl: 0.0974064 improvement: -0.170672
    min: -0.821  max: -0.153 avg: -0.654563
explanation: 
no explanation

32: 277  label: -1 pred: -0.414992 bl: -0.5844 POSS error_pred: 0.342234 error_bl: 0.172723 improvement: -0.169511
    min: -0.798  max: -0.255 avg: -0.538577
explanation: 
no explanation

33: 2025  label: -1 pred: -0.0932601 bl: -0.19155 IMP error_pred: 0.822177 error_bl: 0.653591 improvement: -0.168586
    min: -0.426  max: 0.209 avg: -0.114363
explanation: 
no explanation

34: 1829  label: -1 pred: 0.00493625 bl: -0.08235 IMP error_pred: 1.0099 error_bl: 0.842081 improvement: -0.167815
    min: -0.223  max: 0.2 avg: -0.013955
explanation: 
no explanation

35: 2465  label: -1 pred: -0.337921 bl: -0.4795 POSS error_pred: 0.438348 error_bl: 0.27092 improvement: -0.167428
    min: -0.691  max: 0.095 avg: -0.41618
explanation: 
no explanation

36: 1393  label: -1 pred: 0.271576 bl: 0.2045 IMP error_pred: 1.6169 error_bl: 1.45082 improvement: -0.166084
    min: -0.0885  max: 0.7215 avg: 0.26412
explanation: 
no explanation

37: 326  label: -1 pred: -0.30645 bl: -0.438 POSS error_pred: 0.481012 error_bl: 0.315844 improvement: -0.165168
    min: -0.888  max: 0.1355 avg: -0.372985
explanation: 
no explanation

38: 1567  label: -1 pred: 0.438609 bl: 0.3803 IMP error_pred: 2.0696 error_bl: 1.90523 improvement: -0.164368
    min: -0.144  max: 0.7415 avg: 0.44164
explanation: 
no explanation

39: 762  label: -1 pred: -0.471102 bl: -0.6595 POSS error_pred: 0.279733 error_bl: 0.11594 improvement: -0.163793
    min: -1  max: -0.2765 avg: -0.638515
explanation: 
no explanation

40: 922  label: -1 pred: -0.392373 bl: -0.5466 POSS error_pred: 0.36921 error_bl: 0.205572 improvement: -0.163639
    min: -0.778  max: 0.0665 avg: -0.49609
explanation: 
no explanation

41: 2149  label: -1 pred: -0.237427 bl: -0.3531 IMP error_pred: 0.581518 error_bl: 0.41848 improvement: -0.163038
    min: -0.4705  max: 0.0475 avg: -0.28741
explanation: 
no explanation

42: 2906  label: -0.5 pred: 0.256083 bl: 0.1434 POSS error_pred: 0.571662 error_bl: 0.413964 improvement: -0.157698
    min: -0.054  max: 0.625 avg: 0.24885
explanation: 
no explanation

43: 1465  label: -1 pred: -0.178218 bl: -0.2793 POSS error_pred: 0.675325 error_bl: 0.519409 improvement: -0.155916
    min: -0.59  max: 0.2905 avg: -0.216328
explanation: 
no explanation

44: 1651  label: -0.5 pred: 0.383551 bl: 0.2907 IMP error_pred: 0.780663 error_bl: 0.625207 improvement: -0.155456
    min: 0.165  max: 0.712 avg: 0.381707
explanation: 
no explanation

45: 1312  label: -1 pred: -0.314584 bl: -0.4386 POSS error_pred: 0.469796 error_bl: 0.31517 improvement: -0.154626
    min: -0.6225  max: -0.143 avg: -0.390535
explanation: 
no explanation

46: 2542  label: -0.5 pred: 0.217076 bl: 0.1014 POSS error_pred: 0.514198 error_bl: 0.361682 improvement: -0.152516
    min: -0.2695  max: 0.513 avg: 0.205787
explanation: 
no explanation

47: 1789  label: -1 pred: -0.226863 bl: -0.3306 POSS error_pred: 0.597741 error_bl: 0.448096 improvement: -0.149645
    min: -0.56  max: 0.0955 avg: -0.272085
explanation: 
no explanation

48: 1686  label: -1 pred: -0.125419 bl: -0.2155 POSS error_pred: 0.764892 error_bl: 0.61544 improvement: -0.149452
    min: -0.6345  max: 0.2585 avg: -0.157255
explanation: 
no explanation

49: 881  label: -1 pred: -0.218524 bl: -0.3195 POSS error_pred: 0.610704 error_bl: 0.46308 improvement: -0.147624
    min: -0.5365  max: 0.268 avg: -0.26044
explanation: 
no explanation

best entries: 
0: 1949  label: 1 pred: -0.21293 bl: -0.46535 POSS error_pred: 1.4712 error_bl: 2.14725 improvement: 0.676052
1: 71  label: -0.5 pred: 0.71886 bl: 0.89945 IMP error_pred: 1.48562 error_bl: 1.95846 improvement: 0.47284
2: 848  label: 0 pred: -0.564339 bl: -0.8707 POSS error_pred: 0.318478 error_bl: 0.758119 improvement: 0.439641
3: 1424  label: -0.5 pred: 0.701134 bl: 0.85875 IMP error_pred: 1.44272 error_bl: 1.8462 improvement: 0.403479
4: 241  label: 1 pred: -0.237347 bl: -0.3773 IMP error_pred: 1.53103 error_bl: 1.89696 improvement: 0.365927
5: 1940  label: -1 pred: 0.723501 bl: 0.8248 IMP error_pred: 2.97046 error_bl: 3.3299 improvement: 0.359439
6: 1585  label: 1 pred: -0.264937 bl: -0.3831 IMP error_pred: 1.60007 error_bl: 1.91297 improvement: 0.3129
7: 2579  label: 0 pred: 0.714739 bl: 0.9041 IMP error_pred: 0.510852 error_bl: 0.817397 improvement: 0.306545
8: 2143  label: -1 pred: -0.19247 bl: -0.03495 POSS error_pred: 0.652104 error_bl: 0.931321 improvement: 0.279217
9: 1601  label: -1 pred: 0.531348 bl: 0.6191 IMP error_pred: 2.34503 error_bl: 2.62148 improvement: 0.276459
10: 167  label: 0 pred: 0.76611 bl: 0.92585 IMP error_pred: 0.586925 error_bl: 0.857198 improvement: 0.270274
11: 2358  label: -0.5 pred: 0.612721 bl: 0.7274 IMP error_pred: 1.23815 error_bl: 1.50651 improvement: 0.268362
12: 769  label: -0.5 pred: 0.60226 bl: 0.71705 IMP error_pred: 1.21498 error_bl: 1.48121 improvement: 0.266235
13: 328  label: 0 pred: 0.641647 bl: 0.8157 POSS error_pred: 0.411711 error_bl: 0.665366 improvement: 0.253656
14: 1358  label: -0.5 pred: 0.636118 bl: 0.73525 IMP error_pred: 1.29076 error_bl: 1.52584 improvement: 0.235079
15: 2867  label: 1 pred: 0.100699 bl: -0.02055 POSS error_pred: 0.808742 error_bl: 1.04152 improvement: 0.232781
16: 1559  label: 1 pred: 0.159491 bl: 0.0345 POSS error_pred: 0.706456 error_bl: 0.93219 improvement: 0.225734
17: 1574  label: -1 pred: 0.329283 bl: 0.4113 IMP error_pred: 1.76699 error_bl: 1.99177 improvement: 0.224774
18: 782  label: 1 pred: 0.304207 bl: 0.16245 POSS error_pred: 0.484128 error_bl: 0.70149 improvement: 0.217362
19: 309  label: 0 pred: 0.725511 bl: 0.8608 IMP error_pred: 0.526367 error_bl: 0.740977 improvement: 0.21461
20: 2280  label: 0 pred: 0.646776 bl: 0.7894 POSS error_pred: 0.41832 error_bl: 0.623152 improvement: 0.204833
21: 1387  label: 1 pred: -0.234657 bl: -0.3119 IMP error_pred: 1.52438 error_bl: 1.72108 improvement: 0.196704
22: 1122  label: 1 pred: -0.100443 bl: -0.1862 IMP error_pred: 1.21097 error_bl: 1.40707 improvement: 0.196096
23: 10  label: 1 pred: 0.340562 bl: 0.20995 POSS error_pred: 0.434858 error_bl: 0.624179 improvement: 0.189321
24: 2898  label: 1 pred: 0.065046 bl: -0.03045 IMP error_pred: 0.874139 error_bl: 1.06183 improvement: 0.187688
25: 687  label: 0.5 pred: -0.255757 bl: -0.3695 POSS error_pred: 0.571168 error_bl: 0.75603 improvement: 0.184862
26: 1075  label: -1 pred: 0.261647 bl: 0.33215 IMP error_pred: 1.59175 error_bl: 1.77462 improvement: 0.182871
27: 11  label: 1 pred: -0.0289556 bl: -0.11325 POSS error_pred: 1.05875 error_bl: 1.23933 improvement: 0.180576
28: 734  label: 0 pred: 0.64026 bl: 0.76785 POSS error_pred: 0.409933 error_bl: 0.589594 improvement: 0.179661
29: 2996  label: 0.5 pred: -0.358268 bl: -0.45705 IMP error_pred: 0.736624 error_bl: 0.915945 improvement: 0.179321
30: 2205  label: 0 pred: 0.610267 bl: 0.74065 POSS error_pred: 0.372426 error_bl: 0.548562 improvement: 0.176137
31: 856  label: 1 pred: -0.106477 bl: -0.183 IMP error_pred: 1.22429 error_bl: 1.39949 improvement: 0.175199
32: 590  label: 0.5 pred: -0.313097 bl: -0.41355 IMP error_pred: 0.661126 error_bl: 0.834574 improvement: 0.173447
33: 1500  label: -0.5 pred: 0.52938 bl: 0.6092 IMP error_pred: 1.05962 error_bl: 1.23032 improvement: 0.170702
34: 1294  label: 0 pred: 0.703904 bl: 0.81485 IMP error_pred: 0.495481 error_bl: 0.663981 improvement: 0.168499
35: 2529  label: 0.5 pred: 0.785722 bl: 0.99655 POSS error_pred: 0.0816373 error_bl: 0.246562 improvement: 0.164925
36: 2219  label: 0.5 pred: 0.729002 bl: 0.9576 POSS error_pred: 0.052442 error_bl: 0.209398 improvement: 0.156956
37: 533  label: 1 pred: 0.123849 bl: 0.03855 POSS error_pred: 0.767641 error_bl: 0.924386 improvement: 0.156745
38: 2472  label: 1 pred: 0.0342529 bl: -0.0432 POSS error_pred: 0.932667 error_bl: 1.08827 improvement: 0.155599
39: 1627  label: 0 pred: 0.258967 bl: 0.47095 POSS error_pred: 0.0670637 error_bl: 0.221794 improvement: 0.15473
40: 975  label: 0 pred: 0.687913 bl: 0.79145 IMP error_pred: 0.473224 error_bl: 0.626393 improvement: 0.153169
41: 2695  label: 0 pred: 0.629969 bl: 0.74145 IMP error_pred: 0.396861 error_bl: 0.549748 improvement: 0.152887
42: 2360  label: 0 pred: 0.655172 bl: 0.76235 POSS error_pred: 0.42925 error_bl: 0.581178 improvement: 0.151928
43: 65  label: -1 pred: 0.281842 bl: 0.3388 IMP error_pred: 1.64312 error_bl: 1.79239 improvement: 0.149265
44: 2000  label: -0.5 pred: 0.602649 bl: 0.66835 IMP error_pred: 1.21584 error_bl: 1.36504 improvement: 0.149206
45: 1  label: 1 pred: 0.153116 bl: 0.0694 POSS error_pred: 0.717213 error_bl: 0.866016 improvement: 0.148803
46: 1230  label: 1 pred: 0.302622 bl: 0.20345 POSS error_pred: 0.486336 error_bl: 0.634492 improvement: 0.148156
47: 877  label: 0.5 pred: 0.687271 bl: 0.9274 POSS error_pred: 0.0350704 error_bl: 0.182671 improvement: 0.1476
48: 249  label: 0.5 pred: 0.784846 bl: 0.97755 POSS error_pred: 0.0811371 error_bl: 0.228054 improvement: 0.146917
49: 2673  label: 1 pred: 0.038545 bl: -0.035 IMP error_pred: 0.924396 error_bl: 1.07122 improvement: 0.146829

total is 0
score for UNKNOWN: nan baseline: nan diff:    nan
total is 1249
score for AUTO: 0.1749 baseline: 0.1584 diff: 0.0165
total is 1531
score for POSS: 0.4741 baseline: 0.4617 diff: 0.0125
total is 220
score for IMP: 1.0023 baseline: 1.0060 diff: -0.0037
writing 15000 official test outputs

0%   10   20   30   40   50   60   70   80   90   100%
|----|----|----|----|----|----|----|----|----|----|
***************************************************
scores: [ 0.448467 ]
0.4485 +/-    nan
2449.10user 179.98system 15:28.97elapsed 283%CPU (0avgtext+0avgdata 0maxresident)k
0inputs+336outputs (0major+68666036minor)pagefaults 0swaps
