loading data...applying decomposition
done.
model 86: before 0.44229/0 after 0.447884/0 test: before 0.440112/0.446753 after 0/0
model 878: before 0.441363/0 after 0.447332/0 test: before 0.44005/0.446285 after 0/0
model 741: before 0.440871/0 after 0.447419/0 test: before 0.440215/0.446348 after 0/0
model 1034: before 0.440964/0 after 0.447147/0 test: before 0.439388/0.446019 after 0/0
model 307: before 0.441483/0 after 0.447297/0 test: before 0.440526/0.446499 after 0/0
model 135: before 0.441077/0 after 0.447292/0 test: before 0.439598/0.446153 after 0/0
model 261: before 0.441147/0 after 0.447532/0 test: before 0.439386/0.44604 after 0/0
model 0: before 0.44086/0 after 0.446979/0 test: before 0.440826/0.44669 after 0/0
model 1150: before 0.441905/0 after 0.447476/0 test: before 0.44031/0.446415 after 0/0
model 1106: before 0.440944/0 after 0.447342/0 test: before 0.439827/0.446435 after 0/0
generating blend data
training blender
training 5 models

0%   10   20   30   40   50   60   70   80   90   100%
|----|----|----|----|----|----|----|----|----|----|
***************************************************
   0 min_model                        0.00157  -1.00000  -0.02564   0.35313   0.83200
   1 max_model                        0.00000  -0.41550   0.65552   0.27033   1.00000
   2 avg_model_chosen                 0.00000  -0.99560   0.33536   0.34465   0.99870
   3 min_weighted                    -0.00084  -1.00000  -0.02561   0.35309   0.83200
   4 max_weighted                     0.02940  -0.41550   0.65930   0.27527   1.14181
   5 avg_weighted                     0.00406 -109.69580  38.71146  37.06161 112.47313
   6 weighted_avg                     0.00000   0.00013   0.00090   0.00035   0.00406
   7 L_rmse_1_output                 -0.00122  -1.00000   0.33572   0.34989   1.00000
   8 L_rmse_1_conf                    0.01861   0.00434   0.10355   0.05498   0.60952
   9 L_rmse_1_weighted                0.07365  -0.92129   0.43928   0.35520   1.11826
  10 L_rmse_1_dev_from_mean          -0.07632  -0.09885   0.00060   0.02536   0.09653
  11 L_rmse_1_diff_from_int           0.02279   0.00000   0.26395   0.14504   0.50000
  12 L_rmse_1_recomp_error_0         -0.08481  -1.28106  -0.02161   0.67243   1.03200
  13 L_rmse_1_recomp_error_0_abs      0.02368   0.00023   0.64808   0.18064   1.28106
  14 L_rmse_1_recomp_error_0_sqr     -0.02213   0.00000   0.45263   0.20886   1.64111
  15 L_rmse_1_recomp_error_1         -0.02672  -0.55479   0.01862   0.15909   0.51379
  16 L_rmse_1_recomp_error_1_abs     -0.04725   0.00004   0.13807   0.08119   0.55479
  17 L_rmse_1_recomp_error_1_sqr     -0.00804   0.00000   0.02565   0.02737   0.30779
  18 L_rmse_1_recomp_error_2         -0.01901  -0.46061  -0.00442   0.08024   0.63864
  19 L_rmse_1_recomp_error_2_abs     -0.07419   0.00001   0.06587   0.04604   0.63864
  20 L_rmse_1_recomp_error_2_sqr     -0.01004   0.00000   0.00646   0.00930   0.40786
  21 L_rmse_1_recomp_error_3          0.00928  -0.44362  -0.00673   0.04551   0.67478
  22 L_rmse_1_recomp_error_3_abs     -0.02325   0.00000   0.03381   0.03120   0.67478
  23 L_rmse_1_recomp_error_3_sqr     -0.02094   0.00000   0.00212   0.00666   0.45532
  24 L_rmse_87_output                 0.02857  -0.99100   0.33679   0.34963   1.00000
  25 L_rmse_87_conf                  -0.03484   0.00236   0.10285   0.05144   0.65347
  26 L_rmse_87_weighted              -0.04825  -0.89452   0.43963   0.35452   1.12221
  27 L_rmse_87_dev_from_mean          0.02005  -0.09399   0.00092   0.02139   0.08950
  28 L_rmse_87_diff_from_int          0.02312   0.00000   0.26387   0.14604   0.50000
  29 L_rmse_87_recomp_error_0        -0.04831  -1.13420  -0.01590   0.69720   0.97980
  30 L_rmse_87_recomp_error_0_abs     0.01153   0.00008   0.67261   0.18423   1.13420
  31 L_rmse_87_recomp_error_0_sqr     0.03906   0.00000   0.48635   0.21960   1.28642
  32 L_rmse_87_recomp_error_1         0.00443  -0.41869   0.04113   0.19153   0.47494
  33 L_rmse_87_recomp_error_1_abs     0.00885   0.00029   0.18338   0.06890   0.47494
  34 L_rmse_87_recomp_error_1_sqr    -0.00907   0.00000   0.03838   0.02691   0.22557
  35 L_rmse_87_recomp_error_2        -0.05811  -0.28725  -0.03313   0.05754   0.45596
  36 L_rmse_87_recomp_error_2_abs     0.10004   0.00000   0.05412   0.03845   0.45596
  37 L_rmse_87_recomp_error_2_sqr     0.00037   0.00000   0.00441   0.00649   0.20790
  38 L_rmse_87_recomp_error_3        -0.01176  -0.30685  -0.01346   0.04253   0.45848
  39 L_rmse_87_recomp_error_3_abs    -0.06660   0.00000   0.03349   0.02947   0.45848
  40 L_rmse_87_recomp_error_3_sqr    -0.01432   0.00000   0.00199   0.00493   0.21021
  41 L_rmse_136_output               -0.00324  -1.00000   0.33497   0.35100   1.00000
  42 L_rmse_136_conf                  0.00612   0.00428   0.10356   0.05268   0.85816
  43 L_rmse_136_weighted              0.01312  -0.91135   0.43852   0.35528   1.13169
  44 L_rmse_136_dev_from_mean        -0.09744  -0.12126  -0.00003   0.02750   0.10931
  45 L_rmse_136_diff_from_int        -0.04566   0.00000   0.26184   0.14644   0.50000
  46 L_rmse_136_recomp_error_0        0.11190  -1.21703   0.00660   0.72896   1.01841
  47 L_rmse_136_recomp_error_0_abs    0.00291   0.00024   0.70608   0.18130   1.21703
  48 L_rmse_136_recomp_error_0_sqr   -0.08398   0.00000   0.53143   0.21944   1.48116
  49 L_rmse_136_recomp_error_1       -0.00077  -0.54062   0.01978   0.19337   0.50132
  50 L_rmse_136_recomp_error_1_abs   -0.05679   0.00002   0.17147   0.09156   0.54062
  51 L_rmse_136_recomp_error_1_sqr    0.04878   0.00000   0.03778   0.03702   0.29227
  52 L_rmse_136_recomp_error_2        0.05540  -0.31937  -0.00880   0.07275   0.64624
  53 L_rmse_136_recomp_error_2_abs   -0.03751   0.00000   0.05849   0.04415   0.64624
  54 L_rmse_136_recomp_error_2_sqr   -0.02596   0.00000   0.00537   0.00940   0.41762
  55 L_rmse_136_recomp_error_3       -0.02714  -0.31089   0.00522   0.04917   0.68517
  56 L_rmse_136_recomp_error_3_abs   -0.01963   0.00001   0.03530   0.03462   0.68517
  57 L_rmse_136_recomp_error_3_sqr   -0.01713   0.00000   0.00244   0.00781   0.46946
  58 L_rmse_262_output                0.05292  -0.99750   0.33549   0.35090   1.00000
  59 L_rmse_262_conf                  0.00000   0.00857   0.10171   0.04488   0.53587
  60 L_rmse_262_weighted              0.02724  -0.88797   0.43720   0.35558   1.13121
  61 L_rmse_262_dev_from_mean        -0.04233  -0.10601   0.00058   0.02366   0.09372
  62 L_rmse_262_diff_from_int        -0.12842   0.00000   0.26326   0.14630   0.50000
  63 L_rmse_262_recomp_error_0        0.00414  -1.19466  -0.00662   0.67892   0.99826
  64 L_rmse_262_recomp_error_0_abs    0.03257   0.00052   0.65735   0.16990   1.19466
  65 L_rmse_262_recomp_error_0_sqr   -0.00204   0.00000   0.46098   0.19431   1.42720
  66 L_rmse_262_recomp_error_1       -0.01840  -0.45788   0.02762   0.12240   0.44317
  67 L_rmse_262_recomp_error_1_abs   -0.06511   0.00001   0.10097   0.07450   0.45788
  68 L_rmse_262_recomp_error_1_sqr    0.01810   0.00000   0.01575   0.02117   0.20966
  69 L_rmse_262_recomp_error_2       -0.00108  -0.32436   0.01837   0.06543   0.46070
  70 L_rmse_262_recomp_error_2_abs   -0.03059   0.00000   0.05327   0.04221   0.46070
  71 L_rmse_262_recomp_error_2_sqr   -0.02527   0.00000   0.00462   0.00753   0.21224
  72 L_rmse_262_recomp_error_3       -0.03168  -0.39302   0.00250   0.05670   0.46604
  73 L_rmse_262_recomp_error_3_abs    0.08571   0.00000   0.04272   0.03737   0.46604
  74 L_rmse_262_recomp_error_3_sqr   -0.00880   0.00000   0.00322   0.00669   0.21719
  75 L_rmse_308_output               -0.02088  -1.00000   0.33428   0.34675   1.00000
  76 L_rmse_308_conf                  0.00374   0.00462   0.10418   0.05439   0.65362
  77 L_rmse_308_weighted              0.00440  -0.90136   0.43846   0.35389   1.11574
  78 L_rmse_308_dev_from_mean        -0.06621  -0.10507  -0.00012   0.02606   0.10151
  79 L_rmse_308_diff_from_int         0.08728   0.00000   0.26568   0.14620   0.50000
  80 L_rmse_308_recomp_error_0       -0.03714  -1.18920  -0.01973   0.70322   1.00642
  81 L_rmse_308_recomp_error_0_abs    0.01915   0.00056   0.67981   0.18104   1.18920
  82 L_rmse_308_recomp_error_0_sqr   -0.07484   0.00000   0.49491   0.21715   1.41419
  83 L_rmse_308_recomp_error_1        0.00010  -0.46131   0.03162   0.19192   0.59402
  84 L_rmse_308_recomp_error_1_abs    0.01260   0.00003   0.17635   0.08207   0.59402
  85 L_rmse_308_recomp_error_1_sqr   -0.02344   0.00000   0.03783   0.03272   0.35286
  86 L_rmse_308_recomp_error_2        0.00666  -0.33830   0.00662   0.07468   0.57243
  87 L_rmse_308_recomp_error_2_abs    0.09589   0.00001   0.06165   0.04268   0.57243
  88 L_rmse_308_recomp_error_2_sqr   -0.00913   0.00000   0.00562   0.00806   0.32768
  89 L_rmse_308_recomp_error_3        0.06016  -0.32834  -0.01245   0.04575   0.58747
  90 L_rmse_308_recomp_error_3_abs   -0.11341   0.00001   0.03513   0.03183   0.58747
  91 L_rmse_308_recomp_error_3_sqr   -0.01386   0.00000   0.00225   0.00627   0.34512
  92 L_rmse_742_output               -0.00748  -1.00000   0.33444   0.34835   1.00000
  93 L_rmse_742_conf                  0.00244   0.00327   0.10342   0.05029   0.56943
  94 L_rmse_742_weighted              0.00045  -0.89582   0.43786   0.35510   1.11399
  95 L_rmse_742_dev_from_mean        -0.07039  -0.10959  -0.00016   0.02459   0.08834
  96 L_rmse_742_diff_from_int         0.06283   0.00000   0.26658   0.14505   0.50000
  97 L_rmse_742_recomp_error_0       -0.02314  -1.16003  -0.02820   0.65477   0.88391
  98 L_rmse_742_recomp_error_0_abs    0.01839   0.00015   0.63075   0.17797   1.16003
  99 L_rmse_742_recomp_error_0_sqr    0.06016   0.00000   0.42952   0.20194   1.34568
 100 L_rmse_742_recomp_error_1        0.03779  -0.48231   0.03629   0.22843   0.53733
 101 L_rmse_742_recomp_error_1_abs    0.01708   0.00026   0.21407   0.08760   0.53733
 102 L_rmse_742_recomp_error_1_sqr    0.00283   0.00000   0.05350   0.03909   0.28872
 103 L_rmse_742_recomp_error_2       -0.02346  -0.38055   0.01729   0.08640   0.36991
 104 L_rmse_742_recomp_error_2_abs    0.01780   0.00001   0.07239   0.05023   0.38055
 105 L_rmse_742_recomp_error_2_sqr   -0.01177   0.00000   0.00776   0.00993   0.14482
 106 L_rmse_742_recomp_error_3       -0.00011  -0.42744   0.00235   0.05069   0.37865
 107 L_rmse_742_recomp_error_3_abs    0.00134   0.00000   0.03746   0.03424   0.42744
 108 L_rmse_742_recomp_error_3_sqr   -0.00593   0.00000   0.00258   0.00603   0.18270
 109 L_rmse_879_output                0.06415  -1.00000   0.33480   0.35039   1.00000
 110 L_rmse_879_conf                  0.00000   0.00437   0.10350   0.05178   0.81927
 111 L_rmse_879_weighted              0.04033  -0.90020   0.43830   0.35484   1.14052
 112 L_rmse_879_dev_from_mean        -0.07669  -0.13014  -0.00019   0.02793   0.10588
 113 L_rmse_879_diff_from_int         0.07241   0.00000   0.26220   0.14646   0.50000
 114 L_rmse_879_recomp_error_0        0.03329  -1.26216  -0.01672   0.70668   0.96968
 115 L_rmse_879_recomp_error_0_abs    0.00238   0.00002   0.68337   0.18080   1.26216
 116 L_rmse_879_recomp_error_0_sqr   -0.09850   0.00000   0.49968   0.21609   1.59306
 117 L_rmse_879_recomp_error_1       -0.03512  -0.54353   0.03808   0.19382   0.52708
 118 L_rmse_879_recomp_error_1_abs   -0.00953   0.00000   0.17183   0.09741   0.54353
 119 L_rmse_879_recomp_error_1_sqr    0.09503   0.00000   0.03902   0.03893   0.29542
 120 L_rmse_879_recomp_error_2        0.00577  -0.34141   0.00125   0.06929   0.46112
 121 L_rmse_879_recomp_error_2_abs   -0.04374   0.00000   0.05479   0.04243   0.46112
 122 L_rmse_879_recomp_error_2_sqr   -0.01833   0.00000   0.00480   0.00814   0.21263
 123 L_rmse_879_recomp_error_3       -0.07928  -0.36901   0.00833   0.05183   0.51866
 124 L_rmse_879_recomp_error_3_abs    0.03436   0.00000   0.03837   0.03582   0.51866
 125 L_rmse_879_recomp_error_3_sqr   -0.00902   0.00000   0.00276   0.00688   0.26900
 126 L_rmse_1035_output               0.05920  -1.00000   0.33502   0.35115   1.00000
 127 L_rmse_1035_conf                 0.00033   0.00377   0.10333   0.05246   0.81730
 128 L_rmse_1035_weighted             0.06336  -0.90757   0.43835   0.35564   1.13845
 129 L_rmse_1035_dev_from_mean       -0.07944  -0.12978   0.00007   0.02779   0.11469
 130 L_rmse_1035_diff_from_int       -0.01232   0.00000   0.26315   0.14618   0.50000
 131 L_rmse_1035_recomp_error_0      -0.06692  -1.21406  -0.00881   0.70724   0.98101
 132 L_rmse_1035_recomp_error_0_abs   0.03906   0.00020   0.68441   0.17844   1.21406
 133 L_rmse_1035_recomp_error_0_sqr   0.07020   0.00000   0.50026   0.21117   1.47393
 134 L_rmse_1035_recomp_error_1      -0.04882  -0.49726   0.03283   0.17963   0.46287
 135 L_rmse_1035_recomp_error_1_abs   0.03856   0.00001   0.15451   0.09733   0.49726
 136 L_rmse_1035_recomp_error_1_sqr   0.07193   0.00000   0.03335   0.03762   0.24727
 137 L_rmse_1035_recomp_error_2      -0.01627  -0.37454  -0.00031   0.07258   0.62128
 138 L_rmse_1035_recomp_error_2_abs   0.12119   0.00000   0.05799   0.04364   0.62128
 139 L_rmse_1035_recomp_error_2_sqr  -0.00387   0.00000   0.00527   0.00929   0.38599
 140 L_rmse_1035_recomp_error_3      -0.07017  -0.35550   0.00464   0.04953   0.66816
 141 L_rmse_1035_recomp_error_3_abs   0.08372   0.00000   0.03561   0.03474   0.66816
 142 L_rmse_1035_recomp_error_3_sqr  -0.01138   0.00000   0.00248   0.00792   0.44643
 143 L_rmse_1107_output               0.00727  -1.00000   0.33556   0.35059   1.00000
 144 L_rmse_1107_conf                 0.01800   0.00099   0.10251   0.04915   0.71586
 145 L_rmse_1107_weighted             0.03678  -0.93908   0.43807   0.35642   1.14181
 146 L_rmse_1107_dev_from_mean        0.01598  -0.08108   0.00049   0.02171   0.08020
 147 L_rmse_1107_diff_from_int       -0.05911   0.00000   0.26392   0.14486   0.50000
 148 L_rmse_1107_recomp_error_0       0.10226  -1.21993   0.00055   0.73745   1.01601
 149 L_rmse_1107_recomp_error_0_abs   0.02525   0.00055   0.71489   0.18103   1.21993
 150 L_rmse_1107_recomp_error_0_sqr  -0.03527   0.00000   0.54384   0.22399   1.48824
 151 L_rmse_1107_recomp_error_1      -0.04770  -0.41423   0.02766   0.21818   0.49767
 152 L_rmse_1107_recomp_error_1_abs  -0.06619   0.00008   0.19577   0.10021   0.49767
 153 L_rmse_1107_recomp_error_1_sqr   0.01532   0.00000   0.04837   0.04404   0.24767
 154 L_rmse_1107_recomp_error_2      -0.01418  -0.31601   0.00190   0.07831   0.43553
 155 L_rmse_1107_recomp_error_2_abs  -0.01953   0.00002   0.06570   0.04265   0.43553
 156 L_rmse_1107_recomp_error_2_sqr  -0.02157   0.00000   0.00614   0.00742   0.18969
 157 L_rmse_1107_recomp_error_3      -0.02753  -0.36803   0.00267   0.04009   0.40968
 158 L_rmse_1107_recomp_error_3_abs  -0.02864   0.00000   0.02891   0.02790   0.40968
 159 L_rmse_1107_recomp_error_3_sqr  -0.01861   0.00000   0.00161   0.00475   0.16784
 160 L_rmse_1151_output               0.00000  -1.00000   0.33658   0.34851   1.00000
 161 L_rmse_1151_conf                 0.10738   0.00663   0.10269   0.05147   0.57161
 162 L_rmse_1151_weighted             0.09865  -0.90923   0.43926   0.35379   1.13920
 163 L_rmse_1151_dev_from_mean       -0.05215  -0.10175   0.00079   0.02547   0.10782
 164 L_rmse_1151_diff_from_int        0.01637   0.00000   0.26358   0.14617   0.49950
 165 L_rmse_1151_recomp_error_0      -0.03642  -1.29368  -0.00082   0.71205   0.95059
 166 L_rmse_1151_recomp_error_0_abs  -0.00244   0.00018   0.68998   0.17590   1.29368
 167 L_rmse_1151_recomp_error_0_sqr   0.00398   0.00000   0.50702   0.20886   1.67360
 168 L_rmse_1151_recomp_error_1      -0.05214  -0.45306   0.07100   0.08700   0.32343
 169 L_rmse_1151_recomp_error_1_abs   0.00048   0.00001   0.09303   0.06290   0.45306
 170 L_rmse_1151_recomp_error_1_sqr   0.00247   0.00000   0.01261   0.01600   0.20526
 171 L_rmse_1151_recomp_error_2       0.01783  -0.41298   0.03780   0.05101   0.48698
 172 L_rmse_1151_recomp_error_2_abs  -0.01896   0.00000   0.05007   0.03903   0.48698
 173 L_rmse_1151_recomp_error_2_sqr  -0.02048   0.00000   0.00403   0.00646   0.23715
 174 L_rmse_1151_recomp_error_3       0.06812  -0.44032   0.00719   0.03060   0.46565
 175 L_rmse_1151_recomp_error_3_abs  -0.04301   0.00000   0.02175   0.02270   0.46565
 176 L_rmse_1151_recomp_error_3_sqr  -0.01574   0.00000   0.00099   0.00421   0.21683
 177 recomp_error_0_rmse              0.00018   2.12701  21.89163   5.42963  29.34576
 178 recomp_error_1_rmse             -0.00040   2.62969   5.22269   1.79106  10.74147
 179 recomp_error_2_rmse             -0.00194   1.64876   2.78938   0.54817  10.90024
 180 recomp_error_3_rmse              0.00172   0.60959   1.97798   0.66671  11.91694
 181 pc000                            0.05262  -0.89505  -0.26682   0.25512   0.74156
 182 pc001                           -0.06503  -0.89419   0.41349   0.61233   0.98701
 183 pc002                           -0.03747  -0.94331   0.13830   0.56288   0.88755
 184 pc003                            0.03437  -0.80627  -0.02421   0.28204   0.80741
 185 pc004                           -0.01275  -0.91540   0.07456   0.38958   0.87307
 186 pc005                            0.03866  -0.87799   0.05012   0.32326   0.88593
 187 pc006                           -0.03325  -0.87931  -0.06980   0.26601   0.80687
 188 pc007                           -0.04641  -0.83070   0.11953   0.25785   0.87640
 189 pc008                            0.01937  -0.88500  -0.00158   0.61877   0.95380
 190 pc009                            0.09396  -0.88784  -0.05097   0.47418   0.84662
 191 pc010                            0.01595  -0.84269   0.09106   0.28649   0.88188
 192 pc011                            0.05647  -0.83430   0.03091   0.27723   0.87169
 193 pc012                            0.09885  -0.83554  -0.00851   0.32354   0.88472
 194 pc013                            0.10268  -0.87762  -0.29719   0.21750   0.45799
 195 pc014                           -0.06534  -0.81844  -0.01764   0.23807   0.78835
 196 pc015                            0.02957  -0.84746   0.06320   0.31511   0.86323
 197 pc016                            0.03762  -0.80425   0.05810   0.28760   0.91392
 198 pc017                            0.08347  -0.99338  -0.32815   0.74294   0.94204
 199 pc018                           -0.00098  -0.82864   0.10097   0.29956   0.79296
 200 pc019                            0.02938  -0.81568  -0.15298   0.25650   0.83446
 201 pc020                           -0.11600  -0.99327  -0.77163   0.31551   0.95207
 202 pc021                            0.02900  -0.89810  -0.01781   0.33375   0.89717
 203 pc022                            0.08052  -0.83207  -0.08215   0.24906   0.75653
 204 pc023                            0.04095  -0.88253   0.02859   0.24608   0.85712
 205 pc024                           -0.03848  -0.87864   0.02018   0.28741   0.84399
 206 pc025                            0.05496  -0.91521  -0.05680   0.30629   0.77276
 207 pc026                           -0.00892  -0.87816  -0.13099   0.33089   0.88537
 208 pc027                            0.12311  -0.92831   0.11574   0.44484   0.86009
 209 pc028                           -0.00840  -0.89915   0.05544   0.35540   0.88514
 210 pc029                           -0.03721  -0.82636  -0.07282   0.29002   0.74493
 211 pc030                           -0.03441  -0.88444   0.04804   0.29622   0.86825
 212 pc031                           -0.02868  -0.87973  -0.12717   0.36943   0.88684
 213 pc032                           -0.03157  -0.87323   0.01317   0.33358   0.83322
 214 pc033                           -0.03308  -0.85832  -0.03141   0.42052   0.90489
 215 pc034                           -0.03736  -0.88546   0.48835   0.23606   0.94659
 216 pc035                           -0.07791  -0.88296   0.19120   0.23027   0.87526
 217 pc036                           -0.02260  -0.95507  -0.59255   0.37486   0.72090
 218 pc037                            0.01547  -0.87461  -0.15535   0.24777   0.88798
 219 pc038                           -0.00218  -0.92223   0.12947   0.48884   0.89761
 220 pc039                           -0.04362  -0.83624   0.10537   0.26819   0.81843
 221 pc040                            0.00210  -0.81846  -0.04044   0.24650   0.84932
 222 pc041                           -0.02685  -0.82274  -0.00816   0.38427   0.85774
 223 pc042                           -0.03024  -0.86808   0.01472   0.29430   0.89975
 224 pc043                           -0.01822  -0.91775  -0.03562   0.28074   0.86461
 225 pc044                            0.03196  -0.83484  -0.11434   0.31464   0.75281
 226 pc045                           -0.07363  -0.82124   0.07278   0.31625   0.84161
 227 pc046                           -0.01035  -0.87817   0.11618   0.25707   0.85273
 228 pc047                            0.03069  -0.94732  -0.59674   0.33253   0.71864
 229 pc048                           -0.03384  -0.88413   0.08063   0.39935   0.85194
 230 pc049                           -0.05190  -0.84407  -0.07732   0.28564   0.74118
 231 chosen_conf_min                 -0.01397   0.00099   0.06433   0.02689   0.27740
 232 chosen_conf_max                  0.06910   0.02336   0.15381   0.06676   0.85816
 233 chosen_conf_avg                  0.00000   0.01505   0.10313   0.03974   0.46734
 234 highest_chosen_output            0.01673  -1.00000   0.24962   0.35577   1.00000
 235 highest_chosen_weighted         -0.11732  -0.62903   0.03867   0.05994   0.30881
 236 model_avg                        0.00000  -0.95398   0.33543   0.32193   0.97652
 237 chosen_model_avg                 0.00000  -0.99560   0.33536   0.34465   0.99870
 238 models_mean                      0.00000  -0.95398   0.33543   0.32193   0.97652
 239 models_std                       0.00123   0.97476   3.09574   1.07412  17.50017
 240 models_min                       0.00056  -1.00000  -0.02564   0.35313   0.83200
 241 models_max                       0.00603  -0.41550   0.65552   0.27033   1.00000
 242 models_range                     0.03291   0.16800   0.68116   0.23587   2.00000
 243 models_range_dev_high           -0.07834   0.01793   0.10430   0.03132   0.41899
 244 models_range_dev_low            -0.02255   0.02080   0.11905   0.03536   0.50759
 245 diff_mean_10_all                 0.00000  -0.39847   0.00007   0.05944   0.54267
 246 abs_diff_mean_10_all            -0.14097   0.00000   0.04517   0.03865   0.54267
 247 bias                            -0.03958   0.00000   0.00000   0.00000   0.00000
chose model 1034 L_rmse_1035
chose model 261 L_rmse_262
chose model 135 L_rmse_136
chose model 1106 L_rmse_1107
chose model 741 L_rmse_742
chose model 878 L_rmse_879
chose model 0 L_rmse_1
chose model 307 L_rmse_308
chose model 1150 L_rmse_1151
chose model 86 L_rmse_87
processing 10000 predictions...

0%   10   20   30   40   50   60   70   80   90   100%
|----|----|----|----|----|----|----|----|----|----|
***************************************************
 done.
elapsed: [4339.40s cpu, 2806727.0106 mticks, 1050.14s wall]
score: 0.4405  baseline: 0.4419  diff: -0.00146
category UNKNOWN: count 0 avg error 0 baseline avg error 0 avg improvement 0
category AUTO: count 3291 avg error 0.0199825 baseline avg error 0.0190967 avg improvement -0.00088577
category POSS: count 6143 avg error 0.194453 baseline avg error 0.198165 avg improvement 0.00371234
category IMP: count 566 avg error 1.20088 baseline avg error 1.18856 avg improvement -0.0123194
overall: count 10000 avg error 0.193998 baseline avg error 0.19529 avg improvement 0.0012917
worst entries: 
0: 1616  label: -1 pred: 0.786338 bl: 0.59435 IMP error_pred: 3.191 error_bl: 2.54195 improvement: -0.649053
    min: -0.119  max: 0.9595 avg: 0.501932
explanation: 


1: 253  label: -1 pred: 0.486213 bl: 0.27635 POSS error_pred: 2.20883 error_bl: 1.62907 improvement: -0.579759
    min: -0.7125  max: 1 avg: 0.262075
explanation: 


2: 1427  label: -1 pred: 0.416372 bl: 0.2117 IMP error_pred: 2.00611 error_bl: 1.46822 improvement: -0.537893
    min: -0.1875  max: 0.7725 avg: 0.296835
explanation: 


3: 8391  label: -1 pred: 0.367294 bl: 0.16505 POSS error_pred: 1.86949 error_bl: 1.35734 improvement: -0.512152
    min: -0.5615  max: 0.82 avg: 0.298011
explanation: 


4: 3052  label: -0.5 pred: 0.279894 bl: -0.1758 POSS error_pred: 0.608235 error_bl: 0.105106 improvement: -0.503129
    min: -0.9655  max: 0.802 avg: 0.181879
explanation: 


5: 3316  label: -0.5 pred: 0.597136 bl: 0.3521 POSS error_pred: 1.20371 error_bl: 0.726074 improvement: -0.477632
    min: -0.2765  max: 0.77 avg: 0.371451
explanation: 


6: 5995  label: -1 pred: 0.949298 bl: 0.82345 IMP error_pred: 3.79976 error_bl: 3.32497 improvement: -0.474791
    min: 0.3835  max: 1 avg: 0.84387
explanation: 


7: 8352  label: -0.5 pred: 0.351663 bl: 0.04295 POSS error_pred: 0.72533 error_bl: 0.294795 improvement: -0.430535
    min: -0.644  max: 0.9755 avg: 0.156781
explanation: 


8: 7658  label: -1 pred: 0.569602 bl: 0.4307 IMP error_pred: 2.46365 error_bl: 2.0469 improvement: -0.416749
    min: 0.1395  max: 1 avg: 0.64067
explanation: 


9: 2692  label: 0.5 pred: -0.59292 bl: -0.38845 POSS error_pred: 1.19447 error_bl: 0.789343 improvement: -0.40513
    min: -1  max: 0.501 avg: -0.525194
explanation: 


10: 2392  label: -1 pred: 0.549124 bl: 0.41385 IMP error_pred: 2.39978 error_bl: 1.99897 improvement: -0.400813
    min: -0.448  max: 0.854 avg: 0.401099
explanation: 


11: 9090  label: 0 pred: 0.787611 bl: 0.47445 POSS error_pred: 0.620331 error_bl: 0.225103 improvement: -0.395228
    min: -0.2365  max: 0.9525 avg: 0.524036
explanation: 


12: 1614  label: 0.5 pred: -0.844247 bl: -0.69215 IMP error_pred: 1.807 error_bl: 1.42122 improvement: -0.385778
    min: -0.8675  max: -0.187 avg: -0.585745
explanation: 


13: 5521  label: -0.5 pred: 0.617154 bl: 0.44195 POSS error_pred: 1.24803 error_bl: 0.88727 improvement: -0.360764
    min: -0.177  max: 1 avg: 0.540279
explanation: 


14: 1423  label: -0.5 pred: 0.369495 bl: 0.1348 POSS error_pred: 0.756021 error_bl: 0.402971 improvement: -0.35305
    min: -0.1415  max: 0.879 avg: 0.157002
explanation: 


15: 7793  label: -1 pred: 0.672112 bl: 0.56475 IMP error_pred: 2.79596 error_bl: 2.44844 improvement: -0.347516
    min: 0.112  max: 0.9515 avg: 0.532503
explanation: 


16: 2711  label: -1 pred: 0.269954 bl: 0.12715 IMP error_pred: 1.61278 error_bl: 1.27047 improvement: -0.342316
    min: -0.356  max: 0.693 avg: 0.136363
explanation: 


17: 3141  label: 1 pred: -0.34487 bl: -0.21565 IMP error_pred: 1.80868 error_bl: 1.4778 improvement: -0.330871
    min: -0.913  max: 0.2535 avg: -0.309709
explanation: 


18: 1072  label: -1 pred: -0.0495165 bl: -0.24175 POSS error_pred: 0.903419 error_bl: 0.574943 improvement: -0.328476
    min: -0.824  max: 0.6175 avg: -0.0853454
explanation: 


19: 3601  label: -1 pred: 0.913345 bl: 0.8256 IMP error_pred: 3.66089 error_bl: 3.33282 improvement: -0.328072
    min: 0.405  max: 1 avg: 0.749457
explanation: 


20: 4522  label: -0.5 pred: 0.462252 bl: 0.2734 POSS error_pred: 0.925929 error_bl: 0.598148 improvement: -0.327781
    min: -0.1795  max: 0.711 avg: 0.370559
explanation: 


21: 6780  label: -0.5 pred: 0.303237 bl: 0.06525 POSS error_pred: 0.64519 error_bl: 0.319508 improvement: -0.325682
    min: -0.4835  max: 0.8265 avg: 0.0866138
explanation: 


22: 7384  label: -0.5 pred: 0.72554 bl: 0.5864 IMP error_pred: 1.50195 error_bl: 1.18027 improvement: -0.321682
    min: 0.2635  max: 1 avg: 0.649139
explanation: 


23: 5388  label: -1 pred: 0.0778324 bl: -0.08185 IMP error_pred: 1.16172 error_bl: 0.842999 improvement: -0.318723
    min: -0.3365  max: 0.4145 avg: -0.0298519
explanation: 


24: 3656  label: -1 pred: 0.527376 bl: 0.41925 IMP error_pred: 2.33288 error_bl: 2.01427 improvement: -0.318608
    min: -0.0065  max: 0.672 avg: 0.378233
explanation: 


25: 5568  label: -1 pred: 0.298251 bl: 0.172 IMP error_pred: 1.68546 error_bl: 1.37358 improvement: -0.311872
    min: -0.347  max: 0.479 avg: 0.179621
explanation: 


26: 5206  label: -0.5 pred: 0.461697 bl: 0.2831 POSS error_pred: 0.924862 error_bl: 0.613246 improvement: -0.311616
    min: -0.3185  max: 0.975 avg: 0.375048
explanation: 


27: 1088  label: -0.5 pred: 0.68885 bl: 0.55025 IMP error_pred: 1.41336 error_bl: 1.10303 improvement: -0.310339
    min: 0.2445  max: 0.967 avg: 0.551988
explanation: 


28: 4446  label: -1 pred: 0.681813 bl: 0.58805 IMP error_pred: 2.82849 error_bl: 2.5219 improvement: -0.306591
    min: -0.257  max: 0.939 avg: 0.584951
explanation: 


29: 5334  label: 0 pred: 0.651861 bl: 0.354 POSS error_pred: 0.424923 error_bl: 0.125316 improvement: -0.299607
    min: -0.479  max: 1 avg: 0.392104
explanation: 


30: 8921  label: -0.5 pred: 0.266418 bl: 0.0415 POSS error_pred: 0.587396 error_bl: 0.293222 improvement: -0.294174
    min: -0.4005  max: 0.839 avg: 0.180664
explanation: 


31: 5325  label: -1 pred: 0.206285 bl: 0.0799 IMP error_pred: 1.45512 error_bl: 1.16618 improvement: -0.288938
    min: -0.3065  max: 0.489 avg: 0.1588
explanation: 


32: 8269  label: 1 pred: -0.262671 bl: -0.1438 IMP error_pred: 1.59434 error_bl: 1.30828 improvement: -0.286061
    min: -0.7655  max: 0.1575 avg: -0.228217
explanation: 


33: 5806  label: -1 pred: 0.364277 bl: 0.25625 IMP error_pred: 1.86125 error_bl: 1.57816 improvement: -0.283087
    min: -0.4185  max: 0.9365 avg: 0.218058
explanation: 


34: 8272  label: -0.5 pred: 0.653778 bl: 0.5239 POSS error_pred: 1.3312 error_bl: 1.04837 improvement: -0.282832
    min: -0.192  max: 0.882 avg: 0.495894
explanation: 


35: 1572  label: -1 pred: 0.441241 bl: 0.3449 IMP error_pred: 2.07717 error_bl: 1.80876 improvement: -0.268418
    min: -0.0955  max: 0.7065 avg: 0.291038
explanation: 


36: 4530  label: -0.5 pred: 0.596411 bl: 0.46675 POSS error_pred: 1.20212 error_bl: 0.934606 improvement: -0.267512
    min: -0.0565  max: 0.814 avg: 0.400506
explanation: 


37: 6812  label: -1 pred: 0.431769 bl: 0.33655 IMP error_pred: 2.04996 error_bl: 1.78637 improvement: -0.263598
    min: -0.242  max: 0.933 avg: 0.315247
explanation: 


38: 350  label: -1 pred: 0.725587 bl: 0.6503 IMP error_pred: 2.97765 error_bl: 2.72349 improvement: -0.254159
    min: 0.316  max: 0.914 avg: 0.670851
explanation: 


39: 870  label: -0.5 pred: 0.789404 bl: 0.68725 IMP error_pred: 1.66256 error_bl: 1.40956 improvement: -0.252999
    min: 0.314  max: 0.991 avg: 0.646397
explanation: 


40: 719  label: 1 pred: -0.113285 bl: 0.0053 IMP error_pred: 1.2394 error_bl: 0.989428 improvement: -0.249976
    min: -0.361  max: 0.4475 avg: 0.0376994
explanation: 


41: 7723  label: -1 pred: 0.665213 bl: 0.58885 IMP error_pred: 2.77293 error_bl: 2.52444 improvement: -0.248489
    min: 0.1985  max: 0.9065 avg: 0.523189
explanation: 


42: 1890  label: -1 pred: 0.171121 bl: 0.05995 IMP error_pred: 1.37152 error_bl: 1.12349 improvement: -0.24803
    min: -0.2325  max: 0.754 avg: 0.221467
explanation: 


43: 4731  label: 1 pred: -0.257494 bl: -0.1551 IMP error_pred: 1.58129 error_bl: 1.33426 improvement: -0.247036
    min: -0.403  max: 0.384 avg: -0.0867328
explanation: 


44: 2096  label: -1 pred: -0.092734 bl: -0.23915 POSS error_pred: 0.823132 error_bl: 0.578893 improvement: -0.244239
    min: -0.5725  max: 0.245 avg: -0.165514
explanation: 


45: 5260  label: -0.5 pred: 0.217773 bl: 0.02145 POSS error_pred: 0.515198 error_bl: 0.27191 improvement: -0.243288
    min: -0.3535  max: 0.5715 avg: 0.0771229
explanation: 


46: 7853  label: 0.5 pred: -0.602231 bl: -0.4861 POSS error_pred: 1.21491 error_bl: 0.972393 improvement: -0.24252
    min: -0.8845  max: 0.238 avg: -0.348373
explanation: 


47: 5891  label: 1 pred: -0.115335 bl: -0.0023 IMP error_pred: 1.24397 error_bl: 1.00461 improvement: -0.239366
    min: -0.483  max: 0.3535 avg: -0.0239522
explanation: 


48: 7900  label: 0 pred: 0.730885 bl: 0.5434 POSS error_pred: 0.534193 error_bl: 0.295284 improvement: -0.238909
    min: 0.036  max: 0.958 avg: 0.516561
explanation: 


49: 5723  label: -0.5 pred: 0.352634 bl: 0.19985 POSS error_pred: 0.726985 error_bl: 0.48979 improvement: -0.237195
    min: -0.8175  max: 0.88 avg: 0.165279
explanation: 


best entries: 
0: 3642  label: 1 pred: 0.351166 bl: -0.07035 POSS error_pred: 0.420986 error_bl: 1.14565 improvement: 0.724664
1: 3836  label: 1 pred: 0.0877879 bl: -0.2099 POSS error_pred: 0.832131 error_bl: 1.46386 improvement: 0.631727
2: 7277  label: 1 pred: 0.227874 bl: -0.07685 POSS error_pred: 0.596179 error_bl: 1.15961 improvement: 0.563427
3: 9875  label: 1 pred: -0.115695 bl: -0.322 POSS error_pred: 1.24477 error_bl: 1.74768 improvement: 0.50291
4: 8920  label: -1 pred: 0.767764 bl: 0.90015 IMP error_pred: 3.12499 error_bl: 3.61057 improvement: 0.485579
5: 5180  label: 1 pred: 0.127126 bl: -0.1094 POSS error_pred: 0.76191 error_bl: 1.23077 improvement: 0.468859
6: 8914  label: -1 pred: 0.550412 bl: 0.6812 IMP error_pred: 2.40378 error_bl: 2.82643 improvement: 0.422656
7: 4268  label: 1 pred: 0.0413144 bl: -0.15355 POSS error_pred: 0.919078 error_bl: 1.33068 improvement: 0.4116
8: 1259  label: -0.5 pred: 0.471139 bl: 0.6549 POSS error_pred: 0.943112 error_bl: 1.33379 improvement: 0.390682
9: 1755  label: -1 pred: 0.398993 bl: 0.5286 IMP error_pred: 1.95718 error_bl: 2.33662 improvement: 0.379437
10: 4515  label: 1 pred: 0.00969738 bl: -0.15605 IMP error_pred: 0.980699 error_bl: 1.33645 improvement: 0.355752
11: 2967  label: 1 pred: -0.0307963 bl: -0.18845 POSS error_pred: 1.06254 error_bl: 1.41241 improvement: 0.349872
12: 4403  label: -1 pred: 0.199348 bl: 0.33595 IMP error_pred: 1.43844 error_bl: 1.78476 improvement: 0.346326
13: 9696  label: 1 pred: 0.380647 bl: 0.15015 POSS error_pred: 0.383598 error_bl: 0.722245 improvement: 0.338647
14: 6768  label: 1 pred: 0.410466 bl: 0.1742 POSS error_pred: 0.34755 error_bl: 0.681946 improvement: 0.334396
15: 3680  label: -0.5 pred: 0.472754 bl: 0.6293 IMP error_pred: 0.946251 error_bl: 1.27532 improvement: 0.329068
16: 9732  label: 1 pred: 0.494104 bl: 0.24075 POSS error_pred: 0.255931 error_bl: 0.576461 improvement: 0.32053
17: 9408  label: 1 pred: 0.373996 bl: 0.15615 POSS error_pred: 0.391881 error_bl: 0.712083 improvement: 0.320202
18: 8421  label: -1 pred: 0.0547836 bl: 0.1951 IMP error_pred: 1.11257 error_bl: 1.42826 improvement: 0.315696
19: 1117  label: -1 pred: -0.131735 bl: 0.0313 POSS error_pred: 0.753884 error_bl: 1.06358 improvement: 0.309696
20: 1303  label: 1 pred: 0.461736 bl: 0.2258 POSS error_pred: 0.289729 error_bl: 0.599386 improvement: 0.309657
21: 7464  label: 1 pred: 0.285221 bl: 0.09585 POSS error_pred: 0.510908 error_bl: 0.817487 improvement: 0.306579
22: 6108  label: 1 pred: 0.360956 bl: 0.16225 POSS error_pred: 0.408377 error_bl: 0.701825 improvement: 0.293448
23: 3160  label: 1 pred: 0.0219056 bl: -0.1153 POSS error_pred: 0.956669 error_bl: 1.24389 improvement: 0.287225
24: 1315  label: -1 pred: -0.17843 bl: -0.02225 POSS error_pred: 0.674977 error_bl: 0.955995 improvement: 0.281018
25: 1764  label: 1 pred: 0.685417 bl: 0.38425 POSS error_pred: 0.0989622 error_bl: 0.379148 improvement: 0.280186
26: 9302  label: -1 pred: -0.214858 bl: -0.0557 POSS error_pred: 0.616449 error_bl: 0.891702 improvement: 0.275254
27: 2530  label: -0.5 pred: 0.330676 bl: 0.4822 POSS error_pred: 0.690022 error_bl: 0.964717 improvement: 0.274695
28: 5420  label: -0.5 pred: 0.338999 bl: 0.48615 POSS error_pred: 0.703919 error_bl: 0.972492 improvement: 0.268573
29: 3903  label: -1 pred: 0.446173 bl: 0.53585 IMP error_pred: 2.09142 error_bl: 2.35884 improvement: 0.267419
30: 8515  label: -1 pred: -0.352984 bl: -0.1718 POSS error_pred: 0.41863 error_bl: 0.685915 improvement: 0.267286
31: 4306  label: -1 pred: 0.458784 bl: 0.54745 IMP error_pred: 2.12805 error_bl: 2.3946 improvement: 0.266551
32: 1949  label: -1 pred: -0.151377 bl: -0.0088 POSS error_pred: 0.720161 error_bl: 0.982477 improvement: 0.262316
33: 7212  label: 1 pred: 0.353941 bl: 0.17685 POSS error_pred: 0.417392 error_bl: 0.677576 improvement: 0.260184
34: 5548  label: -1 pred: -0.00381806 bl: 0.1174 IMP error_pred: 0.992379 error_bl: 1.24858 improvement: 0.256204
35: 420  label: -0.5 pred: 0.614008 bl: 0.7222 IMP error_pred: 1.24101 error_bl: 1.49377 improvement: 0.252758
36: 3448  label: -1 pred: -0.138637 bl: -0.0057 IMP error_pred: 0.741946 error_bl: 0.988633 improvement: 0.246687
37: 6562  label: -1 pred: -0.0661502 bl: 0.05675 POSS error_pred: 0.872075 error_bl: 1.11672 improvement: 0.244645
38: 1356  label: 1 pred: 0.423686 bl: 0.24085 POSS error_pred: 0.332137 error_bl: 0.576309 improvement: 0.244171
39: 1759  label: -1 pred: -0.0932221 bl: 0.03225 IMP error_pred: 0.822246 error_bl: 1.06554 improvement: 0.243294
40: 1274  label: -1 pred: 0.0920855 bl: 0.1973 POSS error_pred: 1.19265 error_bl: 1.43353 improvement: 0.240877
41: 7770  label: -1 pred: -0.558879 bl: -0.34095 POSS error_pred: 0.194588 error_bl: 0.434347 improvement: 0.239759
42: 3151  label: 0.5 pred: -0.0915362 bl: -0.264 POSS error_pred: 0.349915 error_bl: 0.583696 improvement: 0.233781
43: 6208  label: 1 pred: 0.136018 bl: 0.01175 IMP error_pred: 0.746465 error_bl: 0.976638 improvement: 0.230173
44: 1093  label: -1 pred: -0.139205 bl: -0.0146 IMP error_pred: 0.740969 error_bl: 0.971013 improvement: 0.230044
45: 384  label: -1 pred: -0.248567 bl: -0.1088 POSS error_pred: 0.564652 error_bl: 0.794237 improvement: 0.229586
46: 2660  label: -0.5 pred: 0.46417 bl: 0.5759 IMP error_pred: 0.929623 error_bl: 1.15756 improvement: 0.227938
47: 8495  label: 1 pred: 0.215457 bl: 0.08205 POSS error_pred: 0.615508 error_bl: 0.842632 improvement: 0.227124
48: 6313  label: 0 pred: -0.453377 bl: -0.6559 POSS error_pred: 0.205551 error_bl: 0.430205 improvement: 0.224654
49: 9325  label: -1 pred: 0.0374312 bl: 0.13895 IMP error_pred: 1.07626 error_bl: 1.29721 improvement: 0.220944

total is 0
score for UNKNOWN: nan baseline: nan diff:    nan
total is 3291
score for AUTO: 0.1414 baseline: 0.1382 diff: 0.0032
total is 6143
score for POSS: 0.4410 baseline: 0.4452 diff: -0.0042
total is 566
score for IMP: 1.0958 baseline: 1.0902 diff: 0.0056
writing 50000 official test outputs

0%   10   20   30   40   50   60   70   80   90   100%
|----|----|----|----|----|----|----|----|----|----|
***************************************************
scores: [ 0.440453 ]
0.4405 +/-    nan
6487.13user 4.22system 26:42.00elapsed 405%CPU (0avgtext+0avgdata 0maxresident)k
0inputs+1104outputs (0major+791144minor)pagefaults 0swaps
