loading data...order = 1151
nm = 1151
nx = 50000
nvalues = 1151
singular_values = { 2830.24 257.365 230.482 190.919 161.699 140.275 118.585 112.076 101.221 95.6505 92.4441 85.5444 82.5308 75.9819 73.8328 70.6994 67.5904 65.6535 62.383 61.3324 60.1399 59.1862 57.5297 56.0432 54.7839 52.9803 52.5952 51.9474 51.7946 50.7626 50.1467 49.0847 49.0126 47.5257 46.5509 46.2982 45.6114 44.9637 44.2184 43.6337 42.7768 42.5523 42.3377 41.7535 41.4264 41.3242 40.2764 40.0653 39.6157 39.0949 39.0616 38.4923 38.1954 38.0343 37.5143 37.2368 36.7783 36.5751 36.4169 35.8289 35.6501 35.5367 35.3343 34.8464 34.7267 34.6558 34.17 34.0781 33.8106 33.5981 33.2068 32.6744 32.3795 32.3183 31.9841 31.7259 31.4584 31.2626 31.2022 30.9755 30.51 30.3066 30.2613 29.8572 29.8185 29.6958 29.6205 29.3499 29.2183 28.8429 28.8092 28.5659 28.3093 28.1616 28.0935 27.8605 27.7087 27.6447 27.5784 27.2772 27.129 26.9364 26.7507 26.7053 26.5705 26.4997 26.3859 26.2914 26.1072 26.056 25.945 25.7953 25.7089 25.5817 25.3414 25.3269 25.2041 25.1574 25.0813 25.0619 24.8068 24.7739 24.574 24.5489 24.4113 24.2134 24.1931 24.0855 24.0345 23.9306 23.8117 23.7026 23.5627 23.4828 23.3763 23.3653 23.1751 23.1013 23.0403 22.9875 22.8886 22.8313 22.7193 22.628 22.5702 22.4633 22.4179 22.3665 22.269 22.2312 22.1749 22.0249 21.9984 21.9464 21.8383 21.8131 21.7018 21.6602 21.6004 21.5108 21.4503 21.3661 21.2208 21.1763 21.098 21.0618 21.0129 20.9649 20.8196 20.7527 20.6998 20.5519 20.5207 20.5007 20.4139 20.3742 20.259 20.2547 20.173 20.1066 19.9921 19.915 19.8066 19.7947 19.7232 19.6714 19.5816 19.5293 19.5067 19.4576 19.372 19.2856 19.2634 19.2152 19.1239 19.1047 19.0291 18.9109 18.8317 18.7993 18.7726 18.687 18.6839 18.6391 18.4921 18.4392 18.3821 18.315 18.263 18.1912 18.1359 18.1139 18.0814 18.0368 17.8911 17.8197 17.7947 17.7795 17.6936 17.6244 17.548 17.5437 17.4579 17.4123 17.3562 17.2891 17.2872 17.2697 17.2159 17.158 17.1213 17.0676 17.0295 16.9664 16.9472 16.9247 16.8458 16.799 16.7799 16.6824 16.6447 16.5847 16.5663 16.5084 16.4631 16.4152 16.3899 16.322 16.2857 16.2701 16.2054 16.1971 16.1197 16.0956 16.055 16.0203 15.9956 15.9439 15.8675 15.8251 15.812 15.7821 15.7284 15.6612 15.6438 15.5497 15.5156 15.5029 15.4521 15.3888 15.3684 15.3456 15.3016 15.2396 15.1938 15.1397 15.1174 15.0871 15.0536 15.0141 14.9472 14.9221 14.8827 14.8401 14.8332 14.7931 14.7187 14.7058 14.654 14.612 14.6051 14.5799 14.5245 14.5107 14.4688 14.4499 14.4426 14.4083 14.3452 14.2626 14.2006 14.1279 14.099 14.0367 14.0052 13.9847 13.9556 13.9377 13.8861 13.8649 13.8123 13.7945 13.7622 13.7313 13.6622 13.6528 13.63 13.5507 13.5201 13.4542 13.4349 13.4156 13.384 13.3421 13.306 13.2669 13.2271 13.1918 13.132 13.1061 13.0978 13.0331 13.003 12.9882 12.9413 12.9117 12.8477 12.8101 12.7875 12.7568 12.736 12.6654 12.6238 12.6052 12.5526 12.5389 12.4673 12.458 12.3979 12.3627 12.3298 12.3061 12.2899 12.2425 12.2261 12.1922 12.1709 12.1501 12.0967 12.0779 12.0169 11.9899 11.9499 11.9306 11.8896 11.8714 11.8352 11.8111 11.7532 11.7491 11.7257 11.6818 11.6589 11.6277 11.6139 11.5811 11.5479 11.5319 11.5098 11.4854 11.4581 11.431 11.3884 11.3686 11.3187 11.2764 11.2735 11.2494 11.1927 11.1748 11.1509 11.1274 11.12 11.0871 11.0322 10.9995 10.9913 10.9519 10.9346 10.9115 10.8703 10.8403 10.8155 10.8018 10.7473 10.7324 10.7089 10.6511 10.6383 10.6105 10.6058 10.5894 10.523 10.4892 10.4654 10.4433 10.4181 10.3948 10.3858 10.3642 10.3203 10.304 10.2819 10.2494 10.2458 10.1993 10.1923 10.1645 10.1208 10.0836 10.0781 10.0541 10.0458 9.9956 9.98995 9.95477 9.93035 9.90417 9.88305 9.85516 9.84534 9.82928 9.79816 9.78949 9.74253 9.73615 9.7147 9.6925 9.66683 9.66575 9.64243 9.61915 9.60203 9.58176 9.55617 9.52062 9.50648 9.48747 9.44775 9.43702 9.40856 9.38899 9.38547 9.35573 9.32938 9.31952 9.3137 9.27238 9.24257 9.22034 9.18879 9.18569 9.18221 9.14763 9.12223 9.10504 9.08331 9.04582 8.99395 8.98616 8.96953 8.93976 8.92581 8.91653 8.9069 8.86455 8.8543 8.81931 8.81743 8.78733 8.77952 8.75882 8.73503 8.70715 8.68848 8.66837 8.65764 8.6373 8.61487 8.60015 8.58907 8.56763 8.54072 8.52194 8.48813 8.46968 8.45531 8.45228 8.42113 8.41268 8.37649 8.36317 8.35275 8.32969 8.31529 8.30406 8.28896 8.27892 8.23248 8.21798 8.20756 8.17398 8.16115 8.116 8.10871 8.09309 8.06653 8.03758 8.0128 8.00702 7.984 7.94642 7.94079 7.91917 7.90491 7.8819 7.86518 7.85704 7.83053 7.7898 7.77363 7.75291 7.72481 7.7069 7.68383 7.67486 7.65167 7.63459 7.61644 7.59689 7.58426 7.55237 7.54329 7.52734 7.49707 7.48991 7.48311 7.4708 7.44901 7.43361 7.40933 7.39932 7.36743 7.34296 7.33376 7.30399 7.29246 7.28542 7.25625 7.24255 7.22076 7.21824 7.1859 7.17311 7.16874 7.14106 7.11575 7.09756 7.09297 7.06624 7.05812 7.04669 7.03599 7.02366 7.00765 6.98443 6.97166 6.94269 6.93472 6.92941 6.91102 6.9061 6.89605 6.87055 6.85689 6.84168 6.82065 6.81003 6.80331 6.77265 6.75054 6.74036 6.72387 6.71063 6.67942 6.6724 6.63848 6.63139 6.61532 6.60365 6.59484 6.57964 6.55655 6.54759 6.51698 6.50659 6.48962 6.48323 6.46485 6.44823 6.42608 6.40092 6.38773 6.36493 6.33909 6.33281 6.30993 6.30358 6.27078 6.24466 6.24036 6.21589 6.20012 6.19333 6.17378 6.14038 6.1242 6.11851 6.08673 6.07591 6.06672 6.04486 6.01622 6.00955 5.99594 5.9639 5.9555 5.94284 5.93967 5.91743 5.87935 5.85871 5.85345 5.83985 5.82391 5.81066 5.78769 5.76231 5.74386 5.72953 5.71366 5.70458 5.68842 5.66673 5.64766 5.62469 5.61322 5.6037 5.58371 5.57399 5.56816 5.54768 5.53077 5.51021 5.47806 5.46477 5.45529 5.44409 5.43281 5.42756 5.40378 5.39153 5.38232 5.3634 5.34237 5.33362 5.303 5.29531 5.28227 5.26897 5.26235 5.24479 5.23771 5.2126 5.20682 5.19142 5.18534 5.1578 5.14833 5.1419 5.12917 5.11662 5.09325 5.08445 5.07524 5.05787 5.04258 5.03455 5.01662 5.00967 5.00104 4.98255 4.96993 4.95218 4.93939 4.92733 4.91609 4.88057 4.86896 4.85551 4.85144 4.84413 4.82759 4.81671 4.81136 4.77488 4.77142 4.75909 4.73852 4.72201 4.7133 4.70653 4.69918 4.68058 4.66258 4.65698 4.62299 4.61867 4.59709 4.59391 4.56734 4.5512 4.53137 4.52151 4.49729 4.49346 4.46116 4.45311 4.43141 4.42243 4.41658 4.39801 4.38921 4.37048 4.3624 4.35138 4.33198 4.31734 4.30181 4.29025 4.28408 4.27854 4.26341 4.2586 4.25075 4.23218 4.22736 4.20773 4.19805 4.19322 4.17362 4.15344 4.14936 4.13684 4.11575 4.09005 4.07818 4.05931 4.05424 4.04372 4.02807 3.99388 3.99048 3.96745 3.96216 3.95414 3.92808 3.91095 3.89631 3.88354 3.87508 3.86376 3.85049 3.84649 3.83956 3.81527 3.80206 3.79383 3.78339 3.77498 3.75848 3.75015 3.72863 3.72072 3.70806 3.69715 3.68479 3.67281 3.6473 3.64358 3.62971 3.60462 3.59848 3.59107 3.57241 3.55677 3.54928 3.53672 3.51678 3.51399 3.49783 3.48525 3.47415 3.467 3.45264 3.43498 3.42998 3.41358 3.40664 3.39092 3.37818 3.37659 3.35634 3.34242 3.33023 3.31457 3.29952 3.28964 3.28749 3.27359 3.26905 3.25931 3.24472 3.23247 3.21916 3.21432 3.20897 3.20503 3.19047 3.18719 3.17581 3.16423 3.15103 3.14685 3.12723 3.11896 3.10355 3.09557 3.08322 3.07221 3.07001 3.04753 3.03772 3.02382 3.00947 2.99649 2.9838 2.97558 2.97101 2.95552 2.94453 2.93885 2.92965 2.91298 2.89887 2.89091 2.87829 2.87573 2.85766 2.85157 2.83811 2.83246 2.8135 2.80907 2.7955 2.7887 2.78171 2.77051 2.76254 2.76172 2.73877 2.72724 2.71002 2.70786 2.70151 2.68928 2.66739 2.65368 2.64566 2.64023 2.62964 2.62548 2.61774 2.60996 2.60365 2.58379 2.56647 2.56362 2.56026 2.54878 2.53834 2.52893 2.52729 2.51313 2.49898 2.49123 2.48839 2.47801 2.46388 2.45237 2.445 2.43871 2.42316 2.41492 2.40645 2.39679 2.3771 2.37101 2.37043 2.35074 2.34452 2.32991 2.32233 2.31165 2.29824 2.29393 2.27846 2.26791 2.25469 2.24813 2.24459 2.23884 2.23078 2.21619 2.21118 2.19869 2.19322 2.18354 2.18006 2.1694 2.159 2.1536 2.13971 2.13269 2.12446 2.11615 2.10931 2.10151 2.0896 2.08246 2.07748 2.066 2.05962 2.0439 2.03675 2.02299 2.01671 2.01004 1.99553 1.98435 1.96949 1.96303 1.96013 1.95247 1.94491 1.94012 1.92019 1.91185 1.89003 1.87593 1.874 1.85701 1.85203 1.84032 1.82412 1.80964 1.80127 1.79281 1.78515 1.77366 1.76028 1.73571 1.72534 1.71108 1.70293 1.69379 1.6823 1.67425 1.66696 1.66488 1.65765 1.6492 1.63799 1.635 1.62132 1.61855 1.6142 1.59162 1.57936 1.57185 1.56511 1.55311 1.54869 1.5402 1.53252 1.52794 1.52377 1.51999 1.51077 1.50375 1.48859 1.48159 1.47077 1.46699 1.46032 1.45602 1.44087 1.44039 1.43112 1.42875 1.42103 1.41874 1.41031 1.38881 1.38299 1.37576 1.36838 1.35889 1.35555 1.34664 1.34061 1.33245 1.32085 1.31244 1.30748 1.29276 1.28067 1.27735 1.27724 1.2418 1.23596 1.22865 1.22418 1.19118 1.18901 1.18228 1.17051 1.15228 1.14732 1.12238 1.11657 1.10404 1.09942 1.09299 1.08264 1.05337 1.03808 1.0316 1.02637 1.01811 1.00341 0.993708 0.988038 0.97599 0.971771 0.959784 0.955818 0.945152 0.924739 0.918239 0.911262 0.908297 0.898756 0.892522 0.882457 0.868575 0.853372 0.849264 0.83179 0.817849 0.806287 0.797206 0.781523 0.779046 0.770849 0.753098 0.752549 0.732704 0.718999 0.713692 0.707391 0.698797 0.691466 0.683291 0.677039 0.661634 0.623616 0.618803 0.607407 0.598787 0.596371 0.58088 0.571932 0.568078 0.557001 0.555148 0.547266 0.508066 0.504732 0.501983 0.495396 0.475942 0.462138 0.452751 0.450941 0.430904 0.424267 0.400104 0.380804 0.3721 0.353588 0.318583 0.300447 0.271868 0.269498 0.265389 0.256906 0.237921 0.223796 0.210466 0.183366 0.15217 0.126619 0.0843423 0.0707529 0.00067474 0.000164775 3.74197e-05 1.94869e-05 1.87449e-05 1.24099e-05 }
applying decomposition
done.
model 775: before 0.169251/0.301012 after 0.306882/0.117863 test: before 0.178097/0.305731 after 0/0.132957
model 333: before 0.169351/0.294295 after 0.29971/0.119075 test: before 0.178551/0.301653 after 0/0.135206
model 659: before 0.170459/0.297281 after 0.301062/0.118285 test: before 0.178315/0.303745 after 0/0.134817
model 260: before 0.168731/0.299993 after 0.300784/0.117336 test: before 0.178178/0.304729 after 0/0.131075
model 1016: before 0.169443/0.294171 after 0.300102/0.1129 test: before 0.178531/0.300143 after 0/0.130142
model 1051: before 0.169626/0.293468 after 0.300035/0.122849 test: before 0.178909/0.297691 after 0/0.135718
model 835: before 0.169794/0.293187 after 0.294084/0.117796 test: before 0.179008/0.299167 after 0/0.129662
model 711: before 0.1684/0.292461 after 0.299624/0.123423 test: before 0.177339/0.298961 after 0/0.136121
model 1140: before 0.169513/0.295772 after 0.295461/0.12033 test: before 0.179184/0.302353 after 0/0.132279
model 1058: before 0.169523/0.300791 after 0.306175/0.116649 test: before 0.178911/0.306771 after 0/0.132109
generating blend data
bag bag bag 1 of 0 of 2500500 of 500


bag 3 of 500
bag 5 of 500
bag 4 of 500
bag 6 of 500
bag 7 of 500
bag 8 of 500
bag 9 of 500
bag 10 of 500
bag 11 of 500
bag 12 of 500
bag 13 of 500
bag 14 of 500
bag 15 of 500
bag 16 of 500
bag 17 of 500
bag 18 of 500
bag 19 of 500
bag 20 of 500
bag 21 of 500
bag 22 of 500
bag 23 of 500
bag 24 of 500
bag 25 of 500
bag 26 of 500
bag 27 of 500
bag 28 of 500
bag 29 of 500
bag 30 of 500
bag 31 of 500
bag 32 of 500
bag 33 of 500
bag 34 of 500
bag 35 of 500
bag 36 of 500
bag 37 of 500
bag 38 of 500
bag 39 of 500
bag 40 of 500
bag 41 of 500
bag 42 of 500
bag 43 of 500
bag 44 of 500
bag 45 of 500
bag 46bag  of 47 of 500500

bag 48 of 500
bag 49 of 500
bag 50 of 500
bag 51 of 500
bag 52 of 500
bag 53 of 500
bag 54 of 500
bag 55 of 500
bag 56 of 500
bag 57 of 500
bag 58 of 500
bag 59 of 500
bag 60 of 500
bag 61 of 500
bag 62 of 500
bag 63 of 500
bag 64 of 500
bag 65 of 500
bag 66 of 500
bag 67 of 500
bag 68 of 500
bag 69 of 500
bag 70 of 500
bag 71 of 500
bag 72 of 500
bag 73 of 500
bag 74 of 500
bag 75 of 500
bag 76 of 500
bag 77 of 500
bag 78 of 500
bag 79 of 500
bag 80 of 500
bag 81 of 500
bag 82 of 500
bag 83 of 500
bag 84 of 500
bag 85 of 500
bag 86 of 500
bag 87 of 500
bag 88 of 500
bag 89 of 500
bag 90 of 500
bag 91 of 500
bag 92 of 500
bag 93 of 500
bag 94 of 500
bag 95 of 500
bag 96 of 500
bag 97 of 500
bag 98 of 500
bag 99 of 500
bag 100 of 500
bag 101 of 500
bag 102 of 500
bag 103 of 500
bag 104 of 500
bag 105 of 500
bag 106 of 500
bag 107 of 500
bag 108 of 500
bag 109 of 500
bag 110 of 500
bag 111 of 500
bag 112 of 500
bag 113 of 500
bag 114 of 500
bag 115 of 500
bag 116 of 500
bag 117 of 500
bag 118 of 500
bag 119 of 500
bag 120 of 500
bag 121 of 500
bag 122 of 500
bag 123 of 500
bag 124 of 500
bag 125 of 500
bag 126 of 500
bag 127 of 500
bag 128 of 500
bag 129 of 500
bag 130 of 500
bag 131 of 500
bag 132 of 500
bag 133 of 500
bag 134 of 500
bag 135 of 500
bag 136 of 500
bag 137 of 500
bag 138 of 500
bag 139 of 500
bag 140 of 500
bag 141 of 500
bag 142 of 500
bag 143 of 500
bag 144 of 500
bag 145 of 500
bag 146 of 500
bag 147 of 500
bag 148 of 500
bag 149 of 500
bag 150 of 500
bag 151 of 500
bag 152 of 500
bag 153 of 500
bag 154 of 500
bag 155 of 500
bag 156 of 500
bag 157 of 500
bag 158 of 500
bag 159 of 500
bag 160 of 500
bag 161 of 500
bag 162 of 500
bag 163 of 500
bag 164 of 500
bag 165 of 500
bag 166 of 500
bag 167 of 500
bag 168 of 500
bag 169 of 500
bag 170 of 500
bag 171 of 500
bag 172 of 500
bag 173 of 500
bag 174 of 500
bag 175 of 500
bag 176 of 500
bag 177 of 500
bag 178 of 500
bag 179 of 500
bag 180 of 500
bag 181 of 500
bag 182 of 500
bag 183 of 500
bag 184 of 500
bag 185 of 500
bag 186 of 500
bag 187 of 500
bag 188 of 500
bag 189 of 500
bag 190 of 500
bag 191 of 500
bag 192 of 500
bag 193 of 500
bag 194 of 500
bag 195 of 500
bag 196 of 500
bag 197 of 500
bag 198 of 500
bag 199 of 500
bag 200 of 500
bag 201 of 500
bag 202 of 500
bag 203 of 500
bag 204 of 500
bag 205 of 500
bag 206 of 500
bag 207 of 500
bag 208 of 500
bag 209 of 500
bag 210 of 500
bag 211 of 500
bag 212 of 500
bag 213 of 500
bag 214 of 500
bag 215 of 500
bag 216 of 500
bag 217 of 500
bag 218 of 500
bag 219 of 500
bag 220 of 500
bag 221 of 500
bag 222 of 500
bag 223 of 500
bag 224 of 500
bag 225 of 500
bag 226 of 500
bag 227 of 500
bag 228 of 500
bag 229 of 500
bag 230 of 500
bag 231 of 500
bag 232 of 500
bag 233 of 500
bag 234 of 500
bag 235 of 500
bag 236 of 500
bag 237 of 500
bag 238 of 500
bag 239 of 500
bag 240 of 500
bag 241 of 500
bag 242 of 500
bag 243 of 500
bag 244 of 500
bag 245 of 500
bag 246 of 500
bag 247 of 500
bag 248 of 500
bag 249 of 500
bag 250 of 500
bag 251 of 500
bag 252 of 500
bag 253 of 500
bag 254 of 500
bag 255 of 500
bag 256 of 500
bag 257 of 500
bag 258 of 500
bag 259 of 500
bag 260 of 500
bag 261 of 500
bag 262 of 500
bag 263 of 500
bag 264 of 500
bag 265 of 500
bag 266 of 500
bag 267 of 500
bag 268 of 500
bag 269 of 500
bag 270 of 500
bag 271 of 500
bag 272 of 500
bag 273 of 500
bag 274 of 500
bag 275 of 500
bag 276 of 500
bag 277 of 500
bag 278 of 500
bag 279 of 500
bag 280 of 500
bag 281 of 500
bag 282 of 500
bag 283 of 500
bag 284 of 500
bag 285 of 500
bag 286 of 500
bag 287 of 500
bag 288 of 500
bag 289 of 500
bag 290 of 500
bag 291 of 500
bag 292 of 500
bag 293 of 500
bag 294 of 500
bag 295 of 500
bag 296 of 500
bag 297 of 500
bag 298 of 500
bag 299 of 500
bag 300 of 500
bag 301 of 500
bag 302 of 500
bag 303 of 500
bag 304 of 500
bag 305 of 500
bag 306 of 500
bag 307 of 500
bag 308 of 500
bag 309 of 500
bag 310 of 500
bag 311 of 500
bag 312 of 500
bag 313 of 500
bag 314 of 500
bag 315 of 500
bag 316 of 500
bag 317 of 500
bag 318 of 500
bag 319 of 500
bag 320 of 500
bag 321 of 500
bag 322 of 500
bag 323 of 500
bag 324 of 500
bag 325 of 500
bag 326 of 500
bag 327 of 500
bag 328 of 500
bag 329 of 500
bag 330 of 500
bag 331 of 500
bag 332 of 500
bag 333 of 500
bag 334 of 500
bag 335 of 500
bag 336 of 500
bag 337 of 500
bag 338 of 500
bag 339 of 500
bag 340 of 500
bag 341 of 500
bag 342 of 500
bag 343 of 500
bag 344 of 500
bag 345 of 500
bag 346 of 500
bag 347 of 500
bag 348 of 500
bag 349 of 500
bag 350 of 500
bag 351 of 500
bag 352 of 500
bag 353 of 500
bag 354 of 500
bag 355 of 500
bag 356 of 500
bag 357 of 500
bag 358 of 500
bag 359 of 500
bag 360 of 500
bag 361 of 500
bag 362 of 500
bag 363 of 500
bag 364 of 500
bag 365 of 500
bag 366 of 500
bag 367 of 500
bag 368 of 500
bag 369 of 500
bag 370 of 500
bag 371 of 500
bag 372 of 500
bag 373 of 500
bag 374 of 500
bag 375 of 500
bag 376 of 500
bag 377 of 500
bag 378 of 500
bag 379 of 500
bag 380 of 500
bag 381 of 500
bag 382 of 500
bag 383 of 500
bag 384 of 500
bag 385 of 500
bag 386 of 500
bag 387 of 500
bag 388 of 500
bag 389 of 500
bag 390 of 500
bag 391 of 500
bag 392 of 500
bag 393 of 500
bag 394 of 500
bag 395 of 500
bag 396 of 500
bag 397 of 500
bag 398 of 500
bag 399 of 500
bag 400 of 500
bag 401 of 500
bag 402 of 500
bag 403 of 500
bag 404 of 500
bag 405 of 500
bag 406 of 500
bag 407 of 500
bag 408 of 500
bag 409 of 500
bag 410 of 500
bag 411 of 500
bag 412 of 500
bag 413 of 500
bag 414 of 500
bag 415 of 500
bag 416 of 500
bag 417 of 500
bag 418 of 500
bag 419 of 500
bag 420 of 500
bag 421 of 500
bag 422 of 500
bag 423 of 500
bag 424 of 500
bag 425 of 500
bag 426 of 500
bag 427 of 500
bag 428 of 500
bag 429 of 500
bag 430 of 500
bag 431 of 500
bag 432 of 500
bag 433 of 500
bag 434 of 500
bag 435 of 500
bag 436 of 500
bag 437 of 500
bag 438 of 500
bag 439 of 500
bag 440 of 500
bag 441 of 500
bag 442 of 500
bag 443 of 500
bag bag 445 of 500
444 of 500
bag 446 of 500
bag 447 of 500
bag 448 of 500
bag 449 of 500
bag 450 of 500
bag 451 of 500
bag 452 of 500
bag 453 of 500
bag 454 of 500
bag 455 of 500
bag 456 of 500
bag 457 of 500
bag 458 of 500
bag 460 of 500
bag 459 of 500
bag 461 of 500
bag 462 of 500
bag 463 of 500
bag 464 of 500
bag 465 of 500
bag 466 of 500
bag 467 of 500
bag 468 of 500
bag 469 of 500
bag 470 of 500
bag 471 of 500
bag 472 of 500
bag 473 of 500
bag 474 of 500
bag 475 of 500
bag 476 of 500
bag 477 of 500
bag 478 of 500
bag 479 of 500
bag 480 of 500
bag 481 of 500
bag 482 of 500
bag 483 of 500
bag 484 of 500
bag 485 of 500
bag 486 of 500
bag 487 of 500
bag 488 of 500
bag 489 of 500
bag 490 of 500
bag 491 of 500
bag 492 of 500
bag 493 of 500
bag 494 of 500
bag 495 of 500
bag 496 of 500
bag 497 of 500
bag 498 of 500
bag 499 of 500
processing 10000 predictions...

0%   10   20   30   40   50   60   70   80   90   100%
|----|----|----|----|----|----|----|----|----|----|
***************************************************
 done.
elapsed: [1395.68s cpu, 1109484.5711 mticks, 415.11s wall]
score: 0.1497  baseline: 0.1635  diff: -0.01381
category UNKNOWN: count 0 avg error 0 baseline avg error 0 avg improvement 0
category AUTO: count 3347 avg error 0.0436548 baseline avg error 0.0652753 avg improvement 0.0216205
category POSS: count 5942 avg error 0.162568 baseline avg error 0.171225 avg improvement 0.00865702
category IMP: count 711 avg error 0.540705 baseline avg error 0.56085 avg improvement 0.0201445
overall: count 10000 avg error 0.149653 baseline avg error 0.163466 avg improvement 0.0138127
worst entries: 
0: 5300  label: -1 pred: 0.918964 bl: 0.279 IMP error_pred: 0.700683 error_bl: 0.302632 improvement: -0.398051
    min: 0.1705  max: 0.4935 avg: 0.30585
explanation: 
    0.111886 1.2804823            recomp_error_10_rmse
    0.081547 0.89478189           recomp_error_50_rmse
    0.077660 1.0608481            recomp_error_20_rmse
    0.064189 0.77056915           recomp_error_100_rmse
    0.051140 0.1705               min_model
    0.043401 0.1705               models_min
    0.038531 1.4593174            models_std
    0.037638 0.32300001           models_range
    0.037033 0.1709774            avg_weighted
    0.031858 0.16447528           L_auc_712_weighted
    0.919051                      TOTAL


1: 850  label: -1 pred: 0.841565 bl: 0.2584 IMP error_pred: 0.6591 error_bl: 0.273202 improvement: -0.385898
    min: 0.13  max: 0.5015 avg: 0.28409
explanation: 
    0.114228 1.3158419            recomp_error_10_rmse
    0.082595 0.93326271           recomp_error_50_rmse
    0.072474 0.79096454           recomp_error_100_rmse
    0.071712 1.0718874            recomp_error_20_rmse
    0.038312 1.6503414            models_std
    0.033933 0.14329316           avg_weighted
    0.029834 0.37150002           models_range
    0.027525 0.088492811          L_auc_712_weighted
    0.024470 0.22404584           L_auc_261_weighted
    0.023181 0.21257897           L_auc_836_weighted
    0.841651                      TOTAL


2: 6579  label: -1 pred: 1.05233 bl: 0.33425 IMP error_pred: 0.771997 error_bl: 0.386199 improvement: -0.385798
    min: 0.192  max: 0.5875 avg: 0.34469
explanation: 
    0.111658 1.2133653            recomp_error_10_rmse
    0.082355 1.0199816            recomp_error_50_rmse
    0.079817 1.1336188            recomp_error_20_rmse
    0.072248 0.83037639           recomp_error_100_rmse
    0.070334 0.192                min_model
    0.057944 0.192                models_min
    0.040494 0.24669676           avg_weighted
    0.036195 1.5707273            models_std
    0.036088 0.20079069           L_auc_712_weighted
    0.030542 0.39549997           models_range
    1.052414                      TOTAL


3: 7556  label: -1 pred: 0.957764 bl: 0.3049 IMP error_pred: 0.721173 error_bl: 0.342507 improvement: -0.378666
    min: 0.1725  max: 0.4615 avg: 0.31919
explanation: 
    0.114376 1.2048223            recomp_error_10_rmse
    0.081599 0.94530964           recomp_error_50_rmse
    0.078482 1.1150086            recomp_error_20_rmse
    0.064890 0.81748158           recomp_error_100_rmse
    0.053674 0.1725               min_model
    0.044449 0.1725               models_min
    0.041161 0.22845659           avg_weighted
    0.037932 1.5301635            models_std
    0.036568 0.21517789           L_auc_712_weighted
    0.031459 0.28899997           models_range
    0.957850                      TOTAL


4: 6012  label: -1 pred: 0.96573 bl: 0.3206 IMP error_pred: 0.725392 error_bl: 0.364102 improvement: -0.36129
    min: 0.1675  max: 0.611 avg: 0.415473
explanation: 
    0.103375 1.3690121            recomp_error_10_rmse
    0.085459 0.97708452           recomp_error_50_rmse
    0.082032 1.1643826            recomp_error_20_rmse
    0.050789 0.1675               min_model
    0.045402 0.88758016           recomp_error_100_rmse
    0.042578 0.1675               models_min
    0.042149 0.25393906           avg_weighted
    0.035045 0.27023417           L_auc_712_weighted
    0.028333 0.368                L_auc_660_output
    0.026995 0.3219257            highest_chosen_weighted
    0.965816                      TOTAL


5: 2555  label: -1 pred: 1.27867 bl: 0.4213 IMP error_pred: 0.884492 error_bl: 0.525512 improvement: -0.358979
    min: 0.1745  max: 0.553 avg: 0.3955
explanation: 
    0.116298 1.3567946            recomp_error_10_rmse
    0.072089 0.82095701           recomp_error_100_rmse
    0.067927 1.0282937            recomp_error_50_rmse
    0.062517 1.2242658            recomp_error_20_rmse
    0.054343 0.1745               min_model
    0.045418 0.39403269           avg_weighted
    0.042860 0.1745               models_min
    0.039973 1.4515393            models_std
    0.036552 0.42844367           L_auc_836_weighted
    0.034938 0.46399999           L_auc_660_output
    1.278753                      TOTAL


6: 2186  label: -1 pred: 0.757876 bl: 0.24695 IMP error_pred: 0.612897 error_bl: 0.259944 improvement: -0.352953
    min: 0.136  max: 0.524 avg: 0.319383
explanation: 
    0.068702 0.79132754           recomp_error_100_rmse
    0.061723 1.4490491            recomp_error_10_rmse
    0.060617 1.0278444            recomp_error_50_rmse
    0.053230 1.1933546            recomp_error_20_rmse
    0.034329 0.12902172           avg_weighted
    0.028740 0.098575681          L_auc_712_weighted
    0.027921 0.38799998           models_range
    0.024510 0.20802182           L_auc_261_weighted
    0.022893 0.20802182           highest_chosen_weighted
    0.021690 0.13564034           L_auc_660_weighted
    0.757962                      TOTAL


7: 2359  label: -1 pred: 1.23031 bl: 0.4166 IMP error_pred: 0.865408 error_bl: 0.517376 improvement: -0.348031
    min: 0.281  max: 0.6695 avg: 0.459802
explanation: 
    0.117230 1.3041708            recomp_error_10_rmse
    0.092659 0.28099999           min_model
    0.081513 0.28099999           models_min
    0.057097 1.0730047            recomp_error_50_rmse
    0.052133 1.2418531            recomp_error_20_rmse
    0.045177 0.37176043           avg_weighted
    0.039612 0.90440923           recomp_error_100_rmse
    0.036160 0.44909519           L_auc_836_weighted
    0.034712 0.36028755           L_auc_712_weighted
    0.032631 0.38850001           models_range
    1.230395                      TOTAL


8: 39  label: -1 pred: 1.12357 bl: 0.38895 IMP error_pred: 0.815789 error_bl: 0.47047 improvement: -0.345319
    min: 0.179  max: 0.5425 avg: 0.347637
explanation: 
    0.117855 1.2698925            recomp_error_10_rmse
    0.077431 1.1530167            recomp_error_20_rmse
    0.066552 0.83568388           recomp_error_100_rmse
    0.063233 0.17900001           min_model
    0.059959 1.0544677            recomp_error_50_rmse
    0.050806 0.17900001           models_min
    0.044937 0.34090334           avg_weighted
    0.038734 1.3429507            models_std
    0.034938 0.3227303            L_auc_712_weighted
    0.034684 0.34360796           L_auc_836_weighted
    1.123654                      TOTAL


9: 3650  label: -1 pred: 0.741261 bl: 0.26945 IMP error_pred: 0.60446 error_bl: 0.289373 improvement: -0.315086
    min: 0.1505  max: 0.49 avg: 0.313167
explanation: 
    0.090126 1.3868351            recomp_error_10_rmse
    0.041511 1.0902336            recomp_error_50_rmse
    0.041503 1.3227563            recomp_error_20_rmse
    0.036941 0.1505               min_model
    0.034905 0.33950001           models_range
    0.034216 0.1505               models_min
    0.034206 0.14695962           avg_weighted
    0.033099 1.6775635            models_std
    0.030661 0.92155677           recomp_error_100_rmse
    0.029378 0.12223775           L_auc_712_weighted
    0.741347                      TOTAL


10: 687  label: -1 pred: 0.96719 bl: 0.35515 IMP error_pred: 0.725994 error_bl: 0.417738 improvement: -0.308256
    min: 0.199  max: 0.5545 avg: 0.396792
explanation: 
    0.105546 1.3161044            recomp_error_10_rmse
    0.079918 1.0179307            recomp_error_50_rmse
    0.069997 0.199                min_model
    0.058005 0.199                models_min
    0.050774 1.2377776            recomp_error_20_rmse
    0.046832 0.87041599           recomp_error_100_rmse
    0.044235 0.2777572            avg_weighted
    0.035501 0.29567394           L_auc_712_weighted
    0.034668 1.6192859            models_std
    0.029912 0.35549998           models_range
    0.967276                      TOTAL


11: 7779  label: -1 pred: 1.15101 bl: 0.42205 IMP error_pred: 0.830052 error_bl: 0.526316 improvement: -0.303736
    min: 0.195  max: 0.5185 avg: 0.376366
explanation: 
    0.068545 0.19499999           min_model
    0.058163 0.19499999           models_min
    0.052517 1.459825             recomp_error_10_rmse
    0.046936 0.87672174           recomp_error_100_rmse
    0.045362 0.39630279           avg_weighted
    0.045282 1.3316205            recomp_error_20_rmse
    0.037410 1.7142245            models_std
    0.036461 0.40712613           L_auc_836_weighted
    0.034538 0.42041478           L_auc_712_weighted
    0.033222 1.0998421            recomp_error_50_rmse
    1.151092                      TOTAL


12: 4199  label: -1 pred: 0.972684 bl: 0.36375 IMP error_pred: 0.729008 error_bl: 0.430293 improvement: -0.298714
    min: 0.087  max: 0.5785 avg: 0.388864
explanation: 
    0.120678 1.1934958            recomp_error_10_rmse
    0.084489 0.90305847           recomp_error_50_rmse
    0.073923 0.75173491           recomp_error_100_rmse
    0.073822 1.093757             recomp_error_20_rmse
    0.045247 0.31000596           avg_weighted
    0.037632 1.5982169            models_std
    0.036436 0.30630469           L_auc_712_weighted
    0.034422 0.32360294           L_auc_836_weighted
    0.033499 0.37524554           L_auc_261_weighted
   -0.028118 0.086999997          min_model
    0.972769                      TOTAL


13: 8967  label: -1 pred: 1.05844 bl: 0.39445 IMP error_pred: 0.775613 error_bl: 0.481117 improvement: -0.294496
    min: 0.1785  max: 0.6775 avg: 0.384911
explanation: 
    0.109556 1.3244202            recomp_error_10_rmse
    0.080221 1.1656357            recomp_error_20_rmse
    0.079981 1.0191031            recomp_error_50_rmse
    0.073290 0.82888299           recomp_error_100_rmse
    0.063176 0.1785               min_model
    0.049117 0.1785               models_min
    0.045062 0.33222345           avg_weighted
    0.035387 0.34449285           L_auc_712_weighted
    0.033390 1.7516961            models_std
    0.029762 0.39700001           L_auc_660_output
    1.058523                      TOTAL


14: 7292  label: -1 pred: 0.672312 bl: 0.2622 IMP error_pred: 0.567497 error_bl: 0.278726 improvement: -0.288771
    min: 0.1375  max: 0.4605 avg: 0.312301
explanation: 
    0.112067 1.3385465            recomp_error_10_rmse
    0.058047 0.83662397           recomp_error_100_rmse
    0.050878 1.0552876            recomp_error_50_rmse
    0.045974 1.2663968            recomp_error_20_rmse
    0.037046 0.32300001           models_range
    0.034699 0.14650372           avg_weighted
    0.033074 1.6916279            models_std
    0.030283 0.13996278           L_auc_712_weighted
    0.029376 0.1375               models_min
    0.026465 0.1375               min_model
    0.672398                      TOTAL


15: 5381  label: -1 pred: 0.841145 bl: 0.32645 IMP error_pred: 0.658899 error_bl: 0.37284 improvement: -0.286059
    min: 0.1755  max: 0.5815 avg: 0.376663
explanation: 
    0.063388 0.17550001           min_model
    0.049415 0.17550001           models_min
    0.041511 0.24998453           avg_weighted
    0.036181 0.21555223           L_auc_712_weighted
    0.030129 0.40599999           models_range
    0.029122 0.3610391            L_auc_261_weighted
    0.028383 0.35350001           L_auc_660_output
    0.028038 1.324589             recomp_error_50_rmse
    0.027242 0.3610391            highest_chosen_weighted
    0.024834 -0.0043152301        pc018
    0.841230                      TOTAL


16: 819  label: -1 pred: 1.33947 bl: 0.48 IMP error_pred: 0.905986 error_bl: 0.623343 improvement: -0.282644
    min: 0.291  max: 0.6255 avg: 0.473092
explanation: 
    0.108888 1.3260453            recomp_error_10_rmse
    0.106927 0.29100001           min_model
    0.085018 0.29100001           models_min
    0.074365 0.83057231           recomp_error_100_rmse
    0.069329 1.0275495            recomp_error_50_rmse
    0.060843 1.2204053            recomp_error_20_rmse
    0.046881 0.46058255           avg_weighted
    0.041270 0.33450001           models_range
    0.038067 0.47775534           highest_chosen_weighted
    0.036557 0.4492287            L_auc_836_weighted
    1.339561                      TOTAL


17: 773  label: -1 pred: 1.24367 bl: 0.4656 IMP error_pred: 0.871033 error_bl: 0.598935 improvement: -0.272097
    min: 0.1705  max: 0.536 avg: 0.35379
explanation: 
    0.059452 1.4357102            recomp_error_10_rmse
    0.052766 0.9822821            chosen_conf_max
    0.050596 0.1705               min_model
    0.048429 0.45116052           avg_weighted
    0.047357 1.3393642            recomp_error_20_rmse
    0.044053 0.1705               models_min
    0.042299 0.49899933           highest_chosen_weighted
    0.036410 0.44895384           L_auc_836_weighted
    0.035162 0.46399999           L_auc_660_output
    0.035003 0.46580493           L_auc_712_weighted
    1.243753                      TOTAL


18: 7971  label: -1 pred: 0.569649 bl: 0.2395 POSS error_pred: 0.511049 error_bl: 0.248895 improvement: -0.262153
    min: -0.0065  max: 0.3945 avg: 0.187623
explanation: 
    0.061375 -0.0057008248        pc018
    0.045242 1.2622579            recomp_error_20_rmse
   -0.042071 -0.0065000001        min_model
    0.036182 0.14577647           avg_weighted
    0.033070 0.17913041           L_auc_712_weighted
    0.033054 1.4895997            recomp_error_10_rmse
    0.031393 1.1121248            recomp_error_50_rmse
    0.031379 1.8143389            models_std
   -0.030510 -0.0065000001        models_min
    0.028153 0.40099999           models_range
    0.569735                      TOTAL


19: 3651  label: -1 pred: 0.607681 bl: 0.25745 IMP error_pred: 0.53415 error_bl: 0.272399 improvement: -0.261752
    min: 0.062  max: 0.425 avg: 0.217044
explanation: 
    0.081111 1.0043409            recomp_error_50_rmse
    0.063989 0.8307246            recomp_error_100_rmse
    0.062507 1.4037389            recomp_error_10_rmse
    0.045540 1.2455053            recomp_error_20_rmse
    0.038252 0.16490689           avg_weighted
    0.032445 0.17144887           L_auc_712_weighted
   -0.031629 0.061999999          min_model
    0.029669 0.36300001           models_range
    0.023871 0.19845703           L_auc_660_weighted
   -0.023452 0.061999999          models_min
    0.607766                      TOTAL


20: 6852  label: -1 pred: 0.567122 bl: 0.2396 IMP error_pred: 0.508839 error_bl: 0.248996 improvement: -0.259843
    min: 0.0925  max: 0.458 avg: 0.251744
explanation: 
    0.075061 1.0241404            recomp_error_50_rmse
    0.061531 0.82049674           recomp_error_100_rmse
    0.061376 1.4368985            recomp_error_10_rmse
    0.040916 1.3172799            recomp_error_20_rmse
    0.035592 1.5864353            models_std
    0.032383 0.11767951           avg_weighted
    0.029818 0.13590872           L_auc_712_weighted
    0.029202 0.3655               models_range
   -0.024455 0.092500001          min_model
    0.021841 0.10986218           L_auc_660_weighted
    0.567208                      TOTAL


21: 2620  label: -1 pred: 0.764572 bl: 0.3141 IMP error_pred: 0.616312 error_bl: 0.356569 improvement: -0.259743
    min: 0.154  max: 0.508 avg: 0.320712
explanation: 
    0.043203 0.154                min_model
    0.040395 0.22160912           avg_weighted
    0.038715 0.154                models_min
    0.034639 0.33441642           L_auc_836_weighted
    0.033648 1.5793083            models_std
    0.032013 0.16901699           L_auc_712_weighted
    0.030683 0.35400003           models_range
    0.029338 1.4272301            recomp_error_20_rmse
    0.026929 1.5258205            recomp_error_10_rmse
    0.026882 1.2219235            recomp_error_50_rmse
    0.764658                      TOTAL


22: 1708  label: -1 pred: 0.543185 bl: 0.2261 IMP error_pred: 0.493371 error_bl: 0.23644 improvement: -0.256931
    min: 0.0605  max: 0.4615 avg: 0.249785
explanation: 
    0.088466 1.3935272            recomp_error_10_rmse
    0.040317 1.3283538            recomp_error_20_rmse
    0.032614 0.91276771           recomp_error_100_rmse
    0.032546 0.10304254           avg_weighted
    0.030365 0.1101234            L_auc_712_weighted
    0.030235 1.1561406            recomp_error_50_rmse
   -0.029754 0.0605               min_model
    0.029007 0.40099999           models_range
    0.022730 0.18048605           L_auc_261_weighted
   -0.022573 0.0605               models_min
    0.543271                      TOTAL


23: 9171  label: -1 pred: 0.814526 bl: 0.33555 IMP error_pred: 0.644034 error_bl: 0.38871 improvement: -0.255323
    min: 0.124  max: 0.5315 avg: 0.307603
explanation: 
    0.067614 1.3983628            recomp_error_10_rmse
    0.043287 0.2636492            avg_weighted
    0.037207 1.3666673            recomp_error_20_rmse
    0.035687 0.26489982           L_auc_712_weighted
    0.033084 1.1198989            recomp_error_50_rmse
    0.031277 0.36072814           L_auc_261_weighted
    0.029846 0.40749997           models_range
    0.028804 0.35749999           L_auc_660_output
    0.027675 1.8256963            models_std
    0.027193 0.36072814           highest_chosen_weighted
    0.814612                      TOTAL


24: 394  label: -1 pred: 0.877291 bl: 0.3604 IMP error_pred: 0.675372 error_bl: 0.424869 improvement: -0.250502
    min: 0.1745  max: 0.604 avg: 0.374815
explanation: 
    0.060498 1.4544249            recomp_error_10_rmse
    0.052948 0.1745               min_model
    0.049162 1.2852802            recomp_error_20_rmse
    0.044517 0.29286289           avg_weighted
    0.044457 0.1745               models_min
    0.038311 0.90371341           recomp_error_100_rmse
    0.034547 0.27423909           L_auc_712_weighted
    0.034030 1.1067011            recomp_error_50_rmse
    0.031184 0.41249999           L_auc_660_output
    0.029468 0.3747586            L_auc_660_weighted
    0.877377                      TOTAL


25: 212  label: -1 pred: 0.496926 bl: 0.20945 IMP error_pred: 0.464644 error_bl: 0.217055 improvement: -0.247589
    min: 0.0555  max: 0.4345 avg: 0.233027
explanation: 
    0.111187 1.3315445            recomp_error_10_rmse
    0.050016 1.0524284            recomp_error_50_rmse
    0.041482 0.88131374           recomp_error_100_rmse
    0.039918 1.2692653            recomp_error_20_rmse
    0.031414 0.091633625          avg_weighted
    0.029574 0.083537273          L_auc_712_weighted
    0.028496 0.37900001           models_range
   -0.027191 0.055500001          min_model
    0.023844 0.13195464           L_auc_660_weighted
    0.021201 0.24250001           L_auc_660_output
    0.497012                      TOTAL


26: 3523  label: -1 pred: 0.936885 bl: 0.38555 IMP error_pred: 0.710928 error_bl: 0.464644 improvement: -0.246284
    min: 0.121  max: 0.5345 avg: 0.349275
explanation: 
    0.107788 1.3629137            recomp_error_10_rmse
    0.080236 1.0251155            recomp_error_50_rmse
    0.056099 1.2161568            recomp_error_20_rmse
    0.046372 0.88816053           recomp_error_100_rmse
    0.045144 0.34603587           avg_weighted
    0.037237 0.35897219           L_auc_836_weighted
    0.035975 0.35403201           L_auc_712_weighted
    0.029888 0.39399999           L_auc_660_output
    0.028622 0.36213005           L_auc_1141_weighted
    0.027771 0.34565794           L_auc_261_weighted
    0.936971                      TOTAL


27: 5456  label: -1 pred: 0.749255 bl: 0.31865 IMP error_pred: 0.607875 error_bl: 0.362395 improvement: -0.24548
    min: 0.0705  max: 0.475 avg: 0.246824
explanation: 
    0.065343 0.83939052           recomp_error_100_rmse
    0.044640 1.2976215            recomp_error_20_rmse
    0.042115 0.25267467           avg_weighted
    0.035568 0.2565479            L_auc_712_weighted
   -0.033285 0.070500001          min_model
    0.032070 1.1167047            recomp_error_50_rmse
    0.029629 1.5545425            recomp_error_10_rmse
    0.028914 0.40450001           models_range
    0.027557 -0.0047194031        pc018
    0.025927 0.3335               L_auc_660_output
    0.749341                      TOTAL


28: 8249  label: -1 pred: 0.677472 bl: 0.29605 IMP error_pred: 0.571314 error_bl: 0.326637 improvement: -0.244677
    min: 0.16  max: 0.598 avg: 0.400214
explanation: 
    0.044728 0.16                 min_model
    0.039390 0.16                 models_min
    0.037902 0.18817343           avg_weighted
    0.032219 1.1719097            recomp_error_50_rmse
    0.032097 0.17661704           L_auc_712_weighted
    0.032006 1.4981854            recomp_error_10_rmse
    0.027974 1.4432068            recomp_error_20_rmse
    0.026801 0.33950001           L_auc_660_output
    0.023611 -0.0047911913        pc000
    0.023609 0.25256959           highest_chosen_weighted
    0.677559                      TOTAL


29: 4990  label: -1 pred: 0.495403 bl: 0.21195 IMP error_pred: 0.463037 error_bl: 0.218863 improvement: -0.244174
    min: 0.068  max: 0.435 avg: 0.266384
explanation: 
    0.102809 1.2997763            recomp_error_10_rmse
    0.048734 1.2105522            recomp_error_20_rmse
    0.046149 0.86520332           recomp_error_100_rmse
    0.040482 1.5085882            models_std
    0.034804 1.0796795            recomp_error_50_rmse
    0.029334 0.08557006           avg_weighted
    0.029200 0.36699998           models_range
   -0.024996 0.05869155           L_auc_712_weighted
   -0.024382 0.068000004          min_model
    0.022855 0.094351664          L_auc_660_weighted
    0.495489                      TOTAL


30: 9629  label: -1 pred: 0.79979 bl: 0.3377 IMP error_pred: 0.635396 error_bl: 0.392025 improvement: -0.243371
    min: 0.1385  max: 0.598 avg: 0.318521
explanation: 
    0.068144 -0.0070478059        pc018
    0.041460 0.25162384           avg_weighted
    0.039017 1.3596762            recomp_error_20_rmse
    0.036468 0.23261733           L_auc_712_weighted
    0.029178 0.40900001           L_auc_660_output
    0.028673 0.13850001           models_min
    0.027727 1.1862453            recomp_error_50_rmse
    0.027698 1.5588889            recomp_error_10_rmse
    0.027665 0.36625353           L_auc_660_weighted
    0.026507 0.36625353           highest_chosen_weighted
    0.799876                      TOTAL


31: 9544  label: -1 pred: 0.677402 bl: 0.2984 IMP error_pred: 0.571113 error_bl: 0.330856 improvement: -0.240257
    min: 0.1005  max: 0.473 avg: 0.292877
explanation: 
    0.055578 1.2090811            recomp_error_20_rmse
    0.051554 1.4570352            recomp_error_10_rmse
    0.039779 0.21784475           avg_weighted
    0.039617 1.0869844            recomp_error_50_rmse
    0.034087 0.92073333           recomp_error_100_rmse
    0.030710 0.17484266           L_auc_712_weighted
    0.028574 0.3725               models_range
    0.027056 0.28020179           highest_chosen_weighted
    0.025704 0.28020179           L_auc_261_weighted
    0.023680 0.2674529            L_auc_836_weighted
    0.677488                      TOTAL


32: 1395  label: -1 pred: 1.09395 bl: 0.44125 IMP error_pred: 0.796705 error_bl: 0.55906 improvement: -0.237646
    min: 0.1875  max: 0.5735 avg: 0.388366
explanation: 
    0.083636 1.0122142            recomp_error_50_rmse
    0.069339 0.84674066           recomp_error_100_rmse
    0.068500 0.1875               min_model
    0.056474 0.1875               models_min
    0.053684 1.2579815            recomp_error_20_rmse
    0.045353 0.41293174           avg_weighted
    0.036476 0.44923362           L_auc_836_weighted
    0.035028 0.38746673           L_auc_712_weighted
    0.034746 1.4959741            recomp_error_10_rmse
    0.034268 1.6971296            models_std
    1.094036                      TOTAL


33: 3373  label: -1 pred: 0.628211 bl: 0.28345 IMP error_pred: 0.545601 error_bl: 0.309663 improvement: -0.235938
    min: 0.0925  max: 0.514 avg: 0.305051
explanation: 
    0.093730 1.3805974            recomp_error_10_rmse
    0.055341 1.0501248            recomp_error_50_rmse
    0.046581 1.2875472            recomp_error_20_rmse
    0.046372 0.90007305           recomp_error_100_rmse
    0.036750 0.17235437           avg_weighted
    0.030089 0.14936833           L_auc_712_weighted
   -0.027942 0.092500001          min_model
    0.023044 0.4215               models_range
    0.022872 0.2047354            L_auc_836_weighted
    0.022856 0.21884972           highest_chosen_weighted
    0.628297                      TOTAL


34: 1356  label: -1 pred: 0.496278 bl: 0.22265 IMP error_pred: 0.464243 error_bl: 0.231619 improvement: -0.232624
    min: 0.0335  max: 0.4965 avg: 0.206895
explanation: 
    0.113438 1.3168188            recomp_error_10_rmse
    0.069810 1.0230919            recomp_error_50_rmse
    0.063013 0.81899416           recomp_error_100_rmse
    0.048891 1.199176             recomp_error_20_rmse
   -0.036955 0.033500001          min_model
    0.033335 0.095204681          avg_weighted
   -0.029769 0.033500001          models_min
    0.026085 0.08050371           L_auc_712_weighted
    0.020318 0.16773166           L_auc_261_weighted
    0.017838 0.080013901          L_auc_334_weighted
    0.496364                      TOTAL


35: 1005  label: -1 pred: 0.731932 bl: 0.32965 IMP error_pred: 0.601446 error_bl: 0.376657 improvement: -0.224789
    min: 0.1675  max: 0.619 avg: 0.404658
explanation: 
    0.051209 0.1675               min_model
    0.042782 0.1675               models_min
    0.040340 0.24161705           avg_weighted
    0.035320 0.20306206           L_auc_712_weighted
    0.032655 0.43799999           L_auc_660_output
    0.030464 0.39036414           L_auc_261_weighted
    0.030451 0.40627569           L_auc_660_weighted
    0.028629 1.4584285            recomp_error_20_rmse
    0.028078 1.2205386            recomp_error_50_rmse
    0.026940 0.40627569           highest_chosen_weighted
    0.732018                      TOTAL


36: 3826  label: -1 pred: 0.703136 bl: 0.3187 IMP error_pred: 0.587184 error_bl: 0.362395 improvement: -0.224789
    min: 0.1305  max: 0.5235 avg: 0.317914
explanation: 
    0.043795 1.3410209            recomp_error_20_rmse
    0.040740 0.23887488           avg_weighted
    0.034689 0.22079393           L_auc_712_weighted
    0.032515 1.1207666            recomp_error_50_rmse
    0.030463 0.39300001           models_range
    0.027997 1.5224559            recomp_error_10_rmse
    0.027957 0.361                L_auc_660_output
    0.026281 0.30354473           L_auc_660_weighted
    0.026000 0.93664575           recomp_error_100_rmse
    0.025330 0.237031             L_auc_261_weighted
    0.703222                      TOTAL


37: 575  label: -1 pred: 1.15944 bl: 0.4735 IMP error_pred: 0.834271 error_bl: 0.610888 improvement: -0.223383
    min: 0.211  max: 0.688 avg: 0.464495
explanation: 
    0.070554 0.211                min_model
    0.060494 0.53644854           max_weighted
    0.057996 0.211                models_min
    0.046883 0.44887933           avg_weighted
    0.038614 0.48808488           highest_chosen_weighted
    0.036583 0.48808488           L_auc_836_weighted
    0.035138 0.46950001           L_auc_660_output
    0.033567 0.53644854           L_auc_261_weighted
    0.032985 0.41294062           L_auc_712_weighted
    0.031542 0.97131318           chosen_conf_max
    1.159521                      TOTAL


38: 8872  label: -1 pred: 0.727709 bl: 0.331 IMP error_pred: 0.599237 error_bl: 0.378666 improvement: -0.220571
    min: 0.1425  max: 0.4535 avg: 0.301841
explanation: 
    0.059296 1.4293051            recomp_error_10_rmse
    0.044040 0.27278298           avg_weighted
    0.037463 1.3618765            recomp_error_20_rmse
    0.037101 0.1425               min_model
    0.034525 0.31353697           L_auc_712_weighted
    0.034483 0.1425               models_min
    0.031589 1.7196144            models_std
    0.030955 1.1625118            recomp_error_50_rmse
    0.030147 0.31099999           models_range
    0.027590 0.3073633            highest_chosen_weighted
    0.727795                      TOTAL


39: 5057  label: -1 pred: 0.887875 bl: 0.38385 IMP error_pred: 0.682001 error_bl: 0.462234 improvement: -0.219767
    min: 0.226  max: 0.586 avg: 0.442662
explanation: 
    0.071054 0.226                min_model
    0.058398 0.226                models_min
    0.049884 0.89936715           recomp_error_100_rmse
    0.045124 1.3474298            recomp_error_20_rmse
    0.044872 0.3331565            avg_weighted
    0.034056 0.31748837           L_auc_712_weighted
    0.033084 1.1674498            recomp_error_50_rmse
    0.032265 0.36000001           models_range
    0.030590 0.4280557            L_auc_261_weighted
    0.030222 0.37599999           L_auc_660_output
    0.887962                      TOTAL


40: 2549  label: 1 pred: -0.546641 bl: 0.1904 POSS error_pred: 0.492234 error_bl: 0.277479 improvement: -0.214755
    min: -0.3835  max: 0.5405 avg: -0.0277163
explanation: 
   -0.072074 -0.23899999          L_auc_660_output
   -0.066815 -0.19308174          L_auc_660_weighted
   -0.049770 -0.19308174          highest_chosen_weighted
    0.038784 0.20506905           L_auc_712_weighted
   -0.038178 -0.38350001          models_min
   -0.037077 -0.38350001          min_model
   -0.032240 -0.23899999          highest_chosen_output
    0.027382 0.073035292          avg_weighted
   -0.025785 -0.027716333         models_mean
   -0.023782 0.00032373003        pc000
   -0.546555                      TOTAL


41: 937  label: -1 pred: 1.05795 bl: 0.4435 IMP error_pred: 0.775412 error_bl: 0.56147 improvement: -0.213941
    min: 0.22  max: 0.603 avg: 0.40916
explanation: 
    0.069290 0.22                 min_model
    0.058980 0.22                 models_min
    0.053371 0.97528589           chosen_conf_max
    0.047296 0.50763631           highest_chosen_weighted
    0.045219 0.4102141            avg_weighted
    0.036890 0.38299999           models_range
    0.035606 0.37740904           L_auc_836_weighted
    0.035167 0.47099999           L_auc_660_output
    0.033418 0.50763631           max_weighted
    0.032796 0.38740319           L_auc_712_weighted
    1.058033                      TOTAL


42: 7361  label: -1 pred: 0.522162 bl: 0.2553 IMP error_pred: 0.480112 error_bl: 0.269988 improvement: -0.210125
    min: 0.0845  max: 0.4835 avg: 0.287766
explanation: 
    0.034665 1.7140498            models_std
    0.034443 0.14408955           avg_weighted
    0.029744 0.39899999           models_range
    0.029267 0.13111363           L_auc_712_weighted
   -0.027308 0.0845               min_model
    0.026870 1.5643657            recomp_error_10_rmse
    0.024676 1.2997255            recomp_error_50_rmse
    0.024511 1.3965766            recomp_error_20_rmse
    0.023433 0.18372084           highest_chosen_weighted
    0.021029 1.117185             recomp_error_100_rmse
    0.522248                      TOTAL


43: 1554  label: -1 pred: 1.28857 bl: 0.5174 IMP error_pred: 0.88871 error_bl: 0.67959 improvement: -0.20912
    min: 0.281  max: 0.767 avg: 0.484222
explanation: 
    0.108546 1.3595455            recomp_error_10_rmse
    0.096437 0.28099999           min_model
    0.081281 0.28099999           models_min
    0.052782 1.2856762            recomp_error_20_rmse
    0.049237 0.49136418           avg_weighted
    0.039135 0.51081288           max_weighted
    0.037502 0.47861317           highest_chosen_weighted
    0.036415 0.47496849           L_auc_836_weighted
    0.034902 0.49042782           L_auc_712_weighted
    0.034866 0.509                L_auc_660_output
    1.288660                      TOTAL


44: 2639  label: 1 pred: -0.5028 bl: 0.20205 POSS error_pred: 0.472919 error_bl: 0.265631 improvement: -0.207288
    min: -0.424  max: 0.536 avg: 0.151531
explanation: 
   -0.058420 -0.0025559075        L_auc_261_weighted
   -0.051996 0.010338854          pc141
   -0.045907 -0.050999999         L_auc_261_output
   -0.036965 -0.42399999          min_model
   -0.031725 -0.42399999          models_min
   -0.029768 0.026089264          L_auc_712_weighted
    0.026304 0.16427991           L_auc_836_weighted
    0.025527 0.21459319           highest_chosen_weighted
   -0.023557 0.0066065555         pc111
    0.022948 0.3795               highest_chosen_output
   -0.502714                      TOTAL


45: 6536  label: 1 pred: 0.139689 bl: 0.92915 POSS error_pred: 0.207686 error_bl: 0.000597358 improvement: -0.207089
    min: -0.0265  max: 1 avg: 0.707677
explanation: 
    0.081891 1                    L_auc_712_output
    0.062825 0.9375               L_auc_776_output
    0.057493 1                    L_auc_1052_output
    0.046824 0.85750002           L_auc_660_output
   -0.040741 -0.0265              min_model
   -0.039610 -0.02262284          pc090
    0.039014 0.92914999           avg_model_chosen
    0.038727 0.75800002           L_auc_261_output
    0.034661 0.70767593           model_avg
   -0.033994 0.015931603          L_auc_712_weighted
    0.139775                      TOTAL


46: 2072  label: -1 pred: 0.734163 bl: 0.34015 IMP error_pred: 0.602049 error_bl: 0.395842 improvement: -0.206207
    min: 0.1465  max: 0.5965 avg: 0.311026
explanation: 
    0.043947 0.26466912           avg_weighted
    0.036496 0.14650001           min_model
    0.034700 0.26441416           L_auc_712_weighted
    0.034467 0.14650001           models_min
    0.034462 0.33654076           L_auc_836_weighted
    0.027197 1.256922             recomp_error_50_rmse
    0.025791 0.31914154           L_auc_261_weighted
    0.025724 0.33654076           highest_chosen_weighted
    0.025216 1.5782106            recomp_error_10_rmse
    0.025145 0.333                L_auc_660_output
    0.734249                      TOTAL


47: 8194  label: -1 pred: 1.31661 bl: 0.5244 IMP error_pred: 0.897951 error_bl: 0.692246 improvement: -0.205705
    min: 0.306  max: 0.7735 avg: 0.542456
explanation: 
    0.107886 0.30599999           min_model
    0.091236 0.30599999           models_min
    0.068473 -0.0057995119        pc018
    0.053133 0.52864116           max_weighted
    0.053113 0.50436413           avg_weighted
    0.045140 0.97381425           chosen_conf_max
    0.041840 0.52490383           L_auc_836_weighted
    0.040399 0.49518454           highest_chosen_weighted
    0.036546 0.97381425           L_auc_1017_conf
    0.035351 0.46832085           L_auc_712_weighted
    1.316696                      TOTAL


48: 6128  label: -1 pred: 0.683767 bl: 0.3257 IMP error_pred: 0.576135 error_bl: 0.371535 improvement: -0.2046
    min: 0.0395  max: 0.5265 avg: 0.314552
explanation: 
    0.108216 1.3698568            recomp_error_10_rmse
    0.046337 0.89860588           recomp_error_100_rmse
    0.045014 1.294233             recomp_error_20_rmse
    0.042680 0.24994843           avg_weighted
   -0.042467 0.039500002          min_model
    0.035599 0.21037565           L_auc_712_weighted
    0.033818 1.6692834            models_std
    0.032786 1.1025412            recomp_error_50_rmse
   -0.031460 0.039500002          models_min
    0.025874 0.31025308           L_auc_261_weighted
    0.683853                      TOTAL


49: 7495  label: -1 pred: 0.777098 bl: 0.35755 IMP error_pred: 0.624548 error_bl: 0.421053 improvement: -0.203495
    min: 0.0805  max: 0.5895 avg: 0.362097
explanation: 
    0.070389 1.4061095            recomp_error_10_rmse
    0.057827 0.86642772           recomp_error_100_rmse
    0.057232 1.0585878            recomp_error_50_rmse
    0.044473 0.29298955           avg_weighted
    0.042238 1.3460499            recomp_error_20_rmse
    0.035965 0.23292738           L_auc_712_weighted
    0.033847 0.32429323           L_auc_836_weighted
   -0.029256 0.080499999          min_model
    0.028005 0.35456476           highest_chosen_weighted
    0.025308 0.32567289           L_auc_1141_weighted
    0.777185                      TOTAL


best entries: 
0: 9694  label: -1 pred: 0.219461 bl: 0.70485 POSS error_pred: 0.29309 error_bl: 0.899759 improvement: 0.606669
1: 751  label: -1 pred: 0.357824 bl: 0.86975 IMP error_pred: 0.376456 error_bl: 0.980313 improvement: 0.603857
2: 5799  label: -1 pred: 0.299611 bl: 0.75565 POSS error_pred: 0.339896 error_bl: 0.937123 improvement: 0.597228
3: 6478  label: -1 pred: 0.269581 bl: 0.6926 POSS error_pred: 0.320008 error_bl: 0.889916 improvement: 0.569908
4: 5582  label: -1 pred: 0.359987 bl: 0.73155 POSS error_pred: 0.37726 error_bl: 0.917738 improvement: 0.540478
5: 581  label: -1 pred: 0.26623 bl: 0.65035 POSS error_pred: 0.317999 error_bl: 0.853556 improvement: 0.535556
6: 8121  label: -1 pred: 0.283038 bl: 0.6206 IMP error_pred: 0.32965 error_bl: 0.820209 improvement: 0.490558
7: 9284  label: -1 pred: 0.418603 bl: 0.70495 IMP error_pred: 0.414022 error_bl: 0.89996 improvement: 0.485938
8: 4577  label: -1 pred: 0.495494 bl: 0.78085 IMP error_pred: 0.463439 error_bl: 0.948775 improvement: 0.485335
9: 363  label: -1 pred: -0.26377 bl: 0.47065 POSS error_pred: 0.124347 error_bl: 0.607372 improvement: 0.483025
10: 4453  label: -1 pred: 0.52105 bl: 0.7789 IMP error_pred: 0.478907 error_bl: 0.948172 improvement: 0.469265
11: 657  label: -1 pred: -0.0185331 bl: 0.5105 POSS error_pred: 0.202491 error_bl: 0.671254 improvement: 0.468763
12: 5148  label: -1 pred: 0.406266 bl: 0.675 POSS error_pred: 0.407593 error_bl: 0.87495 improvement: 0.467356
13: 5053  label: -1 pred: 0.582934 bl: 0.85825 IMP error_pred: 0.519285 error_bl: 0.978907 improvement: 0.459622
14: 8842  label: -1 pred: 0.399575 bl: 0.65865 POSS error_pred: 0.40237 error_bl: 0.861892 improvement: 0.459522
15: 2104  label: -1 pred: 0.331 bl: 0.61455 POSS error_pred: 0.35898 error_bl: 0.81358 improvement: 0.4546
16: 7709  label: -1 pred: 0.507228 bl: 0.73985 IMP error_pred: 0.470872 error_bl: 0.924468 improvement: 0.453596
17: 8852  label: -1 pred: 0.311166 bl: 0.6012 POSS error_pred: 0.347127 error_bl: 0.793692 improvement: 0.446565
18: 5380  label: -1 pred: 0.49528 bl: 0.71665 POSS error_pred: 0.462836 error_bl: 0.907995 improvement: 0.445159
19: 2133  label: -1 pred: 0.171516 bl: 0.53725 POSS error_pred: 0.268783 error_bl: 0.711029 improvement: 0.442246
20: 7193  label: -1 pred: 0.0224009 bl: 0.49475 POSS error_pred: 0.215147 error_bl: 0.646043 improvement: 0.430896
21: 3188  label: -1 pred: 0.566491 bl: 0.7601 IMP error_pred: 0.508638 error_bl: 0.939534 improvement: 0.430896
22: 2813  label: -1 pred: 0.502594 bl: 0.7013 IMP error_pred: 0.468863 error_bl: 0.897549 improvement: 0.428686
23: 7534  label: -1 pred: 0.281063 bl: 0.5705 POSS error_pred: 0.327642 error_bl: 0.756227 improvement: 0.428586
24: 958  label: -1 pred: 0.422318 bl: 0.63815 POSS error_pred: 0.417035 error_bl: 0.842507 improvement: 0.425472
25: 9801  label: -1 pred: 0.554553 bl: 0.73945 IMP error_pred: 0.501406 error_bl: 0.924066 improvement: 0.42266
26: 2666  label: -1 pred: 0.222882 bl: 0.5393 POSS error_pred: 0.2955 error_bl: 0.715548 improvement: 0.420048
27: 5232  label: -1 pred: 0.474881 bl: 0.6568 IMP error_pred: 0.445761 error_bl: 0.859984 improvement: 0.414223
28: 6785  label: -1 pred: 0.263478 bl: 0.5458 POSS error_pred: 0.316392 error_bl: 0.725191 improvement: 0.408799
29: 2947  label: -1 pred: 0.51442 bl: 0.68375 IMP error_pred: 0.476697 error_bl: 0.88188 improvement: 0.405183
30: 1690  label: -1 pred: 0.172873 bl: 0.5058 POSS error_pred: 0.270189 error_bl: 0.664926 improvement: 0.394737
31: 497  label: -1 pred: 0.419305 bl: 0.61105 POSS error_pred: 0.414022 error_bl: 0.808055 improvement: 0.394034
32: 6541  label: -1 pred: 0.495624 bl: 0.65155 POSS error_pred: 0.46364 error_bl: 0.85456 improvement: 0.39092
33: 6838  label: -1 pred: 0.118964 bl: 0.48985 POSS error_pred: 0.247891 error_bl: 0.63861 improvement: 0.390719
34: 7726  label: -1 pred: 0.651393 bl: 0.77665 IMP error_pred: 0.557051 error_bl: 0.947168 improvement: 0.390117
35: 8881  label: -1 pred: 0.368034 bl: 0.5809 POSS error_pred: 0.381077 error_bl: 0.767979 improvement: 0.386902
36: 3402  label: -1 pred: 0.319992 bl: 0.553 IMP error_pred: 0.352752 error_bl: 0.733528 improvement: 0.380775
37: 222  label: -1 pred: 0.643746 bl: 0.7473 POSS error_pred: 0.553636 error_bl: 0.931298 improvement: 0.377662
38: 2234  label: -1 pred: 0.417148 bl: 0.5954 IMP error_pred: 0.413218 error_bl: 0.786862 improvement: 0.373644
39: 5947  label: -1 pred: 0.567503 bl: 0.68365 IMP error_pred: 0.50904 error_bl: 0.881679 improvement: 0.37264
40: 273  label: -1 pred: 0.290831 bl: 0.53485 POSS error_pred: 0.334271 error_bl: 0.70671 improvement: 0.372439
41: 9754  label: -1 pred: -0.0498473 bl: 0.44215 POSS error_pred: 0.193049 error_bl: 0.560064 improvement: 0.367015
42: 1091  label: -1 pred: 0.552711 bl: 0.66275 IMP error_pred: 0.5 error_bl: 0.865307 improvement: 0.365307
43: 2277  label: -1 pred: 0.296847 bl: 0.53195 IMP error_pred: 0.338088 error_bl: 0.703295 improvement: 0.365207
44: 2149  label: -1 pred: 0.17129 bl: 0.4857 POSS error_pred: 0.268582 error_bl: 0.632182 improvement: 0.3636
45: 2070  label: -1 pred: 0.374846 bl: 0.56225 IMP error_pred: 0.384492 error_bl: 0.746786 improvement: 0.362294
46: 6192  label: -1 pred: 0.151961 bl: 0.4775 POSS error_pred: 0.257131 error_bl: 0.617115 improvement: 0.359984
47: 5357  label: -1 pred: 0.464988 bl: 0.6063 IMP error_pred: 0.440739 error_bl: 0.800723 improvement: 0.359984
48: 3096  label: -1 pred: 0.446258 bl: 0.5983 IMP error_pred: 0.431499 error_bl: 0.789273 improvement: 0.357774
49: 7526  label: -1 pred: 0.782084 bl: 0.88285 IMP error_pred: 0.626557 error_bl: 0.98413 improvement: 0.357573

total is 0
score for UNKNOWN: 1.0000 baseline: 1.0000 diff: 0.0000
total is 3347
score for AUTO: 0.0000 baseline: 0.0000 diff: 0.0000
total is 5942
score for POSS: 0.2301 baseline: 0.2389 diff: -0.0088
total is 711
score for IMP: 1.0000 baseline: 1.0000 diff: 0.0000
writing 50000 official test outputs

0%   10   20   30   40   50   60   70   80   90   100%
|----|----|----|----|----|----|----|----|----|----|
***************************************************
scores: [ 0.149653 ]
0.1497 +/-    nan
1811.52user 7.15system 9:38.34elapsed 314%CPU (0avgtext+0avgdata 0maxresident)k
20760inputs+1096outputs (0major+2338834minor)pagefaults 0swaps
