loading data...data_train.nm() = 18
data_test.nx = 50000
fold 0 of 10
examples: train 8982 test 1018
training 200 models

0%   10   20   30   40   50   60   70   80   90   100%
|----|----|----|----|----|----|----|----|----|----|
***************************************************
dn1                             -0.49317
dn2                              0.04947
dn3                             -0.44041
dn4                             -0.82732
gated                            1.07993
gated2                           0.23140
gated3                           0.24867
gated4                          -0.51746
gated5                           0.23426
mr1                             -0.15591
mr2                             -0.69788
mr3                              1.68761
mr4                             -0.77747
mr5                              1.75909
mr6                             -0.04688
mr7                              1.08627
mr8                              1.66130
mr9                              0.34658
bias                            -2.41927
processing 1018 predictions...

0%   10   20   30   40   50   60   70   80   90   100%
|----|----|----|----|----|----|----|----|----|----|
***************************************************
 done.
elapsed: [6.82s cpu, 12855.3350 mticks, 4.81s wall]
calculation 50000 official test outputs

0%   10   20   30   40   50   60   70   80   90   100%
|----|----|----|----|----|----|----|----|----|----|
***************************************************
fold 1 of 10
examples: train 8987 test 1013
training 200 models

0%   10   20   30   40   50   60   70   80   90   100%
|----|----|----|----|----|----|----|----|----|----|
***************************************************
dn1                             -0.36076
dn2                             -0.02545
dn3                             -0.61565
dn4                             -0.88164
gated                            1.10085
gated2                           0.27397
gated3                           0.17832
gated4                          -0.66907
gated5                           0.38884
mr1                              0.00125
mr2                             -0.86372
mr3                              1.93398
mr4                             -0.90169
mr5                              1.62985
mr6                              0.04818
mr7                              0.57289
mr8                              2.28059
mr9                              0.47997
bias                            -2.55703
processing 1013 predictions...

0%   10   20   30   40   50   60   70   80   90   100%
|----|----|----|----|----|----|----|----|----|----|
***************************************************
 done.
elapsed: [14.48s cpu, 26704.5354 mticks, 9.99s wall]
calculation 50000 official test outputs

0%   10   20   30   40   50   60   70   80   90   100%
|----|----|----|----|----|----|----|----|----|----|
***************************************************
fold 2 of 10
examples: train 8973 test 1027
training 200 models

0%   10   20   30   40   50   60   70   80   90   100%
|----|----|----|----|----|----|----|----|----|----|
***************************************************
dn1                             -0.38716
dn2                              0.01345
dn3                             -0.53900
dn4                             -1.03021
gated                            0.87949
gated2                           0.39483
gated3                           0.42524
gated4                          -0.74535
gated5                           0.31321
mr1                              0.15634
mr2                             -0.93511
mr3                              2.24952
mr4                             -0.83568
mr5                              1.59997
mr6                              0.04490
mr7                              0.66661
mr8                              2.08549
mr9                              0.34206
bias                            -2.66883
processing 1027 predictions...

0%   10   20   30   40   50   60   70   80   90   100%
|----|----|----|----|----|----|----|----|----|----|
***************************************************
 done.
elapsed: [22.63s cpu, 40107.6479 mticks, 15.01s wall]
calculation 50000 official test outputs

0%   10   20   30   40   50   60   70   80   90   100%
|----|----|----|----|----|----|----|----|----|----|
***************************************************
fold 3 of 10
examples: train 8979 test 1021
training 200 models

0%   10   20   30   40   50   60   70   80   90   100%
|----|----|----|----|----|----|----|----|----|----|
***************************************************
dn1                             -0.49697
dn2                              0.03391
dn3                             -0.62205
dn4                             -0.97816
gated                            1.22632
gated2                           0.38337
gated3                           0.03118
gated4                          -0.63864
gated5                           0.36020
mr1                             -0.00433
mr2                             -1.07444
mr3                              1.92419
mr4                             -0.92368
mr5                              1.74012
mr6                              0.13105
mr7                              0.77879
mr8                              2.01533
mr9                              0.75923
bias                            -2.63581
processing 1021 predictions...

0%   10   20   30   40   50   60   70   80   90   100%
|----|----|----|----|----|----|----|----|----|----|
***************************************************
 done.
elapsed: [30.15s cpu, 50783.3949 mticks, 19.00s wall]
calculation 50000 official test outputs

0%   10   20   30   40   50   60   70   80   90   100%
|----|----|----|----|----|----|----|----|----|----|
***************************************************
fold 4 of 10
examples: train 9035 test 965
training 200 models

0%   10   20   30   40   50   60   70   80   90   100%
|----|----|----|----|----|----|----|----|----|----|
***************************************************
dn1                             -0.39482
dn2                             -0.11134
dn3                             -0.64388
dn4                             -0.83506
gated                            1.16256
gated2                           0.29985
gated3                           0.09342
gated4                          -0.65098
gated5                           0.34081
mr1                             -0.10950
mr2                             -0.82341
mr3                              1.87692
mr4                             -0.63898
mr5                              1.60888
mr6                              0.22239
mr7                              0.81226
mr8                              2.02481
mr9                              0.45103
bias                            -2.68411
processing 965 predictions...

0%   10   20   30   40   50   60   70   80   90   100%
|----|----|----|----|----|----|----|----|----|----|
***************************************************
 done.
elapsed: [37.60s cpu, 62539.2649 mticks, 23.40s wall]
calculation 50000 official test outputs

0%   10   20   30   40   50   60   70   80   90   100%
|----|----|----|----|----|----|----|----|----|----|
***************************************************
fold 5 of 10
examples: train 9010 test 990
training 200 models

0%   10   20   30   40   50   60   70   80   90   100%
|----|----|----|----|----|----|----|----|----|----|
***************************************************
dn1                             -0.31701
dn2                             -0.13207
dn3                             -0.68138
dn4                             -0.83888
gated                            1.07849
gated2                           0.50131
gated3                           0.19331
gated4                          -0.79287
gated5                           0.33279
mr1                              0.06460
mr2                             -0.96354
mr3                              1.61055
mr4                             -0.70629
mr5                              1.70627
mr6                              0.06775
mr7                              0.70641
mr8                              1.99265
mr9                              0.75606
bias                            -2.57711
processing 990 predictions...

0%   10   20   30   40   50   60   70   80   90   100%
|----|----|----|----|----|----|----|----|----|----|
***************************************************
 done.
elapsed: [45.29s cpu, 73472.0333 mticks, 27.49s wall]
calculation 50000 official test outputs

0%   10   20   30   40   50   60   70   80   90   100%
|----|----|----|----|----|----|----|----|----|----|
***************************************************
fold 6 of 10
examples: train 8999 test 1001
training 200 models

0%   10   20   30   40   50   60   70   80   90   100%
|----|----|----|----|----|----|----|----|----|----|
***************************************************
dn1                             -0.33578
dn2                             -0.02477
dn3                             -0.71458
dn4                             -0.75952
gated                            1.08728
gated2                           0.30453
gated3                           0.21775
gated4                          -0.73528
gated5                           0.30148
mr1                             -0.14871
mr2                             -0.83647
mr3                              2.10118
mr4                             -0.76416
mr5                              1.43203
mr6                              0.20299
mr7                              0.60996
mr8                              2.37990
mr9                              0.39746
bias                            -2.68341
processing 1001 predictions...

0%   10   20   30   40   50   60   70   80   90   100%
|----|----|----|----|----|----|----|----|----|----|
***************************************************
 done.
elapsed: [52.96s cpu, 86288.2682 mticks, 32.28s wall]
calculation 50000 official test outputs

0%   10   20   30   40   50   60   70   80   90   100%
|----|----|----|----|----|----|----|----|----|----|
***************************************************
fold 7 of 10
examples: train 9059 test 941
training 200 models

0%   10   20   30   40   50   60   70   80   90   100%
|----|----|----|----|----|----|----|----|----|----|
***************************************************
dn1                             -0.44579
dn2                             -0.10323
dn3                             -0.59191
dn4                             -0.72109
gated                            1.11338
gated2                           0.24619
gated3                           0.20183
gated4                          -0.55530
gated5                           0.30897
mr1                             -0.10665
mr2                             -0.88024
mr3                              1.51422
mr4                             -0.79413
mr5                              1.33878
mr6                              0.16738
mr7                              0.73207
mr8                              1.99805
mr9                              0.93880
bias                            -2.41470
processing 941 predictions...

0%   10   20   30   40   50   60   70   80   90   100%
|----|----|----|----|----|----|----|----|----|----|
***************************************************
 done.
elapsed: [60.53s cpu, 97421.6095 mticks, 36.45s wall]
calculation 50000 official test outputs

0%   10   20   30   40   50   60   70   80   90   100%
|----|----|----|----|----|----|----|----|----|----|
***************************************************
fold 8 of 10
examples: train 8970 test 1030
training 200 models

0%   10   20   30   40   50   60   70   80   90   100%
|----|----|----|----|----|----|----|----|----|----|
***************************************************
dn1                             -0.42984
dn2                             -0.11994
dn3                             -0.57102
dn4                             -0.72716
gated                            1.15508
gated2                           0.30513
gated3                           0.15167
gated4                          -0.63063
gated5                           0.29578
mr1                             -0.24535
mr2                             -0.89247
mr3                              1.64858
mr4                             -0.65899
mr5                              1.33220
mr6                              0.25599
mr7                              0.72507
mr8                              2.03942
mr9                              0.83874
bias                            -2.45806
processing 1030 predictions...

0%   10   20   30   40   50   60   70   80   90   100%
|----|----|----|----|----|----|----|----|----|----|
***************************************************
 done.
elapsed: [67.88s cpu, 111492.6361 mticks, 41.71s wall]
calculation 50000 official test outputs

0%   10   20   30   40   50   60   70   80   90   100%
|----|----|----|----|----|----|----|----|----|----|
***************************************************
fold 9 of 10
examples: train 9006 test 994
training 200 models

0%   10   20   30   40   50   60   70   80   90   100%
|----|----|----|----|----|----|----|----|----|----|
***************************************************
dn1                             -0.48364
dn2                             -0.12408
dn3                             -0.62445
dn4                             -0.75044
gated                            1.05254
gated2                           0.29021
gated3                           0.10900
gated4                          -0.43905
gated5                           0.28749
mr1                             -0.24188
mr2                             -0.85341
mr3                              1.87421
mr4                             -0.50365
mr5                              1.63407
mr6                              0.19586
mr7                              0.68769
mr8                              1.96685
mr9                              0.48452
bias                            -2.56558
processing 994 predictions...

0%   10   20   30   40   50   60   70   80   90   100%
|----|----|----|----|----|----|----|----|----|----|
***************************************************
 done.
elapsed: [75.46s cpu, 125602.0173 mticks, 46.99s wall]
calculation 50000 official test outputs

0%   10   20   30   40   50   60   70   80   90   100%
|----|----|----|----|----|----|----|----|----|----|
***************************************************
dn1                            0.1581
dn2                            0.1634
dn3                            0.1634
dn4                            0.1581
gated                          0.1497
gated2                         0.1528
gated3                         0.1524
gated4                         0.1528
gated5                         0.1519
mr1                            0.1581
mr2                            0.1584
mr3                            0.1499
mr4                            0.1508
mr5                            0.1485
mr6                            0.1505
mr7                            0.1485
mr8                            0.1500
mr9                            0.1484
combined                       0.1461
test_output.size() = 50000
74.40user 2.57system 0:48.14elapsed 159%CPU (0avgtext+0avgdata 0maxresident)k
0inputs+968outputs (0major+551578minor)pagefaults 0swaps
