loading data...data_train.nm() = 22
data_test.nx = 50000
fold 0 of 10
examples: train 8982 test 1018
training 200 models

0%   10   20   30   40   50   60   70   80   90   100%
|----|----|----|----|----|----|----|----|----|----|
***************************************************
dn1                             -0.05173
dn2                             -0.01938
dn3                              0.03245
dn4                             -0.06214
gated                            0.06503
gated2                           0.08493
gated3                           0.04387
gated4                           0.02337
gated5                           0.00586
mr1                              0.14149
mr2                              0.09011
mr3                              0.10510
mr4                              0.10545
mr5                              0.08990
mr6                              0.11194
mr7                              0.15609
mr8                              0.06174
mr9                              0.05287
gated6                           0.00335
gated7                          -0.00487
rtrees                          -0.02406
mclass                          -0.01492
bias                            -0.00672
processing 1018 predictions...

0%   10   20   30   40   50   60   70   80   90   100%
|----|----|----|----|----|----|----|----|----|----|
***************************************************
 done.
elapsed: [30.20s cpu, 11132.1165 mticks, 4.17s wall]
calculation 50000 official test outputs

0%   10   20   30   40   50   60   70   80   90   100%
|----|----|----|----|----|----|----|----|----|----|
***************************************************
fold 1 of 10
examples: train 8987 test 1013
training 200 models

0%   10   20   30   40   50   60   70   80   90   100%
|----|----|----|----|----|----|----|----|----|----|
***************************************************
dn1                             -0.06500
dn2                             -0.00721
dn3                              0.03755
dn4                             -0.06935
gated                            0.10794
gated2                           0.08007
gated3                           0.06503
gated4                           0.03941
gated5                           0.00056
mr1                              0.11798
mr2                              0.10385
mr3                              0.10439
mr4                              0.11024
mr5                              0.08524
mr6                              0.10282
mr7                              0.15705
mr8                              0.07925
mr9                              0.04092
gated6                           0.01975
gated7                          -0.07436
rtrees                          -0.03914
mclass                          -0.00311
bias                            -0.00478
processing 1013 predictions...

0%   10   20   30   40   50   60   70   80   90   100%
|----|----|----|----|----|----|----|----|----|----|
***************************************************
 done.
elapsed: [60.56s cpu, 22774.0841 mticks, 8.52s wall]
calculation 50000 official test outputs

0%   10   20   30   40   50   60   70   80   90   100%
|----|----|----|----|----|----|----|----|----|----|
***************************************************
fold 2 of 10
examples: train 8973 test 1027
training 200 models

0%   10   20   30   40   50   60   70   80   90   100%
|----|----|----|----|----|----|----|----|----|----|
***************************************************
dn1                             -0.06472
dn2                             -0.04047
dn3                              0.07090
dn4                             -0.06200
gated                            0.08630
gated2                           0.10606
gated3                           0.03420
gated4                           0.06388
gated5                           0.00084
mr1                              0.13686
mr2                              0.10129
mr3                              0.11717
mr4                              0.11954
mr5                              0.11671
mr6                              0.10949
mr7                              0.17715
mr8                              0.06853
mr9                              0.06424
gated6                           0.01173
gated7                          -0.10984
rtrees                          -0.08351
mclass                          -0.02366
bias                            -0.00678
processing 1027 predictions...

0%   10   20   30   40   50   60   70   80   90   100%
|----|----|----|----|----|----|----|----|----|----|
***************************************************
 done.
elapsed: [86.16s cpu, 33716.2096 mticks, 12.61s wall]
calculation 50000 official test outputs

0%   10   20   30   40   50   60   70   80   90   100%
|----|----|----|----|----|----|----|----|----|----|
***************************************************
fold 3 of 10
examples: train 8979 test 1021
training 200 models

0%   10   20   30   40   50   60   70   80   90   100%
|----|----|----|----|----|----|----|----|----|----|
***************************************************
dn1                             -0.07526
dn2                             -0.00501
dn3                              0.01237
dn4                             -0.07149
gated                            0.09650
gated2                           0.08356
gated3                           0.06485
gated4                           0.05849
gated5                          -0.00054
mr1                              0.10735
mr2                              0.10429
mr3                              0.09804
mr4                              0.11416
mr5                              0.13161
mr6                              0.11633
mr7                              0.13460
mr8                              0.07347
mr9                              0.05786
gated6                           0.05821
gated7                          -0.08888
rtrees                          -0.05682
mclass                          -0.01569
bias                            -0.00581
processing 1021 predictions...

0%   10   20   30   40   50   60   70   80   90   100%
|----|----|----|----|----|----|----|----|----|----|
***************************************************
 done.
elapsed: [114.62s cpu, 45201.3105 mticks, 16.91s wall]
calculation 50000 official test outputs

0%   10   20   30   40   50   60   70   80   90   100%
|----|----|----|----|----|----|----|----|----|----|
***************************************************
fold 4 of 10
examples: train 9035 test 965
training 200 models

0%   10   20   30   40   50   60   70   80   90   100%
|----|----|----|----|----|----|----|----|----|----|
***************************************************
dn1                             -0.06823
dn2                             -0.02165
dn3                              0.01873
dn4                             -0.06710
gated                            0.07663
gated2                           0.11105
gated3                           0.02181
gated4                           0.05180
gated5                           0.00681
mr1                              0.12622
mr2                              0.09234
mr3                              0.12188
mr4                              0.12644
mr5                              0.11263
mr6                              0.12377
mr7                              0.13035
mr8                              0.06292
mr9                              0.04978
gated6                           0.00934
gated7                          -0.04544
rtrees                          -0.06149
mclass                           0.00975
bias                            -0.00261
processing 965 predictions...

0%   10   20   30   40   50   60   70   80   90   100%
|----|----|----|----|----|----|----|----|----|----|
***************************************************
 done.
elapsed: [141.97s cpu, 56487.9868 mticks, 21.13s wall]
calculation 50000 official test outputs

0%   10   20   30   40   50   60   70   80   90   100%
|----|----|----|----|----|----|----|----|----|----|
***************************************************
fold 5 of 10
examples: train 9010 test 990
training 200 models

0%   10   20   30   40   50   60   70   80   90   100%
|----|----|----|----|----|----|----|----|----|----|
***************************************************
dn1                             -0.05732
dn2                             -0.03089
dn3                              0.02924
dn4                             -0.04620
gated                            0.09011
gated2                           0.09347
gated3                           0.04284
gated4                           0.02203
gated5                           0.00408
mr1                              0.14484
mr2                              0.08599
mr3                              0.10682
mr4                              0.05343
mr5                              0.06450
mr6                              0.09784
mr7                              0.21426
mr8                              0.05980
mr9                              0.06610
gated6                           0.01541
gated7                          -0.03572
rtrees                          -0.04558
mclass                           0.02018
bias                            -0.00445
processing 990 predictions...

0%   10   20   30   40   50   60   70   80   90   100%
|----|----|----|----|----|----|----|----|----|----|
***************************************************
 done.
elapsed: [171.84s cpu, 68117.5635 mticks, 25.49s wall]
calculation 50000 official test outputs

0%   10   20   30   40   50   60   70   80   90   100%
|----|----|----|----|----|----|----|----|----|----|
***************************************************
fold 6 of 10
examples: train 8999 test 1001
training 200 models

0%   10   20   30   40   50   60   70   80   90   100%
|----|----|----|----|----|----|----|----|----|----|
***************************************************
dn1                             -0.04724
dn2                             -0.02116
dn3                             -0.00562
dn4                             -0.05701
gated                            0.09285
gated2                           0.10288
gated3                           0.04050
gated4                           0.02995
gated5                           0.00397
mr1                              0.13620
mr2                              0.08621
mr3                              0.11720
mr4                              0.09646
mr5                              0.11912
mr6                              0.10900
mr7                              0.14607
mr8                              0.07515
mr9                              0.04651
gated6                           0.01147
gated7                          -0.05704
rtrees                          -0.05075
mclass                           0.00705
bias                            -0.00106
processing 1001 predictions...

0%   10   20   30   40   50   60   70   80   90   100%
|----|----|----|----|----|----|----|----|----|----|
***************************************************
 done.
elapsed: [203.05s cpu, 79870.0259 mticks, 29.88s wall]
calculation 50000 official test outputs

0%   10   20   30   40   50   60   70   80   90   100%
|----|----|----|----|----|----|----|----|----|----|
***************************************************
fold 7 of 10
examples: train 9059 test 941
training 200 models

0%   10   20   30   40   50   60   70   80   90   100%
|----|----|----|----|----|----|----|----|----|----|
***************************************************
dn1                             -0.05764
dn2                             -0.01073
dn3                              0.01659
dn4                             -0.06623
gated                            0.07312
gated2                           0.08431
gated3                           0.05371
gated4                           0.05876
gated5                           0.02197
mr1                              0.11618
mr2                              0.10582
mr3                              0.09406
mr4                              0.11275
mr5                              0.11098
mr6                              0.11044
mr7                              0.11494
mr8                              0.06352
mr9                              0.05241
gated6                           0.02619
gated7                          -0.02009
rtrees                          -0.06181
mclass                          -0.00383
bias                            -0.00238
processing 941 predictions...

0%   10   20   30   40   50   60   70   80   90   100%
|----|----|----|----|----|----|----|----|----|----|
***************************************************
 done.
elapsed: [233.36s cpu, 91625.9896 mticks, 34.28s wall]
calculation 50000 official test outputs

0%   10   20   30   40   50   60   70   80   90   100%
|----|----|----|----|----|----|----|----|----|----|
***************************************************
fold 8 of 10
examples: train 8970 test 1030
training 200 models

0%   10   20   30   40   50   60   70   80   90   100%
|----|----|----|----|----|----|----|----|----|----|
***************************************************
dn1                             -0.05187
dn2                             -0.00292
dn3                              0.01724
dn4                             -0.04354
gated                            0.08867
gated2                           0.07953
gated3                           0.05119
gated4                           0.03475
gated5                           0.02102
mr1                              0.10890
mr2                              0.09552
mr3                              0.10216
mr4                              0.11127
mr5                              0.09408
mr6                              0.11361
mr7                              0.10773
mr8                              0.06799
mr9                              0.04051
gated6                           0.01853
gated7                          -0.01257
rtrees                          -0.03116
mclass                          -0.01670
bias                            -0.00547
processing 1030 predictions...

0%   10   20   30   40   50   60   70   80   90   100%
|----|----|----|----|----|----|----|----|----|----|
***************************************************
 done.
elapsed: [262.30s cpu, 103106.2574 mticks, 38.58s wall]
calculation 50000 official test outputs

0%   10   20   30   40   50   60   70   80   90   100%
|----|----|----|----|----|----|----|----|----|----|
***************************************************
fold 9 of 10
examples: train 9006 test 994
training 200 models

0%   10   20   30   40   50   60   70   80   90   100%
|----|----|----|----|----|----|----|----|----|----|
***************************************************
dn1                             -0.04231
dn2                             -0.01639
dn3                             -0.00285
dn4                             -0.03680
gated                            0.10114
gated2                           0.06568
gated3                           0.05583
gated4                           0.03764
gated5                           0.00707
mr1                              0.12390
mr2                              0.09155
mr3                              0.10838
mr4                              0.09744
mr5                              0.10457
mr6                              0.10876
mr7                              0.12916
mr8                              0.07820
mr9                              0.05931
gated6                           0.03010
gated7                          -0.05080
rtrees                          -0.05601
mclass                          -0.00628
bias                            -0.00160
processing 994 predictions...

0%   10   20   30   40   50   60   70   80   90   100%
|----|----|----|----|----|----|----|----|----|----|
***************************************************
 done.
elapsed: [291.60s cpu, 114630.2112 mticks, 42.89s wall]
calculation 50000 official test outputs

0%   10   20   30   40   50   60   70   80   90   100%
|----|----|----|----|----|----|----|----|----|----|
***************************************************
dn1                            0.4442
dn2                            0.4495
dn3                            0.4497
dn4                            0.4442
gated                          0.4418
gated2                         0.4414
gated3                         0.4428
gated4                         0.4419
gated5                         0.4460
mr1                            0.4386
mr2                            0.4387
mr3                            0.4386
mr4                            0.4386
mr5                            0.4386
mr6                            0.4386
mr7                            0.4385
mr8                            0.4389
mr9                            0.4389
gated6                         0.4421
gated7                         0.4405
rtrees                         0.4427
mclass                         0.4417
combined                       0.4385
test_output.size() = 50000
284.52user 7.32system 0:43.26elapsed 674%CPU (0avgtext+0avgdata 0maxresident)k
0inputs+1104outputs (0major+1919716minor)pagefaults 0swaps
