loading data...data_train.nm() = 18
data_test.nx = 20000
fold 0 of 10
examples: train 3605 test 395
training 200 models

0%   10   20   30   40   50   60   70   80   90   100%
|----|----|----|----|----|----|----|----|----|----|
***************************************************
dn1                              0.00893
dn2                             -0.54331
dn3                             -0.50924
dn4                             -0.00981
gated                            0.56503
gated2                          -0.10855
gated3                           0.22039
gated4                          -0.43115
gated5                           0.16654
mr1                              0.34543
mr2                              0.46701
mr3                              0.18809
mr4                              0.92229
mr5                              0.92413
mr6                              0.61892
mr7                              0.78689
mr8                             -0.08961
mr9                              0.25752
bias                            -2.28688
processing 395 predictions...

0%   10   20   30   40   50   60   70   80   90   100%
|----|----|----|----|----|----|----|----|----|----|
***************************************************
 done.
elapsed: [2.76s cpu, 6186.4527 mticks, 2.31s wall]
calculation 20000 official test outputs

0%   10   20   30   40   50   60   70   80   90   100%
|----|----|----|----|----|----|----|----|----|----|
***************************************************
fold 1 of 10
examples: train 3557 test 443
training 200 models

0%   10   20   30   40   50   60   70   80   90   100%
|----|----|----|----|----|----|----|----|----|----|
***************************************************
dn1                             -0.01166
dn2                             -0.39573
dn3                             -0.37201
dn4                             -0.00173
gated                            0.66777
gated2                          -0.01988
gated3                           0.12898
gated4                          -0.48394
gated5                           0.18522
mr1                              0.20506
mr2                              0.18800
mr3                              0.19166
mr4                              0.93705
mr5                              0.80683
mr6                              0.67482
mr7                              0.74584
mr8                              0.02728
mr9                              0.27316
bias                            -2.11904
processing 443 predictions...

0%   10   20   30   40   50   60   70   80   90   100%
|----|----|----|----|----|----|----|----|----|----|
***************************************************
 done.
elapsed: [5.86s cpu, 10875.6195 mticks, 4.07s wall]
calculation 20000 official test outputs

0%   10   20   30   40   50   60   70   80   90   100%
|----|----|----|----|----|----|----|----|----|----|
***************************************************
fold 2 of 10
examples: train 3617 test 383
training 200 models

0%   10   20   30   40   50   60   70   80   90   100%
|----|----|----|----|----|----|----|----|----|----|
***************************************************
dn1                              0.01649
dn2                             -0.58321
dn3                             -0.49850
dn4                              0.01335
gated                            0.53301
gated2                           0.05628
gated3                           0.04437
gated4                          -0.38604
gated5                           0.22514
mr1                              0.31734
mr2                              0.34694
mr3                             -0.17171
mr4                              0.99719
mr5                              0.85035
mr6                              0.70710
mr7                              0.65150
mr8                              0.02375
mr9                              0.29456
bias                            -2.08798
processing 383 predictions...

0%   10   20   30   40   50   60   70   80   90   100%
|----|----|----|----|----|----|----|----|----|----|
***************************************************
 done.
elapsed: [9.12s cpu, 16831.4065 mticks, 6.30s wall]
calculation 20000 official test outputs

0%   10   20   30   40   50   60   70   80   90   100%
|----|----|----|----|----|----|----|----|----|----|
***************************************************
fold 3 of 10
examples: train 3603 test 397
training 200 models

0%   10   20   30   40   50   60   70   80   90   100%
|----|----|----|----|----|----|----|----|----|----|
***************************************************
dn1                              0.13249
dn2                             -0.55161
dn3                             -0.50943
dn4                              0.14968
gated                            0.52294
gated2                           0.02831
gated3                           0.15871
gated4                          -0.36149
gated5                           0.08415
mr1                              0.45398
mr2                              0.43918
mr3                             -0.12261
mr4                              0.78667
mr5                              0.81144
mr6                              0.65745
mr7                              0.63744
mr8                              0.02451
mr9                              0.28732
bias                            -2.08530
processing 397 predictions...

0%   10   20   30   40   50   60   70   80   90   100%
|----|----|----|----|----|----|----|----|----|----|
***************************************************
 done.
elapsed: [12.30s cpu, 21120.0609 mticks, 7.90s wall]
calculation 20000 official test outputs

0%   10   20   30   40   50   60   70   80   90   100%
|----|----|----|----|----|----|----|----|----|----|
***************************************************
fold 4 of 10
examples: train 3629 test 371
training 200 models

0%   10   20   30   40   50   60   70   80   90   100%
|----|----|----|----|----|----|----|----|----|----|
***************************************************
dn1                             -0.03361
dn2                             -0.40942
dn3                             -0.37261
dn4                             -0.00543
gated                            0.45791
gated2                          -0.07801
gated3                           0.12089
gated4                          -0.23167
gated5                           0.10589
mr1                              0.42658
mr2                              0.29306
mr3                              0.06883
mr4                              0.80805
mr5                              1.13005
mr6                              0.56361
mr7                              0.90468
mr8                             -0.29435
mr9                              0.35477
bias                            -2.20875
processing 371 predictions...

0%   10   20   30   40   50   60   70   80   90   100%
|----|----|----|----|----|----|----|----|----|----|
***************************************************
 done.
elapsed: [15.55s cpu, 25274.8970 mticks, 9.46s wall]
calculation 20000 official test outputs

0%   10   20   30   40   50   60   70   80   90   100%
|----|----|----|----|----|----|----|----|----|----|
***************************************************
fold 5 of 10
examples: train 3612 test 388
training 200 models

0%   10   20   30   40   50   60   70   80   90   100%
|----|----|----|----|----|----|----|----|----|----|
***************************************************
dn1                             -0.02516
dn2                             -0.45385
dn3                             -0.51371
dn4                             -0.02493
gated                            0.60661
gated2                          -0.00478
gated3                           0.19443
gated4                          -0.17400
gated5                          -0.13700
mr1                              0.68807
mr2                              0.60614
mr3                             -0.18649
mr4                              0.86473
mr5                              0.78989
mr6                              0.65362
mr7                              0.62810
mr8                             -0.09634
mr9                              0.16476
bias                            -2.16224
processing 388 predictions...

0%   10   20   30   40   50   60   70   80   90   100%
|----|----|----|----|----|----|----|----|----|----|
***************************************************
 done.
elapsed: [18.67s cpu, 30452.0468 mticks, 11.39s wall]
calculation 20000 official test outputs

0%   10   20   30   40   50   60   70   80   90   100%
|----|----|----|----|----|----|----|----|----|----|
***************************************************
fold 6 of 10
examples: train 3597 test 403
training 200 models

0%   10   20   30   40   50   60   70   80   90   100%
|----|----|----|----|----|----|----|----|----|----|
***************************************************
dn1                              0.07715
dn2                             -0.46920
dn3                             -0.52109
dn4                              0.08062
gated                            0.64567
gated2                          -0.15576
gated3                          -0.04898
gated4                          -0.06639
gated5                           0.06095
mr1                              0.63929
mr2                              0.58363
mr3                              0.14890
mr4                              0.62586
mr5                              0.73310
mr6                              0.46985
mr7                              0.61114
mr8                             -0.04938
mr9                              0.17793
bias                            -2.07218
processing 403 predictions...

0%   10   20   30   40   50   60   70   80   90   100%
|----|----|----|----|----|----|----|----|----|----|
***************************************************
 done.
elapsed: [21.82s cpu, 38024.1413 mticks, 14.23s wall]
calculation 20000 official test outputs

0%   10   20   30   40   50   60   70   80   90   100%
|----|----|----|----|----|----|----|----|----|----|
***************************************************
fold 7 of 10
examples: train 3619 test 381
training 200 models

0%   10   20   30   40   50   60   70   80   90   100%
|----|----|----|----|----|----|----|----|----|----|
***************************************************
dn1                              0.14458
dn2                             -0.58305
dn3                             -0.53404
dn4                              0.17385
gated                            0.61767
gated2                          -0.13767
gated3                           0.09058
gated4                          -0.22128
gated5                           0.06429
mr1                              0.45966
mr2                              0.38024
mr3                             -0.07888
mr4                              0.81516
mr5                              0.73751
mr6                              0.63404
mr7                              0.56565
mr8                              0.04416
mr9                              0.28458
bias                            -2.00481
processing 381 predictions...

0%   10   20   30   40   50   60   70   80   90   100%
|----|----|----|----|----|----|----|----|----|----|
***************************************************
 done.
elapsed: [25.04s cpu, 44587.7585 mticks, 16.68s wall]
calculation 20000 official test outputs

0%   10   20   30   40   50   60   70   80   90   100%
|----|----|----|----|----|----|----|----|----|----|
***************************************************
fold 8 of 10
examples: train 3579 test 421
training 200 models

0%   10   20   30   40   50   60   70   80   90   100%
|----|----|----|----|----|----|----|----|----|----|
***************************************************
dn1                             -0.02406
dn2                             -0.50415
dn3                             -0.48489
dn4                             -0.02872
gated                            0.71571
gated2                          -0.14828
gated3                          -0.07608
gated4                          -0.06767
gated5                           0.11070
mr1                              0.64532
mr2                              0.74050
mr3                              0.28927
mr4                              0.78830
mr5                              0.62016
mr6                              0.55024
mr7                              0.39938
mr8                             -0.09595
mr9                              0.07554
bias                            -2.09876
processing 421 predictions...

0%   10   20   30   40   50   60   70   80   90   100%
|----|----|----|----|----|----|----|----|----|----|
***************************************************
 done.
elapsed: [28.16s cpu, 50487.7337 mticks, 18.89s wall]
calculation 20000 official test outputs

0%   10   20   30   40   50   60   70   80   90   100%
|----|----|----|----|----|----|----|----|----|----|
***************************************************
fold 9 of 10
examples: train 3582 test 418
training 200 models

0%   10   20   30   40   50   60   70   80   90   100%
|----|----|----|----|----|----|----|----|----|----|
***************************************************
dn1                              0.15064
dn2                             -0.60450
dn3                             -0.54629
dn4                              0.15416
gated                            0.71312
gated2                          -0.21864
gated3                           0.04849
gated4                          -0.17803
gated5                           0.20053
mr1                              0.53405
mr2                              0.51995
mr3                              0.00808
mr4                              0.67872
mr5                              0.62755
mr6                              0.54174
mr7                              0.54211
mr8                             -0.08871
mr9                              0.22229
bias                            -1.86768
processing 418 predictions...

0%   10   20   30   40   50   60   70   80   90   100%
|----|----|----|----|----|----|----|----|----|----|
***************************************************
 done.
elapsed: [31.30s cpu, 56129.1149 mticks, 21.00s wall]
calculation 20000 official test outputs

0%   10   20   30   40   50   60   70   80   90   100%
|----|----|----|----|----|----|----|----|----|----|
***************************************************
dn1                            0.3299
dn2                            0.3431
dn3                            0.3432
dn4                            0.3300
gated                          0.3239
gated2                         0.3318
gated3                         0.3282
gated4                         0.3303
gated5                         0.3264
mr1                            0.3208
mr2                            0.3203
mr3                            0.3174
mr4                            0.3196
mr5                            0.3128
mr6                            0.3201
mr7                            0.3135
mr8                            0.3186
mr9                            0.3146
combined                       0.3144
test_output.size() = 20000
30.88user 1.06system 0:21.61elapsed 147%CPU (0avgtext+0avgdata 0maxresident)k
0inputs+400outputs (0major+204172minor)pagefaults 0swaps
