loading data...data_train.nm() = 22
data_test.nx = 20000
fold 0 of 10
examples: train 3605 test 395
training 200 models

0%   10   20   30   40   50   60   70   80   90   100%
|----|----|----|----|----|----|----|----|----|----|
***************************************************
dn1                              0.03817
dn2                              0.03200
dn3                              0.03422
dn4                              0.03552
gated                            0.00147
gated2                           0.05919
gated3                           0.02318
gated4                           0.01494
gated5                          -0.03453
mr1                              0.10797
mr2                              0.10330
mr3                              0.08756
mr4                              0.08075
mr5                              0.08690
mr6                              0.09142
mr7                              0.04224
mr8                              0.11232
mr9                              0.05319
gated6                           0.03861
gated7                           0.04304
rtrees                          -0.00452
mclass                           0.02656
bias                            -0.02112
processing 395 predictions...

0%   10   20   30   40   50   60   70   80   90   100%
|----|----|----|----|----|----|----|----|----|----|
***************************************************
 done.
elapsed: [9.19s cpu, 3661.5271 mticks, 1.37s wall]
calculation 20000 official test outputs

0%   10   20   30   40   50   60   70   80   90   100%
|----|----|----|----|----|----|----|----|----|----|
***************************************************
fold 1 of 10
examples: train 3557 test 443
training 200 models

0%   10   20   30   40   50   60   70   80   90   100%
|----|----|----|----|----|----|----|----|----|----|
***************************************************
dn1                              0.03223
dn2                              0.03414
dn3                              0.03268
dn4                              0.03157
gated                            0.00316
gated2                           0.05405
gated3                           0.03408
gated4                          -0.00975
gated5                          -0.00488
mr1                              0.11300
mr2                              0.10376
mr3                              0.08024
mr4                              0.09845
mr5                              0.07307
mr6                              0.10061
mr7                              0.06464
mr8                              0.09662
mr9                              0.06026
gated6                          -0.00090
gated7                           0.04349
rtrees                           0.00003
mclass                           0.02061
bias                            -0.01450
processing 443 predictions...

0%   10   20   30   40   50   60   70   80   90   100%
|----|----|----|----|----|----|----|----|----|----|
***************************************************
 done.
elapsed: [18.83s cpu, 7437.2522 mticks, 2.78s wall]
calculation 20000 official test outputs

0%   10   20   30   40   50   60   70   80   90   100%
|----|----|----|----|----|----|----|----|----|----|
***************************************************
fold 2 of 10
examples: train 3617 test 383
training 200 models

0%   10   20   30   40   50   60   70   80   90   100%
|----|----|----|----|----|----|----|----|----|----|
***************************************************
dn1                              0.03103
dn2                              0.04129
dn3                              0.01576
dn4                              0.02571
gated                            0.00898
gated2                           0.06570
gated3                           0.01224
gated4                          -0.00894
gated5                          -0.03208
mr1                              0.10237
mr2                              0.13608
mr3                              0.07814
mr4                              0.06193
mr5                              0.11074
mr6                              0.09846
mr7                              0.03734
mr8                              0.12306
mr9                              0.00694
gated6                           0.03950
gated7                           0.05309
rtrees                           0.00939
mclass                           0.04434
bias                            -0.01746
processing 383 predictions...

0%   10   20   30   40   50   60   70   80   90   100%
|----|----|----|----|----|----|----|----|----|----|
***************************************************
 done.
elapsed: [28.49s cpu, 11178.5079 mticks, 4.18s wall]
calculation 20000 official test outputs

0%   10   20   30   40   50   60   70   80   90   100%
|----|----|----|----|----|----|----|----|----|----|
***************************************************
fold 3 of 10
examples: train 3603 test 397
training 200 models

0%   10   20   30   40   50   60   70   80   90   100%
|----|----|----|----|----|----|----|----|----|----|
***************************************************
dn1                              0.03376
dn2                              0.02400
dn3                              0.01896
dn4                              0.03171
gated                            0.03187
gated2                           0.09213
gated3                           0.00611
gated4                          -0.00445
gated5                          -0.05370
mr1                              0.09695
mr2                              0.10077
mr3                              0.08670
mr4                              0.07833
mr5                              0.08567
mr6                              0.08187
mr7                              0.06575
mr8                              0.09210
mr9                              0.07021
gated6                           0.03267
gated7                           0.05804
rtrees                           0.01002
mclass                           0.01719
bias                            -0.01706
processing 397 predictions...

0%   10   20   30   40   50   60   70   80   90   100%
|----|----|----|----|----|----|----|----|----|----|
***************************************************
 done.
elapsed: [38.21s cpu, 15037.1481 mticks, 5.63s wall]
calculation 20000 official test outputs

0%   10   20   30   40   50   60   70   80   90   100%
|----|----|----|----|----|----|----|----|----|----|
***************************************************
fold 4 of 10
examples: train 3629 test 371
training 200 models

0%   10   20   30   40   50   60   70   80   90   100%
|----|----|----|----|----|----|----|----|----|----|
***************************************************
dn1                              0.03855
dn2                              0.02356
dn3                              0.01880
dn4                              0.03385
gated                            0.01339
gated2                           0.07747
gated3                           0.01890
gated4                          -0.00706
gated5                          -0.03443
mr1                              0.11870
mr2                              0.10224
mr3                              0.10236
mr4                              0.07980
mr5                              0.09671
mr6                              0.08629
mr7                              0.04961
mr8                              0.10920
mr9                              0.03555
gated6                           0.01326
gated7                           0.03879
rtrees                           0.01859
mclass                           0.01956
bias                            -0.01564
processing 371 predictions...

0%   10   20   30   40   50   60   70   80   90   100%
|----|----|----|----|----|----|----|----|----|----|
***************************************************
 done.
elapsed: [47.71s cpu, 18849.3457 mticks, 7.05s wall]
calculation 20000 official test outputs

0%   10   20   30   40   50   60   70   80   90   100%
|----|----|----|----|----|----|----|----|----|----|
***************************************************
fold 5 of 10
examples: train 3612 test 388
training 200 models

0%   10   20   30   40   50   60   70   80   90   100%
|----|----|----|----|----|----|----|----|----|----|
***************************************************
dn1                              0.04052
dn2                              0.03909
dn3                              0.04152
dn4                              0.04338
gated                            0.02472
gated2                           0.07941
gated3                           0.01798
gated4                           0.02294
gated5                          -0.03566
mr1                              0.09103
mr2                              0.08765
mr3                              0.07682
mr4                              0.07294
mr5                              0.07239
mr6                              0.07629
mr7                              0.06536
mr8                              0.07899
mr9                              0.05587
gated6                           0.03954
gated7                           0.03461
rtrees                           0.01942
mclass                           0.02152
bias                            -0.01894
processing 388 predictions...

0%   10   20   30   40   50   60   70   80   90   100%
|----|----|----|----|----|----|----|----|----|----|
***************************************************
 done.
elapsed: [57.37s cpu, 22639.8042 mticks, 8.47s wall]
calculation 20000 official test outputs

0%   10   20   30   40   50   60   70   80   90   100%
|----|----|----|----|----|----|----|----|----|----|
***************************************************
fold 6 of 10
examples: train 3597 test 403
training 200 models

0%   10   20   30   40   50   60   70   80   90   100%
|----|----|----|----|----|----|----|----|----|----|
***************************************************
dn1                              0.03151
dn2                              0.03451
dn3                              0.03625
dn4                              0.03618
gated                            0.00998
gated2                           0.09015
gated3                           0.03474
gated4                           0.00200
gated5                          -0.05406
mr1                              0.10221
mr2                              0.08786
mr3                              0.07793
mr4                              0.07686
mr5                              0.07166
mr6                              0.08338
mr7                              0.05851
mr8                              0.09920
mr9                              0.06601
gated6                           0.03043
gated7                           0.04894
rtrees                           0.02919
mclass                           0.01023
bias                            -0.01563
processing 403 predictions...

0%   10   20   30   40   50   60   70   80   90   100%
|----|----|----|----|----|----|----|----|----|----|
***************************************************
 done.
elapsed: [66.88s cpu, 26296.9302 mticks, 9.84s wall]
calculation 20000 official test outputs

0%   10   20   30   40   50   60   70   80   90   100%
|----|----|----|----|----|----|----|----|----|----|
***************************************************
fold 7 of 10
examples: train 3619 test 381
training 200 models

0%   10   20   30   40   50   60   70   80   90   100%
|----|----|----|----|----|----|----|----|----|----|
***************************************************
dn1                              0.03654
dn2                              0.02425
dn3                              0.01937
dn4                              0.03664
gated                            0.02693
gated2                           0.08230
gated3                           0.01253
gated4                           0.00755
gated5                          -0.03512
mr1                              0.10471
mr2                              0.10620
mr3                              0.08380
mr4                              0.07449
mr5                              0.07772
mr6                              0.07808
mr7                              0.06944
mr8                              0.08961
mr9                              0.05711
gated6                           0.03454
gated7                           0.03193
rtrees                           0.00484
mclass                           0.02960
bias                            -0.01066
processing 381 predictions...

0%   10   20   30   40   50   60   70   80   90   100%
|----|----|----|----|----|----|----|----|----|----|
***************************************************
 done.
elapsed: [76.18s cpu, 29989.8417 mticks, 11.22s wall]
calculation 20000 official test outputs

0%   10   20   30   40   50   60   70   80   90   100%
|----|----|----|----|----|----|----|----|----|----|
***************************************************
fold 8 of 10
examples: train 3579 test 421
training 200 models

0%   10   20   30   40   50   60   70   80   90   100%
|----|----|----|----|----|----|----|----|----|----|
***************************************************
dn1                              0.04533
dn2                              0.02793
dn3                              0.01613
dn4                              0.02771
gated                            0.04049
gated2                           0.06347
gated3                          -0.00583
gated4                          -0.00071
gated5                          -0.03056
mr1                              0.09857
mr2                              0.10054
mr3                              0.09653
mr4                              0.09784
mr5                              0.09014
mr6                              0.09632
mr7                              0.03899
mr8                              0.09003
mr9                              0.05436
gated6                           0.02759
gated7                           0.03139
rtrees                           0.02661
mclass                           0.01506
bias                            -0.01150
processing 421 predictions...

0%   10   20   30   40   50   60   70   80   90   100%
|----|----|----|----|----|----|----|----|----|----|
***************************************************
 done.
elapsed: [85.79s cpu, 33758.6200 mticks, 12.63s wall]
calculation 20000 official test outputs

0%   10   20   30   40   50   60   70   80   90   100%
|----|----|----|----|----|----|----|----|----|----|
***************************************************
fold 9 of 10
examples: train 3582 test 418
training 200 models

0%   10   20   30   40   50   60   70   80   90   100%
|----|----|----|----|----|----|----|----|----|----|
***************************************************
dn1                              0.04867
dn2                              0.03592
dn3                              0.03605
dn4                              0.04374
gated                            0.02082
gated2                           0.05820
gated3                           0.02415
gated4                          -0.00447
gated5                          -0.05444
mr1                              0.10528
mr2                              0.10098
mr3                              0.08235
mr4                              0.08323
mr5                              0.06743
mr6                              0.09338
mr7                              0.06135
mr8                              0.09486
mr9                              0.06070
gated6                           0.02167
gated7                           0.04337
rtrees                           0.03852
mclass                           0.00783
bias                            -0.01708
processing 418 predictions...

0%   10   20   30   40   50   60   70   80   90   100%
|----|----|----|----|----|----|----|----|----|----|
***************************************************
 done.
elapsed: [95.32s cpu, 37602.7854 mticks, 14.07s wall]
calculation 20000 official test outputs

0%   10   20   30   40   50   60   70   80   90   100%
|----|----|----|----|----|----|----|----|----|----|
***************************************************
dn1                            0.4332
dn2                            0.4407
dn3                            0.4409
dn4                            0.4332
gated                          0.4462
gated2                         0.4315
gated3                         0.4420
gated4                         0.4393
gated5                         0.4487
mr1                            0.4277
mr2                            0.4275
mr3                            0.4276
mr4                            0.4278
mr5                            0.4277
mr6                            0.4277
mr7                            0.4278
mr8                            0.4275
mr9                            0.4278
gated6                         0.4317
gated7                         0.4295
rtrees                         0.4321
mclass                         0.4319
combined                       0.4277
test_output.size() = 20000
92.16user 3.33system 0:14.27elapsed 668%CPU (0avgtext+0avgdata 0maxresident)k
0inputs+448outputs (0major+1067121minor)pagefaults 0swaps
