loading data...data_train.nm() = 22
data_test.nx = 15000
fold 0 of 10
examples: train 2718 test 282
training 200 models

0%   10   20   30   40   50   60   70   80   90   100%
|----|----|----|----|----|----|----|----|----|----|
***************************************************
dn1                              0.02464
dn2                              0.02091
dn3                              0.02192
dn4                              0.02634
gated                            0.07164
gated2                           0.07529
gated3                          -0.03856
gated4                           0.02744
gated5                           0.01908
mr1                              0.07875
mr2                              0.07676
mr3                              0.06973
mr4                              0.05493
mr5                              0.06083
mr6                              0.06801
mr7                              0.06696
mr8                              0.07049
mr9                              0.05669
gated6                           0.03131
gated7                           0.04531
rtrees                           0.02598
mclass                           0.07364
bias                             0.00606
processing 282 predictions...

0%   10   20   30   40   50   60   70   80   90   100%
|----|----|----|----|----|----|----|----|----|----|
***************************************************
 done.
elapsed: [6.45s cpu, 2597.8153 mticks, 0.97s wall]
calculation 15000 official test outputs

0%   10   20   30   40   50   60   70   80   90   100%
|----|----|----|----|----|----|----|----|----|----|
***************************************************
fold 1 of 10
examples: train 2671 test 329
training 200 models

0%   10   20   30   40   50   60   70   80   90   100%
|----|----|----|----|----|----|----|----|----|----|
***************************************************
dn1                              0.02680
dn2                              0.02850
dn3                              0.03259
dn4                              0.02808
gated                            0.05539
gated2                           0.09965
gated3                          -0.03376
gated4                           0.03076
gated5                           0.03025
mr1                              0.06756
mr2                              0.07374
mr3                              0.06662
mr4                              0.05348
mr5                              0.05569
mr6                              0.06761
mr7                              0.06508
mr8                              0.07264
mr9                              0.05420
gated6                           0.03490
gated7                           0.04447
rtrees                           0.01815
mclass                           0.06937
bias                            -0.00135
processing 329 predictions...

0%   10   20   30   40   50   60   70   80   90   100%
|----|----|----|----|----|----|----|----|----|----|
***************************************************
 done.
elapsed: [13.10s cpu, 5209.0598 mticks, 1.95s wall]
calculation 15000 official test outputs

0%   10   20   30   40   50   60   70   80   90   100%
|----|----|----|----|----|----|----|----|----|----|
***************************************************
fold 2 of 10
examples: train 2707 test 293
training 200 models

0%   10   20   30   40   50   60   70   80   90   100%
|----|----|----|----|----|----|----|----|----|----|
***************************************************
dn1                              0.02596
dn2                              0.02310
dn3                              0.02059
dn4                              0.02632
gated                            0.05209
gated2                           0.07834
gated3                          -0.04442
gated4                           0.02498
gated5                           0.01877
mr1                              0.07995
mr2                              0.07461
mr3                              0.07747
mr4                              0.06480
mr5                              0.06456
mr6                              0.07458
mr7                              0.08039
mr8                              0.06202
mr9                              0.05576
gated6                           0.02841
gated7                           0.05793
rtrees                           0.05459
mclass                           0.03630
bias                             0.00042
processing 293 predictions...

0%   10   20   30   40   50   60   70   80   90   100%
|----|----|----|----|----|----|----|----|----|----|
***************************************************
 done.
elapsed: [19.45s cpu, 7903.4987 mticks, 2.96s wall]
calculation 15000 official test outputs

0%   10   20   30   40   50   60   70   80   90   100%
|----|----|----|----|----|----|----|----|----|----|
***************************************************
fold 3 of 10
examples: train 2708 test 292
training 200 models

0%   10   20   30   40   50   60   70   80   90   100%
|----|----|----|----|----|----|----|----|----|----|
***************************************************
dn1                              0.01358
dn2                              0.00761
dn3                              0.00641
dn4                              0.01296
gated                            0.05077
gated2                           0.08613
gated3                          -0.05792
gated4                           0.03084
gated5                           0.03256
mr1                              0.07628
mr2                              0.08029
mr3                              0.07349
mr4                              0.06258
mr5                              0.07591
mr6                              0.07742
mr7                              0.07434
mr8                              0.07413
mr9                              0.06022
gated6                           0.03940
gated7                           0.05028
rtrees                           0.04767
mclass                           0.05289
bias                             0.00415
processing 292 predictions...

0%   10   20   30   40   50   60   70   80   90   100%
|----|----|----|----|----|----|----|----|----|----|
***************************************************
 done.
elapsed: [25.97s cpu, 10533.3161 mticks, 3.94s wall]
calculation 15000 official test outputs

0%   10   20   30   40   50   60   70   80   90   100%
|----|----|----|----|----|----|----|----|----|----|
***************************************************
fold 4 of 10
examples: train 2717 test 283
training 200 models

0%   10   20   30   40   50   60   70   80   90   100%
|----|----|----|----|----|----|----|----|----|----|
***************************************************
dn1                              0.01839
dn2                              0.01755
dn3                              0.01724
dn4                              0.01881
gated                            0.06469
gated2                           0.05868
gated3                          -0.04509
gated4                           0.03631
gated5                           0.02746
mr1                              0.08269
mr2                              0.07696
mr3                              0.08573
mr4                              0.06176
mr5                              0.06875
mr6                              0.07461
mr7                              0.07796
mr8                              0.08042
mr9                              0.05938
gated6                           0.02443
gated7                           0.03498
rtrees                           0.04968
mclass                           0.05399
bias                            -0.00860
processing 283 predictions...

0%   10   20   30   40   50   60   70   80   90   100%
|----|----|----|----|----|----|----|----|----|----|
***************************************************
 done.
elapsed: [32.44s cpu, 13331.4425 mticks, 4.99s wall]
calculation 15000 official test outputs

0%   10   20   30   40   50   60   70   80   90   100%
|----|----|----|----|----|----|----|----|----|----|
***************************************************
fold 5 of 10
examples: train 2702 test 298
training 200 models

0%   10   20   30   40   50   60   70   80   90   100%
|----|----|----|----|----|----|----|----|----|----|
***************************************************
dn1                              0.01532
dn2                              0.02610
dn3                              0.02849
dn4                              0.01861
gated                            0.08085
gated2                           0.07023
gated3                          -0.04335
gated4                           0.04875
gated5                           0.01667
mr1                              0.06667
mr2                              0.07540
mr3                              0.07157
mr4                              0.04732
mr5                              0.05766
mr6                              0.06565
mr7                              0.07171
mr8                              0.07470
mr9                              0.05942
gated6                           0.05552
gated7                           0.03443
rtrees                           0.06783
mclass                           0.04557
bias                            -0.00693
processing 298 predictions...

0%   10   20   30   40   50   60   70   80   90   100%
|----|----|----|----|----|----|----|----|----|----|
***************************************************
 done.
elapsed: [39.22s cpu, 15988.8042 mticks, 5.98s wall]
calculation 15000 official test outputs

0%   10   20   30   40   50   60   70   80   90   100%
|----|----|----|----|----|----|----|----|----|----|
***************************************************
fold 6 of 10
examples: train 2690 test 310
training 200 models

0%   10   20   30   40   50   60   70   80   90   100%
|----|----|----|----|----|----|----|----|----|----|
***************************************************
dn1                              0.02128
dn2                              0.01800
dn3                              0.01723
dn4                              0.02614
gated                            0.06834
gated2                           0.09421
gated3                          -0.03568
gated4                           0.02237
gated5                           0.01312
mr1                              0.07251
mr2                              0.07434
mr3                              0.07481
mr4                              0.05675
mr5                              0.06343
mr6                              0.07075
mr7                              0.06737
mr8                              0.08243
mr9                              0.06546
gated6                           0.03327
gated7                           0.03828
rtrees                           0.05002
mclass                           0.03794
bias                            -0.00298
processing 310 predictions...

0%   10   20   30   40   50   60   70   80   90   100%
|----|----|----|----|----|----|----|----|----|----|
***************************************************
 done.
elapsed: [46.06s cpu, 18685.3714 mticks, 6.99s wall]
calculation 15000 official test outputs

0%   10   20   30   40   50   60   70   80   90   100%
|----|----|----|----|----|----|----|----|----|----|
***************************************************
fold 7 of 10
examples: train 2718 test 282
training 200 models

0%   10   20   30   40   50   60   70   80   90   100%
|----|----|----|----|----|----|----|----|----|----|
***************************************************
dn1                              0.01905
dn2                              0.00718
dn3                              0.00721
dn4                              0.02031
gated                            0.08893
gated2                           0.09244
gated3                          -0.06871
gated4                           0.05398
gated5                           0.04278
mr1                              0.06083
mr2                              0.07106
mr3                              0.06426
mr4                              0.04021
mr5                              0.05672
mr6                              0.05569
mr7                              0.06930
mr8                              0.06409
mr9                              0.05373
gated6                           0.05050
gated7                           0.04246
rtrees                           0.05849
mclass                           0.06396
bias                             0.00853
processing 282 predictions...

0%   10   20   30   40   50   60   70   80   90   100%
|----|----|----|----|----|----|----|----|----|----|
***************************************************
 done.
elapsed: [52.84s cpu, 21366.3312 mticks, 7.99s wall]
calculation 15000 official test outputs

0%   10   20   30   40   50   60   70   80   90   100%
|----|----|----|----|----|----|----|----|----|----|
***************************************************
fold 8 of 10
examples: train 2686 test 314
training 200 models

0%   10   20   30   40   50   60   70   80   90   100%
|----|----|----|----|----|----|----|----|----|----|
***************************************************
dn1                              0.02088
dn2                             -0.00139
dn3                             -0.00347
dn4                              0.01920
gated                            0.06971
gated2                           0.06548
gated3                          -0.03338
gated4                           0.04174
gated5                           0.03557
mr1                              0.07078
mr2                              0.07714
mr3                              0.06295
mr4                              0.07015
mr5                              0.06164
mr6                              0.08612
mr7                              0.07682
mr8                              0.07711
mr9                              0.05229
gated6                           0.00989
gated7                           0.04534
rtrees                           0.05377
mclass                           0.06811
bias                             0.00840
processing 314 predictions...

0%   10   20   30   40   50   60   70   80   90   100%
|----|----|----|----|----|----|----|----|----|----|
***************************************************
 done.
elapsed: [59.46s cpu, 24004.9420 mticks, 8.98s wall]
calculation 15000 official test outputs

0%   10   20   30   40   50   60   70   80   90   100%
|----|----|----|----|----|----|----|----|----|----|
***************************************************
fold 9 of 10
examples: train 2683 test 317
training 200 models

0%   10   20   30   40   50   60   70   80   90   100%
|----|----|----|----|----|----|----|----|----|----|
***************************************************
dn1                              0.02348
dn2                              0.03167
dn3                              0.03546
dn4                              0.02280
gated                            0.06501
gated2                           0.06661
gated3                          -0.03943
gated4                           0.02588
gated5                           0.03728
mr1                              0.07013
mr2                              0.07558
mr3                              0.07019
mr4                              0.04592
mr5                              0.05760
mr6                              0.06446
mr7                              0.06580
mr8                              0.07268
mr9                              0.06317
gated6                           0.03349
gated7                           0.03953
rtrees                           0.03059
mclass                           0.07982
bias                             0.00685
processing 317 predictions...

0%   10   20   30   40   50   60   70   80   90   100%
|----|----|----|----|----|----|----|----|----|----|
***************************************************
 done.
elapsed: [66.12s cpu, 26602.0728 mticks, 9.95s wall]
calculation 15000 official test outputs

0%   10   20   30   40   50   60   70   80   90   100%
|----|----|----|----|----|----|----|----|----|----|
***************************************************
dn1                            0.4422
dn2                            0.4485
dn3                            0.4486
dn4                            0.4421
gated                          0.4500
gated2                         0.4409
gated3                         0.4554
gated4                         0.4490
gated5                         0.4620
mr1                            0.4379
mr2                            0.4377
mr3                            0.4377
mr4                            0.4382
mr5                            0.4379
mr6                            0.4379
mr7                            0.4377
mr8                            0.4377
mr9                            0.4379
gated6                         0.4421
gated7                         0.4394
rtrees                         0.4411
mclass                         0.4398
combined                       0.4381
test_output.size() = 15000
64.40user 1.86system 0:10.11elapsed 655%CPU (0avgtext+0avgdata 0maxresident)k
0inputs+336outputs (0major+489447minor)pagefaults 0swaps
