loading data...Twoway_Layer::random_fill(): limit = 0.141421 ni = 50 no = 50
Twoway_Layer::random_fill(): limit = 0.141421 ni = 50 no = 1
iter  ---- train ----  ---- test -----
         rmse     auc     rmse     auc
   0  0.89007 0.00000  0.84341 0.18831
   1  0.82554 0.00000  0.84071 0.18646
   2  0.84580 0.00000  0.83835 0.18545
   3  0.83654 0.00000  0.83697 0.18450
   4  0.81476 0.00000  0.83598 0.18351
   5  0.83638 0.00000  0.83502 0.18289
   6  0.80709 0.00000  0.83433 0.18226
   7  0.83372 0.00000  0.83378 0.18196
   8  0.83422 0.00000  0.83329 0.18162
   9  0.83412 0.00000  0.83301 0.18124
  10  0.81843 0.00000  0.83311 0.18110
  11  0.80924 0.00000  0.83344 0.18094
  12  0.80672 0.00000  0.83284 0.18090
  13  0.82274 0.00000  0.83234 0.18077
  14  0.83058 0.00000  0.83249 0.18064
  15  0.82043 0.00000  0.83244 0.18055
  16  0.81715 0.00000  0.83301 0.18053
  17  0.81275 0.00000  0.83192 0.18056
  18  0.81529 0.00000  0.83260 0.18045
  19  0.82011 0.00000  0.83175 0.18045
  20  0.82886 0.00000  0.83164 0.18040
  21  0.82161 0.00000  0.83200 0.18036
  22  0.82669 0.00000  0.83171 0.18041
  23  0.80765 0.00000  0.83173 0.18042
  24  0.82709 0.00000  0.83172 0.18036
  25  0.81896 0.00000  0.83183 0.18038
  26  0.79817 0.00000  0.83225 0.18040
  27  0.80823 0.00000  0.83202 0.18045
  28  0.83536 0.00000  0.83196 0.18039
  29  0.80957 0.00000  0.83234 0.18039
  30  0.80382 0.00000  0.83229 0.18045
  31  0.82915 0.00000  0.83178 0.18045
  32  0.83160 0.00000  0.83218 0.18039
  33  0.82315 0.00000  0.83240 0.18045
  34  0.83436 0.00000  0.83233 0.18045
  35  0.83824 0.00000  0.83224 0.18048
  36  0.81519 0.00000  0.83336 0.18050
  37  0.82066 0.00000  0.83227 0.18056
  38  0.80195 0.00000  0.83222 0.18065
  39  0.80903 0.00000  0.83261 0.18066
  40  0.82094 0.00000  0.83274 0.18067
  41  0.81184 0.00000  0.83263 0.18069
  42  0.81219 0.00000  0.83269 0.18071
  43  0.81747 0.00000  0.83264 0.18074
  44  0.82708 0.00000  0.83298 0.18073
  45  0.82437 0.00000  0.83273 0.18076
  46  0.83072 0.00000  0.83282 0.18077
  47  0.83607 0.00000  0.83308 0.18079
  48  0.82428 0.00000  0.83356 0.18081
  49  0.82680 0.00000  0.83287 0.18085
  50  0.80708 0.00000  0.83280 0.18090
  51  0.81788 0.00000  0.83343 0.18088
  52  0.82055 0.00000  0.83339 0.18091
  53  0.82276 0.00000  0.83318 0.18092
  54  0.82689 0.00000  0.83379 0.18093
  55  0.81451 0.00000  0.83301 0.18096
  56  0.81558 0.00000  0.83302 0.18097
  57  0.81018 0.00000  0.83341 0.18098
  58  0.83432 0.00000  0.83325 0.18098
  59  0.82359 0.00000  0.83350 0.18099
  60  0.82743 0.00000  0.83375 0.18099
  61  0.81016 0.00000  0.83357 0.18102
  62  0.80782 0.00000  0.83315 0.18104
  63  0.82068 0.00000  0.83312 0.18105
  64  0.81107 0.00000  0.83319 0.18107
  65  0.83068 0.00000  0.83344 0.18106
  66  0.82822 0.00000  0.83407 0.18105
  67  0.81188 0.00000  0.83314 0.18108
  68  0.82622 0.00000  0.83327 0.18108
  69  0.82594 0.00000  0.83376 0.18108
  70  0.81270 0.00000  0.83388 0.18109
  71  0.81217 0.00000  0.83488 0.18110
  72  0.81721 0.00000  0.83404 0.18111
  73  0.83381 0.00000  0.83395 0.18111
  74  0.81401 0.00000  0.83408 0.18111
  75  0.82664 0.00000  0.83409 0.18110
  76  0.81160 0.00000  0.83335 0.18112
  77  0.82237 0.00000  0.83354 0.18112
  78  0.83869 0.00000  0.83345 0.18113
  79  0.82041 0.00000  0.83324 0.18113
  80  0.81894 0.00000  0.83361 0.18114
  81  0.82570 0.00000  0.83334 0.18114
  82  0.81416 0.00000  0.83315 0.18114
  83  0.83405 0.00000  0.83379 0.18114
  84  0.83301 0.00000  0.83347 0.18114
  85  0.82844 0.00000  0.83331 0.18114
  86  0.82379 0.00000  0.83317 0.18115
  87  0.81820 0.00000  0.83302 0.18115
  88  0.80855 0.00000  0.83293 0.18115
  89  0.82386 0.00000  0.83294 0.18114
  90  0.80470 0.00000  0.83283 0.18115
  91  0.80893 0.00000  0.83248 0.18117
  92  0.80596 0.00000  0.83240 0.18116
  93  0.81769 0.00000  0.83251 0.18117
  94  0.81864 0.00000  0.83278 0.18116
  95  0.82509 0.00000  0.83281 0.18116
  96  0.81354 0.00000  0.83270 0.18116
  97  0.83507 0.00000  0.83280 0.18115
  98  0.82024 0.00000  0.83260 0.18116
  99  0.82196 0.00000  0.83271 0.18115
 100  0.82278 0.00000  0.83268 0.18115
 101  0.82362 0.00000  0.83253 0.18116
 102  0.81572 0.00000  0.83249 0.18116
 103  0.82291 0.00000  0.83248 0.18116
 104  0.82107 0.00000  0.83274 0.18116
 105  0.82697 0.00000  0.83258 0.18115
 106  0.83981 0.00000  0.83314 0.18115
 107  0.80844 0.00000  0.83265 0.18116
 108  0.82303 0.00000  0.83237 0.18115
 109  0.80611 0.00000  0.83198 0.18116
 110  0.81840 0.00000  0.83221 0.18116
 111  0.83857 0.00000  0.83251 0.18114
 112  0.81778 0.00000  0.83223 0.18114
 113  0.81882 0.00000  0.83229 0.18114
 114  0.81381 0.00000  0.83191 0.18114
 115  0.81006 0.00000  0.83175 0.18114
 116  0.81700 0.00000  0.83202 0.18113
 117  0.82192 0.00000  0.83215 0.18113
 118  0.80942 0.00000  0.83201 0.18113
 119  0.81416 0.00000  0.83190 0.18113
 120  0.82368 0.00000  0.83231 0.18112
 121  0.83229 0.00000  0.83237 0.18112
 122  0.81148 0.00000  0.83177 0.18111
 123  0.81199 0.00000  0.83162 0.18111
 124  0.81717 0.00000  0.83157 0.18110
 125  0.81640 0.00000  0.83148 0.18109
 126  0.81353 0.00000  0.83155 0.18109
 127  0.83055 0.00000  0.83184 0.18108
 128  0.83488 0.00000  0.83220 0.18108
 129  0.81754 0.00000  0.83203 0.18108
 130  0.83394 0.00000  0.83241 0.18108
 131  0.83359 0.00000  0.83221 0.18107
 132  0.81444 0.00000  0.83165 0.18107
 133  0.82473 0.00000  0.83163 0.18108
 134  0.81533 0.00000  0.83152 0.18107
 135  0.82737 0.00000  0.83174 0.18106
 136  0.81827 0.00000  0.83168 0.18106
 137  0.83038 0.00000  0.83202 0.18105
 138  0.82747 0.00000  0.83181 0.18105
 139  0.81525 0.00000  0.83165 0.18105
 140  0.81900 0.00000  0.83218 0.18105
 141  0.82978 0.00000  0.83184 0.18105
 142  0.81906 0.00000  0.83170 0.18104
 143  0.81191 0.00000  0.83164 0.18104
 144  0.81849 0.00000  0.83171 0.18104
 145  0.80452 0.00000  0.83145 0.18104
 146  0.82477 0.00000  0.83137 0.18103
 147  0.83065 0.00000  0.83179 0.18102
 148  0.82550 0.00000  0.83160 0.18101
 149  0.82853 0.00000  0.83157 0.18101
 150  0.82401 0.00000  0.83151 0.18101
 151  0.81945 0.00000  0.83173 0.18101
 152  0.82117 0.00000  0.83192 0.18101
 153  0.80995 0.00000  0.83123 0.18102
 154  0.79580 0.00000  0.83121 0.18102
 155  0.81681 0.00000  0.83182 0.18102
 156  0.81406 0.00000  0.83194 0.18101
 157  0.81004 0.00000  0.83159 0.18100
 158  0.81492 0.00000  0.83157 0.18098
 159  0.81251 0.00000  0.83149 0.18098
 160  0.82446 0.00000  0.83146 0.18098
 161  0.80320 0.00000  0.83146 0.18097
 162  0.81713 0.00000  0.83113 0.18096
 163  0.81947 0.00000  0.83124 0.18096
 164  0.82082 0.00000  0.83125 0.18096
 165  0.81789 0.00000  0.83120 0.18096
 166  0.83759 0.00000  0.83179 0.18094
 167  0.82038 0.00000  0.83175 0.18094
 168  0.83574 0.00000  0.83182 0.18093
 169  0.81289 0.00000  0.83137 0.18094
 170  0.81742 0.00000  0.83147 0.18094
 171  0.82059 0.00000  0.83139 0.18095
 172  0.81833 0.00000  0.83147 0.18094
 173  0.81687 0.00000  0.83127 0.18094
 174  0.81412 0.00000  0.83127 0.18095
 175  0.81144 0.00000  0.83100 0.18095
 176  0.82121 0.00000  0.83136 0.18094
 177  0.82589 0.00000  0.83157 0.18092
 178  0.82247 0.00000  0.83168 0.18092
 179  0.83259 0.00000  0.83201 0.18090
 180  0.81257 0.00000  0.83162 0.18091
 181  0.81086 0.00000  0.83137 0.18091
 182  0.81614 0.00000  0.83176 0.18090
 183  0.80806 0.00000  0.83130 0.18091
 184  0.81186 0.00000  0.83097 0.18091
 185  0.83215 0.00000  0.83136 0.18089
 186  0.81599 0.00000  0.83143 0.18090
 187  0.81569 0.00000  0.83129 0.18089
 188  0.82522 0.00000  0.83150 0.18089
 189  0.81129 0.00000  0.83127 0.18088
 190  0.82331 0.00000  0.83118 0.18088
 191  0.81863 0.00000  0.83114 0.18087
 192  0.81404 0.00000  0.83151 0.18086
 193  0.80924 0.00000  0.83113 0.18085
 194  0.80840 0.00000  0.83134 0.18085
 195  0.81342 0.00000  0.83148 0.18085
 196  0.83873 0.00000  0.83138 0.18083
 197  0.81658 0.00000  0.83124 0.18083
 198  0.80793 0.00000  0.83102 0.18083
 199  0.81856 0.00000  0.83091 0.18083
 200  0.80793 0.00000  0.83088 0.18083
 201  0.82837 0.00000  0.83110 0.18082
 202  0.81326 0.00000  0.83132 0.18081
 203  0.79660 0.00000  0.83094 0.18081
 204  0.81109 0.00000  0.83088 0.18081
 205  0.82525 0.00000  0.83114 0.18080
 206  0.80898 0.00000  0.83079 0.18080
 207  0.82237 0.00000  0.83123 0.18079
 208  0.82316 0.00000  0.83111 0.18080
 209  0.82704 0.00000  0.83114 0.18079
 210  0.82396 0.00000  0.83141 0.18079
 211  0.83041 0.00000  0.83158 0.18080
 212  0.82114 0.00000  0.83163 0.18080
 213  0.80818 0.00000  0.83132 0.18081
 214  0.82527 0.00000  0.83204 0.18080
 215  0.81091 0.00000  0.83192 0.18080
 216  0.81076 0.00000  0.83104 0.18080
 217  0.81692 0.00000  0.83129 0.18081
 218  0.80262 0.00000  0.83140 0.18082
 219  0.81307 0.00000  0.83113 0.18082
 220  0.83244 0.00000  0.83149 0.18081
 221  0.81559 0.00000  0.83144 0.18081
 222  0.82698 0.00000  0.83165 0.18079
 223  0.81344 0.00000  0.83133 0.18079
 224  0.80574 0.00000  0.83089 0.18079
 225  0.81381 0.00000  0.83091 0.18079
 226  0.82321 0.00000  0.83090 0.18078
 227  0.83455 0.00000  0.83152 0.18076
 228  0.82138 0.00000  0.83159 0.18077
 229  0.82444 0.00000  0.83163 0.18076
 230  0.81966 0.00000  0.83155 0.18076
 231  0.80574 0.00000  0.83134 0.18077
 232  0.80619 0.00000  0.83144 0.18077
 233  0.81376 0.00000  0.83138 0.18077
 234  0.82322 0.00000  0.83150 0.18075
 235  0.83293 0.00000  0.83164 0.18074
 236  0.82924 0.00000  0.83197 0.18073
 237  0.81354 0.00000  0.83132 0.18075
 238  0.82598 0.00000  0.83168 0.18074
 239  0.80665 0.00000  0.83127 0.18075
 240  0.83062 0.00000  0.83129 0.18074
 241  0.81972 0.00000  0.83143 0.18074
 242  0.81741 0.00000  0.83127 0.18075
 243  0.80643 0.00000  0.83092 0.18077
 244  0.82455 0.00000  0.83112 0.18076
 245  0.81437 0.00000  0.83108 0.18076
 246  0.81496 0.00000  0.83109 0.18076
 247  0.82172 0.00000  0.83099 0.18076
 248  0.81046 0.00000  0.83122 0.18075
 249  0.81386 0.00000  0.83117 0.18076
 250  0.82504 0.00000  0.83140 0.18076
 251  0.82154 0.00000  0.83140 0.18076
 252  0.81588 0.00000  0.83103 0.18075
 253  0.81913 0.00000  0.83132 0.18075
 254  0.82231 0.00000  0.83129 0.18075
 255  0.81419 0.00000  0.83147 0.18074
 256  0.81717 0.00000  0.83152 0.18074
 257  0.80979 0.00000  0.83154 0.18075
 258  0.81467 0.00000  0.83129 0.18074
 259  0.81148 0.00000  0.83101 0.18075
 260  0.81512 0.00000  0.83095 0.18074
 261  0.82113 0.00000  0.83112 0.18074
 262  0.81960 0.00000  0.83104 0.18074
 263  0.82038 0.00000  0.83126 0.18074
 264  0.82283 0.00000  0.83135 0.18074
 265  0.81657 0.00000  0.83138 0.18074
 266  0.82428 0.00000  0.83139 0.18074
 267  0.82619 0.00000  0.83142 0.18073
 268  0.82451 0.00000  0.83152 0.18072
 269  0.82637 0.00000  0.83166 0.18072
 270  0.81068 0.00000  0.83115 0.18073
 271  0.81604 0.00000  0.83129 0.18073
 272  0.80817 0.00000  0.83096 0.18073
 273  0.79330 0.00000  0.83106 0.18075
 274  0.83038 0.00000  0.83110 0.18073
 275  0.82814 0.00000  0.83119 0.18073
 276  0.81408 0.00000  0.83115 0.18074
 277  0.81142 0.00000  0.83089 0.18074
 278  0.80288 0.00000  0.83123 0.18075
 279  0.82097 0.00000  0.83142 0.18073
 280  0.82340 0.00000  0.83150 0.18072
 281  0.80969 0.00000  0.83134 0.18074
 282  0.79929 0.00000  0.83107 0.18074
 283  0.83897 0.00000  0.83151 0.18072
 284  0.79795 0.00000  0.83093 0.18073
 285  0.80360 0.00000  0.83076 0.18073
 286  0.82611 0.00000  0.83121 0.18072
 287  0.80609 0.00000  0.83115 0.18073
 288  0.83133 0.00000  0.83123 0.18071
 289  0.81828 0.00000  0.83122 0.18072
 290  0.81665 0.00000  0.83109 0.18073
 291  0.82168 0.00000  0.83136 0.18072
 292  0.81499 0.00000  0.83093 0.18073
 293  0.81998 0.00000  0.83115 0.18071
 294  0.82453 0.00000  0.83113 0.18071
 295  0.82403 0.00000  0.83122 0.18071
 296  0.82532 0.00000  0.83136 0.18072
 297  0.81495 0.00000  0.83119 0.18072
 298  0.81625 0.00000  0.83127 0.18073
 299  0.82399 0.00000  0.83167 0.18072
 300  0.82467 0.00000  0.83157 0.18072
 301  0.82238 0.00000  0.83137 0.18072
 302  0.81525 0.00000  0.83130 0.18072
 303  0.81690 0.00000  0.83117 0.18073
 304  0.81556 0.00000  0.83122 0.18073
 305  0.81805 0.00000  0.83127 0.18073
 306  0.81757 0.00000  0.83102 0.18073
 307  0.82848 0.00000  0.83144 0.18072
 308  0.81084 0.00000  0.83119 0.18073
 309  0.81510 0.00000  0.83105 0.18073
 310  0.81187 0.00000  0.83107 0.18074
 311  0.82021 0.00000  0.83212 0.18074
 312  0.82883 0.00000  0.83177 0.18073
 313  0.82719 0.00000  0.83148 0.18074
 314  0.82370 0.00000  0.83117 0.18074
 315  0.81788 0.00000  0.83109 0.18075
 316  0.81553 0.00000  0.83108 0.18075
 317  0.82511 0.00000  0.83113 0.18075
 318  0.83257 0.00000  0.83143 0.18074
 319  0.80949 0.00000  0.83132 0.18075
 320  0.81712 0.00000  0.83140 0.18075
 321  0.81686 0.00000  0.83122 0.18075
 322  0.81695 0.00000  0.83123 0.18076
 323  0.81177 0.00000  0.83123 0.18076
 324  0.82838 0.00000  0.83158 0.18075
 325  0.81657 0.00000  0.83149 0.18075
 326  0.80795 0.00000  0.83149 0.18077
 327  0.80575 0.00000  0.83101 0.18078
 328  0.83531 0.00000  0.83136 0.18076
 329  0.81711 0.00000  0.83132 0.18075
 330  0.82515 0.00000  0.83139 0.18075
 331  0.81863 0.00000  0.83143 0.18075
 332  0.81541 0.00000  0.83090 0.18075
 333  0.81989 0.00000  0.83122 0.18074
 334  0.82544 0.00000  0.83131 0.18073
 335  0.81849 0.00000  0.83132 0.18073
 336  0.81640 0.00000  0.83117 0.18073
 337  0.80669 0.00000  0.83087 0.18074
 338  0.82195 0.00000  0.83107 0.18073
 339  0.82694 0.00000  0.83133 0.18074
 340  0.81765 0.00000  0.83115 0.18073
 341  0.82418 0.00000  0.83155 0.18073
 342  0.81971 0.00000  0.83131 0.18073
 343  0.82949 0.00000  0.83140 0.18072
 344  0.80762 0.00000  0.83129 0.18073
 345  0.81604 0.00000  0.83110 0.18073
 346  0.82426 0.00000  0.83114 0.18073
 347  0.81716 0.00000  0.83130 0.18073
 348  0.81538 0.00000  0.83144 0.18073
 349  0.80717 0.00000  0.83144 0.18073
 350  0.81720 0.00000  0.83143 0.18072
 351  0.81684 0.00000  0.83107 0.18073
 352  0.82091 0.00000  0.83124 0.18071
 353  0.82671 0.00000  0.83144 0.18071
 354  0.81413 0.00000  0.83128 0.18071
 355  0.81526 0.00000  0.83178 0.18072
 356  0.81373 0.00000  0.83139 0.18072
 357  0.81555 0.00000  0.83118 0.18072
 358  0.81356 0.00000  0.83143 0.18072
 359  0.81830 0.00000  0.83123 0.18073
 360  0.81578 0.00000  0.83092 0.18072
 361  0.80680 0.00000  0.83098 0.18073
 362  0.83091 0.00000  0.83136 0.18071
 363  0.82447 0.00000  0.83141 0.18071
 364  0.79968 0.00000  0.83100 0.18072
 365  0.80885 0.00000  0.83100 0.18071
 366  0.82134 0.00000  0.83127 0.18071
 367  0.83166 0.00000  0.83143 0.18069
 368  0.81805 0.00000  0.83154 0.18070
 369  0.83200 0.00000  0.83182 0.18069
 370  0.80093 0.00000  0.83118 0.18070
 371  0.81806 0.00000  0.83116 0.18070
 372  0.81171 0.00000  0.83104 0.18071
 373  0.82081 0.00000  0.83155 0.18070
 374  0.82305 0.00000  0.83156 0.18070
 375  0.82287 0.00000  0.83109 0.18070
 376  0.83235 0.00000  0.83159 0.18070
 377  0.82807 0.00000  0.83188 0.18069
 378  0.81544 0.00000  0.83147 0.18070
 379  0.82591 0.00000  0.83146 0.18070
 380  0.80544 0.00000  0.83117 0.18070
 381  0.81117 0.00000  0.83088 0.18071
 382  0.81535 0.00000  0.83100 0.18071
 383  0.82303 0.00000  0.83098 0.18071
 384  0.80553 0.00000  0.83079 0.18071
 385  0.82541 0.00000  0.83150 0.18070
 386  0.81955 0.00000  0.83196 0.18069
 387  0.80121 0.00000  0.83145 0.18070
 388  0.81491 0.00000  0.83121 0.18070
 389  0.82130 0.00000  0.83163 0.18069
 390  0.79775 0.00000  0.83096 0.18071
 391  0.81148 0.00000  0.83102 0.18071
 392  0.82083 0.00000  0.83125 0.18070
 393  0.80536 0.00000  0.83111 0.18071
 394  0.80733 0.00000  0.83097 0.18071
 395  0.80977 0.00000  0.83094 0.18071
 396  0.81204 0.00000  0.83163 0.18071
 397  0.81556 0.00000  0.83115 0.18071
 398  0.82011 0.00000  0.83145 0.18071
 399  0.82307 0.00000  0.83130 0.18070
 400  0.82036 0.00000  0.83129 0.18070
 401  0.83320 0.00000  0.83151 0.18070
 402  0.81868 0.00000  0.83126 0.18070
 403  0.81890 0.00000  0.83128 0.18069
 404  0.81300 0.00000  0.83136 0.18069
 405  0.79846 0.00000  0.83094 0.18070
 406  0.81121 0.00000  0.83103 0.18070
 407  0.81435 0.00000  0.83126 0.18069
 408  0.81647 0.00000  0.83103 0.18070
 409  0.83269 0.00000  0.83145 0.18069
 410  0.81741 0.00000  0.83106 0.18070
 411  0.82509 0.00000  0.83109 0.18071
 412  0.80616 0.00000  0.83078 0.18072
 413  0.83095 0.00000  0.83116 0.18071
 414  0.82052 0.00000  0.83112 0.18070
 415  0.79041 0.00000  0.83148 0.18072
 416  0.81964 0.00000  0.83143 0.18072
 417  0.81756 0.00000  0.83140 0.18070
 418  0.82004 0.00000  0.83147 0.18070
 419  0.81631 0.00000  0.83134 0.18070
 420  0.82749 0.00000  0.83152 0.18069
 421  0.83192 0.00000  0.83149 0.18070
 422  0.80965 0.00000  0.83128 0.18071
 423  0.81483 0.00000  0.83107 0.18071
 424  0.81489 0.00000  0.83095 0.18071
 425  0.82446 0.00000  0.83127 0.18071
 426  0.81499 0.00000  0.83141 0.18071
 427  0.81738 0.00000  0.83167 0.18072
 428  0.83105 0.00000  0.83249 0.18071
 429  0.81182 0.00000  0.83245 0.18072
 430  0.81737 0.00000  0.83195 0.18071
 431  0.81628 0.00000  0.83180 0.18072
 432  0.81542 0.00000  0.83141 0.18072
 433  0.81088 0.00000  0.83122 0.18073
 434  0.81307 0.00000  0.83102 0.18073
 435  0.82478 0.00000  0.83173 0.18072
 436  0.81589 0.00000  0.83167 0.18072
 437  0.81202 0.00000  0.83126 0.18073
 438  0.80971 0.00000  0.83113 0.18073
 439  0.80792 0.00000  0.83111 0.18073
 440  0.81796 0.00000  0.83111 0.18073
 441  0.82513 0.00000  0.83112 0.18073
 442  0.83421 0.00000  0.83172 0.18072
 443  0.81567 0.00000  0.83127 0.18073
 444  0.81124 0.00000  0.83116 0.18073
 445  0.82947 0.00000  0.83123 0.18074
 446  0.81938 0.00000  0.83132 0.18073
 447  0.81007 0.00000  0.83140 0.18074
 448  0.81055 0.00000  0.83117 0.18074
 449  0.81422 0.00000  0.83113 0.18075
 450  0.82083 0.00000  0.83104 0.18075
 451  0.80951 0.00000  0.83140 0.18075
 452  0.82002 0.00000  0.83167 0.18075
 453  0.82339 0.00000  0.83126 0.18075
 454  0.80347 0.00000  0.83117 0.18076
 455  0.81546 0.00000  0.83150 0.18076
 456  0.82782 0.00000  0.83155 0.18075
 457  0.81030 0.00000  0.83110 0.18075
 458  0.82420 0.00000  0.83109 0.18074
 459  0.81542 0.00000  0.83108 0.18075
 460  0.81193 0.00000  0.83144 0.18076
 461  0.82014 0.00000  0.83175 0.18075
 462  0.80198 0.00000  0.83131 0.18076
 463  0.81863 0.00000  0.83147 0.18075
 464  0.81378 0.00000  0.83104 0.18075
 465  0.81747 0.00000  0.83117 0.18075
 466  0.81374 0.00000  0.83144 0.18075
 467  0.80751 0.00000  0.83121 0.18076
 468  0.83088 0.00000  0.83143 0.18075
 469  0.82252 0.00000  0.83140 0.18075
 470  0.82116 0.00000  0.83154 0.18074
 471  0.81225 0.00000  0.83126 0.18075
 472  0.82417 0.00000  0.83125 0.18075
 473  0.80665 0.00000  0.83103 0.18076
 474  0.80548 0.00000  0.83129 0.18076
 475  0.82485 0.00000  0.83133 0.18075
 476  0.82275 0.00000  0.83121 0.18076
 477  0.81936 0.00000  0.83114 0.18076
 478  0.81974 0.00000  0.83122 0.18075
 479  0.82026 0.00000  0.83153 0.18075
 480  0.82346 0.00000  0.83140 0.18073
 481  0.82509 0.00000  0.83141 0.18074
 482  0.80978 0.00000  0.83093 0.18074
 483  0.81386 0.00000  0.83094 0.18074
 484  0.82506 0.00000  0.83137 0.18073
 485  0.81999 0.00000  0.83142 0.18072
 486  0.82472 0.00000  0.83149 0.18073
 487  0.81097 0.00000  0.83109 0.18073
 488  0.82865 0.00000  0.83134 0.18072
 489  0.82785 0.00000  0.83154 0.18072
 490  0.83034 0.00000  0.83160 0.18072
 491  0.82110 0.00000  0.83149 0.18072
 492  0.82647 0.00000  0.83169 0.18072
 493  0.80194 0.00000  0.83110 0.18073
 494  0.82131 0.00000  0.83161 0.18072
 495  0.81784 0.00000  0.83209 0.18072
 496  0.83266 0.00000  0.83237 0.18071
 497  0.82757 0.00000  0.83208 0.18071
 498  0.81896 0.00000  0.83162 0.18072
 499  0.80894 0.00000  0.83179 0.18072
chose model 711 L_auc_712
chose model 260 L_auc_261
chose model 775 L_auc_776
chose model 333 L_auc_334
chose model 1016 L_auc_1017
chose model 1058 L_auc_1059
chose model 1051 L_auc_1052
chose model 1140 L_auc_1141
chose model 659 L_auc_660
chose model 835 L_auc_836
processing 10000 predictions...

0%   10   20   30   40   50   60   70   80   90   100%
|----|----|----|----|----|----|----|----|----|----|
***************************************************
 done.
elapsed: [7426.97s cpu, 5527229.1982 mticks, 2068.01s wall]
score: 0.1634  baseline: 0.1635  diff: -0.00008
category UNKNOWN: count 0 avg error 0 baseline avg error 0 avg improvement 0
category AUTO: count 3347 avg error 0.0624331 baseline avg error 0.0652753 avg improvement 0.00284226
category POSS: count 5942 avg error 0.170877 baseline avg error 0.171225 avg improvement 0.000348175
category IMP: count 711 avg error 0.575994 baseline avg error 0.56085 avg improvement -0.0151447
overall: count 10000 avg error 0.163385 baseline avg error 0.163466 avg improvement 8.14018e-05
worst entries: 
0: 743  label: -1 pred: 0.443491 bl: 0.0989 POSS error_pred: 0.487344 error_bl: 0.111892 improvement: -0.375452
    min: -0.2055  max: 1 avg: 0.401949
explanation: 
no explanation

1: 3991  label: 1 pred: -0.498911 bl: 0.2608 POSS error_pred: 0.574472 error_bl: 0.204102 improvement: -0.37037
    min: -0.4995  max: 0.7985 avg: -0.0449257
explanation: 
no explanation

2: 8757  label: 1 pred: -0.645006 bl: 0.0928 POSS error_pred: 0.719833 error_bl: 0.392274 improvement: -0.327559
    min: -0.7995  max: 0.5695 avg: -0.131028
explanation: 
no explanation

3: 213  label: 1 pred: -0.407238 bl: 0.2362 POSS error_pred: 0.502389 error_bl: 0.229988 improvement: -0.272401
    min: -0.716  max: 0.578 avg: 0.00712641
explanation: 
no explanation

4: 2549  label: 1 pred: -0.462792 bl: 0.1904 POSS error_pred: 0.549184 error_bl: 0.277479 improvement: -0.271705
    min: -0.3835  max: 0.5405 avg: -0.0277163
explanation: 
no explanation

5: 4950  label: 1 pred: -0.383018 bl: 0.24995 POSS error_pred: 0.486061 error_bl: 0.216846 improvement: -0.269215
    min: -0.41  max: 0.5 avg: 0.0073649
explanation: 
no explanation

6: 6296  label: -1 pred: 0.683875 bl: 0.40805 IMP error_pred: 0.762756 error_bl: 0.50221 improvement: -0.260546
    min: 0.1275  max: 0.95 avg: 0.575223
explanation: 
no explanation

7: 9210  label: -1 pred: 0.659414 bl: 0.3902 IMP error_pred: 0.732624 error_bl: 0.47278 improvement: -0.259843
    min: 0.291  max: 0.892 avg: 0.554365
explanation: 
no explanation

8: 3888  label: -1 pred: 0.472262 bl: 0.2542 POSS error_pred: 0.514865 error_bl: 0.26808 improvement: -0.246786
    min: -0.028  max: 0.8635 avg: 0.423755
explanation: 
no explanation

9: 1547  label: 1 pred: -0.828726 bl: -0.12985 POSS error_pred: 0.929709 error_bl: 0.683194 improvement: -0.246515
    min: -0.967  max: 0.6865 avg: -0.38775
explanation: 
no explanation

10: 2054  label: -1 pred: 0.391011 bl: 0.191 POSS error_pred: 0.44094 error_bl: 0.197067 improvement: -0.243873
    min: -0.0635  max: 0.8415 avg: 0.391348
explanation: 
no explanation

11: 5562  label: -1 pred: 0.589199 bl: 0.34025 POSS error_pred: 0.639614 error_bl: 0.395942 improvement: -0.243672
    min: -0.022  max: 0.8015 avg: 0.493613
explanation: 
no explanation

12: 249  label: 1 pred: -0.57923 bl: 0.08175 POSS error_pred: 0.645161 error_bl: 0.407706 improvement: -0.237455
    min: -0.5095  max: 0.3745 avg: -0.094729
explanation: 
no explanation

13: 4423  label: -1 pred: 0.470524 bl: 0.2606 POSS error_pred: 0.512254 error_bl: 0.276718 improvement: -0.235536
    min: -0.0505  max: 0.786 avg: 0.420996
explanation: 
no explanation

14: 2607  label: 1 pred: -0.364779 bl: 0.2234 POSS error_pred: 0.473716 error_bl: 0.240741 improvement: -0.232975
    min: -0.1805  max: 0.311 avg: 0.0319179
explanation: 
no explanation

15: 8397  label: -1 pred: 0.461778 bl: 0.25785 POSS error_pred: 0.503415 error_bl: 0.272599 improvement: -0.230816
    min: -0.0945  max: 0.7135 avg: 0.419311
explanation: 
no explanation

16: 5894  label: -1 pred: 0.471601 bl: 0.26435 IMP error_pred: 0.51366 error_bl: 0.283045 improvement: -0.230615
    min: 0.1135  max: 0.917 avg: 0.432329
explanation: 
no explanation

17: 9957  label: 1 pred: -0.43678 bl: 0.17475 POSS error_pred: 0.525289 error_bl: 0.295002 improvement: -0.230287
    min: -0.3975  max: 0.3655 avg: 0.000314074
explanation: 
no explanation

18: 9062  label: -1 pred: 0.670641 bl: 0.4199 POSS error_pred: 0.746485 error_bl: 0.522499 improvement: -0.223985
    min: -0.2755  max: 0.8495 avg: 0.576535
explanation: 
no explanation

19: 9071  label: -1 pred: 0.352966 bl: 0.1813 POSS error_pred: 0.407393 error_bl: 0.184713 improvement: -0.22268
    min: -0.276  max: 0.861 avg: 0.37009
explanation: 
no explanation

20: 9299  label: 1 pred: -0.409933 bl: 0.18215 POSS error_pred: 0.50458 error_bl: 0.285942 improvement: -0.218638
    min: -0.386  max: 0.5005 avg: 0.00749652
explanation: 
no explanation

21: 5086  label: 1 pred: -0.19986 bl: 0.31715 POSS error_pred: 0.375548 error_bl: 0.1591 improvement: -0.216448
    min: -0.8305  max: 0.569 avg: 0.0911051
explanation: 
no explanation

22: 1998  label: 1 pred: -0.340413 bl: 0.22275 POSS error_pred: 0.455994 error_bl: 0.241338 improvement: -0.214656
    min: -0.2995  max: 0.3595 avg: 0.0452945
explanation: 
no explanation

23: 5374  label: -1 pred: 0.654964 bl: 0.4134 IMP error_pred: 0.726195 error_bl: 0.511651 improvement: -0.214544
    min: 0.0845  max: 0.9565 avg: 0.543999
explanation: 
no explanation

24: 2550  label: -1 pred: 0.399404 bl: 0.22545 POSS error_pred: 0.447368 error_bl: 0.235235 improvement: -0.212133
    min: -0.166  max: 0.789 avg: 0.391977
explanation: 
no explanation

25: 4712  label: 1 pred: -0.364707 bl: 0.2013 POSS error_pred: 0.473517 error_bl: 0.266328 improvement: -0.207188
    min: -0.336  max: 0.499 avg: 0.0294305
explanation: 
no explanation

26: 741  label: -1 pred: 0.348062 bl: 0.19175 POSS error_pred: 0.403978 error_bl: 0.19767 improvement: -0.206308
    min: -0.06  max: 0.692 avg: 0.3547
explanation: 
no explanation

27: 5138  label: -1 pred: 0.583684 bl: 0.3626 IMP error_pred: 0.632383 error_bl: 0.428887 improvement: -0.203495
    min: 0.0975  max: 0.9205 avg: 0.495547
explanation: 
no explanation

28: 1761  label: 1 pred: -0.524902 bl: 0.09385 POSS error_pred: 0.594584 error_bl: 0.391478 improvement: -0.203106
    min: -0.812  max: 0.6365 avg: -0.0227042
explanation: 
no explanation

29: 8820  label: -1 pred: 0.627752 bl: 0.39575 IMP error_pred: 0.685617 error_bl: 0.482624 improvement: -0.202993
    min: 0.1775  max: 0.816 avg: 0.526936
explanation: 
no explanation

30: 7939  label: 1 pred: -0.606085 bl: 0.0308 POSS error_pred: 0.676026 error_bl: 0.473716 improvement: -0.20231
    min: -0.45  max: 0.27 avg: -0.109318
explanation: 
no explanation

31: 3148  label: -1 pred: 0.592257 bl: 0.37295 IMP error_pred: 0.64323 error_bl: 0.445159 improvement: -0.198072
    min: 0.0985  max: 0.8715 avg: 0.487548
explanation: 
no explanation

32: 363  label: -1 pred: 0.713816 bl: 0.47065 POSS error_pred: 0.80454 error_bl: 0.607372 improvement: -0.197168
    min: -1  max: 1 avg: 0.610378
explanation: 
no explanation

33: 125  label: -1 pred: 0.380412 bl: 0.22885 IMP error_pred: 0.430695 error_bl: 0.238349 improvement: -0.192346
    min: 0.093  max: 0.7575 avg: 0.384904
explanation: 
no explanation

34: 558  label: 1 pred: -0.456253 bl: 0.12545 POSS error_pred: 0.542612 error_bl: 0.351155 improvement: -0.191458
    min: -0.3325  max: 0.336 avg: -0.0207972
explanation: 
no explanation

35: 9816  label: 1 pred: -0.192867 bl: 0.28765 POSS error_pred: 0.372362 error_bl: 0.181004 improvement: -0.191358
    min: -0.547  max: 0.8565 avg: 0.100044
explanation: 
no explanation

36: 5333  label: -1 pred: 0.550681 bl: 0.3456 IMP error_pred: 0.593411 error_bl: 0.40237 improvement: -0.191041
    min: 0.005  max: 0.7405 avg: 0.461885
explanation: 
no explanation

37: 7683  label: 1 pred: -0.315765 bl: 0.21565 POSS error_pred: 0.440263 error_bl: 0.250299 improvement: -0.189964
    min: -0.242  max: 0.8 avg: 0.0589435
explanation: 
no explanation

38: 8002  label: -1 pred: 0.346957 bl: 0.21095 IMP error_pred: 0.403174 error_bl: 0.21816 improvement: -0.185014
    min: 0.022  max: 0.626 avg: 0.35955
explanation: 
no explanation

39: 7148  label: -1 pred: 0.274433 bl: 0.1639 POSS error_pred: 0.351748 error_bl: 0.167537 improvement: -0.184211
    min: -0.119  max: 0.6045 avg: 0.326477
explanation: 
no explanation

40: 9699  label: 1 pred: -0.113252 bl: 0.33255 POSS error_pred: 0.330546 error_bl: 0.14775 improvement: -0.182796
    min: -0.62  max: 0.862 avg: 0.14097
explanation: 
no explanation

41: 9016  label: -1 pred: 0.354276 bl: 0.22005 POSS error_pred: 0.4092 error_bl: 0.229209 improvement: -0.179992
    min: -0.153  max: 0.9535 avg: 0.380603
explanation: 
no explanation

42: 2132  label: 1 pred: -0.299968 bl: 0.2165 POSS error_pred: 0.427718 error_bl: 0.249602 improvement: -0.178116
    min: -0.2085  max: 0.414 avg: 0.0652042
explanation: 
no explanation

43: 5575  label: -1 pred: 0.511709 bl: 0.33125 IMP error_pred: 0.555846 error_bl: 0.378967 improvement: -0.176878
    min: 0.1275  max: 0.676 avg: 0.449852
explanation: 
no explanation

44: 508  label: -1 pred: 0.667987 bl: 0.4462 IMP error_pred: 0.742668 error_bl: 0.56599 improvement: -0.176677
    min: 0.1865  max: 0.9755 avg: 0.568763
explanation: 
no explanation

45: 9543  label: -1 pred: 0.265933 bl: 0.16585 POSS error_pred: 0.344918 error_bl: 0.169546 improvement: -0.175372
    min: -0.0065  max: 0.6435 avg: 0.330982
explanation: 
no explanation

46: 3090  label: 1 pred: 0.0626665 bl: 0.45915 POSS error_pred: 0.247113 error_bl: 0.0730785 improvement: -0.174034
    min: -0.5395  max: 0.746 avg: 0.21589
explanation: 
no explanation

47: 8592  label: -1 pred: 0.166732 bl: 0.0887 POSS error_pred: 0.280434 error_bl: 0.106468 improvement: -0.173965
    min: -0.3495  max: 0.713 avg: 0.285116
explanation: 
no explanation

48: 7902  label: 1 pred: -0.150845 bl: 0.29575 POSS error_pred: 0.349462 error_bl: 0.175826 improvement: -0.173636
    min: -0.173  max: 0.52 avg: 0.128662
explanation: 
no explanation

49: 6733  label: -1 pred: 0.653814 bl: 0.4372 IMP error_pred: 0.723986 error_bl: 0.551627 improvement: -0.172358
    min: 0.1345  max: 0.768 avg: 0.544139
explanation: 
no explanation

best entries: 
0: 657  label: -1 pred: -0.0840619 bl: 0.5105 POSS error_pred: 0.160707 error_bl: 0.671254 improvement: 0.510546
1: 7534  label: -1 pred: 0.128143 bl: 0.5705 POSS error_pred: 0.263158 error_bl: 0.756227 improvement: 0.493069
2: 9754  label: -1 pred: -0.151474 bl: 0.44215 POSS error_pred: 0.132985 error_bl: 0.560064 improvement: 0.427079
3: 6785  label: -1 pred: 0.287038 bl: 0.5458 POSS error_pred: 0.360587 error_bl: 0.725191 improvement: 0.364604
4: 5885  label: 1 pred: 0.174505 bl: 0.02185 POSS error_pred: 0.198726 error_bl: 0.48646 improvement: 0.287734
5: 5685  label: -1 pred: 0.227886 bl: 0.4687 POSS error_pred: 0.317397 error_bl: 0.604058 improvement: 0.286661
6: 329  label: 1 pred: -0.0838255 bl: -0.06785 POSS error_pred: 0.315611 error_bl: 0.599562 improvement: 0.283951
7: 2192  label: -1 pred: 0.303693 bl: 0.4969 POSS error_pred: 0.370832 error_bl: 0.649458 improvement: 0.278626
8: 9694  label: -1 pred: 0.577787 bl: 0.70485 POSS error_pred: 0.624146 error_bl: 0.899759 improvement: 0.275613
9: 809  label: 1 pred: 0.13031 bl: 0.01985 POSS error_pred: 0.217045 error_bl: 0.48855 improvement: 0.271505
10: 2548  label: -1 pred: 0.00427512 bl: 0.38685 POSS error_pred: 0.200482 error_bl: 0.468059 improvement: 0.267577
11: 11  label: -1 pred: 0.294713 bl: 0.48445 IMP error_pred: 0.364805 error_bl: 0.630173 improvement: 0.265368
12: 8646  label: -1 pred: 0.210759 bl: 0.44835 POSS error_pred: 0.306951 error_bl: 0.569908 improvement: 0.262957
13: 7648  label: -1 pred: -0.136695 bl: 0.3448 POSS error_pred: 0.139012 error_bl: 0.401768 improvement: 0.262756
14: 6351  label: -1 pred: 0.17135 bl: 0.432 POSS error_pred: 0.282443 error_bl: 0.542989 improvement: 0.260546
15: 7193  label: -1 pred: 0.326411 bl: 0.49475 POSS error_pred: 0.387706 error_bl: 0.646043 improvement: 0.258337
16: 3300  label: -1 pred: -0.184268 bl: 0.331 POSS error_pred: 0.123142 error_bl: 0.378666 improvement: 0.255524
17: 4292  label: -1 pred: 0.0731067 bl: 0.3975 POSS error_pred: 0.232624 error_bl: 0.485838 improvement: 0.253214
18: 2849  label: -1 pred: -0.581433 bl: 0.25625 POSS error_pred: 0.0317397 error_bl: 0.271093 improvement: 0.239353
19: 6161  label: 1 pred: -0.226851 bl: -0.0867 POSS error_pred: 0.387694 error_bl: 0.626344 improvement: 0.23865
20: 2149  label: -1 pred: 0.346938 bl: 0.4857 POSS error_pred: 0.403174 error_bl: 0.632182 improvement: 0.229008
21: 958  label: -1 pred: 0.568464 bl: 0.63815 POSS error_pred: 0.613499 error_bl: 0.842507 improvement: 0.229008
22: 3163  label: 1 pred: -0.328622 bl: -0.1173 POSS error_pred: 0.448427 error_bl: 0.667662 improvement: 0.219235
23: 5232  label: -1 pred: 0.59167 bl: 0.6568 IMP error_pred: 0.642628 error_bl: 0.859984 improvement: 0.217356
24: 1955  label: -1 pred: 0.248885 bl: 0.4342 IMP error_pred: 0.33186 error_bl: 0.545802 improvement: 0.213941
25: 7112  label: -1 pred: 0.138904 bl: 0.39585 POSS error_pred: 0.269385 error_bl: 0.483126 improvement: 0.21374
26: 5081  label: 1 pred: 0.467241 bl: 0.16605 AUTO error_pred: 0.0973716 error_bl: 0.305257 improvement: 0.207885
27: 6151  label: -1 pred: -0.266987 bl: 0.27855 POSS error_pred: 0.0958216 error_bl: 0.301527 improvement: 0.205705
28: 5053  label: -1 pred: 0.692278 bl: 0.85825 IMP error_pred: 0.77501 error_bl: 0.978907 improvement: 0.203897
29: 1953  label: -1 pred: 0.395807 bl: 0.496 POSS error_pred: 0.444556 error_bl: 0.648051 improvement: 0.203495
30: 1871  label: -1 pred: -0.251391 bl: 0.2795 POSS error_pred: 0.100643 error_bl: 0.303937 improvement: 0.203294
31: 8039  label: -1 pred: -0.0997233 bl: 0.31055 POSS error_pred: 0.153877 error_bl: 0.352853 improvement: 0.198975
32: 4761  label: -1 pred: 0.513241 bl: 0.5687 IMP error_pred: 0.556448 error_bl: 0.754319 improvement: 0.197871
33: 1156  label: -1 pred: 0.116282 bl: 0.3775 POSS error_pred: 0.256328 error_bl: 0.451788 improvement: 0.19546
34: 1809  label: -1 pred: -0.0176262 bl: 0.3335 POSS error_pred: 0.190036 error_bl: 0.385295 improvement: 0.195259
35: 7415  label: 1 pred: -0.0493293 bl: 0.01735 POSS error_pred: 0.297093 error_bl: 0.491438 improvement: 0.194345
36: 8881  label: -1 pred: 0.533706 bl: 0.5809 POSS error_pred: 0.574327 error_bl: 0.767979 improvement: 0.193652
37: 4770  label: -1 pred: 0.312706 bl: 0.44795 POSS error_pred: 0.376256 error_bl: 0.569205 improvement: 0.192949
38: 583  label: -1 pred: 0.133008 bl: 0.3814 POSS error_pred: 0.265769 error_bl: 0.457814 improvement: 0.192045
39: 8847  label: 1 pred: -0.528452 bl: -0.2259 POSS error_pred: 0.597172 error_bl: 0.785145 improvement: 0.187973
40: 1787  label: -1 pred: -0.0861681 bl: 0.30775 POSS error_pred: 0.160305 error_bl: 0.346826 improvement: 0.186521
41: 4463  label: 1 pred: 0.148082 bl: 0.09175 POSS error_pred: 0.20908 error_bl: 0.394863 improvement: 0.185783
42: 5988  label: 1 pred: -0.389182 bl: -0.1221 POSS error_pred: 0.489247 error_bl: 0.673835 improvement: 0.184588
43: 6790  label: -1 pred: 0.112649 bl: 0.3678 POSS error_pred: 0.254721 error_bl: 0.438831 improvement: 0.18411
44: 4429  label: 1 pred: -0.213275 bl: -0.0417 POSS error_pred: 0.38172 error_bl: 0.565512 improvement: 0.183791
45: 9211  label: 1 pred: -0.0226896 bl: 0.03625 POSS error_pred: 0.283951 error_bl: 0.466945 improvement: 0.182995
46: 2000  label: 1 pred: -0.572594 bl: -0.26105 POSS error_pred: 0.638789 error_bl: 0.818797 improvement: 0.180008
47: 6478  label: -1 pred: 0.644516 bl: 0.6926 POSS error_pred: 0.710526 error_bl: 0.889916 improvement: 0.179389
48: 626  label: -1 pred: 0.276583 bl: 0.42585 POSS error_pred: 0.353957 error_bl: 0.533146 improvement: 0.179188
49: 5947  label: -1 pred: 0.638491 bl: 0.68365 IMP error_pred: 0.702491 error_bl: 0.881679 improvement: 0.179188

total is 0
score for UNKNOWN: 1.0000 baseline: 1.0000 diff: 0.0000
total is 3347
score for AUTO: 0.0000 baseline: 0.0000 diff: 0.0000
total is 5942
score for POSS: 0.2396 baseline: 0.2389 diff: 0.0007
total is 711
score for IMP: 1.0000 baseline: 1.0000 diff: 0.0000
writing 50000 official test outputs

0%   10   20   30   40   50   60   70   80   90   100%
|----|----|----|----|----|----|----|----|----|----|
***************************************************
scores: [ 0.163385 ]
0.1634 +/-    nan
7243.70user 209.97system 34:39.73elapsed 358%CPU (0avgtext+0avgdata 0maxresident)k
0inputs+1104outputs (0major+76999555minor)pagefaults 0swaps
