loading data...Twoway_Layer::random_fill(): limit = 0.141421 ni = 50 no = 50
Twoway_Layer::random_fill(): limit = 0.141421 ni = 50 no = 1
iter  ---- train ----  ---- test -----
         rmse     auc     rmse     auc
   0  0.98071 0.00000  0.95933 0.32918
   1  0.95971 0.00000  0.95488 0.32693
   2  0.96237 0.00000  0.95435 0.32638
   3  0.95832 0.00000  0.95356 0.32589
   4  0.96166 0.00000  0.95363 0.32565
   5  0.96309 0.00000  0.95336 0.32543
   6  0.96040 0.00000  0.95341 0.32516
   7  0.96252 0.00000  0.95314 0.32502
   8  0.95746 0.00000  0.95286 0.32480
   9  0.96152 0.00000  0.95266 0.32469
  10  0.95989 0.00000  0.95284 0.32455
  11  0.95989 0.00000  0.95249 0.32445
  12  0.95547 0.00000  0.95220 0.32436
  13  0.95927 0.00000  0.95221 0.32425
  14  0.95860 0.00000  0.95246 0.32420
  15  0.95496 0.00000  0.95212 0.32414
  16  0.95967 0.00000  0.95256 0.32408
  17  0.96183 0.00000  0.95263 0.32403
  18  0.95482 0.00000  0.95220 0.32400
  19  0.95744 0.00000  0.95243 0.32396
  20  0.96397 0.00000  0.95261 0.32393
  21  0.95730 0.00000  0.95274 0.32389
  22  0.95771 0.00000  0.95242 0.32387
  23  0.95538 0.00000  0.95249 0.32387
  24  0.96023 0.00000  0.95248 0.32385
  25  0.95948 0.00000  0.95259 0.32383
  26  0.95574 0.00000  0.95255 0.32380
  27  0.95710 0.00000  0.95258 0.32377
  28  0.95379 0.00000  0.95227 0.32375
  29  0.95938 0.00000  0.95249 0.32375
  30  0.95760 0.00000  0.95263 0.32374
  31  0.95882 0.00000  0.95310 0.32372
  32  0.95889 0.00000  0.95280 0.32371
  33  0.95786 0.00000  0.95286 0.32370
  34  0.95627 0.00000  0.95279 0.32368
  35  0.95487 0.00000  0.95276 0.32367
  36  0.95714 0.00000  0.95284 0.32366
  37  0.95499 0.00000  0.95270 0.32366
  38  0.95461 0.00000  0.95265 0.32364
  39  0.95642 0.00000  0.95282 0.32364
  40  0.95929 0.00000  0.95295 0.32363
  41  0.95852 0.00000  0.95314 0.32363
  42  0.95611 0.00000  0.95310 0.32362
  43  0.96413 0.00000  0.95358 0.32361
  44  0.96080 0.00000  0.95375 0.32361
  45  0.95560 0.00000  0.95364 0.32362
  46  0.95886 0.00000  0.95370 0.32361
  47  0.95886 0.00000  0.95379 0.32361
  48  0.95761 0.00000  0.95364 0.32361
  49  0.95503 0.00000  0.95350 0.32361
  50  0.95849 0.00000  0.95364 0.32361
  51  0.95794 0.00000  0.95378 0.32361
  52  0.95885 0.00000  0.95382 0.32361
  53  0.95818 0.00000  0.95392 0.32360
  54  0.95773 0.00000  0.95393 0.32360
  55  0.96008 0.00000  0.95407 0.32360
  56  0.96026 0.00000  0.95426 0.32360
  57  0.95917 0.00000  0.95440 0.32359
  58  0.96190 0.00000  0.95459 0.32359
  59  0.96277 0.00000  0.95484 0.32358
  60  0.95904 0.00000  0.95490 0.32358
  61  0.96153 0.00000  0.95497 0.32358
  62  0.96055 0.00000  0.95498 0.32359
  63  0.95907 0.00000  0.95491 0.32359
  64  0.96099 0.00000  0.95491 0.32360
  65  0.95868 0.00000  0.95480 0.32360
  66  0.95994 0.00000  0.95500 0.32359
  67  0.95912 0.00000  0.95489 0.32359
  68  0.95710 0.00000  0.95471 0.32360
  69  0.95735 0.00000  0.95462 0.32360
  70  0.95720 0.00000  0.95456 0.32361
  71  0.96088 0.00000  0.95474 0.32361
  72  0.95980 0.00000  0.95485 0.32361
  73  0.96068 0.00000  0.95501 0.32361
  74  0.95574 0.00000  0.95474 0.32361
  75  0.95844 0.00000  0.95474 0.32362
  76  0.95679 0.00000  0.95460 0.32362
  77  0.95928 0.00000  0.95468 0.32362
  78  0.95851 0.00000  0.95473 0.32362
  79  0.95740 0.00000  0.95466 0.32363
  80  0.95698 0.00000  0.95460 0.32363
  81  0.96000 0.00000  0.95481 0.32363
  82  0.95538 0.00000  0.95453 0.32363
  83  0.95892 0.00000  0.95461 0.32363
  84  0.95774 0.00000  0.95460 0.32363
  85  0.96105 0.00000  0.95486 0.32363
  86  0.95929 0.00000  0.95490 0.32363
  87  0.95803 0.00000  0.95499 0.32364
  88  0.95768 0.00000  0.95487 0.32364
  89  0.95808 0.00000  0.95483 0.32363
  90  0.96201 0.00000  0.95509 0.32364
  91  0.95785 0.00000  0.95506 0.32364
  92  0.96399 0.00000  0.95550 0.32364
  93  0.95911 0.00000  0.95544 0.32364
  94  0.95856 0.00000  0.95528 0.32364
  95  0.95764 0.00000  0.95515 0.32364
  96  0.96076 0.00000  0.95530 0.32364
  97  0.96177 0.00000  0.95541 0.32364
  98  0.96063 0.00000  0.95543 0.32364
  99  0.96034 0.00000  0.95552 0.32364
 100  0.95892 0.00000  0.95544 0.32364
 101  0.95958 0.00000  0.95547 0.32364
 102  0.95653 0.00000  0.95531 0.32364
 103  0.95826 0.00000  0.95522 0.32365
 104  0.95816 0.00000  0.95517 0.32365
 105  0.96360 0.00000  0.95547 0.32364
 106  0.95695 0.00000  0.95525 0.32364
 107  0.96154 0.00000  0.95558 0.32364
 108  0.95926 0.00000  0.95548 0.32365
 109  0.95469 0.00000  0.95514 0.32364
 110  0.95822 0.00000  0.95518 0.32365
 111  0.96158 0.00000  0.95533 0.32364
 112  0.96063 0.00000  0.95546 0.32365
 113  0.95739 0.00000  0.95531 0.32365
 114  0.96062 0.00000  0.95546 0.32365
 115  0.95998 0.00000  0.95551 0.32365
 116  0.96248 0.00000  0.95576 0.32365
 117  0.95826 0.00000  0.95556 0.32364
 118  0.96030 0.00000  0.95560 0.32364
 119  0.96025 0.00000  0.95568 0.32364
 120  0.95669 0.00000  0.95551 0.32365
 121  0.95939 0.00000  0.95538 0.32364
 122  0.96080 0.00000  0.95551 0.32365
 123  0.96186 0.00000  0.95579 0.32364
 124  0.96238 0.00000  0.95591 0.32364
 125  0.96416 0.00000  0.95617 0.32364
 126  0.96002 0.00000  0.95614 0.32364
 127  0.96227 0.00000  0.95625 0.32364
 128  0.96323 0.00000  0.95640 0.32365
 129  0.95960 0.00000  0.95627 0.32364
 130  0.96157 0.00000  0.95624 0.32365
 131  0.95863 0.00000  0.95604 0.32364
 132  0.96017 0.00000  0.95603 0.32364
 133  0.96300 0.00000  0.95625 0.32364
 134  0.96000 0.00000  0.95609 0.32364
 135  0.95890 0.00000  0.95596 0.32364
 136  0.95980 0.00000  0.95592 0.32364
 137  0.95810 0.00000  0.95573 0.32364
 138  0.96013 0.00000  0.95579 0.32364
 139  0.95948 0.00000  0.95578 0.32365
 140  0.95714 0.00000  0.95561 0.32365
 141  0.96289 0.00000  0.95585 0.32365
 142  0.95633 0.00000  0.95557 0.32365
 143  0.96171 0.00000  0.95576 0.32365
 144  0.96038 0.00000  0.95582 0.32365
 145  0.95879 0.00000  0.95576 0.32364
 146  0.95859 0.00000  0.95577 0.32364
 147  0.95838 0.00000  0.95570 0.32364
 148  0.96134 0.00000  0.95583 0.32364
 149  0.95956 0.00000  0.95579 0.32364
 150  0.96121 0.00000  0.95592 0.32363
 151  0.95851 0.00000  0.95584 0.32363
 152  0.96326 0.00000  0.95615 0.32364
 153  0.95939 0.00000  0.95606 0.32364
 154  0.95738 0.00000  0.95588 0.32364
 155  0.96034 0.00000  0.95591 0.32364
 156  0.95979 0.00000  0.95593 0.32363
 157  0.96064 0.00000  0.95601 0.32363
 158  0.95773 0.00000  0.95584 0.32363
 159  0.95955 0.00000  0.95583 0.32363
 160  0.95906 0.00000  0.95573 0.32363
 161  0.96095 0.00000  0.95581 0.32363
 162  0.95801 0.00000  0.95570 0.32363
 163  0.95952 0.00000  0.95572 0.32364
 164  0.95768 0.00000  0.95563 0.32364
 165  0.95931 0.00000  0.95555 0.32364
 166  0.95816 0.00000  0.95549 0.32364
 167  0.95772 0.00000  0.95541 0.32364
 168  0.95898 0.00000  0.95547 0.32363
 169  0.96024 0.00000  0.95550 0.32363
 170  0.95868 0.00000  0.95554 0.32363
 171  0.96130 0.00000  0.95579 0.32363
 172  0.95751 0.00000  0.95551 0.32363
 173  0.96068 0.00000  0.95563 0.32363
 174  0.96084 0.00000  0.95574 0.32363
 175  0.96133 0.00000  0.95589 0.32363
 176  0.96102 0.00000  0.95595 0.32363
 177  0.96069 0.00000  0.95601 0.32363
 178  0.96026 0.00000  0.95605 0.32363
 179  0.96227 0.00000  0.95621 0.32363
 180  0.96089 0.00000  0.95625 0.32364
 181  0.96142 0.00000  0.95641 0.32363
 182  0.96304 0.00000  0.95655 0.32363
 183  0.96042 0.00000  0.95646 0.32363
 184  0.96145 0.00000  0.95641 0.32363
 185  0.96282 0.00000  0.95650 0.32363
 186  0.95831 0.00000  0.95621 0.32363
 187  0.96265 0.00000  0.95637 0.32363
 188  0.96100 0.00000  0.95646 0.32363
 189  0.96273 0.00000  0.95657 0.32363
 190  0.96558 0.00000  0.95690 0.32363
 191  0.95582 0.00000  0.95638 0.32363
 192  0.96057 0.00000  0.95635 0.32363
 193  0.96225 0.00000  0.95650 0.32363
 194  0.95953 0.00000  0.95634 0.32363
 195  0.96080 0.00000  0.95630 0.32363
 196  0.96233 0.00000  0.95635 0.32363
 197  0.95870 0.00000  0.95619 0.32363
 198  0.96177 0.00000  0.95630 0.32363
 199  0.95821 0.00000  0.95612 0.32364
 200  0.96188 0.00000  0.95637 0.32363
 201  0.96214 0.00000  0.95634 0.32364
 202  0.96271 0.00000  0.95644 0.32364
 203  0.96302 0.00000  0.95661 0.32364
 204  0.96130 0.00000  0.95653 0.32364
 205  0.95429 0.00000  0.95603 0.32364
 206  0.95974 0.00000  0.95603 0.32364
 207  0.96051 0.00000  0.95609 0.32364
 208  0.95623 0.00000  0.95578 0.32364
 209  0.96081 0.00000  0.95586 0.32364
 210  0.96288 0.00000  0.95615 0.32364
 211  0.96310 0.00000  0.95636 0.32364
 212  0.96432 0.00000  0.95661 0.32364
 213  0.96218 0.00000  0.95662 0.32364
 214  0.95685 0.00000  0.95621 0.32364
 215  0.95958 0.00000  0.95614 0.32364
 216  0.96011 0.00000  0.95608 0.32364
 217  0.95946 0.00000  0.95601 0.32364
 218  0.96132 0.00000  0.95612 0.32364
 219  0.95867 0.00000  0.95595 0.32364
 220  0.95896 0.00000  0.95589 0.32364
 221  0.95880 0.00000  0.95587 0.32364
 222  0.95814 0.00000  0.95581 0.32364
 223  0.95750 0.00000  0.95571 0.32363
 224  0.96086 0.00000  0.95579 0.32363
 225  0.95904 0.00000  0.95577 0.32364
 226  0.95835 0.00000  0.95570 0.32364
 227  0.96181 0.00000  0.95581 0.32363
 228  0.96047 0.00000  0.95591 0.32363
 229  0.96167 0.00000  0.95607 0.32363
 230  0.95865 0.00000  0.95595 0.32363
 231  0.95599 0.00000  0.95565 0.32363
 232  0.95959 0.00000  0.95575 0.32363
 233  0.95962 0.00000  0.95581 0.32363
 234  0.95768 0.00000  0.95567 0.32363
 235  0.95833 0.00000  0.95557 0.32362
 236  0.95918 0.00000  0.95560 0.32362
 237  0.96527 0.00000  0.95608 0.32362
 238  0.95865 0.00000  0.95603 0.32362
 239  0.96218 0.00000  0.95619 0.32362
 240  0.95818 0.00000  0.95609 0.32362
 241  0.96113 0.00000  0.95615 0.32362
 242  0.96131 0.00000  0.95622 0.32362
 243  0.96143 0.00000  0.95632 0.32362
 244  0.95973 0.00000  0.95623 0.32362
 245  0.96405 0.00000  0.95653 0.32362
 246  0.96144 0.00000  0.95649 0.32362
 247  0.95967 0.00000  0.95633 0.32362
 248  0.96256 0.00000  0.95641 0.32362
 249  0.95745 0.00000  0.95619 0.32362
 250  0.95899 0.00000  0.95606 0.32362
 251  0.95989 0.00000  0.95617 0.32362
 252  0.95953 0.00000  0.95611 0.32362
 253  0.95868 0.00000  0.95595 0.32362
 254  0.95934 0.00000  0.95600 0.32362
 255  0.95947 0.00000  0.95595 0.32362
 256  0.95973 0.00000  0.95583 0.32362
 257  0.96170 0.00000  0.95600 0.32362
 258  0.95862 0.00000  0.95592 0.32362
 259  0.96050 0.00000  0.95602 0.32362
 260  0.96169 0.00000  0.95612 0.32362
 261  0.95904 0.00000  0.95604 0.32362
 262  0.96077 0.00000  0.95609 0.32362
 263  0.96046 0.00000  0.95616 0.32362
 264  0.95960 0.00000  0.95610 0.32362
 265  0.96126 0.00000  0.95620 0.32362
 266  0.95854 0.00000  0.95601 0.32362
 267  0.96206 0.00000  0.95615 0.32362
 268  0.96157 0.00000  0.95625 0.32362
 269  0.96154 0.00000  0.95635 0.32362
 270  0.95947 0.00000  0.95626 0.32362
 271  0.95983 0.00000  0.95620 0.32362
 272  0.95895 0.00000  0.95605 0.32362
 273  0.95850 0.00000  0.95598 0.32362
 274  0.95796 0.00000  0.95597 0.32362
 275  0.96439 0.00000  0.95606 0.32362
 276  0.95949 0.00000  0.95604 0.32362
 277  0.96035 0.00000  0.95603 0.32362
 278  0.96144 0.00000  0.95614 0.32362
 279  0.95864 0.00000  0.95591 0.32362
 280  0.96119 0.00000  0.95604 0.32362
 281  0.95978 0.00000  0.95602 0.32362
 282  0.96146 0.00000  0.95611 0.32362
 283  0.96110 0.00000  0.95617 0.32362
 284  0.95780 0.00000  0.95601 0.32362
 285  0.95932 0.00000  0.95602 0.32362
 286  0.95939 0.00000  0.95600 0.32362
 287  0.96190 0.00000  0.95612 0.32362
 288  0.96099 0.00000  0.95621 0.32362
 289  0.96048 0.00000  0.95615 0.32362
 290  0.95870 0.00000  0.95604 0.32362
 291  0.95675 0.00000  0.95579 0.32362
 292  0.96136 0.00000  0.95594 0.32362
 293  0.96011 0.00000  0.95599 0.32362
 294  0.96362 0.00000  0.95624 0.32362
 295  0.96093 0.00000  0.95626 0.32362
 296  0.96020 0.00000  0.95627 0.32362
 297  0.96470 0.00000  0.95672 0.32362
 298  0.96359 0.00000  0.95673 0.32362
 299  0.95869 0.00000  0.95640 0.32362
 300  0.96241 0.00000  0.95654 0.32362
 301  0.96101 0.00000  0.95652 0.32362
 302  0.95965 0.00000  0.95648 0.32362
 303  0.95867 0.00000  0.95622 0.32362
 304  0.95692 0.00000  0.95593 0.32362
 305  0.95669 0.00000  0.95574 0.32362
 306  0.95990 0.00000  0.95580 0.32362
 307  0.95742 0.00000  0.95562 0.32362
 308  0.95855 0.00000  0.95564 0.32362
 309  0.95655 0.00000  0.95550 0.32362
 310  0.96018 0.00000  0.95561 0.32362
 311  0.95966 0.00000  0.95564 0.32362
 312  0.95746 0.00000  0.95560 0.32362
 313  0.96046 0.00000  0.95568 0.32362
 314  0.95804 0.00000  0.95564 0.32362
 315  0.95813 0.00000  0.95560 0.32362
 316  0.95818 0.00000  0.95547 0.32362
 317  0.95724 0.00000  0.95538 0.32362
 318  0.95828 0.00000  0.95543 0.32362
 319  0.95893 0.00000  0.95550 0.32362
 320  0.95823 0.00000  0.95549 0.32362
 321  0.96213 0.00000  0.95577 0.32362
 322  0.96034 0.00000  0.95585 0.32362
 323  0.96255 0.00000  0.95609 0.32362
 324  0.95981 0.00000  0.95610 0.32362
 325  0.96223 0.00000  0.95629 0.32362
 326  0.96312 0.00000  0.95640 0.32362
 327  0.95839 0.00000  0.95624 0.32362
 328  0.96004 0.00000  0.95617 0.32362
 329  0.96005 0.00000  0.95610 0.32362
 330  0.95751 0.00000  0.95586 0.32362
 331  0.95983 0.00000  0.95590 0.32362
 332  0.95866 0.00000  0.95577 0.32362
 333  0.95766 0.00000  0.95562 0.32362
 334  0.96014 0.00000  0.95570 0.32362
 335  0.95653 0.00000  0.95553 0.32362
 336  0.96122 0.00000  0.95566 0.32362
 337  0.96138 0.00000  0.95581 0.32361
 338  0.95984 0.00000  0.95587 0.32361
 339  0.96158 0.00000  0.95603 0.32361
 340  0.95936 0.00000  0.95603 0.32361
 341  0.95867 0.00000  0.95593 0.32361
 342  0.96008 0.00000  0.95596 0.32362
 343  0.96155 0.00000  0.95612 0.32361
 344  0.96223 0.00000  0.95635 0.32361
 345  0.96213 0.00000  0.95633 0.32361
 346  0.95923 0.00000  0.95624 0.32361
 347  0.95964 0.00000  0.95616 0.32361
 348  0.96144 0.00000  0.95638 0.32361
 349  0.96112 0.00000  0.95629 0.32361
 350  0.96280 0.00000  0.95642 0.32361
 351  0.95841 0.00000  0.95624 0.32361
 352  0.96097 0.00000  0.95628 0.32361
 353  0.96005 0.00000  0.95630 0.32361
 354  0.96373 0.00000  0.95659 0.32361
 355  0.95936 0.00000  0.95636 0.32361
 356  0.96359 0.00000  0.95659 0.32361
 357  0.95979 0.00000  0.95640 0.32361
 358  0.96442 0.00000  0.95661 0.32361
 359  0.96252 0.00000  0.95673 0.32361
 360  0.95957 0.00000  0.95654 0.32361
 361  0.96179 0.00000  0.95657 0.32362
 362  0.96093 0.00000  0.95657 0.32362
 363  0.96143 0.00000  0.95663 0.32361
 364  0.96133 0.00000  0.95649 0.32361
 365  0.95930 0.00000  0.95630 0.32361
 366  0.95952 0.00000  0.95630 0.32361
 367  0.96278 0.00000  0.95649 0.32361
 368  0.95956 0.00000  0.95626 0.32361
 369  0.96016 0.00000  0.95628 0.32361
 370  0.96086 0.00000  0.95621 0.32362
 371  0.95956 0.00000  0.95610 0.32361
 372  0.96116 0.00000  0.95618 0.32361
 373  0.95732 0.00000  0.95594 0.32362
 374  0.96135 0.00000  0.95621 0.32361
 375  0.96039 0.00000  0.95607 0.32361
 376  0.96134 0.00000  0.95613 0.32362
 377  0.95853 0.00000  0.95602 0.32362
 378  0.96056 0.00000  0.95615 0.32362
 379  0.95985 0.00000  0.95606 0.32362
 380  0.96057 0.00000  0.95614 0.32362
 381  0.95925 0.00000  0.95601 0.32362
 382  0.95794 0.00000  0.95597 0.32362
 383  0.95601 0.00000  0.95566 0.32362
 384  0.96183 0.00000  0.95583 0.32362
 385  0.96598 0.00000  0.95637 0.32362
 386  0.96160 0.00000  0.95649 0.32362
 387  0.96210 0.00000  0.95663 0.32362
 388  0.95734 0.00000  0.95622 0.32362
 389  0.96139 0.00000  0.95619 0.32362
 390  0.95895 0.00000  0.95615 0.32362
 391  0.96228 0.00000  0.95629 0.32362
 392  0.96128 0.00000  0.95624 0.32362
 393  0.95870 0.00000  0.95611 0.32362
 394  0.96171 0.00000  0.95618 0.32363
 395  0.95720 0.00000  0.95594 0.32363
 396  0.96135 0.00000  0.95607 0.32363
 397  0.95827 0.00000  0.95592 0.32362
 398  0.96226 0.00000  0.95610 0.32362
 399  0.96096 0.00000  0.95617 0.32362
 400  0.96018 0.00000  0.95614 0.32363
 401  0.95726 0.00000  0.95584 0.32363
 402  0.95681 0.00000  0.95559 0.32363
 403  0.96132 0.00000  0.95576 0.32363
 404  0.95851 0.00000  0.95569 0.32363
 405  0.95885 0.00000  0.95567 0.32363
 406  0.96043 0.00000  0.95573 0.32363
 407  0.96387 0.00000  0.95611 0.32362
 408  0.96063 0.00000  0.95616 0.32363
 409  0.96103 0.00000  0.95618 0.32362
 410  0.96426 0.00000  0.95645 0.32362
 411  0.96083 0.00000  0.95655 0.32362
 412  0.96246 0.00000  0.95659 0.32362
 413  0.95978 0.00000  0.95652 0.32362
 414  0.95999 0.00000  0.95639 0.32363
 415  0.96036 0.00000  0.95630 0.32363
 416  0.96236 0.00000  0.95651 0.32363
 417  0.96080 0.00000  0.95637 0.32363
 418  0.95972 0.00000  0.95632 0.32363
 419  0.95974 0.00000  0.95622 0.32363
 420  0.96157 0.00000  0.95628 0.32363
 421  0.95946 0.00000  0.95624 0.32363
 422  0.96051 0.00000  0.95619 0.32363
 423  0.95960 0.00000  0.95615 0.32363
 424  0.96143 0.00000  0.95620 0.32362
 425  0.96223 0.00000  0.95639 0.32362
 426  0.96058 0.00000  0.95642 0.32362
 427  0.96148 0.00000  0.95642 0.32362
 428  0.96307 0.00000  0.95657 0.32362
 429  0.96044 0.00000  0.95646 0.32362
 430  0.95841 0.00000  0.95625 0.32363
 431  0.96204 0.00000  0.95645 0.32363
 432  0.95818 0.00000  0.95620 0.32363
 433  0.95878 0.00000  0.95600 0.32363
 434  0.95867 0.00000  0.95590 0.32363
 435  0.95758 0.00000  0.95573 0.32362
 436  0.96462 0.00000  0.95614 0.32363
 437  0.96018 0.00000  0.95616 0.32363
 438  0.96220 0.00000  0.95627 0.32363
 439  0.96040 0.00000  0.95631 0.32363
 440  0.96077 0.00000  0.95636 0.32362
 441  0.95899 0.00000  0.95624 0.32363
 442  0.96064 0.00000  0.95630 0.32362
 443  0.96068 0.00000  0.95631 0.32362
 444  0.95864 0.00000  0.95614 0.32362
 445  0.95792 0.00000  0.95595 0.32362
 446  0.95790 0.00000  0.95581 0.32363
 447  0.96169 0.00000  0.95607 0.32363
 448  0.96017 0.00000  0.95612 0.32363
 449  0.95968 0.00000  0.95609 0.32363
 450  0.96253 0.00000  0.95625 0.32363
 451  0.95896 0.00000  0.95619 0.32362
 452  0.96277 0.00000  0.95637 0.32363
 453  0.96116 0.00000  0.95641 0.32363
 454  0.95832 0.00000  0.95616 0.32363
 455  0.95994 0.00000  0.95616 0.32363
 456  0.96195 0.00000  0.95626 0.32363
 457  0.96208 0.00000  0.95640 0.32363
 458  0.95666 0.00000  0.95596 0.32363
 459  0.95988 0.00000  0.95597 0.32362
 460  0.96262 0.00000  0.95625 0.32363
 461  0.95974 0.00000  0.95612 0.32363
 462  0.96161 0.00000  0.95630 0.32363
 463  0.95953 0.00000  0.95624 0.32363
 464  0.95812 0.00000  0.95624 0.32363
 465  0.95840 0.00000  0.95585 0.32363
 466  0.95918 0.00000  0.95586 0.32363
 467  0.96152 0.00000  0.95604 0.32363
 468  0.95862 0.00000  0.95597 0.32363
 469  0.95865 0.00000  0.95587 0.32363
 470  0.96500 0.00000  0.95631 0.32363
 471  0.96006 0.00000  0.95618 0.32363
 472  0.96407 0.00000  0.95647 0.32363
 473  0.96011 0.00000  0.95638 0.32363
 474  0.96142 0.00000  0.95640 0.32363
 475  0.96289 0.00000  0.95661 0.32363
 476  0.96228 0.00000  0.95660 0.32363
 477  0.95915 0.00000  0.95647 0.32363
 478  0.96169 0.00000  0.95664 0.32363
 479  0.96058 0.00000  0.95648 0.32363
 480  0.96393 0.00000  0.95666 0.32363
 481  0.96316 0.00000  0.95674 0.32363
 482  0.96136 0.00000  0.95668 0.32363
 483  0.96278 0.00000  0.95672 0.32363
 484  0.96009 0.00000  0.95651 0.32363
 485  0.96177 0.00000  0.95652 0.32363
 486  0.96066 0.00000  0.95647 0.32363
 487  0.96118 0.00000  0.95642 0.32363
 488  0.96320 0.00000  0.95657 0.32363
 489  0.96242 0.00000  0.95666 0.32363
 490  0.95944 0.00000  0.95646 0.32363
 491  0.96108 0.00000  0.95643 0.32363
 492  0.96118 0.00000  0.95662 0.32363
 493  0.96175 0.00000  0.95655 0.32363
 494  0.96199 0.00000  0.95655 0.32363
 495  0.96169 0.00000  0.95661 0.32363
 496  0.95995 0.00000  0.95655 0.32363
 497  0.96036 0.00000  0.95643 0.32363
 498  0.95883 0.00000  0.95623 0.32363
 499  0.95911 0.00000  0.95610 0.32363
chose model 157 M_auc_158
chose model 160 M_auc_161
chose model 62 M_auc_63
chose model 122 M_auc_123
chose model 17 M_auc_18
chose model 189 M_auc_190
chose model 148 M_auc_149
chose model 241 M_auc_242
chose model 118 M_auc_119
chose model 119 M_auc_120
processing 4000 predictions...

0%   10   20   30   40   50   60   70   80   90   100%
|----|----|----|----|----|----|----|----|----|----|
***************************************************
 done.
elapsed: [2663.03s cpu, 2471791.7420 mticks, 924.82s wall]
score: 0.3432  baseline: 0.3384  diff: 0.00472
category UNKNOWN: count 0 avg error 0 baseline avg error 0 avg improvement 0
category AUTO: count 936 avg error 0.0968773 baseline avg error 0.0970217 avg improvement 0.000144444
category POSS: count 2576 avg error 0.34774 baseline avg error 0.342472 avg improvement -0.00526814
category IMP: count 488 avg error 0.791435 baseline avg error 0.780242 avg improvement -0.0111923
overall: count 4000 avg error 0.343169 baseline avg error 0.338444 avg improvement -0.00472435
worst entries: 
0: 2338  label: -1 pred: 0.0547051 bl: -0.01845 POSS error_pred: 0.580227 error_bl: 0.205835 improvement: -0.374392
    min: -0.2525  max: 0.687 avg: 0.254482
explanation: 
no explanation

1: 49  label: -1 pred: 0.00162987 bl: -0.0885 POSS error_pred: 0.465154 error_bl: 0.131821 improvement: -0.333333
    min: -0.292  max: 0.693 avg: 0.189572
explanation: 
no explanation

2: 2678  label: -1 pred: 0.035889 bl: 0.03675 POSS error_pred: 0.547272 error_bl: 0.272285 improvement: -0.274986
    min: -0.3435  max: 0.708 avg: 0.22556
explanation: 
no explanation

3: 2906  label: 1 pred: -0.136325 bl: 0.2012 POSS error_pred: 0.541182 error_bl: 0.269428 improvement: -0.271754
    min: -0.675  max: 0.5125 avg: 0.001948
explanation: 
no explanation

4: 1355  label: -1 pred: 0.100933 bl: 0.12645 POSS error_pred: 0.668287 error_bl: 0.405186 improvement: -0.263101
    min: -0.013  max: 0.6475 avg: 0.31015
explanation: 
no explanation

5: 3834  label: -1 pred: 0.10874 bl: 0.138 POSS error_pred: 0.677472 error_bl: 0.417072 improvement: -0.2604
    min: -0.01  max: 0.622 avg: 0.318028
explanation: 
no explanation

6: 3516  label: -1 pred: 0.169336 bl: 0.2101 IMP error_pred: 0.78336 error_bl: 0.537547 improvement: -0.245813
    min: 0.084  max: 0.8995 avg: 0.396764
explanation: 
no explanation

7: 3318  label: -1 pred: 0.0505954 bl: 0.07065 POSS error_pred: 0.573204 error_bl: 0.332253 improvement: -0.240951
    min: -0.149  max: 0.658 avg: 0.240188
explanation: 
no explanation

8: 3851  label: -1 pred: 0.0270214 bl: 0.0463 POSS error_pred: 0.526742 error_bl: 0.290924 improvement: -0.235818
    min: -0.4235  max: 0.8475 avg: 0.207722
explanation: 
no explanation

9: 1245  label: -1 pred: 0.0540548 bl: 0.0844 POSS error_pred: 0.580227 error_bl: 0.350621 improvement: -0.229606
    min: -0.0545  max: 0.621 avg: 0.244496
explanation: 
no explanation

10: 2734  label: 1 pred: -0.330834 bl: -0.081 POSS error_pred: 0.864123 error_bl: 0.64402 improvement: -0.220102
    min: -0.652  max: 0.154 avg: -0.262438
explanation: 
no explanation

11: 2986  label: 1 pred: -0.298159 bl: -0.05865 POSS error_pred: 0.825035 error_bl: 0.60819 improvement: -0.216845
    min: -0.742  max: 0.1985 avg: -0.215276
explanation: 
no explanation

12: 23  label: 1 pred: -0.29152 bl: -0.0515 POSS error_pred: 0.815263 error_bl: 0.599349 improvement: -0.215914
    min: -0.5165  max: 0.1415 avg: -0.205348
explanation: 
no explanation

13: 3601  label: -1 pred: 0.090815 bl: 0.1541 POSS error_pred: 0.650999 error_bl: 0.441383 improvement: -0.209616
    min: -0.018  max: 0.682 avg: 0.295532
explanation: 
no explanation

14: 1304  label: 1 pred: -0.14187 bl: 0.13935 POSS error_pred: 0.553281 error_bl: 0.345277 improvement: -0.208004
    min: -0.6195  max: 0.4675 avg: -0.00458
explanation: 
no explanation

15: 1309  label: -1 pred: 0.0277623 bl: 0.06745 POSS error_pred: 0.527823 error_bl: 0.32523 improvement: -0.202593
    min: -0.403  max: 0.746 avg: 0.214756
explanation: 
no explanation

16: 1792  label: 1 pred: -0.074015 bl: 0.2307 POSS error_pred: 0.438343 error_bl: 0.238716 improvement: -0.199628
    min: -0.293  max: 0.4055 avg: 0.07941
explanation: 
no explanation

17: 3220  label: -1 pred: -0.0489204 bl: -0.04235 POSS error_pred: 0.378714 error_bl: 0.181524 improvement: -0.197191
    min: -0.136  max: 0.356 avg: 0.117338
explanation: 
no explanation

18: 3023  label: -1 pred: 0.0663896 bl: 0.12865 POSS error_pred: 0.603998 error_bl: 0.407347 improvement: -0.19665
    min: -0.026  max: 0.7145 avg: 0.266052
explanation: 
no explanation

19: 2808  label: 1 pred: -0.179675 bl: 0.0698 POSS error_pred: 0.625872 error_bl: 0.430433 improvement: -0.19544
    min: -0.302  max: 0.2465 avg: -0.051766
explanation: 
no explanation

20: 737  label: -1 pred: -0.0302891 bl: -0.0074 POSS error_pred: 0.415451 error_bl: 0.220421 improvement: -0.19503
    min: -0.27  max: 0.384 avg: 0.145968
explanation: 
no explanation

21: 934  label: -1 pred: -0.0897688 bl: -0.1152 POSS error_pred: 0.3047 error_bl: 0.113452 improvement: -0.191248
    min: -0.2565  max: 0.384 avg: 0.073026
explanation: 
no explanation

22: 1178  label: 1 pred: -0.0332535 bl: 0.3148 POSS error_pred: 0.36296 error_bl: 0.172638 improvement: -0.190321
    min: -0.2425  max: 0.4935 avg: 0.12892
explanation: 
no explanation

23: 779  label: -1 pred: 0.102038 bl: 0.17755 IMP error_pred: 0.668828 error_bl: 0.479741 improvement: -0.189087
    min: 0.055  max: 0.7525 avg: 0.311352
explanation: 
no explanation

24: 3972  label: 1 pred: -0.109674 bl: 0.16515 POSS error_pred: 0.496045 error_bl: 0.308981 improvement: -0.187064
    min: -0.2185  max: 0.339 avg: 0.035654
explanation: 
no explanation

25: 1795  label: -1 pred: 0.167356 bl: 0.24805 IMP error_pred: 0.779579 error_bl: 0.594814 improvement: -0.184765
    min: 0.0335  max: 0.7195 avg: 0.394558
explanation: 
no explanation

26: 1000  label: -1 pred: -0.0143984 bl: 0.0153 POSS error_pred: 0.4349 error_bl: 0.250135 improvement: -0.184765
    min: -0.305  max: 0.5905 avg: 0.164968
explanation: 
no explanation

27: 756  label: -1 pred: 0.260704 bl: 0.34385 IMP error_pred: 0.901135 error_bl: 0.71799 improvement: -0.183144
    min: 0.208  max: 1 avg: 0.531474
explanation: 
no explanation

28: 889  label: 1 pred: -0.0473845 bl: 0.2611 POSS error_pred: 0.395067 error_bl: 0.218706 improvement: -0.176361
    min: -0.197  max: 0.4525 avg: 0.115084
explanation: 
no explanation

29: 3034  label: -1 pred: -0.0122425 bl: 0.0264 POSS error_pred: 0.437601 error_bl: 0.26148 improvement: -0.176121
    min: -0.169  max: 0.431 avg: 0.161032
explanation: 
no explanation

30: 2859  label: -1 pred: -0.0155412 bl: 0.02105 POSS error_pred: 0.433279 error_bl: 0.257158 improvement: -0.176121
    min: -0.3565  max: 0.49 avg: 0.163364
explanation: 
no explanation

31: 3840  label: -1 pred: 0.136128 bl: 0.22075 POSS error_pred: 0.726634 error_bl: 0.551053 improvement: -0.175581
    min: -0.0285  max: 0.7065 avg: 0.357944
explanation: 
no explanation

32: 3484  label: -1 pred: 0.10157 bl: 0.1855 IMP error_pred: 0.668287 error_bl: 0.495948 improvement: -0.172339
    min: 0.027  max: 0.5685 avg: 0.307118
explanation: 
no explanation

33: 3926  label: 1 pred: -0.239937 bl: -0.03055 POSS error_pred: 0.737552 error_bl: 0.568637 improvement: -0.168916
    min: -0.511  max: 0.765 avg: -0.132986
explanation: 
no explanation

34: 1835  label: -1 pred: 0.0841041 bl: 0.17175 POSS error_pred: 0.636953 error_bl: 0.468936 improvement: -0.168017
    min: -0.115  max: 0.7205 avg: 0.287242
explanation: 
no explanation

35: 3322  label: -1 pred: -0.113962 bl: -0.1434 POSS error_pred: 0.2604 error_bl: 0.0929227 improvement: -0.167477
    min: -0.4295  max: 0.4335 avg: 0.04134
explanation: 
no explanation

36: 3119  label: -1 pred: 0.0593219 bl: 0.14105 POSS error_pred: 0.58779 error_bl: 0.421394 improvement: -0.166397
    min: -0.1935  max: 1 avg: 0.258466
explanation: 
no explanation

37: 2356  label: -1 pred: -0.119307 bl: -0.15915 POSS error_pred: 0.246894 error_bl: 0.0842788 improvement: -0.162615
    min: -0.4415  max: 0.4525 avg: 0.030966
explanation: 
no explanation

38: 28  label: -1 pred: 0.0941134 bl: 0.18445 POSS error_pred: 0.656942 error_bl: 0.494327 improvement: -0.162615
    min: -0.066  max: 0.5315 avg: 0.295094
explanation: 
no explanation

39: 1875  label: -1 pred: 0.0449754 bl: 0.1256 POSS error_pred: 0.5651 error_bl: 0.403025 improvement: -0.162075
    min: -0.1605  max: 0.4825 avg: 0.238346
explanation: 
no explanation

40: 2145  label: -1 pred: -0.0208212 bl: 0.03035 POSS error_pred: 0.425176 error_bl: 0.263101 improvement: -0.162075
    min: -0.339  max: 0.6345 avg: 0.161884
explanation: 
no explanation

41: 2250  label: -1 pred: 0.1071 bl: 0.19585 POSS error_pred: 0.675311 error_bl: 0.514046 improvement: -0.161264
    min: -0.393  max: 0.8105 avg: 0.31875
explanation: 
no explanation

42: 3595  label: -1 pred: -0.0305413 bl: 0.01835 POSS error_pred: 0.415451 error_bl: 0.254457 improvement: -0.160994
    min: -0.1105  max: 0.438 avg: 0.140734
explanation: 
no explanation

43: 2546  label: 1 pred: -0.124151 bl: 0.12415 POSS error_pred: 0.524895 error_bl: 0.364356 improvement: -0.16054
    min: -0.4365  max: 0.436 avg: 0.017784
explanation: 
no explanation

44: 2355  label: 1 pred: -0.00513105 bl: 0.3229 POSS error_pred: 0.327129 error_bl: 0.167054 improvement: -0.160074
    min: -0.1955  max: 0.508 avg: 0.16205
explanation: 
no explanation

45: 3160  label: -1 pred: 0.0581155 bl: 0.1448 POSS error_pred: 0.58671 error_bl: 0.427066 improvement: -0.159643
    min: -0.1795  max: 0.7445 avg: 0.250364
explanation: 
no explanation

46: 3943  label: 1 pred: -0.0623897 bl: 0.21065 POSS error_pred: 0.416473 error_bl: 0.257794 improvement: -0.158678
    min: -0.4315  max: 0.4255 avg: 0.096058
explanation: 
no explanation

47: 2423  label: 1 pred: -0.0537109 bl: 0.224 POSS error_pred: 0.404839 error_bl: 0.246161 improvement: -0.158678
    min: -0.3425  max: 0.6795 avg: 0.1014
explanation: 
no explanation

48: 1824  label: 1 pred: -0.167488 bl: 0.05995 POSS error_pred: 0.605398 error_bl: 0.446719 improvement: -0.158678
    min: -0.3115  max: 0.266 avg: -0.035014
explanation: 
no explanation

49: 2593  label: -1 pred: 0.0474287 bl: 0.132 POSS error_pred: 0.568341 error_bl: 0.410049 improvement: -0.158293
    min: -0.1995  max: 0.539 avg: 0.242974
explanation: 
no explanation

best entries: 
0: 1870  label: 1 pred: -0.0593153 bl: -0.12925 POSS error_pred: 0.410889 error_bl: 0.717543 improvement: 0.306654
1: 3988  label: -1 pred: -0.0951633 bl: 0.23985 POSS error_pred: 0.293895 error_bl: 0.581307 improvement: 0.287412
2: 2528  label: -1 pred: -0.0993195 bl: 0.21965 POSS error_pred: 0.286872 error_bl: 0.549973 improvement: 0.263101
3: 3351  label: 1 pred: -0.131772 bl: -0.2052 POSS error_pred: 0.532806 error_bl: 0.791531 improvement: 0.258725
4: 633  label: -1 pred: -0.183851 bl: 0.1215 POSS error_pred: 0.144246 error_bl: 0.397083 improvement: 0.252836
5: 3071  label: -1 pred: -0.0521495 bl: 0.26355 POSS error_pred: 0.373312 error_bl: 0.621286 improvement: 0.247974
6: 2900  label: -1 pred: 0.0566362 bl: 0.44045 POSS error_pred: 0.584549 error_bl: 0.82604 improvement: 0.241491
7: 1089  label: -1 pred: 0.0562177 bl: 0.43245 POSS error_pred: 0.583468 error_bl: 0.816856 improvement: 0.233387
8: 3931  label: -1 pred: -0.233257 bl: 0.066 POSS error_pred: 0.0967045 error_bl: 0.324149 improvement: 0.227445
9: 2789  label: 1 pred: -0.127585 bl: -0.1681 POSS error_pred: 0.528153 error_bl: 0.750582 improvement: 0.222429
10: 1168  label: -1 pred: -0.0715232 bl: 0.2241 POSS error_pred: 0.337115 error_bl: 0.555646 improvement: 0.218531
11: 3007  label: -1 pred: -0.112572 bl: 0.17785 POSS error_pred: 0.263641 error_bl: 0.480821 improvement: 0.21718
12: 2260  label: -1 pred: -0.159068 bl: 0.11405 POSS error_pred: 0.179903 error_bl: 0.387898 improvement: 0.207996
13: 2661  label: -1 pred: -0.175355 bl: 0.08465 POSS error_pred: 0.159914 error_bl: 0.351972 improvement: 0.192058
14: 419  label: -1 pred: -0.123732 bl: 0.14555 POSS error_pred: 0.23825 error_bl: 0.430038 improvement: 0.191788
15: 1002  label: 1 pred: -0.120789 bl: -0.12105 POSS error_pred: 0.516054 error_bl: 0.707306 improvement: 0.191252
16: 1734  label: -1 pred: 0.0194027 bl: 0.3198 POSS error_pred: 0.506213 error_bl: 0.694489 improvement: 0.188277
17: 1112  label: -1 pred: -0.165786 bl: 0.0858 POSS error_pred: 0.169098 error_bl: 0.353323 improvement: 0.184225
18: 555  label: 1 pred: 0.0236336 bl: 0.04555 POSS error_pred: 0.284784 error_bl: 0.467427 improvement: 0.182643
19: 3359  label: 1 pred: -0.141229 bl: -0.1514 POSS error_pred: 0.552815 error_bl: 0.734993 improvement: 0.182178
20: 718  label: -1 pred: -0.013763 bl: 0.26195 POSS error_pred: 0.435981 error_bl: 0.617234 improvement: 0.181253
21: 1184  label: -1 pred: -0.143372 bl: 0.11485 POSS error_pred: 0.207996 error_bl: 0.388979 improvement: 0.180983
22: 1630  label: -1 pred: -0.176384 bl: 0.07445 POSS error_pred: 0.156672 error_bl: 0.337115 improvement: 0.180443
23: 2151  label: -1 pred: -0.261574 bl: 0.0218 POSS error_pred: 0.0788763 error_bl: 0.257699 improvement: 0.178822
24: 3073  label: -1 pred: 0.144174 bl: 0.55265 POSS error_pred: 0.737979 error_bl: 0.914641 improvement: 0.176661
25: 3448  label: -1 pred: -0.0672628 bl: 0.2029 POSS error_pred: 0.34684 error_bl: 0.523501 improvement: 0.176661
26: 3637  label: 1 pred: -0.128087 bl: -0.11845 POSS error_pred: 0.529083 error_bl: 0.704048 improvement: 0.174965
27: 3049  label: 1 pred: 0.142564 bl: 0.16225 POSS error_pred: 0.142392 error_bl: 0.312238 improvement: 0.169846
28: 2010  label: -1 pred: -0.132911 bl: 0.1169 POSS error_pred: 0.220962 error_bl: 0.3906 improvement: 0.169638
29: 2231  label: 1 pred: 0.0176449 bl: 0.0507 POSS error_pred: 0.29409 error_bl: 0.462075 improvement: 0.167985
30: 3934  label: 1 pred: 0.0111016 bl: 0.04655 POSS error_pred: 0.304793 error_bl: 0.465798 improvement: 0.161005
31: 2779  label: 1 pred: -0.148774 bl: -0.1406 POSS error_pred: 0.565379 error_bl: 0.725919 improvement: 0.16054
32: 1993  label: -1 pred: 0.0594062 bl: 0.36795 POSS error_pred: 0.588331 error_bl: 0.748244 improvement: 0.159914
33: 3461  label: 1 pred: 0.0510429 bl: 0.0921 POSS error_pred: 0.246161 error_bl: 0.403443 improvement: 0.157282
34: 1192  label: 1 pred: 0.0438357 bl: 0.0832 POSS error_pred: 0.257329 error_bl: 0.413681 improvement: 0.156352
35: 2478  label: -1 pred: -0.159572 bl: 0.0713 POSS error_pred: 0.179363 error_bl: 0.334414 improvement: 0.155051
36: 1806  label: 1 pred: -0.192947 bl: -0.21935 POSS error_pred: 0.651 error_bl: 0.805956 improvement: 0.154956
37: 1338  label: -1 pred: 0.00244063 bl: 0.2642 POSS error_pred: 0.467315 error_bl: 0.621826 improvement: 0.154511
38: 761  label: -1 pred: 0.109999 bl: 0.4502 POSS error_pred: 0.681794 error_bl: 0.834684 improvement: 0.15289
39: 708  label: -1 pred: -0.125502 bl: 0.1153 POSS error_pred: 0.237169 error_bl: 0.388979 improvement: 0.15181
40: 2428  label: 1 pred: -0.0870132 bl: -0.0578 POSS error_pred: 0.456957 error_bl: 0.607492 improvement: 0.150535
41: 3892  label: 1 pred: -0.0973172 bl: -0.06785 POSS error_pred: 0.471847 error_bl: 0.621452 improvement: 0.149604
42: 1894  label: -1 pred: -0.174154 bl: 0.0542 POSS error_pred: 0.159914 error_bl: 0.306861 improvement: 0.146948
43: 1482  label: -1 pred: 0.0406589 bl: 0.32445 POSS error_pred: 0.553214 error_bl: 0.698541 improvement: 0.145327
44: 2972  label: 1 pred: -0.160164 bl: -0.15015 POSS error_pred: 0.587715 error_bl: 0.732899 improvement: 0.145184
45: 3430  label: 1 pred: -0.0892912 bl: -0.05485 POSS error_pred: 0.459749 error_bl: 0.604933 improvement: 0.145184
46: 404  label: 1 pred: 0.0311261 bl: 0.07915 AUTO error_pred: 0.274546 error_bl: 0.41973 improvement: 0.145184
47: 3802  label: -1 pred: -0.163163 bl: 0.06125 POSS error_pred: 0.17342 error_bl: 0.316856 improvement: 0.143436
48: 1918  label: 1 pred: -0.175707 bl: -0.1751 POSS error_pred: 0.617496 error_bl: 0.759888 improvement: 0.142392
49: 1710  label: -1 pred: 0.0683582 bl: 0.37225 POSS error_pred: 0.60886 error_bl: 0.750945 improvement: 0.142085

total is 0
score for UNKNOWN: 1.0000 baseline: 1.0000 diff: 0.0000
total is 936
score for AUTO: 0.0000 baseline: 0.0000 diff: 0.0000
total is 2576
score for POSS: 0.3876 baseline: 0.3794 diff: 0.0082
total is 488
score for IMP: 1.0000 baseline: 1.0000 diff: 0.0000
writing 20000 official test outputs

0%   10   20   30   40   50   60   70   80   90   100%
|----|----|----|----|----|----|----|----|----|----|
***************************************************
scores: [ 0.343169 ]
0.3432 +/-    nan
2518.07user 149.02system 15:26.90elapsed 287%CPU (0avgtext+0avgdata 0maxresident)k
0inputs+448outputs (0major+57076409minor)pagefaults 0swaps
