loading data...Twoway_Layer::random_fill(): limit = 0.141421 ni = 50 no = 50
Twoway_Layer::random_fill(): limit = 0.141421 ni = 50 no = 1
iter  ---- train ----  ---- test -----
         rmse     auc     rmse     auc
   0  0.52494 0.00000  0.45703 0.00000
   1  0.44557 0.00000  0.44821 0.00000
   2  0.44431 0.00000  0.44736 0.00000
   3  0.45074 0.00000  0.44702 0.00000
   4  0.44096 0.00000  0.44614 0.00000
   5  0.44332 0.00000  0.44592 0.00000
   6  0.45100 0.00000  0.44566 0.00000
   7  0.44350 0.00000  0.44534 0.00000
   8  0.43888 0.00000  0.44501 0.00000
   9  0.43785 0.00000  0.44501 0.00000
  10  0.43934 0.00000  0.44481 0.00000
  11  0.44151 0.00000  0.44461 0.00000
  12  0.44926 0.00000  0.44492 0.00000
  13  0.44310 0.00000  0.44450 0.00000
  14  0.45102 0.00000  0.44461 0.00000
  15  0.44380 0.00000  0.44446 0.00000
  16  0.44291 0.00000  0.44434 0.00000
  17  0.43910 0.00000  0.44421 0.00000
  18  0.43445 0.00000  0.44423 0.00000
  19  0.44334 0.00000  0.44420 0.00000
  20  0.43688 0.00000  0.44422 0.00000
  21  0.44362 0.00000  0.44430 0.00000
  22  0.44382 0.00000  0.44420 0.00000
  23  0.44627 0.00000  0.44448 0.00000
  24  0.44797 0.00000  0.44433 0.00000
  25  0.44354 0.00000  0.44443 0.00000
  26  0.44027 0.00000  0.44447 0.00000
  27  0.43740 0.00000  0.44449 0.00000
  28  0.44147 0.00000  0.44462 0.00000
  29  0.44741 0.00000  0.44472 0.00000
  30  0.44077 0.00000  0.44475 0.00000
  31  0.44707 0.00000  0.44486 0.00000
  32  0.45043 0.00000  0.44498 0.00000
  33  0.43922 0.00000  0.44485 0.00000
  34  0.43991 0.00000  0.44489 0.00000
  35  0.44216 0.00000  0.44517 0.00000
  36  0.44982 0.00000  0.44519 0.00000
  37  0.44347 0.00000  0.44501 0.00000
  38  0.43939 0.00000  0.44495 0.00000
  39  0.44452 0.00000  0.44537 0.00000
  40  0.44140 0.00000  0.44532 0.00000
  41  0.44390 0.00000  0.44533 0.00000
  42  0.44552 0.00000  0.44527 0.00000
  43  0.44402 0.00000  0.44551 0.00000
  44  0.44384 0.00000  0.44535 0.00000
  45  0.43962 0.00000  0.44556 0.00000
  46  0.43806 0.00000  0.44545 0.00000
  47  0.44210 0.00000  0.44558 0.00000
  48  0.43674 0.00000  0.44555 0.00000
  49  0.44645 0.00000  0.44585 0.00000
  50  0.44072 0.00000  0.44564 0.00000
  51  0.44457 0.00000  0.44574 0.00000
  52  0.44437 0.00000  0.44606 0.00000
  53  0.44030 0.00000  0.44609 0.00000
  54  0.44335 0.00000  0.44612 0.00000
  55  0.44172 0.00000  0.44608 0.00000
  56  0.44914 0.00000  0.44602 0.00000
  57  0.44436 0.00000  0.44605 0.00000
  58  0.44525 0.00000  0.44615 0.00000
  59  0.44766 0.00000  0.44606 0.00000
  60  0.44068 0.00000  0.44612 0.00000
  61  0.44703 0.00000  0.44623 0.00000
  62  0.44542 0.00000  0.44635 0.00000
  63  0.44554 0.00000  0.44656 0.00000
  64  0.44717 0.00000  0.44664 0.00000
  65  0.44314 0.00000  0.44663 0.00000
  66  0.44860 0.00000  0.44665 0.00000
  67  0.45093 0.00000  0.44671 0.00000
  68  0.44587 0.00000  0.44686 0.00000
  69  0.44318 0.00000  0.44704 0.00000
  70  0.44449 0.00000  0.44680 0.00000
  71  0.45274 0.00000  0.44681 0.00000
  72  0.44724 0.00000  0.44678 0.00000
  73  0.43853 0.00000  0.44673 0.00000
  74  0.44035 0.00000  0.44669 0.00000
  75  0.44471 0.00000  0.44656 0.00000
  76  0.44350 0.00000  0.44663 0.00000
  77  0.43925 0.00000  0.44649 0.00000
  78  0.44661 0.00000  0.44637 0.00000
  79  0.44386 0.00000  0.44652 0.00000
  80  0.44790 0.00000  0.44668 0.00000
  81  0.44125 0.00000  0.44666 0.00000
  82  0.45014 0.00000  0.44689 0.00000
  83  0.44839 0.00000  0.44713 0.00000
  84  0.44533 0.00000  0.44726 0.00000
  85  0.44283 0.00000  0.44716 0.00000
  86  0.44203 0.00000  0.44698 0.00000
  87  0.44124 0.00000  0.44712 0.00000
  88  0.44076 0.00000  0.44709 0.00000
  89  0.44268 0.00000  0.44676 0.00000
  90  0.44126 0.00000  0.44654 0.00000
  91  0.44453 0.00000  0.44672 0.00000
  92  0.44146 0.00000  0.44691 0.00000
  93  0.44176 0.00000  0.44669 0.00000
  94  0.44655 0.00000  0.44677 0.00000
  95  0.44795 0.00000  0.44717 0.00000
  96  0.44074 0.00000  0.44683 0.00000
  97  0.45305 0.00000  0.44677 0.00000
  98  0.44604 0.00000  0.44715 0.00000
  99  0.44427 0.00000  0.44697 0.00000
 100  0.44970 0.00000  0.44703 0.00000
 101  0.44530 0.00000  0.44717 0.00000
 102  0.44741 0.00000  0.44701 0.00000
 103  0.44188 0.00000  0.44663 0.00000
 104  0.44172 0.00000  0.44657 0.00000
 105  0.44268 0.00000  0.44659 0.00000
 106  0.44332 0.00000  0.44651 0.00000
 107  0.44158 0.00000  0.44678 0.00000
 108  0.44521 0.00000  0.44653 0.00000
 109  0.44816 0.00000  0.44680 0.00000
 110  0.44757 0.00000  0.44700 0.00000
 111  0.44034 0.00000  0.44700 0.00000
 112  0.44308 0.00000  0.44735 0.00000
 113  0.44512 0.00000  0.44724 0.00000
 114  0.44768 0.00000  0.44720 0.00000
 115  0.44002 0.00000  0.44698 0.00000
 116  0.44383 0.00000  0.44705 0.00000
 117  0.44300 0.00000  0.44701 0.00000
 118  0.43995 0.00000  0.44712 0.00000
 119  0.44223 0.00000  0.44693 0.00000
 120  0.44396 0.00000  0.44679 0.00000
 121  0.44104 0.00000  0.44667 0.00000
 122  0.45338 0.00000  0.44667 0.00000
 123  0.44698 0.00000  0.44670 0.00000
 124  0.44774 0.00000  0.44688 0.00000
 125  0.44810 0.00000  0.44697 0.00000
 126  0.44729 0.00000  0.44691 0.00000
 127  0.44967 0.00000  0.44688 0.00000
 128  0.45006 0.00000  0.44698 0.00000
 129  0.44022 0.00000  0.44651 0.00000
 130  0.44547 0.00000  0.44663 0.00000
 131  0.44392 0.00000  0.44662 0.00000
 132  0.44461 0.00000  0.44674 0.00000
 133  0.44735 0.00000  0.44662 0.00000
 134  0.44869 0.00000  0.44661 0.00000
 135  0.44961 0.00000  0.44695 0.00000
 136  0.44580 0.00000  0.44671 0.00000
 137  0.44744 0.00000  0.44668 0.00000
 138  0.44863 0.00000  0.44659 0.00000
 139  0.44460 0.00000  0.44638 0.00000
 140  0.44538 0.00000  0.44643 0.00000
 141  0.44586 0.00000  0.44638 0.00000
 142  0.44706 0.00000  0.44665 0.00000
 143  0.44123 0.00000  0.44655 0.00000
 144  0.44567 0.00000  0.44683 0.00000
 145  0.44400 0.00000  0.44685 0.00000
 146  0.45199 0.00000  0.44691 0.00000
 147  0.44860 0.00000  0.44684 0.00000
 148  0.44242 0.00000  0.44685 0.00000
 149  0.43901 0.00000  0.44676 0.00000
 150  0.44794 0.00000  0.44673 0.00000
 151  0.44193 0.00000  0.44645 0.00000
 152  0.45065 0.00000  0.44680 0.00000
 153  0.43839 0.00000  0.44667 0.00000
 154  0.44482 0.00000  0.44667 0.00000
 155  0.44481 0.00000  0.44635 0.00000
 156  0.45032 0.00000  0.44659 0.00000
 157  0.44098 0.00000  0.44643 0.00000
 158  0.45066 0.00000  0.44666 0.00000
 159  0.44088 0.00000  0.44647 0.00000
 160  0.44540 0.00000  0.44653 0.00000
 161  0.44162 0.00000  0.44669 0.00000
 162  0.44670 0.00000  0.44688 0.00000
 163  0.44842 0.00000  0.44684 0.00000
 164  0.44274 0.00000  0.44682 0.00000
 165  0.44463 0.00000  0.44677 0.00000
 166  0.44802 0.00000  0.44681 0.00000
 167  0.44831 0.00000  0.44674 0.00000
 168  0.44349 0.00000  0.44682 0.00000
 169  0.44395 0.00000  0.44672 0.00000
 170  0.44099 0.00000  0.44657 0.00000
 171  0.43923 0.00000  0.44652 0.00000
 172  0.44720 0.00000  0.44662 0.00000
 173  0.44081 0.00000  0.44629 0.00000
 174  0.44547 0.00000  0.44625 0.00000
 175  0.44236 0.00000  0.44639 0.00000
 176  0.45204 0.00000  0.44663 0.00000
 177  0.44540 0.00000  0.44641 0.00000
 178  0.44631 0.00000  0.44641 0.00000
 179  0.44390 0.00000  0.44659 0.00000
 180  0.44410 0.00000  0.44652 0.00000
 181  0.44477 0.00000  0.44686 0.00000
 182  0.44866 0.00000  0.44693 0.00000
 183  0.45096 0.00000  0.44693 0.00000
 184  0.44561 0.00000  0.44677 0.00000
 185  0.44411 0.00000  0.44672 0.00000
 186  0.44500 0.00000  0.44663 0.00000
 187  0.45011 0.00000  0.44685 0.00000
 188  0.45330 0.00000  0.44704 0.00000
 189  0.44688 0.00000  0.44681 0.00000
 190  0.44531 0.00000  0.44652 0.00000
 191  0.44534 0.00000  0.44642 0.00000
 192  0.44095 0.00000  0.44652 0.00000
 193  0.44630 0.00000  0.44666 0.00000
 194  0.44848 0.00000  0.44670 0.00000
 195  0.44873 0.00000  0.44689 0.00000
 196  0.44408 0.00000  0.44716 0.00000
 197  0.44361 0.00000  0.44693 0.00000
 198  0.44159 0.00000  0.44653 0.00000
 199  0.44557 0.00000  0.44645 0.00000
 200  0.45027 0.00000  0.44652 0.00000
 201  0.44762 0.00000  0.44656 0.00000
 202  0.45034 0.00000  0.44663 0.00000
 203  0.44070 0.00000  0.44660 0.00000
 204  0.44729 0.00000  0.44650 0.00000
 205  0.44620 0.00000  0.44656 0.00000
 206  0.44460 0.00000  0.44648 0.00000
 207  0.44833 0.00000  0.44674 0.00000
 208  0.44127 0.00000  0.44685 0.00000
 209  0.44506 0.00000  0.44664 0.00000
 210  0.44907 0.00000  0.44672 0.00000
 211  0.44827 0.00000  0.44662 0.00000
 212  0.44235 0.00000  0.44631 0.00000
 213  0.44901 0.00000  0.44634 0.00000
 214  0.44583 0.00000  0.44643 0.00000
 215  0.44376 0.00000  0.44634 0.00000
 216  0.44331 0.00000  0.44629 0.00000
 217  0.44922 0.00000  0.44652 0.00000
 218  0.44264 0.00000  0.44649 0.00000
 219  0.44554 0.00000  0.44615 0.00000
 220  0.44214 0.00000  0.44639 0.00000
 221  0.44556 0.00000  0.44641 0.00000
 222  0.44551 0.00000  0.44638 0.00000
 223  0.44548 0.00000  0.44644 0.00000
 224  0.44670 0.00000  0.44620 0.00000
 225  0.44931 0.00000  0.44622 0.00000
 226  0.44313 0.00000  0.44634 0.00000
 227  0.44492 0.00000  0.44628 0.00000
 228  0.44622 0.00000  0.44631 0.00000
 229  0.43781 0.00000  0.44629 0.00000
 230  0.44163 0.00000  0.44644 0.00000
 231  0.44588 0.00000  0.44639 0.00000
 232  0.44573 0.00000  0.44644 0.00000
 233  0.44871 0.00000  0.44655 0.00000
 234  0.44216 0.00000  0.44654 0.00000
 235  0.44492 0.00000  0.44653 0.00000
 236  0.44306 0.00000  0.44609 0.00000
 237  0.43976 0.00000  0.44595 0.00000
 238  0.44992 0.00000  0.44604 0.00000
 239  0.44395 0.00000  0.44622 0.00000
 240  0.44745 0.00000  0.44646 0.00000
 241  0.44665 0.00000  0.44658 0.00000
 242  0.44456 0.00000  0.44644 0.00000
 243  0.44912 0.00000  0.44638 0.00000
 244  0.44144 0.00000  0.44625 0.00000
 245  0.44398 0.00000  0.44631 0.00000
 246  0.44466 0.00000  0.44645 0.00000
 247  0.44877 0.00000  0.44637 0.00000
 248  0.44491 0.00000  0.44617 0.00000
 249  0.44841 0.00000  0.44640 0.00000
 250  0.44226 0.00000  0.44629 0.00000
 251  0.44956 0.00000  0.44668 0.00000
 252  0.44297 0.00000  0.44662 0.00000
 253  0.44289 0.00000  0.44668 0.00000
 254  0.44353 0.00000  0.44677 0.00000
 255  0.44847 0.00000  0.44644 0.00000
 256  0.44766 0.00000  0.44633 0.00000
 257  0.44707 0.00000  0.44635 0.00000
 258  0.44189 0.00000  0.44629 0.00000
 259  0.44753 0.00000  0.44648 0.00000
 260  0.44424 0.00000  0.44645 0.00000
 261  0.44374 0.00000  0.44637 0.00000
 262  0.44632 0.00000  0.44650 0.00000
 263  0.44127 0.00000  0.44653 0.00000
 264  0.43924 0.00000  0.44653 0.00000
 265  0.44548 0.00000  0.44646 0.00000
 266  0.44653 0.00000  0.44662 0.00000
 267  0.44800 0.00000  0.44669 0.00000
 268  0.44459 0.00000  0.44666 0.00000
 269  0.44484 0.00000  0.44664 0.00000
 270  0.43599 0.00000  0.44639 0.00000
 271  0.44904 0.00000  0.44655 0.00000
 272  0.44545 0.00000  0.44653 0.00000
 273  0.44363 0.00000  0.44659 0.00000
 274  0.44444 0.00000  0.44669 0.00000
 275  0.45063 0.00000  0.44676 0.00000
 276  0.44400 0.00000  0.44645 0.00000
 277  0.44414 0.00000  0.44634 0.00000
 278  0.44616 0.00000  0.44632 0.00000
 279  0.44743 0.00000  0.44641 0.00000
 280  0.44715 0.00000  0.44662 0.00000
 281  0.44329 0.00000  0.44691 0.00000
 282  0.45321 0.00000  0.44676 0.00000
 283  0.44696 0.00000  0.44662 0.00000
 284  0.44639 0.00000  0.44677 0.00000
 285  0.44018 0.00000  0.44678 0.00000
 286  0.44514 0.00000  0.44680 0.00000
 287  0.44861 0.00000  0.44664 0.00000
 288  0.44426 0.00000  0.44660 0.00000
 289  0.44777 0.00000  0.44650 0.00000
 290  0.44680 0.00000  0.44631 0.00000
 291  0.44370 0.00000  0.44605 0.00000
 292  0.43907 0.00000  0.44630 0.00000
 293  0.44696 0.00000  0.44624 0.00000
 294  0.44238 0.00000  0.44651 0.00000
 295  0.44465 0.00000  0.44651 0.00000
 296  0.44486 0.00000  0.44652 0.00000
 297  0.44465 0.00000  0.44654 0.00000
 298  0.45033 0.00000  0.44660 0.00000
 299  0.44679 0.00000  0.44635 0.00000
 300  0.45001 0.00000  0.44631 0.00000
 301  0.44058 0.00000  0.44613 0.00000
 302  0.44851 0.00000  0.44624 0.00000
 303  0.44632 0.00000  0.44638 0.00000
 304  0.44177 0.00000  0.44651 0.00000
 305  0.44869 0.00000  0.44642 0.00000
 306  0.44786 0.00000  0.44635 0.00000
 307  0.44430 0.00000  0.44629 0.00000
 308  0.44734 0.00000  0.44654 0.00000
 309  0.44646 0.00000  0.44658 0.00000
 310  0.45088 0.00000  0.44665 0.00000
 311  0.44157 0.00000  0.44631 0.00000
 312  0.44807 0.00000  0.44646 0.00000
 313  0.44853 0.00000  0.44665 0.00000
 314  0.44652 0.00000  0.44651 0.00000
 315  0.44559 0.00000  0.44641 0.00000
 316  0.44537 0.00000  0.44671 0.00000
 317  0.44711 0.00000  0.44671 0.00000
 318  0.44661 0.00000  0.44648 0.00000
 319  0.45307 0.00000  0.44645 0.00000
 320  0.44436 0.00000  0.44649 0.00000
 321  0.44917 0.00000  0.44681 0.00000
 322  0.45056 0.00000  0.44708 0.00000
 323  0.45140 0.00000  0.44699 0.00000
 324  0.43864 0.00000  0.44673 0.00000
 325  0.45099 0.00000  0.44657 0.00000
 326  0.44409 0.00000  0.44643 0.00000
 327  0.44605 0.00000  0.44626 0.00000
 328  0.44637 0.00000  0.44627 0.00000
 329  0.44053 0.00000  0.44638 0.00000
 330  0.44798 0.00000  0.44644 0.00000
 331  0.44673 0.00000  0.44625 0.00000
 332  0.44638 0.00000  0.44660 0.00000
 333  0.44689 0.00000  0.44658 0.00000
 334  0.44171 0.00000  0.44633 0.00000
 335  0.44831 0.00000  0.44660 0.00000
 336  0.44641 0.00000  0.44673 0.00000
 337  0.44431 0.00000  0.44687 0.00000
 338  0.44558 0.00000  0.44674 0.00000
 339  0.44670 0.00000  0.44656 0.00000
 340  0.44207 0.00000  0.44634 0.00000
 341  0.44327 0.00000  0.44626 0.00000
 342  0.44400 0.00000  0.44609 0.00000
 343  0.44526 0.00000  0.44607 0.00000
 344  0.44036 0.00000  0.44622 0.00000
 345  0.44613 0.00000  0.44620 0.00000
 346  0.44391 0.00000  0.44616 0.00000
 347  0.44792 0.00000  0.44627 0.00000
 348  0.45065 0.00000  0.44651 0.00000
 349  0.45045 0.00000  0.44646 0.00000
 350  0.45045 0.00000  0.44639 0.00000
 351  0.45006 0.00000  0.44636 0.00000
 352  0.44737 0.00000  0.44628 0.00000
 353  0.44802 0.00000  0.44662 0.00000
 354  0.44084 0.00000  0.44630 0.00000
 355  0.44071 0.00000  0.44630 0.00000
 356  0.44463 0.00000  0.44630 0.00000
 357  0.44853 0.00000  0.44629 0.00000
 358  0.44104 0.00000  0.44636 0.00000
 359  0.44411 0.00000  0.44646 0.00000
 360  0.44754 0.00000  0.44661 0.00000
 361  0.44772 0.00000  0.44653 0.00000
 362  0.44273 0.00000  0.44650 0.00000
 363  0.44476 0.00000  0.44647 0.00000
 364  0.44171 0.00000  0.44629 0.00000
 365  0.44216 0.00000  0.44632 0.00000
 366  0.43811 0.00000  0.44631 0.00000
 367  0.44599 0.00000  0.44621 0.00000
 368  0.44688 0.00000  0.44622 0.00000
 369  0.44405 0.00000  0.44647 0.00000
 370  0.44636 0.00000  0.44656 0.00000
 371  0.44611 0.00000  0.44633 0.00000
 372  0.44173 0.00000  0.44637 0.00000
 373  0.44624 0.00000  0.44623 0.00000
 374  0.45164 0.00000  0.44661 0.00000
 375  0.44763 0.00000  0.44662 0.00000
 376  0.44411 0.00000  0.44631 0.00000
 377  0.44496 0.00000  0.44614 0.00000
 378  0.44319 0.00000  0.44620 0.00000
 379  0.44715 0.00000  0.44640 0.00000
 380  0.43495 0.00000  0.44597 0.00000
 381  0.44748 0.00000  0.44624 0.00000
 382  0.44831 0.00000  0.44638 0.00000
 383  0.45196 0.00000  0.44655 0.00000
 384  0.44745 0.00000  0.44657 0.00000
 385  0.45147 0.00000  0.44678 0.00000
 386  0.44602 0.00000  0.44666 0.00000
 387  0.44826 0.00000  0.44678 0.00000
 388  0.44321 0.00000  0.44666 0.00000
 389  0.44428 0.00000  0.44648 0.00000
 390  0.44748 0.00000  0.44661 0.00000
 391  0.44239 0.00000  0.44674 0.00000
 392  0.44270 0.00000  0.44664 0.00000
 393  0.44375 0.00000  0.44643 0.00000
 394  0.43868 0.00000  0.44626 0.00000
 395  0.45039 0.00000  0.44632 0.00000
 396  0.44071 0.00000  0.44649 0.00000
 397  0.44338 0.00000  0.44658 0.00000
 398  0.44525 0.00000  0.44661 0.00000
 399  0.44009 0.00000  0.44607 0.00000
 400  0.44614 0.00000  0.44624 0.00000
 401  0.44407 0.00000  0.44641 0.00000
 402  0.44683 0.00000  0.44645 0.00000
 403  0.44244 0.00000  0.44654 0.00000
 404  0.44508 0.00000  0.44686 0.00000
 405  0.45119 0.00000  0.44675 0.00000
 406  0.45285 0.00000  0.44695 0.00000
 407  0.44126 0.00000  0.44683 0.00000
 408  0.44809 0.00000  0.44704 0.00000
 409  0.44963 0.00000  0.44694 0.00000
 410  0.44371 0.00000  0.44677 0.00000
 411  0.44338 0.00000  0.44658 0.00000
 412  0.44927 0.00000  0.44681 0.00000
 413  0.45153 0.00000  0.44664 0.00000
 414  0.44190 0.00000  0.44658 0.00000
 415  0.44830 0.00000  0.44659 0.00000
 416  0.44339 0.00000  0.44663 0.00000
 417  0.44121 0.00000  0.44629 0.00000
 418  0.44568 0.00000  0.44655 0.00000
 419  0.44197 0.00000  0.44637 0.00000
 420  0.44604 0.00000  0.44663 0.00000
 421  0.44825 0.00000  0.44658 0.00000
 422  0.44554 0.00000  0.44645 0.00000
 423  0.44672 0.00000  0.44648 0.00000
 424  0.44493 0.00000  0.44632 0.00000
 425  0.44617 0.00000  0.44618 0.00000
 426  0.44659 0.00000  0.44639 0.00000
 427  0.44688 0.00000  0.44612 0.00000
 428  0.44499 0.00000  0.44620 0.00000
 429  0.45308 0.00000  0.44622 0.00000
 430  0.44662 0.00000  0.44659 0.00000
 431  0.44023 0.00000  0.44643 0.00000
 432  0.43720 0.00000  0.44653 0.00000
 433  0.44220 0.00000  0.44648 0.00000
 434  0.44259 0.00000  0.44632 0.00000
 435  0.45056 0.00000  0.44646 0.00000
 436  0.44546 0.00000  0.44631 0.00000
 437  0.44322 0.00000  0.44633 0.00000
 438  0.44816 0.00000  0.44643 0.00000
 439  0.43824 0.00000  0.44623 0.00000
 440  0.43766 0.00000  0.44622 0.00000
 441  0.44090 0.00000  0.44619 0.00000
 442  0.44687 0.00000  0.44617 0.00000
 443  0.45256 0.00000  0.44641 0.00000
 444  0.44798 0.00000  0.44671 0.00000
 445  0.44474 0.00000  0.44644 0.00000
 446  0.44299 0.00000  0.44639 0.00000
 447  0.44655 0.00000  0.44637 0.00000
 448  0.44241 0.00000  0.44654 0.00000
 449  0.45017 0.00000  0.44669 0.00000
 450  0.44237 0.00000  0.44648 0.00000
 451  0.44349 0.00000  0.44656 0.00000
 452  0.44485 0.00000  0.44661 0.00000
 453  0.44832 0.00000  0.44639 0.00000
 454  0.44867 0.00000  0.44646 0.00000
 455  0.44604 0.00000  0.44657 0.00000
 456  0.44055 0.00000  0.44650 0.00000
 457  0.44291 0.00000  0.44675 0.00000
 458  0.44710 0.00000  0.44663 0.00000
 459  0.44999 0.00000  0.44659 0.00000
 460  0.44432 0.00000  0.44663 0.00000
 461  0.45179 0.00000  0.44660 0.00000
 462  0.44549 0.00000  0.44642 0.00000
 463  0.43619 0.00000  0.44645 0.00000
 464  0.43938 0.00000  0.44638 0.00000
 465  0.44354 0.00000  0.44632 0.00000
 466  0.44218 0.00000  0.44632 0.00000
 467  0.44164 0.00000  0.44629 0.00000
 468  0.44873 0.00000  0.44639 0.00000
 469  0.44096 0.00000  0.44645 0.00000
 470  0.44425 0.00000  0.44642 0.00000
 471  0.44386 0.00000  0.44629 0.00000
 472  0.44635 0.00000  0.44616 0.00000
 473  0.44710 0.00000  0.44597 0.00000
 474  0.44809 0.00000  0.44605 0.00000
 475  0.44085 0.00000  0.44602 0.00000
 476  0.43959 0.00000  0.44576 0.00000
 477  0.45291 0.00000  0.44589 0.00000
 478  0.45258 0.00000  0.44599 0.00000
 479  0.44032 0.00000  0.44628 0.00000
 480  0.44378 0.00000  0.44638 0.00000
 481  0.44194 0.00000  0.44629 0.00000
 482  0.44539 0.00000  0.44600 0.00000
 483  0.45058 0.00000  0.44604 0.00000
 484  0.44980 0.00000  0.44634 0.00000
 485  0.44422 0.00000  0.44638 0.00000
 486  0.44365 0.00000  0.44642 0.00000
 487  0.44497 0.00000  0.44648 0.00000
 488  0.44600 0.00000  0.44666 0.00000
 489  0.44153 0.00000  0.44664 0.00000
 490  0.44473 0.00000  0.44663 0.00000
 491  0.44750 0.00000  0.44660 0.00000
 492  0.44458 0.00000  0.44643 0.00000
 493  0.45432 0.00000  0.44657 0.00000
 494  0.45005 0.00000  0.44671 0.00000
 495  0.44649 0.00000  0.44664 0.00000
 496  0.44101 0.00000  0.44645 0.00000
 497  0.44811 0.00000  0.44640 0.00000
 498  0.44286 0.00000  0.44638 0.00000
 499  0.44003 0.00000  0.44631 0.00000
chose model 84 M_rmse_85
chose model 36 M_rmse_37
chose model 17 M_rmse_18
chose model 172 M_rmse_173
chose model 180 M_rmse_181
chose model 196 M_rmse_197
chose model 213 M_rmse_214
chose model 5 M_rmse_6
chose model 211 M_rmse_212
chose model 121 M_rmse_122
processing 4000 predictions...

0%   10   20   30   40   50   60   70   80   90   100%
|----|----|----|----|----|----|----|----|----|----|
***************************************************
 done.
elapsed: [2670.28s cpu, 2438419.1749 mticks, 912.33s wall]
score: 0.4409  baseline: 0.4307  diff: 0.01014
category UNKNOWN: count 0 avg error 0 baseline avg error 0 avg improvement 0
category AUTO: count 1704 avg error 0.0289157 baseline avg error 0.0241654 avg improvement -0.00475029
category POSS: count 2029 avg error 0.217127 baseline avg error 0.201632 avg improvement -0.0154946
category IMP: count 267 avg error 1.07754 baseline avg error 1.09319 avg improvement 0.015644
overall: count 4000 avg error 0.194382 baseline avg error 0.185543 avg improvement -0.00883902
worst entries: 
0: 3452  label: -1 pred: -0.01163 bl: -0.4294 POSS error_pred: 0.976875 error_bl: 0.325584 improvement: -0.651291
    min: -0.969  max: 0.9725 avg: 0.002836
explanation: 
no explanation

1: 2721  label: -1 pred: -0.24919 bl: -0.7675 POSS error_pred: 0.563716 error_bl: 0.0540562 improvement: -0.50966
    min: -1  max: 0.448 avg: -0.295502
explanation: 
no explanation

2: 1422  label: -1 pred: 0.361395 bl: 0.1814 IMP error_pred: 1.8534 error_bl: 1.39571 improvement: -0.45769
    min: -0.287  max: 0.801 avg: 0.374506
explanation: 
no explanation

3: 343  label: -1 pred: 0.51453 bl: 0.3604 IMP error_pred: 2.2938 error_bl: 1.85069 improvement: -0.443112
    min: -0.1085  max: 0.9345 avg: 0.54374
explanation: 
no explanation

4: 3954  label: -1 pred: -0.321673 bl: -0.80525 POSS error_pred: 0.460127 error_bl: 0.0379276 improvement: -0.4222
    min: -1  max: 0.5665 avg: -0.398432
explanation: 
no explanation

5: 1082  label: -1 pred: -0.104162 bl: -0.3378 POSS error_pred: 0.802526 error_bl: 0.438509 improvement: -0.364017
    min: -0.733  max: 0.6165 avg: -0.117812
explanation: 
no explanation

6: 698  label: -1 pred: 0.0658626 bl: -0.109 IMP error_pred: 1.13606 error_bl: 0.793881 improvement: -0.342182
    min: -0.3245  max: 0.405 avg: 0.062996
explanation: 
no explanation

7: 296  label: -1 pred: -0.408544 bl: -0.91215 POSS error_pred: 0.34982 error_bl: 0.00771762 improvement: -0.342102
    min: -1  max: 0.262 avg: -0.557846
explanation: 
no explanation

8: 2946  label: -1 pred: 0.310176 bl: 0.17975 IMP error_pred: 1.71656 error_bl: 1.39181 improvement: -0.324752
    min: -0.2075  max: 0.597 avg: 0.306006
explanation: 
no explanation

9: 2775  label: -1 pred: -0.12384 bl: -0.3298 POSS error_pred: 0.767656 error_bl: 0.449168 improvement: -0.318488
    min: -0.5345  max: 0.305 avg: -0.142844
explanation: 
no explanation

10: 708  label: -1 pred: -0.31301 bl: -0.60145 POSS error_pred: 0.471955 error_bl: 0.158842 improvement: -0.313113
    min: -0.9635  max: 0.25 avg: -0.399102
explanation: 
no explanation

11: 2059  label: -1 pred: 0.124863 bl: -0.02305 IMP error_pred: 1.26532 error_bl: 0.954431 improvement: -0.310886
    min: -0.2215  max: 0.556 avg: 0.123206
explanation: 
no explanation

12: 2094  label: -1 pred: -0.0938257 bl: -0.2843 POSS error_pred: 0.821152 error_bl: 0.512227 improvement: -0.308925
    min: -0.52  max: 0.6525 avg: -0.107592
explanation: 
no explanation

13: 3984  label: -1 pred: -0.290032 bl: -0.55785 POSS error_pred: 0.504055 error_bl: 0.195497 improvement: -0.308558
    min: -0.7815  max: 0.2065 avg: -0.36679
explanation: 
no explanation

14: 1302  label: -1 pred: -0.228671 bl: -0.45605 POSS error_pred: 0.594948 error_bl: 0.295882 improvement: -0.299066
    min: -0.9335  max: 0.356 avg: -0.279102
explanation: 
no explanation

15: 3285  label: 1 pred: 0.245614 bl: 0.47735 POSS error_pred: 0.569098 error_bl: 0.273163 improvement: -0.295935
    min: -0.419  max: 0.923 avg: 0.227106
explanation: 
no explanation

16: 3386  label: -1 pred: -0.139782 bl: -0.3283 POSS error_pred: 0.739975 error_bl: 0.451181 improvement: -0.288794
    min: -0.8155  max: 0.602 avg: -0.156918
explanation: 
no explanation

17: 2007  label: -1 pred: 0.0155413 bl: -0.1352 IMP error_pred: 1.03132 error_bl: 0.747879 improvement: -0.283445
    min: -0.426  max: 0.655 avg: 0.003764
explanation: 
no explanation

18: 1832  label: -1 pred: -0.299263 bl: -0.54165 POSS error_pred: 0.491033 error_bl: 0.210085 improvement: -0.280948
    min: -0.7965  max: 0.1745 avg: -0.38062
explanation: 
no explanation

19: 3008  label: -1 pred: -0.154008 bl: -0.3371 POSS error_pred: 0.715702 error_bl: 0.439436 improvement: -0.276266
    min: -0.7235  max: 0.3375 avg: -0.185452
explanation: 
no explanation

20: 54  label: -0.5 pred: 0.0911456 bl: -0.22875 POSS error_pred: 0.349453 error_bl: 0.0735766 improvement: -0.275877
    min: -0.9635  max: 0.6955 avg: 0.096754
explanation: 
no explanation

21: 1551  label: -1 pred: -0.386322 bl: -0.66875 POSS error_pred: 0.376601 error_bl: 0.109727 improvement: -0.266874
    min: -0.8425  max: -0.1355 avg: -0.528314
explanation: 
no explanation

22: 3662  label: -1 pred: -0.449095 bl: -0.7552 POSS error_pred: 0.303496 error_bl: 0.059927 improvement: -0.243569
    min: -0.876  max: -0.266 avg: -0.647784
explanation: 
no explanation

23: 2834  label: -1 pred: -0.224133 bl: -0.40125 POSS error_pred: 0.60197 error_bl: 0.358502 improvement: -0.243469
    min: -0.5965  max: -0.0395 avg: -0.278314
explanation: 
no explanation

24: 3664  label: -1 pred: -0.420342 bl: -0.6888 POSS error_pred: 0.336003 error_bl: 0.0968454 improvement: -0.239158
    min: -0.9515  max: -0.203 avg: -0.590266
explanation: 
no explanation

25: 2480  label: -1 pred: -0.201369 bl: -0.36765 POSS error_pred: 0.637812 error_bl: 0.399866 improvement: -0.237946
    min: -0.5875  max: 0.346 avg: -0.243658
explanation: 
no explanation

26: 3473  label: -1 pred: -0.476089 bl: -0.80625 POSS error_pred: 0.274483 error_bl: 0.037539 improvement: -0.236944
    min: -0.9835  max: -0.2415 avg: -0.710686
explanation: 
no explanation

27: 29  label: 1 pred: 0.391612 bl: 0.63455 POSS error_pred: 0.370136 error_bl: 0.133554 improvement: -0.236583
    min: -0.24  max: 0.721 avg: 0.376438
explanation: 
no explanation

28: 2273  label: -1 pred: -0.45105 bl: -0.7453 POSS error_pred: 0.301346 error_bl: 0.0648721 improvement: -0.236474
    min: -1  max: -0.313 avg: -0.65448
explanation: 
no explanation

29: 3177  label: -1 pred: -0.328222 bl: -0.53255 POSS error_pred: 0.451286 error_bl: 0.218509 improvement: -0.232776
    min: -0.6665  max: 0.1505 avg: -0.428286
explanation: 
no explanation

30: 15  label: -1 pred: 0.0461068 bl: -0.071 IMP error_pred: 1.09434 error_bl: 0.863041 improvement: -0.231298
    min: -0.476  max: 0.827 avg: 0.04542
explanation: 
no explanation

31: 609  label: -0.5 pred: 0.261883 bl: 0.0921 POSS error_pred: 0.580466 error_bl: 0.350582 improvement: -0.229884
    min: -0.1125  max: 0.692 avg: 0.260642
explanation: 
no explanation

32: 2824  label: -1 pred: -0.428258 bl: -0.68795 POSS error_pred: 0.326889 error_bl: 0.0973752 improvement: -0.229514
    min: -0.803  max: -0.2455 avg: -0.61239
explanation: 
no explanation

33: 2947  label: -1 pred: -0.442624 bl: -0.7112 POSS error_pred: 0.310668 error_bl: 0.0834054 improvement: -0.227262
    min: -0.8255  max: -0.3795 avg: -0.639376
explanation: 
no explanation

34: 1304  label: -1 pred: -0.416966 bl: -0.66165 POSS error_pred: 0.339928 error_bl: 0.114481 improvement: -0.225447
    min: -1  max: -0.095 avg: -0.588192
explanation: 
no explanation

35: 3102  label: -1 pred: -0.153109 bl: -0.298 IMP error_pred: 0.717224 error_bl: 0.492804 improvement: -0.22442
    min: -0.4015  max: 0.1045 avg: -0.18891
explanation: 
no explanation

36: 1736  label: 1 pred: 0.248222 bl: 0.4156 POSS error_pred: 0.56517 error_bl: 0.341523 improvement: -0.223647
    min: -0.289  max: 0.9105 avg: 0.23818
explanation: 
no explanation

37: 368  label: -1 pred: -0.496973 bl: -0.82455 POSS error_pred: 0.253036 error_bl: 0.0307827 improvement: -0.222253
    min: -1  max: 0.802 avg: -0.756954
explanation: 
no explanation

38: 2521  label: -1 pred: -0.206573 bl: -0.36065 POSS error_pred: 0.629527 error_bl: 0.408768 improvement: -0.220759
    min: -0.709  max: 0.0995 avg: -0.253524
explanation: 
no explanation

39: 722  label: -1 pred: -0.530851 bl: -0.9859 POSS error_pred: 0.220101 error_bl: 0.000198809 improvement: -0.219902
    min: -1  max: -0.419 avg: -0.848224
explanation: 
no explanation

40: 1692  label: -1 pred: -0.216151 bl: -0.3707 IMP error_pred: 0.61442 error_bl: 0.396018 improvement: -0.218402
    min: -0.439  max: -0.0105 avg: -0.267334
explanation: 
no explanation

41: 2449  label: -1 pred: -0.274553 bl: -0.4443 POSS error_pred: 0.526273 error_bl: 0.308802 improvement: -0.217471
    min: -0.607  max: 0.3555 avg: -0.34547
explanation: 
no explanation

42: 3613  label: -1 pred: -0.256897 bl: -0.42095 POSS error_pred: 0.552203 error_bl: 0.335299 improvement: -0.216904
    min: -0.6035  max: -0.026 avg: -0.321852
explanation: 
no explanation

43: 760  label: -1 pred: 0.189713 bl: 0.0953 IMP error_pred: 1.41542 error_bl: 1.19968 improvement: -0.215734
    min: -0.3725  max: 0.659 avg: 0.186988
explanation: 
no explanation

44: 2778  label: -1 pred: -0.451116 bl: -0.70665 POSS error_pred: 0.301273 error_bl: 0.0860542 improvement: -0.215219
    min: -0.9825  max: -0.1055 avg: -0.661854
explanation: 
no explanation

45: 3097  label: -1 pred: 0.214001 bl: 0.12195 IMP error_pred: 1.4738 error_bl: 1.25877 improvement: -0.215027
    min: 0.0235  max: 0.4615 avg: 0.206768
explanation: 
no explanation

46: 1023  label: 1 pred: 0.303657 bl: 0.48015 POSS error_pred: 0.484894 error_bl: 0.270244 improvement: -0.21465
    min: -0.3605  max: 0.893 avg: 0.297092
explanation: 
no explanation

47: 2255  label: -1 pred: -0.340025 bl: -0.52625 POSS error_pred: 0.435568 error_bl: 0.224439 improvement: -0.211129
    min: -1  max: -0.013 avg: -0.448812
explanation: 
no explanation

48: 3337  label: -1 pred: -0.221121 bl: -0.3699 POSS error_pred: 0.606653 error_bl: 0.397026 improvement: -0.209627
    min: -0.8675  max: 0.3395 avg: -0.27508
explanation: 
no explanation

49: 2974  label: -1 pred: -0.409506 bl: -0.627 POSS error_pred: 0.348683 error_bl: 0.139129 improvement: -0.209555
    min: -0.8085  max: -0.166 avg: -0.571826
explanation: 
no explanation

best entries: 
0: 1085  label: -1 pred: 0.511801 bl: 0.71065 IMP error_pred: 2.28554 error_bl: 2.92632 improvement: 0.640781
1: 547  label: 0.5 pred: -0.316772 bl: -0.5661 IMP error_pred: 0.667116 error_bl: 1.13657 improvement: 0.469453
2: 3309  label: -0.5 pred: 0.46345 bl: 0.68025 IMP error_pred: 0.928236 error_bl: 1.39299 improvement: 0.464754
3: 1371  label: -0.5 pred: 0.676608 bl: 0.85075 IMP error_pred: 1.38441 error_bl: 1.82453 improvement: 0.44012
4: 2813  label: 0.5 pred: -0.179883 bl: -0.43855 POSS error_pred: 0.46224 error_bl: 0.880876 improvement: 0.418636
5: 2453  label: 0 pred: -0.479516 bl: -0.80035 POSS error_pred: 0.229936 error_bl: 0.64056 improvement: 0.410625
6: 277  label: -1 pred: 0.309349 bl: 0.45 IMP error_pred: 1.71439 error_bl: 2.1025 improvement: 0.388106
7: 378  label: 0 pred: 0.762619 bl: 0.97035 IMP error_pred: 0.581587 error_bl: 0.941579 improvement: 0.359992
8: 487  label: -0.5 pred: 0.717108 bl: 0.8563 IMP error_pred: 1.48135 error_bl: 1.83955 improvement: 0.358198
9: 993  label: 0 pred: 0.764144 bl: 0.96515 IMP error_pred: 0.583916 error_bl: 0.931515 improvement: 0.347599
10: 2651  label: -0.5 pred: 0.618527 bl: 0.75845 POSS error_pred: 1.2511 error_bl: 1.5837 improvement: 0.332595
11: 2700  label: 0.5 pred: -0.345885 bl: -0.5154 POSS error_pred: 0.715521 error_bl: 1.03104 improvement: 0.315516
12: 456  label: 1 pred: 0.23555 bl: 0.06075 POSS error_pred: 0.584383 error_bl: 0.882191 improvement: 0.297807
13: 477  label: 1 pred: 0.145604 bl: -0.01375 IMP error_pred: 0.729993 error_bl: 1.02769 improvement: 0.297696
14: 1852  label: -1 pred: 0.307648 bl: 0.4154 IMP error_pred: 1.70994 error_bl: 2.00336 improvement: 0.293413
15: 3968  label: -1 pred: 0.618524 bl: 0.7066 IMP error_pred: 2.61962 error_bl: 2.91248 improvement: 0.292864
16: 2215  label: 1 pred: -0.162358 bl: -0.28135 IMP error_pred: 1.35108 error_bl: 1.64186 improvement: 0.290781
17: 1541  label: 0 pred: 0.701639 bl: 0.87825 POSS error_pred: 0.492297 error_bl: 0.771323 improvement: 0.279026
18: 1570  label: 1 pred: -0.0998244 bl: -0.21975 IMP error_pred: 1.20961 error_bl: 1.48779 improvement: 0.278176
19: 3590  label: 1 pred: 0.0434924 bl: -0.0918 IMP error_pred: 0.914907 error_bl: 1.19203 improvement: 0.27712
20: 819  label: 1 pred: 0.213523 bl: 0.0563 POSS error_pred: 0.618547 error_bl: 0.89057 improvement: 0.272023
21: 1391  label: -1 pred: 0.516519 bl: 0.60215 IMP error_pred: 2.29983 error_bl: 2.56688 improvement: 0.267054
22: 1639  label: 1 pred: 0.138669 bl: -0.0042 IMP error_pred: 0.741891 error_bl: 1.00842 improvement: 0.266526
23: 3035  label: 1 pred: 0.100182 bl: -0.03695 POSS error_pred: 0.809673 error_bl: 1.07527 improvement: 0.265592
24: 2738  label: 1 pred: -0.330248 bl: -0.4264 IMP error_pred: 1.76956 error_bl: 2.03462 improvement: 0.265056
25: 3011  label: 0 pred: 0.727951 bl: 0.8898 IMP error_pred: 0.529912 error_bl: 0.791744 improvement: 0.261832
26: 2198  label: 0 pred: 0.739906 bl: 0.897 POSS error_pred: 0.547461 error_bl: 0.804609 improvement: 0.257148
27: 3516  label: -0.5 pred: 0.178626 bl: 0.34635 POSS error_pred: 0.460533 error_bl: 0.716308 improvement: 0.255776
28: 3129  label: 0 pred: 0.655774 bl: 0.82775 POSS error_pred: 0.430039 error_bl: 0.68517 improvement: 0.255131
29: 3644  label: -1 pred: 0.201141 bl: 0.30295 IMP error_pred: 1.44274 error_bl: 1.69768 improvement: 0.254939
30: 1373  label: 0 pred: 0.704691 bl: 0.86435 POSS error_pred: 0.49659 error_bl: 0.747101 improvement: 0.250511
31: 242  label: -0.5 pred: 0.485844 bl: 0.60415 IMP error_pred: 0.971888 error_bl: 1.21915 improvement: 0.247259
32: 2245  label: 0 pred: -0.411508 bl: -0.63415 POSS error_pred: 0.169339 error_bl: 0.402146 improvement: 0.232808
33: 3489  label: 0 pred: 0.668781 bl: 0.82145 POSS error_pred: 0.447268 error_bl: 0.67478 improvement: 0.227512
34: 775  label: 0 pred: 0.75 bl: 0.8884 IMP error_pred: 0.562501 error_bl: 0.789255 improvement: 0.226754
35: 420  label: 0.5 pred: -0.349827 bl: -0.4724 IMP error_pred: 0.722206 error_bl: 0.945562 improvement: 0.223355
36: 1709  label: -0.5 pred: 0.661394 bl: 0.753 IMP error_pred: 1.34884 error_bl: 1.57001 improvement: 0.221173
37: 2948  label: 0.5 pred: -0.254399 bl: -0.38615 POSS error_pred: 0.569118 error_bl: 0.785262 improvement: 0.216143
38: 2555  label: 1 pred: 0.32531 bl: 0.18145 POSS error_pred: 0.455206 error_bl: 0.670024 improvement: 0.214818
39: 794  label: -1 pred: 0.717661 bl: 0.779 IMP error_pred: 2.95036 error_bl: 3.16484 improvement: 0.214482
40: 190  label: -1 pred: 0.328167 bl: 0.40615 IMP error_pred: 1.76403 error_bl: 1.97726 improvement: 0.21323
41: 3250  label: 1 pred: 0.308735 bl: 0.16875 POSS error_pred: 0.477847 error_bl: 0.690977 improvement: 0.213129
42: 221  label: 1 pred: -0.149551 bl: -0.2361 IMP error_pred: 1.32147 error_bl: 1.52794 improvement: 0.206476
43: 2328  label: 0 pred: 0.611943 bl: 0.7606 POSS error_pred: 0.374474 error_bl: 0.578512 improvement: 0.204038
44: 3817  label: -1 pred: 0.394185 bl: 0.46485 IMP error_pred: 1.94375 error_bl: 2.14579 improvement: 0.202034
45: 2780  label: 0 pred: -0.394996 bl: -0.5983 POSS error_pred: 0.156022 error_bl: 0.357963 improvement: 0.201941
46: 1701  label: -0.5 pred: 0.405722 bl: 0.511 IMP error_pred: 0.820332 error_bl: 1.02212 improvement: 0.201789
47: 3005  label: -0.5 pred: 0.587026 bl: 0.67575 IMP error_pred: 1.18163 error_bl: 1.38239 improvement: 0.200762
48: 663  label: 0.5 pred: 0.622539 bl: 0.9628 POSS error_pred: 0.0150159 error_bl: 0.214184 improvement: 0.199168
49: 2122  label: 0 pred: -0.312553 bl: -0.5439 POSS error_pred: 0.0976897 error_bl: 0.295827 improvement: 0.198138

total is 0
score for UNKNOWN: nan baseline: nan diff:    nan
total is 1704
score for AUTO: 0.1700 baseline: 0.1555 diff: 0.0146
total is 2029
score for POSS: 0.4660 baseline: 0.4490 diff: 0.0169
total is 267
score for IMP: 1.0380 baseline: 1.0456 diff: -0.0075
writing 20000 official test outputs

0%   10   20   30   40   50   60   70   80   90   100%
|----|----|----|----|----|----|----|----|----|----|
***************************************************
scores: [ 0.440887 ]
0.4409 +/-    nan
2532.55user 142.01system 15:14.74elapsed 292%CPU (0avgtext+0avgdata 0maxresident)k
0inputs+448outputs (0major+54340548minor)pagefaults 0swaps
