loading data...Twoway_Layer::random_fill(): limit = 0.141421 ni = 50 no = 50
Twoway_Layer::random_fill(): limit = 0.141421 ni = 50 no = 1
iter  ---- train ----  ---- test -----
         rmse     auc     rmse     auc
   0  0.50605 0.00000  0.46158 0.00000
   1  0.44992 0.00000  0.44641 0.00000
   2  0.44178 0.00000  0.44410 0.00000
   3  0.43781 0.00000  0.44336 0.00000
   4  0.43309 0.00000  0.44292 0.00000
   5  0.43719 0.00000  0.44252 0.00000
   6  0.43879 0.00000  0.44242 0.00000
   7  0.43633 0.00000  0.44231 0.00000
   8  0.43761 0.00000  0.44231 0.00000
   9  0.43956 0.00000  0.44228 0.00000
  10  0.43451 0.00000  0.44211 0.00000
  11  0.44176 0.00000  0.44234 0.00000
  12  0.43691 0.00000  0.44230 0.00000
  13  0.43830 0.00000  0.44231 0.00000
  14  0.44083 0.00000  0.44231 0.00000
  15  0.43897 0.00000  0.44241 0.00000
  16  0.43591 0.00000  0.44252 0.00000
  17  0.43731 0.00000  0.44251 0.00000
  18  0.43889 0.00000  0.44273 0.00000
  19  0.43559 0.00000  0.44276 0.00000
  20  0.43960 0.00000  0.44284 0.00000
  21  0.43931 0.00000  0.44295 0.00000
  22  0.43866 0.00000  0.44306 0.00000
  23  0.43794 0.00000  0.44314 0.00000
  24  0.43576 0.00000  0.44311 0.00000
  25  0.43751 0.00000  0.44306 0.00000
  26  0.43547 0.00000  0.44331 0.00000
  27  0.43825 0.00000  0.44326 0.00000
  28  0.43851 0.00000  0.44343 0.00000
  29  0.43952 0.00000  0.44358 0.00000
  30  0.43849 0.00000  0.44370 0.00000
  31  0.43897 0.00000  0.44391 0.00000
  32  0.43756 0.00000  0.44394 0.00000
  33  0.43942 0.00000  0.44406 0.00000
  34  0.44259 0.00000  0.44432 0.00000
  35  0.44095 0.00000  0.44442 0.00000
  36  0.43494 0.00000  0.44439 0.00000
  37  0.43685 0.00000  0.44440 0.00000
  38  0.43947 0.00000  0.44456 0.00000
  39  0.43824 0.00000  0.44461 0.00000
  40  0.44149 0.00000  0.44474 0.00000
  41  0.43976 0.00000  0.44481 0.00000
  42  0.44012 0.00000  0.44481 0.00000
  43  0.44314 0.00000  0.44488 0.00000
  44  0.43880 0.00000  0.44489 0.00000
  45  0.43928 0.00000  0.44508 0.00000
  46  0.44108 0.00000  0.44515 0.00000
  47  0.44129 0.00000  0.44537 0.00000
  48  0.44129 0.00000  0.44543 0.00000
  49  0.44273 0.00000  0.44538 0.00000
  50  0.43847 0.00000  0.44535 0.00000
  51  0.44161 0.00000  0.44542 0.00000
  52  0.44150 0.00000  0.44546 0.00000
  53  0.44075 0.00000  0.44559 0.00000
  54  0.44008 0.00000  0.44570 0.00000
  55  0.44104 0.00000  0.44577 0.00000
  56  0.44114 0.00000  0.44575 0.00000
  57  0.44125 0.00000  0.44569 0.00000
  58  0.44109 0.00000  0.44582 0.00000
  59  0.44092 0.00000  0.44585 0.00000
  60  0.44075 0.00000  0.44601 0.00000
  61  0.44168 0.00000  0.44598 0.00000
  62  0.44161 0.00000  0.44592 0.00000
  63  0.44247 0.00000  0.44622 0.00000
  64  0.44103 0.00000  0.44635 0.00000
  65  0.43985 0.00000  0.44636 0.00000
  66  0.43841 0.00000  0.44639 0.00000
  67  0.43956 0.00000  0.44645 0.00000
  68  0.44095 0.00000  0.44656 0.00000
  69  0.44526 0.00000  0.44675 0.00000
  70  0.44145 0.00000  0.44671 0.00000
  71  0.43990 0.00000  0.44678 0.00000
  72  0.43892 0.00000  0.44690 0.00000
  73  0.44250 0.00000  0.44692 0.00000
  74  0.44237 0.00000  0.44702 0.00000
  75  0.44287 0.00000  0.44707 0.00000
  76  0.44092 0.00000  0.44710 0.00000
  77  0.44628 0.00000  0.44694 0.00000
  78  0.44098 0.00000  0.44679 0.00000
  79  0.44217 0.00000  0.44664 0.00000
  80  0.44351 0.00000  0.44665 0.00000
  81  0.44433 0.00000  0.44688 0.00000
  82  0.44264 0.00000  0.44683 0.00000
  83  0.43991 0.00000  0.44679 0.00000
  84  0.43859 0.00000  0.44673 0.00000
  85  0.44335 0.00000  0.44664 0.00000
  86  0.43937 0.00000  0.44658 0.00000
  87  0.43949 0.00000  0.44646 0.00000
  88  0.44162 0.00000  0.44650 0.00000
  89  0.43970 0.00000  0.44658 0.00000
  90  0.43985 0.00000  0.44665 0.00000
  91  0.44030 0.00000  0.44656 0.00000
  92  0.44274 0.00000  0.44669 0.00000
  93  0.43983 0.00000  0.44672 0.00000
  94  0.44393 0.00000  0.44680 0.00000
  95  0.44226 0.00000  0.44690 0.00000
  96  0.44314 0.00000  0.44698 0.00000
  97  0.43931 0.00000  0.44674 0.00000
  98  0.43902 0.00000  0.44686 0.00000
  99  0.43979 0.00000  0.44693 0.00000
 100  0.43998 0.00000  0.44682 0.00000
 101  0.44319 0.00000  0.44696 0.00000
 102  0.44259 0.00000  0.44701 0.00000
 103  0.44333 0.00000  0.44702 0.00000
 104  0.44650 0.00000  0.44723 0.00000
 105  0.44105 0.00000  0.44704 0.00000
 106  0.44089 0.00000  0.44714 0.00000
 107  0.43842 0.00000  0.44694 0.00000
 108  0.44053 0.00000  0.44698 0.00000
 109  0.44479 0.00000  0.44704 0.00000
 110  0.44545 0.00000  0.44690 0.00000
 111  0.44044 0.00000  0.44690 0.00000
 112  0.44189 0.00000  0.44682 0.00000
 113  0.44194 0.00000  0.44693 0.00000
 114  0.44440 0.00000  0.44699 0.00000
 115  0.44331 0.00000  0.44716 0.00000
 116  0.44436 0.00000  0.44734 0.00000
 117  0.44117 0.00000  0.44738 0.00000
 118  0.44162 0.00000  0.44711 0.00000
 119  0.44118 0.00000  0.44709 0.00000
 120  0.44078 0.00000  0.44703 0.00000
 121  0.44067 0.00000  0.44698 0.00000
 122  0.43837 0.00000  0.44694 0.00000
 123  0.44305 0.00000  0.44689 0.00000
 124  0.44438 0.00000  0.44693 0.00000
 125  0.44337 0.00000  0.44697 0.00000
 126  0.44212 0.00000  0.44703 0.00000
 127  0.44840 0.00000  0.44712 0.00000
 128  0.43989 0.00000  0.44699 0.00000
 129  0.44293 0.00000  0.44704 0.00000
 130  0.44405 0.00000  0.44697 0.00000
 131  0.43935 0.00000  0.44696 0.00000
 132  0.44112 0.00000  0.44714 0.00000
 133  0.44331 0.00000  0.44708 0.00000
 134  0.44595 0.00000  0.44712 0.00000
 135  0.43995 0.00000  0.44728 0.00000
 136  0.44245 0.00000  0.44697 0.00000
 137  0.44368 0.00000  0.44701 0.00000
 138  0.44324 0.00000  0.44728 0.00000
 139  0.44361 0.00000  0.44733 0.00000
 140  0.44124 0.00000  0.44717 0.00000
 141  0.44239 0.00000  0.44712 0.00000
 142  0.44309 0.00000  0.44719 0.00000
 143  0.44650 0.00000  0.44712 0.00000
 144  0.44109 0.00000  0.44705 0.00000
 145  0.44424 0.00000  0.44735 0.00000
 146  0.44262 0.00000  0.44719 0.00000
 147  0.44262 0.00000  0.44714 0.00000
 148  0.44277 0.00000  0.44705 0.00000
 149  0.44421 0.00000  0.44706 0.00000
 150  0.43930 0.00000  0.44719 0.00000
 151  0.44267 0.00000  0.44696 0.00000
 152  0.44185 0.00000  0.44695 0.00000
 153  0.44201 0.00000  0.44705 0.00000
 154  0.44257 0.00000  0.44699 0.00000
 155  0.43851 0.00000  0.44698 0.00000
 156  0.44463 0.00000  0.44698 0.00000
 157  0.43885 0.00000  0.44691 0.00000
 158  0.44285 0.00000  0.44681 0.00000
 159  0.44043 0.00000  0.44686 0.00000
 160  0.44167 0.00000  0.44698 0.00000
 161  0.44329 0.00000  0.44704 0.00000
 162  0.43901 0.00000  0.44710 0.00000
 163  0.43789 0.00000  0.44705 0.00000
 164  0.43935 0.00000  0.44693 0.00000
 165  0.44606 0.00000  0.44705 0.00000
 166  0.44454 0.00000  0.44713 0.00000
 167  0.44088 0.00000  0.44710 0.00000
 168  0.44509 0.00000  0.44696 0.00000
 169  0.44395 0.00000  0.44714 0.00000
 170  0.44034 0.00000  0.44706 0.00000
 171  0.44450 0.00000  0.44716 0.00000
 172  0.44275 0.00000  0.44719 0.00000
 173  0.43848 0.00000  0.44717 0.00000
 174  0.44235 0.00000  0.44712 0.00000
 175  0.44246 0.00000  0.44707 0.00000
 176  0.44173 0.00000  0.44691 0.00000
 177  0.44059 0.00000  0.44694 0.00000
 178  0.43859 0.00000  0.44690 0.00000
 179  0.43961 0.00000  0.44682 0.00000
 180  0.44388 0.00000  0.44687 0.00000
 181  0.44076 0.00000  0.44694 0.00000
 182  0.44455 0.00000  0.44692 0.00000
 183  0.44298 0.00000  0.44706 0.00000
 184  0.44197 0.00000  0.44705 0.00000
 185  0.44286 0.00000  0.44706 0.00000
 186  0.44074 0.00000  0.44705 0.00000
 187  0.43877 0.00000  0.44715 0.00000
 188  0.44481 0.00000  0.44691 0.00000
 189  0.43889 0.00000  0.44684 0.00000
 190  0.43970 0.00000  0.44676 0.00000
 191  0.44212 0.00000  0.44682 0.00000
 192  0.44311 0.00000  0.44689 0.00000
 193  0.44794 0.00000  0.44702 0.00000
 194  0.44349 0.00000  0.44703 0.00000
 195  0.44105 0.00000  0.44711 0.00000
 196  0.44416 0.00000  0.44710 0.00000
 197  0.43977 0.00000  0.44722 0.00000
 198  0.44249 0.00000  0.44705 0.00000
 199  0.43979 0.00000  0.44686 0.00000
 200  0.44413 0.00000  0.44688 0.00000
 201  0.43994 0.00000  0.44697 0.00000
 202  0.44357 0.00000  0.44721 0.00000
 203  0.44508 0.00000  0.44726 0.00000
 204  0.43889 0.00000  0.44732 0.00000
 205  0.44216 0.00000  0.44723 0.00000
 206  0.44344 0.00000  0.44719 0.00000
 207  0.44075 0.00000  0.44722 0.00000
 208  0.44269 0.00000  0.44720 0.00000
 209  0.44022 0.00000  0.44715 0.00000
 210  0.43792 0.00000  0.44718 0.00000
 211  0.44385 0.00000  0.44699 0.00000
 212  0.44083 0.00000  0.44695 0.00000
 213  0.44341 0.00000  0.44694 0.00000
 214  0.44551 0.00000  0.44704 0.00000
 215  0.43957 0.00000  0.44689 0.00000
 216  0.44083 0.00000  0.44714 0.00000
 217  0.44202 0.00000  0.44722 0.00000
 218  0.44044 0.00000  0.44711 0.00000
 219  0.44058 0.00000  0.44712 0.00000
 220  0.44154 0.00000  0.44693 0.00000
 221  0.43857 0.00000  0.44710 0.00000
 222  0.44179 0.00000  0.44705 0.00000
 223  0.44140 0.00000  0.44719 0.00000
 224  0.44320 0.00000  0.44708 0.00000
 225  0.43882 0.00000  0.44703 0.00000
 226  0.44215 0.00000  0.44699 0.00000
 227  0.44245 0.00000  0.44700 0.00000
 228  0.44151 0.00000  0.44698 0.00000
 229  0.44208 0.00000  0.44693 0.00000
 230  0.44153 0.00000  0.44678 0.00000
 231  0.44086 0.00000  0.44686 0.00000
 232  0.44034 0.00000  0.44702 0.00000
 233  0.44381 0.00000  0.44711 0.00000
 234  0.44057 0.00000  0.44725 0.00000
 235  0.44090 0.00000  0.44724 0.00000
 236  0.44071 0.00000  0.44724 0.00000
 237  0.44296 0.00000  0.44717 0.00000
 238  0.44375 0.00000  0.44735 0.00000
 239  0.44518 0.00000  0.44741 0.00000
 240  0.44224 0.00000  0.44736 0.00000
 241  0.44381 0.00000  0.44735 0.00000
 242  0.44164 0.00000  0.44729 0.00000
 243  0.44321 0.00000  0.44709 0.00000
 244  0.44343 0.00000  0.44708 0.00000
 245  0.44136 0.00000  0.44721 0.00000
 246  0.44230 0.00000  0.44723 0.00000
 247  0.44213 0.00000  0.44725 0.00000
 248  0.44205 0.00000  0.44698 0.00000
 249  0.44222 0.00000  0.44698 0.00000
 250  0.44303 0.00000  0.44703 0.00000
 251  0.44122 0.00000  0.44709 0.00000
 252  0.44080 0.00000  0.44702 0.00000
 253  0.44195 0.00000  0.44690 0.00000
 254  0.44388 0.00000  0.44699 0.00000
 255  0.44221 0.00000  0.44682 0.00000
 256  0.44193 0.00000  0.44684 0.00000
 257  0.44215 0.00000  0.44690 0.00000
 258  0.44641 0.00000  0.44693 0.00000
 259  0.44308 0.00000  0.44710 0.00000
 260  0.43895 0.00000  0.44719 0.00000
 261  0.44287 0.00000  0.44719 0.00000
 262  0.43826 0.00000  0.44703 0.00000
 263  0.44405 0.00000  0.44700 0.00000
 264  0.44177 0.00000  0.44697 0.00000
 265  0.44239 0.00000  0.44698 0.00000
 266  0.43975 0.00000  0.44710 0.00000
 267  0.44378 0.00000  0.44704 0.00000
 268  0.44056 0.00000  0.44709 0.00000
 269  0.43943 0.00000  0.44713 0.00000
 270  0.43956 0.00000  0.44726 0.00000
 271  0.44360 0.00000  0.44719 0.00000
 272  0.44299 0.00000  0.44721 0.00000
 273  0.44302 0.00000  0.44709 0.00000
 274  0.44070 0.00000  0.44700 0.00000
 275  0.44361 0.00000  0.44693 0.00000
 276  0.44339 0.00000  0.44718 0.00000
 277  0.44430 0.00000  0.44720 0.00000
 278  0.44004 0.00000  0.44739 0.00000
 279  0.44232 0.00000  0.44734 0.00000
 280  0.44112 0.00000  0.44757 0.00000
 281  0.44456 0.00000  0.44742 0.00000
 282  0.44195 0.00000  0.44734 0.00000
 283  0.44241 0.00000  0.44722 0.00000
 284  0.44101 0.00000  0.44728 0.00000
 285  0.44268 0.00000  0.44723 0.00000
 286  0.44039 0.00000  0.44731 0.00000
 287  0.43880 0.00000  0.44722 0.00000
 288  0.44434 0.00000  0.44732 0.00000
 289  0.44185 0.00000  0.44742 0.00000
 290  0.44154 0.00000  0.44730 0.00000
 291  0.44308 0.00000  0.44732 0.00000
 292  0.43842 0.00000  0.44727 0.00000
 293  0.44197 0.00000  0.44712 0.00000
 294  0.44156 0.00000  0.44699 0.00000
 295  0.44100 0.00000  0.44701 0.00000
 296  0.44024 0.00000  0.44709 0.00000
 297  0.43989 0.00000  0.44694 0.00000
 298  0.44115 0.00000  0.44689 0.00000
 299  0.43932 0.00000  0.44704 0.00000
 300  0.44303 0.00000  0.44713 0.00000
 301  0.44005 0.00000  0.44709 0.00000
 302  0.44217 0.00000  0.44704 0.00000
 303  0.44205 0.00000  0.44703 0.00000
 304  0.44242 0.00000  0.44704 0.00000
 305  0.44329 0.00000  0.44701 0.00000
 306  0.43943 0.00000  0.44677 0.00000
 307  0.44193 0.00000  0.44679 0.00000
 308  0.43941 0.00000  0.44693 0.00000
 309  0.44268 0.00000  0.44680 0.00000
 310  0.43983 0.00000  0.44711 0.00000
 311  0.44501 0.00000  0.44711 0.00000
 312  0.44115 0.00000  0.44700 0.00000
 313  0.44223 0.00000  0.44693 0.00000
 314  0.44291 0.00000  0.44709 0.00000
 315  0.44048 0.00000  0.44707 0.00000
 316  0.44630 0.00000  0.44708 0.00000
 317  0.44566 0.00000  0.44695 0.00000
 318  0.44138 0.00000  0.44695 0.00000
 319  0.44225 0.00000  0.44677 0.00000
 320  0.43958 0.00000  0.44682 0.00000
 321  0.43772 0.00000  0.44675 0.00000
 322  0.44007 0.00000  0.44678 0.00000
 323  0.44193 0.00000  0.44685 0.00000
 324  0.44105 0.00000  0.44688 0.00000
 325  0.44117 0.00000  0.44695 0.00000
 326  0.44211 0.00000  0.44698 0.00000
 327  0.44285 0.00000  0.44696 0.00000
 328  0.44206 0.00000  0.44711 0.00000
 329  0.44227 0.00000  0.44710 0.00000
 330  0.44127 0.00000  0.44704 0.00000
 331  0.44252 0.00000  0.44702 0.00000
 332  0.44248 0.00000  0.44708 0.00000
 333  0.44432 0.00000  0.44730 0.00000
 334  0.44045 0.00000  0.44712 0.00000
 335  0.44131 0.00000  0.44692 0.00000
 336  0.44187 0.00000  0.44675 0.00000
 337  0.43952 0.00000  0.44684 0.00000
 338  0.44354 0.00000  0.44677 0.00000
 339  0.44149 0.00000  0.44679 0.00000
 340  0.44155 0.00000  0.44678 0.00000
 341  0.44263 0.00000  0.44685 0.00000
 342  0.44199 0.00000  0.44699 0.00000
 343  0.44039 0.00000  0.44684 0.00000
 344  0.44103 0.00000  0.44679 0.00000
 345  0.44594 0.00000  0.44689 0.00000
 346  0.43971 0.00000  0.44692 0.00000
 347  0.44010 0.00000  0.44701 0.00000
 348  0.44072 0.00000  0.44706 0.00000
 349  0.44210 0.00000  0.44708 0.00000
 350  0.43893 0.00000  0.44702 0.00000
 351  0.44388 0.00000  0.44693 0.00000
 352  0.44125 0.00000  0.44685 0.00000
 353  0.44439 0.00000  0.44690 0.00000
 354  0.44126 0.00000  0.44693 0.00000
 355  0.44229 0.00000  0.44690 0.00000
 356  0.44270 0.00000  0.44700 0.00000
 357  0.44281 0.00000  0.44698 0.00000
 358  0.44236 0.00000  0.44701 0.00000
 359  0.44051 0.00000  0.44697 0.00000
 360  0.44245 0.00000  0.44681 0.00000
 361  0.44218 0.00000  0.44691 0.00000
 362  0.44053 0.00000  0.44677 0.00000
 363  0.44259 0.00000  0.44687 0.00000
 364  0.44492 0.00000  0.44698 0.00000
 365  0.44018 0.00000  0.44705 0.00000
 366  0.44534 0.00000  0.44706 0.00000
 367  0.43972 0.00000  0.44689 0.00000
 368  0.44370 0.00000  0.44697 0.00000
 369  0.44031 0.00000  0.44694 0.00000
 370  0.43987 0.00000  0.44690 0.00000
 371  0.44299 0.00000  0.44698 0.00000
 372  0.44326 0.00000  0.44695 0.00000
 373  0.44344 0.00000  0.44701 0.00000
 374  0.44052 0.00000  0.44709 0.00000
 375  0.44218 0.00000  0.44720 0.00000
 376  0.44266 0.00000  0.44706 0.00000
 377  0.43960 0.00000  0.44677 0.00000
 378  0.44122 0.00000  0.44679 0.00000
 379  0.44256 0.00000  0.44707 0.00000
 380  0.44152 0.00000  0.44701 0.00000
 381  0.44417 0.00000  0.44713 0.00000
 382  0.44343 0.00000  0.44707 0.00000
 383  0.44177 0.00000  0.44702 0.00000
 384  0.44602 0.00000  0.44720 0.00000
 385  0.43829 0.00000  0.44707 0.00000
 386  0.44070 0.00000  0.44715 0.00000
 387  0.44245 0.00000  0.44703 0.00000
 388  0.44144 0.00000  0.44721 0.00000
 389  0.44161 0.00000  0.44716 0.00000
 390  0.44364 0.00000  0.44725 0.00000
 391  0.44480 0.00000  0.44733 0.00000
 392  0.44035 0.00000  0.44720 0.00000
 393  0.44178 0.00000  0.44699 0.00000
 394  0.44479 0.00000  0.44709 0.00000
 395  0.43978 0.00000  0.44713 0.00000
 396  0.44285 0.00000  0.44707 0.00000
 397  0.44076 0.00000  0.44716 0.00000
 398  0.44194 0.00000  0.44718 0.00000
 399  0.44690 0.00000  0.44735 0.00000
 400  0.44061 0.00000  0.44704 0.00000
 401  0.44271 0.00000  0.44706 0.00000
 402  0.44443 0.00000  0.44703 0.00000
 403  0.44168 0.00000  0.44693 0.00000
 404  0.44296 0.00000  0.44701 0.00000
 405  0.44470 0.00000  0.44702 0.00000
 406  0.44353 0.00000  0.44697 0.00000
 407  0.44146 0.00000  0.44691 0.00000
 408  0.43937 0.00000  0.44683 0.00000
 409  0.43990 0.00000  0.44675 0.00000
 410  0.44147 0.00000  0.44681 0.00000
 411  0.44493 0.00000  0.44691 0.00000
 412  0.44238 0.00000  0.44691 0.00000
 413  0.44353 0.00000  0.44695 0.00000
 414  0.44302 0.00000  0.44699 0.00000
 415  0.43921 0.00000  0.44699 0.00000
 416  0.44512 0.00000  0.44706 0.00000
 417  0.44381 0.00000  0.44715 0.00000
 418  0.43904 0.00000  0.44717 0.00000
 419  0.44587 0.00000  0.44717 0.00000
 420  0.44260 0.00000  0.44699 0.00000
 421  0.43861 0.00000  0.44684 0.00000
 422  0.44246 0.00000  0.44693 0.00000
 423  0.44281 0.00000  0.44693 0.00000
 424  0.44441 0.00000  0.44679 0.00000
 425  0.44173 0.00000  0.44681 0.00000
 426  0.44005 0.00000  0.44677 0.00000
 427  0.44057 0.00000  0.44682 0.00000
 428  0.44331 0.00000  0.44678 0.00000
 429  0.44300 0.00000  0.44701 0.00000
 430  0.44366 0.00000  0.44700 0.00000
 431  0.44264 0.00000  0.44714 0.00000
 432  0.44495 0.00000  0.44715 0.00000
 433  0.44264 0.00000  0.44722 0.00000
 434  0.44447 0.00000  0.44723 0.00000
 435  0.44248 0.00000  0.44721 0.00000
 436  0.44374 0.00000  0.44720 0.00000
 437  0.44391 0.00000  0.44730 0.00000
 438  0.44350 0.00000  0.44734 0.00000
 439  0.44089 0.00000  0.44715 0.00000
 440  0.43868 0.00000  0.44709 0.00000
 441  0.44037 0.00000  0.44710 0.00000
 442  0.44181 0.00000  0.44718 0.00000
 443  0.44235 0.00000  0.44708 0.00000
 444  0.44220 0.00000  0.44692 0.00000
 445  0.44342 0.00000  0.44693 0.00000
 446  0.44278 0.00000  0.44697 0.00000
 447  0.44199 0.00000  0.44715 0.00000
 448  0.44228 0.00000  0.44710 0.00000
 449  0.44143 0.00000  0.44703 0.00000
 450  0.44005 0.00000  0.44682 0.00000
 451  0.43928 0.00000  0.44676 0.00000
 452  0.44080 0.00000  0.44685 0.00000
 453  0.44212 0.00000  0.44676 0.00000
 454  0.44242 0.00000  0.44696 0.00000
 455  0.44406 0.00000  0.44694 0.00000
 456  0.44376 0.00000  0.44712 0.00000
 457  0.44062 0.00000  0.44718 0.00000
 458  0.44220 0.00000  0.44717 0.00000
 459  0.44410 0.00000  0.44715 0.00000
 460  0.44313 0.00000  0.44711 0.00000
 461  0.44210 0.00000  0.44708 0.00000
 462  0.44099 0.00000  0.44698 0.00000
 463  0.44154 0.00000  0.44697 0.00000
 464  0.44195 0.00000  0.44701 0.00000
 465  0.44186 0.00000  0.44683 0.00000
 466  0.43994 0.00000  0.44689 0.00000
 467  0.44255 0.00000  0.44684 0.00000
 468  0.44196 0.00000  0.44696 0.00000
 469  0.44068 0.00000  0.44682 0.00000
 470  0.44247 0.00000  0.44692 0.00000
 471  0.43785 0.00000  0.44683 0.00000
 472  0.44302 0.00000  0.44685 0.00000
 473  0.44216 0.00000  0.44683 0.00000
 474  0.44342 0.00000  0.44670 0.00000
 475  0.43963 0.00000  0.44639 0.00000
 476  0.44222 0.00000  0.44633 0.00000
 477  0.44234 0.00000  0.44644 0.00000
 478  0.44469 0.00000  0.44671 0.00000
 479  0.44065 0.00000  0.44669 0.00000
 480  0.44136 0.00000  0.44665 0.00000
 481  0.44087 0.00000  0.44680 0.00000
 482  0.43969 0.00000  0.44679 0.00000
 483  0.43983 0.00000  0.44669 0.00000
 484  0.44029 0.00000  0.44673 0.00000
 485  0.43849 0.00000  0.44669 0.00000
 486  0.44302 0.00000  0.44658 0.00000
 487  0.44158 0.00000  0.44670 0.00000
 488  0.44153 0.00000  0.44681 0.00000
 489  0.44247 0.00000  0.44673 0.00000
 490  0.44070 0.00000  0.44664 0.00000
 491  0.44061 0.00000  0.44674 0.00000
 492  0.44195 0.00000  0.44681 0.00000
 493  0.43961 0.00000  0.44679 0.00000
 494  0.44373 0.00000  0.44678 0.00000
 495  0.44467 0.00000  0.44674 0.00000
 496  0.44095 0.00000  0.44670 0.00000
 497  0.43828 0.00000  0.44666 0.00000
 498  0.44352 0.00000  0.44672 0.00000
 499  0.44420 0.00000  0.44678 0.00000
chose model 186 S_rmse_187
chose model 136 S_rmse_137
chose model 193 S_rmse_194
chose model 172 S_rmse_173
chose model 25 S_rmse_26
chose model 20 S_rmse_21
chose model 33 S_rmse_34
chose model 22 S_rmse_23
chose model 179 S_rmse_180
chose model 112 S_rmse_113
processing 3000 predictions...

0%   10   20   30   40   50   60   70   80   90   100%
|----|----|----|----|----|----|----|----|----|----|
***************************************************
 done.
elapsed: [2623.16s cpu, 2494065.0648 mticks, 933.15s wall]
score: 0.4486  baseline: 0.4398  diff: 0.00883
category UNKNOWN: count 0 avg error 0 baseline avg error 0 avg improvement 0
category AUTO: count 1249 avg error 0.0305647 baseline avg error 0.0250981 avg improvement -0.00546657
category POSS: count 1531 avg error 0.225211 baseline avg error 0.213126 avg improvement -0.0120843
category IMP: count 220 avg error 1.00387 baseline avg error 1.01199 avg improvement 0.0081219
overall: count 3000 avg error 0.201275 baseline avg error 0.193427 avg improvement -0.00784732
worst entries: 
0: 2516  label: -1 pred: 0.241115 bl: 0.0176 IMP error_pred: 1.54037 error_bl: 1.03551 improvement: -0.504857
    min: -0.329  max: 0.826 avg: 0.245552
explanation: 
no explanation

1: 1346  label: -1 pred: -0.17829 bl: -0.4677 POSS error_pred: 0.675208 error_bl: 0.283343 improvement: -0.391865
    min: -0.8465  max: 0.259 avg: -0.209568
explanation: 
no explanation

2: 1607  label: -1 pred: -0.118068 bl: -0.3097 POSS error_pred: 0.777804 error_bl: 0.476514 improvement: -0.30129
    min: -0.801  max: 0.614 avg: -0.148135
explanation: 
no explanation

3: 379  label: -1 pred: 0.519921 bl: 0.42065 IMP error_pred: 2.31016 error_bl: 2.01825 improvement: -0.291912
    min: -0.0025  max: 0.975 avg: 0.554218
explanation: 
no explanation

4: 870  label: -1 pred: -0.17901 bl: -0.3765 POSS error_pred: 0.674024 error_bl: 0.388752 improvement: -0.285272
    min: -0.629  max: 0.138 avg: -0.2205
explanation: 
no explanation

5: 2858  label: -1 pred: -0.45575 bl: -0.7968 POSS error_pred: 0.296208 error_bl: 0.0412902 improvement: -0.254917
    min: -1  max: -0.2295 avg: -0.657825
explanation: 
no explanation

6: 1799  label: -1 pred: 0.245396 bl: 0.1426 IMP error_pred: 1.55101 error_bl: 1.30553 improvement: -0.245476
    min: -0.0625  max: 0.516 avg: 0.2388
explanation: 
no explanation

7: 780  label: -1 pred: -0.432088 bl: -0.70725 POSS error_pred: 0.322525 error_bl: 0.0857025 improvement: -0.236822
    min: -0.953  max: -0.0195 avg: -0.604455
explanation: 
no explanation

8: 1616  label: -1 pred: -0.140418 bl: -0.2913 IMP error_pred: 0.738881 error_bl: 0.502256 improvement: -0.236625
    min: -0.487  max: 0.3145 avg: -0.180008
explanation: 
no explanation

9: 48  label: -1 pred: -0.477647 bl: -0.8087 POSS error_pred: 0.272853 error_bl: 0.0365957 improvement: -0.236257
    min: -1  max: 0.235 avg: -0.700825
explanation: 
no explanation

10: 1666  label: -1 pred: -0.459049 bl: -0.75565 POSS error_pred: 0.292628 error_bl: 0.0597069 improvement: -0.232921
    min: -0.9715  max: -0.118 avg: -0.66331
explanation: 
no explanation

11: 2023  label: -1 pred: -0.349711 bl: -0.5641 POSS error_pred: 0.422876 error_bl: 0.190009 improvement: -0.232867
    min: -0.7445  max: 0.0995 avg: -0.465212
explanation: 
no explanation

12: 78  label: -1 pred: -0.242962 bl: -0.41505 POSS error_pred: 0.573106 error_bl: 0.342166 improvement: -0.23094
    min: -0.5625  max: 0.0395 avg: -0.307165
explanation: 
no explanation

13: 1680  label: -1 pred: -0.37845 bl: -0.60495 POSS error_pred: 0.386325 error_bl: 0.156064 improvement: -0.23026
    min: -0.745  max: -0.0815 avg: -0.514107
explanation: 
no explanation

14: 297  label: -1 pred: -0.30751 bl: -0.50025 POSS error_pred: 0.479542 error_bl: 0.24975 improvement: -0.229792
    min: -0.6735  max: -0.117 avg: -0.397338
explanation: 
no explanation

15: 2231  label: -1 pred: 0.402959 bl: 0.32005 IMP error_pred: 1.96829 error_bl: 1.74253 improvement: -0.225763
    min: -0.009  max: 0.6935 avg: 0.405828
explanation: 
no explanation

16: 82  label: -1 pred: 0.182587 bl: 0.0835 IMP error_pred: 1.39851 error_bl: 1.17397 improvement: -0.224541
    min: -0.1385  max: 0.431 avg: 0.174625
explanation: 
no explanation

17: 2793  label: -1 pred: 0.309365 bl: 0.22305 IMP error_pred: 1.71444 error_bl: 1.49585 improvement: -0.218585
    min: -0.0615  max: 0.697 avg: 0.307835
explanation: 
no explanation

18: 1622  label: -1 pred: -0.520952 bl: -0.8876 POSS error_pred: 0.229487 error_bl: 0.0126338 improvement: -0.216853
    min: -1  max: -0.1065 avg: -0.81349
explanation: 
no explanation

19: 112  label: -1 pred: -0.479804 bl: -0.749 POSS error_pred: 0.270604 error_bl: 0.063001 improvement: -0.207603
    min: -0.9855  max: -0.2185 avg: -0.709875
explanation: 
no explanation

20: 2464  label: -1 pred: 0.0968599 bl: 0.000149998 IMP error_pred: 1.2031 error_bl: 1.0003 improvement: -0.202802
    min: -0.437  max: 0.5475 avg: 0.0864125
explanation: 
no explanation

21: 1926  label: -1 pred: -0.452103 bl: -0.6879 POSS error_pred: 0.300191 error_bl: 0.0974064 improvement: -0.202785
    min: -0.821  max: -0.153 avg: -0.654563
explanation: 
no explanation

22: 1064  label: -1 pred: 0.202914 bl: 0.11625 IMP error_pred: 1.447 error_bl: 1.24601 improvement: -0.200989
    min: -0.258  max: 0.799 avg: 0.193913
explanation: 
no explanation

23: 941  label: -1 pred: -0.297732 bl: -0.4567 POSS error_pred: 0.49318 error_bl: 0.295175 improvement: -0.198005
    min: -0.6355  max: 0.032 avg: -0.386243
explanation: 
no explanation

24: 277  label: -1 pred: -0.391206 bl: -0.5844 POSS error_pred: 0.37063 error_bl: 0.172723 improvement: -0.197907
    min: -0.798  max: -0.255 avg: -0.538577
explanation: 
no explanation

25: 1830  label: 1 pred: 0.246352 bl: 0.3907 POSS error_pred: 0.567985 error_bl: 0.371247 improvement: -0.196738
    min: -0.387  max: 0.9635 avg: 0.221322
explanation: 
no explanation

26: 762  label: -1 pred: -0.442161 bl: -0.6595 POSS error_pred: 0.311184 error_bl: 0.11594 improvement: -0.195244
    min: -1  max: -0.2765 avg: -0.638515
explanation: 
no explanation

27: 2627  label: 1 pred: 0.361386 bl: 0.5383 POSS error_pred: 0.407828 error_bl: 0.213167 improvement: -0.194661
    min: -0.1075  max: 0.896 avg: 0.344735
explanation: 
no explanation

28: 1925  label: -1 pred: -0.0572326 bl: -0.16565 POSS error_pred: 0.88881 error_bl: 0.69614 improvement: -0.192671
    min: -0.5515  max: 0.322 avg: -0.0770325
explanation: 
no explanation

29: 1378  label: -0.5 pred: 0.405344 bl: 0.29195 IMP error_pred: 0.819647 error_bl: 0.627185 improvement: -0.192462
    min: 0.0125  max: 0.7525 avg: 0.413138
explanation: 
no explanation

30: 922  label: -1 pred: -0.37079 bl: -0.5466 POSS error_pred: 0.395906 error_bl: 0.205572 improvement: -0.190334
    min: -0.778  max: 0.0665 avg: -0.49609
explanation: 
no explanation

31: 2465  label: -1 pred: -0.320886 bl: -0.4795 POSS error_pred: 0.461195 error_bl: 0.27092 improvement: -0.190275
    min: -0.691  max: 0.095 avg: -0.41618
explanation: 
no explanation

32: 908  label: -1 pred: -0.182842 bl: -0.30595 POSS error_pred: 0.667747 error_bl: 0.481705 improvement: -0.186042
    min: -0.5005  max: 0.195 avg: -0.232717
explanation: 
no explanation

33: 326  label: -1 pred: -0.291626 bl: -0.438 POSS error_pred: 0.501793 error_bl: 0.315844 improvement: -0.185949
    min: -0.888  max: 0.1355 avg: -0.372985
explanation: 
no explanation

34: 2574  label: -1 pred: 0.343207 bl: 0.2731 IMP error_pred: 1.8042 error_bl: 1.62078 improvement: -0.183421
    min: -0.132  max: 0.565 avg: 0.338392
explanation: 
no explanation

35: 2149  label: -1 pred: -0.227237 bl: -0.3531 IMP error_pred: 0.597162 error_bl: 0.41848 improvement: -0.178683
    min: -0.4705  max: 0.0475 avg: -0.28741
explanation: 
no explanation

36: 1232  label: -1 pred: 0.0792591 bl: -0.0068 IMP error_pred: 1.1648 error_bl: 0.986446 improvement: -0.178354
    min: -0.2215  max: 0.426 avg: 0.0679225
explanation: 
no explanation

37: 1312  label: -1 pred: -0.299094 bl: -0.4386 POSS error_pred: 0.49127 error_bl: 0.31517 improvement: -0.1761
    min: -0.6225  max: -0.143 avg: -0.390535
explanation: 
no explanation

38: 2025  label: -1 pred: -0.0903876 bl: -0.19155 IMP error_pred: 0.827395 error_bl: 0.653591 improvement: -0.173803
    min: -0.426  max: 0.209 avg: -0.114363
explanation: 
no explanation

39: 1924  label: -1 pred: 0.409268 bl: 0.3466 IMP error_pred: 1.98604 error_bl: 1.81333 improvement: -0.172704
    min: 0.0115  max: 0.8555 avg: 0.4165
explanation: 
no explanation

40: 1829  label: -1 pred: 0.00521758 bl: -0.08235 IMP error_pred: 1.01046 error_bl: 0.842081 improvement: -0.168381
    min: -0.223  max: 0.2 avg: -0.013955
explanation: 
no explanation

41: 1465  label: -1 pred: -0.171835 bl: -0.2793 POSS error_pred: 0.685857 error_bl: 0.519409 improvement: -0.166449
    min: -0.59  max: 0.2905 avg: -0.216328
explanation: 
no explanation

42: 1789  label: -1 pred: -0.217486 bl: -0.3306 POSS error_pred: 0.612328 error_bl: 0.448096 improvement: -0.164232
    min: -0.56  max: 0.0955 avg: -0.272085
explanation: 
no explanation

43: 1393  label: -1 pred: 0.270429 bl: 0.2045 IMP error_pred: 1.61399 error_bl: 1.45082 improvement: -0.163168
    min: -0.0885  max: 0.7215 avg: 0.26412
explanation: 
no explanation

44: 1567  label: -1 pred: 0.43796 bl: 0.3803 IMP error_pred: 2.06773 error_bl: 1.90523 improvement: -0.162499
    min: -0.144  max: 0.7415 avg: 0.44164
explanation: 
no explanation

45: 881  label: -1 pred: -0.209662 bl: -0.3195 POSS error_pred: 0.624635 error_bl: 0.46308 improvement: -0.161555
    min: -0.5365  max: 0.268 avg: -0.26044
explanation: 
no explanation

46: 2549  label: -1 pred: -0.272608 bl: -0.39165 POSS error_pred: 0.5291 error_bl: 0.37009 improvement: -0.15901
    min: -0.6405  max: -0.002 avg: -0.350037
explanation: 
no explanation

47: 778  label: -1 pred: -0.285489 bl: -0.40705 POSS error_pred: 0.510526 error_bl: 0.35159 improvement: -0.158937
    min: -0.9185  max: 0.228 avg: -0.374855
explanation: 
no explanation

48: 2527  label: -1 pred: -0.204883 bl: -0.31095 POSS error_pred: 0.63221 error_bl: 0.47479 improvement: -0.15742
    min: -0.6065  max: 0.175 avg: -0.252775
explanation: 
no explanation

49: 1686  label: -1 pred: -0.121567 bl: -0.2155 POSS error_pred: 0.771645 error_bl: 0.61544 improvement: -0.156204
    min: -0.6345  max: 0.2585 avg: -0.157255
explanation: 
no explanation

best entries: 
0: 1949  label: 1 pred: -0.204566 bl: -0.46535 POSS error_pred: 1.45098 error_bl: 2.14725 improvement: 0.696271
1: 848  label: 0 pred: -0.525278 bl: -0.8707 POSS error_pred: 0.275917 error_bl: 0.758119 improvement: 0.482201
2: 71  label: -0.5 pred: 0.719609 bl: 0.89945 IMP error_pred: 1.48745 error_bl: 1.95846 improvement: 0.471015
3: 1424  label: -0.5 pred: 0.702093 bl: 0.85875 IMP error_pred: 1.44503 error_bl: 1.8462 improvement: 0.401174
4: 241  label: 1 pred: -0.227839 bl: -0.3773 IMP error_pred: 1.50759 error_bl: 1.89696 improvement: 0.389367
5: 1940  label: -1 pred: 0.72399 bl: 0.8248 IMP error_pred: 2.97214 error_bl: 3.3299 improvement: 0.357754
6: 1585  label: 1 pred: -0.25295 bl: -0.3831 IMP error_pred: 1.56988 error_bl: 1.91297 improvement: 0.343081
7: 2579  label: 0 pred: 0.715553 bl: 0.9041 IMP error_pred: 0.512015 error_bl: 0.817397 improvement: 0.305381
8: 1601  label: -1 pred: 0.531866 bl: 0.6191 IMP error_pred: 2.34661 error_bl: 2.62148 improvement: 0.274872
9: 167  label: 0 pred: 0.766068 bl: 0.92585 IMP error_pred: 0.58686 error_bl: 0.857198 improvement: 0.270338
10: 2143  label: -1 pred: -0.185787 bl: -0.03495 POSS error_pred: 0.662944 error_bl: 0.931321 improvement: 0.268378
11: 2358  label: -0.5 pred: 0.6136 bl: 0.7274 IMP error_pred: 1.24011 error_bl: 1.50651 improvement: 0.266405
12: 769  label: -0.5 pred: 0.603207 bl: 0.71705 IMP error_pred: 1.21707 error_bl: 1.48121 improvement: 0.264144
13: 328  label: 0 pred: 0.64246 bl: 0.8157 POSS error_pred: 0.412755 error_bl: 0.665366 improvement: 0.252612
14: 1358  label: -0.5 pred: 0.637226 bl: 0.73525 IMP error_pred: 1.29328 error_bl: 1.52584 improvement: 0.232559
15: 1574  label: -1 pred: 0.327478 bl: 0.4113 IMP error_pred: 1.7622 error_bl: 1.99177 improvement: 0.229569
16: 2867  label: 1 pred: 0.098791 bl: -0.02055 POSS error_pred: 0.812178 error_bl: 1.04152 improvement: 0.229345
17: 1559  label: 1 pred: 0.156842 bl: 0.0345 POSS error_pred: 0.710915 error_bl: 0.93219 improvement: 0.221275
18: 1387  label: 1 pred: -0.224941 bl: -0.3119 IMP error_pred: 1.50048 error_bl: 1.72108 improvement: 0.220601
19: 782  label: 1 pred: 0.30243 bl: 0.16245 POSS error_pred: 0.486604 error_bl: 0.70149 improvement: 0.214886
20: 309  label: 0 pred: 0.726183 bl: 0.8608 IMP error_pred: 0.527341 error_bl: 0.740977 improvement: 0.213635
21: 2996  label: 0.5 pred: -0.339846 bl: -0.45705 IMP error_pred: 0.705341 error_bl: 0.915945 improvement: 0.210604
22: 2280  label: 0 pred: 0.64759 bl: 0.7894 POSS error_pred: 0.419373 error_bl: 0.623152 improvement: 0.203779
23: 1122  label: 1 pred: -0.0975157 bl: -0.1862 IMP error_pred: 1.20454 error_bl: 1.40707 improvement: 0.20253
24: 687  label: 0.5 pred: -0.244649 bl: -0.3695 POSS error_pred: 0.554502 error_bl: 0.75603 improvement: 0.201529
25: 590  label: 0.5 pred: -0.297923 bl: -0.41355 IMP error_pred: 0.636681 error_bl: 0.834574 improvement: 0.197893
26: 1075  label: -1 pred: 0.259148 bl: 0.33215 IMP error_pred: 1.58545 error_bl: 1.77462 improvement: 0.189169
27: 10  label: 1 pred: 0.338551 bl: 0.20995 POSS error_pred: 0.437515 error_bl: 0.624179 improvement: 0.186664
28: 2898  label: 1 pred: 0.0637624 bl: -0.03045 IMP error_pred: 0.876541 error_bl: 1.06183 improvement: 0.185286
29: 856  label: 1 pred: -0.103205 bl: -0.183 IMP error_pred: 1.21706 error_bl: 1.39949 improvement: 0.182428
30: 11  label: 1 pred: -0.0284421 bl: -0.11325 POSS error_pred: 1.05769 error_bl: 1.23933 improvement: 0.181632
31: 734  label: 0 pred: 0.641156 bl: 0.76785 POSS error_pred: 0.411082 error_bl: 0.589594 improvement: 0.178512
32: 2205  label: 0 pred: 0.611372 bl: 0.74065 POSS error_pred: 0.373776 error_bl: 0.548562 improvement: 0.174786
33: 1500  label: -0.5 pred: 0.529959 bl: 0.6092 IMP error_pred: 1.06081 error_bl: 1.23032 improvement: 0.16951
34: 1294  label: 0 pred: 0.704823 bl: 0.81485 IMP error_pred: 0.496776 error_bl: 0.663981 improvement: 0.167205
35: 2529  label: 0.5 pred: 0.78536 bl: 0.99655 POSS error_pred: 0.0814304 error_bl: 0.246562 improvement: 0.165132
36: 2219  label: 0.5 pred: 0.729557 bl: 0.9576 POSS error_pred: 0.0526964 error_bl: 0.209398 improvement: 0.156701
37: 1627  label: 0 pred: 0.256211 bl: 0.47095 POSS error_pred: 0.0656441 error_bl: 0.221794 improvement: 0.15615
38: 272  label: 0 pred: -0.351335 bl: -0.52865 POSS error_pred: 0.123436 error_bl: 0.279471 improvement: 0.156034
39: 533  label: 1 pred: 0.122465 bl: 0.03855 POSS error_pred: 0.770067 error_bl: 0.924386 improvement: 0.154319
40: 2472  label: 1 pred: 0.0330575 bl: -0.0432 POSS error_pred: 0.934978 error_bl: 1.08827 improvement: 0.153288
41: 65  label: -1 pred: 0.280334 bl: 0.3388 IMP error_pred: 1.63926 error_bl: 1.79239 improvement: 0.15313
42: 975  label: 0 pred: 0.689067 bl: 0.79145 IMP error_pred: 0.474813 error_bl: 0.626393 improvement: 0.15158
43: 2695  label: 0 pred: 0.631047 bl: 0.74145 IMP error_pred: 0.39822 error_bl: 0.549748 improvement: 0.151528
44: 2360  label: 0 pred: 0.656636 bl: 0.76235 POSS error_pred: 0.431171 error_bl: 0.581178 improvement: 0.150007
45: 1261  label: 0 pred: -0.312633 bl: -0.4959 POSS error_pred: 0.0977396 error_bl: 0.245917 improvement: 0.148177
46: 877  label: 0.5 pred: 0.688341 bl: 0.9274 POSS error_pred: 0.0354723 error_bl: 0.182671 improvement: 0.147198
47: 249  label: 0.5 pred: 0.784511 bl: 0.97755 POSS error_pred: 0.0809468 error_bl: 0.228054 improvement: 0.147107
48: 2000  label: -0.5 pred: 0.60382 bl: 0.66835 IMP error_pred: 1.21842 error_bl: 1.36504 improvement: 0.146622
49: 1786  label: 0.5 pred: -0.207551 bl: -0.30425 POSS error_pred: 0.500628 error_bl: 0.646818 improvement: 0.14619

total is 0
score for UNKNOWN: nan baseline: nan diff:    nan
total is 1249
score for AUTO: 0.1748 baseline: 0.1584 diff: 0.0164
total is 1531
score for POSS: 0.4746 baseline: 0.4617 diff: 0.0129
total is 220
score for IMP: 1.0019 baseline: 1.0060 diff: -0.0040
writing 15000 official test outputs

0%   10   20   30   40   50   60   70   80   90   100%
|----|----|----|----|----|----|----|----|----|----|
***************************************************
scores: [ 0.448636 ]
0.4486 +/-    nan
2455.47user 170.56system 15:34.64elapsed 280%CPU (0avgtext+0avgdata 0maxresident)k
0inputs+336outputs (0major+65790858minor)pagefaults 0swaps
