loading data...Twoway_Layer::random_fill(): limit = 0.0707107 ni = 200 no = 250
Twoway_Layer::random_fill(): limit = 0.0632455 ni = 250 no = 150
Twoway_Layer::random_fill(): limit = 0.0816497 ni = 150 no = 100
Twoway_Layer::random_fill(): limit = 0.1 ni = 100 no = 50



--------- LAYER 0 ---------

iter      lr  -- inst train--  ---- train ----  ---- test -----
----  ------    exact   noisy    exact   noisy    exact   noisy
   0  0.0000  1.49307 1.41735
   1  0.0000  1.22770 1.14570
   2  0.0000  1.18468 1.10115
   3  0.0000  1.16428 1.07606
   4  0.0000  1.14303 1.05221
   5  0.0000  1.12423 1.03187
   6  0.0000  1.10735 1.01520
   7  0.0000  1.09480 1.00000
   8  0.0000  1.08476 0.98780
   9  0.0000  1.07123 0.97647  0.96052 1.15751  0.94828 1.14483
  10  0.0000  1.06587 0.96754
  11  0.0000  1.05776 0.95929
  12  0.0000  1.04747 0.95094
  13  0.0000  1.04638 0.94465
  14  0.0000  1.04158 0.93939
  15  0.0000  1.03359 0.93273
  16  0.0000  1.02905 0.92759
  17  0.0000  1.02492 0.92341
  18  0.0000  1.02266 0.91843
  19  0.0000  1.01933 0.91500  0.90601 1.10524  0.89468 1.09280
  20  0.0000  1.01487 0.91202
  21  0.0000  1.01258 0.90791
  22  0.0000  1.00789 0.90447
  23  0.0000  1.00411 0.90005
  24  0.0000  1.00205 0.89777
  25  0.0000  1.00167 0.89576
  26  0.0000  0.99897 0.89254
  27  0.0000  0.99533 0.88903
  28  0.0000  0.99240 0.88644
  29  0.0000  0.99048 0.88430  0.86942 1.08738  0.85815 1.07599
  30  0.0000  0.98840 0.88075
  31  0.0000  0.98896 0.87950
  32  0.0000  0.98333 0.87589
  33  0.0000  0.98336 0.87399
  34  0.0000  0.98393 0.87355
  35  0.0000  0.98282 0.87155
  36  0.0000  0.97748 0.86802
  37  0.0000  0.97606 0.86625
  38  0.0000  0.97074 0.86362
  39  0.0000  0.97169 0.86132  0.85504 1.06522  0.84420 1.05570
  40  0.0000  0.97376 0.86221
  41  0.0000  0.97121 0.86011
  42  0.0000  0.96758 0.85744
  43  0.0000  0.96494 0.85541
  44  0.0000  0.96600 0.85348
  45  0.0000  0.96855 0.85327
  46  0.0000  0.96429 0.85191
  47  0.0000  0.96559 0.85101
  48  0.0000  0.95886 0.84767
  49  0.0000  0.95943 0.84627  0.83399 1.05999  0.82313 1.05086
  50  0.0000  0.95926 0.84558
  51  0.0000  0.96125 0.84485
  52  0.0000  0.95917 0.84397
  53  0.0000  0.95406 0.84012
  54  0.0000  0.95335 0.83909
  55  0.0000  0.95417 0.83829
  56  0.0000  0.95340 0.83695
  57  0.0000  0.94982 0.83433
  58  0.0000  0.94847 0.83440
  59  0.0000  0.95089 0.83259  0.82787 1.04535  0.81744 1.03509
  60  0.0000  0.94691 0.83034
  61  0.0000  0.94606 0.82893
  62  0.0000  0.94730 0.82917
  63  0.0000  0.94647 0.82811
  64  0.0000  0.94618 0.82690
  65  0.0000  0.94465 0.82557
  66  0.0000  0.94403 0.82425
  67  0.0000  0.94374 0.82283
  68  0.0000  0.93994 0.82124
  69  0.0000  0.93899 0.81987  0.80299 1.05032  0.79216 1.03936
  70  0.0000  0.93782 0.81798
  71  0.0000  0.93945 0.81885
  72  0.0000  0.93818 0.81748
  73  0.0000  0.93669 0.81622
  74  0.0000  0.93377 0.81391
  75  0.0000  0.93920 0.81438
  76  0.0000  0.93646 0.81377
  77  0.0000  0.93705 0.81286
  78  0.0000  0.93258 0.81099
  79  0.0000  0.93047 0.80944  0.79335 1.04329  0.78265 1.03274
  80  0.0000  0.92987 0.80797
  81  0.0000  0.92887 0.80745
  82  0.0000  0.92933 0.80711
  83  0.0000  0.92851 0.80587
  84  0.0000  0.93036 0.80463
  85  0.0000  0.92477 0.80368
  86  0.0000  0.93320 0.80497
  87  0.0000  0.92295 0.80182
  88  0.0000  0.93051 0.80210
  89  0.0000  0.92625 0.80138  0.79011 1.03407  0.77969 1.02155
  90  0.0000  0.92762 0.80114
  91  0.0000  0.92698 0.80047
  92  0.0000  0.92567 0.79915
  93  0.0000  0.92219 0.79616
  94  0.0000  0.92196 0.79617
  95  0.0000  0.92199 0.79583
  96  0.0000  0.92455 0.79503
  97  0.0000  0.91924 0.79338
  98  0.0000  0.92237 0.79421
  99  0.0000  0.91627 0.79028  0.77618 1.03448  0.76563 1.02389
 100  0.0000  0.91664 0.79039
 101  0.0000  0.91803 0.79112
 102  0.0000  0.91604 0.78939
 103  0.0000  0.91840 0.78874
 104  0.0000  0.91565 0.78853
 105  0.0000  0.91836 0.78854
 106  0.0000  0.91524 0.78720
 107  0.0000  0.91475 0.78621
 108  0.0000  0.91684 0.78545
 109  0.0000  0.91717 0.78568  0.77541 1.02362  0.76511 1.01455
 110  0.0000  0.91651 0.78556
 111  0.0000  0.91649 0.78445
 112  0.0000  0.91294 0.78339
 113  0.0000  0.91345 0.78307
 114  0.0000  0.91520 0.78261
 115  0.0000  0.91289 0.78172
 116  0.0000  0.91190 0.78019
 117  0.0000  0.90900 0.77865
 118  0.0000  0.90929 0.77715
 119  0.0000  0.91020 0.77819  0.77270 1.01809  0.76262 1.00938
 120  0.0000  0.90884 0.77656
 121  0.0000  0.91323 0.77798
 122  0.0000  0.91212 0.77738
 123  0.0000  0.90834 0.77579
 124  0.0000  0.90815 0.77458
 125  0.0000  0.91046 0.77520
 126  0.0000  0.90667 0.77423
 127  0.0000  0.90687 0.77317
 128  0.0000  0.90505 0.77213
 129  0.0000  0.90667 0.77242  0.75980 1.01803  0.74952 1.01061
 130  0.0000  0.90703 0.77157
 131  0.0000  0.90315 0.77010
 132  0.0000  0.90654 0.77028
 133  0.0000  0.90279 0.77017
 134  0.0000  0.90589 0.77031
 135  0.0000  0.90434 0.76848
 136  0.0000  0.90249 0.76763
 137  0.0000  0.90041 0.76744
 138  0.0000  0.90608 0.76827
 139  0.0000  0.90215 0.76686  0.75513 1.01998  0.74495 1.00683
 140  0.0000  0.90756 0.76837
 141  0.0000  0.90031 0.76434
 142  0.0000  0.89448 0.76223
 143  0.0000  0.89671 0.76352
 144  0.0000  0.90294 0.76483
 145  0.0000  0.90055 0.76240
 146  0.0000  0.89586 0.76093
 147  0.0000  0.89761 0.76145
 148  0.0000  0.89994 0.76185
 149  0.0000  0.89703 0.76004  0.74866 1.01598  0.73851 1.00738
 150  0.0000  0.89621 0.75989
 151  0.0000  0.89878 0.76020
 152  0.0000  0.89245 0.75772
 153  0.0000  0.89706 0.75787
 154  0.0000  0.89916 0.75884
 155  0.0000  0.90098 0.76015
 156  0.0000  0.89419 0.75642
 157  0.0000  0.89919 0.75829
 158  0.0000  0.89609 0.75644
 159  0.0000  0.89449 0.75549  0.74385 1.01441  0.73376 1.00580
 160  0.0000  0.89373 0.75437
 161  0.0000  0.89157 0.75470
 162  0.0000  0.88835 0.75172
 163  0.0000  0.88941 0.75211
 164  0.0000  0.89334 0.75338
 165  0.0000  0.88881 0.75194
 166  0.0000  0.89236 0.75232
 167  0.0000  0.89231 0.75158
 168  0.0000  0.89166 0.75145
 169  0.0000  0.88934 0.75021  0.73775 1.01297  0.72768 1.00292
 170  0.0000  0.89493 0.75168
 171  0.0000  0.89167 0.75016
 172  0.0000  0.88770 0.74819
 173  0.0000  0.89108 0.74859
 174  0.0000  0.89023 0.74855
 175  0.0000  0.89226 0.74917
 176  0.0000  0.89311 0.74848
 177  0.0000  0.88666 0.74676
 178  0.0000  0.88521 0.74642
 179  0.0000  0.88758 0.74635  0.73696 1.00874  0.72704 0.99898
 180  0.0000  0.88970 0.74651
 181  0.0000  0.89064 0.74728
 182  0.0000  0.88697 0.74455
 183  0.0000  0.88481 0.74495
 184  0.0000  0.88567 0.74387
 185  0.0000  0.88764 0.74475
 186  0.0000  0.88364 0.74274
 187  0.0000  0.88568 0.74328
 188  0.0000  0.88805 0.74446
 189  0.0000  0.88706 0.74346  0.74373 1.00035  0.73420 0.99246
 190  0.0000  0.88257 0.74178
 191  0.0000  0.88470 0.74182
 192  0.0000  0.88671 0.74134
 193  0.0000  0.88944 0.74290
 194  0.0000  0.88678 0.74173
 195  0.0000  0.88708 0.74121
 196  0.0000  0.88815 0.74119
 197  0.0000  0.88758 0.74198
 198  0.0000  0.88591 0.74057
 199  0.0000  0.88600 0.73977  0.73159 1.00608  0.72183 0.99654
 200  0.0000  0.88281 0.73815
 201  0.0000  0.88409 0.73863
 202  0.0000  0.88274 0.73824
 203  0.0000  0.88290 0.73707
 204  0.0000  0.88184 0.73702
 205  0.0000  0.88231 0.73635
 206  0.0000  0.88650 0.73863
 207  0.0000  0.88410 0.73816
 208  0.0000  0.88098 0.73593
 209  0.0000  0.88342 0.73672  0.72145 1.00778  0.71149 0.99772
 210  0.0000  0.88197 0.73591
 211  0.0000  0.88126 0.73581
 212  0.0000  0.88337 0.73676
 213  0.0000  0.88146 0.73531
 214  0.0000  0.88224 0.73511
 215  0.0000  0.87972 0.73454
 216  0.0000  0.87962 0.73353
 217  0.0000  0.88338 0.73505
 218  0.0000  0.88307 0.73576
 219  0.0000  0.87898 0.73324  0.72000 1.00647  0.71011 0.99656
 220  0.0000  0.88226 0.73382
 221  0.0000  0.87852 0.73228
 222  0.0000  0.87750 0.73138
 223  0.0000  0.88083 0.73297
 224  0.0000  0.87925 0.73142
 225  0.0000  0.87727 0.73009
 226  0.0000  0.88022 0.73100
 227  0.0000  0.87857 0.73112
 228  0.0000  0.88115 0.73105
 229  0.0000  0.87543 0.72772  0.72806 0.99490  0.71862 0.98808
 230  0.0000  0.87887 0.73062
 231  0.0000  0.87993 0.72956
 232  0.0000  0.87538 0.72796
 233  0.0000  0.87796 0.72907
 234  0.0000  0.87497 0.72739
 235  0.0000  0.87551 0.72953
 236  0.0000  0.87809 0.72845
 237  0.0000  0.87690 0.72764
 238  0.0000  0.87553 0.72815
 239  0.0000  0.87615 0.72817  0.71605 1.00412  0.70635 0.99248
 240  0.0000  0.87409 0.72667
 241  0.0000  0.87549 0.72699
 242  0.0000  0.87510 0.72555
 243  0.0000  0.87639 0.72601
 244  0.0000  0.87516 0.72588
 245  0.0000  0.87027 0.72479
 246  0.0000  0.87579 0.72572
 247  0.0000  0.87201 0.72361
 248  0.0000  0.87490 0.72422
 249  0.0000  0.87522 0.72403  0.71370 1.00064  0.70408 0.98973
 250  0.0000  0.87441 0.72350
 251  0.0000  0.87585 0.72511
 252  0.0000  0.87602 0.72380
 253  0.0000  0.86927 0.72247
 254  0.0000  0.87105 0.72160
 255  0.0000  0.87226 0.72262
 256  0.0000  0.87904 0.72565
 257  0.0000  0.87358 0.72207
 258  0.0000  0.87565 0.72336
 259  0.0000  0.87387 0.72256  0.70749 1.00243  0.69778 0.99339
 260  0.0000  0.87509 0.72324
 261  0.0000  0.87029 0.72068
 262  0.0000  0.86675 0.71947
 263  0.0000  0.86988 0.72104
 264  0.0000  0.87259 0.72126
 265  0.0000  0.86920 0.72000
 266  0.0000  0.86882 0.71944
 267  0.0000  0.87262 0.72070
 268  0.0000  0.87060 0.71985
 269  0.0000  0.86957 0.71885  0.71616 0.99457  0.70682 0.98391
 270  0.0000  0.86785 0.71809
 271  0.0000  0.86900 0.71807
 272  0.0000  0.87559 0.72097
 273  0.0000  0.87226 0.71953
 274  0.0000  0.87205 0.71829
 275  0.0000  0.86976 0.71759
 276  0.0000  0.87007 0.71784
 277  0.0000  0.86543 0.71676
 278  0.0000  0.87106 0.71845
 279  0.0000  0.86992 0.71736  0.70291 1.00209  0.69327 0.99316
 280  0.0000  0.86780 0.71739
 281  0.0000  0.86688 0.71660
 282  0.0000  0.86944 0.71684
 283  0.0000  0.86915 0.71661
 284  0.0000  0.87143 0.71680
 285  0.0000  0.87418 0.71819
 286  0.0000  0.86846 0.71554
 287  0.0000  0.87002 0.71594
 288  0.0000  0.86794 0.71647
 289  0.0000  0.87073 0.71705  0.70470 0.99729  0.69521 0.98897
 290  0.0000  0.86915 0.71506
 291  0.0000  0.86513 0.71394
 292  0.0000  0.87040 0.71578
 293  0.0000  0.86977 0.71612
 294  0.0000  0.86566 0.71396
 295  0.0000  0.86837 0.71541
 296  0.0000  0.86998 0.71454
 297  0.0000  0.87001 0.71476
 298  0.0000  0.87100 0.71524
 299  0.0000  0.86556 0.71379  0.69480 1.00523  0.68509 0.99432
 300  0.0000  0.86730 0.71296
 301  0.0000  0.86818 0.71385
 302  0.0000  0.86829 0.71438
 303  0.0000  0.86997 0.71381
 304  0.0000  0.87156 0.71499
 305  0.0000  0.86756 0.71354
 306  0.0000  0.86469 0.71130
 307  0.0000  0.86713 0.71307
 308  0.0000  0.86491 0.71129
 309  0.0000  0.86721 0.71321  0.71399 0.98862  0.70502 0.98016
 310  0.0000  0.86585 0.71208
 311  0.0000  0.86687 0.71258
 312  0.0000  0.86741 0.71272
 313  0.0000  0.86597 0.71153
 314  0.0000  0.86817 0.71131
 315  0.0000  0.86931 0.71261
 316  0.0000  0.86376 0.71030
 317  0.0000  0.86866 0.71185
 318  0.0000  0.86638 0.71082
 319  0.0000  0.87069 0.71274  0.70627 0.99174  0.69713 0.98128
 320  0.0000  0.86240 0.70946
 321  0.0000  0.86375 0.70938
 322  0.0000  0.86604 0.71045
 323  0.0000  0.86554 0.71050
 324  0.0000  0.86403 0.71041
 325  0.0000  0.86494 0.71049
 326  0.0000  0.85901 0.70758
 327  0.0000  0.86903 0.71101
 328  0.0000  0.86914 0.71104
 329  0.0000  0.86367 0.70981  0.69326 0.99966  0.68384 0.98916
 330  0.0000  0.86272 0.70865
 331  0.0000  0.86467 0.70879
 332  0.0000  0.86352 0.70880
 333  0.0000  0.87055 0.71092
 334  0.0000  0.86086 0.70777
 335  0.0000  0.86097 0.70643
 336  0.0000  0.85861 0.70658
 337  0.0000  0.86496 0.70849
 338  0.0000  0.86602 0.70870
 339  0.0000  0.86016 0.70669  0.69702 0.99459  0.68776 0.98556
 340  0.0000  0.86254 0.70725
 341  0.0000  0.86209 0.70637
 342  0.0000  0.86635 0.70898
 343  0.0000  0.86258 0.70881
 344  0.0000  0.85943 0.70577
 345  0.0000  0.85947 0.70464
 346  0.0000  0.85838 0.70501
 347  0.0000  0.86207 0.70576
 348  0.0000  0.86081 0.70592
 349  0.0000  0.86611 0.70707  0.69707 0.99231  0.68794 0.98194
 350  0.0000  0.86428 0.70728
 351  0.0000  0.86175 0.70641
 352  0.0000  0.86128 0.70603
 353  0.0000  0.86442 0.70717
 354  0.0000  0.86494 0.70668
 355  0.0000  0.86948 0.70937
 356  0.0000  0.86611 0.70712
 357  0.0000  0.86661 0.70826
 358  0.0000  0.86304 0.70506
 359  0.0000  0.86419 0.70593  0.69711 0.99140  0.68805 0.98261
 360  0.0000  0.86229 0.70490
 361  0.0000  0.85854 0.70307
 362  0.0000  0.85844 0.70280
 363  0.0000  0.86252 0.70517
 364  0.0000  0.86367 0.70562
 365  0.0000  0.86395 0.70553
 366  0.0000  0.86106 0.70496
 367  0.0000  0.86415 0.70531
 368  0.0000  0.86394 0.70594
 369  0.0000  0.86361 0.70508  0.69090 0.99516  0.68175 0.98690
 370  0.0000  0.86233 0.70388
 371  0.0000  0.86136 0.70505
 372  0.0000  0.85765 0.70304
 373  0.0000  0.85906 0.70348
 374  0.0000  0.86238 0.70483
 375  0.0000  0.85599 0.70241
 376  0.0000  0.85791 0.70224
 377  0.0000  0.85957 0.70227
 378  0.0000  0.86052 0.70446
 379  0.0000  0.85759 0.70084  0.70094 0.98490  0.69216 0.97590
 380  0.0000  0.85895 0.70260
 381  0.0000  0.86263 0.70367
 382  0.0000  0.86254 0.70364
 383  0.0000  0.86149 0.70321
 384  0.0000  0.86238 0.70284
 385  0.0000  0.85725 0.70156
 386  0.0000  0.85767 0.70119
 387  0.0000  0.86086 0.70330
 388  0.0000  0.85976 0.70169
 389  0.0000  0.85917 0.70118  0.69629 0.98714  0.68744 0.97933
 390  0.0000  0.85604 0.70136
 391  0.0000  0.85644 0.70058
 392  0.0000  0.85847 0.70146
 393  0.0000  0.85919 0.70067
 394  0.0000  0.85695 0.69939
 395  0.0000  0.86329 0.70246
 396  0.0000  0.86272 0.70246
 397  0.0000  0.85789 0.70130
 398  0.0000  0.85913 0.70202
 399  0.0000  0.85679 0.70111  0.69040 0.99258  0.68144 0.98371
 400  0.0000  0.85600 0.70002
 401  0.0000  0.86277 0.70184
 402  0.0000  0.85432 0.69905
 403  0.0000  0.85876 0.70003
 404  0.0000  0.86015 0.69994
 405  0.0000  0.86185 0.70199
 406  0.0000  0.85820 0.70037
 407  0.0000  0.85859 0.69976
 408  0.0000  0.85855 0.70024
 409  0.0000  0.86226 0.70080  0.69709 0.98535  0.68838 0.97949
 410  0.0000  0.85841 0.70042
 411  0.0000  0.85524 0.69807
 412  0.0000  0.85387 0.69818
 413  0.0000  0.85530 0.69898
 414  0.0000  0.86144 0.70162
 415  0.0000  0.85538 0.69873
 416  0.0000  0.86132 0.70154
 417  0.0000  0.85636 0.69948
 418  0.0000  0.85387 0.69807
 419  0.0000  0.85589 0.69799  0.68715 0.99342  0.67822 0.98283
 420  0.0000  0.86000 0.70091
 421  0.0000  0.85460 0.69895
 422  0.0000  0.85976 0.70073
 423  0.0000  0.85784 0.69922
 424  0.0000  0.85513 0.69805
 425  0.0000  0.85966 0.70038
 426  0.0000  0.85596 0.69918
 427  0.0000  0.85941 0.70002
 428  0.0000  0.85883 0.69988
 429  0.0000  0.85289 0.69770  0.68799 0.98997  0.67913 0.98397
 430  0.0000  0.86042 0.69907
 431  0.0000  0.85855 0.69941
 432  0.0000  0.85686 0.69866
 433  0.0000  0.86036 0.69923
 434  0.0000  0.85606 0.69894
 435  0.0000  0.85433 0.69741
 436  0.0000  0.85894 0.69984
 437  0.0000  0.85362 0.69708
 438  0.0000  0.85948 0.69949
 439  0.0000  0.85619 0.69789  0.68938 0.98974  0.68062 0.98006
 440  0.0000  0.85742 0.69950
 441  0.0000  0.85635 0.69786
 442  0.0000  0.85956 0.69934
 443  0.0000  0.85445 0.69670
 444  0.0000  0.85656 0.69829
 445  0.0000  0.85339 0.69743
 446  0.0000  0.85410 0.69637
 447  0.0000  0.85586 0.69757
 448  0.0000  0.85496 0.69757
 449  0.0000  0.85454 0.69763  0.68625 0.98869  0.67748 0.97984
 450  0.0000  0.85753 0.69713
 451  0.0000  0.85718 0.69854
 452  0.0000  0.85912 0.69843
 453  0.0000  0.85439 0.69719
 454  0.0000  0.85787 0.69736
 455  0.0000  0.85374 0.69678
 456  0.0000  0.85614 0.69736
 457  0.0000  0.85552 0.69725
 458  0.0000  0.85337 0.69600
 459  0.0000  0.85579 0.69809  0.68410 0.99143  0.67526 0.98242
 460  0.0000  0.85764 0.69805
 461  0.0000  0.86174 0.69935
 462  0.0000  0.85707 0.69843
 463  0.0000  0.85643 0.69738
 464  0.0000  0.85705 0.69805
 465  0.0000  0.85652 0.69765
 466  0.0000  0.85070 0.69554
 467  0.0000  0.85373 0.69600
 468  0.0000  0.85584 0.69725
 469  0.0000  0.85342 0.69644  0.67965 0.99240  0.67077 0.98513
 470  0.0000  0.85941 0.69717
 471  0.0000  0.85470 0.69645
 472  0.0000  0.85788 0.69688
 473  0.0000  0.85477 0.69699
 474  0.0000  0.85342 0.69612
 475  0.0000  0.85507 0.69664
 476  0.0000  0.85548 0.69695
 477  0.0000  0.85438 0.69596
 478  0.0000  0.85791 0.69676
 479  0.0000  0.85732 0.69629  0.68959 0.98571  0.68107 0.97709
 480  0.0000  0.84961 0.69362
 481  0.0000  0.85421 0.69585
 482  0.0000  0.85790 0.69630
 483  0.0000  0.85685 0.69605
 484  0.0000  0.85669 0.69731
 485  0.0000  0.85386 0.69516
 486  0.0000  0.85557 0.69623
 487  0.0000  0.85468 0.69568
 488  0.0000  0.85548 0.69611
 489  0.0000  0.85435 0.69532  0.68469 0.98961  0.67606 0.97834
 490  0.0000  0.85320 0.69498
 491  0.0000  0.85252 0.69473
 492  0.0000  0.85590 0.69579
 493  0.0000  0.85594 0.69592
 494  0.0000  0.85882 0.69666
 495  0.0000  0.85510 0.69641
 496  0.0000  0.85425 0.69585
 497  0.0000  0.85474 0.69582
 498  0.0000  0.85730 0.69613
 499  0.0000  0.85436 0.69553  0.69263 0.98335  0.68426 0.97442
training rmse of layer: exact 0.692626 noisy 0.98203
testing rmse of layer: exact 0.684262 noisy 0.973721
testing rmse of stack: exact 0.684262 noisy 0.974147



--------- LAYER 1 ---------

iter      lr  -- inst train--  ---- train ----  ---- test -----
----  ------    exact   noisy    exact   noisy    exact   noisy
   0  0.0000  1.83123 1.80254
   1  0.0000  1.32472 1.29996
   2  0.0000  1.25266 1.22574
   3  0.0000  1.21664 1.18581
   4  0.0000  1.18371 1.15250
   5  0.0000  1.15778 1.12405
   6  0.0000  1.13270 1.09890
   7  0.0000  1.11316 1.07632
   8  0.0000  1.09402 1.05798
   9  0.0000  1.07792 1.04030  1.03563 1.10052  1.02864 1.09411
  10  0.0000  1.06273 1.02404
  11  0.0000  1.05354 1.01281
  12  0.0000  1.04030 1.00086
  13  0.0000  1.03288 0.98990
  14  0.0000  1.02304 0.98108
  15  0.0000  1.01381 0.97245
  16  0.0000  1.00826 0.96677
  17  0.0000  1.00269 0.95993
  18  0.0000  0.99658 0.95355
  19  0.0000  0.99459 0.94765  0.95260 1.02455  0.94704 1.02009
  20  0.0000  0.98681 0.94427
  21  0.0000  0.98463 0.93902
  22  0.0000  0.98035 0.93490
  23  0.0000  0.97454 0.93021
  24  0.0000  0.97074 0.92514
  25  0.0000  0.97175 0.92240
  26  0.0000  0.96628 0.91833
  27  0.0000  0.96443 0.91540
  28  0.0000  0.96045 0.91181
  29  0.0000  0.95937 0.90929  0.91481 0.99377  0.90997 0.98945
  30  0.0000  0.95484 0.90388
  31  0.0000  0.95227 0.90244
  32  0.0000  0.95305 0.90064
  33  0.0000  0.94581 0.89513
  34  0.0000  0.94424 0.89329
  35  0.0000  0.94475 0.89034
  36  0.0000  0.93771 0.88736
  37  0.0000  0.93873 0.88379
  38  0.0000  0.93810 0.88348
  39  0.0000  0.93434 0.88072  0.88291 0.97593  0.87849 0.97361
  40  0.0000  0.93203 0.87749
  41  0.0000  0.93282 0.87631
  42  0.0000  0.92955 0.87457
  43  0.0000  0.92836 0.87154
  44  0.0000  0.92826 0.87060
  45  0.0000  0.92087 0.86428
  46  0.0000  0.92110 0.86387
  47  0.0000  0.91726 0.86301
  48  0.0000  0.91703 0.86041
  49  0.0000  0.91705 0.85710  0.86036 0.96523  0.85626 0.96188
  50  0.0000  0.91796 0.85811
  51  0.0000  0.91671 0.85692
  52  0.0000  0.91167 0.85230
  53  0.0000  0.91091 0.85082
  54  0.0000  0.91235 0.85042
  55  0.0000  0.90784 0.84809
  56  0.0000  0.90811 0.84625
  57  0.0000  0.90451 0.84331
  58  0.0000  0.90632 0.84406
  59  0.0000  0.90261 0.84145  0.85363 0.94852  0.84989 0.94564
  60  0.0000  0.90208 0.84015
  61  0.0000  0.89916 0.83711
  62  0.0000  0.90182 0.83600
  63  0.0000  0.89825 0.83521
  64  0.0000  0.89834 0.83391
  65  0.0000  0.89574 0.83100
  66  0.0000  0.89573 0.83006
  67  0.0000  0.89245 0.82801
  68  0.0000  0.89481 0.83005
  69  0.0000  0.89103 0.82627  0.82192 0.95264  0.81813 0.94911
  70  0.0000  0.88985 0.82360
  71  0.0000  0.89183 0.82574
  72  0.0000  0.89101 0.82286
  73  0.0000  0.88833 0.82182
  74  0.0000  0.88568 0.81851
  75  0.0000  0.88745 0.81803
  76  0.0000  0.88389 0.81645
  77  0.0000  0.88498 0.81594
  78  0.0000  0.88379 0.81539
  79  0.0000  0.88416 0.81359  0.83379 0.92985  0.83045 0.92788
  80  0.0000  0.88319 0.81318
  81  0.0000  0.88190 0.81172
  82  0.0000  0.88148 0.80941
  83  0.0000  0.87839 0.80847
  84  0.0000  0.87656 0.80684
  85  0.0000  0.87714 0.80489
  86  0.0000  0.87720 0.80574
  87  0.0000  0.87579 0.80410
  88  0.0000  0.87462 0.80379
  89  0.0000  0.87623 0.80153  0.80970 0.93268  0.80632 0.93085
  90  0.0000  0.87438 0.80131
  91  0.0000  0.87321 0.80066
  92  0.0000  0.87609 0.79987
  93  0.0000  0.87401 0.79884
  94  0.0000  0.87132 0.79681
  95  0.0000  0.87220 0.79754
  96  0.0000  0.87114 0.79561
  97  0.0000  0.87040 0.79408
  98  0.0000  0.86880 0.79355
  99  0.0000  0.87068 0.79349  0.79938 0.92843  0.79607 0.92631
 100  0.0000  0.86818 0.79259
 101  0.0000  0.86632 0.79051
 102  0.0000  0.86810 0.79138
 103  0.0000  0.86854 0.79067
 104  0.0000  0.86249 0.78775
 105  0.0000  0.86206 0.78649
 106  0.0000  0.86738 0.78774
 107  0.0000  0.86366 0.78559
 108  0.0000  0.86354 0.78487
 109  0.0000  0.86207 0.78396  0.79626 0.92307  0.79309 0.91941
 110  0.0000  0.85963 0.78105
 111  0.0000  0.86246 0.78211
 112  0.0000  0.85943 0.78020
 113  0.0000  0.85643 0.77886
 114  0.0000  0.86124 0.78101
 115  0.0000  0.85605 0.77926
 116  0.0000  0.85919 0.77917
 117  0.0000  0.85768 0.77794
 118  0.0000  0.85756 0.77650
 119  0.0000  0.85815 0.77702  0.78077 0.92472  0.77757 0.92140
 120  0.0000  0.85599 0.77539
 121  0.0000  0.85863 0.77501
 122  0.0000  0.85649 0.77370
 123  0.0000  0.85482 0.77404
 124  0.0000  0.85471 0.77263
 125  0.0000  0.85113 0.77079
 126  0.0000  0.85374 0.77100
 127  0.0000  0.85509 0.77135
 128  0.0000  0.84822 0.76847
 129  0.0000  0.84971 0.76687  0.78537 0.91411  0.78236 0.91171
 130  0.0000  0.85154 0.76885
 131  0.0000  0.85223 0.76801
 132  0.0000  0.85329 0.76837
 133  0.0000  0.84929 0.76599
 134  0.0000  0.85047 0.76671
 135  0.0000  0.85089 0.76463
 136  0.0000  0.84800 0.76340
 137  0.0000  0.84778 0.76369
 138  0.0000  0.84992 0.76342
 139  0.0000  0.84719 0.76306  0.77106 0.91781  0.76799 0.91503
 140  0.0000  0.84999 0.76272
 141  0.0000  0.84848 0.76069
 142  0.0000  0.84730 0.76073
 143  0.0000  0.85013 0.76025
 144  0.0000  0.84642 0.75901
 145  0.0000  0.84675 0.76119
 146  0.0000  0.84628 0.75801
 147  0.0000  0.84290 0.75740
 148  0.0000  0.84543 0.75693
 149  0.0000  0.84313 0.75674  0.76557 0.91550  0.76255 0.91218
 150  0.0000  0.84566 0.75750
 151  0.0000  0.84383 0.75551
 152  0.0000  0.84596 0.75619
 153  0.0000  0.84345 0.75465
 154  0.0000  0.84187 0.75292
 155  0.0000  0.84631 0.75459
 156  0.0000  0.84168 0.75285
 157  0.0000  0.83844 0.75258
 158  0.0000  0.84381 0.75299
 159  0.0000  0.84278 0.75252  0.76084 0.91351  0.75784 0.91206
 160  0.0000  0.83924 0.75072
 161  0.0000  0.84031 0.75108
 162  0.0000  0.83971 0.74937
 163  0.0000  0.84074 0.74934
 164  0.0000  0.84185 0.74954
 165  0.0000  0.84130 0.74927
 166  0.0000  0.84012 0.74823
 167  0.0000  0.84245 0.74920
 168  0.0000  0.84126 0.74852
 169  0.0000  0.83915 0.74654  0.75009 0.91682  0.74706 0.91594
 170  0.0000  0.83834 0.74675
 171  0.0000  0.83755 0.74586
 172  0.0000  0.83987 0.74569
 173  0.0000  0.83847 0.74571
 174  0.0000  0.83862 0.74402
 175  0.0000  0.83912 0.74513
 176  0.0000  0.83784 0.74586
 177  0.0000  0.83960 0.74447
 178  0.0000  0.83555 0.74336
 179  0.0000  0.83473 0.74188  0.75358 0.90852  0.75066 0.90668
 180  0.0000  0.83454 0.74245
 181  0.0000  0.83444 0.74068
 182  0.0000  0.83805 0.74276
 183  0.0000  0.83627 0.74245
 184  0.0000  0.83932 0.74209
 185  0.0000  0.83655 0.74107
 186  0.0000  0.83448 0.74069
 187  0.0000  0.83459 0.74026
 188  0.0000  0.83621 0.73947
 189  0.0000  0.83350 0.73741  0.73571 0.91822  0.73265 0.91706
 190  0.0000  0.83338 0.73938
 191  0.0000  0.83655 0.74063
 192  0.0000  0.83351 0.73830
 193  0.0000  0.83503 0.73842
 194  0.0000  0.83614 0.73851
 195  0.0000  0.83406 0.73902
 196  0.0000  0.83466 0.73847
 197  0.0000  0.83228 0.73598
 198  0.0000  0.83280 0.73579
 199  0.0000  0.82912 0.73444  0.74544 0.90776  0.74258 0.90739
 200  0.0000  0.82955 0.73447
 201  0.0000  0.82880 0.73434
 202  0.0000  0.83056 0.73379
 203  0.0000  0.83074 0.73334
 204  0.0000  0.82817 0.73099
 205  0.0000  0.83042 0.73265
 206  0.0000  0.82915 0.73189
 207  0.0000  0.82797 0.73140
 208  0.0000  0.82974 0.73071
 209  0.0000  0.83147 0.73390  0.74261 0.90761  0.73978 0.90519
 210  0.0000  0.83151 0.73207
 211  0.0000  0.82775 0.73027
 212  0.0000  0.83105 0.73176
 213  0.0000  0.82933 0.73144
 214  0.0000  0.83210 0.73141
 215  0.0000  0.82938 0.73081
 216  0.0000  0.83079 0.73134
 217  0.0000  0.83187 0.72983
 218  0.0000  0.82887 0.72957
 219  0.0000  0.82796 0.72889  0.72989 0.91297  0.72689 0.91103
 220  0.0000  0.82531 0.72576
 221  0.0000  0.82713 0.72764
 222  0.0000  0.83337 0.72851
 223  0.0000  0.82964 0.72989
 224  0.0000  0.82767 0.72766
 225  0.0000  0.82826 0.72744
 226  0.0000  0.82818 0.72750
 227  0.0000  0.82494 0.72573
 228  0.0000  0.82640 0.72630
 229  0.0000  0.82659 0.72600  0.72399 0.91412  0.72097 0.91165
 230  0.0000  0.82489 0.72431
 231  0.0000  0.82616 0.72657
 232  0.0000  0.82702 0.72630
 233  0.0000  0.82927 0.72628
 234  0.0000  0.82575 0.72504
 235  0.0000  0.82660 0.72492
 236  0.0000  0.82296 0.72339
 237  0.0000  0.82572 0.72388
 238  0.0000  0.82661 0.72526
 239  0.0000  0.82376 0.72350  0.73185 0.90699  0.72900 0.90600
 240  0.0000  0.82542 0.72372
 241  0.0000  0.82806 0.72371
 242  0.0000  0.82721 0.72208
 243  0.0000  0.82428 0.72259
 244  0.0000  0.82642 0.72278
 245  0.0000  0.82088 0.72149
 246  0.0000  0.82137 0.72114
 247  0.0000  0.82453 0.72099
 248  0.0000  0.82771 0.72238
 249  0.0000  0.82749 0.72146  0.73227 0.90472  0.72947 0.90244
 250  0.0000  0.82697 0.72196
 251  0.0000  0.82361 0.72107
 252  0.0000  0.82513 0.72105
 253  0.0000  0.82382 0.72140
 254  0.0000  0.82410 0.71941
 255  0.0000  0.82190 0.72033
 256  0.0000  0.82511 0.72051
 257  0.0000  0.82355 0.71876
 258  0.0000  0.82205 0.71759
 259  0.0000  0.82061 0.71771  0.72233 0.91006  0.71943 0.90707
 260  0.0000  0.82370 0.71928
 261  0.0000  0.82094 0.71843
 262  0.0000  0.82625 0.71867
 263  0.0000  0.82451 0.71934
 264  0.0000  0.82503 0.71923
 265  0.0000  0.82103 0.71747
 266  0.0000  0.82152 0.71568
 267  0.0000  0.81754 0.71627
 268  0.0000  0.82090 0.71575
 269  0.0000  0.82113 0.71719  0.72153 0.90724  0.71865 0.90795
 270  0.0000  0.82363 0.71706
 271  0.0000  0.82130 0.71667
 272  0.0000  0.81987 0.71462
 273  0.0000  0.82221 0.71641
 274  0.0000  0.82067 0.71560
 275  0.0000  0.82057 0.71559
 276  0.0000  0.82230 0.71660
 277  0.0000  0.82379 0.71706
 278  0.0000  0.82292 0.71611
 279  0.0000  0.81863 0.71302  0.72403 0.90534  0.72124 0.90295
 280  0.0000  0.82127 0.71523
 281  0.0000  0.82350 0.71469
 282  0.0000  0.81960 0.71463
 283  0.0000  0.81989 0.71317
 284  0.0000  0.82412 0.71583
 285  0.0000  0.81842 0.71307
 286  0.0000  0.81970 0.71326
 287  0.0000  0.81659 0.71170
 288  0.0000  0.82215 0.71312
 289  0.0000  0.81908 0.71354  0.72139 0.90472  0.71859 0.90324
 290  0.0000  0.81790 0.71223
 291  0.0000  0.81787 0.71167
 292  0.0000  0.81982 0.71176
 293  0.0000  0.81959 0.71268
 294  0.0000  0.81662 0.70984
 295  0.0000  0.81805 0.71121
 296  0.0000  0.81759 0.71039
 297  0.0000  0.81667 0.71078
 298  0.0000  0.82139 0.71211
 299  0.0000  0.81894 0.71195  0.71152 0.90940  0.70862 0.90870
 300  0.0000  0.82119 0.71186
 301  0.0000  0.81858 0.71105
 302  0.0000  0.81957 0.71119
 303  0.0000  0.81600 0.70859
 304  0.0000  0.81698 0.70952
 305  0.0000  0.81843 0.71064
 306  0.0000  0.81773 0.70901
 307  0.0000  0.82165 0.71085
 308  0.0000  0.81549 0.70831
 309  0.0000  0.81715 0.70811  0.71635 0.90539  0.71352 0.90413
 310  0.0000  0.82110 0.71174
 311  0.0000  0.82116 0.71098
 312  0.0000  0.81680 0.70818
 313  0.0000  0.82129 0.71059
 314  0.0000  0.81809 0.70846
 315  0.0000  0.81971 0.70988
 316  0.0000  0.81636 0.70703
 317  0.0000  0.82078 0.70877
 318  0.0000  0.81729 0.70812
 319  0.0000  0.81654 0.70749  0.71437 0.90567  0.71157 0.90441
 320  0.0000  0.81898 0.70855
 321  0.0000  0.81406 0.70510
 322  0.0000  0.81442 0.70517
 323  0.0000  0.81691 0.70776
 324  0.0000  0.81679 0.70714
 325  0.0000  0.81675 0.70558
 326  0.0000  0.81445 0.70624
 327  0.0000  0.81259 0.70564
 328  0.0000  0.81688 0.70463
 329  0.0000  0.81771 0.70754  0.71456 0.90393  0.71178 0.90116
 330  0.0000  0.81412 0.70532
 331  0.0000  0.81787 0.70710
 332  0.0000  0.81808 0.70648
 333  0.0000  0.81471 0.70515
 334  0.0000  0.81534 0.70468
 335  0.0000  0.81390 0.70519
 336  0.0000  0.81421 0.70549
 337  0.0000  0.82008 0.70723
 338  0.0000  0.81190 0.70497
 339  0.0000  0.81492 0.70327  0.72084 0.90063  0.71817 0.90061
 340  0.0000  0.81587 0.70453
 341  0.0000  0.81732 0.70492
 342  0.0000  0.81363 0.70391
 343  0.0000  0.81746 0.70561
 344  0.0000  0.81372 0.70417
 345  0.0000  0.81496 0.70334
 346  0.0000  0.81413 0.70356
 347  0.0000  0.81305 0.70338
 348  0.0000  0.81180 0.70148
 349  0.0000  0.81433 0.70463  0.71373 0.90524  0.71097 0.90191
 350  0.0000  0.81664 0.70485
 351  0.0000  0.81226 0.70201
 352  0.0000  0.81552 0.70370
 353  0.0000  0.81407 0.70231
 354  0.0000  0.81286 0.70236
 355  0.0000  0.81569 0.70192
 356  0.0000  0.81488 0.70579
 357  0.0000  0.81501 0.70287
 358  0.0000  0.81554 0.70271
 359  0.0000  0.81582 0.70380  0.72016 0.89966  0.71755 0.89795
 360  0.0000  0.81566 0.70421
 361  0.0000  0.81229 0.70189
 362  0.0000  0.81194 0.70135
 363  0.0000  0.81467 0.70336
 364  0.0000  0.81219 0.70133
 365  0.0000  0.81468 0.70199
 366  0.0000  0.81573 0.70304
 367  0.0000  0.80986 0.69909
 368  0.0000  0.81631 0.70200
 369  0.0000  0.81491 0.70148  0.70718 0.90521  0.70438 0.90337
 370  0.0000  0.81188 0.70063
 371  0.0000  0.81238 0.70098
 372  0.0000  0.81499 0.70144
 373  0.0000  0.81295 0.69976
 374  0.0000  0.81337 0.70001
 375  0.0000  0.81328 0.70068
 376  0.0000  0.81365 0.70014
 377  0.0000  0.81368 0.70060
 378  0.0000  0.81375 0.70008
 379  0.0000  0.81342 0.69964  0.71594 0.89995  0.71327 0.89831
 380  0.0000  0.81146 0.70005
 381  0.0000  0.81323 0.69962
 382  0.0000  0.81436 0.69965
 383  0.0000  0.81496 0.70097
 384  0.0000  0.81289 0.69984
 385  0.0000  0.81130 0.69839
 386  0.0000  0.81336 0.70044
 387  0.0000  0.81357 0.70001
 388  0.0000  0.81218 0.69815
 389  0.0000  0.81490 0.69973  0.71423 0.89997  0.71157 0.89834
 390  0.0000  0.81114 0.69867
 391  0.0000  0.80921 0.69828
 392  0.0000  0.80943 0.69806
 393  0.0000  0.81602 0.69945
 394  0.0000  0.81370 0.70072
 395  0.0000  0.81199 0.69924
 396  0.0000  0.81236 0.69947
 397  0.0000  0.81419 0.70006
 398  0.0000  0.81210 0.69816
 399  0.0000  0.80914 0.69710  0.69296 0.91379  0.69000 0.91293
 400  0.0000  0.81347 0.69844
 401  0.0000  0.81450 0.69913
 402  0.0000  0.81141 0.69801
 403  0.0000  0.81647 0.69786
 404  0.0000  0.80927 0.69634
 405  0.0000  0.81095 0.69731
 406  0.0000  0.81134 0.69748
 407  0.0000  0.81085 0.69709
 408  0.0000  0.81400 0.69812
 409  0.0000  0.81259 0.69794  0.69401 0.91113  0.69108 0.91045
 410  0.0000  0.81447 0.69848
 411  0.0000  0.81031 0.69707
 412  0.0000  0.81100 0.69722
 413  0.0000  0.81101 0.69745
 414  0.0000  0.81275 0.69765
 415  0.0000  0.81142 0.69694
 416  0.0000  0.81092 0.69531
 417  0.0000  0.81415 0.69691
 418  0.0000  0.81350 0.69698
 419  0.0000  0.80929 0.69601  0.69757 0.90869  0.69475 0.90926
 420  0.0000  0.81268 0.69689
 421  0.0000  0.80860 0.69490
 422  0.0000  0.81358 0.69701
 423  0.0000  0.80957 0.69711
 424  0.0000  0.81438 0.69731
 425  0.0000  0.81306 0.69692
 426  0.0000  0.81220 0.69725
 427  0.0000  0.81044 0.69628
 428  0.0000  0.81212 0.69625
 429  0.0000  0.81123 0.69710  0.69629 0.90808  0.69346 0.91004
 430  0.0000  0.81326 0.69649
 431  0.0000  0.81315 0.69705
 432  0.0000  0.80871 0.69457
 433  0.0000  0.81273 0.69703
 434  0.0000  0.80876 0.69519
 435  0.0000  0.81228 0.69618
 436  0.0000  0.81345 0.69698
 437  0.0000  0.81206 0.69564
 438  0.0000  0.80933 0.69430
 439  0.0000  0.81402 0.69640  0.70786 0.89889  0.70520 0.90094
 440  0.0000  0.81144 0.69525
 441  0.0000  0.80895 0.69447
 442  0.0000  0.80825 0.69283
 443  0.0000  0.81408 0.69651
 444  0.0000  0.81292 0.69500
 445  0.0000  0.80918 0.69384
 446  0.0000  0.81126 0.69555
 447  0.0000  0.80947 0.69346
 448  0.0000  0.81248 0.69413
 449  0.0000  0.81142 0.69539  0.69962 0.90472  0.69685 0.90361
 450  0.0000  0.81524 0.69609
 451  0.0000  0.80893 0.69285
 452  0.0000  0.80987 0.69422
 453  0.0000  0.81609 0.69743
 454  0.0000  0.80832 0.69433
 455  0.0000  0.81283 0.69552
 456  0.0000  0.81073 0.69437
 457  0.0000  0.80744 0.69264
 458  0.0000  0.81226 0.69481
 459  0.0000  0.80737 0.69255  0.70208 0.90442  0.69936 0.90207
 460  0.0000  0.81157 0.69427
 461  0.0000  0.81124 0.69263
 462  0.0000  0.81155 0.69418
 463  0.0000  0.81361 0.69573
 464  0.0000  0.81354 0.69529
 465  0.0000  0.81201 0.69384
 466  0.0000  0.81066 0.69334
 467  0.0000  0.80879 0.69431
 468  0.0000  0.80779 0.69153
 469  0.0000  0.81318 0.69359  0.71350 0.89690  0.71097 0.89608
 470  0.0000  0.80890 0.69283
 471  0.0000  0.80790 0.69307
 472  0.0000  0.81482 0.69477
 473  0.0000  0.80934 0.69393
 474  0.0000  0.80963 0.69214
 475  0.0000  0.81033 0.69423
 476  0.0000  0.80858 0.69233
 477  0.0000  0.81100 0.69287
 478  0.0000  0.81274 0.69403
 479  0.0000  0.80904 0.69212  0.69656 0.90724  0.69377 0.90555
 480  0.0000  0.81187 0.69356
 481  0.0000  0.80877 0.69230
 482  0.0000  0.80921 0.69182
 483  0.0000  0.80950 0.69227
 484  0.0000  0.80619 0.69222
 485  0.0000  0.81077 0.69281
 486  0.0000  0.80940 0.69192
 487  0.0000  0.81019 0.69133
 488  0.0000  0.81069 0.69178
 489  0.0000  0.80877 0.69181  0.69881 0.90357  0.69609 0.90411
 490  0.0000  0.81078 0.69180
 491  0.0000  0.80948 0.69130
 492  0.0000  0.80818 0.69258
 493  0.0000  0.80872 0.69140
 494  0.0000  0.81282 0.69265
 495  0.0000  0.80706 0.69176
 496  0.0000  0.80812 0.69119
 497  0.0000  0.81107 0.69197
 498  0.0000  0.80807 0.69071
 499  0.0000  0.81399 0.69260  0.70333 0.90285  0.70072 0.90113
training rmse of layer: exact 0.70333 noisy 0.901603
testing rmse of layer: exact 0.700723 noisy 0.901729
testing rmse of stack: exact 1.18081 noisy 1.12594



--------- LAYER 2 ---------

iter      lr  -- inst train--  ---- train ----  ---- test -----
----  ------    exact   noisy    exact   noisy    exact   noisy
   0  0.0000  1.85283 1.82423
   1  0.0000  1.19999 1.17743
   2  0.0000  1.14715 1.12330
   3  0.0000  1.11532 1.09105
   4  0.0000  1.09005 1.06323
   5  0.0000  1.06607 1.03734
   6  0.0000  1.04103 1.01300
   7  0.0000  1.02274 0.99168
   8  0.0000  1.00448 0.97275
   9  0.0000  0.98711 0.95580  0.95156 1.00705  0.94475 1.00138
  10  0.0000  0.97576 0.94150
  11  0.0000  0.96437 0.92837
  12  0.0000  0.95242 0.91779
  13  0.0000  0.94264 0.90708
  14  0.0000  0.93510 0.89800
  15  0.0000  0.92792 0.88987
  16  0.0000  0.91880 0.88211
  17  0.0000  0.91548 0.87530
  18  0.0000  0.91068 0.86981
  19  0.0000  0.90295 0.86235  0.86726 0.93024  0.86123 0.92525
  20  0.0000  0.90051 0.85815
  21  0.0000  0.89623 0.85334
  22  0.0000  0.89037 0.84743
  23  0.0000  0.88599 0.84367
  24  0.0000  0.88402 0.83963
  25  0.0000  0.87963 0.83537
  26  0.0000  0.87515 0.83219
  27  0.0000  0.87283 0.82860
  28  0.0000  0.87064 0.82482
  29  0.0000  0.86842 0.82250  0.82841 0.90004  0.82290 0.89560
  30  0.0000  0.86476 0.81762
  31  0.0000  0.86306 0.81502
  32  0.0000  0.86129 0.81294
  33  0.0000  0.85863 0.81032
  34  0.0000  0.85276 0.80649
  35  0.0000  0.85204 0.80452
  36  0.0000  0.85172 0.80288
  37  0.0000  0.85045 0.79951
  38  0.0000  0.84731 0.79733
  39  0.0000  0.84511 0.79491  0.79792 0.88599  0.79282 0.88146
  40  0.0000  0.84534 0.79400
  41  0.0000  0.84314 0.79098
  42  0.0000  0.83909 0.78867
  43  0.0000  0.83882 0.78664
  44  0.0000  0.83838 0.78440
  45  0.0000  0.83440 0.78186
  46  0.0000  0.83447 0.78059
  47  0.0000  0.83313 0.77868
  48  0.0000  0.83016 0.77669
  49  0.0000  0.83033 0.77667  0.77994 0.87313  0.77522 0.87027
  50  0.0000  0.82862 0.77484
  51  0.0000  0.82672 0.77169
  52  0.0000  0.82512 0.76980
  53  0.0000  0.82513 0.76948
  54  0.0000  0.82519 0.76799
  55  0.0000  0.82104 0.76577
  56  0.0000  0.82116 0.76512
  57  0.0000  0.82281 0.76339
  58  0.0000  0.82241 0.76313
  59  0.0000  0.81931 0.76010  0.76609 0.86484  0.76157 0.86096
  60  0.0000  0.81585 0.75907
  61  0.0000  0.81639 0.75784
  62  0.0000  0.81685 0.75690
  63  0.0000  0.81550 0.75501
  64  0.0000  0.81528 0.75451
  65  0.0000  0.81324 0.75236
  66  0.0000  0.81184 0.75134
  67  0.0000  0.81021 0.74983
  68  0.0000  0.81200 0.75086
  69  0.0000  0.80923 0.74864  0.74845 0.86127  0.74411 0.85815
  70  0.0000  0.80722 0.74689
  71  0.0000  0.80878 0.74551
  72  0.0000  0.80459 0.74418
  73  0.0000  0.80564 0.74211
  74  0.0000  0.80580 0.74286
  75  0.0000  0.80132 0.73963
  76  0.0000  0.80361 0.74033
  77  0.0000  0.80183 0.73943
  78  0.0000  0.80193 0.73825
  79  0.0000  0.79815 0.73735  0.73781 0.85705  0.73358 0.85390
  80  0.0000  0.79901 0.73678
  81  0.0000  0.80256 0.73597
  82  0.0000  0.80064 0.73478
  83  0.0000  0.79669 0.73233
  84  0.0000  0.80102 0.73367
  85  0.0000  0.79619 0.73167
  86  0.0000  0.79595 0.73062
  87  0.0000  0.80004 0.73062
  88  0.0000  0.79806 0.72967
  89  0.0000  0.79559 0.72870  0.73320 0.85017  0.72909 0.84782
  90  0.0000  0.79321 0.72618
  91  0.0000  0.79566 0.72701
  92  0.0000  0.79273 0.72480
  93  0.0000  0.79489 0.72531
  94  0.0000  0.79353 0.72360
  95  0.0000  0.79076 0.72420
  96  0.0000  0.79047 0.72298
  97  0.0000  0.78892 0.72123
  98  0.0000  0.78979 0.72067
  99  0.0000  0.79116 0.72119  0.72643 0.84704  0.72239 0.84271
 100  0.0000  0.79028 0.72025
 101  0.0000  0.78872 0.71866
 102  0.0000  0.78809 0.71762
 103  0.0000  0.78837 0.71657
 104  0.0000  0.79034 0.71695
 105  0.0000  0.78476 0.71577
 106  0.0000  0.78671 0.71400
 107  0.0000  0.78699 0.71490
 108  0.0000  0.78558 0.71331
 109  0.0000  0.78601 0.71412  0.72946 0.83795  0.72559 0.83416
 110  0.0000  0.78423 0.71298
 111  0.0000  0.78419 0.71277
 112  0.0000  0.78514 0.71178
 113  0.0000  0.78460 0.71113
 114  0.0000  0.78337 0.71031
 115  0.0000  0.78348 0.70844
 116  0.0000  0.78181 0.70915
 117  0.0000  0.78372 0.70915
 118  0.0000  0.78500 0.70926
 119  0.0000  0.78129 0.70711  0.72078 0.83886  0.71697 0.83376
 120  0.0000  0.78243 0.70767
 121  0.0000  0.78469 0.70705
 122  0.0000  0.78049 0.70639
 123  0.0000  0.77942 0.70524
 124  0.0000  0.78240 0.70519
 125  0.0000  0.77859 0.70400
 126  0.0000  0.77727 0.70218
 127  0.0000  0.77784 0.70227
 128  0.0000  0.77565 0.70157
 129  0.0000  0.77951 0.70270  0.71426 0.83657  0.71050 0.83342
 130  0.0000  0.77717 0.70067
 131  0.0000  0.77639 0.70058
 132  0.0000  0.77714 0.69962
 133  0.0000  0.77892 0.70156
 134  0.0000  0.77681 0.69992
 135  0.0000  0.77772 0.69938
 136  0.0000  0.77322 0.69576
 137  0.0000  0.77603 0.69701
 138  0.0000  0.77711 0.69723
 139  0.0000  0.77623 0.69651  0.70049 0.84039  0.69672 0.83736
 140  0.0000  0.77350 0.69506
 141  0.0000  0.77487 0.69595
 142  0.0000  0.77185 0.69379
 143  0.0000  0.77340 0.69456
 144  0.0000  0.77445 0.69333
 145  0.0000  0.77317 0.69324
 146  0.0000  0.77498 0.69468
 147  0.0000  0.77108 0.69222
 148  0.0000  0.77041 0.69136
 149  0.0000  0.77086 0.69226  0.71046 0.82817  0.70685 0.82667
 150  0.0000  0.77515 0.69255
 151  0.0000  0.77144 0.69120
 152  0.0000  0.77359 0.69187
 153  0.0000  0.77053 0.69083
 154  0.0000  0.77226 0.69008
 155  0.0000  0.77084 0.68893
 156  0.0000  0.77064 0.69016
 157  0.0000  0.76931 0.68829
 158  0.0000  0.76975 0.68782
 159  0.0000  0.76806 0.68743  0.68768 0.84104  0.68400 0.83912
 160  0.0000  0.76782 0.68808
 161  0.0000  0.76941 0.68674
 162  0.0000  0.76801 0.68703
 163  0.0000  0.77275 0.68792
 164  0.0000  0.76759 0.68525
 165  0.0000  0.76577 0.68518
 166  0.0000  0.76545 0.68445
 167  0.0000  0.76660 0.68414
 168  0.0000  0.76913 0.68489
 169  0.0000  0.76903 0.68493  0.69439 0.83225  0.69083 0.82832
 170  0.0000  0.76333 0.68234
 171  0.0000  0.76677 0.68473
 172  0.0000  0.76579 0.68322
 173  0.0000  0.76487 0.68190
 174  0.0000  0.76741 0.68229
 175  0.0000  0.76481 0.68152
 176  0.0000  0.76510 0.68126
 177  0.0000  0.76782 0.68195
 178  0.0000  0.76453 0.68004
 179  0.0000  0.76510 0.68080  0.68452 0.83555  0.68095 0.83171
 180  0.0000  0.76487 0.67934
 181  0.0000  0.76470 0.67960
 182  0.0000  0.76420 0.68030
 183  0.0000  0.76292 0.67891
 184  0.0000  0.76293 0.67880
 185  0.0000  0.76230 0.67741
 186  0.0000  0.76252 0.67703
 187  0.0000  0.76525 0.67796
 188  0.0000  0.76064 0.67607
 189  0.0000  0.76758 0.67958  0.68573 0.83233  0.68223 0.82972
 190  0.0000  0.76350 0.67730
 191  0.0000  0.76191 0.67673
 192  0.0000  0.76227 0.67594
 193  0.0000  0.76412 0.67673
 194  0.0000  0.76378 0.67621
 195  0.0000  0.76392 0.67558
 196  0.0000  0.76333 0.67573
 197  0.0000  0.76043 0.67492
 198  0.0000  0.76079 0.67473
 199  0.0000  0.76128 0.67387  0.68826 0.82700  0.68484 0.82417
 200  0.0000  0.76440 0.67441
 201  0.0000  0.76314 0.67458
 202  0.0000  0.75991 0.67414
 203  0.0000  0.76065 0.67411
 204  0.0000  0.76056 0.67331
 205  0.0000  0.75998 0.67291
 206  0.0000  0.76080 0.67233
 207  0.0000  0.76119 0.67362
 208  0.0000  0.76025 0.67145
 209  0.0000  0.75923 0.67226  0.67368 0.83271  0.67023 0.83092
 210  0.0000  0.75961 0.67141
 211  0.0000  0.75809 0.67043
 212  0.0000  0.76134 0.67133
 213  0.0000  0.75702 0.67078
 214  0.0000  0.76059 0.67151
 215  0.0000  0.75958 0.67006
 216  0.0000  0.75986 0.67036
 217  0.0000  0.75758 0.66888
 218  0.0000  0.75933 0.66976
 219  0.0000  0.75670 0.66955  0.66937 0.83231  0.66594 0.83217
 220  0.0000  0.76276 0.67098
 221  0.0000  0.75713 0.66853
 222  0.0000  0.75702 0.66837
 223  0.0000  0.75638 0.66776
 224  0.0000  0.75826 0.66689
 225  0.0000  0.75713 0.66701
 226  0.0000  0.75693 0.66701
 227  0.0000  0.75898 0.66686
 228  0.0000  0.75474 0.66619
 229  0.0000  0.75538 0.66653  0.66930 0.83255  0.66591 0.82909
 230  0.0000  0.75603 0.66612
 231  0.0000  0.75829 0.66753
 232  0.0000  0.75660 0.66637
 233  0.0000  0.75463 0.66439
 234  0.0000  0.75715 0.66602
 235  0.0000  0.75678 0.66557
 236  0.0000  0.75675 0.66419
 237  0.0000  0.75315 0.66393
 238  0.0000  0.75578 0.66544
 239  0.0000  0.75349 0.66399  0.66604 0.83258  0.66268 0.82706
 240  0.0000  0.75436 0.66249
 241  0.0000  0.75623 0.66565
 242  0.0000  0.75479 0.66375
 243  0.0000  0.75325 0.66220
 244  0.0000  0.75524 0.66348
 245  0.0000  0.75348 0.66320
 246  0.0000  0.75534 0.66195
 247  0.0000  0.75601 0.66335
 248  0.0000  0.75469 0.66315
 249  0.0000  0.75381 0.66210  0.66983 0.82661  0.66655 0.82322
 250  0.0000  0.75090 0.66059
 251  0.0000  0.75465 0.66218
 252  0.0000  0.75396 0.66246
 253  0.0000  0.75321 0.66087
 254  0.0000  0.75414 0.66149
 255  0.0000  0.75492 0.66073
 256  0.0000  0.75234 0.65971
 257  0.0000  0.75248 0.66036
 258  0.0000  0.75220 0.66038
 259  0.0000  0.74991 0.65916  0.67319 0.82191  0.67001 0.82135
 260  0.0000  0.75039 0.65882
 261  0.0000  0.75237 0.65936
 262  0.0000  0.75137 0.65880
 263  0.0000  0.75154 0.65879
 264  0.0000  0.75124 0.65809
 265  0.0000  0.74860 0.65713
 266  0.0000  0.75095 0.65822
 267  0.0000  0.75314 0.65878
 268  0.0000  0.74855 0.65671
 269  0.0000  0.75180 0.65864  0.67423 0.82042  0.67112 0.81855
 270  0.0000  0.75268 0.65886
 271  0.0000  0.74845 0.65602
 272  0.0000  0.74747 0.65581
 273  0.0000  0.75044 0.65651
 274  0.0000  0.75210 0.65779
 275  0.0000  0.75003 0.65656
 276  0.0000  0.74889 0.65507
 277  0.0000  0.75046 0.65488
 278  0.0000  0.74902 0.65584
 279  0.0000  0.74665 0.65424  0.65384 0.83012  0.65063 0.82875
 280  0.0000  0.74978 0.65537
 281  0.0000  0.75168 0.65628
 282  0.0000  0.74879 0.65471
 283  0.0000  0.74826 0.65437
 284  0.0000  0.75085 0.65597
 285  0.0000  0.74759 0.65373
 286  0.0000  0.74832 0.65537
 287  0.0000  0.74961 0.65452
 288  0.0000  0.74767 0.65368
 289  0.0000  0.74605 0.65342  0.65872 0.82453  0.65560 0.82495
 290  0.0000  0.75108 0.65514
 291  0.0000  0.74888 0.65342
 292  0.0000  0.74584 0.65245
 293  0.0000  0.74648 0.65193
 294  0.0000  0.74586 0.65214
 295  0.0000  0.74763 0.65087
 296  0.0000  0.74575 0.65215
 297  0.0000  0.74610 0.65142
 298  0.0000  0.74871 0.65209
 299  0.0000  0.74775 0.65163  0.66411 0.82074  0.66104 0.81721
 300  0.0000  0.74683 0.65102
 301  0.0000  0.74699 0.65067
 302  0.0000  0.74593 0.65132
 303  0.0000  0.74753 0.65111
 304  0.0000  0.74644 0.65081
 305  0.0000  0.74320 0.64948
 306  0.0000  0.74497 0.64819
 307  0.0000  0.74732 0.64998
 308  0.0000  0.74598 0.64847
 309  0.0000  0.74372 0.64853  0.66205 0.81977  0.65903 0.81689
 310  0.0000  0.74512 0.64928
 311  0.0000  0.74240 0.64827
 312  0.0000  0.74644 0.64834
 313  0.0000  0.74498 0.64868
 314  0.0000  0.74481 0.64856
 315  0.0000  0.74527 0.64947
 316  0.0000  0.74519 0.64832
 317  0.0000  0.74301 0.64781
 318  0.0000  0.74307 0.64668
 319  0.0000  0.74333 0.64693  0.65027 0.82362  0.64721 0.82212
 320  0.0000  0.74383 0.64597
 321  0.0000  0.74478 0.64666
 322  0.0000  0.74310 0.64786
 323  0.0000  0.74657 0.64747
 324  0.0000  0.74515 0.64682
 325  0.0000  0.74528 0.64789
 326  0.0000  0.74016 0.64444
 327  0.0000  0.74410 0.64585
 328  0.0000  0.74229 0.64528
 329  0.0000  0.74642 0.64791  0.65759 0.81623  0.65467 0.81506
 330  0.0000  0.74089 0.64481
 331  0.0000  0.74583 0.64587
 332  0.0000  0.74062 0.64352
 333  0.0000  0.74340 0.64531
 334  0.0000  0.74221 0.64388
 335  0.0000  0.74612 0.64679
 336  0.0000  0.74139 0.64436
 337  0.0000  0.73927 0.64258
 338  0.0000  0.74366 0.64499
 339  0.0000  0.73823 0.64076  0.65348 0.81890  0.65054 0.81669
 340  0.0000  0.73988 0.64213
 341  0.0000  0.74296 0.64369
 342  0.0000  0.74140 0.64354
 343  0.0000  0.74040 0.64177
 344  0.0000  0.73933 0.64256
 345  0.0000  0.73918 0.64193
 346  0.0000  0.73919 0.64120
 347  0.0000  0.73974 0.64072
 348  0.0000  0.73998 0.64075
 349  0.0000  0.74069 0.64175  0.64203 0.82183  0.63912 0.82103
 350  0.0000  0.73722 0.63977
 351  0.0000  0.73812 0.64106
 352  0.0000  0.73459 0.63891
 353  0.0000  0.73767 0.63937
 354  0.0000  0.73889 0.64020
 355  0.0000  0.73851 0.64065
 356  0.0000  0.73642 0.63851
 357  0.0000  0.73775 0.64033
 358  0.0000  0.73547 0.63765
 359  0.0000  0.73741 0.63928  0.64444 0.81777  0.64159 0.81597
 360  0.0000  0.73819 0.63877
 361  0.0000  0.74064 0.63880
 362  0.0000  0.73498 0.63542
 363  0.0000  0.73577 0.63842
 364  0.0000  0.73633 0.63720
 365  0.0000  0.73721 0.63597
 366  0.0000  0.73681 0.63739
 367  0.0000  0.73746 0.63658
 368  0.0000  0.73585 0.63643
 369  0.0000  0.73610 0.63697  0.64274 0.81445  0.63995 0.81314
 370  0.0000  0.73553 0.63499
 371  0.0000  0.73761 0.63658
 372  0.0000  0.73569 0.63593
 373  0.0000  0.73769 0.63671
 374  0.0000  0.73362 0.63475
 375  0.0000  0.73365 0.63281
 376  0.0000  0.73266 0.63316
 377  0.0000  0.73520 0.63472
 378  0.0000  0.73385 0.63417
 379  0.0000  0.73361 0.63313  0.64037 0.81331  0.63761 0.81176
 380  0.0000  0.73338 0.63258
 381  0.0000  0.73348 0.63318
 382  0.0000  0.73323 0.63305
 383  0.0000  0.73178 0.63207
 384  0.0000  0.73466 0.63297
 385  0.0000  0.73328 0.63115
 386  0.0000  0.73201 0.63230
 387  0.0000  0.73180 0.63079
 388  0.0000  0.73188 0.63156
 389  0.0000  0.72855 0.62984  0.62814 0.81875  0.62538 0.81706
 390  0.0000  0.73173 0.63142
 391  0.0000  0.72872 0.62867
 392  0.0000  0.72943 0.62909
 393  0.0000  0.72933 0.62851
 394  0.0000  0.72709 0.62646
 395  0.0000  0.73078 0.62984
 396  0.0000  0.72742 0.62697
 397  0.0000  0.72963 0.62812
 398  0.0000  0.72885 0.62767
 399  0.0000  0.72959 0.62751  0.62634 0.81548  0.62359 0.81360
 400  0.0000  0.72931 0.62653
 401  0.0000  0.72748 0.62755
 402  0.0000  0.72863 0.62803
 403  0.0000  0.72850 0.62704
 404  0.0000  0.72958 0.62720
 405  0.0000  0.72705 0.62497
 406  0.0000  0.72795 0.62607
 407  0.0000  0.72818 0.62524
 408  0.0000  0.72459 0.62282
 409  0.0000  0.72547 0.62405  0.63217 0.80797  0.62957 0.80446
 410  0.0000  0.72368 0.62358
 411  0.0000  0.72491 0.62250
 412  0.0000  0.72575 0.62256
 413  0.0000  0.72281 0.62222
 414  0.0000  0.72379 0.62261
 415  0.0000  0.72482 0.62143
 416  0.0000  0.72500 0.62349
 417  0.0000  0.72086 0.62150
 418  0.0000  0.72464 0.62148
 419  0.0000  0.72416 0.62043  0.62862 0.80521  0.62609 0.80247
 420  0.0000  0.72307 0.62095
 421  0.0000  0.71847 0.61730
 422  0.0000  0.72417 0.61986
 423  0.0000  0.71943 0.61789
 424  0.0000  0.72292 0.62054
 425  0.0000  0.72096 0.61803
 426  0.0000  0.71937 0.61591
 427  0.0000  0.72165 0.61841
 428  0.0000  0.71875 0.61728
 429  0.0000  0.72043 0.61795  0.61956 0.80520  0.61706 0.80349
 430  0.0000  0.71867 0.61647
 431  0.0000  0.72052 0.61785
 432  0.0000  0.71808 0.61433
 433  0.0000  0.71677 0.61391
 434  0.0000  0.71935 0.61559
 435  0.0000  0.71721 0.61353
 436  0.0000  0.72088 0.61538
 437  0.0000  0.71714 0.61360
 438  0.0000  0.71664 0.61304
 439  0.0000  0.72107 0.61499  0.61693 0.80196  0.61448 0.79832
 440  0.0000  0.71769 0.61348
 441  0.0000  0.71777 0.61296
 442  0.0000  0.71565 0.61194
 443  0.0000  0.71588 0.61212
 444  0.0000  0.71374 0.61017
 445  0.0000  0.71437 0.61102
 446  0.0000  0.71456 0.61022
 447  0.0000  0.71389 0.60882
 448  0.0000  0.71253 0.60888
 449  0.0000  0.71234 0.60781  0.61155 0.79842  0.60915 0.79501
 450  0.0000  0.71234 0.60773
 451  0.0000  0.71140 0.60662
 452  0.0000  0.71042 0.60609
 453  0.0000  0.71005 0.60658
 454  0.0000  0.71006 0.60538
 455  0.0000  0.70959 0.60453
 456  0.0000  0.71158 0.60497
 457  0.0000  0.70548 0.60432
 458  0.0000  0.70994 0.60521
 459  0.0000  0.70782 0.60433  0.60045 0.80022  0.59808 0.79435
 460  0.0000  0.70804 0.60217
 461  0.0000  0.70671 0.60371
 462  0.0000  0.70835 0.60170
 463  0.0000  0.70822 0.60259
 464  0.0000  0.70491 0.60100
 465  0.0000  0.70771 0.60163
 466  0.0000  0.70838 0.60084
 467  0.0000  0.70722 0.60022
 468  0.0000  0.70411 0.59977
 469  0.0000  0.70219 0.59704  0.60562 0.78996  0.60341 0.78750
 470  0.0000  0.70249 0.59887
 471  0.0000  0.70370 0.59718
 472  0.0000  0.70471 0.59886
 473  0.0000  0.70371 0.59755
 474  0.0000  0.70451 0.59759
 475  0.0000  0.70373 0.59631
 476  0.0000  0.69970 0.59633
 477  0.0000  0.70175 0.59541
 478  0.0000  0.70212 0.59606
 479  0.0000  0.70131 0.59376  0.59836 0.78536  0.59623 0.78668
 480  0.0000  0.69824 0.59315
 481  0.0000  0.70190 0.59459
 482  0.0000  0.70152 0.59376
 483  0.0000  0.70183 0.59372
 484  0.0000  0.69817 0.59126
 485  0.0000  0.70052 0.59101
 486  0.0000  0.69595 0.59056
 487  0.0000  0.69681 0.59052
 488  0.0000  0.69717 0.59037
 489  0.0000  0.69496 0.58978  0.58443 0.78670  0.58227 0.78533
 490  0.0000  0.69271 0.58663
 491  0.0000  0.69294 0.58677
 492  0.0000  0.69451 0.58725
 493  0.0000  0.69416 0.58545
 494  0.0000  0.69143 0.58691
 495  0.0000  0.69168 0.58434
 496  0.0000  0.69025 0.58314
 497  0.0000  0.69160 0.58427
 498  0.0000  0.68930 0.58228
 499  0.0000  0.68726 0.58083  0.58953 0.77538  0.58754 0.77315
training rmse of layer: exact 0.589533 noisy 0.777255
testing rmse of layer: exact 0.587543 noisy 0.773715
testing rmse of stack: exact 1.58933 noisy 1.45323



--------- LAYER 3 ---------

iter      lr  -- inst train--  ---- train ----  ---- test -----
----  ------    exact   noisy    exact   noisy    exact   noisy
   0  0.0000  1.97687 1.95477
   1  0.0000  1.18248 1.17468
   2  0.0000  1.12712 1.11983
   3  0.0000  1.09447 1.08582
   4  0.0000  1.06523 1.05649
   5  0.0000  1.04129 1.02998
   6  0.0000  1.01580 1.00387
   7  0.0000  0.99257 0.97974
   8  0.0000  0.97098 0.95615
   9  0.0000  0.94839 0.93377  0.92545 0.95042  0.91894 0.94551
  10  0.0000  0.93167 0.91398
  11  0.0000  0.91311 0.89427
  12  0.0000  0.89666 0.87765
  13  0.0000  0.88273 0.86217
  14  0.0000  0.86833 0.84747
  15  0.0000  0.85724 0.83487
  16  0.0000  0.84460 0.82278
  17  0.0000  0.83611 0.81202
  18  0.0000  0.82591 0.80153
  19  0.0000  0.81744 0.79205  0.78932 0.83371  0.78372 0.82906
  20  0.0000  0.81087 0.78366
  21  0.0000  0.80313 0.77550
  22  0.0000  0.79640 0.76745
  23  0.0000  0.78898 0.75981
  24  0.0000  0.78247 0.75327
  25  0.0000  0.77715 0.74645
  26  0.0000  0.77118 0.74071
  27  0.0000  0.76742 0.73476
  28  0.0000  0.76305 0.72956
  29  0.0000  0.75774 0.72380  0.72111 0.78438  0.71602 0.78025
  30  0.0000  0.75221 0.71846
  31  0.0000  0.74934 0.71419
  32  0.0000  0.74519 0.71023
  33  0.0000  0.74137 0.70507
  34  0.0000  0.73733 0.70049
  35  0.0000  0.73406 0.69722
  36  0.0000  0.73051 0.69194
  37  0.0000  0.72837 0.68843
  38  0.0000  0.72287 0.68425
  39  0.0000  0.72180 0.68112  0.68133 0.75358  0.67667 0.74945
  40  0.0000  0.71809 0.67715
  41  0.0000  0.71298 0.67290
  42  0.0000  0.71113 0.67027
  43  0.0000  0.70966 0.66634
  44  0.0000  0.70731 0.66363
  45  0.0000  0.70460 0.66090
  46  0.0000  0.70092 0.65700
  47  0.0000  0.69842 0.65430
  48  0.0000  0.69633 0.65174
  49  0.0000  0.69362 0.64781  0.64843 0.73409  0.64407 0.72951
  50  0.0000  0.69360 0.64632
  51  0.0000  0.69127 0.64318
  52  0.0000  0.68886 0.64058
  53  0.0000  0.68535 0.63684
  54  0.0000  0.68520 0.63543
  55  0.0000  0.68304 0.63277
  56  0.0000  0.67937 0.62981
  57  0.0000  0.67776 0.62690
  58  0.0000  0.67658 0.62451
  59  0.0000  0.67385 0.62292  0.62334 0.71859  0.61922 0.71440
  60  0.0000  0.67333 0.61992
  61  0.0000  0.67051 0.61836
  62  0.0000  0.66917 0.61548
  63  0.0000  0.66853 0.61402
  64  0.0000  0.66526 0.61138
  65  0.0000  0.66477 0.60950
  66  0.0000  0.66157 0.60613
  67  0.0000  0.66065 0.60467
  68  0.0000  0.66045 0.60356
  69  0.0000  0.65641 0.60012  0.59877 0.70892  0.59479 0.70378
  70  0.0000  0.65801 0.59927
  71  0.0000  0.65516 0.59701
  72  0.0000  0.65312 0.59489
  73  0.0000  0.65130 0.59292
  74  0.0000  0.65020 0.59163
  75  0.0000  0.65001 0.59028
  76  0.0000  0.64603 0.58669
  77  0.0000  0.64517 0.58591
  78  0.0000  0.64490 0.58316
  79  0.0000  0.64255 0.58187  0.57958 0.69871  0.57574 0.69449
  80  0.0000  0.64221 0.58035
  81  0.0000  0.64134 0.57874
  82  0.0000  0.63931 0.57661
  83  0.0000  0.63840 0.57512
  84  0.0000  0.63955 0.57478
  85  0.0000  0.63693 0.57348
  86  0.0000  0.63526 0.57058
  87  0.0000  0.63505 0.56944
  88  0.0000  0.63428 0.56859
  89  0.0000  0.63176 0.56651  0.56397 0.69086  0.56022 0.68851
  90  0.0000  0.63067 0.56419
  91  0.0000  0.62983 0.56380
  92  0.0000  0.62995 0.56330
  93  0.0000  0.62931 0.56103
  94  0.0000  0.62804 0.55903
  95  0.0000  0.62582 0.55751
  96  0.0000  0.62578 0.55708
  97  0.0000  0.62446 0.55597
  98  0.0000  0.62402 0.55499
  99  0.0000  0.62461 0.55307  0.55158 0.68412  0.54797 0.68046
 100  0.0000  0.62169 0.55177
 101  0.0000  0.62213 0.55000
 102  0.0000  0.62183 0.54894
 103  0.0000  0.61794 0.54799
 104  0.0000  0.61894 0.54675
 105  0.0000  0.61484 0.54481
 106  0.0000  0.61887 0.54496
 107  0.0000  0.61751 0.54420
 108  0.0000  0.61493 0.54198
 109  0.0000  0.61498 0.54074  0.54074 0.67700  0.53726 0.67418
 110  0.0000  0.61359 0.54058
 111  0.0000  0.61485 0.53976
 112  0.0000  0.61153 0.53759
 113  0.0000  0.61221 0.53742
 114  0.0000  0.60959 0.53490
 115  0.0000  0.60764 0.53433
 116  0.0000  0.60806 0.53349
 117  0.0000  0.60921 0.53230
 118  0.0000  0.60942 0.53276
 119  0.0000  0.60784 0.53075  0.52868 0.67376  0.52525 0.67058
 120  0.0000  0.60662 0.52969
 121  0.0000  0.60344 0.52681
 122  0.0000  0.60601 0.52812
 123  0.0000  0.60478 0.52619
 124  0.0000  0.60403 0.52672
 125  0.0000  0.60212 0.52486
 126  0.0000  0.60326 0.52484
 127  0.0000  0.60361 0.52463
 128  0.0000  0.60190 0.52240
 129  0.0000  0.60206 0.52137  0.52369 0.66560  0.52038 0.66286
 130  0.0000  0.60098 0.52085
 131  0.0000  0.59960 0.51949
 132  0.0000  0.59983 0.51897
 133  0.0000  0.60030 0.51879
 134  0.0000  0.59939 0.51820
 135  0.0000  0.59788 0.51735
 136  0.0000  0.59468 0.51396
 137  0.0000  0.59713 0.51490
 138  0.0000  0.59444 0.51422
 139  0.0000  0.59562 0.51356  0.50951 0.66832  0.50622 0.66364
 140  0.0000  0.59547 0.51286
 141  0.0000  0.59399 0.51130
 142  0.0000  0.59535 0.51095
 143  0.0000  0.59552 0.51109
 144  0.0000  0.59258 0.50906
 145  0.0000  0.59391 0.50819
 146  0.0000  0.59106 0.50805
 147  0.0000  0.59404 0.50859
 148  0.0000  0.58915 0.50530
 149  0.0000  0.59126 0.50675  0.50595 0.66028  0.50278 0.65886
 150  0.0000  0.59081 0.50671
 151  0.0000  0.59015 0.50468
 152  0.0000  0.59170 0.50477
 153  0.0000  0.58768 0.50359
 154  0.0000  0.58831 0.50354
 155  0.0000  0.58876 0.50155
 156  0.0000  0.58764 0.50137
 157  0.0000  0.58779 0.50068
 158  0.0000  0.58597 0.49983
 159  0.0000  0.58543 0.49884  0.49531 0.66224  0.49215 0.65862
 160  0.0000  0.58809 0.49946
 161  0.0000  0.58343 0.49598
 162  0.0000  0.58438 0.49688
 163  0.0000  0.58417 0.49705
 164  0.0000  0.58537 0.49707
 165  0.0000  0.58162 0.49545
 166  0.0000  0.58277 0.49379
 167  0.0000  0.58371 0.49446
 168  0.0000  0.58499 0.49495
 169  0.0000  0.58068 0.49257  0.49340 0.65710  0.49035 0.65437
 170  0.0000  0.58165 0.49232
 171  0.0000  0.58176 0.49244
 172  0.0000  0.58082 0.49035
 173  0.0000  0.58038 0.48945
 174  0.0000  0.58069 0.49005
 175  0.0000  0.57948 0.48923
 176  0.0000  0.58066 0.48992
 177  0.0000  0.57736 0.48743
 178  0.0000  0.57991 0.48866
 179  0.0000  0.57830 0.48818  0.49127 0.65168  0.48835 0.64882
 180  0.0000  0.57862 0.48835
 181  0.0000  0.57656 0.48620
 182  0.0000  0.57958 0.48730
 183  0.0000  0.57597 0.48574
 184  0.0000  0.57650 0.48487
 185  0.0000  0.57712 0.48349
 186  0.0000  0.57761 0.48413
 187  0.0000  0.57623 0.48390
 188  0.0000  0.57450 0.48288
 189  0.0000  0.57418 0.48232  0.48011 0.65370  0.47713 0.65058
 190  0.0000  0.57642 0.48339
 191  0.0000  0.57620 0.48129
 192  0.0000  0.57225 0.48071
 193  0.0000  0.57478 0.48070
 194  0.0000  0.57376 0.48001
 195  0.0000  0.57320 0.47978
 196  0.0000  0.57115 0.47823
 197  0.0000  0.57341 0.48001
 198  0.0000  0.57610 0.47965
 199  0.0000  0.57240 0.47750  0.48010 0.64979  0.47726 0.64665
 200  0.0000  0.57126 0.47831
 201  0.0000  0.57197 0.47728
 202  0.0000  0.57104 0.47718
 203  0.0000  0.57191 0.47683
 204  0.0000  0.57318 0.47716
 205  0.0000  0.56952 0.47490
 206  0.0000  0.57087 0.47449
 207  0.0000  0.56892 0.47551
 208  0.0000  0.57126 0.47582
 209  0.0000  0.56969 0.47319  0.47022 0.65104  0.46726 0.64982
 210  0.0000  0.56933 0.47461
 211  0.0000  0.56987 0.47375
 212  0.0000  0.56796 0.47151
 213  0.0000  0.56944 0.47227
 214  0.0000  0.56763 0.47186
 215  0.0000  0.56850 0.47065
 216  0.0000  0.56782 0.47033
 217  0.0000  0.56818 0.47090
 218  0.0000  0.56600 0.47018
 219  0.0000  0.56659 0.46989  0.47248 0.64501  0.46965 0.64168
 220  0.0000  0.56900 0.46957
 221  0.0000  0.56815 0.47063
 222  0.0000  0.56409 0.46826
 223  0.0000  0.56768 0.47001
 224  0.0000  0.56474 0.46719
 225  0.0000  0.56646 0.46699
 226  0.0000  0.56826 0.46847
 227  0.0000  0.56471 0.46729
 228  0.0000  0.56573 0.46714
 229  0.0000  0.56695 0.46633  0.46169 0.64997  0.45883 0.64409
 230  0.0000  0.56607 0.46643
 231  0.0000  0.56597 0.46618
 232  0.0000  0.56580 0.46516
 233  0.0000  0.56333 0.46413
 234  0.0000  0.56333 0.46358
 235  0.0000  0.56486 0.46358
 236  0.0000  0.56275 0.46547
 237  0.0000  0.56302 0.46228
 238  0.0000  0.56293 0.46363
 239  0.0000  0.56665 0.46407  0.46086 0.64697  0.45808 0.64155
 240  0.0000  0.56138 0.46231
 241  0.0000  0.56359 0.46285
 242  0.0000  0.56450 0.46262
 243  0.0000  0.56452 0.46291
 244  0.0000  0.56000 0.46098
 245  0.0000  0.56069 0.46159
 246  0.0000  0.56066 0.45987
 247  0.0000  0.56117 0.45966
 248  0.0000  0.56164 0.46014
 249  0.0000  0.56150 0.45995  0.45952 0.64496  0.45675 0.64180
 250  0.0000  0.56256 0.46049
 251  0.0000  0.56167 0.45956
 252  0.0000  0.55799 0.45800
 253  0.0000  0.55944 0.45790
 254  0.0000  0.56021 0.45849
 255  0.0000  0.55898 0.45862
 256  0.0000  0.55874 0.45642
 257  0.0000  0.55766 0.45663
 258  0.0000  0.55895 0.45661
 259  0.0000  0.55887 0.45661  0.45989 0.64287  0.45723 0.63963
 260  0.0000  0.56244 0.45716
 261  0.0000  0.55949 0.45735
 262  0.0000  0.55903 0.45500
 263  0.0000  0.55818 0.45488
 264  0.0000  0.55996 0.45597
 265  0.0000  0.56204 0.45508
 266  0.0000  0.55761 0.45390
 267  0.0000  0.55862 0.45514
 268  0.0000  0.55623 0.45397
 269  0.0000  0.55909 0.45375  0.44941 0.64791  0.44660 0.64439
 270  0.0000  0.55672 0.45317
 271  0.0000  0.55531 0.45272
 272  0.0000  0.55777 0.45352
 273  0.0000  0.55749 0.45352
 274  0.0000  0.55910 0.45303
 275  0.0000  0.55915 0.45397
 276  0.0000  0.55613 0.45415
 277  0.0000  0.55634 0.45327
 278  0.0000  0.55591 0.45293
 279  0.0000  0.55672 0.45146  0.45361 0.64113  0.45094 0.63860
 280  0.0000  0.55761 0.45218
 281  0.0000  0.55907 0.45265
 282  0.0000  0.55383 0.45040
 283  0.0000  0.55523 0.45011
 284  0.0000  0.55563 0.45140
 285  0.0000  0.55618 0.45128
 286  0.0000  0.55589 0.45040
 287  0.0000  0.55309 0.44936
 288  0.0000  0.55682 0.44991
 289  0.0000  0.55698 0.45110  0.44857 0.64224  0.44589 0.63985
 290  0.0000  0.55530 0.44991
 291  0.0000  0.55689 0.44966
 292  0.0000  0.55497 0.44923
 293  0.0000  0.55717 0.44998
 294  0.0000  0.55376 0.44732
 295  0.0000  0.55509 0.44924
 296  0.0000  0.55423 0.44821
 297  0.0000  0.55383 0.44771
 298  0.0000  0.55654 0.44854
 299  0.0000  0.55749 0.45015  0.44547 0.64240  0.44275 0.63978
 300  0.0000  0.55538 0.44698
 301  0.0000  0.55412 0.44774
 302  0.0000  0.55324 0.44621
 303  0.0000  0.55412 0.44605
 304  0.0000  0.55316 0.44557
 305  0.0000  0.55374 0.44527
 306  0.0000  0.55281 0.44630
 307  0.0000  0.55110 0.44592
 308  0.0000  0.55288 0.44604
 309  0.0000  0.55405 0.44706  0.44548 0.64338  0.44282 0.63841
 310  0.0000  0.55698 0.44597
 311  0.0000  0.55337 0.44382
 312  0.0000  0.55378 0.44514
 313  0.0000  0.55216 0.44376
 314  0.0000  0.55291 0.44390
 315  0.0000  0.55360 0.44400
 316  0.0000  0.55323 0.44372
 317  0.0000  0.55334 0.44417
 318  0.0000  0.55278 0.44317
 319  0.0000  0.55434 0.44364  0.44152 0.64493  0.43885 0.64040
 320  0.0000  0.55263 0.44231
 321  0.0000  0.55428 0.44470
 322  0.0000  0.55387 0.44423
 323  0.0000  0.55400 0.44378
 324  0.0000  0.55046 0.44271
 325  0.0000  0.55126 0.44180
 326  0.0000  0.55218 0.44189
 327  0.0000  0.55395 0.44364
 328  0.0000  0.55125 0.44151
 329  0.0000  0.55078 0.44173  0.43937 0.64303  0.43671 0.63688
 330  0.0000  0.55417 0.44256
 331  0.0000  0.55292 0.44285
 332  0.0000  0.55235 0.44037
 333  0.0000  0.55106 0.44062
 334  0.0000  0.55044 0.44198
 335  0.0000  0.55234 0.44075
 336  0.0000  0.55203 0.44184
 337  0.0000  0.55044 0.43930
 338  0.0000  0.54997 0.44082
 339  0.0000  0.55031 0.44081  0.43449 0.64503  0.43174 0.64186
 340  0.0000  0.55288 0.44165
 341  0.0000  0.54947 0.43988
 342  0.0000  0.55017 0.43897
 343  0.0000  0.55302 0.44015
 344  0.0000  0.54826 0.43895
 345  0.0000  0.55064 0.43895
 346  0.0000  0.55221 0.43960
 347  0.0000  0.55130 0.43956
 348  0.0000  0.54989 0.43899
 349  0.0000  0.55238 0.43867  0.44047 0.63997  0.43788 0.63597
 350  0.0000  0.55009 0.43967
 351  0.0000  0.54944 0.44051
 352  0.0000  0.55307 0.43912
 353  0.0000  0.55309 0.43934
 354  0.0000  0.55225 0.43824
 355  0.0000  0.54758 0.43795
 356  0.0000  0.54887 0.43865
 357  0.0000  0.55296 0.43905
 358  0.0000  0.54986 0.43606
 359  0.0000  0.55005 0.43726  0.43311 0.64238  0.43044 0.64001
 360  0.0000  0.55002 0.43715
 361  0.0000  0.54907 0.43685
 362  0.0000  0.54818 0.43676
 363  0.0000  0.55054 0.43645
 364  0.0000  0.54696 0.43524
 365  0.0000  0.54750 0.43678
 366  0.0000  0.54940 0.43604
 367  0.0000  0.54976 0.43648
 368  0.0000  0.54872 0.43600
 369  0.0000  0.55036 0.43579  0.43228 0.64445  0.42960 0.64073
 370  0.0000  0.55070 0.43665
 371  0.0000  0.55037 0.43550
 372  0.0000  0.55218 0.43705
 373  0.0000  0.54864 0.43675
 374  0.0000  0.54946 0.43495
 375  0.0000  0.54914 0.43573
 376  0.0000  0.54881 0.43680
 377  0.0000  0.54920 0.43387
 378  0.0000  0.54913 0.43515
 379  0.0000  0.55014 0.43642  0.43623 0.64179  0.43367 0.63670
 380  0.0000  0.54984 0.43604
 381  0.0000  0.54767 0.43510
 382  0.0000  0.54940 0.43443
 383  0.0000  0.54928 0.43529
 384  0.0000  0.54790 0.43419
 385  0.0000  0.54892 0.43409
 386  0.0000  0.54986 0.43514
 387  0.0000  0.54812 0.43363
 388  0.0000  0.55043 0.43390
 389  0.0000  0.54713 0.43439  0.43234 0.64028  0.42974 0.63924
 390  0.0000  0.54880 0.43309
 391  0.0000  0.54622 0.43351
 392  0.0000  0.54795 0.43322
 393  0.0000  0.54949 0.43430
 394  0.0000  0.54739 0.43350
 395  0.0000  0.54561 0.43286
 396  0.0000  0.54790 0.43202
 397  0.0000  0.54757 0.43315
 398  0.0000  0.54974 0.43321
 399  0.0000  0.54747 0.43324  0.43045 0.64244  0.42786 0.63721
 400  0.0000  0.54669 0.43248
 401  0.0000  0.54377 0.43225
 402  0.0000  0.54731 0.43265
 403  0.0000  0.54685 0.43275
 404  0.0000  0.54953 0.43413
 405  0.0000  0.54782 0.43221
 406  0.0000  0.54673 0.43139
 407  0.0000  0.54604 0.43229
 408  0.0000  0.54971 0.43195
 409  0.0000  0.54915 0.43201  0.42877 0.64424  0.42616 0.63773
 410  0.0000  0.54988 0.43193
 411  0.0000  0.54477 0.43016
 412  0.0000  0.54620 0.43149
 413  0.0000  0.54970 0.43103
 414  0.0000  0.54922 0.43177
 415  0.0000  0.54889 0.43181
 416  0.0000  0.55051 0.43185
 417  0.0000  0.55048 0.43144
 418  0.0000  0.54881 0.43200
 419  0.0000  0.54830 0.43180  0.43208 0.64135  0.42955 0.63657
 420  0.0000  0.54559 0.42954
 421  0.0000  0.54669 0.43074
 422  0.0000  0.54781 0.43004
 423  0.0000  0.54795 0.43088
 424  0.0000  0.54799 0.42966
 425  0.0000  0.54665 0.42893
 426  0.0000  0.54675 0.43050
 427  0.0000  0.54877 0.42994
 428  0.0000  0.54585 0.43016
 429  0.0000  0.54597 0.43060  0.42834 0.64206  0.42577 0.63778
 430  0.0000  0.54491 0.42945
 431  0.0000  0.54779 0.42968
 432  0.0000  0.54870 0.42927
 433  0.0000  0.54721 0.42855
 434  0.0000  0.54706 0.43128
 435  0.0000  0.54549 0.42961
 436  0.0000  0.54713 0.42956
 437  0.0000  0.54454 0.42956
 438  0.0000  0.54579 0.42924
 439  0.0000  0.54762 0.43050  0.42824 0.64157  0.42568 0.63901
 440  0.0000  0.54331 0.42950
 441  0.0000  0.54455 0.42895
 442  0.0000  0.54805 0.42978
 443  0.0000  0.54436 0.42859
 444  0.0000  0.54449 0.42841
 445  0.0000  0.54419 0.42705
 446  0.0000  0.54807 0.42779
 447  0.0000  0.54851 0.42909
 448  0.0000  0.54574 0.42794
 449  0.0000  0.54708 0.42833  0.42704 0.63937  0.42449 0.63864
 450  0.0000  0.54427 0.42863
 451  0.0000  0.54591 0.42779
 452  0.0000  0.54740 0.42807
 453  0.0000  0.54856 0.42903
 454  0.0000  0.54487 0.42784
 455  0.0000  0.54400 0.42850
 456  0.0000  0.54823 0.42872
 457  0.0000  0.54445 0.42810
 458  0.0000  0.54601 0.42647
 459  0.0000  0.54553 0.42822  0.42508 0.64254  0.42252 0.64127
 460  0.0000  0.54633 0.42750
 461  0.0000  0.54575 0.42747
 462  0.0000  0.54560 0.42707
 463  0.0000  0.54413 0.42672
 464  0.0000  0.54280 0.42695
 465  0.0000  0.54485 0.42674
 466  0.0000  0.54597 0.42808
 467  0.0000  0.54610 0.42823
 468  0.0000  0.54439 0.42563
 469  0.0000  0.54538 0.42775  0.42385 0.64209  0.42127 0.63674
 470  0.0000  0.54561 0.42759
 471  0.0000  0.54619 0.42734
 472  0.0000  0.54251 0.42664
 473  0.0000  0.54414 0.42775
 474  0.0000  0.54622 0.42766
 475  0.0000  0.54422 0.42503
 476  0.0000  0.54551 0.42660
 477  0.0000  0.54461 0.42746
 478  0.0000  0.54444 0.42593
 479  0.0000  0.54300 0.42660  0.42740 0.64299  0.42490 0.63859
 480  0.0000  0.54493 0.42829
 481  0.0000  0.54855 0.42838
 482  0.0000  0.54665 0.42701
 483  0.0000  0.54671 0.42805
 484  0.0000  0.54523 0.42729
 485  0.0000  0.54430 0.42583
 486  0.0000  0.54461 0.42606
 487  0.0000  0.54594 0.42636
 488  0.0000  0.54313 0.42649
 489  0.0000  0.54376 0.42708  0.42463 0.64499  0.42205 0.63809
 490  0.0000  0.54808 0.42698
 491  0.0000  0.54772 0.42715
 492  0.0000  0.54284 0.42574
 493  0.0000  0.54441 0.42606
 494  0.0000  0.54445 0.42618
 495  0.0000  0.54515 0.42613
 496  0.0000  0.54636 0.42648
 497  0.0000  0.54375 0.42498
 498  0.0000  0.54755 0.42679
 499  0.0000  0.54420 0.42516  0.42379 0.64100  0.42124 0.63901
training rmse of layer: exact 0.423791 noisy 0.64276
testing rmse of layer: exact 0.421237 noisy 0.636832
testing rmse of stack: exact 1.77493 noisy 1.61766
elapsed: [12378.40s cpu, 11906494.6310 mticks, 4454.81s wall]
11938.07user 440.35system 1:14:14elapsed 277%CPU (0avgtext+0avgdata 0maxresident)k
0inputs+1704outputs (0major+185154359minor)pagefaults 0swaps
