loading data...model 20: before 0.43245/0 after 0.441771/0 test: before 0.445203/0.455509 after 0/0
model 22: before 0.432852/0 after 0.442454/0 test: before 0.444907/0.455694 after 0/0
model 112: before 0.434737/0 after 0.443027/0 test: before 0.443105/0.454263 after 0/0
model 25: before 0.432703/0 after 0.442346/0 test: before 0.444951/0.455659 after 0/0
model 136: before 0.432072/0 after 0.441909/0 test: before 0.444373/0.455546 after 0/0
model 33: before 0.432809/0 after 0.441843/0 test: before 0.444869/0.454911 after 0/0
model 179: before 0.434929/0 after 0.443606/0 test: before 0.442905/0.455044 after 0/0
model 172: before 0.433637/0 after 0.442231/0 test: before 0.443835/0.454584 after 0/0
model 193: before 0.433892/0 after 0.442324/0 test: before 0.443237/0.454139 after 0/0
model 186: before 0.433172/0 after 0.442286/0 test: before 0.443035/0.453942 after 0/0
generating blend data
bag 0 of 10
bag 1 of 10
bag 3 of 10
bag 4 of 10
bag 2 of 10
bag 7 of 10
bag 6 of 10
bag 5 of 10

Learned GLZ function: 
feature                                     label0   
bias                                         0.000000
min_model                                    0.000000
max_model                                    0.000000
avg_model_chosen                             0.000000
min_weighted                                -0.065401
max_weighted                                 0.065171
avg_weighted                                 0.000000
weighted_avg                                 0.013219
S_rmse_21_output                             0.000000
S_rmse_21_conf                               0.000000
S_rmse_21_weighted                           0.017860
S_rmse_21_dev_from_mean                      0.013463
S_rmse_21_diff_from_int                     -0.038914
S_rmse_23_output                             0.138712
S_rmse_23_conf                              -0.016324
S_rmse_23_weighted                           0.001125
S_rmse_23_dev_from_mean                      0.027996
S_rmse_23_diff_from_int                     -0.214228
S_rmse_26_output                             0.131029
S_rmse_26_conf                              -0.016347
S_rmse_26_weighted                           0.003669
S_rmse_26_dev_from_mean                      0.016394
S_rmse_26_diff_from_int                     -0.210317
S_rmse_34_output                            -0.213653
S_rmse_34_conf                               0.121854
S_rmse_34_weighted                           0.044434
S_rmse_34_dev_from_mean                     -0.343863
S_rmse_34_diff_from_int                     -0.348804
S_rmse_113_output                            0.157341
S_rmse_113_conf                             -0.048440
S_rmse_113_weighted                          0.008244
S_rmse_113_dev_from_mean                     0.079971
S_rmse_113_diff_from_int                     0.271265
S_rmse_137_output                            0.124717
S_rmse_137_conf                              0.010096
S_rmse_137_weighted                          0.000981
S_rmse_137_dev_from_mean                    -0.137296
S_rmse_137_diff_from_int                     0.041891
S_rmse_173_output                            0.075620
S_rmse_173_conf                              0.026470
S_rmse_173_weighted                          0.018051
S_rmse_173_dev_from_mean                    -0.101196
S_rmse_173_diff_from_int                     0.146726
S_rmse_180_output                            0.294770
S_rmse_180_conf                             -0.086229
S_rmse_180_weighted                          0.036392
S_rmse_180_dev_from_mean                     0.087601
S_rmse_180_diff_from_int                     0.058334
S_rmse_187_output                            0.372314
S_rmse_187_conf                             -0.072381
S_rmse_187_weighted                          0.030785
S_rmse_187_dev_from_mean                     0.107844
S_rmse_187_diff_from_int                     0.128963
S_rmse_194_output                            0.338591
S_rmse_194_conf                             -0.077313
S_rmse_194_weighted                          0.032202
S_rmse_194_dev_from_mean                     0.106654
S_rmse_194_diff_from_int                     0.377168
chosen_conf_min                             -0.128437
chosen_conf_max                              0.301717
chosen_conf_avg                             -0.017753
highest_chosen_output                       -0.550240
highest_chosen_weighted                     -0.019676
model_avg                                    0.000000
chosen_model_avg                             0.000000
models_mean                                  0.166233
models_std                                   0.073718
models_min                                   0.000000
models_max                                  -0.168451
models_range                                -0.058543
models_range_dev_high                       -0.237930
models_range_dev_low                         0.183009
diff_mean_10_all                             0.012989
abs_diff_mean_10_all                        -0.174672
BIAS                                        -0.095621

bag 8 of 10

Learned GLZ function: 
feature                                     label0   
bias                                         0.000000
min_model                                    0.000000
max_model                                    0.000000
avg_model_chosen                             0.000000
min_weighted                                -0.046675
max_weighted                                 0.035249
avg_weighted                                 0.000000
weighted_avg                                 0.036537
S_rmse_21_output                             0.000000
S_rmse_21_conf                               0.000000
S_rmse_21_weighted                           0.042119
S_rmse_21_dev_from_mean                     -0.226019
S_rmse_21_diff_from_int                      0.178439
S_rmse_23_output                             0.092541
S_rmse_23_conf                              -0.077088
S_rmse_23_weighted                          -0.059326
S_rmse_23_dev_from_mean                      0.203777
S_rmse_23_diff_from_int                     -0.108292
S_rmse_26_output                             0.056329
S_rmse_26_conf                              -0.047236
S_rmse_26_weighted                          -0.064930
S_rmse_26_dev_from_mean                      0.180738
S_rmse_26_diff_from_int                     -0.070568
S_rmse_34_output                             0.123466
S_rmse_34_conf                              -0.005188
S_rmse_34_weighted                           0.062409
S_rmse_34_dev_from_mean                     -0.038189
S_rmse_34_diff_from_int                      0.072528
S_rmse_113_output                            0.141841
S_rmse_113_conf                              0.005048
S_rmse_113_weighted                          0.043807
S_rmse_113_dev_from_mean                    -0.022805
S_rmse_113_diff_from_int                     0.267506
S_rmse_137_output                            0.170937
S_rmse_137_conf                             -0.021468
S_rmse_137_weighted                          0.044294
S_rmse_137_dev_from_mean                    -0.021028
S_rmse_137_diff_from_int                     0.083742
S_rmse_173_output                           -0.227297
S_rmse_173_conf                              0.076665
S_rmse_173_weighted                         -0.037710
S_rmse_173_dev_from_mean                    -0.097109
S_rmse_173_diff_from_int                    -0.078042
S_rmse_180_output                            0.019017
S_rmse_180_conf                             -0.009384
S_rmse_180_weighted                         -0.000449
S_rmse_180_dev_from_mean                    -0.004351
S_rmse_180_diff_from_int                     0.014811
S_rmse_187_output                            0.192042
S_rmse_187_conf                             -0.007389
S_rmse_187_weighted                          0.053184
S_rmse_187_dev_from_mean                    -0.038363
S_rmse_187_diff_from_int                    -0.183691
S_rmse_194_output                            0.181699
S_rmse_194_conf                             -0.089737
S_rmse_194_weighted                         -0.036609
S_rmse_194_dev_from_mean                     0.200116
S_rmse_194_diff_from_int                    -0.126056
chosen_conf_min                              0.019623
chosen_conf_max                             -0.025146
chosen_conf_avg                             -0.010075
highest_chosen_output                        0.105009
highest_chosen_weighted                     -0.010547
model_avg                                    0.000000
chosen_model_avg                             0.000000
models_mean                                  0.007802
models_std                                   0.030918
models_min                                   0.000000
models_max                                   0.108154
models_range                                 0.191623
models_range_dev_high                       -0.018822
models_range_dev_low                         0.041723
diff_mean_10_all                            -0.049172
abs_diff_mean_10_all                        -0.079206
BIAS                                        -0.147348

bag 9 of 10

Learned GLZ function: 
feature                                     label0   
bias                                         0.000000
min_model                                    0.000000
max_model                                    0.000000
avg_model_chosen                             0.000000
min_weighted                                 0.050279
max_weighted                                -0.264476
avg_weighted                                 0.000000
weighted_avg                                 0.056282
S_rmse_21_output                             0.000000
S_rmse_21_conf                               0.000000
S_rmse_21_weighted                           0.034045
S_rmse_21_dev_from_mean                     -0.011389
S_rmse_21_diff_from_int                     -0.020579
S_rmse_23_output                            -0.069566
S_rmse_23_conf                              -0.007240
S_rmse_23_weighted                           0.015838
S_rmse_23_dev_from_mean                      0.391688
S_rmse_23_diff_from_int                     -0.355393
S_rmse_26_output                            -0.211840
S_rmse_26_conf                               0.071526
S_rmse_26_weighted                           0.017952
S_rmse_26_dev_from_mean                      0.259093
S_rmse_26_diff_from_int                     -0.053458
S_rmse_34_output                             0.298985
S_rmse_34_conf                              -0.081544
S_rmse_34_weighted                           0.030040
S_rmse_34_dev_from_mean                     -0.123144
S_rmse_34_diff_from_int                      0.105099
S_rmse_113_output                            0.055575
S_rmse_113_conf                              0.093342
S_rmse_113_weighted                         -0.088727
S_rmse_113_dev_from_mean                    -0.143115
S_rmse_113_diff_from_int                    -0.238652
S_rmse_137_output                            0.329478
S_rmse_137_conf                              0.065076
S_rmse_137_weighted                          0.004242
S_rmse_137_dev_from_mean                    -0.219835
S_rmse_137_diff_from_int                    -0.048325
S_rmse_173_output                           -0.253323
S_rmse_173_conf                              0.096635
S_rmse_173_weighted                         -0.261283
S_rmse_173_dev_from_mean                    -0.039693
S_rmse_173_diff_from_int                     0.268492
S_rmse_180_output                            0.467482
S_rmse_180_conf                             -0.188922
S_rmse_180_weighted                          0.085004
S_rmse_180_dev_from_mean                     0.146809
S_rmse_180_diff_from_int                     0.430508
S_rmse_187_output                            0.367657
S_rmse_187_conf                              0.007709
S_rmse_187_weighted                          0.044875
S_rmse_187_dev_from_mean                    -0.100431
S_rmse_187_diff_from_int                     0.098413
S_rmse_194_output                            0.367700
S_rmse_194_conf                             -0.190940
S_rmse_194_weighted                         -0.277659
S_rmse_194_dev_from_mean                     0.482363
S_rmse_194_diff_from_int                    -0.040433
chosen_conf_min                              0.058944
chosen_conf_max                              0.129566
chosen_conf_avg                             -0.012637
highest_chosen_output                       -0.293689
highest_chosen_weighted                     -0.266324
model_avg                                    0.000000
chosen_model_avg                             0.000000
models_mean                                  0.004946
models_std                                   0.068069
models_min                                   0.000000
models_max                                  -0.047410
models_range                                -0.029369
models_range_dev_high                       -0.032953
models_range_dev_low                        -0.124320
diff_mean_10_all                            -0.145650
abs_diff_mean_10_all                        -0.720926
BIAS                                        -0.073176


Learned GLZ function: 
feature                                     label0   
bias                                         0.000000
min_model                                    0.000000
max_model                                    0.000000
avg_model_chosen                             0.000000
min_weighted                                -0.448080
max_weighted                                 0.549638
avg_weighted                                 0.000000
weighted_avg                                 0.353546
S_rmse_21_output                             0.000000
S_rmse_21_conf                               0.000000
S_rmse_21_weighted                           0.169782
S_rmse_21_dev_from_mean                     -0.047474
S_rmse_21_diff_from_int                      0.487450
S_rmse_23_output                             0.905926
S_rmse_23_conf                              -0.649590
S_rmse_23_weighted                           0.249743
S_rmse_23_dev_from_mean                      0.501556
S_rmse_23_diff_from_int                     -0.016412
S_rmse_26_output                            -0.626032
S_rmse_26_conf                               0.108159
S_rmse_26_weighted                           0.353851
S_rmse_26_dev_from_mean                     -0.913715
S_rmse_26_diff_from_int                     -0.648354
S_rmse_34_output                             0.168030
S_rmse_34_conf                              -0.352686
S_rmse_34_weighted                           0.296670
S_rmse_34_dev_from_mean                     -0.760421
S_rmse_34_diff_from_int                      0.023711
S_rmse_113_output                           -0.243506
S_rmse_113_conf                             -0.023151
S_rmse_113_weighted                          0.073015
S_rmse_113_dev_from_mean                     0.401814
S_rmse_113_diff_from_int                    -0.118422
S_rmse_137_output                            1.046583
S_rmse_137_conf                             -0.046863
S_rmse_137_weighted                          0.300660
S_rmse_137_dev_from_mean                    -0.944169
S_rmse_137_diff_from_int                     0.595276
S_rmse_173_output                           -0.482559
S_rmse_173_conf                             -0.495794
S_rmse_173_weighted                         -0.209083
S_rmse_173_dev_from_mean                     0.531583
S_rmse_173_diff_from_int                    -0.157639
S_rmse_180_output                            0.385662
S_rmse_180_conf                             -0.151722
S_rmse_180_weighted                          0.361776
S_rmse_180_dev_from_mean                     0.067215
S_rmse_180_diff_from_int                    -0.082452
S_rmse_187_output                            0.011682
S_rmse_187_conf                             -0.228631
S_rmse_187_weighted                          0.013226
S_rmse_187_dev_from_mean                    -0.239072
S_rmse_187_diff_from_int                    -0.138511
S_rmse_194_output                           -0.522893
S_rmse_194_conf                             -0.449384
S_rmse_194_weighted                         -0.156670
S_rmse_194_dev_from_mean                     0.382906
S_rmse_194_diff_from_int                     0.170102
chosen_conf_min                              0.024605
chosen_conf_max                              0.233690
chosen_conf_avg                             -0.236965
highest_chosen_output                        0.101099
highest_chosen_weighted                      0.318531
model_avg                                    0.000000
chosen_model_avg                             0.000000
models_mean                                 -0.258358
models_std                                   0.359698
models_min                                   0.000000
models_max                                  -0.040856
models_range                                -0.576704
models_range_dev_high                        0.578796
models_range_dev_low                         0.282949
diff_mean_10_all                            -0.336312
abs_diff_mean_10_all                         0.506022
BIAS                                        -0.157462


Learned GLZ function: 
feature                                     label0   
bias                                         0.000000
min_model                                    0.000000
max_model                                    0.000000
avg_model_chosen                             0.000000
min_weighted                                 0.313282
max_weighted                                -0.290400
avg_weighted                                 0.000000
weighted_avg                                 0.035801
S_rmse_21_output                             0.000000
S_rmse_21_conf                               0.000000
S_rmse_21_weighted                           0.081905
S_rmse_21_dev_from_mean                     -0.400263
S_rmse_21_diff_from_int                      0.174414
S_rmse_23_output                             0.033207
S_rmse_23_conf                               0.081378
S_rmse_23_weighted                           0.106740
S_rmse_23_dev_from_mean                      0.021266
S_rmse_23_diff_from_int                     -0.444890
S_rmse_26_output                             0.069572
S_rmse_26_conf                               0.057309
S_rmse_26_weighted                           0.115704
S_rmse_26_dev_from_mean                      0.034126
S_rmse_26_diff_from_int                     -0.248544
S_rmse_34_output                             0.162157
S_rmse_34_conf                               0.041146
S_rmse_34_weighted                           0.171857
S_rmse_34_dev_from_mean                     -0.036013
S_rmse_34_diff_from_int                     -0.158264
S_rmse_113_output                           -0.087255
S_rmse_113_conf                             -0.016380
S_rmse_113_weighted                          0.011439
S_rmse_113_dev_from_mean                     0.075115
S_rmse_113_diff_from_int                    -0.034751
S_rmse_137_output                            0.702593
S_rmse_137_conf                              0.082381
S_rmse_137_weighted                          0.352662
S_rmse_137_dev_from_mean                    -0.395651
S_rmse_137_diff_from_int                     0.087860
S_rmse_173_output                            0.047363
S_rmse_173_conf                              0.086218
S_rmse_173_weighted                         -0.107420
S_rmse_173_dev_from_mean                     0.039675
S_rmse_173_diff_from_int                     0.449071
S_rmse_180_output                            0.020359
S_rmse_180_conf                             -0.101438
S_rmse_180_weighted                         -0.136352
S_rmse_180_dev_from_mean                     0.250079
S_rmse_180_diff_from_int                     0.429852
S_rmse_187_output                            0.228630
S_rmse_187_conf                              0.138097
S_rmse_187_weighted                          0.193673
S_rmse_187_dev_from_mean                    -0.279875
S_rmse_187_diff_from_int                    -0.180074
S_rmse_194_output                            0.164233
S_rmse_194_conf                              0.033215
S_rmse_194_weighted                         -0.113553
S_rmse_194_dev_from_mean                     0.121440
S_rmse_194_diff_from_int                     0.030803
chosen_conf_min                              0.171213
chosen_conf_max                              0.153642
chosen_conf_avg                              0.064166
highest_chosen_output                       -0.240765
highest_chosen_weighted                     -0.053628
model_avg                                    0.000000
chosen_model_avg                             0.000000
models_mean                                 -0.022163
models_std                                   0.089828
models_min                                   0.000000
models_max                                  -0.172711
models_range                                -0.104431
models_range_dev_high                       -0.004869
models_range_dev_low                        -0.091916
diff_mean_10_all                            -0.108377
abs_diff_mean_10_all                         0.071626
BIAS                                        -0.112579


Learned GLZ function: 
feature                                     label0   
bias                                         0.000000
min_model                                    0.000000
max_model                                    0.000000
avg_model_chosen                             0.000000
min_weighted                                -0.068807
max_weighted                                -0.007442
avg_weighted                                 0.000000
weighted_avg                                 0.061241
S_rmse_21_output                             0.000000
S_rmse_21_conf                               0.000000
S_rmse_21_weighted                           0.026255
S_rmse_21_dev_from_mean                      0.185701
S_rmse_21_diff_from_int                      0.516795
S_rmse_23_output                             0.099919
S_rmse_23_conf                              -0.008723
S_rmse_23_weighted                          -0.064203
S_rmse_23_dev_from_mean                      0.108202
S_rmse_23_diff_from_int                     -0.101043
S_rmse_26_output                             0.081100
S_rmse_26_conf                               0.003573
S_rmse_26_weighted                          -0.076087
S_rmse_26_dev_from_mean                      0.094459
S_rmse_26_diff_from_int                     -0.114339
S_rmse_34_output                             0.054109
S_rmse_34_conf                               0.020046
S_rmse_34_weighted                           0.036909
S_rmse_34_dev_from_mean                     -0.117546
S_rmse_34_diff_from_int                     -0.307561
S_rmse_113_output                            0.070307
S_rmse_113_conf                              0.034313
S_rmse_113_weighted                          0.009360
S_rmse_113_dev_from_mean                    -0.083355
S_rmse_113_diff_from_int                    -0.224752
S_rmse_137_output                            0.237672
S_rmse_137_conf                             -0.028454
S_rmse_137_weighted                          0.030380
S_rmse_137_dev_from_mean                     0.000323
S_rmse_137_diff_from_int                     0.219458
S_rmse_173_output                            0.064141
S_rmse_173_conf                             -0.050733
S_rmse_173_weighted                         -0.125622
S_rmse_173_dev_from_mean                     0.183589
S_rmse_173_diff_from_int                     0.049570
S_rmse_180_output                            0.435767
S_rmse_180_conf                             -0.209130
S_rmse_180_weighted                          0.031934
S_rmse_180_dev_from_mean                     0.189232
S_rmse_180_diff_from_int                    -0.048389
S_rmse_187_output                            0.128708
S_rmse_187_conf                              0.032611
S_rmse_187_weighted                          0.034718
S_rmse_187_dev_from_mean                    -0.076595
S_rmse_187_diff_from_int                     0.006295
S_rmse_194_output                           -0.141761
S_rmse_194_conf                              0.015471
S_rmse_194_weighted                         -0.123831
S_rmse_194_dev_from_mean                     0.030849
S_rmse_194_diff_from_int                    -0.036506
chosen_conf_min                             -0.045800
chosen_conf_max                              0.043356
chosen_conf_avg                             -0.029588
highest_chosen_output                       -0.097791
highest_chosen_weighted                     -0.074861
model_avg                                    0.000000
chosen_model_avg                             0.000000
models_mean                                  0.084187
models_std                                   0.045172
models_min                                   0.000000
models_max                                  -0.107228
models_range                                 0.116419
models_range_dev_high                       -0.110817
models_range_dev_low                         0.160911
diff_mean_10_all                            -0.057903
abs_diff_mean_10_all                        -0.025466
BIAS                                        -0.065480


Learned GLZ function: 
feature                                     label0   
bias                                         0.000000
min_model                                    0.000000
max_model                                    0.000000
avg_model_chosen                             0.000000
min_weighted                                -0.399949
max_weighted                                 0.381554
avg_weighted                                 0.000000
weighted_avg                                 0.018644
S_rmse_21_output                             0.000000
S_rmse_21_conf                               0.000000
S_rmse_21_weighted                           0.050320
S_rmse_21_dev_from_mean                      0.131214
S_rmse_21_diff_from_int                      0.323720
S_rmse_23_output                            -0.032260
S_rmse_23_conf                              -0.191843
S_rmse_23_weighted                          -0.147382
S_rmse_23_dev_from_mean                      0.388815
S_rmse_23_diff_from_int                     -0.236680
S_rmse_26_output                            -0.196984
S_rmse_26_conf                              -0.101238
S_rmse_26_weighted                          -0.132926
S_rmse_26_dev_from_mean                      0.223760
S_rmse_26_diff_from_int                      0.120076
S_rmse_34_output                             0.336189
S_rmse_34_conf                              -0.064342
S_rmse_34_weighted                           0.083006
S_rmse_34_dev_from_mean                     -0.434419
S_rmse_34_diff_from_int                      0.051866
S_rmse_113_output                            0.183912
S_rmse_113_conf                             -0.040292
S_rmse_113_weighted                          0.090738
S_rmse_113_dev_from_mean                    -0.117899
S_rmse_113_diff_from_int                     0.108880
S_rmse_137_output                            0.455501
S_rmse_137_conf                             -0.124820
S_rmse_137_weighted                         -0.111259
S_rmse_137_dev_from_mean                    -0.182905
S_rmse_137_diff_from_int                    -0.283133
S_rmse_173_output                           -0.820654
S_rmse_173_conf                              0.084505
S_rmse_173_weighted                         -0.083751
S_rmse_173_dev_from_mean                    -0.319813
S_rmse_173_diff_from_int                     0.365558
S_rmse_180_output                            0.281882
S_rmse_180_conf                             -0.324727
S_rmse_180_weighted                          0.351611
S_rmse_180_dev_from_mean                    -0.042640
S_rmse_180_diff_from_int                     0.069219
S_rmse_187_output                            0.403093
S_rmse_187_conf                              0.126109
S_rmse_187_weighted                         -0.058201
S_rmse_187_dev_from_mean                    -0.673128
S_rmse_187_diff_from_int                    -0.009299
S_rmse_194_output                            0.567185
S_rmse_194_conf                             -0.436227
S_rmse_194_weighted                         -0.078217
S_rmse_194_dev_from_mean                     0.610780
S_rmse_194_diff_from_int                    -0.487608
chosen_conf_min                             -0.126397
chosen_conf_max                             -0.158626
chosen_conf_avg                             -0.125279
highest_chosen_output                       -0.293275
highest_chosen_weighted                      0.003692
model_avg                                    0.000000
chosen_model_avg                             0.000000
models_mean                                 -0.244293
models_std                                  -0.002968
models_min                                   0.000000
models_max                                   0.308691
models_range                                 0.046913
models_range_dev_high                       -0.428257
models_range_dev_low                         0.081692
diff_mean_10_all                            -0.384365
abs_diff_mean_10_all                        -0.005579
BIAS                                         0.076222


Learned GLZ function: 
feature                                     label0   
bias                                         0.000000
min_model                                    0.000000
max_model                                    0.000000
avg_model_chosen                             0.000000
min_weighted                                -2.325612
max_weighted                                -3.367014
avg_weighted                                 0.000000
weighted_avg                                 0.533727
S_rmse_21_output                             0.000000
S_rmse_21_conf                               0.000000
S_rmse_21_weighted                          -1.603937
S_rmse_21_dev_from_mean                     -0.637146
S_rmse_21_diff_from_int                      0.233802
S_rmse_23_output                             0.929048
S_rmse_23_conf                               1.363314
S_rmse_23_weighted                           2.137244
S_rmse_23_dev_from_mean                      1.735252
S_rmse_23_diff_from_int                     -2.150054
S_rmse_26_output                            -1.546694
S_rmse_26_conf                               1.986784
S_rmse_26_weighted                           1.655322
S_rmse_26_dev_from_mean                      0.820060
S_rmse_26_diff_from_int                      1.763070
S_rmse_34_output                            -0.425731
S_rmse_34_conf                              -5.221650
S_rmse_34_weighted                           3.127475
S_rmse_34_dev_from_mean                     -1.937682
S_rmse_34_diff_from_int                      0.291572
S_rmse_113_output                           -0.417933
S_rmse_113_conf                              0.444136
S_rmse_113_weighted                          0.312759
S_rmse_113_dev_from_mean                     0.135689
S_rmse_113_diff_from_int                    -0.382849
S_rmse_137_output                            1.953929
S_rmse_137_conf                             -0.302633
S_rmse_137_weighted                          0.489864
S_rmse_137_dev_from_mean                    -2.835453
S_rmse_137_diff_from_int                     0.523037
S_rmse_173_output                            0.299938
S_rmse_173_conf                              0.762298
S_rmse_173_weighted                         -2.404498
S_rmse_173_dev_from_mean                    -1.132054
S_rmse_173_diff_from_int                    -0.386522
S_rmse_180_output                            0.968477
S_rmse_180_conf                             -2.298878
S_rmse_180_weighted                          1.377825
S_rmse_180_dev_from_mean                    -2.548501
S_rmse_180_diff_from_int                     0.202570
S_rmse_187_output                           -0.031667
S_rmse_187_conf                              2.608283
S_rmse_187_weighted                         -2.178053
S_rmse_187_dev_from_mean                     0.561769
S_rmse_187_diff_from_int                    -0.362597
S_rmse_194_output                           -0.264182
S_rmse_194_conf                              0.147350
S_rmse_194_weighted                          3.299468
S_rmse_194_dev_from_mean                     0.786653
S_rmse_194_diff_from_int                     0.461005
chosen_conf_min                             -0.959051
chosen_conf_max                              0.333269
chosen_conf_avg                             -0.077125
highest_chosen_output                        0.106196
highest_chosen_weighted                     -3.219850
model_avg                                    0.000000
chosen_model_avg                             0.000000
models_mean                                 -2.729913
models_std                                  -0.212214
models_min                                   0.000000
models_max                                   1.908422
models_range                                -0.160994
models_range_dev_high                       -2.493139
models_range_dev_low                        -0.000569
diff_mean_10_all                            -2.914016
abs_diff_mean_10_all                        -0.115264
BIAS                                         0.376885


Learned GLZ function: 
feature                                     label0   
bias                                         0.000000
min_model                                    0.000000
max_model                                    0.000000
avg_model_chosen                             0.000000
min_weighted                                -0.204827
max_weighted                                 0.132856
avg_weighted                                 0.000000
weighted_avg                                 0.041165
S_rmse_21_output                             0.000000
S_rmse_21_conf                               0.000000
S_rmse_21_weighted                          -0.011525
S_rmse_21_dev_from_mean                     -0.076420
S_rmse_21_diff_from_int                      0.058003
S_rmse_23_output                             0.200949
S_rmse_23_conf                               0.009456
S_rmse_23_weighted                           0.128228
S_rmse_23_dev_from_mean                      0.167839
S_rmse_23_diff_from_int                     -0.452259
S_rmse_26_output                             0.021949
S_rmse_26_conf                               0.076838
S_rmse_26_weighted                           0.151583
S_rmse_26_dev_from_mean                     -0.044450
S_rmse_26_diff_from_int                     -0.014370
S_rmse_34_output                             0.200190
S_rmse_34_conf                              -0.030630
S_rmse_34_weighted                           0.042657
S_rmse_34_dev_from_mean                     -0.114715
S_rmse_34_diff_from_int                     -0.057883
S_rmse_113_output                           -0.092713
S_rmse_113_conf                             -0.124586
S_rmse_113_weighted                         -0.058312
S_rmse_113_dev_from_mean                     0.459266
S_rmse_113_diff_from_int                    -0.442275
S_rmse_137_output                            0.602230
S_rmse_137_conf                              0.096926
S_rmse_137_weighted                          0.063760
S_rmse_137_dev_from_mean                    -0.545020
S_rmse_137_diff_from_int                     0.065271
S_rmse_173_output                           -0.584373
S_rmse_173_conf                              0.221727
S_rmse_173_weighted                         -0.078777
S_rmse_173_dev_from_mean                    -0.237462
S_rmse_173_diff_from_int                    -0.015216
S_rmse_180_output                           -0.091138
S_rmse_180_conf                              0.000129
S_rmse_180_weighted                          0.214716
S_rmse_180_dev_from_mean                    -0.108377
S_rmse_180_diff_from_int                     0.153582
S_rmse_187_output                            0.275627
S_rmse_187_conf                              0.021035
S_rmse_187_weighted                         -0.104445
S_rmse_187_dev_from_mean                     0.057199
S_rmse_187_diff_from_int                     0.476337
S_rmse_194_output                            0.470427
S_rmse_194_conf                             -0.235319
S_rmse_194_weighted                         -0.144493
S_rmse_194_dev_from_mean                     0.626603
S_rmse_194_diff_from_int                     0.298454
chosen_conf_min                             -0.030177
chosen_conf_max                             -0.042702
chosen_conf_avg                              0.013404
highest_chosen_output                       -0.167083
highest_chosen_weighted                     -0.062612
model_avg                                    0.000000
chosen_model_avg                             0.000000
models_mean                                  0.201573
models_std                                   0.131092
models_min                                   0.000000
models_max                                  -0.089326
models_range                                -0.158951
models_range_dev_high                       -0.233950
models_range_dev_low                        -0.002460
diff_mean_10_all                             0.129424
abs_diff_mean_10_all                        -0.120331
BIAS                                        -0.045517


Learned GLZ function: 
feature                                     label0   
bias                                         0.000000
min_model                                    0.000000
max_model                                    0.000000
avg_model_chosen                             0.000000
min_weighted                                -0.261865
max_weighted                                 0.049583
avg_weighted                                 0.000000
weighted_avg                                 0.140808
S_rmse_21_output                             0.000000
S_rmse_21_conf                               0.000000
S_rmse_21_weighted                           0.260553
S_rmse_21_dev_from_mean                      0.563026
S_rmse_21_diff_from_int                      0.674595
S_rmse_23_output                            -0.795819
S_rmse_23_conf                               0.133552
S_rmse_23_weighted                           0.383530
S_rmse_23_dev_from_mean                      0.428752
S_rmse_23_diff_from_int                     -0.208055
S_rmse_26_output                            -0.049292
S_rmse_26_conf                              -0.068211
S_rmse_26_weighted                           0.441000
S_rmse_26_dev_from_mean                      0.971950
S_rmse_26_diff_from_int                     -0.183213
S_rmse_34_output                             0.566253
S_rmse_34_conf                              -0.349688
S_rmse_34_weighted                           0.522152
S_rmse_34_dev_from_mean                     -0.919413
S_rmse_34_diff_from_int                     -0.248174
S_rmse_113_output                           -0.550072
S_rmse_113_conf                             -0.382573
S_rmse_113_weighted                          0.489005
S_rmse_113_dev_from_mean                     0.072688
S_rmse_113_diff_from_int                    -0.188856
S_rmse_137_output                            0.915639
S_rmse_137_conf                              0.123525
S_rmse_137_weighted                          0.610871
S_rmse_137_dev_from_mean                    -1.048167
S_rmse_137_diff_from_int                     0.557617
S_rmse_173_output                           -0.675035
S_rmse_173_conf                              0.140908
S_rmse_173_weighted                         -0.289089
S_rmse_173_dev_from_mean                    -0.827593
S_rmse_173_diff_from_int                     0.417539
S_rmse_180_output                           -0.219663
S_rmse_180_conf                             -0.981832
S_rmse_180_weighted                         -0.920273
S_rmse_180_dev_from_mean                    -0.064973
S_rmse_180_diff_from_int                    -0.177909
S_rmse_187_output                            0.633284
S_rmse_187_conf                              0.089945
S_rmse_187_weighted                          0.648729
S_rmse_187_dev_from_mean                    -0.956564
S_rmse_187_diff_from_int                    -0.204150
S_rmse_194_output                            0.906098
S_rmse_194_conf                             -0.384336
S_rmse_194_weighted                         -0.079518
S_rmse_194_dev_from_mean                     0.154580
S_rmse_194_diff_from_int                    -0.329876
chosen_conf_min                              0.453986
chosen_conf_max                             -0.683677
chosen_conf_avg                             -0.212639
highest_chosen_output                       -0.095662
highest_chosen_weighted                     -0.206740
model_avg                                    0.000000
chosen_model_avg                             0.000000
models_mean                                 -0.464214
models_std                                   0.111670
models_min                                   0.000000
models_max                                   0.555524
models_range                                -0.314643
models_range_dev_high                       -0.285131
models_range_dev_low                         0.203400
diff_mean_10_all                            -0.592761
abs_diff_mean_10_all                        -0.319133
BIAS                                         0.123637

processing 3000 predictions...

0%   10   20   30   40   50   60   70   80   90   100%
|----|----|----|----|----|----|----|----|----|----|
***************************************************
 done.
elapsed: [6.02s cpu, 5779.7107 mticks, 2.16s wall]
score: 0.4409  baseline: 0.4398  diff: 0.00107
category UNKNOWN: count 0 avg error 0 baseline avg error 0 avg improvement 0
category AUTO: count 1249 avg error 0.0281294 baseline avg error 0.0250981 avg improvement -0.00303128
category POSS: count 1531 avg error 0.212816 baseline avg error 0.213126 avg improvement 0.000310123
category IMP: count 220 avg error 1.0098 baseline avg error 1.01199 avg improvement 0.00218919
overall: count 3000 avg error 0.194371 baseline avg error 0.193427 avg improvement -0.000943218
worst entries: 
0: 1607  label: -1 pred: 0.0576641 bl: -0.3097 POSS error_pred: 1.11865 error_bl: 0.476514 improvement: -0.642139
    min: -0.801  max: 0.614 avg: -0.148135
explanation: 
    0.300691 4.3265967            models_std
    0.154305 -0.67949998          S_rmse_26_output
   -0.148388 1.415                models_range
   -0.147483 0.34399998           S_rmse_23_diff_from_int
    0.138445 0.61400002           models_max
    0.109720 0.42399999           S_rmse_21_diff_from_int
   -0.098574 -0.65600002          S_rmse_23_output
    0.096910 -0.67949998          highest_chosen_output
    0.077386 -0.21543929          highest_chosen_weighted
   -0.075725 -0.29550001          S_rmse_180_output
    0.069708                      TOTAL


1: 803  label: -0.5 pred: 0.718285 bl: 0.4628 POSS error_pred: 1.48422 error_bl: 0.926984 improvement: -0.557234
    min: -0.0825  max: 0.8765 avg: 0.444133
explanation: 
    0.393665 0.602                S_rmse_137_output
    0.197634 0.87650001           models_max
    0.172048 0.66649997           S_rmse_187_output
    0.167415 2.4089127            models_std
   -0.144530 0.44413251           models_mean
   -0.135861 0.53149998           S_rmse_173_output
    0.115413 0.44599998           S_rmse_21_diff_from_int
    0.111003 0.537                S_rmse_194_output
   -0.100568 0.95899999           models_range
    0.098917 0.38600001           S_rmse_180_output
    0.730329                      TOTAL


2: 2143  label: -1 pred: 0.198115 bl: -0.03495 POSS error_pred: 1.43548 error_bl: 0.931321 improvement: -0.504158
    min: -0.6345  max: 0.352 avg: -0.24971
explanation: 
    0.213808 3.0764513            models_std
   -0.116615 0.27200001           S_rmse_23_diff_from_int
   -0.103452 0.98650002           models_range
    0.095485 -0.21475999          diff_mean_10_all
    0.082068 0.12549999           S_rmse_137_output
    0.081261 -0.24970999          models_mean
    0.079369 0.352                models_max
   -0.077192 0.12196194           S_rmse_137_dev_from_mean
   -0.063899 0.19558573           models_range_dev_high
    0.059497 -0.26199999          S_rmse_26_output
    0.210159                      TOTAL


3: 556  label: -1 pred: 0.480647 bl: 0.318 IMP error_pred: 2.19232 error_bl: 1.73712 improvement: -0.455192
    min: -0.1895  max: 0.6395 avg: 0.27104
explanation: 
    0.325002 0.49700001           S_rmse_137_output
    0.144195 0.63950002           models_max
    0.130619 1.8794546            models_std
   -0.117472 0.27399999           S_rmse_23_diff_from_int
    0.100533 0.38850001           S_rmse_21_diff_from_int
    0.091582 0.49700001           S_rmse_137_diff_from_int
   -0.088572 0.34650001           S_rmse_173_output
   -0.088202 0.27103999           models_mean
   -0.086935 0.829                models_range
   -0.076094 0.12022638           S_rmse_137_dev_from_mean
    0.492691                      TOTAL


4: 21  label: -1 pred: 0.0217304 bl: -0.17465 POSS error_pred: 1.04393 error_bl: 0.681203 improvement: -0.36273
    min: -0.518  max: 0.248 avg: -0.19263
explanation: 
    0.126748 1.8237559            models_std
   -0.118034 -0.1805              S_rmse_137_output
    0.096005 0.37099999           S_rmse_21_diff_from_int
   -0.080329 0.76600003           models_range
   -0.078934 0.2416058            models_range_dev_high
    0.062686 -0.19262999          models_mean
    0.055919 0.248                models_max
   -0.054071 -0.211               S_rmse_180_output
   -0.053591 0.125                S_rmse_23_diff_from_int
    0.052912 -0.37099999          highest_chosen_output
    0.033774                      TOTAL


5: 1567  label: -1 pred: 0.501918 bl: 0.3803 IMP error_pred: 2.25576 error_bl: 1.90523 improvement: -0.350529
    min: -0.144  max: 0.7415 avg: 0.44164
explanation: 
    0.401839 0.61449999           S_rmse_137_output
    0.167194 0.74150002           models_max
   -0.143719 0.44163999           models_mean
    0.133916 1.9268986            models_std
    0.121712 0.47150001           S_rmse_187_output
   -0.119401 0.27849999           S_rmse_23_diff_from_int
    0.117496 0.4585               S_rmse_180_output
    0.109331 0.42250001           S_rmse_21_diff_from_int
   -0.092861 0.88550001           models_range
    0.071036 0.38550001           S_rmse_137_diff_from_int
    0.513962                      TOTAL


6: 560  label: -1 pred: 0.0885662 bl: -0.08085 IMP error_pred: 1.18498 error_bl: 0.844837 improvement: -0.34014
    min: -0.363  max: 0.29 avg: -0.0761225
explanation: 
    0.119725 1.7227045            models_std
   -0.069434 0.21252774           models_range_dev_high
   -0.068479 0.653                models_range
   -0.068335 -0.1045              S_rmse_137_output
    0.065390 0.28999999           models_max
    0.059176 -0.2315              S_rmse_173_output
   -0.047640 0.080436334          S_rmse_34_conf
   -0.034440 0.079133987          S_rmse_180_conf
    0.033017 -0.2315              highest_chosen_output
    0.024772 -0.0761225           models_mean
    0.100610                      TOTAL


7: 2938  label: -0.5 pred: 0.448197 bl: 0.271 POSS error_pred: 0.899078 error_bl: 0.594441 improvement: -0.304637
    min: -0.102  max: 0.723 avg: 0.326885
explanation: 
    0.334811 0.51200002           S_rmse_137_output
    0.163023 0.72299999           models_max
    0.161520 2.3240905            models_std
   -0.106375 0.32688498           models_mean
    0.089923 0.48799998           S_rmse_137_diff_from_int
   -0.088533 0.20649999           S_rmse_23_diff_from_int
   -0.086516 0.82499999           models_range
   -0.080008 0.31299999           S_rmse_173_output
   -0.079655 0.13449106           S_rmse_34_conf
    0.077903 0.30399999           S_rmse_180_output
    0.460241                      TOTAL


8: 1010  label: -1 pred: 0.672899 bl: 0.58035 IMP error_pred: 2.79859 error_bl: 2.49751 improvement: -0.301085
    min: 0.0665  max: 0.92 avg: 0.61262
explanation: 
    0.548645 0.83899999           S_rmse_137_output
    0.207443 0.92000002           models_max
   -0.199359 0.61262              models_mean
    0.177211 0.68650001           S_rmse_187_output
   -0.163989 0.38249999           S_rmse_23_diff_from_int
   -0.155416 0.60799998           S_rmse_173_output
    0.148888 0.58099997           S_rmse_180_output
    0.130506 1.8778266            models_std
    0.126669 0.48949999           S_rmse_21_diff_from_int
    0.119375 0.57749999           S_rmse_194_output
    0.684943                      TOTAL


9: 1924  label: -1 pred: 0.446447 bl: 0.3466 IMP error_pred: 2.09221 error_bl: 1.81333 improvement: -0.278878
    min: 0.0115  max: 0.8555 avg: 0.4165
explanation: 
    0.272361 0.4165               S_rmse_137_output
    0.192899 0.85549998           models_max
    0.167231 2.4062593            models_std
   -0.135537 0.4165               models_mean
    0.127575 0.49299997           S_rmse_21_diff_from_int
   -0.123336 0.48249999           S_rmse_173_output
   -0.118973 0.2775               S_rmse_23_diff_from_int
   -0.093061 0.2138284            S_rmse_180_conf
   -0.088509 0.84399998           models_range
    0.084648 0.4095               S_rmse_194_output
    0.458491                      TOTAL


10: 224  label: -1 pred: 0.187558 bl: 0.06435 IMP error_pred: 1.41029 error_bl: 1.13284 improvement: -0.277454
    min: -0.434  max: 0.2955 avg: -0.0162475
explanation: 
    0.133762 1.9246799            models_std
    0.122938 0.18799999           S_rmse_137_output
   -0.076501 0.7295               models_range
   -0.067166 0.10612024           S_rmse_137_dev_from_mean
    0.066630 0.29550001           models_max
   -0.052918 0.1619737            models_range_dev_high
   -0.039961 0.067470536          S_rmse_34_conf
    0.036397 0.141                S_rmse_187_output
    0.035835 -0.080597505         diff_mean_10_all
    0.034643 0.18799999           S_rmse_137_diff_from_int
    0.199602                      TOTAL


11: 1346  label: -1 pred: -0.257312 bl: -0.4677 POSS error_pred: 0.551585 error_bl: 0.283343 improvement: -0.268242
    min: -0.8465  max: 0.259 avg: -0.209568
explanation: 
   -0.293287 -0.44850001          S_rmse_137_output
    0.231234 3.3271883            models_std
    0.214591 -0.83950001          S_rmse_173_output
   -0.210935 0.49199998           S_rmse_23_diff_from_int
   -0.166091 -0.8035              S_rmse_194_output
    0.122399 -0.53899997          S_rmse_26_output
    0.119730 -0.83950001          highest_chosen_output
   -0.115931 1.1055               models_range
   -0.114769 0.25813252           diff_mean_10_all
    0.103031 -0.28683397          highest_chosen_weighted
   -0.245268                      TOTAL


12: 2452  label: -1 pred: 0.377875 bl: 0.2837 IMP error_pred: 1.89854 error_bl: 1.64789 improvement: -0.250653
    min: -0.0755  max: 0.6815 avg: 0.307645
explanation: 
    0.264514 0.40450001           S_rmse_137_output
    0.153665 0.68150002           models_max
    0.107779 0.4165               S_rmse_21_diff_from_int
    0.106817 1.5369745            models_std
   -0.103110 0.2405               S_rmse_23_diff_from_int
   -0.100114 0.30764499           models_mean
   -0.085471 0.14431134           S_rmse_34_conf
    0.083249 0.32249999           S_rmse_187_output
    0.080594 0.3145               S_rmse_180_output
   -0.079469 0.24324086           models_range_dev_high
    0.389919                      TOTAL


13: 1601  label: -1 pred: 0.694375 bl: 0.6191 IMP error_pred: 2.87091 error_bl: 2.62148 improvement: -0.24942
    min: 0.008  max: 0.833 avg: 0.551522
explanation: 
    0.413282 0.63200003           S_rmse_137_output
    0.187826 0.833                models_max
   -0.179476 0.55152249           models_mean
    0.172307 0.66750002           S_rmse_187_output
    0.162470 0.634                S_rmse_180_output
   -0.153271 0.35750002           S_rmse_23_diff_from_int
   -0.151965 0.59450001           S_rmse_173_output
   -0.149309 0.65750003           S_rmse_26_output
    0.130434 0.63099998           S_rmse_194_output
    0.122529 0.47350001           S_rmse_21_diff_from_int
    0.706419                      TOTAL


14: 326  label: -1 pred: -0.249003 bl: -0.438 POSS error_pred: 0.563997 error_bl: 0.315844 improvement: -0.248153
    min: -0.888  max: 0.1355 avg: -0.372985
explanation: 
   -0.214815 -0.3285              S_rmse_137_output
    0.159723 2.2982252            models_std
   -0.142339 0.33199999           S_rmse_23_diff_from_int
   -0.128387 -0.50099999          S_rmse_180_output
    0.126914 -0.49649999          S_rmse_173_output
    0.121377 -0.37298501          models_mean
    0.110108 0.42550001           S_rmse_21_diff_from_int
   -0.107332 1.0235               models_range
   -0.103642 -0.40149999          S_rmse_187_output
   -0.087788 0.14822268           S_rmse_34_conf
   -0.236959                      TOTAL


15: 769  label: -0.5 pred: 0.811314 bl: 0.71705 IMP error_pred: 1.71954 error_bl: 1.48121 improvement: -0.238333
    min: 0.277  max: 0.903 avg: 0.645943
explanation: 
    0.443036 0.67750001           S_rmse_137_output
   -0.210203 0.64594251           models_mean
    0.204881 0.79949999           S_rmse_180_output
    0.203609 0.903                models_max
    0.186633 0.72299999           S_rmse_187_output
   -0.164524 0.7245               S_rmse_26_output
   -0.164234 0.64249998           S_rmse_173_output
    0.146867 0.7105               S_rmse_194_output
   -0.118330 0.27600002           S_rmse_23_diff_from_int
    0.108792 0.72399998           S_rmse_23_output
    0.823358                      TOTAL


16: 1789  label: -1 pred: -0.181024 bl: -0.3306 POSS error_pred: 0.670722 error_bl: 0.448096 improvement: -0.222626
    min: -0.56  max: 0.0955 avg: -0.272085
explanation: 
   -0.340696 -0.52100003          S_rmse_137_output
    0.109720 0.42399999           S_rmse_21_diff_from_int
    0.107177 1.5421584            models_std
    0.102158 -0.1614069           S_rmse_137_dev_from_mean
   -0.097322 0.227                S_rmse_23_diff_from_int
    0.088542 -0.27208501          models_mean
    0.088265 0.47899997           S_rmse_137_diff_from_int
   -0.087898 -0.34299999          S_rmse_180_output
    0.085504 -0.33450001          S_rmse_173_output
   -0.083120 -0.322               S_rmse_187_output
   -0.168980                      TOTAL


17: 111  label: 1 pred: 0.0590698 bl: 0.18435 POSS error_pred: 0.88535 error_bl: 0.665285 improvement: -0.220065
    min: -0.7365  max: 0.7185 avg: 0.177303
explanation: 
    0.162008 0.71850002           models_max
   -0.152583 1.455                models_range
    0.151007 2.1728225            models_std
   -0.124118 0.2895               S_rmse_23_diff_from_int
   -0.096853 0.16352932           S_rmse_34_conf
   -0.091887 0.21113141           S_rmse_180_conf
   -0.081375 0.24907582           models_range_dev_high
    0.078798 0.1205               S_rmse_137_output
   -0.072979 0.28549999           S_rmse_173_output
   -0.067331 0.2965               S_rmse_26_output
    0.071114                      TOTAL


18: 1418  label: -1 pred: -0.240586 bl: -0.4001 POSS error_pred: 0.57671 error_bl: 0.35988 improvement: -0.21683
    min: -0.922  max: 0.115 avg: -0.40263
explanation: 
   -0.256340 -0.39199999          S_rmse_137_output
   -0.163561 0.38150001           S_rmse_23_diff_from_int
    0.153441 2.2078435            models_std
    0.131024 -0.40263             models_mean
    0.122529 0.47350001           S_rmse_21_diff_from_int
    0.109149 -0.42699999          S_rmse_173_output
   -0.108748 1.0369999            models_range
   -0.105323 -0.41100001          S_rmse_180_output
   -0.092709 -0.44850001          S_rmse_194_output
    0.083568 -0.368               S_rmse_26_output
   -0.228542                      TOTAL


19: 1283  label: 0 pred: 0.619835 bl: 0.4173 POSS error_pred: 0.384196 error_bl: 0.174139 improvement: -0.210057
    min: 0.0235  max: 0.7945 avg: 0.31119
explanation: 
    0.330561 0.50550002           S_rmse_137_output
    0.179145 0.79449999           models_max
    0.153333 0.59399998           S_rmse_187_output
   -0.145340 0.33899999           S_rmse_23_diff_from_int
    0.131086 1.8861797            models_std
    0.126849 0.495                S_rmse_180_output
   -0.101267 0.31119001           models_mean
    0.100663 0.389                S_rmse_21_diff_from_int
   -0.092278 0.361                S_rmse_173_output
    0.091121 0.49449998           S_rmse_137_diff_from_int
    0.631879                      TOTAL


20: 379  label: -1 pred: 0.491312 bl: 0.42065 IMP error_pred: 2.22401 error_bl: 2.01825 improvement: -0.205766
    min: -0.0025  max: 0.975 avg: 0.554218
explanation: 
    0.228698 3.2906969            models_std
    0.219844 0.97500002           models_max
    0.208276 0.31850001           S_rmse_137_output
   -0.185426 0.4325               S_rmse_23_diff_from_int
   -0.180353 0.55421752           models_mean
   -0.154366 0.26063573           S_rmse_34_conf
    0.147735 0.5765               S_rmse_180_output
   -0.128417 0.56550002           S_rmse_26_output
    0.112178 0.43349999           S_rmse_21_diff_from_int
   -0.105187 0.41150001           S_rmse_173_output
    0.503356                      TOTAL


21: 1616  label: -1 pred: -0.160652 bl: -0.2913 IMP error_pred: 0.704505 error_bl: 0.502256 improvement: -0.202249
    min: -0.487  max: 0.3145 avg: -0.180008
explanation: 
   -0.180811 -0.27649999          S_rmse_137_output
    0.146861 2.1131606            models_std
   -0.124680 -0.48300001          S_rmse_187_output
    0.101608 -0.39750001          S_rmse_173_output
   -0.090023 0.15199655           S_rmse_34_conf
   -0.084052 0.80149996           models_range
   -0.077930 -0.377               S_rmse_194_output
   -0.076454 0.2340132            models_range_dev_high
    0.070914 0.3145               models_max
    0.068886 -0.48300001          highest_chosen_output
   -0.148608                      TOTAL


22: 2216  label: -1 pred: 0.514489 bl: 0.44665 IMP error_pred: 2.29368 error_bl: 2.0928 improvement: -0.200881
    min: -0.1085  max: 0.889 avg: 0.49062
explanation: 
    0.443036 0.67750001           S_rmse_137_output
    0.200453 0.889                models_max
   -0.175780 0.41                 S_rmse_23_diff_from_int
    0.172977 2.4889407            models_std
   -0.159658 0.49061999           models_mean
    0.156818 0.60750002           S_rmse_187_output
   -0.129993 0.29868862           S_rmse_180_conf
   -0.119118 0.46599999           S_rmse_173_output
   -0.110294 0.18622275           S_rmse_34_conf
    0.109331 0.42250001           S_rmse_21_diff_from_int
    0.526533                      TOTAL


23: 2231  label: -1 pred: 0.391279 bl: 0.32005 IMP error_pred: 1.93566 error_bl: 1.74253 improvement: -0.193125
    min: -0.009  max: 0.6935 avg: 0.405828
explanation: 
    0.273015 0.41749999           S_rmse_137_output
   -0.163775 0.382                S_rmse_23_diff_from_int
    0.156371 0.69349998           models_max
   -0.132064 0.40582749           models_mean
    0.117067 1.6844566            models_std
   -0.111344 0.18799672           S_rmse_34_conf
    0.106097 0.41                 S_rmse_21_diff_from_int
    0.089307 0.34850001           S_rmse_180_output
   -0.083000 0.3655               S_rmse_26_output
    0.076932 0.41749999           S_rmse_137_diff_from_int
    0.403323                      TOTAL


24: 2911  label: 0.5 pred: -0.193961 bl: -0.0475 POSS error_pred: 0.481582 error_bl: 0.299756 improvement: -0.181826
    min: -0.25  max: 0.138 avg: -0.0904875
explanation: 
   -0.086092 0.26351303           models_range_dev_high
   -0.070392 0.14587715           S_rmse_34_dev_from_mean
    0.060261 0.8670823            models_std
   -0.046732 0.109                S_rmse_23_diff_from_int
   -0.040870 -0.0625              S_rmse_137_output
   -0.040689 0.38800001           models_range
   -0.034881 0.080147713          S_rmse_180_conf
    0.031116 0.138                models_max
    0.029446 -0.090487503         models_mean
    0.026456 -0.1165              S_rmse_26_output
   -0.181917                      TOTAL


25: 1889  label: -1 pred: 0.290351 bl: 0.2186 IMP error_pred: 1.66501 error_bl: 1.48499 improvement: -0.180019
    min: -0.0825  max: 0.477 avg: 0.23874
explanation: 
    0.129805 0.19850001           S_rmse_137_output
   -0.117472 0.27399999           S_rmse_23_diff_from_int
    0.107554 0.477                models_max
    0.103116 1.4837276            models_std
   -0.101883 0.17202169           S_rmse_34_conf
    0.081107 0.31650001           S_rmse_180_output
   -0.077691 0.23874              models_mean
    0.074785 0.289                S_rmse_21_diff_from_int
    0.064635 -0.13394642          S_rmse_34_dev_from_mean
   -0.063138 0.24699999           S_rmse_173_output
    0.302395                      TOTAL


26: 2356  label: 1 pred: 0.0915681 bl: 0.1961 POSS error_pred: 0.825249 error_bl: 0.646255 improvement: -0.178993
    min: -0.042  max: 0.7015 avg: 0.19894
explanation: 
    0.158175 0.7015               models_max
    0.157597 0.241                S_rmse_137_output
   -0.114198 0.34954116           models_range_dev_high
   -0.113828 0.26550001           S_rmse_23_diff_from_int
   -0.102406 0.23530093           S_rmse_180_conf
    0.099922 1.4377706            models_std
   -0.077969 0.74349999           models_range
   -0.064739 0.19893999           models_mean
   -0.061540 0.271                S_rmse_26_output
   -0.054969 0.09281116           S_rmse_34_conf
    0.103612                      TOTAL


27: 1230  label: 1 pred: 0.0984023 bl: 0.20345 POSS error_pred: 0.812878 error_bl: 0.634492 improvement: -0.178387
    min: 0.007  max: 0.7175 avg: 0.297535
explanation: 
    0.176234 0.26949999           S_rmse_137_output
    0.161783 0.71749997           models_max
   -0.144697 0.33750001           S_rmse_23_diff_from_int
   -0.122366 0.20660651           S_rmse_34_conf
    0.113736 1.6365352            models_std
   -0.096824 0.297535             models_mean
   -0.090777 0.20857987           S_rmse_180_conf
   -0.083839 0.25661835           models_range_dev_high
   -0.075166 0.331                S_rmse_26_output
   -0.074509 0.71049994           models_range
    0.110446                      TOTAL


28: 1911  label: 0.5 pred: 0.0117265 bl: 0.2518 POSS error_pred: 0.238411 error_bl: 0.0616032 improvement: -0.176808
    min: -0.318  max: 0.7715 avg: 0.304355
explanation: 
    0.173959 0.77149999           models_max
   -0.159488 0.37200001           S_rmse_23_diff_from_int
    0.154712 2.2261243            models_std
   -0.138793 0.31890741           S_rmse_180_conf
   -0.120236 0.20300874           S_rmse_34_conf
   -0.114254 1.0895               models_range
    0.106263 0.16249999           S_rmse_137_output
   -0.105059 0.41100001           S_rmse_173_output
   -0.099043 0.304355             models_mean
   -0.083227 0.36649999           S_rmse_26_output
    0.023770                      TOTAL


29: 1992  label: 1 pred: 0.0283778 bl: 0.1207 IMP error_pred: 0.94405 error_bl: 0.773169 improvement: -0.170881
    min: -0.127  max: 0.468 avg: 0.153657
explanation: 
    0.105525 0.46799999           models_max
    0.098025 1.4104642            models_std
   -0.086038 0.19769123           S_rmse_180_conf
    0.077817 0.119                S_rmse_137_output
   -0.072811 0.22286458           models_range_dev_high
   -0.062396 0.59500003           models_range
   -0.056654 0.095656499          S_rmse_34_conf
   -0.051124 0.2                  S_rmse_173_output
   -0.050003 0.1536575            models_mean
    0.045045 0.1745               S_rmse_187_output
    0.040422                      TOTAL


30: 1424  label: -0.5 pred: 0.919456 bl: 0.85875 IMP error_pred: 2.01486 error_bl: 1.8462 improvement: -0.168655
    min: 0.4295  max: 0.9995 avg: 0.80197
explanation: 
    0.529682 0.81                 S_rmse_137_output
   -0.260977 0.80197001           models_mean
    0.228073 0.88999999           S_rmse_180_output
    0.225368 0.99949998           models_max
   -0.211524 0.82749999           S_rmse_173_output
    0.211285 0.81849998           S_rmse_187_output
   -0.211190 0.93000001           S_rmse_26_output
    0.170639 0.82550001           S_rmse_194_output
    0.145307 0.96700001           S_rmse_23_output
   -0.111529 0.78200001           highest_chosen_output
    0.931500                      TOTAL


31: 1627  label: 0 pred: 0.623898 bl: 0.47095 POSS error_pred: 0.389248 error_bl: 0.221794 improvement: -0.167454
    min: -0.4555  max: 0.8675 avg: 0.231558
explanation: 
    0.251015 3.6118178            models_std
    0.195605 0.86750001           models_max
   -0.182639 0.426                S_rmse_23_diff_from_int
    0.146106 0.56599998           S_rmse_187_output
   -0.138740 1.323                models_range
   -0.135350 0.52950001           S_rmse_173_output
    0.121855 0.58950001           S_rmse_194_output
    0.118521 0.46250001           S_rmse_180_output
    0.113783 0.17399999           S_rmse_137_output
    0.110366 0.42649999           S_rmse_21_diff_from_int
    0.635942                      TOTAL


32: 789  label: 0 pred: 0.728754 bl: 0.60405 POSS error_pred: 0.531082 error_bl: 0.364876 improvement: -0.166205
    min: 0.1325  max: 0.903 avg: 0.585195
explanation: 
    0.358025 0.54750001           S_rmse_137_output
    0.203609 0.903                models_max
   -0.190434 0.585195             models_mean
   -0.185189 0.81550002           S_rmse_26_output
    0.178373 0.69099998           S_rmse_187_output
   -0.145574 0.56950003           S_rmse_173_output
    0.141566 2.036979             models_std
    0.127362 0.49700001           S_rmse_180_output
    0.122391 0.81449997           S_rmse_23_output
   -0.118911 0.20077176           S_rmse_34_conf
    0.740798                      TOTAL


33: 2025  label: -1 pred: -0.0968783 bl: -0.19155 IMP error_pred: 0.815629 error_bl: 0.653591 improvement: -0.162037
    min: -0.426  max: 0.209 avg: -0.114363
explanation: 
   -0.130459 -0.19949999          S_rmse_137_output
    0.127548 1.8352643            models_std
   -0.083378 -0.32300001          S_rmse_187_output
   -0.081418 0.13746807           S_rmse_34_conf
   -0.066591 0.63499999           models_range
    0.061476 -0.2405              S_rmse_173_output
   -0.057564 0.17619397           models_range_dev_high
    0.047126 0.20900001           models_max
    0.046066 -0.32300001          highest_chosen_output
   -0.045874 0.107                S_rmse_23_diff_from_int
   -0.084834                      TOTAL


34: 2673  label: 1 pred: -0.106679 bl: -0.035 IMP error_pred: 1.22474 error_bl: 1.07122 improvement: -0.153514
    min: -0.1705  max: 0.2385 avg: 0.02102
explanation: 
    0.076986 1.1077423            models_std
   -0.066481 0.11224883           S_rmse_34_conf
   -0.064142 0.19632725           models_range_dev_high
    0.053777 0.2385               models_max
   -0.048400 0.11120988           S_rmse_180_conf
   -0.042891 0.40899998           models_range
   -0.037866 -0.095256813         S_rmse_23_dev_from_mean
   -0.036228 0.0845               S_rmse_23_diff_from_int
    0.033768 -0.069980174         S_rmse_34_dev_from_mean
    0.029529 0.14257403           S_rmse_26_conf
   -0.094635                      TOTAL


35: 705  label: 0 pred: 0.681558 bl: 0.55945 POSS error_pred: 0.464522 error_bl: 0.312984 improvement: -0.151538
    min: 0.11  max: 0.916 avg: 0.488142
explanation: 
    0.478021 0.73100001           S_rmse_137_output
    0.206541 0.91600001           models_max
    0.191280 0.741                S_rmse_187_output
   -0.173636 0.40499997           S_rmse_23_diff_from_int
   -0.158851 0.48814249           models_mean
    0.138894 0.542                S_rmse_180_output
   -0.138750 0.611                S_rmse_26_output
    0.126406 1.8188313            models_std
   -0.124358 0.48649999           S_rmse_173_output
    0.101180 0.391                S_rmse_21_diff_from_int
    0.693602                      TOTAL


36: 1874  label: -0.5 pred: 0.311342 bl: 0.21345 POSS error_pred: 0.658276 error_bl: 0.509011 improvement: -0.149265
    min: -0.085  max: 0.4465 avg: 0.221965
explanation: 
    0.137325 0.20999999           S_rmse_137_output
    0.100677 0.4465               models_max
    0.082241 1.1833568            models_std
   -0.078458 0.183                S_rmse_23_diff_from_int
    0.076110 0.29699999           S_rmse_180_output
    0.073362 0.28349999           S_rmse_21_diff_from_int
   -0.072232 0.221965             models_mean
   -0.068506 0.26800001           S_rmse_173_output
   -0.067638 0.11420234           S_rmse_34_conf
    0.062013 0.30000001           S_rmse_194_output
    0.323386                      TOTAL


37: 328  label: 0 pred: 0.902342 bl: 0.8157 POSS error_pred: 0.814221 error_bl: 0.665366 improvement: -0.148854
    min: 0.0555  max: 1 avg: 0.695328
explanation: 
    0.514641 0.787                S_rmse_137_output
    0.240886 0.94                 S_rmse_180_output
   -0.234274 0.91649997           S_rmse_173_output
   -0.226274 0.69532752           models_mean
    0.225481 1                    models_max
    0.207026 0.80199999           S_rmse_187_output
    0.192975 2.7766888            models_std
    0.191930 0.9285               S_rmse_194_output
   -0.176423 0.41149998           S_rmse_23_diff_from_int
   -0.131256 0.57800001           S_rmse_26_output
    0.914386                      TOTAL


38: 1448  label: -1 pred: 0.618838 bl: 0.5725 IMP error_pred: 2.62064 error_bl: 2.47276 improvement: -0.147881
    min: 0.099  max: 0.834 avg: 0.562052
explanation: 
    0.381894 0.58399999           S_rmse_137_output
    0.188051 0.83399999           models_max
   -0.182903 0.56205249           models_mean
   -0.172135 0.40149999           S_rmse_23_diff_from_int
    0.157851 0.61150002           S_rmse_187_output
   -0.137501 0.60549998           S_rmse_26_output
    0.129668 0.50599998           S_rmse_180_output
    0.128092 0.495                S_rmse_21_diff_from_int
   -0.126403 0.49450001           S_rmse_173_output
    0.106034 1.5257083            models_std
    0.630882                      TOTAL


39: 723  label: -1 pred: 0.294688 bl: 0.2365 IMP error_pred: 1.67622 error_bl: 1.52893 improvement: -0.147285
    min: -0.1015  max: 0.5045 avg: 0.216877
explanation: 
    0.165771 0.25350001           S_rmse_137_output
    0.113755 0.50449997           models_max
    0.111779 1.6083755            models_std
   -0.104396 0.24349999           S_rmse_23_diff_from_int
   -0.070576 0.21687751           models_mean
   -0.065694 0.257                S_rmse_173_output
   -0.063550 0.60599995           models_range
    0.063357 0.30649999           S_rmse_194_output
    0.060791 0.23549999           S_rmse_187_output
   -0.058424 0.17882791           models_range_dev_high
    0.306732                      TOTAL


40: 1122  label: 1 pred: -0.246725 bl: -0.1862 IMP error_pred: 1.55432 error_bl: 1.40707 improvement: -0.147253
    min: -0.518  max: 0.341 avg: -0.125363
explanation: 
   -0.262552 -0.40149999          S_rmse_137_output
    0.144586 2.0804205            models_std
   -0.126476 0.29499999           S_rmse_23_diff_from_int
   -0.093999 0.15870975           S_rmse_34_conf
   -0.090082 0.85899997           models_range
    0.084008 -0.13273157          S_rmse_137_dev_from_mean
    0.076889 0.34099999           models_max
    0.073984 0.40149999           S_rmse_137_diff_from_int
   -0.073237 0.22416741           models_range_dev_high
    0.071419 -0.3145              S_rmse_26_output
   -0.234681                      TOTAL


41: 1059  label: 0 pred: 0.518321 bl: 0.34845 POSS error_pred: 0.268657 error_bl: 0.121417 improvement: -0.147239
    min: -0.165  max: 0.761 avg: 0.239133
explanation: 
    0.201083 0.3075               S_rmse_137_output
    0.171591 0.76099998           models_max
    0.169490 2.4387655            models_std
    0.122917 0.47499999           S_rmse_21_diff_from_int
    0.109708 0.42500001           S_rmse_187_output
   -0.099251 0.2315               S_rmse_23_diff_from_int
   -0.097108 0.926                models_range
    0.094560 0.36899999           S_rmse_180_output
   -0.080136 0.31349999           S_rmse_173_output
   -0.077819 0.23913249           models_mean
    0.530365                      TOTAL


42: 2625  label: -1 pred: -0.175784 bl: -0.26775 POSS error_pred: 0.679331 error_bl: 0.53619 improvement: -0.143141
    min: -0.6405  max: 0.27 avg: -0.2188
explanation: 
   -0.156289 -0.23899999          S_rmse_137_output
    0.156006 2.2447517            models_std
   -0.095482 0.91050005           models_range
   -0.093463 0.21799999           S_rmse_23_diff_from_int
    0.088241 0.34099999           S_rmse_21_diff_from_int
   -0.085056 -0.32949999          S_rmse_187_output
   -0.072650 -0.28349999          S_rmse_180_output
    0.071202 -0.21879999          models_mean
   -0.071141 0.21775237           models_range_dev_high
    0.070806 -0.27700001          S_rmse_173_output
   -0.163740                      TOTAL


43: 2542  label: -0.5 pred: 0.208959 bl: 0.1014 POSS error_pred: 0.502622 error_bl: 0.361682 improvement: -0.140941
    min: -0.2695  max: 0.513 avg: 0.205787
explanation: 
    0.142556 0.21799999           S_rmse_137_output
    0.126118 1.814693             models_std
    0.115672 0.51300001           models_max
   -0.098462 0.16624503           S_rmse_34_conf
   -0.083174 0.19400001           S_rmse_23_diff_from_int
   -0.082059 0.78250003           models_range
   -0.066967 0.20578749           models_mean
    0.055377 0.214                S_rmse_21_diff_from_int
   -0.055309 0.16929173           models_range_dev_high
   -0.054018 0.12411732           S_rmse_180_conf
    0.221003                      TOTAL


44: 2713  label: -1 pred: -0.148095 bl: -0.23495 POSS error_pred: 0.725742 error_bl: 0.585302 improvement: -0.14044
    min: -0.5655  max: 0.1835 avg: -0.229202
explanation: 
   -0.181465 -0.2775              S_rmse_137_output
    0.104079 1.4975746            models_std
   -0.097318 -0.377               S_rmse_187_output
   -0.090034 0.27558061           models_range_dev_high
   -0.084674 0.19750001           S_rmse_23_diff_from_int
   -0.078546 0.74900001           models_range
    0.074587 -0.22920249          models_mean
    0.069998 0.2705               S_rmse_21_diff_from_int
   -0.057887 0.0977384            S_rmse_34_conf
    0.053768 -0.377               highest_chosen_output
   -0.136051                      TOTAL


45: 2655  label: 0 pred: 0.561396 bl: 0.4188 POSS error_pred: 0.315165 error_bl: 0.175393 improvement: -0.139772
    min: -0.025  max: 0.579 avg: 0.304647
explanation: 
    0.367507 0.56199998           S_rmse_137_output
    0.130554 0.579                models_max
    0.128165 0.49649999           S_rmse_187_output
    0.122347 1.7604283            models_std
   -0.121759 0.28400001           S_rmse_23_diff_from_int
   -0.114006 0.44600001           S_rmse_173_output
    0.101095 0.39449999           S_rmse_180_output
   -0.099138 0.30464751           models_mean
    0.094466 0.45699999           S_rmse_194_output
   -0.092525 0.14618742           S_rmse_137_dev_from_mean
    0.573440                      TOTAL


46: 1574  label: -1 pred: 0.459034 bl: 0.4113 IMP error_pred: 2.12878 error_bl: 1.99177 improvement: -0.137013
    min: -0.1345  max: 0.7505 avg: 0.31241
explanation: 
    0.200756 0.30700001           S_rmse_137_output
   -0.185855 0.43349999           S_rmse_23_diff_from_int
    0.169224 0.75050002           models_max
    0.143683 2.0674314            models_std
    0.120421 0.46650001           S_rmse_187_output
    0.113652 0.44350001           S_rmse_180_output
   -0.111066 0.43450001           S_rmse_173_output
   -0.101664 0.31241              models_mean
   -0.101167 0.44549999           S_rmse_26_output
    0.096637 0.4675               S_rmse_194_output
    0.471078                      TOTAL


47: 2472  label: 1 pred: -0.106752 bl: -0.0432 POSS error_pred: 1.2249 error_bl: 1.08827 improvement: -0.136634
    min: -0.341  max: 0.526 avg: 0.0153775
explanation: 
    0.118603 0.52600002           models_max
    0.109270 1.5722712            models_std
   -0.106104 0.32476744           models_range_dev_high
   -0.090920 0.86699998           models_range
   -0.067417 0.11382805           S_rmse_34_conf
   -0.057009 0.13099182           S_rmse_180_conf
   -0.048232 0.1125               S_rmse_23_diff_from_int
    0.044794 0.068499997          S_rmse_137_output
    0.035549 0.17163961           S_rmse_26_conf
   -0.032331 -0.081332982         S_rmse_23_dev_from_mean
   -0.094708                      TOTAL


48: 308  label: -0.5 pred: 0.422629 bl: 0.34685 POSS error_pred: 0.851244 error_bl: 0.717155 improvement: -0.134089
    min: -0.1465  max: 0.507 avg: 0.272038
explanation: 
    0.213180 0.32600001           S_rmse_137_output
   -0.119830 0.27950001           S_rmse_23_diff_from_int
    0.114319 0.50700003           models_max
    0.111790 0.43200001           S_rmse_21_diff_from_int
    0.110999 0.43000001           S_rmse_187_output
    0.109587 1.5768386            models_std
   -0.088526 0.27203751           models_mean
   -0.087293 0.34150001           S_rmse_173_output
    0.084951 0.33149999           S_rmse_180_output
    0.071625 0.34650001           S_rmse_194_output
    0.434673                      TOTAL


49: 2490  label: 0 pred: 0.440465 bl: 0.24655 POSS error_pred: 0.194009 error_bl: 0.0607869 improvement: -0.133222
    min: -0.117  max: 0.635 avg: 0.268542
explanation: 
    0.215796 0.33000001           S_rmse_137_output
    0.143180 0.63499999           models_max
    0.130946 1.8841677            models_std
   -0.128405 0.29949999           S_rmse_23_diff_from_int
    0.123390 0.4815               S_rmse_180_output
   -0.087389 0.2685425            models_mean
   -0.078861 0.75199997           models_range
   -0.078195 0.13202643           S_rmse_34_conf
    0.075691 0.29249999           S_rmse_21_diff_from_int
   -0.070851 0.31200001           S_rmse_26_output
    0.452508                      TOTAL


best entries: 
0: 1559  label: 1 pred: 0.385063 bl: 0.0345 POSS error_pred: 0.378148 error_bl: 0.93219 improvement: 0.554042
1: 2867  label: 1 pred: 0.271658 bl: -0.02055 POSS error_pred: 0.530482 error_bl: 1.04152 improvement: 0.51104
2: 638  label: 1 pred: 0.513797 bl: 0.1716 POSS error_pred: 0.236393 error_bl: 0.686247 improvement: 0.449853
3: 2996  label: 0.5 pred: -0.193072 bl: -0.45705 IMP error_pred: 0.480349 error_bl: 0.915945 improvement: 0.435596
4: 241  label: 1 pred: -0.24293 bl: -0.3773 IMP error_pred: 1.54487 error_bl: 1.89696 improvement: 0.352081
5: 11  label: 1 pred: 0.0474584 bl: -0.11325 POSS error_pred: 0.907335 error_bl: 1.23933 improvement: 0.33199
6: 855  label: 1 pred: 0.0996209 bl: -0.06725 IMP error_pred: 0.810682 error_bl: 1.13902 improvement: 0.32834
7: 15  label: 1 pred: 0.312544 bl: 0.1203 POSS error_pred: 0.472595 error_bl: 0.773872 improvement: 0.301277
8: 26  label: 1 pred: 0.262414 bl: 0.08365 POSS error_pred: 0.544033 error_bl: 0.839697 improvement: 0.295665
9: 473  label: 1 pred: 0.596334 bl: 0.326 POSS error_pred: 0.162946 error_bl: 0.454276 improvement: 0.29133
10: 1549  label: 1 pred: 0.789822 bl: 0.4293 POSS error_pred: 0.0441749 error_bl: 0.325698 improvement: 0.281524
11: 391  label: 1 pred: 0.349842 bl: 0.1655 POSS error_pred: 0.422705 error_bl: 0.69639 improvement: 0.273685
12: 1940  label: -1 pred: 0.750225 bl: 0.8248 IMP error_pred: 3.06329 error_bl: 3.3299 improvement: 0.266609
13: 1784  label: -1 pred: 0.0362837 bl: 0.1461 IMP error_pred: 1.07388 error_bl: 1.31355 improvement: 0.239662
14: 75  label: -1 pred: 0.171397 bl: 0.2649 IMP error_pred: 1.37217 error_bl: 1.59997 improvement: 0.2278
15: 2030  label: -1 pred: 0.0319985 bl: 0.12945 IMP error_pred: 1.06502 error_bl: 1.27566 improvement: 0.210636
16: 1388  label: -1 pred: -0.312704 bl: -0.1747 IMP error_pred: 0.472376 error_bl: 0.68112 improvement: 0.208744
17: 1078  label: 1 pred: 0.322995 bl: 0.18415 IMP error_pred: 0.458335 error_bl: 0.665611 improvement: 0.207276
18: 1830  label: 1 pred: 0.589655 bl: 0.3907 POSS error_pred: 0.168383 error_bl: 0.371247 improvement: 0.202863
19: 367  label: -1 pred: -0.13083 bl: -0.0253 IMP error_pred: 0.755456 error_bl: 0.95004 improvement: 0.194584
20: 2371  label: -1 pred: -0.363084 bl: -0.22715 POSS error_pred: 0.405662 error_bl: 0.597297 improvement: 0.191635
21: 1528  label: -1 pred: -0.0940436 bl: 0.00285 IMP error_pred: 0.820757 error_bl: 1.00571 improvement: 0.184951
22: 1017  label: 1 pred: 0.443915 bl: 0.2971 POSS error_pred: 0.309231 error_bl: 0.494068 improvement: 0.184838
23: 2864  label: 0.5 pred: 0.319056 bl: 0.04005 POSS error_pred: 0.0327408 error_bl: 0.211554 improvement: 0.178813
24: 429  label: 0 pred: -0.0740206 bl: -0.42535 POSS error_pred: 0.00547905 error_bl: 0.180923 improvement: 0.175444
25: 1786  label: 0.5 pred: -0.190258 bl: -0.30425 POSS error_pred: 0.476455 error_bl: 0.646818 improvement: 0.170363
26: 2793  label: -1 pred: 0.155191 bl: 0.22305 IMP error_pred: 1.33447 error_bl: 1.49585 improvement: 0.161385
27: 2498  label: 1 pred: 0.262941 bl: 0.16105 IMP error_pred: 0.543256 error_bl: 0.703837 improvement: 0.160581
28: 1821  label: -1 pred: 0.127093 bl: 0.1959 IMP error_pred: 1.27034 error_bl: 1.43018 improvement: 0.159837
29: 2695  label: 0 pred: 0.625309 bl: 0.74145 IMP error_pred: 0.391012 error_bl: 0.549748 improvement: 0.158737
30: 1828  label: 1 pred: 0.343227 bl: 0.2346 IMP error_pred: 0.43135 error_bl: 0.585837 improvement: 0.154487
31: 741  label: 1 pred: 0.729112 bl: 0.52405 POSS error_pred: 0.0733805 error_bl: 0.226528 improvement: 0.153148
32: 2299  label: -0.5 pred: 0.0761955 bl: 0.19395 IMP error_pred: 0.332001 error_bl: 0.481567 improvement: 0.149565
33: 687  label: 0.5 pred: -0.27902 bl: -0.3695 POSS error_pred: 0.606872 error_bl: 0.75603 improvement: 0.149158
34: 1417  label: 1 pred: 0.258149 bl: 0.1645 IMP error_pred: 0.550343 error_bl: 0.69806 improvement: 0.147717
35: 541  label: 1 pred: 0.477171 bl: 0.35185 POSS error_pred: 0.273351 error_bl: 0.420098 improvement: 0.146748
36: 1131  label: 0.5 pred: -0.170784 bl: -0.27215 POSS error_pred: 0.449951 error_bl: 0.596216 improvement: 0.146264
37: 2205  label: 0 pred: 0.634658 bl: 0.74065 POSS error_pred: 0.402791 error_bl: 0.548562 improvement: 0.145772
38: 2872  label: -1 pred: 0.180355 bl: 0.24035 IMP error_pred: 1.39324 error_bl: 1.53847 improvement: 0.145231
39: 1539  label: 1 pred: 0.547365 bl: 0.40945 POSS error_pred: 0.204878 error_bl: 0.348749 improvement: 0.143871
40: 303  label: 0.5 pred: -0.253337 bl: -0.3423 IMP error_pred: 0.567516 error_bl: 0.709469 improvement: 0.141953
41: 1686  label: -1 pred: -0.311828 bl: -0.2155 POSS error_pred: 0.47358 error_bl: 0.61544 improvement: 0.14186
42: 1488  label: 1 pred: 0.23878 bl: 0.15085 POSS error_pred: 0.579456 error_bl: 0.721056 improvement: 0.141599
43: 159  label: 1 pred: 0.144789 bl: 0.06695 IMP error_pred: 0.731386 error_bl: 0.870582 improvement: 0.139196
44: 1822  label: 0.5 pred: -0.312549 bl: -0.3919 IMP error_pred: 0.660235 error_bl: 0.795486 improvement: 0.13525
45: 2516  label: -1 pred: -0.0506651 bl: 0.0176 IMP error_pred: 0.901237 error_bl: 1.03551 improvement: 0.134273
46: 1285  label: 1 pred: 0.6308 bl: 0.4814 POSS error_pred: 0.136309 error_bl: 0.268946 improvement: 0.132637
47: 2832  label: 1 pred: 0.0600094 bl: -0.00755 IMP error_pred: 0.883582 error_bl: 1.01516 improvement: 0.131575
48: 2574  label: -1 pred: 0.220843 bl: 0.2731 IMP error_pred: 1.49046 error_bl: 1.62078 improvement: 0.130327
49: 833  label: -1 pred: 0.355628 bl: 0.40255 IMP error_pred: 1.83773 error_bl: 1.96715 improvement: 0.12942

total is 0
score for UNKNOWN: nan baseline: nan diff:    nan
total is 1249
score for AUTO: 0.1677 baseline: 0.1584 diff: 0.0093
total is 1531
score for POSS: 0.4613 baseline: 0.4617 diff: -0.0003
total is 220
score for IMP: 1.0049 baseline: 1.0060 diff: -0.0011
writing 15000 official test outputs

0%   10   20   30   40   50   60   70   80   90   100%
|----|----|----|----|----|----|----|----|----|----|
***************************************************
scores: [ 0.440875 ]
0.4409 +/-    nan
8.93user 0.16system 0:03.75elapsed 242%CPU (0avgtext+0avgdata 0maxresident)k
160inputs+336outputs (2major+44101minor)pagefaults 0swaps
