loading data...applying decomposition
done.
training 500 models

0%   10   20   30   40   50   60   70   80   90   100%
|----|----|----|----|----|----|----|----|----|----|
***************************************************
processing 4000 predictions...

0%   10   20   30   40   50   60   70   80   90   100%
|----|----|----|----|----|----|----|----|----|----|
***************************************************
 done.
elapsed: [1502.11s cpu, 982977.4535 mticks, 367.78s wall]
score: 0.3196  baseline: 0.3384  diff: -0.01888
category UNKNOWN: count 0 avg error 0 baseline avg error 0 avg improvement 0
category AUTO: count 936 avg error 0.0975031 baseline avg error 0.0970217 avg improvement -0.000481403
category POSS: count 2576 avg error 0.324495 baseline avg error 0.342472 avg improvement 0.0179761
category IMP: count 488 avg error 0.719478 baseline avg error 0.780242 avg improvement 0.0607641
overall: count 4000 avg error 0.319567 baseline avg error 0.338444 avg improvement 0.0188771
worst entries: 
0: 173  label: 1 pred: 0.356504 bl: 0.31935 POSS error_pred: 0.634248 error_bl: 0.171242 improvement: -0.463006
    min: -0.038  max: 0.9345 avg: 0.424532
explanation: 


1: 53  label: 1 pred: 0.375303 bl: 0.2962 POSS error_pred: 0.599349 error_bl: 0.186133 improvement: -0.413215
    min: -0.26  max: 0.622 avg: 0.277464
explanation: 


2: 2594  label: 1 pred: 0.204879 bl: -0.02855 POSS error_pred: 0.946487 error_bl: 0.565379 improvement: -0.381107
    min: -0.4185  max: 0.4385 avg: -0.063392
explanation: 


3: 1506  label: -1 pred: 0.781247 bl: 0.2679 POSS error_pred: 0.997299 error_bl: 0.626688 improvement: -0.37061
    min: -0.1785  max: 0.6405 avg: 0.275164
explanation: 


4: 2448  label: -1 pred: 0.670174 bl: 0.159 POSS error_pred: 0.811453 error_bl: 0.447866 improvement: -0.363587
    min: -0.1405  max: 0.436 avg: 0.125402
explanation: 


5: 3544  label: 1 pred: 0.32436 bl: 0.13985 POSS error_pred: 0.697999 error_bl: 0.342252 improvement: -0.355747
    min: -0.1765  max: 0.6635 avg: 0.21694
explanation: 


6: 892  label: -1 pred: 0.656378 bl: 0.13075 POSS error_pred: 0.764992 error_bl: 0.410049 improvement: -0.354943
    min: -0.29  max: 0.4965 avg: 0.116888
explanation: 


7: 457  label: -1 pred: 0.667506 bl: 0.16205 POSS error_pred: 0.80443 error_bl: 0.451648 improvement: -0.352782
    min: -0.1465  max: 0.4595 avg: 0.164358
explanation: 


8: 1409  label: 1 pred: 0.190975 bl: -0.06625 POSS error_pred: 0.962773 error_bl: 0.619358 improvement: -0.343416
    min: -0.3945  max: 0.485 avg: -0.059914
explanation: 


9: 3741  label: 1 pred: 0.248548 bl: 0.0063 POSS error_pred: 0.864588 error_bl: 0.522569 improvement: -0.34202
    min: -0.221  max: 0.447 avg: 0.02936
explanation: 


10: 3620  label: -1 pred: 0.638551 bl: 0.09595 POSS error_pred: 0.701783 error_bl: 0.362507 improvement: -0.339276
    min: -0.1285  max: 0.5875 avg: 0.208812
explanation: 


11: 1322  label: -1 pred: 0.608672 bl: 0.03785 POSS error_pred: 0.606699 error_bl: 0.274176 improvement: -0.332523
    min: -0.146  max: 0.3645 avg: 0.08148
explanation: 


12: 1934  label: -1 pred: 0.683509 bl: 0.20425 POSS error_pred: 0.858455 error_bl: 0.525932 improvement: -0.332523
    min: -0.1335  max: 0.6295 avg: 0.259172
explanation: 


13: 483  label: -1 pred: 0.581765 bl: -0.02745 POSS error_pred: 0.528363 error_bl: 0.19665 improvement: -0.331713
    min: -0.9765  max: 0.397 avg: -0.124592
explanation: 


14: 1985  label: 1 pred: 0.360301 bl: 0.17325 POSS error_pred: 0.626803 error_bl: 0.30107 improvement: -0.325733
    min: -0.455  max: 0.8145 avg: 0.212308
explanation: 


15: 3635  label: 1 pred: 0.186683 bl: -0.0803 POSS error_pred: 0.966031 error_bl: 0.64309 improvement: -0.322941
    min: -0.5715  max: 0.2115 avg: -0.094626
explanation: 


16: 2004  label: 1 pred: 0.428432 bl: 0.3039 POSS error_pred: 0.503025 error_bl: 0.180549 improvement: -0.322476
    min: -0.147  max: 0.97 avg: 0.377712
explanation: 


17: 820  label: -1 pred: 0.656824 bl: 0.1573 IMP error_pred: 0.766613 error_bl: 0.444625 improvement: -0.321988
    min: 0.0395  max: 0.429 avg: 0.19434
explanation: 


18: 2187  label: 1 pred: 0.394175 bl: 0.23145 POSS error_pred: 0.55933 error_bl: 0.237785 improvement: -0.321545
    min: -0.0625  max: 0.681 avg: 0.287588
explanation: 


19: 1000  label: -1 pred: 0.596194 bl: 0.0153 POSS error_pred: 0.569962 error_bl: 0.250135 improvement: -0.319827
    min: -0.305  max: 0.5905 avg: 0.164968
explanation: 


20: 217  label: -1 pred: 0.637306 bl: 0.11285 POSS error_pred: 0.698541 error_bl: 0.385197 improvement: -0.313344
    min: -0.18  max: 0.343 avg: 0.121246
explanation: 


21: 2950  label: 1 pred: 0.36484 bl: 0.1686 POSS error_pred: 0.617962 error_bl: 0.304793 improvement: -0.313169
    min: -0.2635  max: 0.5815 avg: 0.152616
explanation: 


22: 1164  label: 1 pred: 0.325929 bl: 0.1058 POSS error_pred: 0.695207 error_bl: 0.387157 improvement: -0.30805
    min: -0.225  max: 0.4655 avg: 0.151302
explanation: 


23: 3810  label: 1 pred: 0.306895 bl: 0.0708 POSS error_pred: 0.734295 error_bl: 0.429037 improvement: -0.305258
    min: -0.2735  max: 0.5195 avg: 0.09713
explanation: 


24: 2051  label: 1 pred: 0.270294 bl: 0.01795 POSS error_pred: 0.810144 error_bl: 0.505817 improvement: -0.304328
    min: -0.6385  max: 0.337 avg: 0.018952
explanation: 


25: 494  label: -1 pred: 0.668028 bl: 0.19025 POSS error_pred: 0.806591 error_bl: 0.503512 improvement: -0.303079
    min: -0.05  max: 0.4045 avg: 0.179444
explanation: 


26: 2373  label: 1 pred: 0.239818 bl: -0.03915 POSS error_pred: 0.882271 error_bl: 0.581201 improvement: -0.30107
    min: -0.397  max: 0.3285 avg: -0.013432
explanation: 


27: 451  label: 1 pred: 0.338872 bl: 0.11715 POSS error_pred: 0.672871 error_bl: 0.373197 improvement: -0.299674
    min: -0.4025  max: 0.2875 avg: 0.072322
explanation: 


28: 1046  label: -1 pred: 0.676305 bl: 0.20715 POSS error_pred: 0.832523 error_bl: 0.533225 improvement: -0.299298
    min: -0.145  max: 0.5445 avg: 0.210602
explanation: 


29: 1169  label: -1 pred: 0.64609 bl: 0.14915 POSS error_pred: 0.730416 error_bl: 0.432739 improvement: -0.297677
    min: -0.124  max: 0.423 avg: 0.180678
explanation: 


30: 2506  label: 1 pred: 0.352974 bl: 0.1341 POSS error_pred: 0.643555 error_bl: 0.350861 improvement: -0.292694
    min: -0.0765  max: 0.3665 avg: 0.108088
explanation: 


31: 3376  label: -1 pred: 0.64006 bl: 0.137 POSS error_pred: 0.704484 error_bl: 0.41383 improvement: -0.290654
    min: -0.136  max: 0.35 avg: 0.11456
explanation: 


32: 3311  label: -1 pred: 0.588962 bl: 0.0253 POSS error_pred: 0.549433 error_bl: 0.2604 improvement: -0.289033
    min: -0.1565  max: 0.292 avg: 0.065672
explanation: 


33: 417  label: 1 pred: 0.27075 bl: 0.0058 POSS error_pred: 0.810144 error_bl: 0.522569 improvement: -0.287576
    min: -0.293  max: 0.2745 avg: 0.00278
explanation: 


34: 3518  label: 1 pred: 0.249148 bl: -0.03665 POSS error_pred: 0.864123 error_bl: 0.577943 improvement: -0.28618
    min: -0.4425  max: 0.224 avg: -0.079244
explanation: 


35: 1224  label: 1 pred: 0.532027 bl: 0.58715 AUTO error_pred: 0.317822 error_bl: 0.0330386 improvement: -0.284784
    min: 0.3905  max: 0.961 avg: 0.644862
explanation: 


36: 2250  label: -1 pred: 0.664526 bl: 0.19585 POSS error_pred: 0.793625 error_bl: 0.514046 improvement: -0.279579
    min: -0.393  max: 0.8105 avg: 0.31875
explanation: 


37: 2151  label: -1 pred: 0.584807 bl: 0.0218 POSS error_pred: 0.533766 error_bl: 0.257699 improvement: -0.276067
    min: -0.5715  max: 0.273 avg: -0.168442
explanation: 


38: 449  label: 1 pred: 0.201887 bl: -0.10325 POSS error_pred: 0.952071 error_bl: 0.676594 improvement: -0.275477
    min: -0.442  max: 0.8585 avg: -0.03408
explanation: 


39: 104  label: -1 pred: 0.616679 bl: 0.10265 POSS error_pred: 0.634252 error_bl: 0.371421 improvement: -0.262831
    min: -0.184  max: 0.399 avg: 0.15219
explanation: 


40: 3032  label: 1 pred: 0.248693 bl: -0.05375 POSS error_pred: 0.864123 error_bl: 0.602606 improvement: -0.261517
    min: -0.311  max: 0.2395 avg: 0.000160001
explanation: 


41: 1684  label: -1 pred: 0.649185 bl: 0.17695 POSS error_pred: 0.73852 error_bl: 0.47758 improvement: -0.26094
    min: -0.1305  max: 0.5445 avg: 0.245002
explanation: 


42: 3570  label: 1 pred: 0.554905 bl: 0.6501 AUTO error_pred: 0.279665 error_bl: 0.0195439 improvement: -0.260121
    min: 0.419  max: 0.957 avg: 0.630614
explanation: 


43: 743  label: -1 pred: 0.677055 bl: 0.2372 POSS error_pred: 0.835224 error_bl: 0.578606 improvement: -0.256618
    min: -0.066  max: 0.514 avg: 0.255808
explanation: 


44: 3426  label: -1 pred: 0.669546 bl: 0.2245 IMP error_pred: 0.810913 error_bl: 0.555916 improvement: -0.254997
    min: 0.048  max: 0.443 avg: 0.294484
explanation: 


45: 1732  label: -1 pred: 0.637124 bl: 0.1563 POSS error_pred: 0.697461 error_bl: 0.444084 improvement: -0.253377
    min: -0.0785  max: 0.453 avg: 0.140602
explanation: 


46: 3161  label: -1 pred: 0.585425 bl: 0.044 POSS error_pred: 0.537547 error_bl: 0.285251 improvement: -0.252296
    min: -0.143  max: 0.303 avg: 0.043874
explanation: 


47: 3968  label: -1 pred: 0.647859 bl: 0.1811 POSS error_pred: 0.736899 error_bl: 0.485683 improvement: -0.251216
    min: -0.0775  max: 0.617 avg: 0.238344
explanation: 


48: 1659  label: 1 pred: 0.430833 bl: 0.2195 POSS error_pred: 0.499767 error_bl: 0.248953 improvement: -0.250814
    min: -0.2135  max: 0.682 avg: 0.2402
explanation: 


49: 3088  label: 1 pred: 0.45297 bl: 0.26045 POSS error_pred: 0.469055 error_bl: 0.219172 improvement: -0.249884
    min: -0.243  max: 0.562 avg: 0.168992
explanation: 


best entries: 
0: 3702  label: -1 pred: 0.459242 bl: 0.53925 IMP error_pred: 0.289573 error_bl: 0.905997 improvement: 0.616424
1: 3390  label: -1 pred: 0.514158 bl: 0.70895 IMP error_pred: 0.381956 error_bl: 0.980551 improvement: 0.598595
2: 222  label: -1 pred: 0.518229 bl: 0.694 IMP error_pred: 0.3906 error_bl: 0.974608 improvement: 0.584009
3: 310  label: -1 pred: 0.480873 bl: 0.5154 IMP error_pred: 0.329011 error_bl: 0.89141 improvement: 0.562399
4: 1502  label: -1 pred: 0.525589 bl: 0.5984 IMP error_pred: 0.406267 error_bl: 0.940573 improvement: 0.534306
5: 2362  label: -1 pred: 0.550871 bl: 0.6783 IMP error_pred: 0.451108 error_bl: 0.972447 improvement: 0.52134
6: 2500  label: -1 pred: 0.45127 bl: 0.39795 IMP error_pred: 0.272285 error_bl: 0.78174 improvement: 0.509454
7: 2776  label: -1 pred: 0.561489 bl: 0.65945 POSS error_pred: 0.47866 error_bl: 0.968666 improvement: 0.490005
8: 2689  label: -1 pred: 0.57389 bl: 0.8059 IMP error_pred: 0.508374 error_bl: 0.994057 improvement: 0.485683
9: 3990  label: -1 pred: 0.552691 bl: 0.59545 IMP error_pred: 0.454889 error_bl: 0.940032 improvement: 0.485143
10: 445  label: -1 pred: 0.559701 bl: 0.57515 IMP error_pred: 0.472717 error_bl: 0.929227 improvement: 0.45651
11: 2371  label: -1 pred: 0.538339 bl: 0.4909 IMP error_pred: 0.426796 error_bl: 0.8698 improvement: 0.443004
12: 973  label: -1 pred: 0.567413 bl: 0.58405 IMP error_pred: 0.492166 error_bl: 0.933009 improvement: 0.440843
13: 3506  label: -1 pred: 0.562056 bl: 0.5569 IMP error_pred: 0.47866 error_bl: 0.916261 improvement: 0.437601
14: 3962  label: -1 pred: 0.484198 bl: 0.38105 POSS error_pred: 0.332793 error_bl: 0.765532 improvement: 0.432739
15: 1145  label: -1 pred: 0.58146 bl: 0.634 IMP error_pred: 0.528363 error_bl: 0.960562 improvement: 0.432199
16: 3725  label: -1 pred: 0.575498 bl: 0.603 POSS error_pred: 0.513236 error_bl: 0.943274 improvement: 0.430038
17: 3534  label: -1 pred: 0.491103 bl: 0.3881 IMP error_pred: 0.34684 error_bl: 0.771475 improvement: 0.424635
18: 3366  label: -1 pred: 0.56552 bl: 0.5485 IMP error_pred: 0.487844 error_bl: 0.91221 improvement: 0.424365
19: 268  label: -1 pred: 0.401726 bl: 0.26245 POSS error_pred: 0.203674 error_bl: 0.618044 improvement: 0.414371
20: 2989  label: -1 pred: 0.559806 bl: 0.50985 IMP error_pred: 0.472717 error_bl: 0.887088 improvement: 0.414371
21: 3264  label: -1 pred: 0.278767 bl: 0.17595 POSS error_pred: 0.0642896 error_bl: 0.476499 improvement: 0.41221
22: 1966  label: -1 pred: 0.581371 bl: 0.5812 IMP error_pred: 0.528363 error_bl: 0.933009 improvement: 0.404646
23: 1113  label: -1 pred: 0.597143 bl: 0.68905 IMP error_pred: 0.572123 error_bl: 0.974608 improvement: 0.402485
24: 515  label: -1 pred: 0.472567 bl: 0.339 POSS error_pred: 0.315505 error_bl: 0.712588 improvement: 0.397083
25: 2102  label: -1 pred: 0.553397 bl: 0.4554 IMP error_pred: 0.45705 error_bl: 0.838466 improvement: 0.381415
26: 3134  label: -1 pred: 0.48472 bl: 0.3416 POSS error_pred: 0.333333 error_bl: 0.713938 improvement: 0.380605
27: 3761  label: -1 pred: 0.366707 bl: 0.2049 POSS error_pred: 0.154511 error_bl: 0.528363 improvement: 0.373852
28: 3352  label: -1 pred: 0.420221 bl: 0.24735 POSS error_pred: 0.227985 error_bl: 0.594273 improvement: 0.366289
29: 3155  label: -1 pred: 0.548133 bl: 0.4205 IMP error_pred: 0.443004 error_bl: 0.809292 improvement: 0.366288
30: 2960  label: -1 pred: 0.500366 bl: 0.3476 IMP error_pred: 0.361966 error_bl: 0.725013 improvement: 0.363047
31: 2513  label: 1 pred: 0.62175 bl: 0.00835 POSS error_pred: 0.157282 error_bl: 0.520242 improvement: 0.36296
32: 2566  label: -1 pred: 0.349214 bl: 0.1868 POSS error_pred: 0.136683 error_bl: 0.497029 improvement: 0.360346
33: 1722  label: -1 pred: 0.519532 bl: 0.36995 POSS error_pred: 0.39222 error_bl: 0.750405 improvement: 0.358185
34: 2242  label: -1 pred: 0.499699 bl: 0.3408 IMP error_pred: 0.361426 error_bl: 0.712588 improvement: 0.351162
35: 2664  label: -1 pred: 0.538898 bl: 0.39625 POSS error_pred: 0.428417 error_bl: 0.777958 improvement: 0.349541
36: 2171  label: -1 pred: 0.438112 bl: 0.2517 POSS error_pred: 0.249595 error_bl: 0.598055 improvement: 0.34846
37: 1737  label: -1 pred: 0.45015 bl: 0.2618 POSS error_pred: 0.269044 error_bl: 0.616424 improvement: 0.34738
38: 109  label: 1 pred: 0.580545 bl: -0.03865 POSS error_pred: 0.234062 error_bl: 0.580735 improvement: 0.346673
39: 1535  label: -1 pred: 0.572251 bl: 0.4688 POSS error_pred: 0.502971 error_bl: 0.845489 improvement: 0.342518
40: 2666  label: -1 pred: 0.464012 bl: 0.2804 POSS error_pred: 0.300918 error_bl: 0.641275 improvement: 0.340357
41: 2248  label: -1 pred: 0.564682 bl: 0.43905 IMP error_pred: 0.484603 error_bl: 0.824419 improvement: 0.339816
42: 1184  label: -1 pred: 0.256243 bl: 0.11485 POSS error_pred: 0.0507834 error_bl: 0.388979 improvement: 0.338196
43: 485  label: -1 pred: 0.504424 bl: 0.3298 IMP error_pred: 0.366829 error_bl: 0.704484 improvement: 0.337655
44: 1493  label: -1 pred: 0.574495 bl: 0.46855 IMP error_pred: 0.509995 error_bl: 0.845489 improvement: 0.335494
45: 3001  label: -1 pred: 0.388741 bl: 0.20085 POSS error_pred: 0.186386 error_bl: 0.5208 improvement: 0.334414
46: 2490  label: -1 pred: 0.510068 bl: 0.3359 IMP error_pred: 0.377093 error_bl: 0.710967 improvement: 0.333874
47: 3289  label: -1 pred: 0.518652 bl: 0.34825 IMP error_pred: 0.39114 error_bl: 0.725013 improvement: 0.333874
48: 1038  label: 1 pred: 0.570128 bl: -0.0413 POSS error_pred: 0.25221 error_bl: 0.585389 improvement: 0.333178
49: 1577  label: -1 pred: 0.59577 bl: 0.53305 IMP error_pred: 0.569962 error_bl: 0.903025 improvement: 0.333063

total is 0
score for UNKNOWN: 1.0000 baseline: 1.0000 diff: 0.0000
total is 936
score for AUTO: 0.0000 baseline: 0.0000 diff: 0.0000
total is 2576
score for POSS: 0.3573 baseline: 0.3794 diff: -0.0221
total is 488
score for IMP: 1.0000 baseline: 1.0000 diff: 0.0000
writing 20000 official test outputs

0%   10   20   30   40   50   60   70   80   90   100%
|----|----|----|----|----|----|----|----|----|----|
***************************************************
scores: [ 0.319567 ]
0.3196 +/-    nan
1504.57user 9.43system 6:10.60elapsed 408%CPU (0avgtext+0avgdata 0maxresident)k
0inputs+448outputs (0major+3278269minor)pagefaults 0swaps
