loading data...applying decomposition
done.
training 500 models

0%   10   20   30   40   50   60   70   80   90   100%
|----|----|----|----|----|----|----|----|----|----|
***************************************************
processing 3000 predictions...

0%   10   20   30   40   50   60   70   80   90   100%
|----|----|----|----|----|----|----|----|----|----|
***************************************************
 done.
elapsed: [272.76s cpu, 253184.7424 mticks, 94.73s wall]
score: 0.4382  baseline: 0.4398  diff: -0.00161
category UNKNOWN: count 0 avg error 0 baseline avg error 0 avg improvement 0
category AUTO: count 1249 avg error 0.0263212 baseline avg error 0.0250981 avg improvement -0.00122313
category POSS: count 1531 avg error 0.20774 baseline avg error 0.213126 avg improvement 0.00538676
category IMP: count 220 avg error 1.02328 baseline avg error 1.01199 avg improvement -0.011285
overall: count 3000 avg error 0.192015 baseline avg error 0.193427 avg improvement 0.00141225
worst entries: 
0: 241  label: 1 pred: -0.580093 bl: -0.3773 IMP error_pred: 2.49669 error_bl: 1.89696 improvement: -0.599738
    min: -0.766  max: 0.2295 avg: -0.27997
explanation: 


1: 11  label: 1 pred: -0.294543 bl: -0.11325 POSS error_pred: 1.67584 error_bl: 1.23933 improvement: -0.436515
    min: -0.62  max: 0.56 avg: -0.04356
explanation: 


2: 1387  label: 1 pred: -0.467825 bl: -0.3119 IMP error_pred: 2.15451 error_bl: 1.72108 improvement: -0.433428
    min: -0.751  max: 0.4295 avg: -0.281408
explanation: 


3: 1574  label: -1 pred: 0.521126 bl: 0.4113 IMP error_pred: 2.31382 error_bl: 1.99177 improvement: -0.322055
    min: -0.1345  max: 0.7505 avg: 0.31241
explanation: 


4: 452  label: -1 pred: 0.317858 bl: 0.20065 IMP error_pred: 1.73675 error_bl: 1.44156 improvement: -0.295191
    min: -0.2215  max: 0.484 avg: 0.187188
explanation: 


5: 1567  label: -1 pred: 0.474312 bl: 0.3803 IMP error_pred: 2.17359 error_bl: 1.90523 improvement: -0.268367
    min: -0.144  max: 0.7415 avg: 0.44164
explanation: 


6: 2867  label: 1 pred: -0.142937 bl: -0.02055 POSS error_pred: 1.30631 error_bl: 1.04152 improvement: -0.264783
    min: -0.901  max: 0.671 avg: 0.089075
explanation: 


7: 556  label: -1 pred: 0.40754 bl: 0.318 IMP error_pred: 1.98117 error_bl: 1.73712 improvement: -0.244045
    min: -0.1895  max: 0.6395 avg: 0.27104
explanation: 


8: 2274  label: 0.5 pred: -0.465679 bl: -0.33675 POSS error_pred: 0.932535 error_bl: 0.700151 improvement: -0.232385
    min: -0.691  max: 0.317 avg: -0.314127
explanation: 


9: 1088  label: -1 pred: -0.0386057 bl: -0.1662 POSS error_pred: 0.924279 error_bl: 0.695222 improvement: -0.229057
    min: -0.581  max: 0.318 avg: -0.134715
explanation: 


10: 2832  label: 1 pred: -0.113943 bl: -0.00755 IMP error_pred: 1.24087 error_bl: 1.01516 improvement: -0.225713
    min: -0.324  max: 0.3005 avg: -0.0053725
explanation: 


11: 833  label: -1 pred: 0.479529 bl: 0.40255 IMP error_pred: 2.18901 error_bl: 1.96715 improvement: -0.22186
    min: 0.213  max: 0.655 avg: 0.392563
explanation: 


12: 2216  label: -1 pred: 0.521349 bl: 0.44665 IMP error_pred: 2.3145 error_bl: 2.0928 improvement: -0.221707
    min: -0.1085  max: 0.889 avg: 0.49062
explanation: 


13: 590  label: 0.5 pred: -0.526734 bl: -0.41355 IMP error_pred: 1.05418 error_bl: 0.834574 improvement: -0.21961
    min: -0.5975  max: -0.0305 avg: -0.384208
explanation: 


14: 2280  label: 0 pred: 0.913666 bl: 0.7894 POSS error_pred: 0.834786 error_bl: 0.623152 improvement: -0.211634
    min: 0.225  max: 1 avg: 0.703903
explanation: 


15: 856  label: 1 pred: -0.267557 bl: -0.183 IMP error_pred: 1.6067 error_bl: 1.39949 improvement: -0.207213
    min: -0.399  max: 0.1995 avg: -0.13392
explanation: 


16: 2204  label: 1 pred: -0.273045 bl: -0.18945 IMP error_pred: 1.62064 error_bl: 1.41479 improvement: -0.205854
    min: -0.5375  max: 0.193 avg: -0.197262
explanation: 


17: 2655  label: 0 pred: 0.616003 bl: 0.4188 POSS error_pred: 0.37946 error_bl: 0.175393 improvement: -0.204067
    min: -0.025  max: 0.579 avg: 0.304647
explanation: 


18: 2861  label: -0.5 pred: 0.575295 bl: 0.47805 IMP error_pred: 1.15626 error_bl: 0.956582 improvement: -0.199677
    min: 0.204  max: 0.814 avg: 0.462763
explanation: 


19: 1759  label: -0.5 pred: 0.530265 bl: 0.4292 IMP error_pred: 1.06145 error_bl: 0.863413 improvement: -0.198034
    min: 0.0645  max: 0.5625 avg: 0.352875
explanation: 


20: 1807  label: -0.5 pred: 0.333068 bl: 0.20715 POSS error_pred: 0.694003 error_bl: 0.500061 improvement: -0.193942
    min: -0.197  max: 0.6895 avg: 0.253657
explanation: 


21: 2452  label: -1 pred: 0.35596 bl: 0.2837 IMP error_pred: 1.83863 error_bl: 1.64789 improvement: -0.190742
    min: -0.0755  max: 0.6815 avg: 0.307645
explanation: 


22: 1030  label: -0.5 pred: 0.54904 bl: 0.45525 IMP error_pred: 1.10048 error_bl: 0.912503 improvement: -0.187982
    min: 0.0285  max: 0.939 avg: 0.509898
explanation: 


23: 1833  label: 0 pred: 0.667988 bl: 0.5124 POSS error_pred: 0.446208 error_bl: 0.262554 improvement: -0.183654
    min: 0.0215  max: 0.9175 avg: 0.447922
explanation: 


24: 2140  label: -1 pred: 0.323573 bl: 0.25705 IMP error_pred: 1.75185 error_bl: 1.58017 improvement: -0.171671
    min: -0.0555  max: 0.911 avg: 0.240958
explanation: 


25: 2897  label: -1 pred: 0.315166 bl: 0.2486 IMP error_pred: 1.72966 error_bl: 1.559 improvement: -0.170661
    min: -0.0725  max: 0.5915 avg: 0.247875
explanation: 


26: 2472  label: 1 pred: -0.121327 bl: -0.0432 POSS error_pred: 1.25737 error_bl: 1.08827 improvement: -0.169108
    min: -0.341  max: 0.526 avg: 0.0153775
explanation: 


27: 2662  label: 1 pred: -0.122134 bl: -0.048 IMP error_pred: 1.25919 error_bl: 1.0983 improvement: -0.160881
    min: -0.4065  max: 0.1995 avg: -0.111288
explanation: 


28: 1283  label: 0 pred: 0.573523 bl: 0.4173 POSS error_pred: 0.328929 error_bl: 0.174139 improvement: -0.154789
    min: 0.0235  max: 0.7945 avg: 0.31119
explanation: 


29: 2994  label: 1 pred: 0.209603 bl: 0.31405 POSS error_pred: 0.624728 error_bl: 0.470527 improvement: -0.154201
    min: 0.001  max: 0.5925 avg: 0.27484
explanation: 


30: 1743  label: 0 pred: 0.72295 bl: 0.6092 POSS error_pred: 0.522657 error_bl: 0.371125 improvement: -0.151532
    min: 0.3585  max: 0.884 avg: 0.593532
explanation: 


31: 2056  label: -0.5 pred: 0.386088 bl: 0.29615 IMP error_pred: 0.785153 error_bl: 0.633855 improvement: -0.151298
    min: 0.0625  max: 0.543 avg: 0.258768
explanation: 


32: 1992  label: 1 pred: 0.0400379 bl: 0.1207 IMP error_pred: 0.921527 error_bl: 0.773169 improvement: -0.148359
    min: -0.127  max: 0.468 avg: 0.153657
explanation: 


33: 2594  label: 1 pred: -0.162278 bl: -0.0975 IMP error_pred: 1.35089 error_bl: 1.20451 improvement: -0.146385
    min: -0.3755  max: 0.2185 avg: -0.0728625
explanation: 


34: 1862  label: 0 pred: 0.777275 bl: 0.6774 POSS error_pred: 0.604156 error_bl: 0.458871 improvement: -0.145285
    min: 0.4195  max: 0.89 avg: 0.652773
explanation: 


35: 2344  label: -0.5 pred: 0.572011 bl: 0.5025 IMP error_pred: 1.14921 error_bl: 1.00501 improvement: -0.1442
    min: 0.221  max: 0.799 avg: 0.515025
explanation: 


36: 2360  label: 0 pred: 0.851689 bl: 0.76235 POSS error_pred: 0.725374 error_bl: 0.581178 improvement: -0.144197
    min: 0.2725  max: 0.9625 avg: 0.72535
explanation: 


37: 1983  label: 0.5 pred: -0.195708 bl: -0.0837 POSS error_pred: 0.48401 error_bl: 0.340706 improvement: -0.143305
    min: -0.5425  max: 0.529 avg: -0.02887
explanation: 


38: 2952  label: 1 pred: 0.051333 bl: 0.12975 IMP error_pred: 0.899969 error_bl: 0.757335 improvement: -0.142634
    min: -0.115  max: 0.4895 avg: 0.18632
explanation: 


39: 2966  label: -0.5 pred: 0.535072 bl: 0.464 IMP error_pred: 1.07137 error_bl: 0.929296 improvement: -0.142079
    min: 0.2685  max: 0.568 avg: 0.43417
explanation: 


40: 947  label: -0.5 pred: 0.42614 bl: 0.3462 IMP error_pred: 0.857736 error_bl: 0.716054 improvement: -0.141682
    min: 0.1945  max: 0.5545 avg: 0.376645
explanation: 


41: 552  label: 1 pred: 0.0577993 bl: 0.13415 POSS error_pred: 0.887742 error_bl: 0.749696 improvement: -0.138046
    min: -0.396  max: 0.666 avg: 0.17618
explanation: 


42: 2453  label: 0.5 pred: -0.0911314 bl: 0.0395 POSS error_pred: 0.349436 error_bl: 0.21206 improvement: -0.137376
    min: -0.405  max: 0.426 avg: 0.0195725
explanation: 


43: 1790  label: 0 pred: 0.697625 bl: 0.59335 POSS error_pred: 0.48668 error_bl: 0.352064 improvement: -0.134616
    min: 0.428  max: 0.9275 avg: 0.66782
explanation: 


44: 2030  label: -1 pred: 0.187316 bl: 0.12945 IMP error_pred: 1.40972 error_bl: 1.27566 improvement: -0.134062
    min: -0.048  max: 0.4465 avg: 0.151992
explanation: 


45: 2996  label: 0.5 pred: -0.523381 bl: -0.45705 IMP error_pred: 1.04731 error_bl: 0.915945 improvement: -0.131365
    min: -0.8095  max: -0.0335 avg: -0.452293
explanation: 


46: 1142  label: -1 pred: 0.335007 bl: 0.2863 IMP error_pred: 1.78224 error_bl: 1.65457 improvement: -0.127676
    min: -0.001  max: 0.4295 avg: 0.238795
explanation: 


47: 1234  label: 1 pred: 0.142752 bl: 0.2203 POSS error_pred: 0.734874 error_bl: 0.607932 improvement: -0.126942
    min: -0.1595  max: 0.5195 avg: 0.19111
explanation: 


48: 1189  label: 1 pred: 0.257515 bl: 0.3482 POSS error_pred: 0.551284 error_bl: 0.424843 improvement: -0.126441
    min: -0.101  max: 0.666 avg: 0.33765
explanation: 


49: 2114  label: 1 pred: 0.130959 bl: 0.20305 IMP error_pred: 0.755232 error_bl: 0.635129 improvement: -0.120103
    min: -0.1245  max: 0.378 avg: 0.172453
explanation: 


best entries: 
0: 379  label: -1 pred: 0.267663 bl: 0.42065 IMP error_pred: 1.60697 error_bl: 2.01825 improvement: 0.411278
1: 473  label: 1 pred: 0.669249 bl: 0.326 POSS error_pred: 0.109396 error_bl: 0.454276 improvement: 0.34488
2: 2516  label: -1 pred: -0.157157 bl: 0.0176 IMP error_pred: 0.710385 error_bl: 1.03551 improvement: 0.325125
3: 1940  label: -1 pred: 0.740532 bl: 0.8248 IMP error_pred: 3.02945 error_bl: 3.3299 improvement: 0.300444
4: 1949  label: 1 pred: -0.373006 bl: -0.46535 POSS error_pred: 1.88515 error_bl: 2.14725 improvement: 0.262106
5: 1075  label: -1 pred: 0.239973 bl: 0.33215 IMP error_pred: 1.53753 error_bl: 1.77462 improvement: 0.237089
6: 2042  label: -1 pred: -0.422235 bl: -0.24635 POSS error_pred: 0.333813 error_bl: 0.567988 improvement: 0.234176
7: 47  label: -1 pred: -0.366334 bl: -0.2103 POSS error_pred: 0.401532 error_bl: 0.623626 improvement: 0.222094
8: 2625  label: -1 pred: -0.435393 bl: -0.26775 POSS error_pred: 0.318781 error_bl: 0.53619 improvement: 0.217409
9: 1417  label: 1 pred: 0.30315 bl: 0.1645 IMP error_pred: 0.4856 error_bl: 0.69806 improvement: 0.212461
10: 1924  label: -1 pred: 0.271132 bl: 0.3466 IMP error_pred: 1.61578 error_bl: 1.81333 improvement: 0.197556
11: 2665  label: -1 pred: -0.338614 bl: -0.20425 POSS error_pred: 0.437431 error_bl: 0.633218 improvement: 0.195787
12: 496  label: -1 pred: -0.0918248 bl: 0.01 IMP error_pred: 0.824782 error_bl: 1.0201 improvement: 0.195318
13: 1925  label: -1 pred: -0.291994 bl: -0.16565 POSS error_pred: 0.501273 error_bl: 0.69614 improvement: 0.194867
14: 533  label: 1 pred: 0.144285 bl: 0.03855 POSS error_pred: 0.732249 error_bl: 0.924386 improvement: 0.192137
15: 199  label: -1 pred: -0.238263 bl: -0.12255 IMP error_pred: 0.580244 error_bl: 0.769919 improvement: 0.189675
16: 1424  label: -0.5 pred: 0.790769 bl: 0.85875 IMP error_pred: 1.66608 error_bl: 1.8462 improvement: 0.180118
17: 222  label: -1 pred: -0.650497 bl: -0.45525 POSS error_pred: 0.122152 error_bl: 0.296753 improvement: 0.1746
18: 2107  label: -1 pred: -0.191085 bl: -0.08985 IMP error_pred: 0.654344 error_bl: 0.828373 improvement: 0.174029
19: 2793  label: -1 pred: 0.15001 bl: 0.22305 IMP error_pred: 1.32252 error_bl: 1.49585 improvement: 0.173329
20: 803  label: -0.5 pred: 0.372565 bl: 0.4628 POSS error_pred: 0.761369 error_bl: 0.926984 improvement: 0.165615
21: 1131  label: 0.5 pred: -0.157194 bl: -0.27215 POSS error_pred: 0.431904 error_bl: 0.596216 improvement: 0.164312
22: 10  label: 1 pred: 0.321058 bl: 0.20995 POSS error_pred: 0.460962 error_bl: 0.624179 improvement: 0.163217
23: 1078  label: 1 pred: 0.288913 bl: 0.18415 IMP error_pred: 0.505645 error_bl: 0.665611 improvement: 0.159967
24: 15  label: 1 pred: 0.216458 bl: 0.1203 POSS error_pred: 0.613937 error_bl: 0.773872 improvement: 0.159935
25: 54  label: 1 pred: 0.593158 bl: 0.4316 POSS error_pred: 0.16552 error_bl: 0.323079 improvement: 0.157558
26: 1418  label: -1 pred: -0.547786 bl: -0.4001 POSS error_pred: 0.204497 error_bl: 0.35988 improvement: 0.155383
27: 59  label: 1 pred: 0.749591 bl: 0.53485 POSS error_pred: 0.0627046 error_bl: 0.216365 improvement: 0.15366
28: 582  label: -0.5 pred: -0.0567809 bl: 0.08995 POSS error_pred: 0.196443 error_bl: 0.348041 improvement: 0.151598
29: 2991  label: 1 pred: 0.143074 bl: 0.0593 POSS error_pred: 0.734322 error_bl: 0.884916 improvement: 0.150594
30: 741  label: 1 pred: 0.719573 bl: 0.52405 POSS error_pred: 0.0786393 error_bl: 0.226528 improvement: 0.147889
31: 541  label: 1 pred: 0.476869 bl: 0.35185 POSS error_pred: 0.273666 error_bl: 0.420098 improvement: 0.146433
32: 2496  label: 1 pred: 0.291131 bl: 0.19465 POSS error_pred: 0.502495 error_bl: 0.648589 improvement: 0.146094
33: 2574  label: -1 pred: 0.214654 bl: 0.2731 IMP error_pred: 1.47538 error_bl: 1.62078 improvement: 0.145401
34: 1346  label: -1 pred: -0.628013 bl: -0.4677 POSS error_pred: 0.138374 error_bl: 0.283343 improvement: 0.144969
35: 1661  label: -0.5 pred: 0.0640766 bl: 0.18035 POSS error_pred: 0.318182 error_bl: 0.462876 improvement: 0.144694
36: 807  label: -0.5 pred: -0.0476892 bl: 0.08955 POSS error_pred: 0.204585 error_bl: 0.347569 improvement: 0.142984
37: 397  label: -0.5 pred: 0.484341 bl: 0.55445 POSS error_pred: 0.968927 error_bl: 1.11186 improvement: 0.142938
38: 425  label: -0.5 pred: -0.10718 bl: 0.04445 POSS error_pred: 0.154308 error_bl: 0.296426 improvement: 0.142118
39: 21  label: -1 pred: -0.265354 bl: -0.17465 POSS error_pred: 0.539705 error_bl: 0.681203 improvement: 0.141498
40: 1549  label: 1 pred: 0.567894 bl: 0.4293 POSS error_pred: 0.186716 error_bl: 0.325698 improvement: 0.138983
41: 391  label: 1 pred: 0.252886 bl: 0.1655 POSS error_pred: 0.558179 error_bl: 0.69639 improvement: 0.138211
42: 71  label: -0.5 pred: 0.850081 bl: 0.89945 IMP error_pred: 1.82272 error_bl: 1.95846 improvement: 0.135741
43: 2818  label: 1 pred: 0.0783491 bl: 0.0075 IMP error_pred: 0.84944 error_bl: 0.985056 improvement: 0.135616
44: 1697  label: -1 pred: -0.170423 bl: -0.0941 POSS error_pred: 0.688198 error_bl: 0.820655 improvement: 0.132457
45: 1202  label: -1 pred: -0.17417 bl: -0.0985 IMP error_pred: 0.681995 error_bl: 0.812702 improvement: 0.130707
46: 1858  label: 1 pred: 0.283812 bl: 0.1982 IMP error_pred: 0.512925 error_bl: 0.642883 improvement: 0.129958
47: 2268  label: 1 pred: 0.328375 bl: 0.23855 POSS error_pred: 0.45108 error_bl: 0.579806 improvement: 0.128726
48: 881  label: -1 pred: -0.419198 bl: -0.3195 POSS error_pred: 0.337331 error_bl: 0.46308 improvement: 0.125749
49: 2628  label: 1 pred: 0.564636 bl: 0.4397 POSS error_pred: 0.189542 error_bl: 0.313936 improvement: 0.124394

total is 0
score for UNKNOWN: nan baseline: nan diff:    nan
total is 1249
score for AUTO: 0.1622 baseline: 0.1584 diff: 0.0038
total is 1531
score for POSS: 0.4558 baseline: 0.4617 diff: -0.0059
total is 220
score for IMP: 1.0116 baseline: 1.0060 diff: 0.0056
writing 15000 official test outputs

0%   10   20   30   40   50   60   70   80   90   100%
|----|----|----|----|----|----|----|----|----|----|
***************************************************
scores: [ 0.438195 ]
0.4382 +/-    nan
270.66user 5.05system 1:36.43elapsed 285%CPU (0avgtext+0avgdata 0maxresident)k
0inputs+336outputs (0major+1966096minor)pagefaults 0swaps
