loading data...applying decomposition
done.
training 500 models

0%   10   20   30   40   50   60   70   80   90   100%
|----|----|----|----|----|----|----|----|----|----|
***************************************************
chose model 123 S_auc_124
chose model 167 S_auc_168
chose model 88 S_auc_89
chose model 150 S_auc_151
chose model 140 S_auc_141
chose model 71 S_auc_72
chose model 81 S_auc_82
chose model 7 S_auc_8
chose model 65 S_auc_66
chose model 64 S_auc_65
processing 3000 predictions...

0%   10   20   30   40   50   60   70   80   90   100%
|----|----|----|----|----|----|----|----|----|----|
***************************************************
 done.
elapsed: [684.24s cpu, 468672.9223 mticks, 175.35s wall]
score: 0.0573  baseline: 0.0597  diff: -0.00235
category UNKNOWN: count 0 avg error 0 baseline avg error 0 avg improvement 0
category AUTO: count 1792 avg error 0.0261189 baseline avg error 0.0277302 avg improvement 0.00161136
category POSS: count 1046 avg error 0.077408 baseline avg error 0.080278 avg improvement 0.00287001
category IMP: count 162 avg error 0.272566 baseline avg error 0.279722 avg improvement 0.00715686
overall: count 3000 avg error 0.0573098 baseline avg error 0.0596595 avg improvement 0.00234966
worst entries: 
0: 2250  label: 1 pred: 0.0339861 bl: -0.0928 POSS error_pred: 0.658141 error_bl: 0.484228 improvement: -0.173913
    min: -0.6375  max: 0.3265 avg: -0.040315
explanation: 


1: 2152  label: 1 pred: 0.0801254 bl: 0.058 POSS error_pred: 0.491901 error_bl: 0.345269 improvement: -0.146633
    min: -0.4425  max: 0.4665 avg: 0.145083
explanation: 


2: 544  label: -1 pred: 0.831143 bl: 0.3475 POSS error_pred: 0.28243 error_bl: 0.147783 improvement: -0.134647
    min: -0.031  max: 0.967 avg: 0.32252
explanation: 


3: 545  label: -1 pred: 0.876943 bl: 0.42935 IMP error_pred: 0.348659 error_bl: 0.225506 improvement: -0.123153
    min: 0.1785  max: 0.9285 avg: 0.470822
explanation: 


4: 707  label: -1 pred: 0.816212 bl: 0.34185 POSS error_pred: 0.261084 error_bl: 0.143952 improvement: -0.117132
    min: -0.04  max: 0.964 avg: 0.500195
explanation: 


5: 2237  label: -1 pred: 0.920083 bl: 0.5297 IMP error_pred: 0.459223 error_bl: 0.350301 improvement: -0.108922
    min: 0.305  max: 1 avg: 0.733557
explanation: 


6: 1934  label: 1 pred: 0.0488713 bl: -0.0823 POSS error_pred: 0.584825 error_bl: 0.477408 improvement: -0.107417
    min: -0.399  max: 0.2805 avg: 0.021185
explanation: 


7: 678  label: -1 pred: 0.926731 bl: 0.55305 IMP error_pred: 0.476738 error_bl: 0.377668 improvement: -0.0990695
    min: 0.361  max: 0.947 avg: 0.687347
explanation: 


8: 2235  label: 1 pred: 0.157854 bl: 0.11805 POSS error_pred: 0.386189 error_bl: 0.287298 improvement: -0.0988917
    min: -0.447  max: 0.6405 avg: 0.227038
explanation: 


9: 2142  label: -1 pred: 0.875184 bl: 0.45295 POSS error_pred: 0.347564 error_bl: 0.252053 improvement: -0.0955118
    min: -0.134  max: 0.9625 avg: 0.44411
explanation: 


10: 1406  label: -1 pred: 0.788223 bl: 0.3363 IMP error_pred: 0.229885 error_bl: 0.142857 improvement: -0.0870279
    min: 0.1135  max: 0.7045 avg: 0.441905
explanation: 


11: 1646  label: 1 pred: 0.618643 bl: 0.48685 POSS error_pred: 0.138107 error_bl: 0.0520034 improvement: -0.086104
    min: -0.3705  max: 0.935 avg: 0.504232
explanation: 


12: 2005  label: -1 pred: 0.879504 bl: 0.46985 IMP error_pred: 0.353038 error_bl: 0.271483 improvement: -0.0815545
    min: 0.3275  max: 0.6315 avg: 0.47468
explanation: 


13: 1788  label: 1 pred: 0.183653 bl: 0.12955 POSS error_pred: 0.358056 error_bl: 0.278772 improvement: -0.0792839
    min: -0.5465  max: 0.424 avg: 0.0594075
explanation: 


14: 2547  label: 1 pred: 0.0571294 bl: -0.08315 POSS error_pred: 0.554987 error_bl: 0.47954 improvement: -0.0754475
    min: -0.2735  max: 0.12 avg: -0.0660925
explanation: 


15: 819  label: -1 pred: 0.95016 bl: 0.63165 IMP error_pred: 0.559387 error_bl: 0.48659 improvement: -0.0727969
    min: 0.326  max: 0.733 avg: 0.568405
explanation: 


16: 774  label: 1 pred: 0.238752 bl: 0.18755 POSS error_pred: 0.3052 error_bl: 0.232737 improvement: -0.0724638
    min: -0.1415  max: 0.7915 avg: 0.27692
explanation: 


17: 2605  label: 1 pred: 0.183943 bl: 0.1172 POSS error_pred: 0.358056 error_bl: 0.287298 improvement: -0.0707587
    min: -0.185  max: 0.318 avg: 0.110068
explanation: 


18: 2277  label: 1 pred: 0.584861 bl: 0.4163 POSS error_pred: 0.148338 error_bl: 0.0784314 improvement: -0.0699062
    min: -0.007  max: 0.6785 avg: 0.36397
explanation: 


19: 2418  label: -1 pred: 0.954408 bl: 0.64805 POSS error_pred: 0.58347 error_bl: 0.514505 improvement: -0.0689655
    min: -0.023  max: 0.9365 avg: 0.522843
explanation: 


20: 2428  label: 1 pred: 0.399312 bl: 0.29435 POSS error_pred: 0.221654 error_bl: 0.154305 improvement: -0.0673487
    min: -0.2145  max: 0.8375 avg: 0.31166
explanation: 


21: 2421  label: -1 pred: 0.967588 bl: 0.70895 IMP error_pred: 0.671593 error_bl: 0.605364 improvement: -0.0662288
    min: 0.394  max: 0.935 avg: 0.649233
explanation: 


22: 1738  label: 1 pred: 0.384435 bl: 0.2765 POSS error_pred: 0.228474 error_bl: 0.164535 improvement: -0.0639386
    min: -0.0255  max: 0.7075 avg: 0.323767
explanation: 


23: 564  label: 1 pred: 0.384444 bl: 0.2762 POSS error_pred: 0.228474 error_bl: 0.164535 improvement: -0.0639386
    min: -0.17  max: 0.438 avg: 0.051225
explanation: 


24: 2026  label: 1 pred: 0.19217 bl: 0.1218 POSS error_pred: 0.349531 error_bl: 0.286445 improvement: -0.0630861
    min: -0.278  max: 0.244 avg: -0.03938
explanation: 


25: 150  label: 1 pred: 0.168581 bl: 0.0875 POSS error_pred: 0.373402 error_bl: 0.311168 improvement: -0.0622336
    min: -0.4095  max: 0.239 avg: 0.0059825
explanation: 


26: 467  label: 1 pred: 0.642256 bl: 0.4536 POSS error_pred: 0.127877 error_bl: 0.0664962 improvement: -0.061381
    min: -0.001  max: 0.9405 avg: 0.55813
explanation: 


27: 2010  label: -1 pred: 0.953161 bl: 0.64855 IMP error_pred: 0.576355 error_bl: 0.515326 improvement: -0.061029
    min: 0.4225  max: 0.7675 avg: 0.59126
explanation: 


28: 1120  label: -1 pred: 0.95262 bl: 0.64785 IMP error_pred: 0.573618 error_bl: 0.514505 improvement: -0.0591133
    min: 0.2595  max: 0.9745 avg: 0.614835
explanation: 


29: 2364  label: 1 pred: 0.359367 bl: 0.2582 POSS error_pred: 0.238704 error_bl: 0.179881 improvement: -0.0588236
    min: -0.1305  max: 0.5575 avg: 0.26451
explanation: 


30: 623  label: -1 pred: 0.913718 bl: 0.55515 IMP error_pred: 0.437329 error_bl: 0.378763 improvement: -0.058566
    min: 0.338  max: 0.975 avg: 0.559713
explanation: 


31: 2780  label: -1 pred: 0.954609 bl: 0.6573 IMP error_pred: 0.584565 error_bl: 0.525999 improvement: -0.058566
    min: 0.3535  max: 0.931 avg: 0.652207
explanation: 


32: 97  label: -1 pred: 0.706668 bl: 0.2984 IMP error_pred: 0.16913 error_bl: 0.112206 improvement: -0.0569239
    min: 0.076  max: 0.5255 avg: 0.341408
explanation: 


33: 2439  label: 1 pred: 0.65543 bl: 0.4487 AUTO error_pred: 0.124467 error_bl: 0.0682012 improvement: -0.056266
    min: 0.0595  max: 0.861 avg: 0.3543
explanation: 


34: 1394  label: -1 pred: 0.816534 bl: 0.409 POSS error_pred: 0.261084 error_bl: 0.205255 improvement: -0.0558292
    min: -0.0915  max: 0.853 avg: 0.459358
explanation: 


35: 1650  label: -1 pred: 0.78679 bl: 0.3766 IMP error_pred: 0.22879 error_bl: 0.172961 improvement: -0.0558292
    min: 0.111  max: 0.6065 avg: 0.308623
explanation: 


36: 2019  label: 1 pred: 0.158911 bl: 0.0694 POSS error_pred: 0.383632 error_bl: 0.329071 improvement: -0.054561
    min: -0.2995  max: 0.454 avg: 0.0956
explanation: 


37: 1695  label: 1 pred: 0.638891 bl: 0.42655 AUTO error_pred: 0.127877 error_bl: 0.0741688 improvement: -0.0537084
    min: 0.1405  max: 0.8655 avg: 0.53314
explanation: 


38: 1732  label: 1 pred: 0.344099 bl: 0.24145 POSS error_pred: 0.245524 error_bl: 0.191816 improvement: -0.0537084
    min: -0.0005  max: 0.773 avg: 0.285692
explanation: 


39: 2758  label: 1 pred: 0.187197 bl: 0.10225 POSS error_pred: 0.353794 error_bl: 0.300938 improvement: -0.0528559
    min: -0.222  max: 0.458 avg: 0.132233
explanation: 


40: 2358  label: -1 pred: 0.774686 bl: 0.36475 IMP error_pred: 0.215107 error_bl: 0.163109 improvement: -0.0519978
    min: 0.168  max: 0.6845 avg: 0.444402
explanation: 


41: 2398  label: 1 pred: 0.307549 bl: 0.21115 POSS error_pred: 0.265985 error_bl: 0.214834 improvement: -0.0511509
    min: -0.0525  max: 0.359 avg: 0.16851
explanation: 


42: 1537  label: 1 pred: 0.326527 bl: 0.22605 AUTO error_pred: 0.253197 error_bl: 0.202046 improvement: -0.0511509
    min: 0.0315  max: 0.6765 avg: 0.32231
explanation: 


43: 2915  label: 1 pred: 0.273529 bl: 0.1865 POSS error_pred: 0.28474 error_bl: 0.235294 improvement: -0.0494459
    min: -0.088  max: 0.357 avg: 0.15541
explanation: 


44: 2856  label: 1 pred: 0.324821 bl: 0.2182 POSS error_pred: 0.254902 error_bl: 0.206309 improvement: -0.0485933
    min: -0.2225  max: 0.3815 avg: 0.071735
explanation: 


45: 1722  label: -1 pred: 0.942469 bl: 0.62535 IMP error_pred: 0.525999 error_bl: 0.477833 improvement: -0.0481664
    min: 0.32  max: 0.944 avg: 0.633347
explanation: 


46: 1306  label: -1 pred: 0.936352 bl: 0.61505 IMP error_pred: 0.507389 error_bl: 0.460317 improvement: -0.0470717
    min: 0.3625  max: 0.7805 avg: 0.5647
explanation: 


47: 2307  label: 1 pred: 0.69808 bl: 0.47895 AUTO error_pred: 0.102302 error_bl: 0.0554135 improvement: -0.0468883
    min: 0.269  max: 0.82 avg: 0.568205
explanation: 


48: 225  label: 1 pred: 0.64712 bl: 0.40945 AUTO error_pred: 0.127025 error_bl: 0.0801364 improvement: -0.0468883
    min: 0.0105  max: 0.6145 avg: 0.324445
explanation: 


49: 2109  label: 1 pred: 0.256134 bl: 0.1722 POSS error_pred: 0.293265 error_bl: 0.246377 improvement: -0.0468883
    min: -0.0515  max: 0.3705 avg: 0.185028
explanation: 


best entries: 
0: 789  label: -1 pred: 0.898622 bl: 0.72475 IMP error_pred: 0.396825 error_bl: 0.626163 improvement: 0.229338
1: 1092  label: 1 pred: 0.213633 bl: -0.11885 POSS error_pred: 0.324808 error_bl: 0.518329 improvement: 0.193521
2: 2507  label: 1 pred: 0.0795787 bl: -0.2767 POSS error_pred: 0.492754 error_bl: 0.674339 improvement: 0.181586
3: 802  label: -1 pred: 0.927747 bl: 0.74075 IMP error_pred: 0.47838 error_bl: 0.651888 improvement: 0.173509
4: 730  label: -1 pred: 0.89847 bl: 0.67705 IMP error_pred: 0.396825 error_bl: 0.55665 improvement: 0.159825
5: 221  label: -1 pred: 0.799094 bl: 0.57005 POSS error_pred: 0.241927 error_bl: 0.400109 improvement: 0.158183
6: 1671  label: -1 pred: 0.720053 bl: 0.5107 POSS error_pred: 0.177887 error_bl: 0.323481 improvement: 0.145594
7: 2938  label: -1 pred: 0.698002 bl: 0.49345 POSS error_pred: 0.167488 error_bl: 0.300493 improvement: 0.133005
8: 2961  label: 1 pred: 0.306158 bl: 0.0083 POSS error_pred: 0.266837 error_bl: 0.393862 improvement: 0.127025
9: 2008  label: -1 pred: 0.97787 bl: 0.9341 IMP error_pred: 0.772304 error_bl: 0.897646 improvement: 0.125342
10: 1672  label: 1 pred: 0.344208 bl: 0.04605 POSS error_pred: 0.244672 error_bl: 0.359761 improvement: 0.11509
11: 780  label: 1 pred: 0.0892729 bl: -0.17025 POSS error_pred: 0.477408 error_bl: 0.581415 improvement: 0.104007
12: 2035  label: -1 pred: 0.949444 bl: 0.74805 IMP error_pred: 0.556103 error_bl: 0.660098 improvement: 0.103996
13: 1823  label: -1 pred: 0.893681 bl: 0.63535 POSS error_pred: 0.385879 error_bl: 0.489327 improvement: 0.103448
14: 2775  label: 1 pred: 0.015546 bl: -0.59845 POSS error_pred: 0.792839 error_bl: 0.895141 improvement: 0.102302
15: 2343  label: -1 pred: 0.897545 bl: 0.63725 IMP error_pred: 0.394636 error_bl: 0.494253 improvement: 0.0996169
16: 2012  label: 1 pred: 0.231834 bl: -0.00405 POSS error_pred: 0.309463 error_bl: 0.408355 improvement: 0.0988917
17: 90  label: 1 pred: 0.146798 bl: -0.1001 POSS error_pred: 0.398124 error_bl: 0.49318 improvement: 0.0950554
18: 227  label: -1 pred: 0.634724 bl: 0.42815 IMP error_pred: 0.131363 error_bl: 0.225233 improvement: 0.0938697
19: 188  label: -1 pred: 0.80164 bl: 0.5167 IMP error_pred: 0.244116 error_bl: 0.332239 improvement: 0.0881226
20: 1392  label: -1 pred: 0.720005 bl: 0.46165 IMP error_pred: 0.177887 error_bl: 0.261084 improvement: 0.0831965
21: 380  label: 1 pred: 0.12784 bl: -0.1051 POSS error_pred: 0.41688 error_bl: 0.499574 improvement: 0.082694
22: 1461  label: 1 pred: 0.464595 bl: 0.14605 POSS error_pred: 0.186701 error_bl: 0.269395 improvement: 0.0826939
23: 314  label: -1 pred: 0.938893 bl: 0.7058 POSS error_pred: 0.515599 error_bl: 0.598248 improvement: 0.0826491
24: 2558  label: 1 pred: 0.402414 bl: 0.10475 POSS error_pred: 0.220801 error_bl: 0.300085 improvement: 0.0792839
25: 752  label: -1 pred: 0.840657 bl: 0.54855 IMP error_pred: 0.295566 error_bl: 0.371648 improvement: 0.076081
26: 1996  label: -1 pred: 0.820875 bl: 0.52155 IMP error_pred: 0.26601 error_bl: 0.339901 improvement: 0.0738916
27: 2359  label: -1 pred: 0.469118 bl: 0.3549 POSS error_pred: 0.0815545 error_bl: 0.154351 improvement: 0.0727969
28: 808  label: -1 pred: 0.760909 bl: 0.47085 IMP error_pred: 0.201423 error_bl: 0.272031 improvement: 0.0706076
29: 409  label: -1 pred: 0.772088 bl: 0.47835 IMP error_pred: 0.214012 error_bl: 0.283525 improvement: 0.0695129
30: 1013  label: -1 pred: 0.6242 bl: 0.40015 IMP error_pred: 0.126984 error_bl: 0.196497 improvement: 0.0695129
31: 726  label: 1 pred: 0.752937 bl: 0.3073 AUTO error_pred: 0.0801364 error_bl: 0.14919 improvement: 0.0690537
32: 1842  label: 1 pred: 0.445327 bl: 0.1546 POSS error_pred: 0.192668 error_bl: 0.26087 improvement: 0.0682012
33: 103  label: 1 pred: 0.511958 bl: 0.1797 POSS error_pred: 0.171355 error_bl: 0.239557 improvement: 0.0682012
34: 144  label: 1 pred: 0.478937 bl: 0.16785 POSS error_pred: 0.182438 error_bl: 0.249787 improvement: 0.0673487
35: 1145  label: 1 pred: 0.582711 bl: 0.20865 POSS error_pred: 0.148338 error_bl: 0.215686 improvement: 0.0673487
36: 1798  label: 1 pred: 0.6893 bl: 0.2618 POSS error_pred: 0.108269 error_bl: 0.175618 improvement: 0.0673487
37: 1728  label: -1 pred: 0.699285 bl: 0.43865 IMP error_pred: 0.168582 error_bl: 0.235906 improvement: 0.0673235
38: 1810  label: 1 pred: 0.329686 bl: 0.0786 POSS error_pred: 0.252344 error_bl: 0.318841 improvement: 0.0664961
39: 1997  label: 1 pred: 0.754999 bl: 0.33225 POSS error_pred: 0.0792839 error_bl: 0.14237 improvement: 0.0630861
40: 1066  label: -1 pred: 0.767318 bl: 0.47205 POSS error_pred: 0.209633 error_bl: 0.272578 improvement: 0.0629447
41: 1129  label: 1 pred: 0.834412 bl: 0.35685 AUTO error_pred: 0.056266 error_bl: 0.118926 improvement: 0.0626598
42: 2241  label: -1 pred: 0.574327 bl: 0.3782 IMP error_pred: 0.112206 error_bl: 0.174603 improvement: 0.0623974
43: 1061  label: -1 pred: 0.204843 bl: 0.24895 POSS error_pred: 0.0273673 error_bl: 0.0892173 improvement: 0.06185
44: 2430  label: 1 pred: 0.750364 bl: 0.33125 POSS error_pred: 0.0809889 error_bl: 0.14237 improvement: 0.061381
45: 1104  label: -1 pred: 0.589269 bl: 0.38025 IMP error_pred: 0.116585 error_bl: 0.17734 improvement: 0.0607553
46: 2092  label: 1 pred: 0.877638 bl: 0.37905 AUTO error_pred: 0.0375106 error_bl: 0.0980392 improvement: 0.0605286
47: 1086  label: 1 pred: 0.174654 bl: -0.03135 POSS error_pred: 0.368286 error_bl: 0.428815 improvement: 0.0605286
48: 303  label: 1 pred: 0.449458 bl: 0.16725 POSS error_pred: 0.190111 error_bl: 0.249787 improvement: 0.0596761
49: 895  label: 1 pred: 0.410402 bl: 0.136 POSS error_pred: 0.215686 error_bl: 0.275362 improvement: 0.0596761

total is 0
score for UNKNOWN: 1.0000 baseline: 1.0000 diff: 0.0000
total is 1792
score for AUTO: 0.0000 baseline: 0.0000 diff: 0.0000
total is 1046
score for POSS: 0.1731 baseline: 0.1814 diff: -0.0083
total is 162
score for IMP: 1.0000 baseline: 1.0000 diff: 0.0000
writing 15000 official test outputs

0%   10   20   30   40   50   60   70   80   90   100%
|----|----|----|----|----|----|----|----|----|----|
***************************************************
scores: [ 0.0573098 ]
0.0573 +/-    nan
687.39user 6.10system 2:59.44elapsed 386%CPU (0avgtext+0avgdata 0maxresident)k
2064inputs+336outputs (12major+2344502minor)pagefaults 0swaps
