loading data...Twoway_Layer::random_fill(): limit = 0.103695 ni = 93 no = 50
Twoway_Layer::random_fill(): limit = 0.141421 ni = 50 no = 1
iter  ---- train ----  ---- test -----
         rmse     auc     rmse     auc
   0  0.90420 0.00000  0.86327 0.18740
   1  0.83084 0.00000  0.83982 0.18249
   2  0.84569 0.00000  0.83501 0.18124
   3  0.82240 0.00000  0.83215 0.18033
   4  0.83216 0.00000  0.83109 0.17983
   5  0.81230 0.00000  0.83024 0.17937
   6  0.81181 0.00000  0.82987 0.17912
   7  0.79704 0.00000  0.82961 0.17883
   8  0.80785 0.00000  0.82969 0.17872
   9  0.80946 0.00000  0.82977 0.17859
  10  0.81002 0.00000  0.82975 0.17851
  11  0.79481 0.00000  0.82984 0.17841
  12  0.81013 0.00000  0.82880 0.17807
  13  0.80901 0.00000  0.82849 0.17788
  14  0.82205 0.00000  0.82813 0.17771
  15  0.81113 0.00000  0.82816 0.17769
  16  0.81175 0.00000  0.82800 0.17758
  17  0.79229 0.00000  0.82791 0.17740
  18  0.82379 0.00000  0.82756 0.17725
  19  0.81474 0.00000  0.82729 0.17711
  20  0.79702 0.00000  0.82731 0.17706
  21  0.82182 0.00000  0.82719 0.17701
  22  0.83226 0.00000  0.82700 0.17695
  23  0.80486 0.00000  0.82698 0.17690
  24  0.81012 0.00000  0.82697 0.17684
  25  0.79885 0.00000  0.82691 0.17676
  26  0.81860 0.00000  0.82673 0.17668
  27  0.81688 0.00000  0.82651 0.17656
  28  0.80610 0.00000  0.82678 0.17659
  29  0.83303 0.00000  0.82625 0.17640
  30  0.80086 0.00000  0.82614 0.17631
  31  0.79527 0.00000  0.82618 0.17629
  32  0.81901 0.00000  0.82594 0.17615
  33  0.81517 0.00000  0.82598 0.17619
  34  0.82788 0.00000  0.82580 0.17607
  35  0.82635 0.00000  0.82575 0.17604
  36  0.79554 0.00000  0.82601 0.17612
  37  0.81333 0.00000  0.82586 0.17603
  38  0.79425 0.00000  0.82575 0.17597
  39  0.82461 0.00000  0.82557 0.17590
  40  0.81966 0.00000  0.82553 0.17587
  41  0.82651 0.00000  0.82540 0.17575
  42  0.82149 0.00000  0.82540 0.17575
  43  0.81855 0.00000  0.82553 0.17578
  44  0.81124 0.00000  0.82562 0.17579
  45  0.81508 0.00000  0.82625 0.17587
  46  0.81766 0.00000  0.82595 0.17579
  47  0.80791 0.00000  0.82546 0.17568
  48  0.80341 0.00000  0.82593 0.17575
  49  0.82823 0.00000  0.82573 0.17570
  50  0.80274 0.00000  0.82574 0.17568
  51  0.82230 0.00000  0.82518 0.17553
  52  0.80734 0.00000  0.82522 0.17552
  53  0.81991 0.00000  0.82501 0.17544
  54  0.81705 0.00000  0.82505 0.17544
  55  0.81168 0.00000  0.82501 0.17542
  56  0.80703 0.00000  0.82511 0.17544
  57  0.80094 0.00000  0.82496 0.17538
  58  0.81532 0.00000  0.82487 0.17534
  59  0.81618 0.00000  0.82500 0.17537
  60  0.81155 0.00000  0.82496 0.17536
  61  0.82231 0.00000  0.82486 0.17533
  62  0.79974 0.00000  0.82501 0.17535
  63  0.81302 0.00000  0.82483 0.17530
  64  0.81541 0.00000  0.82486 0.17530
  65  0.81847 0.00000  0.82491 0.17530
  66  0.80956 0.00000  0.82512 0.17533
  67  0.81116 0.00000  0.82538 0.17536
  68  0.80623 0.00000  0.82548 0.17537
  69  0.82173 0.00000  0.82557 0.17536
  70  0.81401 0.00000  0.82582 0.17537
  71  0.82108 0.00000  0.82545 0.17531
  72  0.81684 0.00000  0.82509 0.17524
  73  0.81966 0.00000  0.82519 0.17522
  74  0.80476 0.00000  0.82484 0.17517
  75  0.83358 0.00000  0.82528 0.17520
  76  0.81158 0.00000  0.82531 0.17520
  77  0.82020 0.00000  0.82509 0.17515
  78  0.80248 0.00000  0.82516 0.17517
  79  0.82365 0.00000  0.82552 0.17520
  80  0.80905 0.00000  0.82506 0.17514
  81  0.80338 0.00000  0.82495 0.17514
  82  0.80704 0.00000  0.82515 0.17516
  83  0.81302 0.00000  0.82501 0.17512
  84  0.82108 0.00000  0.82505 0.17512
  85  0.80788 0.00000  0.82511 0.17512
  86  0.81216 0.00000  0.82500 0.17509
  87  0.79644 0.00000  0.82505 0.17510
  88  0.80858 0.00000  0.82506 0.17510
  89  0.80530 0.00000  0.82552 0.17515
  90  0.80888 0.00000  0.82498 0.17508
  91  0.79867 0.00000  0.82488 0.17506
  92  0.81556 0.00000  0.82477 0.17503
  93  0.82110 0.00000  0.82467 0.17500
  94  0.81798 0.00000  0.82479 0.17501
  95  0.80859 0.00000  0.82466 0.17498
  96  0.79839 0.00000  0.82472 0.17501
  97  0.81967 0.00000  0.82471 0.17499
  98  0.80313 0.00000  0.82466 0.17498
  99  0.81993 0.00000  0.82473 0.17498
 100  0.80242 0.00000  0.82472 0.17498
 101  0.81412 0.00000  0.82472 0.17498
 102  0.80142 0.00000  0.82461 0.17496
 103  0.81350 0.00000  0.82471 0.17496
 104  0.79306 0.00000  0.82462 0.17495
 105  0.80153 0.00000  0.82460 0.17494
 106  0.81698 0.00000  0.82463 0.17493
 107  0.80162 0.00000  0.82475 0.17496
 108  0.81066 0.00000  0.82471 0.17494
 109  0.81001 0.00000  0.82492 0.17496
 110  0.80507 0.00000  0.82480 0.17494
 111  0.80432 0.00000  0.82465 0.17492
 112  0.81876 0.00000  0.82500 0.17495
 113  0.82113 0.00000  0.82491 0.17494
 114  0.81899 0.00000  0.82498 0.17493
 115  0.81142 0.00000  0.82501 0.17493
 116  0.80944 0.00000  0.82509 0.17493
 117  0.80457 0.00000  0.82496 0.17493
 118  0.82856 0.00000  0.82492 0.17491
 119  0.82097 0.00000  0.82479 0.17489
 120  0.81151 0.00000  0.82483 0.17490
 121  0.81266 0.00000  0.82482 0.17489
 122  0.80438 0.00000  0.82487 0.17489
 123  0.80748 0.00000  0.82486 0.17489
 124  0.81683 0.00000  0.82484 0.17489
 125  0.80290 0.00000  0.82521 0.17490
 126  0.81580 0.00000  0.82500 0.17489
 127  0.80971 0.00000  0.82488 0.17489
 128  0.81470 0.00000  0.82507 0.17489
 129  0.81220 0.00000  0.82510 0.17490
 130  0.80499 0.00000  0.82500 0.17489
 131  0.79993 0.00000  0.82486 0.17489
 132  0.81392 0.00000  0.82506 0.17489
 133  0.81335 0.00000  0.82524 0.17489
 134  0.79993 0.00000  0.82492 0.17488
 135  0.81361 0.00000  0.82490 0.17488
 136  0.81331 0.00000  0.82481 0.17488
 137  0.82793 0.00000  0.82487 0.17488
 138  0.82297 0.00000  0.82493 0.17487
 139  0.82017 0.00000  0.82493 0.17487
 140  0.81223 0.00000  0.82502 0.17486
 141  0.81316 0.00000  0.82517 0.17487
 142  0.79890 0.00000  0.82492 0.17487
 143  0.81870 0.00000  0.82505 0.17487
 144  0.80868 0.00000  0.82511 0.17486
 145  0.82742 0.00000  0.82510 0.17487
 146  0.80016 0.00000  0.82493 0.17488
 147  0.82014 0.00000  0.82505 0.17487
 148  0.80576 0.00000  0.82511 0.17487
 149  0.82829 0.00000  0.82507 0.17486
 150  0.79939 0.00000  0.82511 0.17487
 151  0.81166 0.00000  0.82513 0.17487
 152  0.82796 0.00000  0.82539 0.17486
 153  0.81845 0.00000  0.82552 0.17485
 154  0.80937 0.00000  0.82585 0.17486
 155  0.80132 0.00000  0.82576 0.17486
 156  0.80787 0.00000  0.82554 0.17486
 157  0.81836 0.00000  0.82534 0.17486
 158  0.81464 0.00000  0.82523 0.17486
 159  0.81702 0.00000  0.82527 0.17486
 160  0.82271 0.00000  0.82520 0.17487
 161  0.82504 0.00000  0.82520 0.17487
 162  0.82914 0.00000  0.82527 0.17488
 163  0.81146 0.00000  0.82522 0.17488
 164  0.81385 0.00000  0.82517 0.17488
 165  0.80634 0.00000  0.82512 0.17488
 166  0.80575 0.00000  0.82508 0.17488
 167  0.82352 0.00000  0.82516 0.17488
 168  0.80506 0.00000  0.82512 0.17488
 169  0.80617 0.00000  0.82507 0.17489
 170  0.79393 0.00000  0.82504 0.17488
 171  0.82063 0.00000  0.82519 0.17487
 172  0.81035 0.00000  0.82535 0.17486
 173  0.80552 0.00000  0.82518 0.17487
 174  0.80297 0.00000  0.82502 0.17488
 175  0.80903 0.00000  0.82521 0.17488
 176  0.81951 0.00000  0.82516 0.17488
 177  0.80334 0.00000  0.82522 0.17488
 178  0.79209 0.00000  0.82516 0.17488
 179  0.81299 0.00000  0.82534 0.17488
 180  0.80580 0.00000  0.82571 0.17487
 181  0.80046 0.00000  0.82544 0.17488
 182  0.80419 0.00000  0.82531 0.17488
 183  0.81778 0.00000  0.82529 0.17488
 184  0.82019 0.00000  0.82529 0.17488
 185  0.81797 0.00000  0.82517 0.17489
 186  0.82047 0.00000  0.82531 0.17488
 187  0.81051 0.00000  0.82527 0.17489
 188  0.80251 0.00000  0.82535 0.17488
 189  0.81501 0.00000  0.82522 0.17489
 190  0.81306 0.00000  0.82515 0.17491
 191  0.81827 0.00000  0.82518 0.17491
 192  0.81611 0.00000  0.82524 0.17490
 193  0.81606 0.00000  0.82523 0.17490
 194  0.80084 0.00000  0.82536 0.17488
 195  0.80088 0.00000  0.82538 0.17488
 196  0.81390 0.00000  0.82535 0.17488
 197  0.81572 0.00000  0.82558 0.17488
 198  0.82085 0.00000  0.82565 0.17488
 199  0.81294 0.00000  0.82567 0.17488
 200  0.80762 0.00000  0.82526 0.17490
 201  0.81579 0.00000  0.82536 0.17489
 202  0.80377 0.00000  0.82536 0.17488
 203  0.80893 0.00000  0.82538 0.17488
 204  0.79908 0.00000  0.82520 0.17490
 205  0.81372 0.00000  0.82527 0.17489
 206  0.81172 0.00000  0.82538 0.17488
 207  0.83442 0.00000  0.82544 0.17488
 208  0.81922 0.00000  0.82537 0.17489
 209  0.80873 0.00000  0.82533 0.17490
 210  0.81297 0.00000  0.82533 0.17490
 211  0.80767 0.00000  0.82571 0.17487
 212  0.82188 0.00000  0.82537 0.17490
 213  0.81044 0.00000  0.82532 0.17493
 214  0.80091 0.00000  0.82529 0.17492
 215  0.80072 0.00000  0.82527 0.17491
 216  0.81456 0.00000  0.82525 0.17493
 217  0.82170 0.00000  0.82556 0.17488
 218  0.80175 0.00000  0.82580 0.17486
 219  0.80445 0.00000  0.82573 0.17486
 220  0.80873 0.00000  0.82561 0.17487
 221  0.81749 0.00000  0.82582 0.17486
 222  0.81556 0.00000  0.82536 0.17491
 223  0.82392 0.00000  0.82543 0.17490
 224  0.80672 0.00000  0.82536 0.17492
 225  0.81643 0.00000  0.82547 0.17489
 226  0.79632 0.00000  0.82539 0.17491
 227  0.82398 0.00000  0.82565 0.17488
 228  0.80420 0.00000  0.82549 0.17489
 229  0.80004 0.00000  0.82554 0.17489
 230  0.82495 0.00000  0.82582 0.17487
 231  0.81165 0.00000  0.82548 0.17490
 232  0.80364 0.00000  0.82555 0.17489
 233  0.81918 0.00000  0.82538 0.17494
 234  0.82574 0.00000  0.82559 0.17490
 235  0.81160 0.00000  0.82569 0.17489
 236  0.80729 0.00000  0.82547 0.17491
 237  0.82050 0.00000  0.82569 0.17489
 238  0.79961 0.00000  0.82557 0.17489
 239  0.80984 0.00000  0.82570 0.17488
 240  0.82368 0.00000  0.82570 0.17489
 241  0.80608 0.00000  0.82553 0.17490
 242  0.81783 0.00000  0.82573 0.17489
 243  0.80333 0.00000  0.82568 0.17489
 244  0.80412 0.00000  0.82559 0.17491
 245  0.81818 0.00000  0.82554 0.17492
 246  0.81057 0.00000  0.82575 0.17489
 247  0.81574 0.00000  0.82596 0.17488
 248  0.81762 0.00000  0.82567 0.17491
 249  0.79509 0.00000  0.82560 0.17492
 250  0.80203 0.00000  0.82560 0.17492
 251  0.82519 0.00000  0.82544 0.17499
 252  0.82133 0.00000  0.82555 0.17495
 253  0.81053 0.00000  0.82546 0.17498
 254  0.80386 0.00000  0.82549 0.17495
 255  0.79589 0.00000  0.82566 0.17491
 256  0.81225 0.00000  0.82581 0.17490
 257  0.80675 0.00000  0.82545 0.17497
 258  0.81221 0.00000  0.82549 0.17496
 259  0.80427 0.00000  0.82545 0.17497
 260  0.81535 0.00000  0.82548 0.17497
 261  0.82330 0.00000  0.82554 0.17497
 262  0.80621 0.00000  0.82629 0.17488
 263  0.79797 0.00000  0.82607 0.17490
 264  0.79818 0.00000  0.82585 0.17492
 265  0.80591 0.00000  0.82552 0.17498
 266  0.80751 0.00000  0.82545 0.17499
 267  0.81064 0.00000  0.82546 0.17499
 268  0.82138 0.00000  0.82571 0.17494
 269  0.82499 0.00000  0.82611 0.17490
 270  0.81386 0.00000  0.82572 0.17496
 271  0.80435 0.00000  0.82567 0.17496
 272  0.80188 0.00000  0.82567 0.17495
 273  0.81458 0.00000  0.82571 0.17495
 274  0.79673 0.00000  0.82569 0.17495
 275  0.78670 0.00000  0.82562 0.17495
 276  0.79652 0.00000  0.82585 0.17493
 277  0.81235 0.00000  0.82568 0.17494
 278  0.79968 0.00000  0.82561 0.17495
 279  0.80672 0.00000  0.82550 0.17498
 280  0.81286 0.00000  0.82539 0.17501
 281  0.79219 0.00000  0.82563 0.17496
 282  0.81714 0.00000  0.82546 0.17500
 283  0.81297 0.00000  0.82544 0.17500
 284  0.78695 0.00000  0.82550 0.17499
 285  0.82215 0.00000  0.82563 0.17497
 286  0.81269 0.00000  0.82557 0.17498
 287  0.81013 0.00000  0.82547 0.17502
 288  0.81508 0.00000  0.82573 0.17497
 289  0.81085 0.00000  0.82579 0.17496
 290  0.82267 0.00000  0.82604 0.17493
 291  0.81795 0.00000  0.82568 0.17499
 292  0.81236 0.00000  0.82553 0.17503
 293  0.80752 0.00000  0.82548 0.17507
 294  0.80947 0.00000  0.82560 0.17501
 295  0.81215 0.00000  0.82550 0.17505
 296  0.80177 0.00000  0.82549 0.17505
 297  0.81504 0.00000  0.82550 0.17506
 298  0.81611 0.00000  0.82563 0.17501
 299  0.84081 0.00000  0.82576 0.17500
 300  0.81413 0.00000  0.82572 0.17502
 301  0.82357 0.00000  0.82585 0.17499
 302  0.81840 0.00000  0.82582 0.17501
 303  0.81392 0.00000  0.82625 0.17494
 304  0.81329 0.00000  0.82600 0.17498
 305  0.79770 0.00000  0.82575 0.17502
 306  0.80772 0.00000  0.82591 0.17499
 307  0.80240 0.00000  0.82598 0.17499
 308  0.80475 0.00000  0.82604 0.17498
 309  0.81746 0.00000  0.82564 0.17506
 310  0.80349 0.00000  0.82560 0.17507
 311  0.80485 0.00000  0.82569 0.17504
 312  0.80639 0.00000  0.82560 0.17506
 313  0.82355 0.00000  0.82567 0.17505
 314  0.80806 0.00000  0.82566 0.17505
 315  0.81981 0.00000  0.82567 0.17506
 316  0.79217 0.00000  0.82558 0.17510
 317  0.81441 0.00000  0.82560 0.17511
 318  0.81381 0.00000  0.82561 0.17511
 319  0.80526 0.00000  0.82559 0.17512
 320  0.80332 0.00000  0.82559 0.17511
 321  0.81487 0.00000  0.82568 0.17507
 322  0.81777 0.00000  0.82606 0.17500
 323  0.80187 0.00000  0.82597 0.17501
 324  0.81799 0.00000  0.82623 0.17498
 325  0.81365 0.00000  0.82596 0.17502
 326  0.82703 0.00000  0.82653 0.17495
 327  0.79035 0.00000  0.82595 0.17501
 328  0.80627 0.00000  0.82571 0.17507
 329  0.81488 0.00000  0.82579 0.17506
 330  0.81228 0.00000  0.82570 0.17509
 331  0.81252 0.00000  0.82559 0.17515
 332  0.79805 0.00000  0.82560 0.17512
 333  0.82495 0.00000  0.82569 0.17511
 334  0.80547 0.00000  0.82570 0.17510
 335  0.80706 0.00000  0.82565 0.17511
 336  0.80925 0.00000  0.82571 0.17509
 337  0.80884 0.00000  0.82560 0.17514
 338  0.80395 0.00000  0.82566 0.17511
 339  0.79542 0.00000  0.82586 0.17504
 340  0.82483 0.00000  0.82564 0.17512
 341  0.81084 0.00000  0.82567 0.17511
 342  0.81596 0.00000  0.82578 0.17508
 343  0.81238 0.00000  0.82569 0.17511
 344  0.80833 0.00000  0.82562 0.17513
 345  0.82146 0.00000  0.82567 0.17512
 346  0.80690 0.00000  0.82564 0.17514
 347  0.79239 0.00000  0.82558 0.17514
 348  0.80129 0.00000  0.82561 0.17512
 349  0.81327 0.00000  0.82570 0.17510
 350  0.81107 0.00000  0.82562 0.17513
 351  0.80904 0.00000  0.82565 0.17512
 352  0.79549 0.00000  0.82583 0.17506
 353  0.81967 0.00000  0.82594 0.17505
 354  0.82162 0.00000  0.82565 0.17512
 355  0.81192 0.00000  0.82573 0.17510
 356  0.81486 0.00000  0.82582 0.17508
 357  0.81949 0.00000  0.82570 0.17513
 358  0.80450 0.00000  0.82574 0.17510
 359  0.80799 0.00000  0.82564 0.17514
 360  0.82707 0.00000  0.82582 0.17509
 361  0.81803 0.00000  0.82574 0.17511
 362  0.81066 0.00000  0.82567 0.17515
 363  0.82693 0.00000  0.82571 0.17516
 364  0.81369 0.00000  0.82571 0.17519
 365  0.81103 0.00000  0.82572 0.17515
 366  0.82224 0.00000  0.82574 0.17517
 367  0.81141 0.00000  0.82580 0.17512
 368  0.81702 0.00000  0.82579 0.17512
 369  0.80741 0.00000  0.82607 0.17504
 370  0.80109 0.00000  0.82662 0.17495
 371  0.82544 0.00000  0.82611 0.17502
 372  0.79949 0.00000  0.82610 0.17502
 373  0.81209 0.00000  0.82608 0.17502
 374  0.80892 0.00000  0.82583 0.17505
 375  0.80729 0.00000  0.82577 0.17507
 376  0.82005 0.00000  0.82586 0.17505
 377  0.81500 0.00000  0.82590 0.17504
 378  0.82501 0.00000  0.82583 0.17506
 379  0.81284 0.00000  0.82571 0.17510
 380  0.80678 0.00000  0.82588 0.17504
 381  0.81139 0.00000  0.82588 0.17503
 382  0.81484 0.00000  0.82605 0.17500
 383  0.81226 0.00000  0.82590 0.17503
 384  0.80061 0.00000  0.82585 0.17502
 385  0.82370 0.00000  0.82583 0.17504
 386  0.80399 0.00000  0.82577 0.17504
 387  0.81312 0.00000  0.82568 0.17507
 388  0.80254 0.00000  0.82572 0.17505
 389  0.80003 0.00000  0.82648 0.17493
 390  0.82142 0.00000  0.82597 0.17500
 391  0.83474 0.00000  0.82567 0.17508
 392  0.81975 0.00000  0.82585 0.17503
 393  0.81772 0.00000  0.82569 0.17511
 394  0.80008 0.00000  0.82584 0.17503
 395  0.81029 0.00000  0.82586 0.17503
 396  0.80817 0.00000  0.82568 0.17508
 397  0.81990 0.00000  0.82588 0.17503
 398  0.80931 0.00000  0.82581 0.17505
 399  0.81157 0.00000  0.82584 0.17505
 400  0.81172 0.00000  0.82603 0.17501
 401  0.79837 0.00000  0.82610 0.17499
 402  0.82240 0.00000  0.82597 0.17501
 403  0.81886 0.00000  0.82585 0.17503
 404  0.80670 0.00000  0.82606 0.17499
 405  0.80435 0.00000  0.82572 0.17506
 406  0.81247 0.00000  0.82572 0.17506
 407  0.81369 0.00000  0.82623 0.17497
 408  0.79904 0.00000  0.82616 0.17498
 409  0.81768 0.00000  0.82617 0.17497
 410  0.81944 0.00000  0.82592 0.17502
 411  0.80042 0.00000  0.82596 0.17500
 412  0.80894 0.00000  0.82577 0.17503
 413  0.81860 0.00000  0.82577 0.17504
 414  0.80447 0.00000  0.82611 0.17498
 415  0.80336 0.00000  0.82628 0.17495
 416  0.82956 0.00000  0.82566 0.17508
 417  0.79666 0.00000  0.82575 0.17504
 418  0.81502 0.00000  0.82575 0.17503
 419  0.81802 0.00000  0.82601 0.17499
 420  0.80671 0.00000  0.82581 0.17503
 421  0.82152 0.00000  0.82576 0.17503
 422  0.81513 0.00000  0.82563 0.17508
 423  0.81771 0.00000  0.82570 0.17505
 424  0.81136 0.00000  0.82557 0.17511
 425  0.82296 0.00000  0.82573 0.17505
 426  0.81572 0.00000  0.82578 0.17504
 427  0.82278 0.00000  0.82602 0.17500
 428  0.80918 0.00000  0.82590 0.17501
 429  0.80582 0.00000  0.82569 0.17506
 430  0.81352 0.00000  0.82556 0.17511
 431  0.81483 0.00000  0.82557 0.17510
 432  0.80927 0.00000  0.82565 0.17506
 433  0.81488 0.00000  0.82559 0.17511
 434  0.80650 0.00000  0.82570 0.17506
 435  0.81684 0.00000  0.82581 0.17503
 436  0.80840 0.00000  0.82557 0.17510
 437  0.81915 0.00000  0.82556 0.17511
 438  0.80920 0.00000  0.82573 0.17504
 439  0.80906 0.00000  0.82583 0.17502
 440  0.80262 0.00000  0.82559 0.17510
 441  0.80226 0.00000  0.82572 0.17504
 442  0.80311 0.00000  0.82600 0.17499
 443  0.81386 0.00000  0.82565 0.17506
 444  0.82179 0.00000  0.82567 0.17506
 445  0.80936 0.00000  0.82569 0.17505
 446  0.82672 0.00000  0.82603 0.17499
 447  0.80337 0.00000  0.82578 0.17503
 448  0.80976 0.00000  0.82555 0.17510
 449  0.79920 0.00000  0.82573 0.17504
 450  0.80043 0.00000  0.82558 0.17508
 451  0.81513 0.00000  0.82551 0.17511
 452  0.80534 0.00000  0.82552 0.17511
 453  0.81050 0.00000  0.82553 0.17510
 454  0.81720 0.00000  0.82552 0.17511
 455  0.82625 0.00000  0.82564 0.17506
 456  0.81888 0.00000  0.82553 0.17510
 457  0.81242 0.00000  0.82567 0.17503
 458  0.81763 0.00000  0.82564 0.17505
 459  0.80423 0.00000  0.82598 0.17499
 460  0.82329 0.00000  0.82592 0.17499
 461  0.81329 0.00000  0.82596 0.17498
 462  0.81327 0.00000  0.82583 0.17500
 463  0.81631 0.00000  0.82602 0.17497
 464  0.80967 0.00000  0.82571 0.17501
 465  0.82324 0.00000  0.82582 0.17499
 466  0.80060 0.00000  0.82606 0.17496
 467  0.80431 0.00000  0.82609 0.17496
 468  0.81638 0.00000  0.82567 0.17502
 469  0.80304 0.00000  0.82556 0.17505
 470  0.79950 0.00000  0.82591 0.17498
 471  0.80751 0.00000  0.82639 0.17492
 472  0.81039 0.00000  0.82595 0.17497
 473  0.81845 0.00000  0.82561 0.17502
 474  0.82368 0.00000  0.82579 0.17499
 475  0.81836 0.00000  0.82584 0.17499
 476  0.81097 0.00000  0.82599 0.17496
 477  0.82700 0.00000  0.82636 0.17493
 478  0.80655 0.00000  0.82584 0.17499
 479  0.80569 0.00000  0.82568 0.17501
 480  0.79023 0.00000  0.82564 0.17501
 481  0.80636 0.00000  0.82545 0.17506
 482  0.81612 0.00000  0.82590 0.17497
 483  0.80047 0.00000  0.82614 0.17494
 484  0.80324 0.00000  0.82569 0.17500
 485  0.80581 0.00000  0.82545 0.17505
 486  0.81565 0.00000  0.82552 0.17503
 487  0.82022 0.00000  0.82542 0.17509
 488  0.80407 0.00000  0.82548 0.17505
 489  0.81348 0.00000  0.82551 0.17504
 490  0.80939 0.00000  0.82559 0.17502
 491  0.81161 0.00000  0.82558 0.17502
 492  0.79702 0.00000  0.82544 0.17506
 493  0.81112 0.00000  0.82539 0.17509
 494  0.80659 0.00000  0.82550 0.17504
 495  0.80914 0.00000  0.82558 0.17502
 496  0.80316 0.00000  0.82551 0.17503
 497  0.81327 0.00000  0.82564 0.17501
 498  0.83073 0.00000  0.82547 0.17505
 499  0.80342 0.00000  0.82538 0.17510
chose model 711 L_auc_712
chose model 260 L_auc_261
chose model 775 L_auc_776
chose model 333 L_auc_334
chose model 1016 L_auc_1017
chose model 1058 L_auc_1059
chose model 1051 L_auc_1052
chose model 1140 L_auc_1141
chose model 659 L_auc_660
chose model 835 L_auc_836
processing 10000 predictions...

0%   10   20   30   40   50   60   70   80   90   100%
|----|----|----|----|----|----|----|----|----|----|
***************************************************
 done.
elapsed: [7383.58s cpu, 5496380.1144 mticks, 2056.47s wall]
score: 0.1581  baseline: 0.1635  diff: -0.00532
category UNKNOWN: count 0 avg error 0 baseline avg error 0 avg improvement 0
category AUTO: count 3347 avg error 0.0520599 baseline avg error 0.0652753 avg improvement 0.0132154
category POSS: count 5942 avg error 0.168907 baseline avg error 0.171225 avg improvement 0.00231756
category IMP: count 711 avg error 0.567538 baseline avg error 0.56085 avg improvement -0.00668803
overall: count 10000 avg error 0.158141 baseline avg error 0.163466 avg improvement 0.00532476
worst entries: 
0: 2576  label: 1 pred: -0.861052 bl: 0.1084 POSS error_pred: 0.907407 error_bl: 0.372362 improvement: -0.535046
    min: -0.83  max: 0.7845 avg: 0.0583975
explanation: 
no explanation

1: 1761  label: 1 pred: -0.771149 bl: 0.09385 POSS error_pred: 0.835524 error_bl: 0.391478 improvement: -0.444046
    min: -0.812  max: 0.6365 avg: -0.0227042
explanation: 
no explanation

2: 8384  label: 1 pred: -0.446948 bl: 0.37445 POSS error_pred: 0.502589 error_bl: 0.122063 improvement: -0.380526
    min: -0.8005  max: 0.807 avg: 0.172712
explanation: 
no explanation

3: 4928  label: 1 pred: -0.840513 bl: -0.00395 POSS error_pred: 0.894265 error_bl: 0.518519 improvement: -0.375747
    min: -0.752  max: 0.583 avg: -0.0377841
explanation: 
no explanation

4: 3407  label: 1 pred: -0.668666 bl: 0.11985 POSS error_pred: 0.728793 error_bl: 0.357427 improvement: -0.371366
    min: -0.7165  max: 0.6685 avg: 0.0178354
explanation: 
no explanation

5: 272  label: 1 pred: -0.650743 bl: 0.11735 POSS error_pred: 0.710076 error_bl: 0.360912 improvement: -0.349164
    min: -0.6425  max: 0.555 avg: 0.0193666
explanation: 
no explanation

6: 2760  label: 1 pred: -0.423285 bl: 0.3423 POSS error_pred: 0.484269 error_bl: 0.140781 improvement: -0.343489
    min: -0.828  max: 0.798 avg: 0.2119
explanation: 
no explanation

7: 4122  label: 1 pred: -0.88027 bl: -0.0529 POSS error_pred: 0.920948 error_bl: 0.580048 improvement: -0.3409
    min: -0.8785  max: 0.419 avg: -0.154837
explanation: 
no explanation

8: 8419  label: 1 pred: -0.67555 bl: 0.0815 POSS error_pred: 0.735564 error_bl: 0.407806 improvement: -0.327758
    min: -0.438  max: 0.801 avg: 0.208023
explanation: 
no explanation

9: 931  label: 1 pred: -0.553829 bl: 0.16045 POSS error_pred: 0.608921 error_bl: 0.313023 improvement: -0.295898
    min: -0.6155  max: 0.849 avg: 0.147088
explanation: 
no explanation

10: 1547  label: 1 pred: -0.995084 bl: -0.12985 POSS error_pred: 0.971724 error_bl: 0.683194 improvement: -0.28853
    min: -0.967  max: 0.6865 avg: -0.38775
explanation: 
no explanation

11: 8757  label: 1 pred: -0.615173 bl: 0.0928 POSS error_pred: 0.671645 error_bl: 0.392274 improvement: -0.279371
    min: -0.7995  max: 0.5695 avg: -0.131028
explanation: 
no explanation

12: 9699  label: 1 pred: -0.341701 bl: 0.33255 POSS error_pred: 0.423935 error_bl: 0.14775 improvement: -0.276185
    min: -0.62  max: 0.862 avg: 0.14097
explanation: 
no explanation

13: 1441  label: 1 pred: -0.430247 bl: 0.25165 POSS error_pred: 0.490243 error_bl: 0.214656 improvement: -0.275587
    min: -0.6365  max: 0.8185 avg: 0.176041
explanation: 
no explanation

14: 8226  label: 1 pred: -0.649341 bl: 0.06075 POSS error_pred: 0.708284 error_bl: 0.433393 improvement: -0.27489
    min: -0.681  max: 0.742 avg: -0.00170503
explanation: 
no explanation

15: 3873  label: 1 pred: -0.832583 bl: -0.08065 POSS error_pred: 0.888491 error_bl: 0.617881 improvement: -0.270609
    min: -0.8175  max: 0.5805 avg: 0.117659
explanation: 
no explanation

16: 213  label: 1 pred: -0.433633 bl: 0.2362 POSS error_pred: 0.491836 error_bl: 0.229988 improvement: -0.261848
    min: -0.716  max: 0.578 avg: 0.00712641
explanation: 
no explanation

17: 1418  label: 1 pred: -0.531101 bl: 0.149 POSS error_pred: 0.588013 error_bl: 0.326961 improvement: -0.261051
    min: -0.859  max: 0.9175 avg: 0.0624135
explanation: 
no explanation

18: 2882  label: 1 pred: -0.445932 bl: 0.2224 POSS error_pred: 0.501991 error_bl: 0.241935 improvement: -0.260056
    min: -0.6785  max: 0.655 avg: 0.192834
explanation: 
no explanation

19: 7111  label: 1 pred: -0.649997 bl: 0.0451 POSS error_pred: 0.70908 error_bl: 0.453903 improvement: -0.255177
    min: -0.9275  max: 0.8345 avg: -0.0254127
explanation: 
no explanation

20: 3768  label: 1 pred: -0.530378 bl: 0.14185 POSS error_pred: 0.587615 error_bl: 0.335125 improvement: -0.252489
    min: -0.508  max: 0.5525 avg: 0.0640043
explanation: 
no explanation

21: 5086  label: 1 pred: -0.31311 bl: 0.31715 POSS error_pred: 0.403823 error_bl: 0.1591 improvement: -0.244723
    min: -0.8305  max: 0.569 avg: 0.0911051
explanation: 
no explanation

22: 3141  label: 1 pred: -0.805609 bl: -0.09565 POSS error_pred: 0.867583 error_bl: 0.637595 improvement: -0.229988
    min: -0.6865  max: 0.3915 avg: -0.180498
explanation: 
no explanation

23: 249  label: 1 pred: -0.57827 bl: 0.08175 POSS error_pred: 0.633811 error_bl: 0.407706 improvement: -0.226105
    min: -0.5095  max: 0.3745 avg: -0.094729
explanation: 
no explanation

24: 6602  label: 1 pred: -0.676771 bl: 0.00115 POSS error_pred: 0.736559 error_bl: 0.510554 improvement: -0.226006
    min: -0.5505  max: 0.4435 avg: 0.0258684
explanation: 
no explanation

25: 9043  label: 1 pred: -0.76253 bl: -0.07005 POSS error_pred: 0.828355 error_bl: 0.602549 improvement: -0.225806
    min: -0.573  max: 0.6325 avg: -0.0489791
explanation: 
no explanation

26: 7233  label: 1 pred: -0.825559 bl: -0.11005 POSS error_pred: 0.882517 error_bl: 0.658104 improvement: -0.224413
    min: -0.859  max: 0.4245 avg: -0.0596672
explanation: 
no explanation

27: 3849  label: 1 pred: -0.287658 bl: 0.30915 POSS error_pred: 0.388889 error_bl: 0.166069 improvement: -0.22282
    min: -0.7375  max: 0.732 avg: 0.135916
explanation: 
no explanation

28: 7287  label: 1 pred: -0.0648886 bl: 0.48375 POSS error_pred: 0.279769 error_bl: 0.0615293 improvement: -0.21824
    min: -0.213  max: 1 avg: 0.425531
explanation: 
no explanation

29: 5900  label: 1 pred: -0.853001 bl: -0.1317 POSS error_pred: 0.901832 error_bl: 0.684588 improvement: -0.217244
    min: -0.6775  max: 0.4605 avg: -0.16065
explanation: 
no explanation

30: 1754  label: 1 pred: -0.598375 bl: 0.05625 POSS error_pred: 0.655516 error_bl: 0.440661 improvement: -0.214855
    min: -0.5015  max: 0.3335 avg: -0.0404188
explanation: 
no explanation

31: 3090  label: 1 pred: -0.0765692 bl: 0.45915 POSS error_pred: 0.28634 error_bl: 0.0730785 improvement: -0.213262
    min: -0.5395  max: 0.746 avg: 0.21589
explanation: 
no explanation

32: 4693  label: 1 pred: -0.806023 bl: -0.10925 POSS error_pred: 0.868578 error_bl: 0.65671 improvement: -0.211868
    min: -0.753  max: 0.438 avg: -0.101332
explanation: 
no explanation

33: 4377  label: 1 pred: -0.792024 bl: -0.10075 POSS error_pred: 0.856432 error_bl: 0.644763 improvement: -0.211669
    min: -0.9275  max: 0.9535 avg: -0.121816
explanation: 
no explanation

34: 9974  label: 1 pred: -0.366255 bl: 0.23565 POSS error_pred: 0.440661 error_bl: 0.229988 improvement: -0.210673
    min: -0.7275  max: 0.4205 avg: 0.13811
explanation: 
no explanation

35: 2902  label: 1 pred: -0.631039 bl: 0.02675 POSS error_pred: 0.689765 error_bl: 0.479291 improvement: -0.210474
    min: -0.6  max: 0.5545 avg: 0.0420217
explanation: 
no explanation

36: 750  label: 1 pred: -0.849351 bl: -0.1436 POSS error_pred: 0.899243 error_bl: 0.697232 improvement: -0.202011
    min: -0.7135  max: 0.38 avg: -0.102057
explanation: 
no explanation

37: 4762  label: 1 pred: -0.883925 bl: -0.1661 POSS error_pred: 0.922342 error_bl: 0.72282 improvement: -0.199522
    min: -0.828  max: 0.274 avg: -0.166959
explanation: 
no explanation

38: 5220  label: 1 pred: -0.725847 bl: -0.06095 POSS error_pred: 0.788929 error_bl: 0.590701 improvement: -0.198228
    min: -0.778  max: 0.391 avg: -0.0551242
explanation: 
no explanation

39: 4117  label: 1 pred: -0.439834 bl: 0.1704 POSS error_pred: 0.497212 error_bl: 0.299283 improvement: -0.197929
    min: -0.494  max: 0.5295 avg: 0.0985721
explanation: 
no explanation

40: 3303  label: 1 pred: -0.34885 bl: 0.23395 POSS error_pred: 0.428116 error_bl: 0.231183 improvement: -0.196933
    min: -0.53  max: 0.8185 avg: 0.216276
explanation: 
no explanation

41: 6428  label: 1 pred: -0.520486 bl: 0.10245 POSS error_pred: 0.57726 error_bl: 0.380725 improvement: -0.196535
    min: -0.702  max: 0.626 avg: 0.230155
explanation: 
no explanation

42: 536  label: 1 pred: -0.287429 bl: 0.27315 POSS error_pred: 0.38869 error_bl: 0.192951 improvement: -0.195739
    min: -0.4475  max: 0.897 avg: 0.264372
explanation: 
no explanation

43: 4214  label: 1 pred: -0.530049 bl: 0.0934 POSS error_pred: 0.587216 error_bl: 0.391677 improvement: -0.19554
    min: -0.6065  max: 0.454 avg: 0.0518931
explanation: 
no explanation

44: 8993  label: 1 pred: -0.494597 bl: 0.12525 POSS error_pred: 0.546396 error_bl: 0.351454 improvement: -0.194942
    min: -0.718  max: 0.6875 avg: 0.243767
explanation: 
no explanation

45: 8271  label: 1 pred: -0.657685 bl: -0.0076 POSS error_pred: 0.717045 error_bl: 0.523497 improvement: -0.193548
    min: -0.6345  max: 0.601 avg: 0.0833163
explanation: 
no explanation

46: 9090  label: 1 pred: -0.706616 bl: -0.04785 POSS error_pred: 0.768021 error_bl: 0.574472 improvement: -0.193548
    min: -0.607  max: 0.46 avg: -0.10109
explanation: 
no explanation

47: 669  label: 1 pred: -0.571845 bl: 0.0598 POSS error_pred: 0.627638 error_bl: 0.435583 improvement: -0.192055
    min: -0.575  max: 0.5735 avg: -0.051083
explanation: 
no explanation

48: 3991  label: 1 pred: -0.297076 bl: 0.2608 POSS error_pred: 0.395261 error_bl: 0.204102 improvement: -0.191159
    min: -0.4995  max: 0.7985 avg: -0.0449257
explanation: 
no explanation

49: 5048  label: 1 pred: -0.206927 bl: 0.31495 POSS error_pred: 0.347073 error_bl: 0.160892 improvement: -0.186181
    min: -0.572  max: 0.6535 avg: 0.136573
explanation: 
no explanation

best entries: 
0: 7534  label: -1 pred: -0.306065 bl: 0.5705 POSS error_pred: 0.103455 error_bl: 0.756227 improvement: 0.652772
1: 657  label: -1 pred: -0.626668 bl: 0.5105 POSS error_pred: 0.0289273 error_bl: 0.671254 improvement: 0.642326
2: 7193  label: -1 pred: -0.407654 bl: 0.49475 POSS error_pred: 0.0773403 error_bl: 0.646043 improvement: 0.568702
3: 363  label: -1 pred: -0.274288 bl: 0.47065 POSS error_pred: 0.110084 error_bl: 0.607372 improvement: 0.497288
4: 9754  label: -1 pred: -0.189047 bl: 0.44215 POSS error_pred: 0.135396 error_bl: 0.560064 improvement: 0.424669
5: 5799  label: -1 pred: 0.474947 bl: 0.75565 POSS error_pred: 0.525914 error_bl: 0.937123 improvement: 0.411209
6: 5369  label: -1 pred: -0.52143 bl: 0.3811 POSS error_pred: 0.0514263 error_bl: 0.45671 improvement: 0.405283
7: 6785  label: -1 pred: 0.255021 bl: 0.5458 POSS error_pred: 0.353154 error_bl: 0.725191 improvement: 0.372037
8: 9694  label: -1 pred: 0.48346 bl: 0.70485 POSS error_pred: 0.533548 error_bl: 0.899759 improvement: 0.366211
9: 222  label: -1 pred: 0.533666 bl: 0.7473 POSS error_pred: 0.577139 error_bl: 0.931298 improvement: 0.354158
10: 6838  label: -1 pred: 0.153595 bl: 0.48985 POSS error_pred: 0.292688 error_bl: 0.63861 improvement: 0.345922
11: 497  label: -1 pred: 0.402842 bl: 0.61105 POSS error_pred: 0.467055 error_bl: 0.808055 improvement: 0.341
12: 6478  label: -1 pred: 0.522585 bl: 0.6926 POSS error_pred: 0.568501 error_bl: 0.889916 improvement: 0.321414
13: 2149  label: -1 pred: 0.223439 bl: 0.4857 POSS error_pred: 0.331659 error_bl: 0.632182 improvement: 0.300522
14: 958  label: -1 pred: 0.491835 bl: 0.63815 POSS error_pred: 0.543994 error_bl: 0.842507 improvement: 0.298513
15: 2133  label: -1 pred: 0.345971 bl: 0.53725 POSS error_pred: 0.416834 error_bl: 0.711029 improvement: 0.294194
16: 6098  label: -1 pred: 0.272153 bl: 0.5023 POSS error_pred: 0.366211 error_bl: 0.658598 improvement: 0.292387
17: 645  label: -1 pred: 0.557897 bl: 0.6913 IMP error_pred: 0.598433 error_bl: 0.887806 improvement: 0.289373
18: 8842  label: -1 pred: 0.545018 bl: 0.65865 POSS error_pred: 0.584974 error_bl: 0.861892 improvement: 0.276918
19: 8852  label: -1 pred: 0.465992 bl: 0.6012 POSS error_pred: 0.517678 error_bl: 0.793692 improvement: 0.276014
20: 5053  label: -1 pred: 0.649524 bl: 0.85825 IMP error_pred: 0.703094 error_bl: 0.978907 improvement: 0.275814
21: 2653  label: -1 pred: 0.211528 bl: 0.46365 POSS error_pred: 0.324026 error_bl: 0.595621 improvement: 0.271595
22: 581  label: -1 pred: 0.542888 bl: 0.65035 POSS error_pred: 0.583166 error_bl: 0.853556 improvement: 0.27039
23: 751  label: -1 pred: 0.664623 bl: 0.86975 IMP error_pred: 0.720771 error_bl: 0.980313 improvement: 0.259542
24: 5582  label: -1 pred: 0.616012 bl: 0.73155 POSS error_pred: 0.661511 error_bl: 0.917738 improvement: 0.256227
25: 6192  label: -1 pred: 0.274065 bl: 0.4775 POSS error_pred: 0.367618 error_bl: 0.617115 improvement: 0.249498
26: 686  label: -1 pred: 0.359911 bl: 0.5108 POSS error_pred: 0.427481 error_bl: 0.671454 improvement: 0.243974
27: 8578  label: -1 pred: 0.596558 bl: 0.68655 IMP error_pred: 0.64082 error_bl: 0.884291 improvement: 0.243471
28: 2192  label: -1 pred: 0.330264 bl: 0.4969 POSS error_pred: 0.407393 error_bl: 0.649458 improvement: 0.242065
29: 6967  label: -1 pred: 0.400145 bl: 0.53375 POSS error_pred: 0.464042 error_bl: 0.705203 improvement: 0.241161
30: 8121  label: -1 pred: 0.540945 bl: 0.6206 IMP error_pred: 0.581358 error_bl: 0.820209 improvement: 0.238851
31: 2234  label: -1 pred: 0.497901 bl: 0.5954 IMP error_pred: 0.548614 error_bl: 0.786862 improvement: 0.238248
32: 8252  label: -1 pred: 0.0281533 bl: 0.38665 POSS error_pred: 0.22961 error_bl: 0.467658 improvement: 0.238047
33: 1891  label: -1 pred: 0.0184946 bl: 0.38375 POSS error_pred: 0.22499 error_bl: 0.462234 improvement: 0.237244
34: 1130  label: -1 pred: 0.60743 bl: 0.69105 IMP error_pred: 0.652471 error_bl: 0.887304 improvement: 0.234833
35: 5232  label: -1 pred: 0.585608 bl: 0.6568 IMP error_pred: 0.628566 error_bl: 0.859984 improvement: 0.231418
36: 2510  label: -1 pred: 0.260541 bl: 0.45885 POSS error_pred: 0.356569 error_bl: 0.587987 improvement: 0.231418
37: 6541  label: -1 pred: 0.580567 bl: 0.65155 POSS error_pred: 0.623343 error_bl: 0.85456 improvement: 0.231217
38: 1953  label: -1 pred: 0.34957 bl: 0.496 POSS error_pred: 0.41824 error_bl: 0.648051 improvement: 0.229811
39: 1333  label: -1 pred: 0.292633 bl: 0.4703 POSS error_pred: 0.379269 error_bl: 0.60687 improvement: 0.227601
40: 2947  label: -1 pred: 0.614246 bl: 0.68375 IMP error_pred: 0.659904 error_bl: 0.88188 improvement: 0.221977
41: 5685  label: -1 pred: 0.297086 bl: 0.4687 POSS error_pred: 0.382885 error_bl: 0.604058 improvement: 0.221173
42: 6151  label: -1 pred: -0.397916 bl: 0.27855 POSS error_pred: 0.0811571 error_bl: 0.301527 improvement: 0.22037
43: 8039  label: -1 pred: -0.191941 bl: 0.31055 POSS error_pred: 0.134793 error_bl: 0.352853 improvement: 0.218059
44: 2849  label: -1 pred: -0.501116 bl: 0.25625 POSS error_pred: 0.0552431 error_bl: 0.271093 improvement: 0.21585
45: 4292  label: -1 pred: 0.108212 bl: 0.3975 POSS error_pred: 0.270791 error_bl: 0.485838 improvement: 0.215046
46: 3934  label: -1 pred: 0.436872 bl: 0.53745 POSS error_pred: 0.497589 error_bl: 0.712033 improvement: 0.214444
47: 8881  label: -1 pred: 0.504737 bl: 0.5809 POSS error_pred: 0.553636 error_bl: 0.767979 improvement: 0.214343
48: 7884  label: -1 pred: 0.387865 bl: 0.5059 POSS error_pred: 0.451989 error_bl: 0.665127 improvement: 0.213138
49: 7231  label: -1 pred: -0.0277654 bl: 0.35665 POSS error_pred: 0.20691 error_bl: 0.419847 improvement: 0.212937

total is 0
score for UNKNOWN: 1.0000 baseline: 1.0000 diff: 0.0000
total is 3347
score for AUTO: 0.0000 baseline: 0.0000 diff: 0.0000
total is 5942
score for POSS: 0.2401 baseline: 0.2389 diff: 0.0011
total is 711
score for IMP: 1.0000 baseline: 1.0000 diff: 0.0000
writing 50000 official test outputs

0%   10   20   30   40   50   60   70   80   90   100%
|----|----|----|----|----|----|----|----|----|----|
***************************************************
scores: [ 0.158141 ]
0.1581 +/-    nan
7187.39user 223.42system 34:29.45elapsed 358%CPU (0avgtext+0avgdata 0maxresident)k
0inputs+1104outputs (0major+83827274minor)pagefaults 0swaps
