loading data...Twoway_Layer::random_fill(): limit = 0.103695 ni = 93 no = 50
Twoway_Layer::random_fill(): limit = 0.141421 ni = 50 no = 1
iter  ---- train ----  ---- test -----
         rmse     auc     rmse     auc
   0  0.52782 0.00000  0.47149 0.00000
   1  0.46187 0.00000  0.45527 0.00000
   2  0.46421 0.00000  0.45048 0.00000
   3  0.44799 0.00000  0.44817 0.00000
   4  0.45354 0.00000  0.44738 0.00000
   5  0.45078 0.00000  0.44687 0.00000
   6  0.44768 0.00000  0.44646 0.00000
   7  0.45104 0.00000  0.44610 0.00000
   8  0.45733 0.00000  0.44576 0.00000
   9  0.44660 0.00000  0.44542 0.00000
  10  0.44207 0.00000  0.44511 0.00000
  11  0.44320 0.00000  0.44483 0.00000
  12  0.45017 0.00000  0.44453 0.00000
  13  0.44697 0.00000  0.44431 0.00000
  14  0.44388 0.00000  0.44408 0.00000
  15  0.45588 0.00000  0.44382 0.00000
  16  0.44042 0.00000  0.44354 0.00000
  17  0.43941 0.00000  0.44333 0.00000
  18  0.43276 0.00000  0.44315 0.00000
  19  0.44105 0.00000  0.44294 0.00000
  20  0.45947 0.00000  0.44279 0.00000
  21  0.44546 0.00000  0.44265 0.00000
  22  0.44089 0.00000  0.44244 0.00000
  23  0.45205 0.00000  0.44229 0.00000
  24  0.43624 0.00000  0.44219 0.00000
  25  0.42984 0.00000  0.44202 0.00000
  26  0.45261 0.00000  0.44189 0.00000
  27  0.44722 0.00000  0.44184 0.00000
  28  0.44813 0.00000  0.44171 0.00000
  29  0.44171 0.00000  0.44158 0.00000
  30  0.44992 0.00000  0.44145 0.00000
  31  0.44108 0.00000  0.44132 0.00000
  32  0.44045 0.00000  0.44123 0.00000
  33  0.45141 0.00000  0.44130 0.00000
  34  0.43670 0.00000  0.44105 0.00000
  35  0.45210 0.00000  0.44096 0.00000
  36  0.43634 0.00000  0.44092 0.00000
  37  0.44695 0.00000  0.44080 0.00000
  38  0.43781 0.00000  0.44071 0.00000
  39  0.45046 0.00000  0.44064 0.00000
  40  0.45007 0.00000  0.44069 0.00000
  41  0.44276 0.00000  0.44056 0.00000
  42  0.43689 0.00000  0.44049 0.00000
  43  0.43760 0.00000  0.44037 0.00000
  44  0.43260 0.00000  0.44031 0.00000
  45  0.44004 0.00000  0.44037 0.00000
  46  0.44488 0.00000  0.44029 0.00000
  47  0.43114 0.00000  0.44016 0.00000
  48  0.44608 0.00000  0.44015 0.00000
  49  0.43695 0.00000  0.44013 0.00000
  50  0.44513 0.00000  0.44009 0.00000
  51  0.44432 0.00000  0.43998 0.00000
  52  0.44682 0.00000  0.43996 0.00000
  53  0.44892 0.00000  0.43991 0.00000
  54  0.43028 0.00000  0.43982 0.00000
  55  0.44453 0.00000  0.43985 0.00000
  56  0.44725 0.00000  0.43991 0.00000
  57  0.43820 0.00000  0.43985 0.00000
  58  0.43760 0.00000  0.43973 0.00000
  59  0.44834 0.00000  0.43970 0.00000
  60  0.44287 0.00000  0.43974 0.00000
  61  0.43230 0.00000  0.43968 0.00000
  62  0.45422 0.00000  0.43968 0.00000
  63  0.44056 0.00000  0.43962 0.00000
  64  0.43437 0.00000  0.43960 0.00000
  65  0.43254 0.00000  0.43954 0.00000
  66  0.44230 0.00000  0.43951 0.00000
  67  0.44133 0.00000  0.43950 0.00000
  68  0.43430 0.00000  0.43953 0.00000
  69  0.44576 0.00000  0.43945 0.00000
  70  0.43612 0.00000  0.43949 0.00000
  71  0.43682 0.00000  0.43933 0.00000
  72  0.44651 0.00000  0.43938 0.00000
  73  0.43953 0.00000  0.43933 0.00000
  74  0.44292 0.00000  0.43935 0.00000
  75  0.42298 0.00000  0.43935 0.00000
  76  0.44260 0.00000  0.43937 0.00000
  77  0.43447 0.00000  0.43936 0.00000
  78  0.44807 0.00000  0.43941 0.00000
  79  0.43193 0.00000  0.43942 0.00000
  80  0.44285 0.00000  0.43936 0.00000
  81  0.43236 0.00000  0.43928 0.00000
  82  0.44720 0.00000  0.43928 0.00000
  83  0.43927 0.00000  0.43928 0.00000
  84  0.44220 0.00000  0.43933 0.00000
  85  0.44247 0.00000  0.43931 0.00000
  86  0.43801 0.00000  0.43923 0.00000
  87  0.42898 0.00000  0.43923 0.00000
  88  0.44135 0.00000  0.43924 0.00000
  89  0.43105 0.00000  0.43922 0.00000
  90  0.43646 0.00000  0.43933 0.00000
  91  0.44302 0.00000  0.43925 0.00000
  92  0.45272 0.00000  0.43936 0.00000
  93  0.42555 0.00000  0.43916 0.00000
  94  0.44054 0.00000  0.43922 0.00000
  95  0.43747 0.00000  0.43918 0.00000
  96  0.43474 0.00000  0.43922 0.00000
  97  0.43992 0.00000  0.43921 0.00000
  98  0.43287 0.00000  0.43919 0.00000
  99  0.44488 0.00000  0.43918 0.00000
 100  0.44560 0.00000  0.43923 0.00000
 101  0.44276 0.00000  0.43922 0.00000
 102  0.43345 0.00000  0.43914 0.00000
 103  0.44516 0.00000  0.43913 0.00000
 104  0.44310 0.00000  0.43911 0.00000
 105  0.44566 0.00000  0.43919 0.00000
 106  0.43583 0.00000  0.43903 0.00000
 107  0.43992 0.00000  0.43904 0.00000
 108  0.43390 0.00000  0.43901 0.00000
 109  0.43492 0.00000  0.43900 0.00000
 110  0.44173 0.00000  0.43901 0.00000
 111  0.44161 0.00000  0.43907 0.00000
 112  0.42719 0.00000  0.43906 0.00000
 113  0.42721 0.00000  0.43903 0.00000
 114  0.42951 0.00000  0.43904 0.00000
 115  0.43345 0.00000  0.43906 0.00000
 116  0.43571 0.00000  0.43907 0.00000
 117  0.43165 0.00000  0.43901 0.00000
 118  0.44052 0.00000  0.43904 0.00000
 119  0.43147 0.00000  0.43906 0.00000
 120  0.43868 0.00000  0.43902 0.00000
 121  0.43628 0.00000  0.43906 0.00000
 122  0.43264 0.00000  0.43910 0.00000
 123  0.43359 0.00000  0.43916 0.00000
 124  0.44488 0.00000  0.43915 0.00000
 125  0.43494 0.00000  0.43915 0.00000
 126  0.43608 0.00000  0.43921 0.00000
 127  0.44248 0.00000  0.43922 0.00000
 128  0.43773 0.00000  0.43917 0.00000
 129  0.43714 0.00000  0.43918 0.00000
 130  0.44426 0.00000  0.43924 0.00000
 131  0.43801 0.00000  0.43927 0.00000
 132  0.44970 0.00000  0.43925 0.00000
 133  0.43565 0.00000  0.43926 0.00000
 134  0.42799 0.00000  0.43929 0.00000
 135  0.44744 0.00000  0.43927 0.00000
 136  0.43781 0.00000  0.43922 0.00000
 137  0.42755 0.00000  0.43924 0.00000
 138  0.43939 0.00000  0.43925 0.00000
 139  0.43940 0.00000  0.43931 0.00000
 140  0.42665 0.00000  0.43930 0.00000
 141  0.45361 0.00000  0.43937 0.00000
 142  0.44519 0.00000  0.43932 0.00000
 143  0.44162 0.00000  0.43935 0.00000
 144  0.45823 0.00000  0.43947 0.00000
 145  0.43418 0.00000  0.43937 0.00000
 146  0.44077 0.00000  0.43946 0.00000
 147  0.43274 0.00000  0.43937 0.00000
 148  0.44073 0.00000  0.43950 0.00000
 149  0.43349 0.00000  0.43943 0.00000
 150  0.44386 0.00000  0.43940 0.00000
 151  0.44546 0.00000  0.43941 0.00000
 152  0.44116 0.00000  0.43941 0.00000
 153  0.44245 0.00000  0.43940 0.00000
 154  0.44886 0.00000  0.43943 0.00000
 155  0.44406 0.00000  0.43948 0.00000
 156  0.44178 0.00000  0.43945 0.00000
 157  0.44331 0.00000  0.43940 0.00000
 158  0.43757 0.00000  0.43943 0.00000
 159  0.43358 0.00000  0.43944 0.00000
 160  0.43206 0.00000  0.43943 0.00000
 161  0.44544 0.00000  0.43937 0.00000
 162  0.43408 0.00000  0.43936 0.00000
 163  0.44482 0.00000  0.43938 0.00000
 164  0.43027 0.00000  0.43939 0.00000
 165  0.44142 0.00000  0.43938 0.00000
 166  0.44544 0.00000  0.43941 0.00000
 167  0.43976 0.00000  0.43945 0.00000
 168  0.44141 0.00000  0.43948 0.00000
 169  0.43224 0.00000  0.43942 0.00000
 170  0.42963 0.00000  0.43947 0.00000
 171  0.44650 0.00000  0.43952 0.00000
 172  0.44741 0.00000  0.43945 0.00000
 173  0.43126 0.00000  0.43949 0.00000
 174  0.44649 0.00000  0.43956 0.00000
 175  0.43625 0.00000  0.43955 0.00000
 176  0.44044 0.00000  0.43954 0.00000
 177  0.43776 0.00000  0.43954 0.00000
 178  0.44552 0.00000  0.43969 0.00000
 179  0.42991 0.00000  0.43960 0.00000
 180  0.44823 0.00000  0.43962 0.00000
 181  0.43429 0.00000  0.43966 0.00000
 182  0.43984 0.00000  0.43965 0.00000
 183  0.43772 0.00000  0.43965 0.00000
 184  0.43090 0.00000  0.43965 0.00000
 185  0.44112 0.00000  0.43970 0.00000
 186  0.43274 0.00000  0.43966 0.00000
 187  0.42929 0.00000  0.43965 0.00000
 188  0.43241 0.00000  0.43968 0.00000
 189  0.43659 0.00000  0.43972 0.00000
 190  0.44565 0.00000  0.43974 0.00000
 191  0.43005 0.00000  0.43969 0.00000
 192  0.44106 0.00000  0.43975 0.00000
 193  0.44494 0.00000  0.43976 0.00000
 194  0.45086 0.00000  0.43982 0.00000
 195  0.42990 0.00000  0.43980 0.00000
 196  0.43884 0.00000  0.43974 0.00000
 197  0.43934 0.00000  0.43973 0.00000
 198  0.43735 0.00000  0.43970 0.00000
 199  0.43670 0.00000  0.43978 0.00000
 200  0.42813 0.00000  0.43973 0.00000
 201  0.44137 0.00000  0.43977 0.00000
 202  0.44481 0.00000  0.43973 0.00000
 203  0.43433 0.00000  0.43979 0.00000
 204  0.44146 0.00000  0.43977 0.00000
 205  0.43744 0.00000  0.43974 0.00000
 206  0.42631 0.00000  0.43967 0.00000
 207  0.42625 0.00000  0.43967 0.00000
 208  0.43671 0.00000  0.43972 0.00000
 209  0.43840 0.00000  0.43974 0.00000
 210  0.43125 0.00000  0.43970 0.00000
 211  0.44809 0.00000  0.43975 0.00000
 212  0.43368 0.00000  0.43975 0.00000
 213  0.43699 0.00000  0.43973 0.00000
 214  0.44299 0.00000  0.43973 0.00000
 215  0.42999 0.00000  0.43973 0.00000
 216  0.44111 0.00000  0.43972 0.00000
 217  0.43235 0.00000  0.43976 0.00000
 218  0.42822 0.00000  0.43978 0.00000
 219  0.43925 0.00000  0.43980 0.00000
 220  0.43711 0.00000  0.43981 0.00000
 221  0.43096 0.00000  0.43980 0.00000
 222  0.43979 0.00000  0.43983 0.00000
 223  0.43378 0.00000  0.43979 0.00000
 224  0.43586 0.00000  0.43980 0.00000
 225  0.43215 0.00000  0.43975 0.00000
 226  0.42718 0.00000  0.43979 0.00000
 227  0.43942 0.00000  0.43975 0.00000
 228  0.44470 0.00000  0.43974 0.00000
 229  0.43673 0.00000  0.43979 0.00000
 230  0.44440 0.00000  0.43979 0.00000
 231  0.43659 0.00000  0.43979 0.00000
 232  0.44340 0.00000  0.43982 0.00000
 233  0.43415 0.00000  0.43980 0.00000
 234  0.43353 0.00000  0.43982 0.00000
 235  0.43710 0.00000  0.43984 0.00000
 236  0.44011 0.00000  0.43976 0.00000
 237  0.43235 0.00000  0.43978 0.00000
 238  0.44014 0.00000  0.43980 0.00000
 239  0.44231 0.00000  0.43974 0.00000
 240  0.43631 0.00000  0.43973 0.00000
 241  0.43783 0.00000  0.43971 0.00000
 242  0.43457 0.00000  0.43972 0.00000
 243  0.43047 0.00000  0.43973 0.00000
 244  0.43207 0.00000  0.43981 0.00000
 245  0.43094 0.00000  0.43983 0.00000
 246  0.43457 0.00000  0.43984 0.00000
 247  0.44103 0.00000  0.43983 0.00000
 248  0.44540 0.00000  0.43982 0.00000
 249  0.43211 0.00000  0.43980 0.00000
 250  0.43770 0.00000  0.43980 0.00000
 251  0.44070 0.00000  0.43977 0.00000
 252  0.42841 0.00000  0.43974 0.00000
 253  0.43450 0.00000  0.43973 0.00000
 254  0.43828 0.00000  0.43973 0.00000
 255  0.43051 0.00000  0.43973 0.00000
 256  0.43521 0.00000  0.43973 0.00000
 257  0.44207 0.00000  0.43976 0.00000
 258  0.43434 0.00000  0.43977 0.00000
 259  0.44397 0.00000  0.43989 0.00000
 260  0.44141 0.00000  0.43982 0.00000
 261  0.43895 0.00000  0.43976 0.00000
 262  0.42959 0.00000  0.43977 0.00000
 263  0.44226 0.00000  0.43978 0.00000
 264  0.44606 0.00000  0.43980 0.00000
 265  0.43318 0.00000  0.43976 0.00000
 266  0.43562 0.00000  0.43978 0.00000
 267  0.43294 0.00000  0.43976 0.00000
 268  0.42902 0.00000  0.43978 0.00000
 269  0.43616 0.00000  0.43976 0.00000
 270  0.42922 0.00000  0.43976 0.00000
 271  0.43986 0.00000  0.43983 0.00000
 272  0.43333 0.00000  0.43981 0.00000
 273  0.43098 0.00000  0.43981 0.00000
 274  0.44200 0.00000  0.43983 0.00000
 275  0.43569 0.00000  0.43989 0.00000
 276  0.44626 0.00000  0.43990 0.00000
 277  0.45113 0.00000  0.43990 0.00000
 278  0.44323 0.00000  0.43988 0.00000
 279  0.43224 0.00000  0.43988 0.00000
 280  0.43465 0.00000  0.43987 0.00000
 281  0.43971 0.00000  0.43984 0.00000
 282  0.43652 0.00000  0.43981 0.00000
 283  0.43641 0.00000  0.43979 0.00000
 284  0.44719 0.00000  0.43980 0.00000
 285  0.44127 0.00000  0.43972 0.00000
 286  0.43978 0.00000  0.43975 0.00000
 287  0.43275 0.00000  0.43976 0.00000
 288  0.44202 0.00000  0.43970 0.00000
 289  0.44078 0.00000  0.43968 0.00000
 290  0.43047 0.00000  0.43967 0.00000
 291  0.43619 0.00000  0.43970 0.00000
 292  0.44691 0.00000  0.43970 0.00000
 293  0.44014 0.00000  0.43969 0.00000
 294  0.42817 0.00000  0.43969 0.00000
 295  0.42911 0.00000  0.43972 0.00000
 296  0.44199 0.00000  0.43971 0.00000
 297  0.43099 0.00000  0.43971 0.00000
 298  0.42835 0.00000  0.43969 0.00000
 299  0.42461 0.00000  0.43966 0.00000
 300  0.44474 0.00000  0.43966 0.00000
 301  0.43870 0.00000  0.43971 0.00000
 302  0.45057 0.00000  0.43974 0.00000
 303  0.44054 0.00000  0.43976 0.00000
 304  0.43758 0.00000  0.43976 0.00000
 305  0.44156 0.00000  0.43977 0.00000
 306  0.43073 0.00000  0.43974 0.00000
 307  0.43963 0.00000  0.43977 0.00000
 308  0.42479 0.00000  0.43982 0.00000
 309  0.43507 0.00000  0.43978 0.00000
 310  0.43963 0.00000  0.43982 0.00000
 311  0.43573 0.00000  0.43981 0.00000
 312  0.42984 0.00000  0.43978 0.00000
 313  0.42856 0.00000  0.43979 0.00000
 314  0.42880 0.00000  0.43982 0.00000
 315  0.42706 0.00000  0.43985 0.00000
 316  0.43585 0.00000  0.43983 0.00000
 317  0.43940 0.00000  0.43978 0.00000
 318  0.43299 0.00000  0.43980 0.00000
 319  0.43341 0.00000  0.43981 0.00000
 320  0.44512 0.00000  0.43985 0.00000
 321  0.42752 0.00000  0.43979 0.00000
 322  0.43421 0.00000  0.43977 0.00000
 323  0.44957 0.00000  0.43976 0.00000
 324  0.43460 0.00000  0.43976 0.00000
 325  0.43599 0.00000  0.43974 0.00000
 326  0.43712 0.00000  0.43983 0.00000
 327  0.42921 0.00000  0.43977 0.00000
 328  0.43258 0.00000  0.43980 0.00000
 329  0.44579 0.00000  0.43982 0.00000
 330  0.43686 0.00000  0.43983 0.00000
 331  0.43723 0.00000  0.43989 0.00000
 332  0.44044 0.00000  0.43981 0.00000
 333  0.44060 0.00000  0.43975 0.00000
 334  0.43590 0.00000  0.43973 0.00000
 335  0.44401 0.00000  0.43975 0.00000
 336  0.43685 0.00000  0.43978 0.00000
 337  0.44225 0.00000  0.43977 0.00000
 338  0.43015 0.00000  0.43973 0.00000
 339  0.43744 0.00000  0.43970 0.00000
 340  0.42716 0.00000  0.43972 0.00000
 341  0.45203 0.00000  0.43972 0.00000
 342  0.43375 0.00000  0.43973 0.00000
 343  0.42663 0.00000  0.43970 0.00000
 344  0.42556 0.00000  0.43971 0.00000
 345  0.44187 0.00000  0.43971 0.00000
 346  0.43334 0.00000  0.43972 0.00000
 347  0.43620 0.00000  0.43971 0.00000
 348  0.44387 0.00000  0.43972 0.00000
 349  0.43386 0.00000  0.43976 0.00000
 350  0.44016 0.00000  0.43973 0.00000
 351  0.42892 0.00000  0.43969 0.00000
 352  0.43324 0.00000  0.43970 0.00000
 353  0.43631 0.00000  0.43971 0.00000
 354  0.43817 0.00000  0.43974 0.00000
 355  0.43810 0.00000  0.43975 0.00000
 356  0.42952 0.00000  0.43972 0.00000
 357  0.43562 0.00000  0.43972 0.00000
 358  0.43370 0.00000  0.43974 0.00000
 359  0.43571 0.00000  0.43970 0.00000
 360  0.43032 0.00000  0.43970 0.00000
 361  0.44228 0.00000  0.43970 0.00000
 362  0.43917 0.00000  0.43971 0.00000
 363  0.43635 0.00000  0.43978 0.00000
 364  0.43154 0.00000  0.43974 0.00000
 365  0.43789 0.00000  0.43971 0.00000
 366  0.43605 0.00000  0.43974 0.00000
 367  0.44003 0.00000  0.43975 0.00000
 368  0.44507 0.00000  0.43987 0.00000
 369  0.43585 0.00000  0.43976 0.00000
 370  0.43867 0.00000  0.43976 0.00000
 371  0.43936 0.00000  0.43969 0.00000
 372  0.43430 0.00000  0.43970 0.00000
 373  0.43783 0.00000  0.43970 0.00000
 374  0.44270 0.00000  0.43968 0.00000
 375  0.43899 0.00000  0.43969 0.00000
 376  0.42548 0.00000  0.43967 0.00000
 377  0.44124 0.00000  0.43975 0.00000
 378  0.43620 0.00000  0.43976 0.00000
 379  0.45216 0.00000  0.43974 0.00000
 380  0.44040 0.00000  0.43976 0.00000
 381  0.44228 0.00000  0.43975 0.00000
 382  0.43213 0.00000  0.43976 0.00000
 383  0.43374 0.00000  0.43968 0.00000
 384  0.43648 0.00000  0.43972 0.00000
 385  0.43913 0.00000  0.43974 0.00000
 386  0.43200 0.00000  0.43977 0.00000
 387  0.43110 0.00000  0.43974 0.00000
 388  0.44036 0.00000  0.43975 0.00000
 389  0.43501 0.00000  0.43976 0.00000
 390  0.43721 0.00000  0.43973 0.00000
 391  0.43272 0.00000  0.43978 0.00000
 392  0.43226 0.00000  0.43973 0.00000
 393  0.44667 0.00000  0.43976 0.00000
 394  0.43130 0.00000  0.43974 0.00000
 395  0.44071 0.00000  0.43976 0.00000
 396  0.43655 0.00000  0.43972 0.00000
 397  0.43255 0.00000  0.43970 0.00000
 398  0.42537 0.00000  0.43969 0.00000
 399  0.44209 0.00000  0.43970 0.00000
 400  0.43319 0.00000  0.43970 0.00000
 401  0.44073 0.00000  0.43971 0.00000
 402  0.45096 0.00000  0.43973 0.00000
 403  0.45401 0.00000  0.43971 0.00000
 404  0.44956 0.00000  0.43971 0.00000
 405  0.42893 0.00000  0.43973 0.00000
 406  0.44304 0.00000  0.43975 0.00000
 407  0.43469 0.00000  0.43971 0.00000
 408  0.43855 0.00000  0.43973 0.00000
 409  0.44467 0.00000  0.43974 0.00000
 410  0.44374 0.00000  0.43976 0.00000
 411  0.42964 0.00000  0.43975 0.00000
 412  0.43096 0.00000  0.43972 0.00000
 413  0.44618 0.00000  0.43976 0.00000
 414  0.44237 0.00000  0.43977 0.00000
 415  0.43398 0.00000  0.43982 0.00000
 416  0.44341 0.00000  0.43983 0.00000
 417  0.42792 0.00000  0.43974 0.00000
 418  0.43442 0.00000  0.43976 0.00000
 419  0.43815 0.00000  0.43974 0.00000
 420  0.43558 0.00000  0.43969 0.00000
 421  0.43853 0.00000  0.43976 0.00000
 422  0.44076 0.00000  0.43973 0.00000
 423  0.43833 0.00000  0.43978 0.00000
 424  0.43336 0.00000  0.43969 0.00000
 425  0.43917 0.00000  0.43972 0.00000
 426  0.44145 0.00000  0.43974 0.00000
 427  0.43161 0.00000  0.43974 0.00000
 428  0.43606 0.00000  0.43973 0.00000
 429  0.43848 0.00000  0.43977 0.00000
 430  0.43571 0.00000  0.43974 0.00000
 431  0.43885 0.00000  0.43978 0.00000
 432  0.44373 0.00000  0.43974 0.00000
 433  0.43923 0.00000  0.43974 0.00000
 434  0.44046 0.00000  0.43973 0.00000
 435  0.43694 0.00000  0.43973 0.00000
 436  0.43586 0.00000  0.43974 0.00000
 437  0.43838 0.00000  0.43972 0.00000
 438  0.44568 0.00000  0.43970 0.00000
 439  0.43759 0.00000  0.43968 0.00000
 440  0.43937 0.00000  0.43966 0.00000
 441  0.43746 0.00000  0.43965 0.00000
 442  0.44773 0.00000  0.43964 0.00000
 443  0.44400 0.00000  0.43964 0.00000
 444  0.42981 0.00000  0.43963 0.00000
 445  0.43591 0.00000  0.43966 0.00000
 446  0.43617 0.00000  0.43967 0.00000
 447  0.42917 0.00000  0.43963 0.00000
 448  0.44232 0.00000  0.43961 0.00000
 449  0.43094 0.00000  0.43962 0.00000
 450  0.44455 0.00000  0.43969 0.00000
 451  0.43685 0.00000  0.43965 0.00000
 452  0.43667 0.00000  0.43965 0.00000
 453  0.44680 0.00000  0.43969 0.00000
 454  0.44207 0.00000  0.43964 0.00000
 455  0.43737 0.00000  0.43963 0.00000
 456  0.43577 0.00000  0.43963 0.00000
 457  0.44624 0.00000  0.43964 0.00000
 458  0.43926 0.00000  0.43967 0.00000
 459  0.44383 0.00000  0.43971 0.00000
 460  0.43369 0.00000  0.43970 0.00000
 461  0.43908 0.00000  0.43970 0.00000
 462  0.43809 0.00000  0.43972 0.00000
 463  0.42957 0.00000  0.43976 0.00000
 464  0.43989 0.00000  0.43975 0.00000
 465  0.44441 0.00000  0.43975 0.00000
 466  0.43700 0.00000  0.43975 0.00000
 467  0.43970 0.00000  0.43980 0.00000
 468  0.43168 0.00000  0.43973 0.00000
 469  0.43495 0.00000  0.43972 0.00000
 470  0.43544 0.00000  0.43974 0.00000
 471  0.43560 0.00000  0.43972 0.00000
 472  0.42982 0.00000  0.43974 0.00000
 473  0.44012 0.00000  0.43974 0.00000
 474  0.43485 0.00000  0.43975 0.00000
 475  0.44165 0.00000  0.43975 0.00000
 476  0.43968 0.00000  0.43977 0.00000
 477  0.43361 0.00000  0.43974 0.00000
 478  0.42165 0.00000  0.43970 0.00000
 479  0.43022 0.00000  0.43969 0.00000
 480  0.44649 0.00000  0.43971 0.00000
 481  0.43700 0.00000  0.43972 0.00000
 482  0.43588 0.00000  0.43969 0.00000
 483  0.43448 0.00000  0.43969 0.00000
 484  0.43883 0.00000  0.43968 0.00000
 485  0.43341 0.00000  0.43969 0.00000
 486  0.43813 0.00000  0.43970 0.00000
 487  0.43084 0.00000  0.43968 0.00000
 488  0.42780 0.00000  0.43974 0.00000
 489  0.43999 0.00000  0.43970 0.00000
 490  0.43820 0.00000  0.43972 0.00000
 491  0.44741 0.00000  0.43988 0.00000
 492  0.44244 0.00000  0.43977 0.00000
 493  0.44259 0.00000  0.43971 0.00000
 494  0.44163 0.00000  0.43977 0.00000
 495  0.44122 0.00000  0.43970 0.00000
 496  0.42921 0.00000  0.43972 0.00000
 497  0.44465 0.00000  0.43974 0.00000
 498  0.42821 0.00000  0.43973 0.00000
 499  0.44563 0.00000  0.43974 0.00000
chose model 1034 L_rmse_1035
chose model 261 L_rmse_262
chose model 135 L_rmse_136
chose model 1106 L_rmse_1107
chose model 741 L_rmse_742
chose model 878 L_rmse_879
chose model 0 L_rmse_1
chose model 307 L_rmse_308
chose model 1150 L_rmse_1151
chose model 86 L_rmse_87
processing 10000 predictions...

0%   10   20   30   40   50   60   70   80   90   100%
|----|----|----|----|----|----|----|----|----|----|
***************************************************
 done.
elapsed: [7352.01s cpu, 5463417.4758 mticks, 2044.14s wall]
score: 0.4442  baseline: 0.4419  diff: 0.00229
category UNKNOWN: count 0 avg error 0 baseline avg error 0 avg improvement 0
category AUTO: count 3291 avg error 0.019953 baseline avg error 0.0190967 avg improvement -0.00085627
category POSS: count 6143 avg error 0.200739 baseline avg error 0.198165 avg improvement -0.0025739
category IMP: count 566 avg error 1.19144 baseline avg error 1.18856 avg improvement -0.00287934
overall: count 10000 avg error 0.197316 baseline avg error 0.19529 avg improvement -0.00202592
worst entries: 
0: 3141  label: 1 pred: -0.283402 bl: -0.21565 IMP error_pred: 1.64712 error_bl: 1.4778 improvement: -0.169317
    min: -0.913  max: 0.2535 avg: -0.309709
explanation: 
no explanation

1: 1304  label: 1 pred: -0.336838 bl: -0.2794 IMP error_pred: 1.78714 error_bl: 1.63686 improvement: -0.150272
    min: -0.964  max: 0.42 avg: -0.372783
explanation: 
no explanation

2: 8269  label: 1 pred: -0.205653 bl: -0.1438 IMP error_pred: 1.4536 error_bl: 1.30828 improvement: -0.14532
    min: -0.7655  max: 0.1575 avg: -0.228217
explanation: 
no explanation

3: 7945  label: 1 pred: -0.249019 bl: -0.1949 IMP error_pred: 1.56005 error_bl: 1.42779 improvement: -0.132264
    min: -0.859  max: 0.1975 avg: -0.247744
explanation: 
no explanation

4: 8386  label: 1 pred: 0.0183254 bl: 0.08455 POSS error_pred: 0.963685 error_bl: 0.838049 improvement: -0.125636
    min: -0.8545  max: 0.509 avg: -0.092391
explanation: 
no explanation

5: 5057  label: 1 pred: -0.169841 bl: -0.1159 POSS error_pred: 1.36853 error_bl: 1.24523 improvement: -0.123296
    min: -0.9085  max: 0.519 avg: -0.221505
explanation: 
no explanation

6: 1890  label: -1 pred: 0.116449 bl: 0.05995 IMP error_pred: 1.24646 error_bl: 1.12349 improvement: -0.122964
    min: -0.2325  max: 0.754 avg: 0.221467
explanation: 
no explanation

7: 2145  label: -1 pred: 0.294505 bl: 0.2472 IMP error_pred: 1.67574 error_bl: 1.55551 improvement: -0.120236
    min: 0.109  max: 0.58 avg: 0.344524
explanation: 
no explanation

8: 7658  label: -1 pred: 0.471636 bl: 0.4307 IMP error_pred: 2.16571 error_bl: 2.0469 improvement: -0.11881
    min: 0.1395  max: 1 avg: 0.64067
explanation: 
no explanation

9: 559  label: 1 pred: -0.246476 bl: -0.198 IMP error_pred: 1.5537 error_bl: 1.4352 improvement: -0.118499
    min: -0.83  max: 0.208 avg: -0.233874
explanation: 
no explanation

10: 3633  label: 1 pred: 0.0923775 bl: 0.16015 POSS error_pred: 0.823779 error_bl: 0.705348 improvement: -0.11843
    min: -0.9275  max: 0.621 avg: 0.0872941
explanation: 
no explanation

11: 7670  label: -1 pred: 0.276302 bl: 0.2324 IMP error_pred: 1.62895 error_bl: 1.51881 improvement: -0.110136
    min: 0.033  max: 0.614 avg: 0.285769
explanation: 
no explanation

12: 6439  label: -1 pred: 0.157327 bl: 0.10945 IMP error_pred: 1.3394 error_bl: 1.23088 improvement: -0.108526
    min: -0.1845  max: 0.823 avg: 0.177034
explanation: 
no explanation

13: 2700  label: -1 pred: 0.439374 bl: 0.40315 IMP error_pred: 2.0718 error_bl: 1.96883 improvement: -0.102967
    min: 0.173  max: 0.826 avg: 0.481851
explanation: 
no explanation

14: 99  label: -1 pred: 0.163454 bl: 0.11875 IMP error_pred: 1.35363 error_bl: 1.2516 improvement: -0.102024
    min: -0.194  max: 0.6845 avg: 0.210373
explanation: 
no explanation

15: 9992  label: -1 pred: 0.34528 bl: 0.30705 IMP error_pred: 1.80978 error_bl: 1.70838 improvement: -0.101399
    min: 0.0855  max: 0.6335 avg: 0.361503
explanation: 
no explanation

16: 5043  label: -1 pred: 0.241347 bl: 0.20015 IMP error_pred: 1.54094 error_bl: 1.44036 improvement: -0.100582
    min: -0.083  max: 0.64 avg: 0.257493
explanation: 
no explanation

17: 3713  label: 1 pred: 0.445821 bl: 0.5438 POSS error_pred: 0.307114 error_bl: 0.208118 improvement: -0.098996
    min: -0.81  max: 0.8005 avg: 0.389515
explanation: 
no explanation

18: 3314  label: 1 pred: 0.421575 bl: 0.5142 POSS error_pred: 0.334575 error_bl: 0.236002 improvement: -0.0985732
    min: -0.7995  max: 1 avg: 0.383374
explanation: 
no explanation

19: 2036  label: -0.5 pred: 0.251879 bl: 0.1846 IMP error_pred: 0.565323 error_bl: 0.468677 improvement: -0.0966454
    min: 0.034  max: 0.7275 avg: 0.318734
explanation: 
no explanation

20: 6144  label: -1 pred: 0.139358 bl: 0.0962 IMP error_pred: 1.29814 error_bl: 1.20165 improvement: -0.0964831
    min: -0.078  max: 0.5485 avg: 0.11795
explanation: 
no explanation

21: 5094  label: -0.5 pred: 0.181848 bl: 0.10945 POSS error_pred: 0.464917 error_bl: 0.371429 improvement: -0.0934876
    min: -0.107  max: 0.8275 avg: 0.282952
explanation: 
no explanation

22: 1767  label: 1 pred: 0.417553 bl: 0.5032 POSS error_pred: 0.339244 error_bl: 0.24681 improvement: -0.0924342
    min: -0.7425  max: 0.957 avg: 0.471652
explanation: 
no explanation

23: 2778  label: -1 pred: 0.248265 bl: 0.21095 IMP error_pred: 1.55817 error_bl: 1.4664 improvement: -0.0917662
    min: -0.0295  max: 0.578 avg: 0.245148
explanation: 
no explanation

24: 3558  label: -1 pred: 0.0511414 bl: 0.0067 IMP error_pred: 1.1049 error_bl: 1.01345 improvement: -0.0914532
    min: -0.3655  max: 0.6725 avg: 0.160916
explanation: 
no explanation

25: 9976  label: 1 pred: 0.516532 bl: 0.62205 POSS error_pred: 0.233741 error_bl: 0.142846 improvement: -0.0908953
    min: -0.8755  max: 0.9175 avg: 0.528347
explanation: 
no explanation

26: 3481  label: -1 pred: 0.162974 bl: 0.12325 IMP error_pred: 1.35251 error_bl: 1.26169 improvement: -0.0908169
    min: -0.164  max: 0.5685 avg: 0.241805
explanation: 
no explanation

27: 5734  label: 1 pred: 0.546884 bl: 0.661 POSS error_pred: 0.205314 error_bl: 0.114921 improvement: -0.0903931
    min: -0.447  max: 1 avg: 0.375189
explanation: 
no explanation

28: 4272  label: 1 pred: 0.481935 bl: 0.57705 POSS error_pred: 0.268392 error_bl: 0.178887 improvement: -0.0895051
    min: -0.8165  max: 0.9855 avg: 0.540786
explanation: 
no explanation

29: 4754  label: 1 pred: 0.498941 bl: 0.5979 POSS error_pred: 0.25106 error_bl: 0.161684 improvement: -0.0893759
    min: -0.9275  max: 0.9405 avg: 0.586949
explanation: 
no explanation

30: 9027  label: -1 pred: 0.228433 bl: 0.1916 IMP error_pred: 1.50905 error_bl: 1.41991 improvement: -0.0891384
    min: -0.0265  max: 0.5825 avg: 0.186884
explanation: 
no explanation

31: 7466  label: 1 pred: -0.00361952 bl: 0.04165 IMP error_pred: 1.00725 error_bl: 0.918435 improvement: -0.0888175
    min: -0.962  max: 0.469 avg: 0.0379101
explanation: 
no explanation

32: 9751  label: -1 pred: 0.31267 bl: 0.27845 IMP error_pred: 1.7231 error_bl: 1.63443 improvement: -0.0886672
    min: 0.0465  max: 0.6045 avg: 0.33281
explanation: 
no explanation

33: 4422  label: -1 pred: 0.223273 bl: 0.1865 IMP error_pred: 1.4964 error_bl: 1.40778 improvement: -0.0886153
    min: -0.1  max: 0.693 avg: 0.25615
explanation: 
no explanation

34: 1327  label: 1 pred: 0.356403 bl: 0.42815 POSS error_pred: 0.414217 error_bl: 0.327012 improvement: -0.0872047
    min: -0.9275  max: 0.9245 avg: 0.385701
explanation: 
no explanation

35: 7396  label: -0.5 pred: 0.339508 bl: 0.2861 IMP error_pred: 0.704774 error_bl: 0.617953 improvement: -0.086821
    min: 0.161  max: 0.65 avg: 0.39924
explanation: 
no explanation

36: 5059  label: 1 pred: 0.292051 bl: 0.3558 POSS error_pred: 0.501192 error_bl: 0.414994 improvement: -0.0861984
    min: -0.6605  max: 0.961 avg: 0.17278
explanation: 
no explanation

37: 9822  label: -1 pred: 0.200771 bl: 0.1646 IMP error_pred: 1.44185 error_bl: 1.35629 improvement: -0.0855569
    min: -0.0575  max: 0.5605 avg: 0.177756
explanation: 
no explanation

38: 2335  label: -1 pred: 0.0390407 bl: -0.0027 IMP error_pred: 1.07961 error_bl: 0.994607 improvement: -0.0849983
    min: -0.1885  max: 0.54 avg: -0.0234548
explanation: 
no explanation

39: 2732  label: 1 pred: -0.0731058 bl: -0.0328 IMP error_pred: 1.15156 error_bl: 1.06668 improvement: -0.0848804
    min: -0.66  max: 0.239 avg: -0.050427
explanation: 
no explanation

40: 6640  label: 1 pred: 0.532174 bl: 0.63305 POSS error_pred: 0.218861 error_bl: 0.134652 improvement: -0.0842088
    min: -0.56  max: 1 avg: 0.433626
explanation: 
no explanation

41: 1849  label: -1 pred: 0.0175221 bl: -0.02445 IMP error_pred: 1.03535 error_bl: 0.951698 improvement: -0.0836535
    min: -0.19  max: 0.389 avg: 0.113903
explanation: 
no explanation

42: 3118  label: 1 pred: -0.396392 bl: -0.3664 IMP error_pred: 1.94991 error_bl: 1.86705 improvement: -0.0828626
    min: -0.788  max: 0.1055 avg: -0.347621
explanation: 
no explanation

43: 9458  label: -1 pred: 0.233714 bl: 0.2 IMP error_pred: 1.52205 error_bl: 1.44 improvement: -0.082051
    min: -0.1245  max: 0.7335 avg: 0.251403
explanation: 
no explanation

44: 8649  label: -1 pred: 0.37473 bl: 0.3447 IMP error_pred: 1.88988 error_bl: 1.80822 improvement: -0.0816636
    min: 0.0225  max: 0.8075 avg: 0.32149
explanation: 
no explanation

45: 8500  label: 1 pred: 0.181089 bl: 0.23235 POSS error_pred: 0.670614 error_bl: 0.589287 improvement: -0.0813279
    min: -0.637  max: 0.589 avg: 0.110415
explanation: 
no explanation

46: 5446  label: -1 pred: 0.422076 bl: 0.3936 IMP error_pred: 2.0223 error_bl: 1.94212 improvement: -0.0801803
    min: 0.177  max: 0.6555 avg: 0.400962
explanation: 
no explanation

47: 2932  label: 1 pred: 0.488123 bl: 0.57345 POSS error_pred: 0.262018 error_bl: 0.181945 improvement: -0.0800727
    min: -0.3935  max: 0.937 avg: 0.339713
explanation: 
no explanation

48: 8322  label: -0.5 pred: 0.181022 bl: 0.1198 POSS error_pred: 0.46379 error_bl: 0.384152 improvement: -0.0796385
    min: -0.0405  max: 0.686 avg: 0.23192
explanation: 
no explanation

49: 193  label: -0.5 pred: 0.266606 bl: 0.21285 POSS error_pred: 0.587684 error_bl: 0.508155 improvement: -0.079529
    min: -0.0445  max: 0.761 avg: 0.358371
explanation: 
no explanation

best entries: 
0: 8920  label: -1 pred: 0.73033 bl: 0.90015 IMP error_pred: 2.99404 error_bl: 3.61057 improvement: 0.616527
1: 6142  label: -1 pred: 0.837199 bl: 0.95195 IMP error_pred: 3.3753 error_bl: 3.81011 improvement: 0.434809
2: 3697  label: -1 pred: 0.829846 bl: 0.93965 IMP error_pred: 3.34834 error_bl: 3.76224 improvement: 0.413907
3: 8914  label: -1 pred: 0.55999 bl: 0.6812 IMP error_pred: 2.43357 error_bl: 2.82643 improvement: 0.392866
4: 3601  label: -1 pred: 0.746751 bl: 0.8256 IMP error_pred: 3.05114 error_bl: 3.33282 improvement: 0.281677
5: 5768  label: -1 pred: 0.612933 bl: 0.6919 IMP error_pred: 2.60155 error_bl: 2.86253 improvement: 0.260975
6: 3527  label: 0 pred: 0.829886 bl: 0.9732 POSS error_pred: 0.688711 error_bl: 0.947118 improvement: 0.258407
7: 4335  label: -1 pred: 0.726129 bl: 0.7993 IMP error_pred: 2.97952 error_bl: 3.23748 improvement: 0.25796
8: 5995  label: -1 pred: 0.751893 bl: 0.82345 IMP error_pred: 3.06913 error_bl: 3.32497 improvement: 0.255841
9: 8467  label: -1 pred: 0.713862 bl: 0.78395 IMP error_pred: 2.93732 error_bl: 3.18248 improvement: 0.245156
10: 9566  label: 0 pred: 0.856696 bl: 0.98855 IMP error_pred: 0.733928 error_bl: 0.977231 improvement: 0.243303
11: 1736  label: -0.5 pred: 0.764602 bl: 0.8495 IMP error_pred: 1.59922 error_bl: 1.82115 improvement: 0.221933
12: 5597  label: -0.5 pred: 0.744491 bl: 0.8175 IMP error_pred: 1.54876 error_bl: 1.73581 improvement: 0.187049
13: 9207  label: 0 pred: 0.794517 bl: 0.9 IMP error_pred: 0.631257 error_bl: 0.81 improvement: 0.178743
14: 4256  label: 0 pred: 0.787795 bl: 0.8933 POSS error_pred: 0.620621 error_bl: 0.797985 improvement: 0.177364
15: 2441  label: -1 pred: 0.124226 bl: 0.19995 POSS error_pred: 1.26389 error_bl: 1.43988 improvement: 0.175995
16: 7193  label: -0.5 pred: 0.718459 bl: 0.78775 IMP error_pred: 1.48464 error_bl: 1.6583 improvement: 0.173657
17: 8866  label: -1 pred: 0.671295 bl: 0.7221 IMP error_pred: 2.79323 error_bl: 2.96563 improvement: 0.1724
18: 8361  label: 0 pred: 0.810353 bl: 0.90915 IMP error_pred: 0.656672 error_bl: 0.826554 improvement: 0.169882
19: 9712  label: 0 pred: 0.774848 bl: 0.8745 POSS error_pred: 0.600389 error_bl: 0.76475 improvement: 0.164362
20: 1191  label: -1 pred: 0.68594 bl: 0.73395 IMP error_pred: 2.84239 error_bl: 3.00658 improvement: 0.164189
21: 1013  label: 0 pred: 0.79649 bl: 0.89275 POSS error_pred: 0.634396 error_bl: 0.797003 improvement: 0.162607
22: 3786  label: 0 pred: 0.797745 bl: 0.8919 IMP error_pred: 0.636397 error_bl: 0.795486 improvement: 0.159089
23: 3777  label: 0 pred: 0.789138 bl: 0.8824 POSS error_pred: 0.622738 error_bl: 0.77863 improvement: 0.155891
24: 8533  label: -1 pred: 0.47995 bl: 0.53145 IMP error_pred: 2.19025 error_bl: 2.34534 improvement: 0.155087
25: 8218  label: 0 pred: 0.788704 bl: 0.8814 POSS error_pred: 0.622053 error_bl: 0.776866 improvement: 0.154813
26: 6232  label: 0 pred: 0.754409 bl: 0.84855 POSS error_pred: 0.569133 error_bl: 0.720037 improvement: 0.150904
27: 1398  label: -1 pred: 0.658746 bl: 0.70345 IMP error_pred: 2.75144 error_bl: 2.90174 improvement: 0.150303
28: 1915  label: 0 pred: 0.78365 bl: 0.87195 POSS error_pred: 0.614108 error_bl: 0.760297 improvement: 0.146189
29: 9875  label: 1 pred: -0.265564 bl: -0.322 POSS error_pred: 1.60165 error_bl: 1.74768 improvement: 0.146031
30: 4306  label: -1 pred: 0.501108 bl: 0.54745 IMP error_pred: 2.25332 error_bl: 2.3946 improvement: 0.141278
31: 4152  label: 0 pred: 0.801251 bl: 0.88465 IMP error_pred: 0.642004 error_bl: 0.782606 improvement: 0.140602
32: 1616  label: -1 pred: 0.550012 bl: 0.59435 IMP error_pred: 2.40254 error_bl: 2.54195 improvement: 0.139414
33: 3836  label: 1 pred: -0.150971 bl: -0.2099 POSS error_pred: 1.32473 error_bl: 1.46386 improvement: 0.139125
34: 5519  label: 0 pred: 0.784951 bl: 0.8688 IMP error_pred: 0.616148 error_bl: 0.754813 improvement: 0.138666
35: 4244  label: -1 pred: 0.674057 bl: 0.71485 IMP error_pred: 2.80247 error_bl: 2.94071 improvement: 0.138243
36: 2202  label: -0.5 pred: 0.667238 bl: 0.72485 IMP error_pred: 1.36245 error_bl: 1.50026 improvement: 0.137812
37: 8034  label: 1 pred: 0.0267266 bl: -0.03935 POSS error_pred: 0.947261 error_bl: 1.08025 improvement: 0.132987
38: 7811  label: 0 pred: 0.779569 bl: 0.8588 IMP error_pred: 0.607728 error_bl: 0.737537 improvement: 0.12981
39: 1294  label: 0 pred: 0.681214 bl: 0.7688 POSS error_pred: 0.464053 error_bl: 0.591053 improvement: 0.127
40: 4446  label: -1 pred: 0.547656 bl: 0.58805 IMP error_pred: 2.39524 error_bl: 2.5219 improvement: 0.126664
41: 9053  label: 0 pred: 0.762372 bl: 0.8407 POSS error_pred: 0.581212 error_bl: 0.706777 improvement: 0.125565
42: 1259  label: -0.5 pred: 0.600021 bl: 0.6549 POSS error_pred: 1.21005 error_bl: 1.33379 improvement: 0.123747
43: 2673  label: 0 pred: 0.774208 bl: 0.8496 IMP error_pred: 0.599399 error_bl: 0.72182 improvement: 0.122422
44: 9555  label: -1 pred: 0.00191139 bl: 0.0602 POSS error_pred: 1.00383 error_bl: 1.12402 improvement: 0.120198
45: 9602  label: -0.5 pred: -0.757207 bl: -0.9315 POSS error_pred: 0.0661555 error_bl: 0.186192 improvement: 0.120037
46: 8997  label: 0 pred: 0.761092 bl: 0.83575 POSS error_pred: 0.579261 error_bl: 0.698478 improvement: 0.119217
47: 6761  label: 0.5 pred: 0.822563 bl: 0.9724 POSS error_pred: 0.104047 error_bl: 0.223162 improvement: 0.119115
48: 1852  label: 0 pred: 0.740108 bl: 0.8164 POSS error_pred: 0.54776 error_bl: 0.666509 improvement: 0.118749
49: 7953  label: 0 pred: 0.698089 bl: 0.7777 POSS error_pred: 0.487328 error_bl: 0.604817 improvement: 0.11749

total is 0
score for UNKNOWN: nan baseline: nan diff:    nan
total is 3291
score for AUTO: 0.1413 baseline: 0.1382 diff: 0.0031
total is 6143
score for POSS: 0.4480 baseline: 0.4452 diff: 0.0029
total is 566
score for IMP: 1.0915 baseline: 1.0902 diff: 0.0013
writing 50000 official test outputs

0%   10   20   30   40   50   60   70   80   90   100%
|----|----|----|----|----|----|----|----|----|----|
***************************************************
scores: [ 0.444203 ]
0.4442 +/-    nan
7158.33user 219.64system 34:16.31elapsed 358%CPU (0avgtext+0avgdata 0maxresident)k
0inputs+1104outputs (0major+81713014minor)pagefaults 0swaps
