loading data...Twoway_Layer::random_fill(): limit = 0.103695 ni = 93 no = 50
Twoway_Layer::random_fill(): limit = 0.141421 ni = 50 no = 1
iter  ---- train ----  ---- test -----
         rmse     auc     rmse     auc
   0  0.61412 0.00000  0.52293 0.00000
   1  0.49333 0.00000  0.46903 0.00000
   2  0.46192 0.00000  0.45257 0.00000
   3  0.44858 0.00000  0.44741 0.00000
   4  0.44597 0.00000  0.44487 0.00000
   5  0.44460 0.00000  0.44385 0.00000
   6  0.44491 0.00000  0.44341 0.00000
   7  0.44288 0.00000  0.44314 0.00000
   8  0.44065 0.00000  0.44292 0.00000
   9  0.44027 0.00000  0.44284 0.00000
  10  0.44312 0.00000  0.44278 0.00000
  11  0.43691 0.00000  0.44261 0.00000
  12  0.44595 0.00000  0.44242 0.00000
  13  0.43135 0.00000  0.44225 0.00000
  14  0.45056 0.00000  0.44228 0.00000
  15  0.44372 0.00000  0.44210 0.00000
  16  0.44468 0.00000  0.44203 0.00000
  17  0.43960 0.00000  0.44189 0.00000
  18  0.43845 0.00000  0.44181 0.00000
  19  0.43850 0.00000  0.44172 0.00000
  20  0.44312 0.00000  0.44157 0.00000
  21  0.43480 0.00000  0.44151 0.00000
  22  0.44586 0.00000  0.44154 0.00000
  23  0.43817 0.00000  0.44142 0.00000
  24  0.44363 0.00000  0.44143 0.00000
  25  0.43945 0.00000  0.44130 0.00000
  26  0.44090 0.00000  0.44114 0.00000
  27  0.44661 0.00000  0.44123 0.00000
  28  0.44959 0.00000  0.44120 0.00000
  29  0.43653 0.00000  0.44100 0.00000
  30  0.44125 0.00000  0.44092 0.00000
  31  0.43895 0.00000  0.44083 0.00000
  32  0.44729 0.00000  0.44084 0.00000
  33  0.44108 0.00000  0.44073 0.00000
  34  0.44258 0.00000  0.44085 0.00000
  35  0.44607 0.00000  0.44066 0.00000
  36  0.44304 0.00000  0.44055 0.00000
  37  0.44030 0.00000  0.44054 0.00000
  38  0.43436 0.00000  0.44049 0.00000
  39  0.43859 0.00000  0.44048 0.00000
  40  0.43494 0.00000  0.44038 0.00000
  41  0.43340 0.00000  0.44037 0.00000
  42  0.44384 0.00000  0.44032 0.00000
  43  0.43840 0.00000  0.44027 0.00000
  44  0.43614 0.00000  0.44024 0.00000
  45  0.44405 0.00000  0.44030 0.00000
  46  0.44105 0.00000  0.44020 0.00000
  47  0.43518 0.00000  0.44016 0.00000
  48  0.44474 0.00000  0.44020 0.00000
  49  0.43648 0.00000  0.44015 0.00000
  50  0.43429 0.00000  0.44012 0.00000
  51  0.44293 0.00000  0.44017 0.00000
  52  0.44165 0.00000  0.44023 0.00000
  53  0.43326 0.00000  0.44010 0.00000
  54  0.44138 0.00000  0.44018 0.00000
  55  0.42799 0.00000  0.44006 0.00000
  56  0.43721 0.00000  0.44000 0.00000
  57  0.44473 0.00000  0.43998 0.00000
  58  0.44071 0.00000  0.43999 0.00000
  59  0.43575 0.00000  0.43988 0.00000
  60  0.43352 0.00000  0.43993 0.00000
  61  0.43769 0.00000  0.43999 0.00000
  62  0.44129 0.00000  0.44000 0.00000
  63  0.43909 0.00000  0.43996 0.00000
  64  0.43485 0.00000  0.43991 0.00000
  65  0.43304 0.00000  0.43984 0.00000
  66  0.44178 0.00000  0.43982 0.00000
  67  0.43550 0.00000  0.43985 0.00000
  68  0.43216 0.00000  0.43990 0.00000
  69  0.43764 0.00000  0.43992 0.00000
  70  0.44280 0.00000  0.43987 0.00000
  71  0.43650 0.00000  0.43990 0.00000
  72  0.43301 0.00000  0.43986 0.00000
  73  0.42863 0.00000  0.43981 0.00000
  74  0.43680 0.00000  0.43975 0.00000
  75  0.43943 0.00000  0.43985 0.00000
  76  0.43429 0.00000  0.43982 0.00000
  77  0.43818 0.00000  0.43979 0.00000
  78  0.43981 0.00000  0.43980 0.00000
  79  0.43809 0.00000  0.43977 0.00000
  80  0.43659 0.00000  0.43978 0.00000
  81  0.44238 0.00000  0.43976 0.00000
  82  0.43502 0.00000  0.43971 0.00000
  83  0.43584 0.00000  0.43967 0.00000
  84  0.43581 0.00000  0.43971 0.00000
  85  0.42853 0.00000  0.43969 0.00000
  86  0.44086 0.00000  0.43977 0.00000
  87  0.44862 0.00000  0.43977 0.00000
  88  0.43761 0.00000  0.43973 0.00000
  89  0.43849 0.00000  0.43970 0.00000
  90  0.44071 0.00000  0.43972 0.00000
  91  0.43739 0.00000  0.43970 0.00000
  92  0.43796 0.00000  0.43971 0.00000
  93  0.44249 0.00000  0.43981 0.00000
  94  0.44180 0.00000  0.43999 0.00000
  95  0.43948 0.00000  0.43989 0.00000
  96  0.43690 0.00000  0.43986 0.00000
  97  0.43858 0.00000  0.43982 0.00000
  98  0.43604 0.00000  0.43980 0.00000
  99  0.43690 0.00000  0.43975 0.00000
 100  0.43107 0.00000  0.43975 0.00000
 101  0.44148 0.00000  0.43973 0.00000
 102  0.43039 0.00000  0.43963 0.00000
 103  0.43905 0.00000  0.43964 0.00000
 104  0.44417 0.00000  0.43974 0.00000
 105  0.43895 0.00000  0.43979 0.00000
 106  0.43399 0.00000  0.43975 0.00000
 107  0.44268 0.00000  0.43980 0.00000
 108  0.43216 0.00000  0.43977 0.00000
 109  0.44090 0.00000  0.43983 0.00000
 110  0.43480 0.00000  0.43983 0.00000
 111  0.44308 0.00000  0.43982 0.00000
 112  0.43602 0.00000  0.43974 0.00000
 113  0.44354 0.00000  0.43976 0.00000
 114  0.44003 0.00000  0.43984 0.00000
 115  0.43478 0.00000  0.43982 0.00000
 116  0.43753 0.00000  0.43976 0.00000
 117  0.44059 0.00000  0.43975 0.00000
 118  0.44356 0.00000  0.43978 0.00000
 119  0.44150 0.00000  0.43978 0.00000
 120  0.44739 0.00000  0.43986 0.00000
 121  0.43970 0.00000  0.43983 0.00000
 122  0.43498 0.00000  0.43976 0.00000
 123  0.43838 0.00000  0.43978 0.00000
 124  0.43363 0.00000  0.43982 0.00000
 125  0.43690 0.00000  0.43980 0.00000
 126  0.43956 0.00000  0.43984 0.00000
 127  0.43921 0.00000  0.43983 0.00000
 128  0.43252 0.00000  0.43985 0.00000
 129  0.44254 0.00000  0.43989 0.00000
 130  0.44203 0.00000  0.43991 0.00000
 131  0.44436 0.00000  0.43985 0.00000
 132  0.44640 0.00000  0.43995 0.00000
 133  0.44268 0.00000  0.44000 0.00000
 134  0.43729 0.00000  0.43991 0.00000
 135  0.44208 0.00000  0.43995 0.00000
 136  0.44062 0.00000  0.43995 0.00000
 137  0.43882 0.00000  0.43996 0.00000
 138  0.43725 0.00000  0.43996 0.00000
 139  0.43922 0.00000  0.43998 0.00000
 140  0.44354 0.00000  0.44002 0.00000
 141  0.44711 0.00000  0.44002 0.00000
 142  0.44351 0.00000  0.44006 0.00000
 143  0.44019 0.00000  0.44006 0.00000
 144  0.43968 0.00000  0.44002 0.00000
 145  0.44381 0.00000  0.44002 0.00000
 146  0.43627 0.00000  0.44003 0.00000
 147  0.44400 0.00000  0.44004 0.00000
 148  0.43507 0.00000  0.43999 0.00000
 149  0.43857 0.00000  0.43999 0.00000
 150  0.43947 0.00000  0.43999 0.00000
 151  0.43932 0.00000  0.43991 0.00000
 152  0.43614 0.00000  0.43989 0.00000
 153  0.43922 0.00000  0.43990 0.00000
 154  0.44254 0.00000  0.43995 0.00000
 155  0.43846 0.00000  0.43994 0.00000
 156  0.43920 0.00000  0.43994 0.00000
 157  0.44416 0.00000  0.44000 0.00000
 158  0.43834 0.00000  0.43998 0.00000
 159  0.43708 0.00000  0.43990 0.00000
 160  0.43667 0.00000  0.43997 0.00000
 161  0.43540 0.00000  0.43995 0.00000
 162  0.44377 0.00000  0.44001 0.00000
 163  0.44375 0.00000  0.43997 0.00000
 164  0.43284 0.00000  0.43998 0.00000
 165  0.44112 0.00000  0.44000 0.00000
 166  0.43909 0.00000  0.44001 0.00000
 167  0.43213 0.00000  0.43995 0.00000
 168  0.43714 0.00000  0.43995 0.00000
 169  0.44090 0.00000  0.43997 0.00000
 170  0.44231 0.00000  0.44004 0.00000
 171  0.44338 0.00000  0.44004 0.00000
 172  0.43969 0.00000  0.43999 0.00000
 173  0.44154 0.00000  0.44000 0.00000
 174  0.43925 0.00000  0.44007 0.00000
 175  0.43711 0.00000  0.44005 0.00000
 176  0.43392 0.00000  0.44002 0.00000
 177  0.43823 0.00000  0.43998 0.00000
 178  0.43769 0.00000  0.44000 0.00000
 179  0.44450 0.00000  0.44003 0.00000
 180  0.43754 0.00000  0.44011 0.00000
 181  0.43766 0.00000  0.44013 0.00000
 182  0.43722 0.00000  0.44011 0.00000
 183  0.43861 0.00000  0.44012 0.00000
 184  0.44287 0.00000  0.44015 0.00000
 185  0.44158 0.00000  0.44013 0.00000
 186  0.44447 0.00000  0.44015 0.00000
 187  0.43752 0.00000  0.44010 0.00000
 188  0.44085 0.00000  0.44006 0.00000
 189  0.44187 0.00000  0.44003 0.00000
 190  0.44040 0.00000  0.44008 0.00000
 191  0.44020 0.00000  0.44006 0.00000
 192  0.44249 0.00000  0.44014 0.00000
 193  0.43797 0.00000  0.44017 0.00000
 194  0.43494 0.00000  0.44011 0.00000
 195  0.43492 0.00000  0.44006 0.00000
 196  0.43755 0.00000  0.44001 0.00000
 197  0.44570 0.00000  0.44008 0.00000
 198  0.43458 0.00000  0.44005 0.00000
 199  0.43820 0.00000  0.44005 0.00000
 200  0.43834 0.00000  0.44001 0.00000
 201  0.43869 0.00000  0.44004 0.00000
 202  0.44349 0.00000  0.44009 0.00000
 203  0.44139 0.00000  0.44008 0.00000
 204  0.44434 0.00000  0.44016 0.00000
 205  0.44093 0.00000  0.44020 0.00000
 206  0.43695 0.00000  0.44011 0.00000
 207  0.43804 0.00000  0.44006 0.00000
 208  0.43332 0.00000  0.44006 0.00000
 209  0.43522 0.00000  0.44011 0.00000
 210  0.44161 0.00000  0.44000 0.00000
 211  0.44097 0.00000  0.44000 0.00000
 212  0.43309 0.00000  0.43995 0.00000
 213  0.44223 0.00000  0.44000 0.00000
 214  0.43646 0.00000  0.44000 0.00000
 215  0.43620 0.00000  0.43999 0.00000
 216  0.43940 0.00000  0.44000 0.00000
 217  0.43952 0.00000  0.44005 0.00000
 218  0.44252 0.00000  0.44011 0.00000
 219  0.44370 0.00000  0.44009 0.00000
 220  0.43753 0.00000  0.44015 0.00000
 221  0.44294 0.00000  0.44015 0.00000
 222  0.44027 0.00000  0.44007 0.00000
 223  0.43263 0.00000  0.44004 0.00000
 224  0.43854 0.00000  0.44010 0.00000
 225  0.43728 0.00000  0.44009 0.00000
 226  0.43840 0.00000  0.44010 0.00000
 227  0.44348 0.00000  0.44013 0.00000
 228  0.44489 0.00000  0.44016 0.00000
 229  0.43899 0.00000  0.44014 0.00000
 230  0.44116 0.00000  0.44011 0.00000
 231  0.44091 0.00000  0.44015 0.00000
 232  0.43964 0.00000  0.44017 0.00000
 233  0.44194 0.00000  0.44014 0.00000
 234  0.43827 0.00000  0.44012 0.00000
 235  0.44753 0.00000  0.44010 0.00000
 236  0.43534 0.00000  0.44014 0.00000
 237  0.44376 0.00000  0.44020 0.00000
 238  0.44511 0.00000  0.44030 0.00000
 239  0.43895 0.00000  0.44031 0.00000
 240  0.43858 0.00000  0.44023 0.00000
 241  0.43509 0.00000  0.44018 0.00000
 242  0.44341 0.00000  0.44016 0.00000
 243  0.44077 0.00000  0.44015 0.00000
 244  0.43978 0.00000  0.44006 0.00000
 245  0.43829 0.00000  0.44005 0.00000
 246  0.44125 0.00000  0.44006 0.00000
 247  0.43871 0.00000  0.44003 0.00000
 248  0.43746 0.00000  0.44004 0.00000
 249  0.44261 0.00000  0.44010 0.00000
 250  0.43723 0.00000  0.44008 0.00000
 251  0.43269 0.00000  0.44013 0.00000
 252  0.43337 0.00000  0.44012 0.00000
 253  0.44073 0.00000  0.44009 0.00000
 254  0.43583 0.00000  0.44011 0.00000
 255  0.44353 0.00000  0.44012 0.00000
 256  0.44122 0.00000  0.44013 0.00000
 257  0.43676 0.00000  0.44016 0.00000
 258  0.44266 0.00000  0.44007 0.00000
 259  0.44204 0.00000  0.44005 0.00000
 260  0.43774 0.00000  0.44007 0.00000
 261  0.43483 0.00000  0.43998 0.00000
 262  0.43518 0.00000  0.43997 0.00000
 263  0.43865 0.00000  0.44003 0.00000
 264  0.43440 0.00000  0.44003 0.00000
 265  0.44407 0.00000  0.44003 0.00000
 266  0.44312 0.00000  0.44004 0.00000
 267  0.44122 0.00000  0.44006 0.00000
 268  0.44047 0.00000  0.44011 0.00000
 269  0.44143 0.00000  0.44012 0.00000
 270  0.44189 0.00000  0.44008 0.00000
 271  0.43690 0.00000  0.44012 0.00000
 272  0.43719 0.00000  0.44008 0.00000
 273  0.44144 0.00000  0.44006 0.00000
 274  0.43459 0.00000  0.44000 0.00000
 275  0.44273 0.00000  0.44007 0.00000
 276  0.43587 0.00000  0.44003 0.00000
 277  0.43768 0.00000  0.44002 0.00000
 278  0.43982 0.00000  0.44006 0.00000
 279  0.43759 0.00000  0.44009 0.00000
 280  0.44208 0.00000  0.44010 0.00000
 281  0.43297 0.00000  0.44009 0.00000
 282  0.43823 0.00000  0.44003 0.00000
 283  0.44058 0.00000  0.44003 0.00000
 284  0.43996 0.00000  0.44005 0.00000
 285  0.43397 0.00000  0.44007 0.00000
 286  0.43435 0.00000  0.44001 0.00000
 287  0.43755 0.00000  0.44006 0.00000
 288  0.43517 0.00000  0.44006 0.00000
 289  0.43862 0.00000  0.44007 0.00000
 290  0.43389 0.00000  0.44009 0.00000
 291  0.44509 0.00000  0.44012 0.00000
 292  0.43917 0.00000  0.44011 0.00000
 293  0.43811 0.00000  0.44008 0.00000
 294  0.44004 0.00000  0.44012 0.00000
 295  0.43610 0.00000  0.44007 0.00000
 296  0.44033 0.00000  0.44008 0.00000
 297  0.43675 0.00000  0.44008 0.00000
 298  0.44072 0.00000  0.44009 0.00000
 299  0.43816 0.00000  0.44005 0.00000
 300  0.44642 0.00000  0.44001 0.00000
 301  0.42645 0.00000  0.43992 0.00000
 302  0.43629 0.00000  0.44000 0.00000
 303  0.43511 0.00000  0.43996 0.00000
 304  0.43894 0.00000  0.43998 0.00000
 305  0.43698 0.00000  0.43999 0.00000
 306  0.43949 0.00000  0.43998 0.00000
 307  0.43852 0.00000  0.43999 0.00000
 308  0.43882 0.00000  0.44002 0.00000
 309  0.43900 0.00000  0.44008 0.00000
 310  0.44411 0.00000  0.44015 0.00000
 311  0.44088 0.00000  0.44016 0.00000
 312  0.44295 0.00000  0.44011 0.00000
 313  0.43680 0.00000  0.44010 0.00000
 314  0.43693 0.00000  0.44010 0.00000
 315  0.44305 0.00000  0.44011 0.00000
 316  0.43548 0.00000  0.44005 0.00000
 317  0.44144 0.00000  0.44007 0.00000
 318  0.43731 0.00000  0.44010 0.00000
 319  0.43903 0.00000  0.44001 0.00000
 320  0.43593 0.00000  0.43995 0.00000
 321  0.43492 0.00000  0.43995 0.00000
 322  0.43635 0.00000  0.43997 0.00000
 323  0.43782 0.00000  0.44002 0.00000
 324  0.44297 0.00000  0.44005 0.00000
 325  0.43696 0.00000  0.44004 0.00000
 326  0.44007 0.00000  0.44003 0.00000
 327  0.44142 0.00000  0.44009 0.00000
 328  0.44192 0.00000  0.44010 0.00000
 329  0.44557 0.00000  0.44013 0.00000
 330  0.44260 0.00000  0.44014 0.00000
 331  0.43629 0.00000  0.44005 0.00000
 332  0.43940 0.00000  0.44004 0.00000
 333  0.43819 0.00000  0.44002 0.00000
 334  0.44157 0.00000  0.44006 0.00000
 335  0.44163 0.00000  0.44009 0.00000
 336  0.44562 0.00000  0.44013 0.00000
 337  0.44536 0.00000  0.44012 0.00000
 338  0.43611 0.00000  0.44013 0.00000
 339  0.43543 0.00000  0.44009 0.00000
 340  0.43749 0.00000  0.44005 0.00000
 341  0.44136 0.00000  0.44006 0.00000
 342  0.43692 0.00000  0.44004 0.00000
 343  0.44953 0.00000  0.44002 0.00000
 344  0.43588 0.00000  0.44004 0.00000
 345  0.43371 0.00000  0.43998 0.00000
 346  0.44236 0.00000  0.44001 0.00000
 347  0.44380 0.00000  0.44005 0.00000
 348  0.44085 0.00000  0.44006 0.00000
 349  0.44106 0.00000  0.44013 0.00000
 350  0.44216 0.00000  0.44016 0.00000
 351  0.44141 0.00000  0.44014 0.00000
 352  0.44100 0.00000  0.44010 0.00000
 353  0.43163 0.00000  0.44009 0.00000
 354  0.44008 0.00000  0.44013 0.00000
 355  0.43512 0.00000  0.44005 0.00000
 356  0.43857 0.00000  0.44001 0.00000
 357  0.43645 0.00000  0.44003 0.00000
 358  0.43761 0.00000  0.44000 0.00000
 359  0.43636 0.00000  0.44002 0.00000
 360  0.43706 0.00000  0.44002 0.00000
 361  0.43640 0.00000  0.44003 0.00000
 362  0.43923 0.00000  0.43997 0.00000
 363  0.43784 0.00000  0.44000 0.00000
 364  0.43737 0.00000  0.44001 0.00000
 365  0.43723 0.00000  0.44004 0.00000
 366  0.43818 0.00000  0.44005 0.00000
 367  0.44055 0.00000  0.44003 0.00000
 368  0.43657 0.00000  0.44005 0.00000
 369  0.44214 0.00000  0.44004 0.00000
 370  0.43952 0.00000  0.44004 0.00000
 371  0.44208 0.00000  0.44008 0.00000
 372  0.44313 0.00000  0.44003 0.00000
 373  0.44013 0.00000  0.44008 0.00000
 374  0.44503 0.00000  0.44005 0.00000
 375  0.43345 0.00000  0.44003 0.00000
 376  0.44153 0.00000  0.44012 0.00000
 377  0.43610 0.00000  0.44012 0.00000
 378  0.43649 0.00000  0.44013 0.00000
 379  0.43819 0.00000  0.44001 0.00000
 380  0.43846 0.00000  0.44000 0.00000
 381  0.43895 0.00000  0.44001 0.00000
 382  0.43942 0.00000  0.44004 0.00000
 383  0.44018 0.00000  0.44006 0.00000
 384  0.44529 0.00000  0.44012 0.00000
 385  0.44354 0.00000  0.44009 0.00000
 386  0.44387 0.00000  0.44005 0.00000
 387  0.43895 0.00000  0.44008 0.00000
 388  0.43832 0.00000  0.44011 0.00000
 389  0.43697 0.00000  0.44008 0.00000
 390  0.43288 0.00000  0.44003 0.00000
 391  0.43368 0.00000  0.44001 0.00000
 392  0.43667 0.00000  0.44006 0.00000
 393  0.43740 0.00000  0.44003 0.00000
 394  0.44184 0.00000  0.44000 0.00000
 395  0.44033 0.00000  0.44000 0.00000
 396  0.44105 0.00000  0.43995 0.00000
 397  0.43802 0.00000  0.44000 0.00000
 398  0.44590 0.00000  0.44001 0.00000
 399  0.44642 0.00000  0.44005 0.00000
 400  0.43125 0.00000  0.44000 0.00000
 401  0.44006 0.00000  0.44006 0.00000
 402  0.44453 0.00000  0.44008 0.00000
 403  0.43912 0.00000  0.44004 0.00000
 404  0.43757 0.00000  0.44001 0.00000
 405  0.43567 0.00000  0.43999 0.00000
 406  0.43461 0.00000  0.43998 0.00000
 407  0.44190 0.00000  0.44001 0.00000
 408  0.43445 0.00000  0.44006 0.00000
 409  0.44170 0.00000  0.44012 0.00000
 410  0.44160 0.00000  0.44004 0.00000
 411  0.44200 0.00000  0.44000 0.00000
 412  0.43849 0.00000  0.44002 0.00000
 413  0.43889 0.00000  0.44004 0.00000
 414  0.43499 0.00000  0.44004 0.00000
 415  0.43704 0.00000  0.44001 0.00000
 416  0.43587 0.00000  0.43996 0.00000
 417  0.44041 0.00000  0.43996 0.00000
 418  0.44107 0.00000  0.44001 0.00000
 419  0.43900 0.00000  0.44004 0.00000
 420  0.43995 0.00000  0.44006 0.00000
 421  0.43749 0.00000  0.44002 0.00000
 422  0.43922 0.00000  0.44002 0.00000
 423  0.43675 0.00000  0.44003 0.00000
 424  0.44165 0.00000  0.44005 0.00000
 425  0.43634 0.00000  0.44000 0.00000
 426  0.43872 0.00000  0.44004 0.00000
 427  0.43725 0.00000  0.44000 0.00000
 428  0.43737 0.00000  0.44001 0.00000
 429  0.43917 0.00000  0.44001 0.00000
 430  0.43730 0.00000  0.44003 0.00000
 431  0.43872 0.00000  0.44000 0.00000
 432  0.43781 0.00000  0.44000 0.00000
 433  0.43450 0.00000  0.44002 0.00000
 434  0.43622 0.00000  0.43999 0.00000
 435  0.43717 0.00000  0.44001 0.00000
 436  0.43130 0.00000  0.44000 0.00000
 437  0.43766 0.00000  0.43996 0.00000
 438  0.43628 0.00000  0.43998 0.00000
 439  0.43681 0.00000  0.44002 0.00000
 440  0.43982 0.00000  0.43999 0.00000
 441  0.43589 0.00000  0.44003 0.00000
 442  0.44143 0.00000  0.44006 0.00000
 443  0.43654 0.00000  0.44000 0.00000
 444  0.44287 0.00000  0.43999 0.00000
 445  0.43696 0.00000  0.44002 0.00000
 446  0.43667 0.00000  0.43999 0.00000
 447  0.44195 0.00000  0.44004 0.00000
 448  0.43955 0.00000  0.44006 0.00000
 449  0.43801 0.00000  0.44007 0.00000
 450  0.43517 0.00000  0.44005 0.00000
 451  0.44039 0.00000  0.44007 0.00000
 452  0.43853 0.00000  0.44007 0.00000
 453  0.43922 0.00000  0.44007 0.00000
 454  0.44429 0.00000  0.44005 0.00000
 455  0.44315 0.00000  0.44005 0.00000
 456  0.44488 0.00000  0.44004 0.00000
 457  0.43782 0.00000  0.44004 0.00000
 458  0.43219 0.00000  0.44002 0.00000
 459  0.44176 0.00000  0.44005 0.00000
 460  0.43259 0.00000  0.44001 0.00000
 461  0.44496 0.00000  0.44008 0.00000
 462  0.43998 0.00000  0.44002 0.00000
 463  0.43785 0.00000  0.44005 0.00000
 464  0.43628 0.00000  0.44003 0.00000
 465  0.43297 0.00000  0.44007 0.00000
 466  0.43521 0.00000  0.44003 0.00000
 467  0.44451 0.00000  0.44013 0.00000
 468  0.44056 0.00000  0.44011 0.00000
 469  0.44745 0.00000  0.44012 0.00000
 470  0.43801 0.00000  0.44006 0.00000
 471  0.43845 0.00000  0.44006 0.00000
 472  0.44211 0.00000  0.44008 0.00000
 473  0.43814 0.00000  0.44004 0.00000
 474  0.43683 0.00000  0.44002 0.00000
 475  0.43972 0.00000  0.44005 0.00000
 476  0.44122 0.00000  0.44007 0.00000
 477  0.43382 0.00000  0.43999 0.00000
 478  0.43608 0.00000  0.43993 0.00000
 479  0.43765 0.00000  0.43996 0.00000
 480  0.43622 0.00000  0.43994 0.00000
 481  0.44114 0.00000  0.43993 0.00000
 482  0.44225 0.00000  0.43997 0.00000
 483  0.44051 0.00000  0.43998 0.00000
 484  0.43518 0.00000  0.43994 0.00000
 485  0.43566 0.00000  0.43998 0.00000
 486  0.43680 0.00000  0.43999 0.00000
 487  0.43771 0.00000  0.43999 0.00000
 488  0.44133 0.00000  0.44007 0.00000
 489  0.44002 0.00000  0.44012 0.00000
 490  0.43077 0.00000  0.44004 0.00000
 491  0.43868 0.00000  0.44001 0.00000
 492  0.43533 0.00000  0.44005 0.00000
 493  0.43538 0.00000  0.44004 0.00000
 494  0.44477 0.00000  0.44004 0.00000
 495  0.44176 0.00000  0.44003 0.00000
 496  0.44069 0.00000  0.44001 0.00000
 497  0.44185 0.00000  0.44002 0.00000
 498  0.44610 0.00000  0.44008 0.00000
 499  0.44177 0.00000  0.44014 0.00000
chose model 84 M_rmse_85
chose model 36 M_rmse_37
chose model 17 M_rmse_18
chose model 172 M_rmse_173
chose model 180 M_rmse_181
chose model 196 M_rmse_197
chose model 213 M_rmse_214
chose model 5 M_rmse_6
chose model 211 M_rmse_212
chose model 121 M_rmse_122
processing 4000 predictions...

0%   10   20   30   40   50   60   70   80   90   100%
|----|----|----|----|----|----|----|----|----|----|
***************************************************
 done.
elapsed: [2716.28s cpu, 2468989.6199 mticks, 923.77s wall]
score: 0.4332  baseline: 0.4307  diff: 0.00246
category UNKNOWN: count 0 avg error 0 baseline avg error 0 avg improvement 0
category AUTO: count 1704 avg error 0.026102 baseline avg error 0.0241654 avg improvement -0.00193663
category POSS: count 2029 avg error 0.204554 baseline avg error 0.201632 avg improvement -0.00292178
category IMP: count 267 avg error 1.09042 baseline avg error 1.09319 avg improvement 0.00276825
overall: count 4000 avg error 0.187665 baseline avg error 0.185543 avg improvement -0.0021223
worst entries: 
0: 2223  label: 1 pred: 0.0124465 bl: 0.1148 POSS error_pred: 0.975262 error_bl: 0.783579 improvement: -0.191683
    min: -0.9455  max: 0.575 avg: 0.076284
explanation: 
no explanation

1: 3097  label: -1 pred: 0.176311 bl: 0.12195 IMP error_pred: 1.38371 error_bl: 1.25877 improvement: -0.124937
    min: 0.0235  max: 0.4615 avg: 0.206768
explanation: 
no explanation

2: 1642  label: -1 pred: 0.301896 bl: 0.2588 IMP error_pred: 1.69493 error_bl: 1.58458 improvement: -0.110357
    min: 0.083  max: 0.5895 avg: 0.306722
explanation: 
no explanation

3: 2391  label: 1 pred: 0.489337 bl: 0.6077 POSS error_pred: 0.260777 error_bl: 0.153899 improvement: -0.106877
    min: -0.4925  max: 0.854 avg: 0.415518
explanation: 
no explanation

4: 3285  label: 1 pred: 0.386447 bl: 0.47735 POSS error_pred: 0.376448 error_bl: 0.273163 improvement: -0.103285
    min: -0.419  max: 0.923 avg: 0.227106
explanation: 
no explanation

5: 2059  label: -1 pred: 0.0279458 bl: -0.02305 IMP error_pred: 1.05667 error_bl: 0.954431 improvement: -0.102241
    min: -0.2215  max: 0.556 avg: 0.123206
explanation: 
no explanation

6: 29  label: 1 pred: 0.516859 bl: 0.63455 POSS error_pred: 0.233425 error_bl: 0.133554 improvement: -0.0998712
    min: -0.24  max: 0.721 avg: 0.376438
explanation: 
no explanation

7: 3949  label: -0.5 pred: 0.271439 bl: 0.20915 IMP error_pred: 0.595118 error_bl: 0.502894 improvement: -0.0922238
    min: 0.1055  max: 0.6215 avg: 0.31093
explanation: 
no explanation

8: 1023  label: 1 pred: 0.403025 bl: 0.48015 POSS error_pred: 0.356379 error_bl: 0.270244 improvement: -0.0861346
    min: -0.3605  max: 0.893 avg: 0.297092
explanation: 
no explanation

9: 2946  label: -1 pred: 0.215663 bl: 0.17975 IMP error_pred: 1.47784 error_bl: 1.39181 improvement: -0.0860264
    min: -0.2075  max: 0.597 avg: 0.306006
explanation: 
no explanation

10: 1417  label: -1 pred: 0.315353 bl: 0.2827 IMP error_pred: 1.73015 error_bl: 1.64532 improvement: -0.0848351
    min: 0.157  max: 0.466 avg: 0.303178
explanation: 
no explanation

11: 494  label: -1 pred: 0.461675 bl: 0.4324 IMP error_pred: 2.13649 error_bl: 2.05177 improvement: -0.0847251
    min: 0.2285  max: 0.796 avg: 0.454852
explanation: 
no explanation

12: 1622  label: -1 pred: 0.30584 bl: 0.2732 IMP error_pred: 1.70522 error_bl: 1.62104 improvement: -0.0841801
    min: 0.067  max: 0.5525 avg: 0.297508
explanation: 
no explanation

13: 1084  label: 1 pred: 0.526594 bl: 0.625 POSS error_pred: 0.224113 error_bl: 0.140625 improvement: -0.0834884
    min: -0.2365  max: 0.7405 avg: 0.478714
explanation: 
no explanation

14: 1591  label: 1 pred: 0.673281 bl: 0.8451 POSS error_pred: 0.106745 error_bl: 0.023994 improvement: -0.0827514
    min: -0.137  max: 1 avg: 0.627482
explanation: 
no explanation

15: 2721  label: -1 pred: -0.631048 bl: -0.7675 POSS error_pred: 0.136126 error_bl: 0.0540562 improvement: -0.0820696
    min: -1  max: 0.448 avg: -0.295502
explanation: 
no explanation

16: 3135  label: -1 pred: 0.268013 bl: 0.23555 IMP error_pred: 1.60786 error_bl: 1.52658 improvement: -0.0812733
    min: 0.0425  max: 0.5715 avg: 0.23935
explanation: 
no explanation

17: 2622  label: -1 pred: 0.528187 bl: 0.5014 IMP error_pred: 2.33536 error_bl: 2.2542 improvement: -0.0811548
    min: 0.396  max: 0.7645 avg: 0.561034
explanation: 
no explanation

18: 2312  label: -0.5 pred: 0.489328 bl: 0.4479 IMP error_pred: 0.978769 error_bl: 0.898514 improvement: -0.0802551
    min: 0.3175  max: 0.815 avg: 0.525094
explanation: 
no explanation

19: 343  label: -1 pred: 0.389453 bl: 0.3604 IMP error_pred: 1.93058 error_bl: 1.85069 improvement: -0.079892
    min: -0.1085  max: 0.9345 avg: 0.54374
explanation: 
no explanation

20: 2033  label: -1 pred: 0.342843 bl: 0.3129 IMP error_pred: 1.80323 error_bl: 1.72371 improvement: -0.0795196
    min: -0.032  max: 0.817 avg: 0.389478
explanation: 
no explanation

21: 1924  label: -0.5 pred: 0.407092 bl: 0.36215 IMP error_pred: 0.822816 error_bl: 0.743303 improvement: -0.0795132
    min: 0.1745  max: 0.7425 avg: 0.439736
explanation: 
no explanation

22: 2007  label: -1 pred: -0.0906706 bl: -0.1352 IMP error_pred: 0.82688 error_bl: 0.747879 improvement: -0.0790009
    min: -0.426  max: 0.655 avg: 0.003764
explanation: 
no explanation

23: 368  label: -1 pred: -0.668832 bl: -0.82455 POSS error_pred: 0.109672 error_bl: 0.0307827 improvement: -0.0788896
    min: -1  max: 0.802 avg: -0.756954
explanation: 
no explanation

24: 2094  label: -1 pred: -0.231664 bl: -0.2843 POSS error_pred: 0.59034 error_bl: 0.512227 improvement: -0.0781133
    min: -0.52  max: 0.6525 avg: -0.107592
explanation: 
no explanation

25: 761  label: -0.5 pred: 0.309039 bl: 0.25925 IMP error_pred: 0.654544 error_bl: 0.576461 improvement: -0.0780838
    min: 0.114  max: 0.6625 avg: 0.284316
explanation: 
no explanation

26: 567  label: 0.5 pred: -0.345454 bl: -0.298 IMP error_pred: 0.714792 error_bl: 0.636804 improvement: -0.077988
    min: -0.6795  max: -0.1285 avg: -0.381858
explanation: 
no explanation

27: 2553  label: 1 pred: 0.244975 bl: 0.2985 IMP error_pred: 0.570062 error_bl: 0.492102 improvement: -0.07796
    min: -0.44  max: 0.4545 avg: 0.216556
explanation: 
no explanation

28: 3954  label: -1 pred: -0.661055 bl: -0.80525 POSS error_pred: 0.114883 error_bl: 0.0379276 improvement: -0.0769559
    min: -1  max: 0.5665 avg: -0.398432
explanation: 
no explanation

29: 609  label: -0.5 pred: 0.15375 bl: 0.0921 POSS error_pred: 0.42739 error_bl: 0.350582 improvement: -0.0768072
    min: -0.1125  max: 0.692 avg: 0.260642
explanation: 
no explanation

30: 221  label: 1 pred: -0.266535 bl: -0.2361 IMP error_pred: 1.60411 error_bl: 1.52794 improvement: -0.0761685
    min: -0.928  max: 0.482 avg: -0.181736
explanation: 
no explanation

31: 867  label: -0.5 pred: 0.414046 bl: 0.37165 IMP error_pred: 0.835479 error_bl: 0.759774 improvement: -0.0757058
    min: 0.194  max: 0.8025 avg: 0.43135
explanation: 
no explanation

32: 933  label: -1 pred: 0.0688405 bl: 0.0335 IMP error_pred: 1.14242 error_bl: 1.06812 improvement: -0.0742979
    min: -0.1735  max: 0.5015 avg: 0.094674
explanation: 
no explanation

33: 119  label: -0.5 pred: 0.0412214 bl: -0.03185 POSS error_pred: 0.292921 error_bl: 0.219164 improvement: -0.0737562
    min: -0.2305  max: 0.79 avg: 0.117306
explanation: 
no explanation

34: 2787  label: 0.5 pred: -0.283153 bl: -0.23475 POSS error_pred: 0.613328 error_bl: 0.539858 improvement: -0.0734707
    min: -0.7725  max: 0.046 avg: -0.25238
explanation: 
no explanation

35: 3266  label: -0.5 pred: 0.409945 bl: 0.3688 IMP error_pred: 0.827999 error_bl: 0.754813 improvement: -0.0731857
    min: 0.2545  max: 0.6105 avg: 0.41604
explanation: 
no explanation

36: 1422  label: -1 pred: 0.211731 bl: 0.1814 IMP error_pred: 1.46829 error_bl: 1.39571 improvement: -0.0725858
    min: -0.287  max: 0.801 avg: 0.374506
explanation: 
no explanation

37: 3557  label: -1 pred: 0.126321 bl: 0.0937 IMP error_pred: 1.2686 error_bl: 1.19618 improvement: -0.0724183
    min: -0.0595  max: 0.366 avg: 0.145082
explanation: 
no explanation

38: 187  label: -0.5 pred: 0.190104 bl: 0.13585 POSS error_pred: 0.476244 error_bl: 0.404305 improvement: -0.0719386
    min: -0.0655  max: 0.7715 avg: 0.158338
explanation: 
no explanation

39: 2399  label: 1 pred: 0.706374 bl: 0.87835 POSS error_pred: 0.086216 error_bl: 0.0147987 improvement: -0.0714173
    min: -0.2225  max: 1 avg: 0.715864
explanation: 
no explanation

40: 2419  label: -0.5 pred: 0.23546 bl: 0.18535 POSS error_pred: 0.540902 error_bl: 0.469705 improvement: -0.0711969
    min: -0.015  max: 0.6475 avg: 0.302734
explanation: 
no explanation

41: 813  label: 1 pred: 0.709717 bl: 0.8848 POSS error_pred: 0.0842642 error_bl: 0.013271 improvement: -0.0709932
    min: 0.002  max: 1 avg: 0.680382
explanation: 
no explanation

42: 2798  label: -1 pred: 0.174048 bl: 0.14365 IMP error_pred: 1.37839 error_bl: 1.30794 improvement: -0.0704542
    min: 0.006  max: 0.358 avg: 0.149446
explanation: 
no explanation

43: 1511  label: 1 pred: 0.648223 bl: 0.76835 POSS error_pred: 0.123747 error_bl: 0.0536617 improvement: -0.0700852
    min: -0.001  max: 0.9835 avg: 0.621984
explanation: 
no explanation

44: 2738  label: 1 pred: -0.450568 bl: -0.4264 IMP error_pred: 2.10415 error_bl: 2.03462 improvement: -0.0695298
    min: -0.882  max: 0.0425 avg: -0.430376
explanation: 
no explanation

45: 1736  label: 1 pred: 0.359191 bl: 0.4156 POSS error_pred: 0.410636 error_bl: 0.341523 improvement: -0.0691124
    min: -0.289  max: 0.9105 avg: 0.23818
explanation: 
no explanation

46: 3974  label: 1 pred: 0.697644 bl: 0.8495 POSS error_pred: 0.0914189 error_bl: 0.0226502 improvement: -0.0687687
    min: -0.036  max: 1 avg: 0.759128
explanation: 
no explanation

47: 2643  label: 1 pred: 0.0383319 bl: 0.07465 IMP error_pred: 0.924805 error_bl: 0.856273 improvement: -0.0685328
    min: -0.4945  max: 0.3845 avg: 0.014618
explanation: 
no explanation

48: 331  label: -1 pred: 0.00493662 bl: -0.02915 IMP error_pred: 1.0099 error_bl: 0.94255 improvement: -0.0673478
    min: -0.372  max: 0.7005 avg: -0.03329
explanation: 
no explanation

49: 296  label: -1 pred: -0.727583 bl: -0.91215 POSS error_pred: 0.0742109 error_bl: 0.00771762 improvement: -0.0664933
    min: -1  max: 0.262 avg: -0.557846
explanation: 
no explanation

best entries: 
0: 1371  label: -0.5 pred: 0.731549 bl: 0.85075 IMP error_pred: 1.51671 error_bl: 1.82453 improvement: 0.307813
1: 2651  label: -0.5 pred: 0.636391 bl: 0.75845 POSS error_pred: 1.29138 error_bl: 1.5837 improvement: 0.292312
2: 993  label: 0 pred: 0.81031 bl: 0.96515 IMP error_pred: 0.656603 error_bl: 0.931515 improvement: 0.274912
3: 1085  label: -1 pred: 0.628907 bl: 0.71065 IMP error_pred: 2.65334 error_bl: 2.92632 improvement: 0.272985
4: 378  label: 0 pred: 0.826313 bl: 0.97035 IMP error_pred: 0.682793 error_bl: 0.941579 improvement: 0.258786
5: 3968  label: -1 pred: 0.630722 bl: 0.7066 IMP error_pred: 2.65925 error_bl: 2.91248 improvement: 0.253229
6: 487  label: -0.5 pred: 0.768824 bl: 0.8563 IMP error_pred: 1.60991 error_bl: 1.83955 improvement: 0.229635
7: 2198  label: 0 pred: 0.777318 bl: 0.897 POSS error_pred: 0.604224 error_bl: 0.804609 improvement: 0.200385
8: 1541  label: 0 pred: 0.757248 bl: 0.87825 POSS error_pred: 0.573424 error_bl: 0.771323 improvement: 0.197899
9: 277  label: -1 pred: 0.385463 bl: 0.45 IMP error_pred: 1.91951 error_bl: 2.1025 improvement: 0.182994
10: 3129  label: 0 pred: 0.708684 bl: 0.82775 POSS error_pred: 0.502233 error_bl: 0.68517 improvement: 0.182937
11: 1373  label: 0 pred: 0.755974 bl: 0.86435 POSS error_pred: 0.571497 error_bl: 0.747101 improvement: 0.175604
12: 3011  label: 0 pred: 0.785979 bl: 0.8898 IMP error_pred: 0.617764 error_bl: 0.791744 improvement: 0.17398
13: 775  label: 0 pred: 0.784781 bl: 0.8884 IMP error_pred: 0.615881 error_bl: 0.789255 improvement: 0.173374
14: 3309  label: -0.5 pred: 0.606691 bl: 0.68025 IMP error_pred: 1.22477 error_bl: 1.39299 improvement: 0.168224
15: 663  label: 0.5 pred: 0.729637 bl: 0.9628 POSS error_pred: 0.052733 error_bl: 0.214184 improvement: 0.161451
16: 1391  label: -1 pred: 0.550959 bl: 0.60215 IMP error_pred: 2.40547 error_bl: 2.56688 improvement: 0.161411
17: 794  label: -1 pred: 0.733904 bl: 0.779 IMP error_pred: 3.00642 error_bl: 3.16484 improvement: 0.158418
18: 3489  label: 0 pred: 0.725719 bl: 0.82145 POSS error_pred: 0.526668 error_bl: 0.67478 improvement: 0.148112
19: 2212  label: 0.5 pred: 0.792977 bl: 0.97785 POSS error_pred: 0.0858353 error_bl: 0.228341 improvement: 0.142505
20: 3542  label: 0.5 pred: 0.806631 bl: 0.9841 POSS error_pred: 0.0940226 error_bl: 0.234353 improvement: 0.14033
21: 2453  label: 0 pred: -0.710061 bl: -0.80035 POSS error_pred: 0.504187 error_bl: 0.64056 improvement: 0.136373
22: 690  label: 0 pred: 0.58904 bl: 0.6936 POSS error_pred: 0.346968 error_bl: 0.481081 improvement: 0.134113
23: 3209  label: -1 pred: 0.475532 bl: 0.5197 IMP error_pred: 2.17719 error_bl: 2.30949 improvement: 0.132294
24: 771  label: -0.5 pred: 0.495748 bl: 0.5592 POSS error_pred: 0.991513 error_bl: 1.1219 improvement: 0.130391
25: 1709  label: -0.5 pred: 0.701456 bl: 0.753 IMP error_pred: 1.4435 error_bl: 1.57001 improvement: 0.126512
26: 3672  label: 0 pred: 0.74927 bl: 0.82805 IMP error_pred: 0.561405 error_bl: 0.685667 improvement: 0.124262
27: 160  label: 0.5 pred: 0.813793 bl: 0.97015 POSS error_pred: 0.098466 error_bl: 0.221041 improvement: 0.122575
28: 3323  label: 0.5 pred: 0.827495 bl: 0.97705 POSS error_pred: 0.107253 error_bl: 0.227577 improvement: 0.120324
29: 242  label: -0.5 pred: 0.548751 bl: 0.60415 IMP error_pred: 1.09988 error_bl: 1.21915 improvement: 0.11927
30: 1990  label: 0.5 pred: 0.768208 bl: 0.937 POSS error_pred: 0.0719356 error_bl: 0.190969 improvement: 0.119033
31: 3602  label: -1 pred: -0.286843 bl: -0.21035 POSS error_pred: 0.508592 error_bl: 0.623547 improvement: 0.114955
32: 2306  label: 0.5 pred: 0.797068 bl: 0.94945 POSS error_pred: 0.0882496 error_bl: 0.202005 improvement: 0.113756
33: 2535  label: 0.5 pred: 0.777561 bl: 0.9361 POSS error_pred: 0.07704 error_bl: 0.190183 improvement: 0.113143
34: 2555  label: 1 pred: 0.252176 bl: 0.18145 POSS error_pred: 0.55924 error_bl: 0.670024 improvement: 0.110784
35: 2328  label: 0 pred: 0.685052 bl: 0.7606 POSS error_pred: 0.469297 error_bl: 0.578512 improvement: 0.109216
36: 2776  label: 0.5 pred: 0.818125 bl: 0.9563 POSS error_pred: 0.101203 error_bl: 0.20821 improvement: 0.107006
37: 3946  label: 0.5 pred: 0.779761 bl: 0.9282 POSS error_pred: 0.0782665 error_bl: 0.183355 improvement: 0.105089
38: 3112  label: 0.5 pred: 0.775263 bl: 0.92515 POSS error_pred: 0.0757695 error_bl: 0.180753 improvement: 0.104983
39: 3731  label: 0.5 pred: 0.77394 bl: 0.924 AUTO error_pred: 0.0750433 error_bl: 0.179776 improvement: 0.104733
40: 1467  label: 1 pred: 0.19791 bl: 0.1361 POSS error_pred: 0.643348 error_bl: 0.746323 improvement: 0.102975
41: 3250  label: 1 pred: 0.23286 bl: 0.16875 POSS error_pred: 0.588504 error_bl: 0.690977 improvement: 0.102473
42: 1633  label: 0.5 pred: 0.802174 bl: 0.9393 POSS error_pred: 0.0913092 error_bl: 0.192984 improvement: 0.101675
43: 3644  label: -1 pred: 0.263929 bl: 0.30295 IMP error_pred: 1.59752 error_bl: 1.69768 improvement: 0.100162
44: 2766  label: 1 pred: 0.169751 bl: 0.1118 POSS error_pred: 0.689313 error_bl: 0.788899 improvement: 0.0995861
45: 598  label: 0.5 pred: 0.799318 bl: 0.9337 POSS error_pred: 0.0895913 error_bl: 0.188096 improvement: 0.0985044
46: 2288  label: 0.5 pred: 0.698451 bl: 0.87005 POSS error_pred: 0.0393827 error_bl: 0.136937 improvement: 0.0975543
47: 1639  label: 1 pred: 0.0435682 bl: -0.0042 IMP error_pred: 0.914762 error_bl: 1.00842 improvement: 0.0936558
48: 1133  label: 1 pred: 0.293448 bl: 0.2303 POSS error_pred: 0.499216 error_bl: 0.592438 improvement: 0.0932224
49: 3606  label: -1 pred: 0.664908 bl: 0.69245 IMP error_pred: 2.77192 error_bl: 2.86439 improvement: 0.0924673

total is 0
score for UNKNOWN: nan baseline: nan diff:    nan
total is 1704
score for AUTO: 0.1616 baseline: 0.1555 diff: 0.0061
total is 2029
score for POSS: 0.4523 baseline: 0.4490 diff: 0.0032
total is 267
score for IMP: 1.0442 baseline: 1.0456 diff: -0.0013
writing 20000 official test outputs

0%   10   20   30   40   50   60   70   80   90   100%
|----|----|----|----|----|----|----|----|----|----|
***************************************************
scores: [ 0.433203 ]
0.4332 +/-    nan
2571.76user 148.78system 15:25.92elapsed 293%CPU (0avgtext+0avgdata 0maxresident)k
0inputs+448outputs (0major+56737510minor)pagefaults 0swaps
