loading data...Twoway_Layer::random_fill(): limit = 0.103695 ni = 93 no = 50
Twoway_Layer::random_fill(): limit = 0.141421 ni = 50 no = 1
iter  ---- train ----  ---- test -----
         rmse     auc     rmse     auc
   0  0.84639 0.00000  0.73369 0.06250
   1  0.70743 0.00000  0.66995 0.06139
   2  0.66701 0.00000  0.64500 0.06105
   3  0.64991 0.00000  0.63261 0.06091
   4  0.63911 0.00000  0.62562 0.06084
   5  0.63236 0.00000  0.62137 0.06077
   6  0.62940 0.00000  0.61857 0.06070
   7  0.63202 0.00000  0.61694 0.06067
   8  0.62571 0.00000  0.61562 0.06064
   9  0.62345 0.00000  0.61462 0.06061
  10  0.62204 0.00000  0.61392 0.06058
  11  0.62502 0.00000  0.61345 0.06054
  12  0.62509 0.00000  0.61307 0.06052
  13  0.62710 0.00000  0.61281 0.06050
  14  0.62328 0.00000  0.61261 0.06047
  15  0.62539 0.00000  0.61253 0.06045
  16  0.62449 0.00000  0.61223 0.06043
  17  0.62213 0.00000  0.61217 0.06041
  18  0.61847 0.00000  0.61192 0.06040
  19  0.62388 0.00000  0.61186 0.06039
  20  0.62039 0.00000  0.61180 0.06038
  21  0.61432 0.00000  0.61162 0.06036
  22  0.62203 0.00000  0.61162 0.06034
  23  0.61927 0.00000  0.61153 0.06032
  24  0.62230 0.00000  0.61151 0.06030
  25  0.62423 0.00000  0.61146 0.06029
  26  0.62120 0.00000  0.61141 0.06027
  27  0.61978 0.00000  0.61137 0.06026
  28  0.61910 0.00000  0.61128 0.06024
  29  0.62125 0.00000  0.61124 0.06022
  30  0.61745 0.00000  0.61122 0.06022
  31  0.61951 0.00000  0.61114 0.06020
  32  0.61602 0.00000  0.61113 0.06018
  33  0.61723 0.00000  0.61105 0.06017
  34  0.62332 0.00000  0.61108 0.06015
  35  0.61840 0.00000  0.61108 0.06014
  36  0.62463 0.00000  0.61107 0.06013
  37  0.62104 0.00000  0.61107 0.06012
  38  0.61888 0.00000  0.61099 0.06009
  39  0.62163 0.00000  0.61106 0.06007
  40  0.62313 0.00000  0.61098 0.06006
  41  0.62058 0.00000  0.61101 0.06005
  42  0.62321 0.00000  0.61099 0.06003
  43  0.62163 0.00000  0.61094 0.06002
  44  0.61969 0.00000  0.61091 0.06001
  45  0.61563 0.00000  0.61083 0.06001
  46  0.61383 0.00000  0.61081 0.06000
  47  0.61875 0.00000  0.61087 0.05999
  48  0.62470 0.00000  0.61084 0.05998
  49  0.62606 0.00000  0.61083 0.05996
  50  0.62135 0.00000  0.61078 0.05995
  51  0.62096 0.00000  0.61084 0.05994
  52  0.62040 0.00000  0.61078 0.05993
  53  0.61416 0.00000  0.61070 0.05992
  54  0.62853 0.00000  0.61073 0.05990
  55  0.61710 0.00000  0.61074 0.05990
  56  0.62115 0.00000  0.61071 0.05989
  57  0.62070 0.00000  0.61064 0.05988
  58  0.61479 0.00000  0.61060 0.05987
  59  0.61765 0.00000  0.61068 0.05985
  60  0.62155 0.00000  0.61068 0.05984
  61  0.61906 0.00000  0.61063 0.05983
  62  0.61673 0.00000  0.61059 0.05983
  63  0.62156 0.00000  0.61065 0.05982
  64  0.61679 0.00000  0.61065 0.05980
  65  0.62333 0.00000  0.61064 0.05980
  66  0.61889 0.00000  0.61060 0.05979
  67  0.61709 0.00000  0.61046 0.05979
  68  0.62068 0.00000  0.61047 0.05977
  69  0.62341 0.00000  0.61049 0.05976
  70  0.61623 0.00000  0.61043 0.05975
  71  0.62174 0.00000  0.61043 0.05974
  72  0.61905 0.00000  0.61043 0.05974
  73  0.62003 0.00000  0.61043 0.05974
  74  0.61867 0.00000  0.61046 0.05973
  75  0.62510 0.00000  0.61049 0.05971
  76  0.61815 0.00000  0.61036 0.05971
  77  0.61782 0.00000  0.61039 0.05969
  78  0.61731 0.00000  0.61036 0.05969
  79  0.61857 0.00000  0.61042 0.05968
  80  0.62194 0.00000  0.61041 0.05967
  81  0.62176 0.00000  0.61035 0.05966
  82  0.62080 0.00000  0.61035 0.05965
  83  0.61846 0.00000  0.61035 0.05964
  84  0.61845 0.00000  0.61029 0.05963
  85  0.62127 0.00000  0.61026 0.05961
  86  0.62273 0.00000  0.61030 0.05961
  87  0.61901 0.00000  0.61030 0.05961
  88  0.61368 0.00000  0.61023 0.05961
  89  0.62171 0.00000  0.61029 0.05960
  90  0.61524 0.00000  0.61023 0.05960
  91  0.62240 0.00000  0.61027 0.05959
  92  0.61563 0.00000  0.61022 0.05958
  93  0.62389 0.00000  0.61024 0.05957
  94  0.61715 0.00000  0.61022 0.05956
  95  0.62162 0.00000  0.61026 0.05956
  96  0.61720 0.00000  0.61028 0.05956
  97  0.62071 0.00000  0.61037 0.05954
  98  0.62141 0.00000  0.61030 0.05954
  99  0.61192 0.00000  0.61015 0.05954
 100  0.61950 0.00000  0.61017 0.05953
 101  0.62085 0.00000  0.61018 0.05952
 102  0.61991 0.00000  0.61018 0.05952
 103  0.62122 0.00000  0.61018 0.05951
 104  0.61958 0.00000  0.61015 0.05951
 105  0.61732 0.00000  0.61014 0.05951
 106  0.61458 0.00000  0.61009 0.05950
 107  0.61469 0.00000  0.61006 0.05949
 108  0.61827 0.00000  0.61004 0.05949
 109  0.62103 0.00000  0.61010 0.05948
 110  0.62039 0.00000  0.61014 0.05947
 111  0.62003 0.00000  0.61015 0.05946
 112  0.62237 0.00000  0.61018 0.05946
 113  0.62156 0.00000  0.61016 0.05946
 114  0.62025 0.00000  0.61009 0.05946
 115  0.61889 0.00000  0.61005 0.05945
 116  0.60707 0.00000  0.60998 0.05944
 117  0.61925 0.00000  0.60998 0.05944
 118  0.61843 0.00000  0.60995 0.05944
 119  0.62014 0.00000  0.61000 0.05942
 120  0.61329 0.00000  0.60992 0.05942
 121  0.62208 0.00000  0.60996 0.05941
 122  0.62130 0.00000  0.60996 0.05940
 123  0.61820 0.00000  0.60992 0.05940
 124  0.61841 0.00000  0.60989 0.05939
 125  0.61720 0.00000  0.60986 0.05938
 126  0.61732 0.00000  0.60988 0.05937
 127  0.61225 0.00000  0.60988 0.05938
 128  0.62042 0.00000  0.60984 0.05937
 129  0.61960 0.00000  0.60989 0.05936
 130  0.61257 0.00000  0.60985 0.05936
 131  0.62228 0.00000  0.60986 0.05935
 132  0.61791 0.00000  0.60986 0.05934
 133  0.62395 0.00000  0.60988 0.05933
 134  0.61413 0.00000  0.60981 0.05932
 135  0.62269 0.00000  0.60985 0.05931
 136  0.62202 0.00000  0.60987 0.05930
 137  0.61468 0.00000  0.60975 0.05930
 138  0.62049 0.00000  0.60977 0.05929
 139  0.62055 0.00000  0.60975 0.05928
 140  0.62048 0.00000  0.60975 0.05927
 141  0.61696 0.00000  0.60975 0.05926
 142  0.61663 0.00000  0.60968 0.05926
 143  0.62424 0.00000  0.60972 0.05925
 144  0.61650 0.00000  0.60972 0.05924
 145  0.61580 0.00000  0.60971 0.05924
 146  0.61675 0.00000  0.60971 0.05924
 147  0.62305 0.00000  0.60975 0.05923
 148  0.62074 0.00000  0.60978 0.05922
 149  0.61983 0.00000  0.60980 0.05922
 150  0.61279 0.00000  0.60968 0.05921
 151  0.61724 0.00000  0.60971 0.05921
 152  0.61809 0.00000  0.60965 0.05920
 153  0.61299 0.00000  0.60959 0.05920
 154  0.61928 0.00000  0.60960 0.05919
 155  0.61544 0.00000  0.60957 0.05919
 156  0.61474 0.00000  0.60957 0.05919
 157  0.61180 0.00000  0.60951 0.05918
 158  0.62117 0.00000  0.60953 0.05918
 159  0.62143 0.00000  0.60957 0.05917
 160  0.62057 0.00000  0.60960 0.05917
 161  0.61556 0.00000  0.60959 0.05917
 162  0.61401 0.00000  0.60954 0.05916
 163  0.62406 0.00000  0.60962 0.05916
 164  0.62054 0.00000  0.60958 0.05915
 165  0.62012 0.00000  0.60961 0.05914
 166  0.62080 0.00000  0.60963 0.05913
 167  0.61768 0.00000  0.60965 0.05913
 168  0.62090 0.00000  0.60961 0.05912
 169  0.62151 0.00000  0.60958 0.05911
 170  0.61862 0.00000  0.60958 0.05910
 171  0.61674 0.00000  0.60955 0.05910
 172  0.62024 0.00000  0.60957 0.05909
 173  0.61812 0.00000  0.60956 0.05909
 174  0.61646 0.00000  0.60948 0.05908
 175  0.61601 0.00000  0.60948 0.05908
 176  0.61797 0.00000  0.60948 0.05907
 177  0.61651 0.00000  0.60949 0.05907
 178  0.61150 0.00000  0.60942 0.05906
 179  0.62525 0.00000  0.60948 0.05905
 180  0.61948 0.00000  0.60942 0.05905
 181  0.62097 0.00000  0.60942 0.05905
 182  0.61949 0.00000  0.60943 0.05904
 183  0.61707 0.00000  0.60944 0.05904
 184  0.61222 0.00000  0.60938 0.05904
 185  0.61653 0.00000  0.60931 0.05903
 186  0.61706 0.00000  0.60927 0.05903
 187  0.60955 0.00000  0.60930 0.05902
 188  0.62083 0.00000  0.60930 0.05901
 189  0.61584 0.00000  0.60929 0.05901
 190  0.61262 0.00000  0.60919 0.05900
 191  0.62279 0.00000  0.60925 0.05900
 192  0.61537 0.00000  0.60928 0.05900
 193  0.61526 0.00000  0.60922 0.05899
 194  0.61714 0.00000  0.60920 0.05899
 195  0.61360 0.00000  0.60918 0.05898
 196  0.61967 0.00000  0.60919 0.05898
 197  0.62035 0.00000  0.60923 0.05896
 198  0.62175 0.00000  0.60924 0.05896
 199  0.61594 0.00000  0.60927 0.05895
 200  0.61640 0.00000  0.60922 0.05895
 201  0.62051 0.00000  0.60919 0.05894
 202  0.61361 0.00000  0.60919 0.05894
 203  0.61493 0.00000  0.60917 0.05893
 204  0.62246 0.00000  0.60921 0.05893
 205  0.62032 0.00000  0.60920 0.05893
 206  0.61381 0.00000  0.60912 0.05892
 207  0.61333 0.00000  0.60910 0.05892
 208  0.62136 0.00000  0.60912 0.05891
 209  0.60936 0.00000  0.60909 0.05890
 210  0.62111 0.00000  0.60909 0.05890
 211  0.62043 0.00000  0.60917 0.05890
 212  0.61574 0.00000  0.60915 0.05890
 213  0.61385 0.00000  0.60910 0.05889
 214  0.62361 0.00000  0.60912 0.05889
 215  0.61608 0.00000  0.60910 0.05889
 216  0.61664 0.00000  0.60909 0.05889
 217  0.61424 0.00000  0.60911 0.05888
 218  0.61501 0.00000  0.60908 0.05888
 219  0.61563 0.00000  0.60907 0.05888
 220  0.62635 0.00000  0.60910 0.05887
 221  0.61513 0.00000  0.60905 0.05886
 222  0.61721 0.00000  0.60909 0.05886
 223  0.61455 0.00000  0.60906 0.05885
 224  0.62111 0.00000  0.60912 0.05885
 225  0.62030 0.00000  0.60908 0.05884
 226  0.61965 0.00000  0.60913 0.05884
 227  0.62057 0.00000  0.60909 0.05883
 228  0.61635 0.00000  0.60908 0.05882
 229  0.61657 0.00000  0.60902 0.05882
 230  0.61444 0.00000  0.60899 0.05881
 231  0.61711 0.00000  0.60901 0.05881
 232  0.61539 0.00000  0.60902 0.05880
 233  0.61397 0.00000  0.60900 0.05880
 234  0.62131 0.00000  0.60900 0.05879
 235  0.62290 0.00000  0.60905 0.05879
 236  0.61467 0.00000  0.60901 0.05879
 237  0.61588 0.00000  0.60902 0.05878
 238  0.62411 0.00000  0.60905 0.05878
 239  0.62257 0.00000  0.60906 0.05877
 240  0.61850 0.00000  0.60903 0.05877
 241  0.61115 0.00000  0.60899 0.05876
 242  0.61493 0.00000  0.60896 0.05876
 243  0.61285 0.00000  0.60894 0.05875
 244  0.61572 0.00000  0.60892 0.05875
 245  0.61511 0.00000  0.60889 0.05875
 246  0.61424 0.00000  0.60888 0.05875
 247  0.61595 0.00000  0.60889 0.05875
 248  0.61369 0.00000  0.60882 0.05874
 249  0.62012 0.00000  0.60886 0.05873
 250  0.61626 0.00000  0.60886 0.05873
 251  0.61493 0.00000  0.60880 0.05872
 252  0.60651 0.00000  0.60880 0.05873
 253  0.62004 0.00000  0.60882 0.05873
 254  0.61969 0.00000  0.60889 0.05872
 255  0.61784 0.00000  0.60891 0.05872
 256  0.61611 0.00000  0.60886 0.05872
 257  0.61750 0.00000  0.60891 0.05871
 258  0.61475 0.00000  0.60886 0.05871
 259  0.61970 0.00000  0.60893 0.05871
 260  0.61763 0.00000  0.60891 0.05870
 261  0.61991 0.00000  0.60887 0.05870
 262  0.61443 0.00000  0.60886 0.05870
 263  0.61652 0.00000  0.60888 0.05869
 264  0.61712 0.00000  0.60885 0.05870
 265  0.62113 0.00000  0.60887 0.05869
 266  0.62171 0.00000  0.60888 0.05869
 267  0.61725 0.00000  0.60888 0.05868
 268  0.62059 0.00000  0.60886 0.05868
 269  0.61451 0.00000  0.60884 0.05868
 270  0.62286 0.00000  0.60890 0.05868
 271  0.62048 0.00000  0.60892 0.05868
 272  0.61641 0.00000  0.60887 0.05868
 273  0.62163 0.00000  0.60888 0.05867
 274  0.61722 0.00000  0.60890 0.05867
 275  0.61303 0.00000  0.60888 0.05868
 276  0.61622 0.00000  0.60891 0.05867
 277  0.61598 0.00000  0.60885 0.05868
 278  0.61549 0.00000  0.60880 0.05867
 279  0.61274 0.00000  0.60877 0.05866
 280  0.61973 0.00000  0.60885 0.05867
 281  0.61750 0.00000  0.60882 0.05866
 282  0.61976 0.00000  0.60883 0.05866
 283  0.61660 0.00000  0.60880 0.05866
 284  0.61072 0.00000  0.60875 0.05866
 285  0.62058 0.00000  0.60881 0.05866
 286  0.61604 0.00000  0.60876 0.05866
 287  0.62257 0.00000  0.60880 0.05866
 288  0.61918 0.00000  0.60879 0.05866
 289  0.61694 0.00000  0.60880 0.05865
 290  0.61854 0.00000  0.60881 0.05866
 291  0.61687 0.00000  0.60879 0.05865
 292  0.61887 0.00000  0.60877 0.05865
 293  0.62051 0.00000  0.60878 0.05864
 294  0.61999 0.00000  0.60878 0.05864
 295  0.61297 0.00000  0.60873 0.05864
 296  0.61611 0.00000  0.60873 0.05864
 297  0.61798 0.00000  0.60876 0.05864
 298  0.62074 0.00000  0.60881 0.05864
 299  0.61373 0.00000  0.60880 0.05864
 300  0.61833 0.00000  0.60881 0.05863
 301  0.61814 0.00000  0.60880 0.05863
 302  0.61527 0.00000  0.60876 0.05863
 303  0.62219 0.00000  0.60882 0.05862
 304  0.61850 0.00000  0.60882 0.05863
 305  0.61912 0.00000  0.60882 0.05862
 306  0.61598 0.00000  0.60877 0.05862
 307  0.61071 0.00000  0.60871 0.05861
 308  0.61764 0.00000  0.60870 0.05861
 309  0.61990 0.00000  0.60869 0.05861
 310  0.61400 0.00000  0.60873 0.05861
 311  0.61452 0.00000  0.60868 0.05862
 312  0.61051 0.00000  0.60863 0.05861
 313  0.62212 0.00000  0.60867 0.05861
 314  0.61818 0.00000  0.60865 0.05861
 315  0.61520 0.00000  0.60866 0.05860
 316  0.61609 0.00000  0.60866 0.05860
 317  0.61235 0.00000  0.60862 0.05860
 318  0.62145 0.00000  0.60865 0.05859
 319  0.61172 0.00000  0.60861 0.05859
 320  0.62073 0.00000  0.60863 0.05859
 321  0.61786 0.00000  0.60867 0.05859
 322  0.62103 0.00000  0.60865 0.05859
 323  0.61664 0.00000  0.60868 0.05859
 324  0.61348 0.00000  0.60861 0.05859
 325  0.61965 0.00000  0.60866 0.05859
 326  0.61748 0.00000  0.60868 0.05859
 327  0.61681 0.00000  0.60869 0.05858
 328  0.62158 0.00000  0.60870 0.05858
 329  0.61654 0.00000  0.60867 0.05858
 330  0.61715 0.00000  0.60866 0.05858
 331  0.61381 0.00000  0.60860 0.05857
 332  0.61437 0.00000  0.60860 0.05857
 333  0.61908 0.00000  0.60863 0.05857
 334  0.62330 0.00000  0.60867 0.05857
 335  0.62019 0.00000  0.60868 0.05857
 336  0.61810 0.00000  0.60864 0.05857
 337  0.61873 0.00000  0.60869 0.05858
 338  0.61630 0.00000  0.60866 0.05857
 339  0.62319 0.00000  0.60867 0.05857
 340  0.62042 0.00000  0.60869 0.05856
 341  0.61582 0.00000  0.60866 0.05857
 342  0.61987 0.00000  0.60866 0.05856
 343  0.62171 0.00000  0.60869 0.05857
 344  0.62369 0.00000  0.60872 0.05857
 345  0.61547 0.00000  0.60871 0.05857
 346  0.61641 0.00000  0.60868 0.05857
 347  0.61966 0.00000  0.60871 0.05856
 348  0.61768 0.00000  0.60866 0.05856
 349  0.61790 0.00000  0.60868 0.05856
 350  0.61956 0.00000  0.60866 0.05855
 351  0.62092 0.00000  0.60870 0.05855
 352  0.61911 0.00000  0.60868 0.05856
 353  0.61925 0.00000  0.60870 0.05855
 354  0.62108 0.00000  0.60874 0.05855
 355  0.61815 0.00000  0.60870 0.05855
 356  0.61960 0.00000  0.60872 0.05855
 357  0.61897 0.00000  0.60871 0.05855
 358  0.61660 0.00000  0.60868 0.05855
 359  0.61763 0.00000  0.60868 0.05855
 360  0.61551 0.00000  0.60872 0.05855
 361  0.61504 0.00000  0.60869 0.05855
 362  0.61464 0.00000  0.60867 0.05855
 363  0.61854 0.00000  0.60864 0.05855
 364  0.62069 0.00000  0.60867 0.05855
 365  0.61339 0.00000  0.60869 0.05855
 366  0.61137 0.00000  0.60866 0.05855
 367  0.61301 0.00000  0.60862 0.05855
 368  0.61914 0.00000  0.60865 0.05855
 369  0.61675 0.00000  0.60867 0.05856
 370  0.61786 0.00000  0.60867 0.05855
 371  0.62260 0.00000  0.60870 0.05855
 372  0.62045 0.00000  0.60870 0.05856
 373  0.62241 0.00000  0.60872 0.05855
 374  0.61215 0.00000  0.60868 0.05855
 375  0.61866 0.00000  0.60871 0.05855
 376  0.61492 0.00000  0.60870 0.05854
 377  0.61762 0.00000  0.60871 0.05855
 378  0.61892 0.00000  0.60869 0.05855
 379  0.60893 0.00000  0.60862 0.05854
 380  0.61879 0.00000  0.60865 0.05855
 381  0.61679 0.00000  0.60866 0.05855
 382  0.61731 0.00000  0.60868 0.05855
 383  0.62073 0.00000  0.60870 0.05855
 384  0.61922 0.00000  0.60874 0.05855
 385  0.61963 0.00000  0.60876 0.05855
 386  0.61763 0.00000  0.60876 0.05854
 387  0.61802 0.00000  0.60874 0.05854
 388  0.61684 0.00000  0.60873 0.05854
 389  0.61250 0.00000  0.60869 0.05853
 390  0.60925 0.00000  0.60861 0.05853
 391  0.61664 0.00000  0.60860 0.05854
 392  0.61018 0.00000  0.60856 0.05853
 393  0.61634 0.00000  0.60856 0.05853
 394  0.61799 0.00000  0.60858 0.05853
 395  0.62103 0.00000  0.60864 0.05853
 396  0.61361 0.00000  0.60861 0.05853
 397  0.61385 0.00000  0.60862 0.05853
 398  0.61433 0.00000  0.60861 0.05853
 399  0.61295 0.00000  0.60858 0.05853
 400  0.61583 0.00000  0.60860 0.05853
 401  0.61642 0.00000  0.60858 0.05853
 402  0.61275 0.00000  0.60856 0.05853
 403  0.61589 0.00000  0.60856 0.05853
 404  0.61903 0.00000  0.60861 0.05853
 405  0.61588 0.00000  0.60859 0.05852
 406  0.61915 0.00000  0.60862 0.05853
 407  0.62673 0.00000  0.60867 0.05853
 408  0.61685 0.00000  0.60872 0.05853
 409  0.61956 0.00000  0.60870 0.05853
 410  0.62058 0.00000  0.60869 0.05853
 411  0.61471 0.00000  0.60873 0.05853
 412  0.61302 0.00000  0.60866 0.05853
 413  0.61506 0.00000  0.60863 0.05852
 414  0.61972 0.00000  0.60868 0.05853
 415  0.61648 0.00000  0.60866 0.05853
 416  0.61950 0.00000  0.60869 0.05853
 417  0.61864 0.00000  0.60872 0.05853
 418  0.61770 0.00000  0.60874 0.05853
 419  0.61371 0.00000  0.60867 0.05853
 420  0.61522 0.00000  0.60866 0.05852
 421  0.61290 0.00000  0.60864 0.05852
 422  0.61749 0.00000  0.60862 0.05852
 423  0.61567 0.00000  0.60863 0.05852
 424  0.61895 0.00000  0.60867 0.05852
 425  0.62022 0.00000  0.60866 0.05852
 426  0.61381 0.00000  0.60862 0.05852
 427  0.62016 0.00000  0.60866 0.05852
 428  0.61837 0.00000  0.60867 0.05852
 429  0.61529 0.00000  0.60866 0.05852
 430  0.61890 0.00000  0.60866 0.05852
 431  0.61969 0.00000  0.60868 0.05852
 432  0.62058 0.00000  0.60866 0.05852
 433  0.61770 0.00000  0.60868 0.05851
 434  0.61830 0.00000  0.60871 0.05852
 435  0.62015 0.00000  0.60873 0.05852
 436  0.62011 0.00000  0.60874 0.05852
 437  0.61011 0.00000  0.60869 0.05852
 438  0.62009 0.00000  0.60870 0.05852
 439  0.61647 0.00000  0.60869 0.05852
 440  0.61562 0.00000  0.60869 0.05852
 441  0.61206 0.00000  0.60862 0.05852
 442  0.61792 0.00000  0.60862 0.05852
 443  0.61925 0.00000  0.60866 0.05852
 444  0.61112 0.00000  0.60864 0.05852
 445  0.61724 0.00000  0.60866 0.05852
 446  0.61822 0.00000  0.60866 0.05852
 447  0.61437 0.00000  0.60862 0.05852
 448  0.61606 0.00000  0.60863 0.05852
 449  0.62098 0.00000  0.60863 0.05852
 450  0.61956 0.00000  0.60866 0.05852
 451  0.61726 0.00000  0.60867 0.05852
 452  0.61719 0.00000  0.60868 0.05852
 453  0.61863 0.00000  0.60865 0.05852
 454  0.61845 0.00000  0.60867 0.05852
 455  0.61782 0.00000  0.60868 0.05852
 456  0.61393 0.00000  0.60865 0.05852
 457  0.61771 0.00000  0.60865 0.05852
 458  0.61306 0.00000  0.60859 0.05852
 459  0.61887 0.00000  0.60861 0.05852
 460  0.61912 0.00000  0.60864 0.05852
 461  0.61758 0.00000  0.60866 0.05852
 462  0.62094 0.00000  0.60864 0.05852
 463  0.61664 0.00000  0.60863 0.05852
 464  0.61727 0.00000  0.60862 0.05852
 465  0.61559 0.00000  0.60862 0.05852
 466  0.61740 0.00000  0.60863 0.05852
 467  0.62209 0.00000  0.60868 0.05852
 468  0.61724 0.00000  0.60867 0.05852
 469  0.61748 0.00000  0.60868 0.05852
 470  0.61670 0.00000  0.60870 0.05852
 471  0.61678 0.00000  0.60870 0.05852
 472  0.61393 0.00000  0.60867 0.05852
 473  0.61589 0.00000  0.60867 0.05852
 474  0.62432 0.00000  0.60873 0.05852
 475  0.61582 0.00000  0.60868 0.05852
 476  0.62000 0.00000  0.60869 0.05852
 477  0.62289 0.00000  0.60872 0.05852
 478  0.61761 0.00000  0.60871 0.05852
 479  0.61709 0.00000  0.60870 0.05852
 480  0.61978 0.00000  0.60870 0.05852
 481  0.61373 0.00000  0.60869 0.05852
 482  0.61740 0.00000  0.60872 0.05852
 483  0.62212 0.00000  0.60872 0.05852
 484  0.61935 0.00000  0.60871 0.05852
 485  0.61932 0.00000  0.60875 0.05852
 486  0.61750 0.00000  0.60874 0.05852
 487  0.62058 0.00000  0.60873 0.05852
 488  0.62302 0.00000  0.60876 0.05852
 489  0.61470 0.00000  0.60875 0.05852
 490  0.61956 0.00000  0.60875 0.05852
 491  0.61862 0.00000  0.60873 0.05851
 492  0.61769 0.00000  0.60873 0.05852
 493  0.61263 0.00000  0.60869 0.05852
 494  0.61349 0.00000  0.60866 0.05851
 495  0.61559 0.00000  0.60867 0.05852
 496  0.61640 0.00000  0.60865 0.05852
 497  0.61792 0.00000  0.60868 0.05852
 498  0.61623 0.00000  0.60870 0.05852
 499  0.61822 0.00000  0.60872 0.05852
chose model 123 S_auc_124
chose model 167 S_auc_168
chose model 88 S_auc_89
chose model 150 S_auc_151
chose model 140 S_auc_141
chose model 71 S_auc_72
chose model 81 S_auc_82
chose model 7 S_auc_8
chose model 65 S_auc_66
chose model 64 S_auc_65
processing 3000 predictions...

0%   10   20   30   40   50   60   70   80   90   100%
|----|----|----|----|----|----|----|----|----|----|
***************************************************
 done.
elapsed: [2699.46s cpu, 2592669.2865 mticks, 970.05s wall]
score: 0.0585  baseline: 0.0597  diff: -0.00115
category UNKNOWN: count 0 avg error 0 baseline avg error 0 avg improvement 0
category AUTO: count 1792 avg error 0.0247787 baseline avg error 0.0277302 avg improvement 0.00295157
category POSS: count 1046 avg error 0.0810463 baseline avg error 0.080278 avg improvement -0.00076832
category IMP: count 162 avg error 0.286098 baseline avg error 0.279722 avg improvement -0.00637533
overall: count 3000 avg error 0.0585086 baseline avg error 0.0596595 avg improvement 0.00115092
worst entries: 
0: 1092  label: 1 pred: -0.948153 bl: -0.11885 POSS error_pred: 0.766411 error_bl: 0.518329 improvement: -0.248082
    min: -1  max: 0.578 avg: -0.303208
explanation: 
no explanation

1: 2507  label: 1 pred: -0.995669 bl: -0.2767 POSS error_pred: 0.817562 error_bl: 0.674339 improvement: -0.143223
    min: -0.9835  max: 0.402 avg: -0.28284
explanation: 
no explanation

2: 2250  label: 1 pred: -0.818792 bl: -0.0928 POSS error_pred: 0.618926 error_bl: 0.484228 improvement: -0.134697
    min: -0.6375  max: 0.3265 avg: -0.040315
explanation: 
no explanation

3: 90  label: 1 pred: -0.819643 bl: -0.1001 POSS error_pred: 0.619778 error_bl: 0.49318 improvement: -0.126598
    min: -0.7185  max: 0.6665 avg: -0.10141
explanation: 
no explanation

4: 718  label: 1 pred: 0.118979 bl: 0.5545 POSS error_pred: 0.15942 error_bl: 0.0358056 improvement: -0.123615
    min: -0.589  max: 0.985 avg: 0.38098
explanation: 
no explanation

5: 280  label: 1 pred: -0.309459 bl: 0.28535 POSS error_pred: 0.278772 error_bl: 0.161125 improvement: -0.117647
    min: -0.6345  max: 0.495 avg: -0.0180125
explanation: 
no explanation

6: 1531  label: 1 pred: -0.487962 bl: 0.17945 POSS error_pred: 0.354646 error_bl: 0.239557 improvement: -0.11509
    min: -0.5455  max: 0.742 avg: 0.215822
explanation: 
no explanation

7: 745  label: 1 pred: -0.944699 bl: -0.2459 POSS error_pred: 0.760443 error_bl: 0.648764 improvement: -0.111679
    min: -0.9205  max: 0.1465 avg: -0.37136
explanation: 
no explanation

8: 2300  label: 1 pred: -0.468342 bl: 0.1808 POSS error_pred: 0.343563 error_bl: 0.236999 improvement: -0.106564
    min: -0.6205  max: 0.5445 avg: 0.146872
explanation: 
no explanation

9: 2961  label: 1 pred: -0.706017 bl: 0.0083 POSS error_pred: 0.498721 error_bl: 0.393862 improvement: -0.104859
    min: -0.62  max: 0.4345 avg: 0.0048525
explanation: 
no explanation

10: 2417  label: 1 pred: -0.824588 bl: -0.12085 POSS error_pred: 0.624893 error_bl: 0.521739 improvement: -0.103154
    min: -0.7555  max: 0.1615 avg: -0.17202
explanation: 
no explanation

11: 2165  label: 1 pred: -0.566808 bl: 0.0904 POSS error_pred: 0.395567 error_bl: 0.30861 improvement: -0.0869566
    min: -0.409  max: 0.7485 avg: 0.165025
explanation: 
no explanation

12: 1215  label: -1 pred: 0.825156 bl: 0.63085 IMP error_pred: 0.568145 error_bl: 0.484948 improvement: -0.0831965
    min: 0.418  max: 0.8015 avg: 0.635002
explanation: 
no explanation

13: 428  label: 1 pred: 0.272498 bl: 0.5261 POSS error_pred: 0.123615 error_bl: 0.0409207 improvement: -0.0826939
    min: -0.4245  max: 0.9535 avg: 0.38738
explanation: 
no explanation

14: 1773  label: 1 pred: -0.726712 bl: -0.045 POSS error_pred: 0.523444 error_bl: 0.442455 improvement: -0.0809889
    min: -0.5375  max: 0.3535 avg: -0.09664
explanation: 
no explanation

15: 1646  label: 1 pred: 0.243064 bl: 0.48685 POSS error_pred: 0.130435 error_bl: 0.0520034 improvement: -0.0784314
    min: -0.3705  max: 0.935 avg: 0.504232
explanation: 
no explanation

16: 693  label: 1 pred: -0.548661 bl: 0.0924 POSS error_pred: 0.385337 error_bl: 0.306905 improvement: -0.0784314
    min: -0.533  max: 0.308 avg: -0.01825
explanation: 
no explanation

17: 2005  label: -1 pred: 0.670164 bl: 0.46985 IMP error_pred: 0.347017 error_bl: 0.271483 improvement: -0.0755337
    min: 0.3275  max: 0.6315 avg: 0.47468
explanation: 
no explanation

18: 1870  label: -1 pred: 0.758407 bl: 0.5544 IMP error_pred: 0.450465 error_bl: 0.377668 improvement: -0.0727969
    min: 0.3515  max: 0.768 avg: 0.606623
explanation: 
no explanation

19: 1512  label: 1 pred: 0.370576 bl: 0.6152 POSS error_pred: 0.100597 error_bl: 0.028133 improvement: -0.0724638
    min: -0.2705  max: 1 avg: 0.380375
explanation: 
no explanation

20: 2987  label: 1 pred: -0.719331 bl: -0.0487 POSS error_pred: 0.515772 error_bl: 0.443308 improvement: -0.0724638
    min: -0.4435  max: 0.521 avg: -0.0059025
explanation: 
no explanation

21: 2654  label: 1 pred: -0.0962164 bl: 0.3079 POSS error_pred: 0.217391 error_bl: 0.148338 improvement: -0.0690537
    min: -0.4515  max: 0.7505 avg: 0.321305
explanation: 
no explanation

22: 1906  label: 1 pred: -0.461804 bl: 0.1416 POSS error_pred: 0.341859 error_bl: 0.272805 improvement: -0.0690537
    min: -0.5435  max: 0.3075 avg: -0.02895
explanation: 
no explanation

23: 2924  label: 1 pred: -0.0898477 bl: 0.3068 POSS error_pred: 0.216539 error_bl: 0.14919 improvement: -0.0673487
    min: -0.369  max: 0.853 avg: 0.315173
explanation: 
no explanation

24: 2366  label: -1 pred: 0.792805 bl: 0.5951 IMP error_pred: 0.505747 error_bl: 0.438424 improvement: -0.0673235
    min: 0.4025  max: 0.7505 avg: 0.574608
explanation: 
no explanation

25: 1430  label: -1 pred: 0.758542 bl: 0.5584 IMP error_pred: 0.451013 error_bl: 0.385331 improvement: -0.0656814
    min: 0.4275  max: 0.838 avg: 0.65181
explanation: 
no explanation

26: 2152  label: 1 pred: -0.59367 bl: 0.058 POSS error_pred: 0.410912 error_bl: 0.345269 improvement: -0.0656437
    min: -0.4425  max: 0.4665 avg: 0.145083
explanation: 
no explanation

27: 752  label: -1 pred: 0.749253 bl: 0.54855 IMP error_pred: 0.436234 error_bl: 0.371648 improvement: -0.0645868
    min: 0.331  max: 0.79 avg: 0.5239
explanation: 
no explanation

28: 1336  label: -1 pred: 0.668532 bl: 0.4775 IMP error_pred: 0.345375 error_bl: 0.282978 improvement: -0.0623974
    min: 0.313  max: 0.7125 avg: 0.512708
explanation: 
no explanation

29: 1507  label: -1 pred: 0.804227 bl: 0.6162 IMP error_pred: 0.525452 error_bl: 0.463054 improvement: -0.0623974
    min: 0.429  max: 0.898 avg: 0.618935
explanation: 
no explanation

30: 2428  label: 1 pred: -0.083479 bl: 0.29435 POSS error_pred: 0.213981 error_bl: 0.154305 improvement: -0.0596761
    min: -0.2145  max: 0.8375 avg: 0.31166
explanation: 
no explanation

31: 1569  label: 1 pred: -0.653873 bl: 0.01255 POSS error_pred: 0.449275 error_bl: 0.390452 improvement: -0.0588235
    min: -0.551  max: 0.2925 avg: 0.0059775
explanation: 
no explanation

32: 536  label: 1 pred: -0.224702 bl: 0.23275 POSS error_pred: 0.256607 error_bl: 0.197783 improvement: -0.0588235
    min: -0.2835  max: 0.7705 avg: 0.063525
explanation: 
no explanation

33: 190  label: 1 pred: -0.370151 bl: 0.18465 POSS error_pred: 0.29497 error_bl: 0.236147 improvement: -0.0588235
    min: -0.411  max: 0.586 avg: 0.107025
explanation: 
no explanation

34: 2010  label: -1 pred: 0.830134 bl: 0.64855 IMP error_pred: 0.573618 error_bl: 0.515326 improvement: -0.0582923
    min: 0.4225  max: 0.7675 avg: 0.59126
explanation: 
no explanation

35: 1517  label: 1 pred: -0.522806 bl: 0.0858 POSS error_pred: 0.368286 error_bl: 0.31202 improvement: -0.056266
    min: -0.4385  max: 0.3975 avg: -0.000215
explanation: 
no explanation

36: 2650  label: 1 pred: 0.420474 bl: 0.56685 POSS error_pred: 0.0886616 error_bl: 0.0332481 improvement: -0.0554135
    min: -0.393  max: 1 avg: 0.511205
explanation: 
no explanation

37: 1023  label: -1 pred: 0.847571 bl: 0.6746 IMP error_pred: 0.605364 error_bl: 0.551724 improvement: -0.0536398
    min: 0.4315  max: 0.856 avg: 0.642913
explanation: 
no explanation

38: 1574  label: -1 pred: 0.792553 bl: 0.60335 IMP error_pred: 0.5052 error_bl: 0.452107 improvement: -0.0530925
    min: 0.427  max: 0.893 avg: 0.640835
explanation: 
no explanation

39: 1951  label: 1 pred: -0.73119 bl: -0.07925 POSS error_pred: 0.526854 error_bl: 0.474851 improvement: -0.0520034
    min: -0.278  max: 0.6195 avg: 0.149905
explanation: 
no explanation

40: 2568  label: -1 pred: 0.426208 bl: 0.3432 IMP error_pred: 0.19595 error_bl: 0.143952 improvement: -0.0519978
    min: 0.26  max: 0.4965 avg: 0.376567
explanation: 
no explanation

41: 1788  label: 1 pred: -0.448899 bl: 0.12955 POSS error_pred: 0.329923 error_bl: 0.278772 improvement: -0.0511509
    min: -0.5465  max: 0.424 avg: 0.0594075
explanation: 
no explanation

42: 2262  label: 1 pred: 0.435895 bl: 0.5767 POSS error_pred: 0.0818414 error_bl: 0.0323955 improvement: -0.0494459
    min: -0.601  max: 1 avg: 0.464955
explanation: 
no explanation

43: 1035  label: -1 pred: 0.465754 bl: 0.37035 IMP error_pred: 0.215654 error_bl: 0.16694 improvement: -0.0487137
    min: 0.251  max: 0.6065 avg: 0.413388
explanation: 
no explanation

44: 437  label: 1 pred: 0.391137 bl: 0.49485 POSS error_pred: 0.0980392 error_bl: 0.0494459 improvement: -0.0485933
    min: -0.349  max: 0.7875 avg: 0.454582
explanation: 
no explanation

45: 99  label: -1 pred: 0.932392 bl: 0.80035 IMP error_pred: 0.777778 error_bl: 0.729611 improvement: -0.0481664
    min: 0.599  max: 1 avg: 0.823115
explanation: 
no explanation

46: 1306  label: -1 pred: 0.793435 bl: 0.61505 IMP error_pred: 0.507389 error_bl: 0.460317 improvement: -0.0470717
    min: 0.3625  max: 0.7805 avg: 0.5647
explanation: 
no explanation

47: 2741  label: 1 pred: 0.520043 bl: 0.6459 POSS error_pred: 0.0656437 error_bl: 0.0196078 improvement: -0.0460358
    min: -0.221  max: 0.884 avg: 0.402158
explanation: 
no explanation

48: 623  label: -1 pred: 0.740378 bl: 0.55515 IMP error_pred: 0.424193 error_bl: 0.378763 improvement: -0.0454297
    min: 0.338  max: 0.975 avg: 0.559713
explanation: 
no explanation

49: 244  label: -1 pred: 0.494602 bl: 0.3865 IMP error_pred: 0.229338 error_bl: 0.185003 improvement: -0.044335
    min: 0.248  max: 0.6615 avg: 0.458785
explanation: 
no explanation

best entries: 
0: 314  label: -1 pred: 0.639184 bl: 0.7058 POSS error_pred: 0.323481 error_bl: 0.598248 improvement: 0.274767
1: 132  label: -1 pred: 0.671065 bl: 0.7105 IMP error_pred: 0.347564 error_bl: 0.607006 improvement: 0.259442
2: 789  label: -1 pred: 0.714637 bl: 0.72475 IMP error_pred: 0.393541 error_bl: 0.626163 improvement: 0.232622
3: 2418  label: -1 pred: 0.61088 bl: 0.64805 POSS error_pred: 0.298303 error_bl: 0.514505 improvement: 0.216201
4: 1823  label: -1 pred: 0.588492 bl: 0.63535 POSS error_pred: 0.279693 error_bl: 0.489327 improvement: 0.209633
5: 2072  label: -1 pred: 0.316235 bl: 0.50915 POSS error_pred: 0.15052 error_bl: 0.322386 improvement: 0.171866
6: 2343  label: -1 pred: 0.638199 bl: 0.63725 IMP error_pred: 0.323481 error_bl: 0.494253 improvement: 0.170772
7: 1671  label: -1 pred: 0.332167 bl: 0.5107 POSS error_pred: 0.154351 error_bl: 0.323481 improvement: 0.16913
8: 804  label: -1 pred: 0.666865 bl: 0.6401 IMP error_pred: 0.344828 error_bl: 0.500274 improvement: 0.155446
9: 221  label: -1 pred: 0.527623 bl: 0.57005 POSS error_pred: 0.246853 error_bl: 0.400109 improvement: 0.153257
10: 1066  label: -1 pred: 0.336538 bl: 0.47205 POSS error_pred: 0.154899 error_bl: 0.272578 improvement: 0.117679
11: 2596  label: -1 pred: 0.22869 bl: 0.43525 POSS error_pred: 0.125342 error_bl: 0.230432 improvement: 0.10509
12: 229  label: -1 pred: 0.830158 bl: 0.7574 IMP error_pred: 0.573618 error_bl: 0.673235 improvement: 0.0996169
13: 2142  label: -1 pred: 0.336162 bl: 0.45295 POSS error_pred: 0.154899 error_bl: 0.252053 improvement: 0.0971538
14: 2050  label: -1 pred: 0.967085 bl: 0.9739 IMP error_pred: 0.848933 error_bl: 0.939245 improvement: 0.090312
15: 2100  label: -1 pred: 0.756632 bl: 0.65885 IMP error_pred: 0.445539 error_bl: 0.528188 improvement: 0.0826491
16: 1896  label: -1 pred: -0.0219255 bl: 0.3683 POSS error_pred: 0.0826491 error_bl: 0.164751 improvement: 0.0821018
17: 2684  label: -1 pred: 0.654487 bl: 0.5769 IMP error_pred: 0.334428 error_bl: 0.411604 improvement: 0.0771757
18: 2938  label: -1 pred: 0.496183 bl: 0.49345 POSS error_pred: 0.229885 error_bl: 0.300493 improvement: 0.0706076
19: 1884  label: -1 pred: 0.182644 bl: 0.38755 POSS error_pred: 0.119321 error_bl: 0.18555 improvement: 0.0662288
20: 1183  label: -1 pred: 0.0949278 bl: 0.37115 POSS error_pred: 0.101806 error_bl: 0.167488 improvement: 0.0656814
21: 2764  label: -1 pred: 0.741202 bl: 0.6356 IMP error_pred: 0.425835 error_bl: 0.489874 improvement: 0.0640394
22: 2585  label: 1 pred: -0.7661 bl: -0.21185 POSS error_pred: 0.560102 error_bl: 0.621483 improvement: 0.061381
23: 2760  label: -1 pred: 0.434153 bl: 0.4613 POSS error_pred: 0.199234 error_bl: 0.260536 improvement: 0.0613027
24: 1879  label: -1 pred: 0.49961 bl: 0.4858 POSS error_pred: 0.23098 error_bl: 0.291188 improvement: 0.060208
25: 2817  label: -1 pred: 0.00849135 bl: 0.33635 POSS error_pred: 0.0848385 error_bl: 0.142857 improvement: 0.0580186
26: 171  label: 1 pred: -0.821477 bl: -0.28235 POSS error_pred: 0.620631 error_bl: 0.678602 improvement: 0.057971
27: 1120  label: -1 pred: 0.762799 bl: 0.64785 IMP error_pred: 0.457033 error_bl: 0.514505 improvement: 0.0574713
28: 2390  label: -1 pred: 0.435994 bl: 0.4546 POSS error_pred: 0.200328 error_bl: 0.255063 improvement: 0.0547345
29: 2426  label: 1 pred: -0.894329 bl: -0.36255 IMP error_pred: 0.696505 error_bl: 0.749361 improvement: 0.0528559
30: 852  label: -1 pred: 0.11301 bl: 0.35825 POSS error_pred: 0.104543 error_bl: 0.157088 improvement: 0.0525452
31: 1996  label: -1 pred: 0.598864 bl: 0.52155 IMP error_pred: 0.287904 error_bl: 0.339901 improvement: 0.0519978
32: 1394  label: -1 pred: 0.334046 bl: 0.409 POSS error_pred: 0.154351 error_bl: 0.205255 improvement: 0.0509031
33: 793  label: 1 pred: -0.371167 bl: 0.0594 POSS error_pred: 0.29497 error_bl: 0.344416 improvement: 0.0494459
34: 2345  label: -1 pred: 0.0845647 bl: 0.3508 POSS error_pred: 0.101259 error_bl: 0.150246 improvement: 0.0489874
35: 802  label: -1 pred: 0.846277 bl: 0.74075 IMP error_pred: 0.603175 error_bl: 0.651888 improvement: 0.0487137
36: 2008  label: -1 pred: 0.967976 bl: 0.9341 IMP error_pred: 0.850027 error_bl: 0.897646 improvement: 0.047619
37: 2522  label: -1 pred: 0.25244 bl: 0.38295 POSS error_pred: 0.133005 error_bl: 0.180077 improvement: 0.0470717
38: 883  label: 1 pred: -0.569145 bl: -0.04605 POSS error_pred: 0.396419 error_bl: 0.442455 improvement: 0.0460358
39: 286  label: -1 pred: 0.187917 bl: 0.3708 POSS error_pred: 0.120963 error_bl: 0.16694 improvement: 0.045977
40: 2970  label: -1 pred: 0.516859 bl: 0.4797 IMP error_pred: 0.241379 error_bl: 0.285714 improvement: 0.044335
41: 898  label: -1 pred: 0.0129698 bl: 0.3132 POSS error_pred: 0.0848385 error_bl: 0.126437 improvement: 0.0415983
42: 1061  label: -1 pred: -0.273525 bl: 0.24895 POSS error_pred: 0.0487137 error_bl: 0.0892173 improvement: 0.0405036
43: 1493  label: 1 pred: -0.152802 bl: 0.1413 POSS error_pred: 0.232737 error_bl: 0.272805 improvement: 0.0400682
44: 1357  label: 1 pred: -0.154836 bl: 0.139 AUTO error_pred: 0.233589 error_bl: 0.273657 improvement: 0.0400681
45: 1985  label: -1 pred: 0.287123 bl: 0.3835 POSS error_pred: 0.141215 error_bl: 0.181171 improvement: 0.0399562
46: 2035  label: -1 pred: 0.854587 bl: 0.74805 IMP error_pred: 0.620142 error_bl: 0.660098 improvement: 0.0399562
47: 2547  label: 1 pred: -0.639518 bl: -0.08315 POSS error_pred: 0.439898 error_bl: 0.47954 improvement: 0.0396419
48: 1013  label: -1 pred: 0.344019 bl: 0.40015 IMP error_pred: 0.157088 error_bl: 0.196497 improvement: 0.0394089
49: 814  label: 1 pred: 0.369066 bl: 0.3338 AUTO error_pred: 0.102302 error_bl: 0.141517 improvement: 0.0392157

total is 0
score for UNKNOWN: 1.0000 baseline: 1.0000 diff: 0.0000
total is 1792
score for AUTO: 0.0000 baseline: 0.0000 diff: 0.0000
total is 1046
score for POSS: 0.1859 baseline: 0.1814 diff: 0.0045
total is 162
score for IMP: 1.0000 baseline: 1.0000 diff: 0.0000
writing 15000 official test outputs

0%   10   20   30   40   50   60   70   80   90   100%
|----|----|----|----|----|----|----|----|----|----|
***************************************************
scores: [ 0.0585086 ]
0.0585 +/-    nan
2525.94user 176.39system 16:11.78elapsed 278%CPU (0avgtext+0avgdata 0maxresident)k
0inputs+336outputs (0major+67511104minor)pagefaults 0swaps
