loading data...Twoway_Layer::random_fill(): limit = 0.141421 ni = 50 no = 50
Twoway_Layer::random_fill(): limit = 0.141421 ni = 50 no = 1
iter  ---- train ----  ---- test -----
         rmse     auc     rmse     auc
   0  0.69457 0.00000  0.51048 0.00000
   1  0.48185 0.00000  0.47310 0.00000
   2  0.47450 0.00000  0.46732 0.00000
   3  0.45589 0.00000  0.46479 0.00000
   4  0.46418 0.00000  0.46331 0.00000
   5  0.46918 0.00000  0.46216 0.00000
   6  0.46912 0.00000  0.46122 0.00000
   7  0.46378 0.00000  0.46043 0.00000
   8  0.46402 0.00000  0.45978 0.00000
   9  0.45459 0.00000  0.45910 0.00000
  10  0.45793 0.00000  0.45851 0.00000
  11  0.46781 0.00000  0.45798 0.00000
  12  0.45454 0.00000  0.45747 0.00000
  13  0.45659 0.00000  0.45708 0.00000
  14  0.45557 0.00000  0.45647 0.00000
  15  0.45799 0.00000  0.45605 0.00000
  16  0.45756 0.00000  0.45563 0.00000
  17  0.46031 0.00000  0.45519 0.00000
  18  0.45850 0.00000  0.45480 0.00000
  19  0.45129 0.00000  0.45445 0.00000
  20  0.45453 0.00000  0.45406 0.00000
  21  0.44933 0.00000  0.45371 0.00000
  22  0.44777 0.00000  0.45339 0.00000
  23  0.44218 0.00000  0.45307 0.00000
  24  0.45068 0.00000  0.45273 0.00000
  25  0.45074 0.00000  0.45243 0.00000
  26  0.45585 0.00000  0.45217 0.00000
  27  0.44794 0.00000  0.45188 0.00000
  28  0.43992 0.00000  0.45160 0.00000
  29  0.45611 0.00000  0.45133 0.00000
  30  0.44338 0.00000  0.45110 0.00000
  31  0.45253 0.00000  0.45081 0.00000
  32  0.45261 0.00000  0.45059 0.00000
  33  0.44105 0.00000  0.45034 0.00000
  34  0.44763 0.00000  0.45014 0.00000
  35  0.45506 0.00000  0.44990 0.00000
  36  0.44919 0.00000  0.44971 0.00000
  37  0.44835 0.00000  0.44954 0.00000
  38  0.44719 0.00000  0.44931 0.00000
  39  0.44293 0.00000  0.44911 0.00000
  40  0.44290 0.00000  0.44901 0.00000
  41  0.43440 0.00000  0.44880 0.00000
  42  0.45257 0.00000  0.44870 0.00000
  43  0.43753 0.00000  0.44850 0.00000
  44  0.45496 0.00000  0.44844 0.00000
  45  0.44389 0.00000  0.44817 0.00000
  46  0.44467 0.00000  0.44805 0.00000
  47  0.45528 0.00000  0.44791 0.00000
  48  0.43887 0.00000  0.44771 0.00000
  49  0.45778 0.00000  0.44758 0.00000
  50  0.45057 0.00000  0.44741 0.00000
  51  0.44415 0.00000  0.44735 0.00000
  52  0.45033 0.00000  0.44723 0.00000
  53  0.45541 0.00000  0.44726 0.00000
  54  0.42733 0.00000  0.44699 0.00000
  55  0.45024 0.00000  0.44687 0.00000
  56  0.45359 0.00000  0.44670 0.00000
  57  0.44731 0.00000  0.44663 0.00000
  58  0.45186 0.00000  0.44660 0.00000
  59  0.44022 0.00000  0.44648 0.00000
  60  0.43890 0.00000  0.44630 0.00000
  61  0.44181 0.00000  0.44618 0.00000
  62  0.45219 0.00000  0.44610 0.00000
  63  0.44103 0.00000  0.44595 0.00000
  64  0.45021 0.00000  0.44587 0.00000
  65  0.44057 0.00000  0.44586 0.00000
  66  0.45119 0.00000  0.44577 0.00000
  67  0.44474 0.00000  0.44561 0.00000
  68  0.43811 0.00000  0.44564 0.00000
  69  0.44747 0.00000  0.44562 0.00000
  70  0.44138 0.00000  0.44544 0.00000
  71  0.44578 0.00000  0.44543 0.00000
  72  0.44531 0.00000  0.44534 0.00000
  73  0.43558 0.00000  0.44522 0.00000
  74  0.44015 0.00000  0.44521 0.00000
  75  0.44440 0.00000  0.44513 0.00000
  76  0.45478 0.00000  0.44515 0.00000
  77  0.43569 0.00000  0.44504 0.00000
  78  0.44867 0.00000  0.44497 0.00000
  79  0.44068 0.00000  0.44488 0.00000
  80  0.44178 0.00000  0.44485 0.00000
  81  0.45681 0.00000  0.44492 0.00000
  82  0.44581 0.00000  0.44478 0.00000
  83  0.45256 0.00000  0.44475 0.00000
  84  0.44956 0.00000  0.44472 0.00000
  85  0.44154 0.00000  0.44456 0.00000
  86  0.43609 0.00000  0.44453 0.00000
  87  0.43752 0.00000  0.44451 0.00000
  88  0.45238 0.00000  0.44458 0.00000
  89  0.45498 0.00000  0.44452 0.00000
  90  0.44520 0.00000  0.44451 0.00000
  91  0.44288 0.00000  0.44436 0.00000
  92  0.43530 0.00000  0.44433 0.00000
  93  0.44016 0.00000  0.44430 0.00000
  94  0.42711 0.00000  0.44427 0.00000
  95  0.45541 0.00000  0.44425 0.00000
  96  0.45063 0.00000  0.44420 0.00000
  97  0.44365 0.00000  0.44414 0.00000
  98  0.45339 0.00000  0.44411 0.00000
  99  0.43574 0.00000  0.44406 0.00000
 100  0.44946 0.00000  0.44400 0.00000
 101  0.44865 0.00000  0.44407 0.00000
 102  0.44209 0.00000  0.44402 0.00000
 103  0.44754 0.00000  0.44402 0.00000
 104  0.44220 0.00000  0.44403 0.00000
 105  0.44334 0.00000  0.44398 0.00000
 106  0.44826 0.00000  0.44405 0.00000
 107  0.43882 0.00000  0.44407 0.00000
 108  0.44661 0.00000  0.44414 0.00000
 109  0.44016 0.00000  0.44405 0.00000
 110  0.44012 0.00000  0.44408 0.00000
 111  0.44239 0.00000  0.44399 0.00000
 112  0.44240 0.00000  0.44384 0.00000
 113  0.44519 0.00000  0.44379 0.00000
 114  0.43661 0.00000  0.44380 0.00000
 115  0.43568 0.00000  0.44385 0.00000
 116  0.44331 0.00000  0.44392 0.00000
 117  0.44176 0.00000  0.44382 0.00000
 118  0.44562 0.00000  0.44388 0.00000
 119  0.44066 0.00000  0.44396 0.00000
 120  0.44437 0.00000  0.44396 0.00000
 121  0.43288 0.00000  0.44384 0.00000
 122  0.44376 0.00000  0.44383 0.00000
 123  0.43213 0.00000  0.44368 0.00000
 124  0.43931 0.00000  0.44364 0.00000
 125  0.45032 0.00000  0.44379 0.00000
 126  0.44527 0.00000  0.44378 0.00000
 127  0.44217 0.00000  0.44394 0.00000
 128  0.44548 0.00000  0.44390 0.00000
 129  0.43521 0.00000  0.44393 0.00000
 130  0.44771 0.00000  0.44393 0.00000
 131  0.44421 0.00000  0.44392 0.00000
 132  0.44298 0.00000  0.44406 0.00000
 133  0.44454 0.00000  0.44410 0.00000
 134  0.44659 0.00000  0.44392 0.00000
 135  0.44300 0.00000  0.44377 0.00000
 136  0.44675 0.00000  0.44393 0.00000
 137  0.43994 0.00000  0.44389 0.00000
 138  0.44075 0.00000  0.44380 0.00000
 139  0.43853 0.00000  0.44367 0.00000
 140  0.44085 0.00000  0.44382 0.00000
 141  0.43691 0.00000  0.44376 0.00000
 142  0.44720 0.00000  0.44377 0.00000
 143  0.43864 0.00000  0.44380 0.00000
 144  0.43712 0.00000  0.44373 0.00000
 145  0.43520 0.00000  0.44369 0.00000
 146  0.44433 0.00000  0.44371 0.00000
 147  0.45264 0.00000  0.44368 0.00000
 148  0.44730 0.00000  0.44363 0.00000
 149  0.44456 0.00000  0.44360 0.00000
 150  0.44027 0.00000  0.44361 0.00000
 151  0.44995 0.00000  0.44363 0.00000
 152  0.43886 0.00000  0.44378 0.00000
 153  0.43395 0.00000  0.44373 0.00000
 154  0.43965 0.00000  0.44382 0.00000
 155  0.44661 0.00000  0.44387 0.00000
 156  0.44961 0.00000  0.44402 0.00000
 157  0.44000 0.00000  0.44400 0.00000
 158  0.44783 0.00000  0.44395 0.00000
 159  0.43708 0.00000  0.44392 0.00000
 160  0.44310 0.00000  0.44385 0.00000
 161  0.44691 0.00000  0.44375 0.00000
 162  0.44813 0.00000  0.44381 0.00000
 163  0.45019 0.00000  0.44374 0.00000
 164  0.44666 0.00000  0.44375 0.00000
 165  0.45932 0.00000  0.44392 0.00000
 166  0.45354 0.00000  0.44385 0.00000
 167  0.43991 0.00000  0.44376 0.00000
 168  0.45281 0.00000  0.44386 0.00000
 169  0.43359 0.00000  0.44382 0.00000
 170  0.44516 0.00000  0.44381 0.00000
 171  0.44447 0.00000  0.44382 0.00000
 172  0.44753 0.00000  0.44384 0.00000
 173  0.44339 0.00000  0.44373 0.00000
 174  0.44122 0.00000  0.44377 0.00000
 175  0.44811 0.00000  0.44380 0.00000
 176  0.44000 0.00000  0.44378 0.00000
 177  0.44644 0.00000  0.44384 0.00000
 178  0.43978 0.00000  0.44380 0.00000
 179  0.44079 0.00000  0.44394 0.00000
 180  0.44270 0.00000  0.44386 0.00000
 181  0.44392 0.00000  0.44388 0.00000
 182  0.45400 0.00000  0.44393 0.00000
 183  0.44717 0.00000  0.44391 0.00000
 184  0.43783 0.00000  0.44393 0.00000
 185  0.44549 0.00000  0.44390 0.00000
 186  0.43939 0.00000  0.44382 0.00000
 187  0.44283 0.00000  0.44386 0.00000
 188  0.44313 0.00000  0.44375 0.00000
 189  0.44630 0.00000  0.44377 0.00000
 190  0.44488 0.00000  0.44384 0.00000
 191  0.44925 0.00000  0.44390 0.00000
 192  0.44318 0.00000  0.44397 0.00000
 193  0.45550 0.00000  0.44401 0.00000
 194  0.44938 0.00000  0.44398 0.00000
 195  0.44356 0.00000  0.44402 0.00000
 196  0.44112 0.00000  0.44406 0.00000
 197  0.44583 0.00000  0.44408 0.00000
 198  0.44465 0.00000  0.44403 0.00000
 199  0.44632 0.00000  0.44401 0.00000
 200  0.45448 0.00000  0.44389 0.00000
 201  0.44775 0.00000  0.44380 0.00000
 202  0.42831 0.00000  0.44390 0.00000
 203  0.43875 0.00000  0.44384 0.00000
 204  0.44417 0.00000  0.44382 0.00000
 205  0.43446 0.00000  0.44379 0.00000
 206  0.44311 0.00000  0.44387 0.00000
 207  0.43118 0.00000  0.44375 0.00000
 208  0.44678 0.00000  0.44383 0.00000
 209  0.44799 0.00000  0.44387 0.00000
 210  0.43905 0.00000  0.44388 0.00000
 211  0.44434 0.00000  0.44381 0.00000
 212  0.44490 0.00000  0.44388 0.00000
 213  0.44412 0.00000  0.44387 0.00000
 214  0.44219 0.00000  0.44389 0.00000
 215  0.45064 0.00000  0.44398 0.00000
 216  0.44489 0.00000  0.44401 0.00000
 217  0.43561 0.00000  0.44405 0.00000
 218  0.44271 0.00000  0.44405 0.00000
 219  0.43880 0.00000  0.44403 0.00000
 220  0.43961 0.00000  0.44405 0.00000
 221  0.45319 0.00000  0.44418 0.00000
 222  0.44582 0.00000  0.44420 0.00000
 223  0.43663 0.00000  0.44419 0.00000
 224  0.43062 0.00000  0.44410 0.00000
 225  0.43849 0.00000  0.44419 0.00000
 226  0.44657 0.00000  0.44419 0.00000
 227  0.44582 0.00000  0.44422 0.00000
 228  0.44557 0.00000  0.44430 0.00000
 229  0.45126 0.00000  0.44418 0.00000
 230  0.45288 0.00000  0.44419 0.00000
 231  0.44487 0.00000  0.44416 0.00000
 232  0.44156 0.00000  0.44415 0.00000
 233  0.43954 0.00000  0.44416 0.00000
 234  0.46191 0.00000  0.44422 0.00000
 235  0.43340 0.00000  0.44416 0.00000
 236  0.44391 0.00000  0.44407 0.00000
 237  0.44615 0.00000  0.44408 0.00000
 238  0.45317 0.00000  0.44406 0.00000
 239  0.44772 0.00000  0.44422 0.00000
 240  0.43972 0.00000  0.44414 0.00000
 241  0.44275 0.00000  0.44419 0.00000
 242  0.44385 0.00000  0.44418 0.00000
 243  0.43525 0.00000  0.44428 0.00000
 244  0.44622 0.00000  0.44439 0.00000
 245  0.43930 0.00000  0.44446 0.00000
 246  0.45176 0.00000  0.44450 0.00000
 247  0.42488 0.00000  0.44447 0.00000
 248  0.43432 0.00000  0.44454 0.00000
 249  0.44112 0.00000  0.44453 0.00000
 250  0.44902 0.00000  0.44444 0.00000
 251  0.43529 0.00000  0.44441 0.00000
 252  0.44420 0.00000  0.44442 0.00000
 253  0.44463 0.00000  0.44447 0.00000
 254  0.44313 0.00000  0.44446 0.00000
 255  0.43938 0.00000  0.44442 0.00000
 256  0.43772 0.00000  0.44445 0.00000
 257  0.44123 0.00000  0.44446 0.00000
 258  0.44529 0.00000  0.44445 0.00000
 259  0.43622 0.00000  0.44432 0.00000
 260  0.45221 0.00000  0.44424 0.00000
 261  0.44319 0.00000  0.44421 0.00000
 262  0.43633 0.00000  0.44432 0.00000
 263  0.44795 0.00000  0.44429 0.00000
 264  0.45612 0.00000  0.44430 0.00000
 265  0.43906 0.00000  0.44423 0.00000
 266  0.44738 0.00000  0.44415 0.00000
 267  0.44937 0.00000  0.44411 0.00000
 268  0.44017 0.00000  0.44409 0.00000
 269  0.44714 0.00000  0.44410 0.00000
 270  0.44268 0.00000  0.44405 0.00000
 271  0.44640 0.00000  0.44409 0.00000
 272  0.44454 0.00000  0.44410 0.00000
 273  0.45181 0.00000  0.44423 0.00000
 274  0.44666 0.00000  0.44421 0.00000
 275  0.44159 0.00000  0.44425 0.00000
 276  0.45008 0.00000  0.44426 0.00000
 277  0.44507 0.00000  0.44418 0.00000
 278  0.44436 0.00000  0.44408 0.00000
 279  0.43903 0.00000  0.44407 0.00000
 280  0.44389 0.00000  0.44406 0.00000
 281  0.45669 0.00000  0.44418 0.00000
 282  0.44422 0.00000  0.44422 0.00000
 283  0.44830 0.00000  0.44416 0.00000
 284  0.43970 0.00000  0.44416 0.00000
 285  0.43745 0.00000  0.44410 0.00000
 286  0.44769 0.00000  0.44414 0.00000
 287  0.43614 0.00000  0.44405 0.00000
 288  0.45142 0.00000  0.44413 0.00000
 289  0.44684 0.00000  0.44412 0.00000
 290  0.44314 0.00000  0.44412 0.00000
 291  0.44384 0.00000  0.44407 0.00000
 292  0.45618 0.00000  0.44414 0.00000
 293  0.43915 0.00000  0.44411 0.00000
 294  0.44883 0.00000  0.44413 0.00000
 295  0.44468 0.00000  0.44419 0.00000
 296  0.44202 0.00000  0.44421 0.00000
 297  0.45083 0.00000  0.44429 0.00000
 298  0.43134 0.00000  0.44431 0.00000
 299  0.44590 0.00000  0.44410 0.00000
 300  0.44194 0.00000  0.44415 0.00000
 301  0.43893 0.00000  0.44421 0.00000
 302  0.43904 0.00000  0.44431 0.00000
 303  0.43975 0.00000  0.44433 0.00000
 304  0.43173 0.00000  0.44423 0.00000
 305  0.44125 0.00000  0.44418 0.00000
 306  0.45174 0.00000  0.44432 0.00000
 307  0.43909 0.00000  0.44430 0.00000
 308  0.43183 0.00000  0.44428 0.00000
 309  0.44522 0.00000  0.44422 0.00000
 310  0.44255 0.00000  0.44419 0.00000
 311  0.44760 0.00000  0.44412 0.00000
 312  0.45454 0.00000  0.44419 0.00000
 313  0.43828 0.00000  0.44416 0.00000
 314  0.43321 0.00000  0.44425 0.00000
 315  0.44784 0.00000  0.44431 0.00000
 316  0.44060 0.00000  0.44420 0.00000
 317  0.45572 0.00000  0.44416 0.00000
 318  0.44377 0.00000  0.44416 0.00000
 319  0.45233 0.00000  0.44430 0.00000
 320  0.44622 0.00000  0.44424 0.00000
 321  0.44627 0.00000  0.44426 0.00000
 322  0.45501 0.00000  0.44423 0.00000
 323  0.44688 0.00000  0.44409 0.00000
 324  0.44522 0.00000  0.44416 0.00000
 325  0.43899 0.00000  0.44408 0.00000
 326  0.43582 0.00000  0.44417 0.00000
 327  0.44479 0.00000  0.44418 0.00000
 328  0.44215 0.00000  0.44418 0.00000
 329  0.44552 0.00000  0.44423 0.00000
 330  0.45255 0.00000  0.44423 0.00000
 331  0.44611 0.00000  0.44426 0.00000
 332  0.44734 0.00000  0.44419 0.00000
 333  0.44177 0.00000  0.44417 0.00000
 334  0.44724 0.00000  0.44417 0.00000
 335  0.43294 0.00000  0.44415 0.00000
 336  0.43679 0.00000  0.44421 0.00000
 337  0.44663 0.00000  0.44427 0.00000
 338  0.45253 0.00000  0.44438 0.00000
 339  0.44029 0.00000  0.44433 0.00000
 340  0.43523 0.00000  0.44423 0.00000
 341  0.43127 0.00000  0.44433 0.00000
 342  0.45521 0.00000  0.44441 0.00000
 343  0.45144 0.00000  0.44444 0.00000
 344  0.43766 0.00000  0.44432 0.00000
 345  0.43816 0.00000  0.44429 0.00000
 346  0.43837 0.00000  0.44426 0.00000
 347  0.44531 0.00000  0.44426 0.00000
 348  0.44229 0.00000  0.44438 0.00000
 349  0.44424 0.00000  0.44437 0.00000
 350  0.44560 0.00000  0.44454 0.00000
 351  0.43120 0.00000  0.44452 0.00000
 352  0.43524 0.00000  0.44442 0.00000
 353  0.45351 0.00000  0.44444 0.00000
 354  0.44521 0.00000  0.44438 0.00000
 355  0.44859 0.00000  0.44437 0.00000
 356  0.43819 0.00000  0.44439 0.00000
 357  0.44995 0.00000  0.44441 0.00000
 358  0.44615 0.00000  0.44449 0.00000
 359  0.44992 0.00000  0.44455 0.00000
 360  0.43957 0.00000  0.44455 0.00000
 361  0.43520 0.00000  0.44451 0.00000
 362  0.44788 0.00000  0.44461 0.00000
 363  0.44492 0.00000  0.44453 0.00000
 364  0.44484 0.00000  0.44456 0.00000
 365  0.43554 0.00000  0.44445 0.00000
 366  0.44047 0.00000  0.44453 0.00000
 367  0.44214 0.00000  0.44455 0.00000
 368  0.44767 0.00000  0.44453 0.00000
 369  0.44642 0.00000  0.44452 0.00000
 370  0.44539 0.00000  0.44456 0.00000
 371  0.45134 0.00000  0.44442 0.00000
 372  0.44557 0.00000  0.44440 0.00000
 373  0.44831 0.00000  0.44448 0.00000
 374  0.44642 0.00000  0.44456 0.00000
 375  0.44173 0.00000  0.44449 0.00000
 376  0.44672 0.00000  0.44440 0.00000
 377  0.43989 0.00000  0.44447 0.00000
 378  0.45221 0.00000  0.44457 0.00000
 379  0.43950 0.00000  0.44457 0.00000
 380  0.43721 0.00000  0.44446 0.00000
 381  0.43315 0.00000  0.44453 0.00000
 382  0.45487 0.00000  0.44469 0.00000
 383  0.43832 0.00000  0.44470 0.00000
 384  0.43745 0.00000  0.44467 0.00000
 385  0.44734 0.00000  0.44466 0.00000
 386  0.44248 0.00000  0.44462 0.00000
 387  0.45422 0.00000  0.44463 0.00000
 388  0.45016 0.00000  0.44462 0.00000
 389  0.44310 0.00000  0.44456 0.00000
 390  0.45447 0.00000  0.44457 0.00000
 391  0.44570 0.00000  0.44448 0.00000
 392  0.43598 0.00000  0.44453 0.00000
 393  0.43765 0.00000  0.44455 0.00000
 394  0.43078 0.00000  0.44458 0.00000
 395  0.44037 0.00000  0.44452 0.00000
 396  0.44351 0.00000  0.44435 0.00000
 397  0.44036 0.00000  0.44434 0.00000
 398  0.45230 0.00000  0.44437 0.00000
 399  0.43649 0.00000  0.44447 0.00000
 400  0.44984 0.00000  0.44442 0.00000
 401  0.43869 0.00000  0.44448 0.00000
 402  0.43732 0.00000  0.44452 0.00000
 403  0.43894 0.00000  0.44443 0.00000
 404  0.43920 0.00000  0.44443 0.00000
 405  0.44325 0.00000  0.44440 0.00000
 406  0.45020 0.00000  0.44434 0.00000
 407  0.44979 0.00000  0.44435 0.00000
 408  0.43996 0.00000  0.44425 0.00000
 409  0.44001 0.00000  0.44425 0.00000
 410  0.44775 0.00000  0.44430 0.00000
 411  0.45382 0.00000  0.44438 0.00000
 412  0.45161 0.00000  0.44432 0.00000
 413  0.44650 0.00000  0.44448 0.00000
 414  0.44827 0.00000  0.44430 0.00000
 415  0.45339 0.00000  0.44447 0.00000
 416  0.44784 0.00000  0.44437 0.00000
 417  0.43983 0.00000  0.44438 0.00000
 418  0.45175 0.00000  0.44436 0.00000
 419  0.45255 0.00000  0.44455 0.00000
 420  0.44350 0.00000  0.44456 0.00000
 421  0.44439 0.00000  0.44460 0.00000
 422  0.43907 0.00000  0.44455 0.00000
 423  0.43337 0.00000  0.44437 0.00000
 424  0.44476 0.00000  0.44426 0.00000
 425  0.45034 0.00000  0.44434 0.00000
 426  0.43064 0.00000  0.44428 0.00000
 427  0.43986 0.00000  0.44433 0.00000
 428  0.43970 0.00000  0.44428 0.00000
 429  0.44098 0.00000  0.44431 0.00000
 430  0.45347 0.00000  0.44453 0.00000
 431  0.43274 0.00000  0.44451 0.00000
 432  0.44435 0.00000  0.44442 0.00000
 433  0.44597 0.00000  0.44442 0.00000
 434  0.44672 0.00000  0.44453 0.00000
 435  0.45405 0.00000  0.44459 0.00000
 436  0.45426 0.00000  0.44475 0.00000
 437  0.43802 0.00000  0.44464 0.00000
 438  0.44768 0.00000  0.44454 0.00000
 439  0.44829 0.00000  0.44453 0.00000
 440  0.45833 0.00000  0.44441 0.00000
 441  0.44966 0.00000  0.44453 0.00000
 442  0.44880 0.00000  0.44452 0.00000
 443  0.44933 0.00000  0.44452 0.00000
 444  0.45145 0.00000  0.44441 0.00000
 445  0.45114 0.00000  0.44455 0.00000
 446  0.45011 0.00000  0.44450 0.00000
 447  0.44365 0.00000  0.44450 0.00000
 448  0.45247 0.00000  0.44450 0.00000
 449  0.44582 0.00000  0.44461 0.00000
 450  0.43569 0.00000  0.44451 0.00000
 451  0.44040 0.00000  0.44441 0.00000
 452  0.44271 0.00000  0.44429 0.00000
 453  0.43697 0.00000  0.44428 0.00000
 454  0.45085 0.00000  0.44439 0.00000
 455  0.43633 0.00000  0.44427 0.00000
 456  0.43377 0.00000  0.44427 0.00000
 457  0.44187 0.00000  0.44431 0.00000
 458  0.44808 0.00000  0.44427 0.00000
 459  0.45672 0.00000  0.44433 0.00000
 460  0.44293 0.00000  0.44432 0.00000
 461  0.44944 0.00000  0.44432 0.00000
 462  0.44862 0.00000  0.44432 0.00000
 463  0.43915 0.00000  0.44436 0.00000
 464  0.43174 0.00000  0.44419 0.00000
 465  0.44156 0.00000  0.44414 0.00000
 466  0.44041 0.00000  0.44417 0.00000
 467  0.45180 0.00000  0.44433 0.00000
 468  0.44201 0.00000  0.44435 0.00000
 469  0.43611 0.00000  0.44447 0.00000
 470  0.44706 0.00000  0.44450 0.00000
 471  0.44053 0.00000  0.44450 0.00000
 472  0.44744 0.00000  0.44456 0.00000
 473  0.44288 0.00000  0.44454 0.00000
 474  0.44252 0.00000  0.44440 0.00000
 475  0.45210 0.00000  0.44438 0.00000
 476  0.44109 0.00000  0.44430 0.00000
 477  0.45239 0.00000  0.44431 0.00000
 478  0.44607 0.00000  0.44423 0.00000
 479  0.44767 0.00000  0.44422 0.00000
 480  0.44787 0.00000  0.44438 0.00000
 481  0.44714 0.00000  0.44449 0.00000
 482  0.44403 0.00000  0.44434 0.00000
 483  0.44751 0.00000  0.44438 0.00000
 484  0.43779 0.00000  0.44430 0.00000
 485  0.44553 0.00000  0.44427 0.00000
 486  0.44461 0.00000  0.44435 0.00000
 487  0.44290 0.00000  0.44436 0.00000
 488  0.44152 0.00000  0.44443 0.00000
 489  0.44005 0.00000  0.44450 0.00000
 490  0.44466 0.00000  0.44457 0.00000
 491  0.44686 0.00000  0.44451 0.00000
 492  0.43198 0.00000  0.44446 0.00000
 493  0.44736 0.00000  0.44455 0.00000
 494  0.44432 0.00000  0.44451 0.00000
 495  0.45098 0.00000  0.44450 0.00000
 496  0.44332 0.00000  0.44455 0.00000
 497  0.43921 0.00000  0.44476 0.00000
 498  0.43540 0.00000  0.44483 0.00000
 499  0.44581 0.00000  0.44459 0.00000
processing 10000 predictions...

0%   10   20   30   40   50   60   70   80   90   100%
|----|----|----|----|----|----|----|----|----|----|
***************************************************
 done.
elapsed: [7364.44s cpu, 5563836.8573 mticks, 2081.71s wall]
score: 0.4494  baseline: 0.4419  diff: 0.00749
category UNKNOWN: count 0 avg error 0 baseline avg error 0 avg improvement 0
category AUTO: count 3291 avg error 0.0213653 baseline avg error 0.0190967 avg improvement -0.00226857
category POSS: count 6143 avg error 0.208945 baseline avg error 0.198165 avg improvement -0.0107805
category IMP: count 566 avg error 1.17638 baseline avg error 1.18856 avg improvement 0.0121849
overall: count 10000 avg error 0.20197 baseline avg error 0.19529 avg improvement -0.00667935
worst entries: 
0: 7658  label: -1 pred: 0.604983 bl: 0.4307 IMP error_pred: 2.57597 error_bl: 2.0469 improvement: -0.529069
    min: 0.1395  max: 1 avg: 0.64067
explanation: 
no explanation

1: 2522  label: -1 pred: -0.198369 bl: -0.5147 POSS error_pred: 0.642612 error_bl: 0.235516 improvement: -0.407096
    min: -1  max: 0.5815 avg: -0.192833
explanation: 
no explanation

2: 8386  label: 1 pred: -0.0911238 bl: 0.08455 POSS error_pred: 1.19055 error_bl: 0.838049 improvement: -0.352503
    min: -0.8545  max: 0.509 avg: -0.092391
explanation: 
no explanation

3: 3052  label: -0.5 pred: 0.175119 bl: -0.1758 POSS error_pred: 0.455785 error_bl: 0.105106 improvement: -0.35068
    min: -0.9655  max: 0.802 avg: 0.181879
explanation: 
no explanation

4: 3381  label: -1 pred: 0.237854 bl: 0.0878 IMP error_pred: 1.53228 error_bl: 1.18331 improvement: -0.348973
    min: -0.349  max: 0.7125 avg: 0.251151
explanation: 
no explanation

5: 3135  label: -1 pred: -0.169235 bl: -0.41045 POSS error_pred: 0.69017 error_bl: 0.347569 improvement: -0.342601
    min: -0.706  max: 0.3595 avg: -0.158644
explanation: 
no explanation

6: 1890  label: -1 pred: 0.210672 bl: 0.05995 IMP error_pred: 1.46573 error_bl: 1.12349 improvement: -0.342233
    min: -0.2325  max: 0.754 avg: 0.221467
explanation: 
no explanation

7: 5263  label: -1 pred: -0.0179937 bl: -0.2105 POSS error_pred: 0.964336 error_bl: 0.62331 improvement: -0.341026
    min: -0.7695  max: 0.79 avg: 0.00212076
explanation: 
no explanation

8: 5302  label: -1 pred: -0.396755 bl: -0.8249 POSS error_pred: 0.363904 error_bl: 0.03066 improvement: -0.333244
    min: -1  max: 0.416 avg: -0.556227
explanation: 
no explanation

9: 8391  label: -1 pred: 0.297437 bl: 0.16505 POSS error_pred: 1.68334 error_bl: 1.35734 improvement: -0.326
    min: -0.5615  max: 0.82 avg: 0.298011
explanation: 
no explanation

10: 9601  label: -1 pred: -0.323593 bl: -0.63335 POSS error_pred: 0.457527 error_bl: 0.134432 improvement: -0.323095
    min: -1  max: 0.127 avg: -0.396693
explanation: 
no explanation

11: 5503  label: -1 pred: -0.369691 bl: -0.7149 POSS error_pred: 0.397289 error_bl: 0.081282 improvement: -0.316007
    min: -0.9505  max: 0.006 avg: -0.497811
explanation: 
no explanation

12: 5747  label: -1 pred: -0.199073 bl: -0.42945 POSS error_pred: 0.641484 error_bl: 0.325527 improvement: -0.315957
    min: -0.78  max: 0.4515 avg: -0.204076
explanation: 
no explanation

13: 7560  label: -1 pred: -0.412428 bl: -0.82075 POSS error_pred: 0.345241 error_bl: 0.0321306 improvement: -0.31311
    min: -1  max: 0.136 avg: -0.60134
explanation: 
no explanation

14: 5525  label: -1 pred: -0.398502 bl: -0.7716 POSS error_pred: 0.3618 error_bl: 0.0521666 improvement: -0.309633
    min: -1  max: 0.7905 avg: -0.573749
explanation: 
no explanation

15: 9795  label: -1 pred: -0.298433 bl: -0.56575 POSS error_pred: 0.492197 error_bl: 0.188573 improvement: -0.303624
    min: -0.709  max: 0.2735 avg: -0.359531
explanation: 
no explanation

16: 4792  label: -1 pred: -0.350279 bl: -0.6552 POSS error_pred: 0.422137 error_bl: 0.118887 improvement: -0.30325
    min: -0.913  max: 0.027 avg: -0.454885
explanation: 
no explanation

17: 4128  label: -1 pred: -0.43693 bl: -0.86825 POSS error_pred: 0.317048 error_bl: 0.0173581 improvement: -0.29969
    min: -1  max: 0.155 avg: -0.683704
explanation: 
no explanation

18: 5549  label: -1 pred: -0.438346 bl: -0.87355 POSS error_pred: 0.315456 error_bl: 0.0159896 improvement: -0.299466
    min: -1  max: -0.1595 avg: -0.689729
explanation: 
no explanation

19: 976  label: -1 pred: -0.453024 bl: -0.93515 POSS error_pred: 0.299183 error_bl: 0.00420552 improvement: -0.294977
    min: -1  max: 0.9745 avg: -0.740206
explanation: 
no explanation

20: 9765  label: -1 pred: -0.378526 bl: -0.6971 POSS error_pred: 0.38623 error_bl: 0.0917484 improvement: -0.294481
    min: -0.972  max: -0.006 avg: -0.521047
explanation: 
no explanation

21: 7425  label: -1 pred: 0.0132742 bl: -0.14355 IMP error_pred: 1.02672 error_bl: 0.733507 improvement: -0.293218
    min: -0.4945  max: 0.466 avg: 0.0421229
explanation: 
no explanation

22: 3558  label: -1 pred: 0.141725 bl: 0.0067 IMP error_pred: 1.30353 error_bl: 1.01345 improvement: -0.29009
    min: -0.3655  max: 0.6725 avg: 0.160916
explanation: 
no explanation

23: 9343  label: -1 pred: 0.0550378 bl: -0.09215 IMP error_pred: 1.1131 error_bl: 0.824192 improvement: -0.288913
    min: -0.484  max: 0.657 avg: 0.0881686
explanation: 
no explanation

24: 6485  label: -1 pred: -0.451847 bl: -0.89245 POSS error_pred: 0.300472 error_bl: 0.011567 improvement: -0.288905
    min: -1  max: -0.0715 avg: -0.741219
explanation: 
no explanation

25: 5670  label: -1 pred: -0.452542 bl: -0.88845 POSS error_pred: 0.29971 error_bl: 0.0124434 improvement: -0.287267
    min: -1  max: -0.1455 avg: -0.742826
explanation: 
no explanation

26: 2379  label: -1 pred: -0.419494 bl: -0.7767 POSS error_pred: 0.336987 error_bl: 0.0498629 improvement: -0.287124
    min: -0.904  max: -0.0905 avg: -0.633861
explanation: 
no explanation

27: 1517  label: -1 pred: -0.401403 bl: -0.7314 POSS error_pred: 0.358318 error_bl: 0.072146 improvement: -0.286172
    min: -0.9715  max: -0.0285 avg: -0.57974
explanation: 
no explanation

28: 1315  label: -1 pred: 0.113514 bl: -0.02225 POSS error_pred: 1.23991 error_bl: 0.955995 improvement: -0.283919
    min: -0.663  max: 0.741 avg: 0.141657
explanation: 
no explanation

29: 8324  label: -1 pred: -0.420314 bl: -0.76965 POSS error_pred: 0.336035 error_bl: 0.0530611 improvement: -0.282974
    min: -1  max: -0.076 avg: -0.637439
explanation: 
no explanation

30: 3051  label: -1 pred: -0.43745 bl: -0.80895 POSS error_pred: 0.316462 error_bl: 0.0365001 improvement: -0.279962
    min: -1  max: 0.125 avg: -0.694356
explanation: 
no explanation

31: 2201  label: -1 pred: -0.441352 bl: -0.8176 POSS error_pred: 0.312088 error_bl: 0.0332698 improvement: -0.278818
    min: -1  max: 0.0465 avg: -0.703414
explanation: 
no explanation

32: 3736  label: -1 pred: -0.434489 bl: -0.796 POSS error_pred: 0.319803 error_bl: 0.041616 improvement: -0.278187
    min: -0.9405  max: -0.1845 avg: -0.680534
explanation: 
no explanation

33: 5801  label: -1 pred: -0.139351 bl: -0.318 POSS error_pred: 0.740718 error_bl: 0.465124 improvement: -0.275594
    min: -0.562  max: 0.5085 avg: -0.130742
explanation: 
no explanation

34: 7715  label: -1 pred: -0.461681 bl: -0.8656 POSS error_pred: 0.289788 error_bl: 0.0180633 improvement: -0.271724
    min: -1  max: 0.453 avg: -0.782201
explanation: 
no explanation

35: 7223  label: -1 pred: -0.328779 bl: -0.57655 POSS error_pred: 0.450537 error_bl: 0.17931 improvement: -0.271227
    min: -1  max: 0.6145 avg: -0.39978
explanation: 
no explanation

36: 9034  label: -1 pred: -0.3682 bl: -0.64205 POSS error_pred: 0.399172 error_bl: 0.128128 improvement: -0.271043
    min: -0.9795  max: 0.1045 avg: -0.499096
explanation: 
no explanation

37: 9102  label: -1 pred: -0.442039 bl: -0.7979 POSS error_pred: 0.311321 error_bl: 0.0408444 improvement: -0.270476
    min: -0.9225  max: -0.258 avg: -0.705855
explanation: 
no explanation

38: 2195  label: -1 pred: -0.478804 bl: -0.96565 POSS error_pred: 0.271645 error_bl: 0.00117992 improvement: -0.270465
    min: -1  max: 0.335 avg: -0.84627
explanation: 
no explanation

39: 6795  label: -1 pred: -0.216918 bl: -0.41405 POSS error_pred: 0.613217 error_bl: 0.343337 improvement: -0.26988
    min: -0.7945  max: 0.418 avg: -0.22653
explanation: 
no explanation

40: 1338  label: -1 pred: -0.476461 bl: -0.93435 POSS error_pred: 0.274093 error_bl: 0.00430992 improvement: -0.269783
    min: -1  max: -0.061 avg: -0.83986
explanation: 
no explanation

41: 1139  label: -1 pred: -0.424165 bl: -0.74645 POSS error_pred: 0.331586 error_bl: 0.0642876 improvement: -0.267298
    min: -0.9205  max: -0.2625 avg: -0.651824
explanation: 
no explanation

42: 8619  label: -1 pred: 0.564989 bl: 0.47715 IMP error_pred: 2.44919 error_bl: 2.18197 improvement: -0.26722
    min: 0.1375  max: 0.8695 avg: 0.572918
explanation: 
no explanation

43: 8766  label: -1 pred: 0.541722 bl: 0.4529 IMP error_pred: 2.37691 error_bl: 2.11092 improvement: -0.265987
    min: -0.098  max: 0.856 avg: 0.560032
explanation: 
no explanation

44: 2385  label: -1 pred: -0.324361 bl: -0.56235 POSS error_pred: 0.456489 error_bl: 0.191537 improvement: -0.264951
    min: -0.8115  max: 0.058 avg: -0.400147
explanation: 
no explanation

45: 318  label: -1 pred: -0.445418 bl: -0.79335 POSS error_pred: 0.307562 error_bl: 0.0427042 improvement: -0.264858
    min: -0.95  max: -0.237 avg: -0.719138
explanation: 
no explanation

46: 1167  label: -1 pred: -0.436331 bl: -0.7676 POSS error_pred: 0.317723 error_bl: 0.0540098 improvement: -0.263713
    min: -0.99  max: -0.1485 avg: -0.690482
explanation: 
no explanation

47: 5335  label: -1 pred: -0.429366 bl: -0.75045 POSS error_pred: 0.325623 error_bl: 0.0622752 improvement: -0.263347
    min: -0.952  max: -0.168 avg: -0.665148
explanation: 
no explanation

48: 8888  label: -1 pred: -0.330474 bl: -0.56985 POSS error_pred: 0.448265 error_bl: 0.185029 improvement: -0.263236
    min: -1  max: 0.421 avg: -0.421719
explanation: 
no explanation

49: 8736  label: -1 pred: -0.458007 bl: -0.8252 POSS error_pred: 0.293756 error_bl: 0.030555 improvement: -0.263201
    min: -0.9835  max: -0.1375 avg: -0.767778
explanation: 
no explanation

best entries: 
0: 8914  label: -1 pred: 0.374013 bl: 0.6812 IMP error_pred: 1.88791 error_bl: 2.82643 improvement: 0.938522
1: 3836  label: 1 pred: 0.141683 bl: -0.2099 POSS error_pred: 0.736708 error_bl: 1.46386 improvement: 0.72715
2: 8920  label: -1 pred: 0.711593 bl: 0.90015 IMP error_pred: 2.92955 error_bl: 3.61057 improvement: 0.681019
3: 6142  label: -1 pred: 0.785367 bl: 0.95195 IMP error_pred: 3.18753 error_bl: 3.81011 improvement: 0.622575
4: 938  label: 0.5 pred: -0.388028 bl: -0.68355 POSS error_pred: 0.788593 error_bl: 1.40079 improvement: 0.612197
5: 3697  label: -1 pred: 0.775118 bl: 0.93965 IMP error_pred: 3.15104 error_bl: 3.76224 improvement: 0.611199
6: 9813  label: 0.5 pred: -0.42334 bl: -0.7077 IMP error_pred: 0.852557 error_bl: 1.45854 improvement: 0.605982
7: 1614  label: 0.5 pred: -0.404982 bl: -0.69215 IMP error_pred: 0.818993 error_bl: 1.42122 improvement: 0.602228
8: 5768  label: -1 pred: 0.529666 bl: 0.6919 IMP error_pred: 2.33988 error_bl: 2.86253 improvement: 0.522649
9: 5507  label: 0.5 pred: -0.329163 bl: -0.5863 POSS error_pred: 0.687512 error_bl: 1.18005 improvement: 0.492536
10: 3601  label: -1 pred: 0.69193 bl: 0.8256 IMP error_pred: 2.86263 error_bl: 3.33282 improvement: 0.470189
11: 2967  label: 1 pred: 0.0210407 bl: -0.18845 POSS error_pred: 0.958361 error_bl: 1.41241 improvement: 0.454052
12: 5149  label: 0.5 pred: -0.367165 bl: -0.59515 POSS error_pred: 0.751975 error_bl: 1.19935 improvement: 0.447379
13: 9875  label: 1 pred: -0.150662 bl: -0.322 POSS error_pred: 1.32402 error_bl: 1.74768 improvement: 0.42366
14: 8467  label: -1 pred: 0.661353 bl: 0.78395 IMP error_pred: 2.76009 error_bl: 3.18248 improvement: 0.422384
15: 3959  label: 1 pred: -0.350327 bl: -0.493 IMP error_pred: 1.82338 error_bl: 2.22905 improvement: 0.405666
16: 7719  label: 0.5 pred: -0.292849 bl: -0.50025 POSS error_pred: 0.628609 error_bl: 1.0005 improvement: 0.371891
17: 908  label: 0 pred: -0.429477 bl: -0.7439 POSS error_pred: 0.184451 error_bl: 0.553387 improvement: 0.368936
18: 1736  label: -0.5 pred: 0.706834 bl: 0.8495 IMP error_pred: 1.45645 error_bl: 1.82115 improvement: 0.364702
19: 6065  label: -1 pred: -0.116175 bl: 0.07005 POSS error_pred: 0.781146 error_bl: 1.14501 improvement: 0.363861
20: 3527  label: 0 pred: 0.769125 bl: 0.9732 POSS error_pred: 0.591554 error_bl: 0.947118 improvement: 0.355565
21: 9566  label: 0 pred: 0.789554 bl: 0.98855 IMP error_pred: 0.623396 error_bl: 0.977231 improvement: 0.353835
22: 2441  label: -1 pred: 0.0425662 bl: 0.19995 POSS error_pred: 1.08694 error_bl: 1.43988 improvement: 0.352936
23: 5597  label: -0.5 pred: 0.676897 bl: 0.8175 IMP error_pred: 1.38509 error_bl: 1.73581 improvement: 0.350718
24: 7853  label: 0.5 pred: -0.292626 bl: -0.4861 POSS error_pred: 0.628257 error_bl: 0.972393 improvement: 0.344136
25: 5971  label: 0.5 pred: -0.272572 bl: -0.46715 POSS error_pred: 0.596868 error_bl: 0.935379 improvement: 0.338511
26: 6277  label: 1 pred: 0.059058 bl: -0.10355 POSS error_pred: 0.885372 error_bl: 1.21782 improvement: 0.332451
27: 5763  label: 0.5 pred: -0.316132 bl: -0.4992 POSS error_pred: 0.666071 error_bl: 0.998401 improvement: 0.33233
28: 9555  label: -1 pred: -0.110146 bl: 0.0602 POSS error_pred: 0.791841 error_bl: 1.12402 improvement: 0.332183
29: 4335  label: -1 pred: 0.705778 bl: 0.7993 IMP error_pred: 2.90968 error_bl: 3.23748 improvement: 0.327801
30: 6313  label: 0 pred: -0.337293 bl: -0.6559 POSS error_pred: 0.113766 error_bl: 0.430205 improvement: 0.316438
31: 8318  label: 0 pred: -0.419986 bl: -0.69455 POSS error_pred: 0.176389 error_bl: 0.4824 improvement: 0.306011
32: 7269  label: -1 pred: 0.224307 bl: 0.3431 IMP error_pred: 1.49893 error_bl: 1.80392 improvement: 0.304991
33: 5995  label: -1 pred: 0.738244 bl: 0.82345 IMP error_pred: 3.02149 error_bl: 3.32497 improvement: 0.303478
34: 1398  label: -1 pred: 0.613274 bl: 0.70345 IMP error_pred: 2.60265 error_bl: 2.90174 improvement: 0.299089
35: 8034  label: 1 pred: 0.115141 bl: -0.03935 POSS error_pred: 0.782975 error_bl: 1.08025 improvement: 0.297273
36: 9327  label: -1 pred: 0.176762 bl: 0.2955 IMP error_pred: 1.38477 error_bl: 1.67832 improvement: 0.293552
37: 2735  label: 0 pred: -0.342959 bl: -0.6363 POSS error_pred: 0.117621 error_bl: 0.404878 improvement: 0.287257
38: 4256  label: 0 pred: 0.716822 bl: 0.8933 POSS error_pred: 0.513834 error_bl: 0.797985 improvement: 0.28415
39: 6794  label: -1 pred: -0.0244239 bl: 0.1117 POSS error_pred: 0.951749 error_bl: 1.23588 improvement: 0.284128
40: 7016  label: 1 pred: -0.241621 bl: -0.35095 IMP error_pred: 1.54162 error_bl: 1.82507 improvement: 0.283442
41: 9207  label: 0 pred: 0.72584 bl: 0.9 IMP error_pred: 0.526844 error_bl: 0.81 improvement: 0.283156
42: 8866  label: -1 pred: 0.639017 bl: 0.7221 IMP error_pred: 2.68638 error_bl: 2.96563 improvement: 0.279253
43: 7287  label: -1 pred: 0.404008 bl: 0.50005 IMP error_pred: 1.97124 error_bl: 2.25015 improvement: 0.278912
44: 4306  label: -1 pred: 0.454739 bl: 0.54745 IMP error_pred: 2.11627 error_bl: 2.3946 improvement: 0.278335
45: 1025  label: 0.5 pred: -0.288022 bl: -0.4473 POSS error_pred: 0.620979 error_bl: 0.897377 improvement: 0.276398
46: 8913  label: 0.5 pred: -0.307964 bl: -0.4624 POSS error_pred: 0.652805 error_bl: 0.926214 improvement: 0.273408
47: 526  label: -1 pred: 0.0510081 bl: 0.173 IMP error_pred: 1.10462 error_bl: 1.37593 improvement: 0.271311
48: 8361  label: 0 pred: 0.7486 bl: 0.90915 IMP error_pred: 0.560402 error_bl: 0.826554 improvement: 0.266152
49: 9869  label: 1 pred: 0.365434 bl: 0.1837 POSS error_pred: 0.402673 error_bl: 0.666346 improvement: 0.263672

total is 0
score for UNKNOWN: nan baseline: nan diff:    nan
total is 3291
score for AUTO: 0.1462 baseline: 0.1382 diff: 0.0080
total is 6143
score for POSS: 0.4571 baseline: 0.4452 diff: 0.0119
total is 566
score for IMP: 1.0846 baseline: 1.0902 diff: -0.0056
writing 50000 official test outputs

0%   10   20   30   40   50   60   70   80   90   100%
|----|----|----|----|----|----|----|----|----|----|
***************************************************
scores: [ 0.44941 ]
0.4494 +/-    nan
7176.49user 214.38system 34:51.23elapsed 353%CPU (0avgtext+0avgdata 0maxresident)k
224632inputs+1104outputs (0major+76632015minor)pagefaults 0swaps
