loading data...Twoway_Layer::random_fill(): limit = 0.141421 ni = 50 no = 50
Twoway_Layer::random_fill(): limit = 0.141421 ni = 50 no = 1
iter  ---- train ----  ---- test -----
         rmse     auc     rmse     auc
   0  0.99734 0.00000  0.97759 0.33580
   1  0.97276 0.00000  0.96503 0.33014
   2  0.96942 0.00000  0.96038 0.32914
   3  0.96185 0.00000  0.95776 0.32831
   4  0.96440 0.00000  0.95662 0.32812
   5  0.96572 0.00000  0.95581 0.32801
   6  0.96330 0.00000  0.95512 0.32776
   7  0.96511 0.00000  0.95465 0.32770
   8  0.95906 0.00000  0.95424 0.32733
   9  0.96408 0.00000  0.95399 0.32720
  10  0.96243 0.00000  0.95381 0.32701
  11  0.96137 0.00000  0.95354 0.32681
  12  0.95729 0.00000  0.95318 0.32655
  13  0.96146 0.00000  0.95307 0.32641
  14  0.96063 0.00000  0.95301 0.32629
  15  0.95625 0.00000  0.95280 0.32612
  16  0.96157 0.00000  0.95277 0.32598
  17  0.96343 0.00000  0.95283 0.32593
  18  0.95541 0.00000  0.95252 0.32571
  19  0.95840 0.00000  0.95246 0.32561
  20  0.96601 0.00000  0.95268 0.32563
  21  0.95844 0.00000  0.95245 0.32547
  22  0.95858 0.00000  0.95230 0.32535
  23  0.95613 0.00000  0.95219 0.32524
  24  0.96109 0.00000  0.95222 0.32522
  25  0.95993 0.00000  0.95222 0.32513
  26  0.95602 0.00000  0.95209 0.32502
  27  0.95725 0.00000  0.95201 0.32495
  28  0.95380 0.00000  0.95184 0.32482
  29  0.95959 0.00000  0.95184 0.32479
  30  0.95779 0.00000  0.95184 0.32474
  31  0.95954 0.00000  0.95193 0.32470
  32  0.95884 0.00000  0.95186 0.32465
  33  0.95771 0.00000  0.95178 0.32461
  34  0.95569 0.00000  0.95167 0.32457
  35  0.95437 0.00000  0.95157 0.32450
  36  0.95691 0.00000  0.95157 0.32447
  37  0.95392 0.00000  0.95145 0.32443
  38  0.95329 0.00000  0.95136 0.32436
  39  0.95636 0.00000  0.95141 0.32431
  40  0.95908 0.00000  0.95143 0.32428
  41  0.95817 0.00000  0.95146 0.32425
  42  0.95456 0.00000  0.95138 0.32421
  43  0.96411 0.00000  0.95158 0.32420
  44  0.96009 0.00000  0.95159 0.32417
  45  0.95427 0.00000  0.95142 0.32415
  46  0.95761 0.00000  0.95141 0.32410
  47  0.95747 0.00000  0.95142 0.32407
  48  0.95561 0.00000  0.95133 0.32403
  49  0.95333 0.00000  0.95121 0.32399
  50  0.95749 0.00000  0.95126 0.32396
  51  0.95682 0.00000  0.95128 0.32394
  52  0.95738 0.00000  0.95131 0.32392
  53  0.95685 0.00000  0.95133 0.32390
  54  0.95578 0.00000  0.95131 0.32387
  55  0.95867 0.00000  0.95134 0.32385
  56  0.95897 0.00000  0.95141 0.32383
  57  0.95767 0.00000  0.95140 0.32380
  58  0.96044 0.00000  0.95149 0.32378
  59  0.96130 0.00000  0.95157 0.32376
  60  0.95683 0.00000  0.95155 0.32374
  61  0.95956 0.00000  0.95155 0.32372
  62  0.95781 0.00000  0.95151 0.32370
  63  0.95607 0.00000  0.95145 0.32369
  64  0.95864 0.00000  0.95146 0.32367
  65  0.95580 0.00000  0.95141 0.32366
  66  0.95782 0.00000  0.95148 0.32364
  67  0.95667 0.00000  0.95147 0.32362
  68  0.95385 0.00000  0.95139 0.32361
  69  0.95440 0.00000  0.95134 0.32360
  70  0.95458 0.00000  0.95131 0.32359
  71  0.95864 0.00000  0.95138 0.32358
  72  0.95783 0.00000  0.95144 0.32356
  73  0.95885 0.00000  0.95149 0.32355
  74  0.95224 0.00000  0.95138 0.32354
  75  0.95579 0.00000  0.95138 0.32353
  76  0.95375 0.00000  0.95133 0.32352
  77  0.95679 0.00000  0.95137 0.32351
  78  0.95603 0.00000  0.95140 0.32351
  79  0.95454 0.00000  0.95138 0.32350
  80  0.95418 0.00000  0.95138 0.32350
  81  0.95773 0.00000  0.95146 0.32349
  82  0.95197 0.00000  0.95138 0.32349
  83  0.95644 0.00000  0.95141 0.32348
  84  0.95516 0.00000  0.95143 0.32348
  85  0.95923 0.00000  0.95152 0.32347
  86  0.95641 0.00000  0.95156 0.32346
  87  0.95510 0.00000  0.95159 0.32346
  88  0.95519 0.00000  0.95161 0.32346
  89  0.95566 0.00000  0.95160 0.32345
  90  0.95989 0.00000  0.95167 0.32345
  91  0.95521 0.00000  0.95166 0.32343
  92  0.96201 0.00000  0.95184 0.32342
  93  0.95620 0.00000  0.95187 0.32342
  94  0.95526 0.00000  0.95184 0.32343
  95  0.95440 0.00000  0.95183 0.32342
  96  0.95801 0.00000  0.95190 0.32342
  97  0.95955 0.00000  0.95195 0.32342
  98  0.95786 0.00000  0.95194 0.32342
  99  0.95755 0.00000  0.95200 0.32342
 100  0.95616 0.00000  0.95199 0.32342
 101  0.95666 0.00000  0.95203 0.32342
 102  0.95368 0.00000  0.95196 0.32341
 103  0.95513 0.00000  0.95196 0.32340
 104  0.95532 0.00000  0.95196 0.32340
 105  0.96161 0.00000  0.95207 0.32339
 106  0.95356 0.00000  0.95202 0.32339
 107  0.95935 0.00000  0.95214 0.32339
 108  0.95636 0.00000  0.95216 0.32339
 109  0.95143 0.00000  0.95209 0.32338
 110  0.95559 0.00000  0.95211 0.32338
 111  0.95955 0.00000  0.95218 0.32338
 112  0.95848 0.00000  0.95223 0.32338
 113  0.95429 0.00000  0.95219 0.32338
 114  0.95817 0.00000  0.95225 0.32338
 115  0.95747 0.00000  0.95229 0.32338
 116  0.96022 0.00000  0.95239 0.32338
 117  0.95523 0.00000  0.95236 0.32338
 118  0.95775 0.00000  0.95240 0.32337
 119  0.95782 0.00000  0.95244 0.32338
 120  0.95330 0.00000  0.95242 0.32338
 121  0.95684 0.00000  0.95243 0.32338
 122  0.95874 0.00000  0.95248 0.32337
 123  0.95991 0.00000  0.95254 0.32337
 124  0.96004 0.00000  0.95263 0.32337
 125  0.96188 0.00000  0.95275 0.32337
 126  0.95738 0.00000  0.95277 0.32337
 127  0.95979 0.00000  0.95283 0.32337
 128  0.96088 0.00000  0.95292 0.32336
 129  0.95675 0.00000  0.95290 0.32336
 130  0.95860 0.00000  0.95294 0.32336
 131  0.95562 0.00000  0.95292 0.32336
 132  0.95772 0.00000  0.95294 0.32336
 133  0.96069 0.00000  0.95304 0.32336
 134  0.95734 0.00000  0.95304 0.32336
 135  0.95598 0.00000  0.95303 0.32336
 136  0.95755 0.00000  0.95303 0.32336
 137  0.95533 0.00000  0.95299 0.32336
 138  0.95799 0.00000  0.95303 0.32336
 139  0.95703 0.00000  0.95305 0.32336
 140  0.95460 0.00000  0.95304 0.32336
 141  0.96111 0.00000  0.95313 0.32336
 142  0.95363 0.00000  0.95307 0.32336
 143  0.95985 0.00000  0.95313 0.32336
 144  0.95826 0.00000  0.95316 0.32337
 145  0.95637 0.00000  0.95317 0.32338
 146  0.95651 0.00000  0.95319 0.32337
 147  0.95617 0.00000  0.95319 0.32337
 148  0.95936 0.00000  0.95326 0.32337
 149  0.95729 0.00000  0.95327 0.32337
 150  0.95928 0.00000  0.95333 0.32337
 151  0.95624 0.00000  0.95333 0.32337
 152  0.96158 0.00000  0.95345 0.32338
 153  0.95703 0.00000  0.95346 0.32337
 154  0.95508 0.00000  0.95344 0.32338
 155  0.95828 0.00000  0.95346 0.32338
 156  0.95774 0.00000  0.95349 0.32338
 157  0.95871 0.00000  0.95354 0.32338
 158  0.95552 0.00000  0.95351 0.32339
 159  0.95757 0.00000  0.95353 0.32339
 160  0.95702 0.00000  0.95354 0.32339
 161  0.95921 0.00000  0.95358 0.32339
 162  0.95590 0.00000  0.95357 0.32340
 163  0.95788 0.00000  0.95361 0.32339
 164  0.95566 0.00000  0.95361 0.32340
 165  0.95751 0.00000  0.95361 0.32340
 166  0.95629 0.00000  0.95362 0.32340
 167  0.95587 0.00000  0.95362 0.32340
 168  0.95749 0.00000  0.95364 0.32340
 169  0.95869 0.00000  0.95366 0.32340
 170  0.95687 0.00000  0.95369 0.32341
 171  0.95979 0.00000  0.95377 0.32341
 172  0.95558 0.00000  0.95373 0.32341
 173  0.95907 0.00000  0.95379 0.32341
 174  0.95937 0.00000  0.95384 0.32341
 175  0.95974 0.00000  0.95391 0.32341
 176  0.95935 0.00000  0.95394 0.32341
 177  0.95921 0.00000  0.95397 0.32341
 178  0.95865 0.00000  0.95397 0.32341
 179  0.96071 0.00000  0.95404 0.32341
 180  0.95911 0.00000  0.95408 0.32341
 181  0.95947 0.00000  0.95416 0.32341
 182  0.96143 0.00000  0.95424 0.32341
 183  0.95851 0.00000  0.95427 0.32341
 184  0.95962 0.00000  0.95429 0.32341
 185  0.96119 0.00000  0.95435 0.32341
 186  0.95624 0.00000  0.95430 0.32341
 187  0.96124 0.00000  0.95435 0.32341
 188  0.95941 0.00000  0.95439 0.32341
 189  0.96098 0.00000  0.95446 0.32341
 190  0.96426 0.00000  0.95457 0.32341
 191  0.95345 0.00000  0.95447 0.32341
 192  0.95893 0.00000  0.95448 0.32341
 193  0.96074 0.00000  0.95454 0.32341
 194  0.95787 0.00000  0.95453 0.32342
 195  0.95929 0.00000  0.95455 0.32341
 196  0.96096 0.00000  0.95459 0.32341
 197  0.95710 0.00000  0.95457 0.32342
 198  0.96048 0.00000  0.95461 0.32342
 199  0.95654 0.00000  0.95458 0.32342
 200  0.96082 0.00000  0.95466 0.32342
 201  0.96074 0.00000  0.95470 0.32342
 202  0.96148 0.00000  0.95476 0.32342
 203  0.96169 0.00000  0.95482 0.32342
 204  0.95985 0.00000  0.95482 0.32342
 205  0.95264 0.00000  0.95470 0.32342
 206  0.95854 0.00000  0.95471 0.32342
 207  0.95941 0.00000  0.95473 0.32343
 208  0.95490 0.00000  0.95466 0.32343
 209  0.95984 0.00000  0.95468 0.32343
 210  0.96199 0.00000  0.95476 0.32343
 211  0.96195 0.00000  0.95483 0.32343
 212  0.96320 0.00000  0.95492 0.32343
 213  0.96074 0.00000  0.95494 0.32343
 214  0.95524 0.00000  0.95486 0.32343
 215  0.95833 0.00000  0.95486 0.32343
 216  0.95902 0.00000  0.95486 0.32344
 217  0.95837 0.00000  0.95486 0.32344
 218  0.96025 0.00000  0.95489 0.32344
 219  0.95748 0.00000  0.95486 0.32344
 220  0.95797 0.00000  0.95485 0.32344
 221  0.95792 0.00000  0.95483 0.32345
 222  0.95714 0.00000  0.95482 0.32345
 223  0.95650 0.00000  0.95479 0.32345
 224  0.96001 0.00000  0.95482 0.32345
 225  0.95824 0.00000  0.95481 0.32346
 226  0.95752 0.00000  0.95481 0.32346
 227  0.96096 0.00000  0.95485 0.32346
 228  0.95965 0.00000  0.95488 0.32346
 229  0.96079 0.00000  0.95493 0.32346
 230  0.95753 0.00000  0.95491 0.32346
 231  0.95495 0.00000  0.95484 0.32346
 232  0.95882 0.00000  0.95487 0.32347
 233  0.95873 0.00000  0.95489 0.32346
 234  0.95677 0.00000  0.95487 0.32346
 235  0.95753 0.00000  0.95486 0.32346
 236  0.95853 0.00000  0.95486 0.32347
 237  0.96466 0.00000  0.95500 0.32347
 238  0.95764 0.00000  0.95499 0.32347
 239  0.96124 0.00000  0.95505 0.32347
 240  0.95718 0.00000  0.95504 0.32347
 241  0.96023 0.00000  0.95507 0.32347
 242  0.96046 0.00000  0.95510 0.32347
 243  0.96049 0.00000  0.95514 0.32347
 244  0.95857 0.00000  0.95514 0.32347
 245  0.96325 0.00000  0.95523 0.32347
 246  0.96031 0.00000  0.95525 0.32347
 247  0.95851 0.00000  0.95523 0.32347
 248  0.96163 0.00000  0.95527 0.32347
 249  0.95637 0.00000  0.95523 0.32347
 250  0.95804 0.00000  0.95521 0.32347
 251  0.95925 0.00000  0.95522 0.32347
 252  0.95867 0.00000  0.95522 0.32347
 253  0.95778 0.00000  0.95519 0.32347
 254  0.95878 0.00000  0.95519 0.32347
 255  0.95881 0.00000  0.95520 0.32347
 256  0.95912 0.00000  0.95519 0.32347
 257  0.96112 0.00000  0.95524 0.32348
 258  0.95793 0.00000  0.95522 0.32348
 259  0.95985 0.00000  0.95524 0.32348
 260  0.96098 0.00000  0.95528 0.32348
 261  0.95822 0.00000  0.95527 0.32348
 262  0.96005 0.00000  0.95529 0.32348
 263  0.95979 0.00000  0.95532 0.32348
 264  0.95886 0.00000  0.95531 0.32347
 265  0.96053 0.00000  0.95535 0.32347
 266  0.95773 0.00000  0.95532 0.32348
 267  0.96141 0.00000  0.95536 0.32348
 268  0.96086 0.00000  0.95539 0.32348
 269  0.96077 0.00000  0.95543 0.32347
 270  0.95858 0.00000  0.95542 0.32347
 271  0.95909 0.00000  0.95541 0.32348
 272  0.95820 0.00000  0.95539 0.32347
 273  0.95793 0.00000  0.95537 0.32348
 274  0.95755 0.00000  0.95536 0.32348
 275  0.96386 0.00000  0.95542 0.32348
 276  0.95886 0.00000  0.95542 0.32348
 277  0.95967 0.00000  0.95541 0.32348
 278  0.96073 0.00000  0.95545 0.32348
 279  0.95798 0.00000  0.95541 0.32348
 280  0.96058 0.00000  0.95545 0.32348
 281  0.95922 0.00000  0.95545 0.32348
 282  0.96089 0.00000  0.95548 0.32348
 283  0.96050 0.00000  0.95549 0.32348
 284  0.95717 0.00000  0.95545 0.32348
 285  0.95879 0.00000  0.95545 0.32348
 286  0.95883 0.00000  0.95546 0.32348
 287  0.96127 0.00000  0.95550 0.32348
 288  0.96040 0.00000  0.95552 0.32348
 289  0.95983 0.00000  0.95553 0.32348
 290  0.95814 0.00000  0.95551 0.32348
 291  0.95621 0.00000  0.95544 0.32348
 292  0.96099 0.00000  0.95548 0.32348
 293  0.95971 0.00000  0.95550 0.32348
 294  0.96308 0.00000  0.95557 0.32348
 295  0.96024 0.00000  0.95559 0.32348
 296  0.95961 0.00000  0.95560 0.32348
 297  0.96426 0.00000  0.95572 0.32348
 298  0.96285 0.00000  0.95577 0.32348
 299  0.95787 0.00000  0.95570 0.32348
 300  0.96185 0.00000  0.95573 0.32348
 301  0.96023 0.00000  0.95574 0.32348
 302  0.95896 0.00000  0.95574 0.32349
 303  0.95799 0.00000  0.95570 0.32349
 304  0.95638 0.00000  0.95561 0.32349
 305  0.95639 0.00000  0.95555 0.32349
 306  0.95962 0.00000  0.95556 0.32349
 307  0.95719 0.00000  0.95551 0.32349
 308  0.95840 0.00000  0.95550 0.32349
 309  0.95635 0.00000  0.95544 0.32349
 310  0.96007 0.00000  0.95546 0.32349
 311  0.95947 0.00000  0.95546 0.32350
 312  0.95728 0.00000  0.95544 0.32350
 313  0.96022 0.00000  0.95546 0.32350
 314  0.95769 0.00000  0.95544 0.32350
 315  0.95797 0.00000  0.95542 0.32350
 316  0.95806 0.00000  0.95540 0.32350
 317  0.95722 0.00000  0.95536 0.32350
 318  0.95807 0.00000  0.95536 0.32350
 319  0.95877 0.00000  0.95537 0.32351
 320  0.95803 0.00000  0.95535 0.32350
 321  0.96177 0.00000  0.95542 0.32350
 322  0.95994 0.00000  0.95545 0.32350
 323  0.96208 0.00000  0.95551 0.32350
 324  0.95933 0.00000  0.95553 0.32350
 325  0.96171 0.00000  0.95558 0.32350
 326  0.96250 0.00000  0.95563 0.32351
 327  0.95768 0.00000  0.95561 0.32351
 328  0.95958 0.00000  0.95562 0.32351
 329  0.95951 0.00000  0.95561 0.32350
 330  0.95702 0.00000  0.95555 0.32350
 331  0.95953 0.00000  0.95556 0.32350
 332  0.95830 0.00000  0.95553 0.32351
 333  0.95741 0.00000  0.95548 0.32351
 334  0.95994 0.00000  0.95550 0.32351
 335  0.95647 0.00000  0.95545 0.32351
 336  0.96107 0.00000  0.95549 0.32351
 337  0.96110 0.00000  0.95553 0.32351
 338  0.95947 0.00000  0.95554 0.32351
 339  0.96129 0.00000  0.95558 0.32351
 340  0.95903 0.00000  0.95557 0.32351
 341  0.95813 0.00000  0.95556 0.32351
 342  0.95966 0.00000  0.95557 0.32351
 343  0.96113 0.00000  0.95562 0.32351
 344  0.96177 0.00000  0.95569 0.32351
 345  0.96150 0.00000  0.95571 0.32351
 346  0.95866 0.00000  0.95570 0.32351
 347  0.95910 0.00000  0.95569 0.32351
 348  0.96107 0.00000  0.95575 0.32351
 349  0.96061 0.00000  0.95576 0.32351
 350  0.96224 0.00000  0.95581 0.32350
 351  0.95793 0.00000  0.95575 0.32350
 352  0.96045 0.00000  0.95577 0.32351
 353  0.95952 0.00000  0.95578 0.32351
 354  0.96323 0.00000  0.95585 0.32351
 355  0.95874 0.00000  0.95582 0.32351
 356  0.96312 0.00000  0.95590 0.32351
 357  0.95922 0.00000  0.95587 0.32350
 358  0.96393 0.00000  0.95593 0.32350
 359  0.96189 0.00000  0.95596 0.32350
 360  0.95884 0.00000  0.95594 0.32350
 361  0.96114 0.00000  0.95596 0.32350
 362  0.96032 0.00000  0.95597 0.32351
 363  0.96092 0.00000  0.95599 0.32351
 364  0.96073 0.00000  0.95599 0.32351
 365  0.95886 0.00000  0.95595 0.32351
 366  0.95913 0.00000  0.95595 0.32351
 367  0.96244 0.00000  0.95600 0.32351
 368  0.95922 0.00000  0.95596 0.32351
 369  0.95987 0.00000  0.95596 0.32351
 370  0.96055 0.00000  0.95595 0.32351
 371  0.95926 0.00000  0.95592 0.32351
 372  0.96083 0.00000  0.95595 0.32351
 373  0.95713 0.00000  0.95588 0.32351
 374  0.96129 0.00000  0.95593 0.32350
 375  0.96014 0.00000  0.95591 0.32351
 376  0.96116 0.00000  0.95591 0.32351
 377  0.95819 0.00000  0.95587 0.32351
 378  0.96033 0.00000  0.95590 0.32351
 379  0.95963 0.00000  0.95589 0.32351
 380  0.96036 0.00000  0.95591 0.32351
 381  0.95900 0.00000  0.95588 0.32351
 382  0.95782 0.00000  0.95587 0.32351
 383  0.95619 0.00000  0.95579 0.32351
 384  0.96182 0.00000  0.95584 0.32351
 385  0.96583 0.00000  0.95597 0.32351
 386  0.96117 0.00000  0.95601 0.32351
 387  0.96160 0.00000  0.95604 0.32351
 388  0.95695 0.00000  0.95596 0.32351
 389  0.96112 0.00000  0.95596 0.32351
 390  0.95864 0.00000  0.95595 0.32351
 391  0.96201 0.00000  0.95600 0.32351
 392  0.96103 0.00000  0.95598 0.32351
 393  0.95840 0.00000  0.95593 0.32351
 394  0.96139 0.00000  0.95594 0.32352
 395  0.95691 0.00000  0.95588 0.32352
 396  0.96119 0.00000  0.95589 0.32352
 397  0.95802 0.00000  0.95585 0.32352
 398  0.96208 0.00000  0.95588 0.32352
 399  0.96072 0.00000  0.95590 0.32352
 400  0.95993 0.00000  0.95590 0.32352
 401  0.95700 0.00000  0.95583 0.32352
 402  0.95679 0.00000  0.95577 0.32352
 403  0.96136 0.00000  0.95579 0.32352
 404  0.95847 0.00000  0.95577 0.32352
 405  0.95887 0.00000  0.95575 0.32352
 406  0.96036 0.00000  0.95576 0.32352
 407  0.96375 0.00000  0.95585 0.32352
 408  0.96034 0.00000  0.95586 0.32352
 409  0.96074 0.00000  0.95588 0.32352
 410  0.96394 0.00000  0.95596 0.32352
 411  0.96031 0.00000  0.95599 0.32352
 412  0.96205 0.00000  0.95603 0.32352
 413  0.95918 0.00000  0.95603 0.32352
 414  0.95967 0.00000  0.95603 0.32352
 415  0.96002 0.00000  0.95601 0.32352
 416  0.96199 0.00000  0.95607 0.32352
 417  0.96046 0.00000  0.95604 0.32352
 418  0.95936 0.00000  0.95602 0.32352
 419  0.95952 0.00000  0.95598 0.32353
 420  0.96122 0.00000  0.95599 0.32353
 421  0.95915 0.00000  0.95598 0.32352
 422  0.96020 0.00000  0.95597 0.32353
 423  0.95931 0.00000  0.95596 0.32353
 424  0.96120 0.00000  0.95597 0.32353
 425  0.96201 0.00000  0.95603 0.32353
 426  0.96025 0.00000  0.95604 0.32353
 427  0.96113 0.00000  0.95605 0.32353
 428  0.96279 0.00000  0.95610 0.32353
 429  0.95990 0.00000  0.95608 0.32353
 430  0.95809 0.00000  0.95603 0.32353
 431  0.96177 0.00000  0.95608 0.32353
 432  0.95786 0.00000  0.95604 0.32353
 433  0.95867 0.00000  0.95600 0.32353
 434  0.95870 0.00000  0.95596 0.32353
 435  0.95756 0.00000  0.95590 0.32353
 436  0.96451 0.00000  0.95599 0.32353
 437  0.95999 0.00000  0.95600 0.32353
 438  0.96203 0.00000  0.95602 0.32353
 439  0.96008 0.00000  0.95602 0.32353
 440  0.96039 0.00000  0.95604 0.32353
 441  0.95870 0.00000  0.95601 0.32353
 442  0.96043 0.00000  0.95602 0.32353
 443  0.96034 0.00000  0.95603 0.32353
 444  0.95836 0.00000  0.95599 0.32354
 445  0.95772 0.00000  0.95594 0.32354
 446  0.95792 0.00000  0.95589 0.32354
 447  0.96164 0.00000  0.95595 0.32354
 448  0.95992 0.00000  0.95597 0.32354
 449  0.95948 0.00000  0.95596 0.32354
 450  0.96238 0.00000  0.95600 0.32354
 451  0.95873 0.00000  0.95598 0.32354
 452  0.96250 0.00000  0.95603 0.32354
 453  0.96085 0.00000  0.95604 0.32354
 454  0.95812 0.00000  0.95599 0.32354
 455  0.95978 0.00000  0.95599 0.32354
 456  0.96180 0.00000  0.95603 0.32354
 457  0.96196 0.00000  0.95608 0.32354
 458  0.95641 0.00000  0.95598 0.32354
 459  0.95986 0.00000  0.95597 0.32354
 460  0.96249 0.00000  0.95603 0.32355
 461  0.95945 0.00000  0.95601 0.32354
 462  0.96140 0.00000  0.95605 0.32355
 463  0.95928 0.00000  0.95604 0.32355
 464  0.95806 0.00000  0.95603 0.32355
 465  0.95820 0.00000  0.95596 0.32355
 466  0.95919 0.00000  0.95594 0.32355
 467  0.96152 0.00000  0.95597 0.32355
 468  0.95850 0.00000  0.95596 0.32355
 469  0.95857 0.00000  0.95593 0.32355
 470  0.96493 0.00000  0.95604 0.32355
 471  0.95979 0.00000  0.95602 0.32355
 472  0.96385 0.00000  0.95610 0.32355
 473  0.95979 0.00000  0.95608 0.32355
 474  0.96111 0.00000  0.95609 0.32355
 475  0.96253 0.00000  0.95614 0.32355
 476  0.96181 0.00000  0.95616 0.32355
 477  0.95868 0.00000  0.95614 0.32355
 478  0.96145 0.00000  0.95618 0.32355
 479  0.96034 0.00000  0.95616 0.32355
 480  0.96365 0.00000  0.95622 0.32355
 481  0.96277 0.00000  0.95625 0.32355
 482  0.96089 0.00000  0.95624 0.32355
 483  0.96236 0.00000  0.95627 0.32355
 484  0.95966 0.00000  0.95623 0.32355
 485  0.96143 0.00000  0.95623 0.32355
 486  0.96040 0.00000  0.95621 0.32355
 487  0.96088 0.00000  0.95620 0.32355
 488  0.96283 0.00000  0.95624 0.32355
 489  0.96210 0.00000  0.95627 0.32355
 490  0.95899 0.00000  0.95623 0.32355
 491  0.96086 0.00000  0.95622 0.32356
 492  0.96118 0.00000  0.95623 0.32356
 493  0.96129 0.00000  0.95624 0.32355
 494  0.96159 0.00000  0.95625 0.32356
 495  0.96147 0.00000  0.95625 0.32356
 496  0.95961 0.00000  0.95624 0.32356
 497  0.96001 0.00000  0.95623 0.32356
 498  0.95863 0.00000  0.95618 0.32356
 499  0.95905 0.00000  0.95614 0.32356
processing 4000 predictions...

0%   10   20   30   40   50   60   70   80   90   100%
|----|----|----|----|----|----|----|----|----|----|
***************************************************
 done.
elapsed: [2930.64s cpu, 2444777.0225 mticks, 914.71s wall]
score: 0.3431  baseline: 0.3384  diff: 0.00461
category UNKNOWN: count 0 avg error 0 baseline avg error 0 avg improvement 0
category AUTO: count 936 avg error 0.0968 baseline avg error 0.0970217 avg improvement 0.000221696
category POSS: count 2576 avg error 0.347618 baseline avg error 0.342472 avg improvement -0.00514609
category IMP: count 488 avg error 0.791329 baseline avg error 0.780242 avg improvement -0.0110864
overall: count 4000 avg error 0.343059 baseline avg error 0.338444 avg improvement -0.00461474
worst entries: 
0: 2338  label: -1 pred: 0.0508167 bl: -0.01845 POSS error_pred: 0.574284 error_bl: 0.205835 improvement: -0.36845
    min: -0.2525  max: 0.687 avg: 0.254482
explanation: 
no explanation

1: 49  label: -1 pred: -0.000475847 bl: -0.0885 POSS error_pred: 0.461372 error_bl: 0.131821 improvement: -0.329552
    min: -0.292  max: 0.693 avg: 0.189572
explanation: 
no explanation

2: 2906  label: 1 pred: -0.135315 bl: 0.2012 POSS error_pred: 0.543509 error_bl: 0.269428 improvement: -0.274081
    min: -0.675  max: 0.5125 avg: 0.001948
explanation: 
no explanation

3: 2678  label: -1 pred: 0.0338074 bl: 0.03675 POSS error_pred: 0.541869 error_bl: 0.272285 improvement: -0.269584
    min: -0.3435  max: 0.708 avg: 0.22556
explanation: 
no explanation

4: 3834  label: -1 pred: 0.107549 bl: 0.138 POSS error_pred: 0.678012 error_bl: 0.417072 improvement: -0.26094
    min: -0.01  max: 0.622 avg: 0.318028
explanation: 
no explanation

5: 1355  label: -1 pred: 0.0981852 bl: 0.12645 POSS error_pred: 0.665046 error_bl: 0.405186 improvement: -0.25986
    min: -0.013  max: 0.6475 avg: 0.31015
explanation: 
no explanation

6: 3516  label: -1 pred: 0.167789 bl: 0.2101 IMP error_pred: 0.78228 error_bl: 0.537547 improvement: -0.244733
    min: 0.084  max: 0.8995 avg: 0.396764
explanation: 
no explanation

7: 3318  label: -1 pred: 0.0495706 bl: 0.07065 POSS error_pred: 0.572663 error_bl: 0.332253 improvement: -0.240411
    min: -0.149  max: 0.658 avg: 0.240188
explanation: 
no explanation

8: 3851  label: -1 pred: 0.0287331 bl: 0.0463 POSS error_pred: 0.531064 error_bl: 0.290924 improvement: -0.24014
    min: -0.4235  max: 0.8475 avg: 0.207722
explanation: 
no explanation

9: 1245  label: -1 pred: 0.0529256 bl: 0.0844 POSS error_pred: 0.578066 error_bl: 0.350621 improvement: -0.227445
    min: -0.0545  max: 0.621 avg: 0.244496
explanation: 
no explanation

10: 2734  label: 1 pred: -0.327703 bl: -0.081 POSS error_pred: 0.863192 error_bl: 0.64402 improvement: -0.219172
    min: -0.652  max: 0.154 avg: -0.262438
explanation: 
no explanation

11: 2986  label: 1 pred: -0.295228 bl: -0.05865 POSS error_pred: 0.824104 error_bl: 0.60819 improvement: -0.215914
    min: -0.742  max: 0.1985 avg: -0.215276
explanation: 
no explanation

12: 23  label: 1 pred: -0.288794 bl: -0.0515 POSS error_pred: 0.812936 error_bl: 0.599349 improvement: -0.213588
    min: -0.5165  max: 0.1415 avg: -0.205348
explanation: 
no explanation

13: 3601  label: -1 pred: 0.0891511 bl: 0.1541 POSS error_pred: 0.649379 error_bl: 0.441383 improvement: -0.207996
    min: -0.018  max: 0.682 avg: 0.295532
explanation: 
no explanation

14: 1304  label: 1 pred: -0.137154 bl: 0.13935 POSS error_pred: 0.549093 error_bl: 0.345277 improvement: -0.203816
    min: -0.6195  max: 0.4675 avg: -0.00458
explanation: 
no explanation

15: 1309  label: -1 pred: 0.0259503 bl: 0.06745 POSS error_pred: 0.525122 error_bl: 0.32523 improvement: -0.199892
    min: -0.403  max: 0.746 avg: 0.214756
explanation: 
no explanation

16: 1792  label: 1 pred: -0.0721601 bl: 0.2307 POSS error_pred: 0.437878 error_bl: 0.238716 improvement: -0.199162
    min: -0.293  max: 0.4055 avg: 0.07941
explanation: 
no explanation

17: 3220  label: -1 pred: -0.0483057 bl: -0.04235 POSS error_pred: 0.378714 error_bl: 0.181524 improvement: -0.197191
    min: -0.136  max: 0.356 avg: 0.117338
explanation: 
no explanation

18: 3023  label: -1 pred: 0.0647535 bl: 0.12865 POSS error_pred: 0.602377 error_bl: 0.407347 improvement: -0.19503
    min: -0.026  max: 0.7145 avg: 0.266052
explanation: 
no explanation

19: 2808  label: 1 pred: -0.176475 bl: 0.0698 POSS error_pred: 0.625407 error_bl: 0.430433 improvement: -0.194974
    min: -0.302  max: 0.2465 avg: -0.051766
explanation: 
no explanation

20: 737  label: -1 pred: -0.0308729 bl: -0.0074 POSS error_pred: 0.41383 error_bl: 0.220421 improvement: -0.193409
    min: -0.27  max: 0.384 avg: 0.145968
explanation: 
no explanation

21: 934  label: -1 pred: -0.0892817 bl: -0.1152 POSS error_pred: 0.30416 error_bl: 0.113452 improvement: -0.190708
    min: -0.2565  max: 0.384 avg: 0.073026
explanation: 
no explanation

22: 1178  label: 1 pred: -0.0322968 bl: 0.3148 POSS error_pred: 0.362494 error_bl: 0.172638 improvement: -0.189856
    min: -0.2425  max: 0.4935 avg: 0.12892
explanation: 
no explanation

23: 779  label: -1 pred: 0.0997096 bl: 0.17755 IMP error_pred: 0.667747 error_bl: 0.479741 improvement: -0.188006
    min: 0.055  max: 0.7525 avg: 0.311352
explanation: 
no explanation

24: 3972  label: 1 pred: -0.107355 bl: 0.16515 POSS error_pred: 0.493718 error_bl: 0.308981 improvement: -0.184737
    min: -0.2185  max: 0.339 avg: 0.035654
explanation: 
no explanation

25: 1000  label: -1 pred: -0.0150794 bl: 0.0153 POSS error_pred: 0.433279 error_bl: 0.250135 improvement: -0.183144
    min: -0.305  max: 0.5905 avg: 0.164968
explanation: 
no explanation

26: 756  label: -1 pred: 0.258738 bl: 0.34385 IMP error_pred: 0.898974 error_bl: 0.71799 improvement: -0.180983
    min: 0.208  max: 1 avg: 0.531474
explanation: 
no explanation

27: 1795  label: -1 pred: 0.164949 bl: 0.24805 IMP error_pred: 0.775257 error_bl: 0.594814 improvement: -0.180443
    min: 0.0335  max: 0.7195 avg: 0.394558
explanation: 
no explanation

28: 889  label: 1 pred: -0.0477468 bl: 0.2611 POSS error_pred: 0.395998 error_bl: 0.218706 improvement: -0.177292
    min: -0.197  max: 0.4525 avg: 0.115084
explanation: 
no explanation

29: 3034  label: -1 pred: -0.0113578 bl: 0.0264 POSS error_pred: 0.438142 error_bl: 0.26148 improvement: -0.176661
    min: -0.169  max: 0.431 avg: 0.161032
explanation: 
no explanation

30: 2859  label: -1 pred: -0.0154488 bl: 0.02105 POSS error_pred: 0.432199 error_bl: 0.257158 improvement: -0.175041
    min: -0.3565  max: 0.49 avg: 0.163364
explanation: 
no explanation

31: 3484  label: -1 pred: 0.100682 bl: 0.1855 IMP error_pred: 0.668828 error_bl: 0.495948 improvement: -0.17288
    min: 0.027  max: 0.5685 avg: 0.307118
explanation: 
no explanation

32: 3840  label: -1 pred: 0.133522 bl: 0.22075 POSS error_pred: 0.723393 error_bl: 0.551053 improvement: -0.172339
    min: -0.0285  max: 0.7065 avg: 0.357944
explanation: 
no explanation

33: 3926  label: 1 pred: -0.236442 bl: -0.03055 POSS error_pred: 0.736156 error_bl: 0.568637 improvement: -0.16752
    min: -0.511  max: 0.765 avg: -0.132986
explanation: 
no explanation

34: 3322  label: -1 pred: -0.112338 bl: -0.1434 POSS error_pred: 0.2604 error_bl: 0.0929227 improvement: -0.167477
    min: -0.4295  max: 0.4335 avg: 0.04134
explanation: 
no explanation

35: 3119  label: -1 pred: 0.057867 bl: 0.14105 POSS error_pred: 0.58779 error_bl: 0.421394 improvement: -0.166397
    min: -0.1935  max: 1 avg: 0.258466
explanation: 
no explanation

36: 1835  label: -1 pred: 0.0823832 bl: 0.17175 POSS error_pred: 0.634252 error_bl: 0.468936 improvement: -0.165316
    min: -0.115  max: 0.7205 avg: 0.287242
explanation: 
no explanation

37: 2356  label: -1 pred: -0.11694 bl: -0.15915 POSS error_pred: 0.248514 error_bl: 0.0842788 improvement: -0.164236
    min: -0.4415  max: 0.4525 avg: 0.030966
explanation: 
no explanation

38: 2250  label: -1 pred: 0.106568 bl: 0.19585 POSS error_pred: 0.676391 error_bl: 0.514046 improvement: -0.162345
    min: -0.393  max: 0.8105 avg: 0.31875
explanation: 
no explanation

39: 3595  label: -1 pred: -0.0293582 bl: 0.01835 POSS error_pred: 0.415991 error_bl: 0.254457 improvement: -0.161534
    min: -0.1105  max: 0.438 avg: 0.140734
explanation: 
no explanation

40: 28  label: -1 pred: 0.0927941 bl: 0.18445 POSS error_pred: 0.654781 error_bl: 0.494327 improvement: -0.160454
    min: -0.066  max: 0.5315 avg: 0.295094
explanation: 
no explanation

41: 2546  label: 1 pred: -0.122127 bl: 0.12415 POSS error_pred: 0.52443 error_bl: 0.364356 improvement: -0.160074
    min: -0.4365  max: 0.436 avg: 0.017784
explanation: 
no explanation

42: 2145  label: -1 pred: -0.0230967 bl: 0.03035 POSS error_pred: 0.423015 error_bl: 0.263101 improvement: -0.159914
    min: -0.339  max: 0.6345 avg: 0.161884
explanation: 
no explanation

43: 3943  label: 1 pred: -0.0620603 bl: 0.21065 POSS error_pred: 0.417403 error_bl: 0.257794 improvement: -0.159609
    min: -0.4315  max: 0.4255 avg: 0.096058
explanation: 
no explanation

44: 2355  label: 1 pred: -0.0041417 bl: 0.3229 POSS error_pred: 0.325733 error_bl: 0.167054 improvement: -0.158678
    min: -0.1955  max: 0.508 avg: 0.16205
explanation: 
no explanation

45: 3160  label: -1 pred: 0.0570747 bl: 0.1448 POSS error_pred: 0.585629 error_bl: 0.427066 improvement: -0.158563
    min: -0.1795  max: 0.7445 avg: 0.250364
explanation: 
no explanation

46: 1875  label: -1 pred: 0.0432845 bl: 0.1256 POSS error_pred: 0.561318 error_bl: 0.403025 improvement: -0.158293
    min: -0.1605  max: 0.4825 avg: 0.238346
explanation: 
no explanation

47: 3405  label: 1 pred: -0.0829709 bl: 0.17905 POSS error_pred: 0.452769 error_bl: 0.294556 improvement: -0.158213
    min: -0.418  max: 0.6285 avg: 0.071718
explanation: 
no explanation

48: 667  label: 1 pred: -0.300807 bl: -0.0999 POSS error_pred: 0.829223 error_bl: 0.671475 improvement: -0.157748
    min: -0.5055  max: 0.2235 avg: -0.215688
explanation: 
no explanation

49: 2423  label: 1 pred: -0.0521781 bl: 0.224 POSS error_pred: 0.403909 error_bl: 0.246161 improvement: -0.157748
    min: -0.3425  max: 0.6795 avg: 0.1014
explanation: 
no explanation

best entries: 
0: 1870  label: 1 pred: -0.0598201 bl: -0.12925 POSS error_pred: 0.41275 error_bl: 0.717543 improvement: 0.304793
1: 3988  label: -1 pred: -0.0923743 bl: 0.23985 POSS error_pred: 0.296596 error_bl: 0.581307 improvement: 0.284711
2: 2528  label: -1 pred: -0.0967332 bl: 0.21965 POSS error_pred: 0.289573 error_bl: 0.549973 improvement: 0.2604
3: 3351  label: 1 pred: -0.129855 bl: -0.2052 POSS error_pred: 0.533737 error_bl: 0.791531 improvement: 0.257794
4: 633  label: -1 pred: -0.181569 bl: 0.1215 POSS error_pred: 0.145327 error_bl: 0.397083 improvement: 0.251756
5: 3071  label: -1 pred: -0.050286 bl: 0.26355 POSS error_pred: 0.376013 error_bl: 0.621286 improvement: 0.245273
6: 2900  label: -1 pred: 0.0571819 bl: 0.44045 POSS error_pred: 0.585629 error_bl: 0.82604 improvement: 0.240411
7: 1089  label: -1 pred: 0.0565903 bl: 0.43245 POSS error_pred: 0.584549 error_bl: 0.816856 improvement: 0.232307
8: 3931  label: -1 pred: -0.229403 bl: 0.066 POSS error_pred: 0.0972447 error_bl: 0.324149 improvement: 0.226904
9: 2789  label: 1 pred: -0.127336 bl: -0.1681 POSS error_pred: 0.530945 error_bl: 0.750582 improvement: 0.219637
10: 3007  label: -1 pred: -0.110581 bl: 0.17785 POSS error_pred: 0.263641 error_bl: 0.480821 improvement: 0.21718
11: 1168  label: -1 pred: -0.0698827 bl: 0.2241 POSS error_pred: 0.338736 error_bl: 0.555646 improvement: 0.21691
12: 2260  label: -1 pred: -0.15389 bl: 0.11405 POSS error_pred: 0.184225 error_bl: 0.387898 improvement: 0.203674
13: 1002  label: 1 pred: -0.117429 bl: -0.12105 POSS error_pred: 0.511866 error_bl: 0.707306 improvement: 0.19544
14: 2661  label: -1 pred: -0.171837 bl: 0.08465 POSS error_pred: 0.160454 error_bl: 0.351972 improvement: 0.191518
15: 1734  label: -1 pred: 0.0190471 bl: 0.3198 POSS error_pred: 0.505673 error_bl: 0.694489 improvement: 0.188817
16: 419  label: -1 pred: -0.11987 bl: 0.14555 POSS error_pred: 0.243112 error_bl: 0.430038 improvement: 0.186926
17: 1112  label: -1 pred: -0.163332 bl: 0.0858 POSS error_pred: 0.169098 error_bl: 0.353323 improvement: 0.184225
18: 555  label: 1 pred: 0.0231714 bl: 0.04555 POSS error_pred: 0.284784 error_bl: 0.467427 improvement: 0.182643
19: 1184  label: -1 pred: -0.142097 bl: 0.11485 POSS error_pred: 0.207455 error_bl: 0.388979 improvement: 0.181524
20: 3359  label: 1 pred: -0.139959 bl: -0.1514 POSS error_pred: 0.553746 error_bl: 0.734993 improvement: 0.181247
21: 718  label: -1 pred: -0.0125169 bl: 0.26195 POSS error_pred: 0.436521 error_bl: 0.617234 improvement: 0.180713
22: 1630  label: -1 pred: -0.173332 bl: 0.07445 POSS error_pred: 0.158293 error_bl: 0.337115 improvement: 0.178822
23: 2151  label: -1 pred: -0.25707 bl: 0.0218 POSS error_pred: 0.0794165 error_bl: 0.257699 improvement: 0.178282
24: 3448  label: -1 pred: -0.0648446 bl: 0.2029 POSS error_pred: 0.34792 error_bl: 0.523501 improvement: 0.175581
25: 3637  label: 1 pred: -0.126585 bl: -0.11845 POSS error_pred: 0.530014 error_bl: 0.704048 improvement: 0.174034
26: 3073  label: -1 pred: 0.145595 bl: 0.55265 POSS error_pred: 0.742301 error_bl: 0.914641 improvement: 0.172339
27: 2231  label: 1 pred: 0.0180415 bl: 0.0507 POSS error_pred: 0.292694 error_bl: 0.462075 improvement: 0.169381
28: 3049  label: 1 pred: 0.141321 bl: 0.16225 POSS error_pred: 0.142857 error_bl: 0.312238 improvement: 0.169381
29: 2010  label: -1 pred: -0.130075 bl: 0.1169 POSS error_pred: 0.223123 error_bl: 0.3906 improvement: 0.167477
30: 3934  label: 1 pred: 0.0112626 bl: 0.04655 POSS error_pred: 0.303862 error_bl: 0.465798 improvement: 0.161936
31: 2779  label: 1 pred: -0.14655 bl: -0.1406 POSS error_pred: 0.564914 error_bl: 0.725919 improvement: 0.161005
32: 1993  label: -1 pred: 0.0593983 bl: 0.36795 POSS error_pred: 0.588871 error_bl: 0.748244 improvement: 0.159373
33: 1192  label: 1 pred: 0.0447929 bl: 0.0832 POSS error_pred: 0.255002 error_bl: 0.413681 improvement: 0.158678
34: 3461  label: 1 pred: 0.0495968 bl: 0.0921 POSS error_pred: 0.247092 error_bl: 0.403443 improvement: 0.156352
35: 1338  label: -1 pred: 0.00200577 bl: 0.2642 POSS error_pred: 0.465694 error_bl: 0.621826 improvement: 0.156132
36: 2478  label: -1 pred: -0.158005 bl: 0.0713 POSS error_pred: 0.178282 error_bl: 0.334414 improvement: 0.156132
37: 1806  label: 1 pred: -0.191297 bl: -0.21935 POSS error_pred: 0.652396 error_bl: 0.805956 improvement: 0.15356
38: 708  label: -1 pred: -0.122957 bl: 0.1153 POSS error_pred: 0.237169 error_bl: 0.388979 improvement: 0.15181
39: 761  label: -1 pred: 0.11033 bl: 0.4502 POSS error_pred: 0.683955 error_bl: 0.834684 improvement: 0.150729
40: 2428  label: 1 pred: -0.0863941 bl: -0.0578 POSS error_pred: 0.457422 error_bl: 0.607492 improvement: 0.15007
41: 3892  label: 1 pred: -0.0963319 bl: -0.06785 POSS error_pred: 0.472313 error_bl: 0.621452 improvement: 0.149139
42: 3430  label: 1 pred: -0.0879294 bl: -0.05485 POSS error_pred: 0.458818 error_bl: 0.604933 improvement: 0.146114
43: 1894  label: -1 pred: -0.17064 bl: 0.0542 POSS error_pred: 0.160994 error_bl: 0.306861 improvement: 0.145867
44: 2972  label: 1 pred: -0.157958 bl: -0.15015 POSS error_pred: 0.58725 error_bl: 0.732899 improvement: 0.145649
45: 1482  label: -1 pred: 0.0395556 bl: 0.32445 POSS error_pred: 0.553214 error_bl: 0.698541 improvement: 0.145327
46: 404  label: 1 pred: 0.0299886 bl: 0.07915 AUTO error_pred: 0.275012 error_bl: 0.41973 improvement: 0.144718
47: 1710  label: -1 pred: 0.0688053 bl: 0.37225 POSS error_pred: 0.609941 error_bl: 0.750945 improvement: 0.141005
48: 3194  label: -1 pred: -0.167053 bl: 0.0535 POSS error_pred: 0.164776 error_bl: 0.3047 improvement: 0.139924
49: 3802  label: -1 pred: -0.159285 bl: 0.06125 POSS error_pred: 0.177202 error_bl: 0.316856 improvement: 0.139654

total is 0
score for UNKNOWN: 1.0000 baseline: 1.0000 diff: 0.0000
total is 936
score for AUTO: 0.0000 baseline: 0.0000 diff: 0.0000
total is 2576
score for POSS: 0.3875 baseline: 0.3794 diff: 0.0081
total is 488
score for IMP: 1.0000 baseline: 1.0000 diff: 0.0000
writing 20000 official test outputs

0%   10   20   30   40   50   60   70   80   90   100%
|----|----|----|----|----|----|----|----|----|----|
***************************************************
scores: [ 0.343059 ]
0.3431 +/-    nan
2781.43user 153.26system 15:16.58elapsed 320%CPU (0avgtext+0avgdata 0maxresident)k
0inputs+448outputs (0major+55335883minor)pagefaults 0swaps
