loading data...Twoway_Layer::random_fill(): limit = 0.141421 ni = 50 no = 50
Twoway_Layer::random_fill(): limit = 0.141421 ni = 50 no = 1
iter  ---- train ----  ---- test -----
         rmse     auc     rmse     auc
   0  0.97323 0.00000  0.76270 0.07848
   1  0.72691 0.00000  0.66897 0.06538
   2  0.66290 0.00000  0.63873 0.06416
   3  0.64311 0.00000  0.62619 0.06376
   4  0.62959 0.00000  0.62074 0.06360
   5  0.62843 0.00000  0.61815 0.06349
   6  0.63055 0.00000  0.61660 0.06340
   7  0.61869 0.00000  0.61559 0.06331
   8  0.62715 0.00000  0.61507 0.06322
   9  0.62212 0.00000  0.61465 0.06315
  10  0.61966 0.00000  0.61436 0.06309
  11  0.62475 0.00000  0.61414 0.06304
  12  0.62264 0.00000  0.61398 0.06298
  13  0.62561 0.00000  0.61384 0.06292
  14  0.61996 0.00000  0.61358 0.06285
  15  0.62100 0.00000  0.61342 0.06279
  16  0.62103 0.00000  0.61332 0.06274
  17  0.62277 0.00000  0.61320 0.06268
  18  0.62064 0.00000  0.61314 0.06263
  19  0.62896 0.00000  0.61307 0.06258
  20  0.62587 0.00000  0.61293 0.06255
  21  0.62561 0.00000  0.61287 0.06251
  22  0.62264 0.00000  0.61280 0.06248
  23  0.62508 0.00000  0.61271 0.06244
  24  0.62712 0.00000  0.61267 0.06241
  25  0.62238 0.00000  0.61260 0.06237
  26  0.62307 0.00000  0.61253 0.06234
  27  0.62146 0.00000  0.61249 0.06231
  28  0.62791 0.00000  0.61243 0.06226
  29  0.61627 0.00000  0.61229 0.06224
  30  0.62032 0.00000  0.61227 0.06221
  31  0.62094 0.00000  0.61226 0.06219
  32  0.62395 0.00000  0.61221 0.06216
  33  0.61710 0.00000  0.61219 0.06214
  34  0.62545 0.00000  0.61213 0.06212
  35  0.62255 0.00000  0.61208 0.06211
  36  0.61876 0.00000  0.61201 0.06209
  37  0.62082 0.00000  0.61204 0.06208
  38  0.62025 0.00000  0.61201 0.06205
  39  0.62112 0.00000  0.61196 0.06202
  40  0.62575 0.00000  0.61200 0.06200
  41  0.62096 0.00000  0.61199 0.06199
  42  0.62025 0.00000  0.61197 0.06197
  43  0.62193 0.00000  0.61196 0.06195
  44  0.61823 0.00000  0.61191 0.06194
  45  0.62460 0.00000  0.61201 0.06192
  46  0.61945 0.00000  0.61187 0.06191
  47  0.62036 0.00000  0.61192 0.06190
  48  0.61673 0.00000  0.61183 0.06189
  49  0.61789 0.00000  0.61188 0.06188
  50  0.62101 0.00000  0.61193 0.06187
  51  0.62166 0.00000  0.61187 0.06186
  52  0.62216 0.00000  0.61189 0.06184
  53  0.61954 0.00000  0.61191 0.06183
  54  0.61873 0.00000  0.61191 0.06182
  55  0.63038 0.00000  0.61199 0.06181
  56  0.62181 0.00000  0.61204 0.06179
  57  0.61741 0.00000  0.61206 0.06179
  58  0.61592 0.00000  0.61195 0.06179
  59  0.62179 0.00000  0.61195 0.06179
  60  0.61659 0.00000  0.61190 0.06178
  61  0.61929 0.00000  0.61198 0.06177
  62  0.62230 0.00000  0.61196 0.06176
  63  0.61864 0.00000  0.61200 0.06175
  64  0.61626 0.00000  0.61200 0.06175
  65  0.62396 0.00000  0.61204 0.06174
  66  0.61482 0.00000  0.61201 0.06174
  67  0.62322 0.00000  0.61207 0.06173
  68  0.62559 0.00000  0.61218 0.06172
  69  0.62285 0.00000  0.61214 0.06172
  70  0.61929 0.00000  0.61215 0.06172
  71  0.62042 0.00000  0.61224 0.06171
  72  0.62369 0.00000  0.61226 0.06171
  73  0.62626 0.00000  0.61222 0.06170
  74  0.61808 0.00000  0.61222 0.06170
  75  0.61602 0.00000  0.61217 0.06170
  76  0.61875 0.00000  0.61217 0.06170
  77  0.62044 0.00000  0.61226 0.06169
  78  0.61911 0.00000  0.61226 0.06170
  79  0.62195 0.00000  0.61233 0.06170
  80  0.62369 0.00000  0.61240 0.06170
  81  0.62365 0.00000  0.61245 0.06169
  82  0.61975 0.00000  0.61245 0.06169
  83  0.61705 0.00000  0.61243 0.06169
  84  0.62498 0.00000  0.61252 0.06169
  85  0.62046 0.00000  0.61251 0.06169
  86  0.62196 0.00000  0.61257 0.06170
  87  0.62514 0.00000  0.61261 0.06169
  88  0.62288 0.00000  0.61267 0.06169
  89  0.61786 0.00000  0.61265 0.06169
  90  0.62110 0.00000  0.61267 0.06169
  91  0.62178 0.00000  0.61271 0.06169
  92  0.61877 0.00000  0.61270 0.06169
  93  0.62560 0.00000  0.61279 0.06169
  94  0.61871 0.00000  0.61281 0.06169
  95  0.62027 0.00000  0.61289 0.06169
  96  0.61357 0.00000  0.61284 0.06169
  97  0.62622 0.00000  0.61291 0.06169
  98  0.61865 0.00000  0.61288 0.06170
  99  0.61932 0.00000  0.61289 0.06170
 100  0.62653 0.00000  0.61302 0.06170
 101  0.62047 0.00000  0.61298 0.06171
 102  0.62183 0.00000  0.61305 0.06171
 103  0.61384 0.00000  0.61296 0.06172
 104  0.62513 0.00000  0.61306 0.06171
 105  0.61793 0.00000  0.61307 0.06172
 106  0.62316 0.00000  0.61316 0.06172
 107  0.61674 0.00000  0.61314 0.06172
 108  0.62581 0.00000  0.61325 0.06171
 109  0.62670 0.00000  0.61334 0.06172
 110  0.62395 0.00000  0.61337 0.06172
 111  0.62054 0.00000  0.61333 0.06172
 112  0.61933 0.00000  0.61336 0.06173
 113  0.61624 0.00000  0.61336 0.06173
 114  0.62416 0.00000  0.61342 0.06173
 115  0.62395 0.00000  0.61348 0.06174
 116  0.62148 0.00000  0.61354 0.06175
 117  0.61992 0.00000  0.61353 0.06175
 118  0.61371 0.00000  0.61346 0.06175
 119  0.62746 0.00000  0.61358 0.06176
 120  0.61927 0.00000  0.61358 0.06176
 121  0.62043 0.00000  0.61363 0.06176
 122  0.62565 0.00000  0.61377 0.06176
 123  0.61864 0.00000  0.61376 0.06177
 124  0.61631 0.00000  0.61375 0.06177
 125  0.62053 0.00000  0.61372 0.06178
 126  0.62634 0.00000  0.61382 0.06178
 127  0.62685 0.00000  0.61389 0.06178
 128  0.62361 0.00000  0.61389 0.06179
 129  0.62078 0.00000  0.61387 0.06179
 130  0.62019 0.00000  0.61389 0.06180
 131  0.62160 0.00000  0.61394 0.06180
 132  0.62065 0.00000  0.61396 0.06180
 133  0.62068 0.00000  0.61397 0.06181
 134  0.61908 0.00000  0.61394 0.06182
 135  0.62007 0.00000  0.61393 0.06182
 136  0.62049 0.00000  0.61396 0.06182
 137  0.61985 0.00000  0.61400 0.06183
 138  0.62495 0.00000  0.61413 0.06183
 139  0.62734 0.00000  0.61421 0.06183
 140  0.62191 0.00000  0.61425 0.06183
 141  0.62596 0.00000  0.61434 0.06183
 142  0.62407 0.00000  0.61435 0.06183
 143  0.62699 0.00000  0.61444 0.06184
 144  0.62732 0.00000  0.61443 0.06184
 145  0.61987 0.00000  0.61440 0.06184
 146  0.62116 0.00000  0.61440 0.06184
 147  0.62073 0.00000  0.61438 0.06185
 148  0.62293 0.00000  0.61442 0.06185
 149  0.62673 0.00000  0.61449 0.06185
 150  0.62265 0.00000  0.61448 0.06186
 151  0.61732 0.00000  0.61448 0.06186
 152  0.62682 0.00000  0.61460 0.06186
 153  0.62533 0.00000  0.61461 0.06187
 154  0.61852 0.00000  0.61456 0.06187
 155  0.62380 0.00000  0.61463 0.06188
 156  0.61955 0.00000  0.61466 0.06188
 157  0.61997 0.00000  0.61466 0.06188
 158  0.62881 0.00000  0.61472 0.06188
 159  0.61893 0.00000  0.61467 0.06189
 160  0.62136 0.00000  0.61478 0.06189
 161  0.62097 0.00000  0.61474 0.06189
 162  0.61754 0.00000  0.61470 0.06190
 163  0.62260 0.00000  0.61473 0.06190
 164  0.62060 0.00000  0.61472 0.06191
 165  0.62545 0.00000  0.61482 0.06191
 166  0.62305 0.00000  0.61481 0.06191
 167  0.62657 0.00000  0.61488 0.06191
 168  0.62257 0.00000  0.61489 0.06192
 169  0.62221 0.00000  0.61488 0.06192
 170  0.61793 0.00000  0.61486 0.06193
 171  0.62288 0.00000  0.61492 0.06193
 172  0.62533 0.00000  0.61501 0.06193
 173  0.62352 0.00000  0.61503 0.06193
 174  0.63009 0.00000  0.61509 0.06193
 175  0.62443 0.00000  0.61508 0.06194
 176  0.62512 0.00000  0.61514 0.06194
 177  0.62498 0.00000  0.61515 0.06195
 178  0.62748 0.00000  0.61520 0.06195
 179  0.62030 0.00000  0.61518 0.06195
 180  0.62372 0.00000  0.61517 0.06196
 181  0.62039 0.00000  0.61513 0.06196
 182  0.63145 0.00000  0.61520 0.06196
 183  0.62236 0.00000  0.61523 0.06196
 184  0.62397 0.00000  0.61529 0.06196
 185  0.62711 0.00000  0.61533 0.06197
 186  0.62113 0.00000  0.61528 0.06197
 187  0.62503 0.00000  0.61526 0.06198
 188  0.62561 0.00000  0.61530 0.06198
 189  0.62220 0.00000  0.61530 0.06198
 190  0.62043 0.00000  0.61529 0.06199
 191  0.62802 0.00000  0.61536 0.06199
 192  0.62509 0.00000  0.61544 0.06199
 193  0.62912 0.00000  0.61549 0.06199
 194  0.62437 0.00000  0.61551 0.06199
 195  0.62230 0.00000  0.61554 0.06200
 196  0.62045 0.00000  0.61552 0.06200
 197  0.61953 0.00000  0.61545 0.06200
 198  0.62306 0.00000  0.61547 0.06200
 199  0.62575 0.00000  0.61548 0.06201
 200  0.62584 0.00000  0.61555 0.06201
 201  0.61858 0.00000  0.61549 0.06201
 202  0.62572 0.00000  0.61557 0.06201
 203  0.62457 0.00000  0.61566 0.06201
 204  0.63057 0.00000  0.61565 0.06201
 205  0.62734 0.00000  0.61571 0.06201
 206  0.62332 0.00000  0.61576 0.06202
 207  0.62433 0.00000  0.61570 0.06202
 208  0.62140 0.00000  0.61570 0.06202
 209  0.62246 0.00000  0.61570 0.06202
 210  0.62528 0.00000  0.61566 0.06202
 211  0.62524 0.00000  0.61573 0.06203
 212  0.62512 0.00000  0.61575 0.06203
 213  0.62451 0.00000  0.61578 0.06203
 214  0.62574 0.00000  0.61581 0.06203
 215  0.62559 0.00000  0.61578 0.06203
 216  0.62987 0.00000  0.61583 0.06204
 217  0.62353 0.00000  0.61583 0.06204
 218  0.61945 0.00000  0.61582 0.06204
 219  0.62162 0.00000  0.61583 0.06204
 220  0.62579 0.00000  0.61582 0.06205
 221  0.62847 0.00000  0.61590 0.06204
 222  0.63060 0.00000  0.61599 0.06205
 223  0.62708 0.00000  0.61601 0.06205
 224  0.61886 0.00000  0.61591 0.06206
 225  0.62504 0.00000  0.61596 0.06206
 226  0.62597 0.00000  0.61597 0.06206
 227  0.62009 0.00000  0.61601 0.06207
 228  0.62862 0.00000  0.61612 0.06207
 229  0.62569 0.00000  0.61605 0.06207
 230  0.63353 0.00000  0.61612 0.06207
 231  0.62037 0.00000  0.61612 0.06207
 232  0.62486 0.00000  0.61611 0.06208
 233  0.62832 0.00000  0.61617 0.06208
 234  0.62356 0.00000  0.61613 0.06208
 235  0.62862 0.00000  0.61617 0.06208
 236  0.62382 0.00000  0.61614 0.06208
 237  0.62407 0.00000  0.61616 0.06209
 238  0.62150 0.00000  0.61610 0.06209
 239  0.62488 0.00000  0.61610 0.06209
 240  0.62869 0.00000  0.61618 0.06210
 241  0.63270 0.00000  0.61625 0.06210
 242  0.62499 0.00000  0.61623 0.06210
 243  0.62837 0.00000  0.61627 0.06210
 244  0.62641 0.00000  0.61629 0.06210
 245  0.62112 0.00000  0.61623 0.06211
 246  0.61759 0.00000  0.61615 0.06211
 247  0.62269 0.00000  0.61615 0.06211
 248  0.62469 0.00000  0.61617 0.06211
 249  0.62065 0.00000  0.61613 0.06212
 250  0.62468 0.00000  0.61609 0.06212
 251  0.62601 0.00000  0.61616 0.06212
 252  0.62698 0.00000  0.61625 0.06212
 253  0.62457 0.00000  0.61629 0.06213
 254  0.62297 0.00000  0.61629 0.06213
 255  0.62830 0.00000  0.61631 0.06213
 256  0.61838 0.00000  0.61625 0.06214
 257  0.62659 0.00000  0.61627 0.06214
 258  0.62028 0.00000  0.61623 0.06214
 259  0.62063 0.00000  0.61616 0.06214
 260  0.61903 0.00000  0.61614 0.06214
 261  0.62255 0.00000  0.61617 0.06214
 262  0.62609 0.00000  0.61621 0.06214
 263  0.62732 0.00000  0.61627 0.06215
 264  0.62738 0.00000  0.61630 0.06215
 265  0.62467 0.00000  0.61632 0.06215
 266  0.62829 0.00000  0.61637 0.06215
 267  0.62701 0.00000  0.61639 0.06215
 268  0.62550 0.00000  0.61641 0.06215
 269  0.62497 0.00000  0.61642 0.06215
 270  0.62860 0.00000  0.61646 0.06215
 271  0.61961 0.00000  0.61641 0.06216
 272  0.62392 0.00000  0.61640 0.06216
 273  0.63039 0.00000  0.61647 0.06216
 274  0.62773 0.00000  0.61653 0.06216
 275  0.62512 0.00000  0.61656 0.06216
 276  0.62809 0.00000  0.61658 0.06216
 277  0.62497 0.00000  0.61656 0.06216
 278  0.62157 0.00000  0.61655 0.06217
 279  0.62475 0.00000  0.61659 0.06217
 280  0.62655 0.00000  0.61658 0.06217
 281  0.62371 0.00000  0.61662 0.06217
 282  0.62931 0.00000  0.61665 0.06217
 283  0.62206 0.00000  0.61657 0.06218
 284  0.62621 0.00000  0.61664 0.06218
 285  0.62697 0.00000  0.61667 0.06218
 286  0.61971 0.00000  0.61659 0.06219
 287  0.62759 0.00000  0.61661 0.06219
 288  0.62280 0.00000  0.61658 0.06219
 289  0.62365 0.00000  0.61657 0.06219
 290  0.62922 0.00000  0.61661 0.06219
 291  0.62153 0.00000  0.61656 0.06220
 292  0.62285 0.00000  0.61655 0.06220
 293  0.62791 0.00000  0.61657 0.06220
 294  0.62828 0.00000  0.61667 0.06220
 295  0.61919 0.00000  0.61664 0.06220
 296  0.62049 0.00000  0.61662 0.06220
 297  0.62564 0.00000  0.61668 0.06220
 298  0.62494 0.00000  0.61668 0.06220
 299  0.62524 0.00000  0.61666 0.06221
 300  0.62174 0.00000  0.61663 0.06221
 301  0.62986 0.00000  0.61670 0.06221
 302  0.62545 0.00000  0.61668 0.06221
 303  0.62845 0.00000  0.61670 0.06221
 304  0.62586 0.00000  0.61670 0.06221
 305  0.62176 0.00000  0.61667 0.06221
 306  0.62822 0.00000  0.61669 0.06221
 307  0.62785 0.00000  0.61670 0.06221
 308  0.62594 0.00000  0.61679 0.06221
 309  0.62367 0.00000  0.61677 0.06221
 310  0.63081 0.00000  0.61683 0.06221
 311  0.62140 0.00000  0.61674 0.06222
 312  0.62810 0.00000  0.61676 0.06222
 313  0.62383 0.00000  0.61675 0.06222
 314  0.62724 0.00000  0.61677 0.06222
 315  0.63155 0.00000  0.61685 0.06222
 316  0.63013 0.00000  0.61688 0.06222
 317  0.62579 0.00000  0.61686 0.06222
 318  0.61909 0.00000  0.61675 0.06223
 319  0.62903 0.00000  0.61682 0.06223
 320  0.62291 0.00000  0.61680 0.06223
 321  0.62376 0.00000  0.61680 0.06223
 322  0.62714 0.00000  0.61686 0.06223
 323  0.62804 0.00000  0.61690 0.06223
 324  0.62309 0.00000  0.61685 0.06223
 325  0.62547 0.00000  0.61683 0.06223
 326  0.62799 0.00000  0.61687 0.06223
 327  0.62897 0.00000  0.61692 0.06223
 328  0.62771 0.00000  0.61693 0.06223
 329  0.63350 0.00000  0.61703 0.06223
 330  0.62912 0.00000  0.61705 0.06223
 331  0.62861 0.00000  0.61711 0.06223
 332  0.62304 0.00000  0.61703 0.06224
 333  0.62426 0.00000  0.61701 0.06224
 334  0.62175 0.00000  0.61697 0.06224
 335  0.62768 0.00000  0.61700 0.06224
 336  0.62624 0.00000  0.61699 0.06224
 337  0.62989 0.00000  0.61704 0.06224
 338  0.62164 0.00000  0.61695 0.06225
 339  0.62604 0.00000  0.61698 0.06225
 340  0.62644 0.00000  0.61698 0.06225
 341  0.62556 0.00000  0.61700 0.06225
 342  0.62576 0.00000  0.61701 0.06225
 343  0.62637 0.00000  0.61702 0.06225
 344  0.62737 0.00000  0.61706 0.06225
 345  0.63159 0.00000  0.61706 0.06225
 346  0.62338 0.00000  0.61703 0.06225
 347  0.61912 0.00000  0.61697 0.06226
 348  0.62264 0.00000  0.61693 0.06226
 349  0.63030 0.00000  0.61700 0.06226
 350  0.62214 0.00000  0.61695 0.06226
 351  0.62520 0.00000  0.61698 0.06226
 352  0.62839 0.00000  0.61700 0.06226
 353  0.62330 0.00000  0.61699 0.06226
 354  0.62577 0.00000  0.61699 0.06226
 355  0.62455 0.00000  0.61701 0.06226
 356  0.62031 0.00000  0.61694 0.06227
 357  0.62447 0.00000  0.61691 0.06227
 358  0.62087 0.00000  0.61685 0.06227
 359  0.62824 0.00000  0.61691 0.06227
 360  0.62809 0.00000  0.61699 0.06227
 361  0.62614 0.00000  0.61704 0.06227
 362  0.62517 0.00000  0.61703 0.06227
 363  0.62566 0.00000  0.61700 0.06227
 364  0.62583 0.00000  0.61702 0.06227
 365  0.62009 0.00000  0.61702 0.06228
 366  0.62791 0.00000  0.61707 0.06228
 367  0.62542 0.00000  0.61709 0.06228
 368  0.62174 0.00000  0.61705 0.06228
 369  0.62619 0.00000  0.61706 0.06228
 370  0.62443 0.00000  0.61706 0.06228
 371  0.62674 0.00000  0.61712 0.06228
 372  0.62388 0.00000  0.61709 0.06229
 373  0.62332 0.00000  0.61704 0.06229
 374  0.62418 0.00000  0.61707 0.06229
 375  0.63187 0.00000  0.61714 0.06229
 376  0.62683 0.00000  0.61710 0.06229
 377  0.62533 0.00000  0.61712 0.06229
 378  0.62684 0.00000  0.61712 0.06229
 379  0.62961 0.00000  0.61716 0.06229
 380  0.62768 0.00000  0.61716 0.06229
 381  0.62298 0.00000  0.61710 0.06229
 382  0.62622 0.00000  0.61708 0.06229
 383  0.62735 0.00000  0.61709 0.06229
 384  0.63158 0.00000  0.61716 0.06229
 385  0.62446 0.00000  0.61709 0.06229
 386  0.62736 0.00000  0.61710 0.06230
 387  0.62767 0.00000  0.61714 0.06230
 388  0.62673 0.00000  0.61716 0.06230
 389  0.62842 0.00000  0.61717 0.06230
 390  0.63134 0.00000  0.61725 0.06230
 391  0.62766 0.00000  0.61728 0.06230
 392  0.62729 0.00000  0.61728 0.06230
 393  0.62605 0.00000  0.61727 0.06230
 394  0.62252 0.00000  0.61720 0.06231
 395  0.62268 0.00000  0.61716 0.06230
 396  0.63578 0.00000  0.61723 0.06230
 397  0.62620 0.00000  0.61719 0.06231
 398  0.62609 0.00000  0.61716 0.06231
 399  0.62457 0.00000  0.61715 0.06231
 400  0.62752 0.00000  0.61717 0.06231
 401  0.62592 0.00000  0.61717 0.06231
 402  0.62325 0.00000  0.61714 0.06231
 403  0.62474 0.00000  0.61715 0.06231
 404  0.62787 0.00000  0.61716 0.06231
 405  0.62551 0.00000  0.61715 0.06231
 406  0.63144 0.00000  0.61721 0.06231
 407  0.62666 0.00000  0.61721 0.06231
 408  0.62159 0.00000  0.61718 0.06232
 409  0.62528 0.00000  0.61724 0.06232
 410  0.62368 0.00000  0.61722 0.06232
 411  0.62348 0.00000  0.61717 0.06232
 412  0.62705 0.00000  0.61719 0.06232
 413  0.62806 0.00000  0.61720 0.06232
 414  0.62103 0.00000  0.61713 0.06232
 415  0.62860 0.00000  0.61719 0.06232
 416  0.62239 0.00000  0.61715 0.06233
 417  0.62298 0.00000  0.61714 0.06233
 418  0.62722 0.00000  0.61716 0.06233
 419  0.62632 0.00000  0.61715 0.06233
 420  0.62461 0.00000  0.61712 0.06233
 421  0.62731 0.00000  0.61715 0.06233
 422  0.62569 0.00000  0.61720 0.06233
 423  0.62691 0.00000  0.61725 0.06233
 424  0.62309 0.00000  0.61721 0.06233
 425  0.62187 0.00000  0.61717 0.06233
 426  0.62658 0.00000  0.61721 0.06233
 427  0.62932 0.00000  0.61725 0.06234
 428  0.62799 0.00000  0.61729 0.06234
 429  0.62582 0.00000  0.61727 0.06234
 430  0.62775 0.00000  0.61729 0.06234
 431  0.62683 0.00000  0.61733 0.06234
 432  0.62124 0.00000  0.61727 0.06234
 433  0.62709 0.00000  0.61728 0.06234
 434  0.62007 0.00000  0.61721 0.06234
 435  0.62657 0.00000  0.61720 0.06234
 436  0.62771 0.00000  0.61723 0.06234
 437  0.62512 0.00000  0.61722 0.06234
 438  0.62347 0.00000  0.61721 0.06234
 439  0.62274 0.00000  0.61717 0.06235
 440  0.62979 0.00000  0.61721 0.06234
 441  0.62306 0.00000  0.61718 0.06235
 442  0.62436 0.00000  0.61719 0.06235
 443  0.62678 0.00000  0.61720 0.06235
 444  0.62443 0.00000  0.61721 0.06235
 445  0.62576 0.00000  0.61727 0.06235
 446  0.62554 0.00000  0.61727 0.06235
 447  0.62139 0.00000  0.61721 0.06235
 448  0.62710 0.00000  0.61723 0.06235
 449  0.62250 0.00000  0.61724 0.06235
 450  0.62516 0.00000  0.61726 0.06235
 451  0.62637 0.00000  0.61731 0.06235
 452  0.62650 0.00000  0.61731 0.06235
 453  0.62760 0.00000  0.61732 0.06235
 454  0.62974 0.00000  0.61738 0.06235
 455  0.62507 0.00000  0.61739 0.06235
 456  0.62417 0.00000  0.61735 0.06235
 457  0.62767 0.00000  0.61734 0.06235
 458  0.62328 0.00000  0.61737 0.06235
 459  0.62316 0.00000  0.61736 0.06235
 460  0.62540 0.00000  0.61734 0.06235
 461  0.62975 0.00000  0.61739 0.06235
 462  0.62533 0.00000  0.61740 0.06235
 463  0.62794 0.00000  0.61743 0.06236
 464  0.63080 0.00000  0.61746 0.06235
 465  0.62440 0.00000  0.61741 0.06236
 466  0.63089 0.00000  0.61744 0.06236
 467  0.62940 0.00000  0.61745 0.06236
 468  0.62388 0.00000  0.61740 0.06236
 469  0.62251 0.00000  0.61735 0.06236
 470  0.62700 0.00000  0.61734 0.06236
 471  0.62893 0.00000  0.61739 0.06236
 472  0.62845 0.00000  0.61740 0.06236
 473  0.62043 0.00000  0.61734 0.06236
 474  0.62622 0.00000  0.61734 0.06236
 475  0.62269 0.00000  0.61733 0.06236
 476  0.62520 0.00000  0.61732 0.06236
 477  0.62423 0.00000  0.61731 0.06236
 478  0.62905 0.00000  0.61735 0.06236
 479  0.62720 0.00000  0.61736 0.06236
 480  0.62799 0.00000  0.61737 0.06236
 481  0.62438 0.00000  0.61736 0.06236
 482  0.62229 0.00000  0.61732 0.06237
 483  0.62487 0.00000  0.61730 0.06237
 484  0.62405 0.00000  0.61732 0.06237
 485  0.62771 0.00000  0.61732 0.06237
 486  0.61889 0.00000  0.61728 0.06237
 487  0.62703 0.00000  0.61727 0.06237
 488  0.62922 0.00000  0.61732 0.06237
 489  0.62833 0.00000  0.61735 0.06237
 490  0.62908 0.00000  0.61740 0.06237
 491  0.62415 0.00000  0.61736 0.06237
 492  0.62900 0.00000  0.61740 0.06237
 493  0.62263 0.00000  0.61739 0.06237
 494  0.62402 0.00000  0.61741 0.06237
 495  0.62622 0.00000  0.61743 0.06237
 496  0.62836 0.00000  0.61744 0.06237
 497  0.62726 0.00000  0.61747 0.06237
 498  0.62442 0.00000  0.61746 0.06237
 499  0.62127 0.00000  0.61739 0.06237
processing 3000 predictions...

0%   10   20   30   40   50   60   70   80   90   100%
|----|----|----|----|----|----|----|----|----|----|
***************************************************
 done.
elapsed: [2890.19s cpu, 2528680.0347 mticks, 946.10s wall]
score: 0.0610  baseline: 0.0597  diff: 0.00133
category UNKNOWN: count 0 avg error 0 baseline avg error 0 avg improvement 0
category AUTO: count 1792 avg error 0.0278124 baseline avg error 0.0277302 avg improvement -8.2133e-05
category POSS: count 1046 avg error 0.0821277 baseline avg error 0.080278 avg improvement -0.00184965
category IMP: count 162 avg error 0.291442 baseline avg error 0.279722 avg improvement -0.0117197
overall: count 3000 avg error 0.0609863 baseline avg error 0.0596595 avg improvement -0.00132683
worst entries: 
0: 2237  label: -1 pred: 0.87789 bl: 0.5297 IMP error_pred: 0.634373 error_bl: 0.350301 improvement: -0.284072
    min: 0.305  max: 1 avg: 0.733557
explanation: 
no explanation

1: 280  label: 1 pred: -0.531625 bl: 0.28535 POSS error_pred: 0.386189 error_bl: 0.161125 improvement: -0.225064
    min: -0.6345  max: 0.495 avg: -0.0180125
explanation: 
no explanation

2: 1392  label: -1 pred: 0.752531 bl: 0.46165 IMP error_pred: 0.456486 error_bl: 0.261084 improvement: -0.195402
    min: 0.283  max: 0.975 avg: 0.631598
explanation: 
no explanation

3: 678  label: -1 pred: 0.841243 bl: 0.55305 IMP error_pred: 0.570334 error_bl: 0.377668 improvement: -0.192666
    min: 0.361  max: 0.947 avg: 0.687347
explanation: 
no explanation

4: 1092  label: 1 pred: -0.901007 bl: -0.11885 POSS error_pred: 0.700767 error_bl: 0.518329 improvement: -0.182438
    min: -1  max: 0.578 avg: -0.303208
explanation: 
no explanation

5: 564  label: 1 pred: -0.450144 bl: 0.2762 POSS error_pred: 0.346121 error_bl: 0.164535 improvement: -0.181586
    min: -0.17  max: 0.438 avg: 0.051225
explanation: 
no explanation

6: 1896  label: -1 pred: 0.628747 bl: 0.3683 POSS error_pred: 0.34428 error_bl: 0.164751 improvement: -0.179529
    min: -0.313  max: 1 avg: 0.541357
explanation: 
no explanation

7: 707  label: -1 pred: 0.582926 bl: 0.34185 POSS error_pred: 0.312534 error_bl: 0.143952 improvement: -0.168582
    min: -0.04  max: 0.964 avg: 0.500195
explanation: 
no explanation

8: 1442  label: -1 pred: 0.778082 bl: 0.5055 IMP error_pred: 0.484401 error_bl: 0.31746 improvement: -0.16694
    min: 0.271  max: 1 avg: 0.647605
explanation: 
no explanation

9: 730  label: -1 pred: 0.923369 bl: 0.67705 IMP error_pred: 0.720307 error_bl: 0.55665 improvement: -0.163656
    min: 0.3935  max: 1 avg: 0.789265
explanation: 
no explanation

10: 2026  label: 1 pred: -0.623719 bl: 0.1218 POSS error_pred: 0.44075 error_bl: 0.286445 improvement: -0.154305
    min: -0.278  max: 0.244 avg: -0.03938
explanation: 
no explanation

11: 1906  label: 1 pred: -0.594498 bl: 0.1416 POSS error_pred: 0.4237 error_bl: 0.272805 improvement: -0.150895
    min: -0.5435  max: 0.3075 avg: -0.02895
explanation: 
no explanation

12: 974  label: 1 pred: -0.693552 bl: 0.0663 POSS error_pred: 0.485933 error_bl: 0.336743 improvement: -0.14919
    min: -0.423  max: 0.331 avg: -0.086565
explanation: 
no explanation

13: 745  label: 1 pred: -0.955445 bl: -0.2459 POSS error_pred: 0.779199 error_bl: 0.648764 improvement: -0.130435
    min: -0.9205  max: 0.1465 avg: -0.37136
explanation: 
no explanation

14: 1016  label: -1 pred: 0.386521 bl: 0.2141 POSS error_pred: 0.202518 error_bl: 0.0738916 improvement: -0.128626
    min: -0.0155  max: 0.858 avg: 0.439985
explanation: 
no explanation

15: 2856  label: 1 pred: -0.420463 bl: 0.2182 POSS error_pred: 0.331628 error_bl: 0.206309 improvement: -0.12532
    min: -0.2225  max: 0.3815 avg: 0.071735
explanation: 
no explanation

16: 1430  label: -1 pred: 0.799018 bl: 0.5584 IMP error_pred: 0.508484 error_bl: 0.385331 improvement: -0.123153
    min: 0.4275  max: 0.838 avg: 0.65181
explanation: 
no explanation

17: 2944  label: -1 pred: 0.355226 bl: 0.1924 POSS error_pred: 0.189381 error_bl: 0.0678708 improvement: -0.121511
    min: -0.213  max: 0.868 avg: 0.423062
explanation: 
no explanation

18: 145  label: -1 pred: 0.997823 bl: 0.82585 IMP error_pred: 0.8763 error_bl: 0.762726 improvement: -0.113574
    min: 0.6335  max: 1 avg: 0.889465
explanation: 
no explanation

19: 536  label: 1 pred: -0.372234 bl: 0.23275 POSS error_pred: 0.310315 error_bl: 0.197783 improvement: -0.112532
    min: -0.2835  max: 0.7705 avg: 0.063525
explanation: 
no explanation

20: 378  label: 1 pred: -0.359451 bl: 0.23465 POSS error_pred: 0.306053 error_bl: 0.195226 improvement: -0.110827
    min: -0.243  max: 0.369 avg: 0.08818
explanation: 
no explanation

21: 693  label: 1 pred: -0.576669 bl: 0.0924 POSS error_pred: 0.415175 error_bl: 0.306905 improvement: -0.108269
    min: -0.533  max: 0.308 avg: -0.01825
explanation: 
no explanation

22: 2128  label: 1 pred: -0.426837 bl: 0.1906 POSS error_pred: 0.335891 error_bl: 0.230179 improvement: -0.105712
    min: -0.3275  max: 0.276 avg: 0.0661325
explanation: 
no explanation

23: 2573  label: -1 pred: 0.465494 bl: 0.3221 IMP error_pred: 0.236453 error_bl: 0.133005 improvement: -0.103448
    min: 0.067  max: 0.7865 avg: 0.456182
explanation: 
no explanation

24: 2773  label: 1 pred: 0.0163556 bl: 0.4006 POSS error_pred: 0.184996 error_bl: 0.0826939 improvement: -0.102302
    min: -0.037  max: 0.628 avg: 0.239525
explanation: 
no explanation

25: 2436  label: 1 pred: 0.0257718 bl: 0.3994 POSS error_pred: 0.183291 error_bl: 0.0835465 improvement: -0.0997443
    min: -0.029  max: 0.526 avg: 0.24376
explanation: 
no explanation

26: 1517  label: 1 pred: -0.564601 bl: 0.0858 POSS error_pred: 0.41006 error_bl: 0.31202 improvement: -0.0980392
    min: -0.4385  max: 0.3975 avg: -0.000215
explanation: 
no explanation

27: 1832  label: 1 pred: -0.19853 bl: 0.3195 POSS error_pred: 0.242114 error_bl: 0.144075 improvement: -0.0980392
    min: -0.1545  max: 0.484 avg: 0.156752
explanation: 
no explanation

28: 229  label: -1 pred: 0.950221 bl: 0.7574 IMP error_pred: 0.770662 error_bl: 0.673235 improvement: -0.0974275
    min: 0.3445  max: 1 avg: 0.79921
explanation: 
no explanation

29: 1067  label: -1 pred: 0.698333 bl: 0.49555 IMP error_pred: 0.400109 error_bl: 0.302682 improvement: -0.0974275
    min: 0.266  max: 0.7795 avg: 0.567093
explanation: 
no explanation

30: 2178  label: -1 pred: 0.723816 bl: 0.5149 IMP error_pred: 0.426382 error_bl: 0.330323 improvement: -0.0960591
    min: 0.25  max: 0.9515 avg: 0.59163
explanation: 
no explanation

31: 150  label: 1 pred: -0.556077 bl: 0.0875 POSS error_pred: 0.405797 error_bl: 0.311168 improvement: -0.0946292
    min: -0.4095  max: 0.239 avg: 0.0059825
explanation: 
no explanation

32: 1966  label: -1 pred: 0.511563 bl: 0.37645 IMP error_pred: 0.266557 error_bl: 0.172414 improvement: -0.0941434
    min: 0.221  max: 0.8325 avg: 0.47711
explanation: 
no explanation

33: 2582  label: 1 pred: -0.0421884 bl: 0.37405 POSS error_pred: 0.197783 error_bl: 0.104859 improvement: -0.0929241
    min: -0.0935  max: 0.92 avg: 0.19763
explanation: 
no explanation

34: 1971  label: -1 pred: 0.39292 bl: 0.29525 POSS error_pred: 0.20416 error_bl: 0.111658 improvement: -0.0925014
    min: -0.13  max: 0.9365 avg: 0.425107
explanation: 
no explanation

35: 409  label: -1 pred: 0.66527 bl: 0.47835 IMP error_pred: 0.372742 error_bl: 0.283525 improvement: -0.0892173
    min: 0.2545  max: 0.9005 avg: 0.564202
explanation: 
no explanation

36: 1820  label: -1 pred: 0.454359 bl: 0.33485 POSS error_pred: 0.230432 error_bl: 0.14231 improvement: -0.0881226
    min: -0.1515  max: 0.9415 avg: 0.450822
explanation: 
no explanation

37: 2417  label: 1 pred: -0.807278 bl: -0.12085 POSS error_pred: 0.606138 error_bl: 0.521739 improvement: -0.084399
    min: -0.7555  max: 0.1615 avg: -0.17202
explanation: 
no explanation

38: 1406  label: -1 pred: 0.446512 bl: 0.3363 IMP error_pred: 0.227148 error_bl: 0.142857 improvement: -0.0842912
    min: 0.1135  max: 0.7045 avg: 0.441905
explanation: 
no explanation

39: 2620  label: 1 pred: -0.0449011 bl: 0.35845 POSS error_pred: 0.197783 error_bl: 0.115942 improvement: -0.0818415
    min: -0.107  max: 0.7955 avg: 0.219977
explanation: 
no explanation

40: 2185  label: 1 pred: 0.11709 bl: 0.42075 AUTO error_pred: 0.15942 error_bl: 0.0775788 improvement: -0.0818415
    min: 0.0255  max: 0.574 avg: 0.277605
explanation: 
no explanation

41: 1750  label: 1 pred: -0.239927 bl: 0.2635 POSS error_pred: 0.255754 error_bl: 0.173913 improvement: -0.0818414
    min: -0.2155  max: 0.5195 avg: 0.14
explanation: 
no explanation

42: 557  label: -1 pred: 0.819274 bl: 0.61325 IMP error_pred: 0.539683 error_bl: 0.458402 improvement: -0.0812808
    min: 0.339  max: 0.975 avg: 0.660843
explanation: 
no explanation

43: 1773  label: 1 pred: -0.732839 bl: -0.045 POSS error_pred: 0.522592 error_bl: 0.442455 improvement: -0.0801364
    min: -0.5375  max: 0.3535 avg: -0.09664
explanation: 
no explanation

44: 2416  label: 1 pred: 0.0228689 bl: 0.3729 AUTO error_pred: 0.184996 error_bl: 0.104859 improvement: -0.0801364
    min: 0.0445  max: 0.4925 avg: 0.253382
explanation: 
no explanation

45: 1353  label: 1 pred: 0.182169 bl: 0.43535 POSS error_pred: 0.14919 error_bl: 0.0699062 improvement: -0.0792839
    min: -0.1475  max: 0.7925 avg: 0.315948
explanation: 
no explanation

46: 2772  label: 1 pred: 0.229922 bl: 0.47215 AUTO error_pred: 0.134697 error_bl: 0.0596761 improvement: -0.0750213
    min: 0.023  max: 0.7155 avg: 0.3137
explanation: 
no explanation

47: 1870  label: -1 pred: 0.749276 bl: 0.5544 IMP error_pred: 0.452655 error_bl: 0.377668 improvement: -0.0749863
    min: 0.3515  max: 0.768 avg: 0.606623
explanation: 
no explanation

48: 2552  label: -1 pred: 0.434102 bl: 0.34645 POSS error_pred: 0.221128 error_bl: 0.146141 improvement: -0.0749863
    min: -0.015  max: 0.817 avg: 0.439192
explanation: 
no explanation

49: 1002  label: 1 pred: 0.207232 bl: 0.44755 POSS error_pred: 0.14237 error_bl: 0.0682012 improvement: -0.0741688
    min: -0.06  max: 0.7405 avg: 0.320977
explanation: 
no explanation

best entries: 
0: 314  label: -1 pred: 0.630428 bl: 0.7058 POSS error_pred: 0.34428 error_bl: 0.598248 improvement: 0.253968
1: 1823  label: -1 pred: 0.511079 bl: 0.63535 POSS error_pred: 0.26601 error_bl: 0.489327 improvement: 0.223317
2: 804  label: -1 pred: 0.57276 bl: 0.6401 IMP error_pred: 0.304324 error_bl: 0.500274 improvement: 0.19595
3: 1951  label: 1 pred: -0.341865 bl: -0.07925 POSS error_pred: 0.300085 error_bl: 0.474851 improvement: 0.174766
4: 2072  label: -1 pred: 0.267179 bl: 0.50915 POSS error_pred: 0.159277 error_bl: 0.322386 improvement: 0.163109
5: 1671  label: -1 pred: 0.304418 bl: 0.5107 POSS error_pred: 0.16913 error_bl: 0.323481 improvement: 0.154351
6: 2008  label: -1 pred: 0.940868 bl: 0.9341 IMP error_pred: 0.749316 error_bl: 0.897646 improvement: 0.148331
7: 132  label: -1 pred: 0.757683 bl: 0.7105 IMP error_pred: 0.45977 error_bl: 0.607006 improvement: 0.147236
8: 2418  label: -1 pred: 0.658781 bl: 0.64805 POSS error_pred: 0.370005 error_bl: 0.514505 improvement: 0.144499
9: 1309  label: 1 pred: 0.548017 bl: 0.2327 AUTO error_pred: 0.0537084 error_bl: 0.197783 improvement: 0.144075
10: 602  label: -1 pred: 0.883912 bl: 0.83805 IMP error_pred: 0.644225 error_bl: 0.779967 improvement: 0.135742
11: 808  label: -1 pred: 0.221391 bl: 0.47085 IMP error_pred: 0.143952 error_bl: 0.272031 improvement: 0.128079
12: 780  label: 1 pred: -0.648673 bl: -0.17025 POSS error_pred: 0.455243 error_bl: 0.581415 improvement: 0.126172
13: 538  label: 1 pred: -0.240736 bl: 0.02615 POSS error_pred: 0.255754 error_bl: 0.381074 improvement: 0.12532
14: 2343  label: -1 pred: 0.673225 bl: 0.63725 IMP error_pred: 0.377668 error_bl: 0.494253 improvement: 0.116585
15: 876  label: 1 pred: 0.199224 bl: 0.1546 POSS error_pred: 0.14578 error_bl: 0.26087 improvement: 0.11509
16: 1879  label: -1 pred: 0.330865 bl: 0.4858 POSS error_pred: 0.179529 error_bl: 0.291188 improvement: 0.111658
17: 1842  label: 1 pred: 0.117134 bl: 0.1546 POSS error_pred: 0.15942 error_bl: 0.26087 improvement: 0.101449
18: 1480  label: 1 pred: -0.259078 bl: 0.04115 POSS error_pred: 0.261722 error_bl: 0.363171 improvement: 0.101449
19: 2791  label: 1 pred: 0.404698 bl: 0.2623 AUTO error_pred: 0.0826939 error_bl: 0.175618 improvement: 0.0929241
20: 2522  label: -1 pred: -0.00852546 bl: 0.38295 POSS error_pred: 0.0881226 error_bl: 0.180077 improvement: 0.091954
21: 2760  label: -1 pred: 0.305936 bl: 0.4613 POSS error_pred: 0.16913 error_bl: 0.260536 improvement: 0.0914067
22: 1066  label: -1 pred: 0.344969 bl: 0.47205 POSS error_pred: 0.181719 error_bl: 0.272578 improvement: 0.0908593
23: 895  label: 1 pred: 0.00340078 bl: 0.136 POSS error_pred: 0.184996 error_bl: 0.275362 improvement: 0.0903666
24: 578  label: 1 pred: -0.174609 bl: 0.0748 POSS error_pred: 0.232737 error_bl: 0.323103 improvement: 0.0903665
25: 2596  label: -1 pred: 0.209467 bl: 0.43525 POSS error_pred: 0.14012 error_bl: 0.230432 improvement: 0.090312
26: 1997  label: 1 pred: 0.559231 bl: 0.33225 POSS error_pred: 0.0537084 error_bl: 0.14237 improvement: 0.0886616
27: 2100  label: -1 pred: 0.738142 bl: 0.65885 IMP error_pred: 0.44116 error_bl: 0.528188 improvement: 0.0870279
28: 852  label: -1 pred: -0.1245 bl: 0.35825 POSS error_pred: 0.0711549 error_bl: 0.157088 improvement: 0.0859332
29: 177  label: 1 pred: -0.317201 bl: 0.03445 POSS error_pred: 0.287298 error_bl: 0.371697 improvement: 0.084399
30: 376  label: 1 pred: -0.248912 bl: 0.06235 POSS error_pred: 0.259165 error_bl: 0.341432 improvement: 0.0822677
31: 1911  label: 1 pred: 0.238521 bl: 0.2126 POSS error_pred: 0.13214 error_bl: 0.213981 improvement: 0.0818415
32: 2679  label: 1 pred: -0.173693 bl: 0.083 POSS error_pred: 0.232737 error_bl: 0.314578 improvement: 0.0818414
33: 1461  label: 1 pred: -0.0107891 bl: 0.14605 POSS error_pred: 0.187553 error_bl: 0.269395 improvement: 0.0818414
34: 1884  label: -1 pred: 0.0759431 bl: 0.38755 POSS error_pred: 0.105638 error_bl: 0.18555 improvement: 0.0799124
35: 144  label: 1 pred: 0.0579942 bl: 0.16785 POSS error_pred: 0.170503 error_bl: 0.249787 improvement: 0.0792839
36: 1672  label: 1 pred: -0.304634 bl: 0.04605 POSS error_pred: 0.283035 error_bl: 0.359761 improvement: 0.0767263
37: 873  label: -1 pred: 0.796976 bl: 0.69485 IMP error_pred: 0.5052 error_bl: 0.580733 improvement: 0.0755336
38: 71  label: 1 pred: -0.0873312 bl: 0.1254 POSS error_pred: 0.208866 error_bl: 0.283887 improvement: 0.0750213
39: 2016  label: -1 pred: -0.109651 bl: 0.347 POSS error_pred: 0.0727969 error_bl: 0.147783 improvement: 0.0749863
40: 227  label: -1 pred: 0.24604 bl: 0.42815 IMP error_pred: 0.151067 error_bl: 0.225233 improvement: 0.0741653
41: 380  label: 1 pred: -0.598429 bl: -0.1051 POSS error_pred: 0.426257 error_bl: 0.499574 improvement: 0.0733163
42: 2014  label: 1 pred: -0.330432 bl: 0.03815 POSS error_pred: 0.294118 error_bl: 0.366581 improvement: 0.0724638
43: 965  label: 1 pred: 0.45382 bl: 0.31495 AUTO error_pred: 0.0741688 error_bl: 0.146633 improvement: 0.0724638
44: 2235  label: 1 pred: -0.129515 bl: 0.11805 POSS error_pred: 0.216539 error_bl: 0.287298 improvement: 0.0707588
45: 1728  label: -1 pred: 0.301774 bl: 0.43865 IMP error_pred: 0.16694 error_bl: 0.235906 improvement: 0.0689655
46: 1731  label: 1 pred: 0.360057 bl: 0.2811 POSS error_pred: 0.0946292 error_bl: 0.16283 improvement: 0.0682012
47: 221  label: -1 pred: 0.612551 bl: 0.57005 POSS error_pred: 0.332239 error_bl: 0.400109 improvement: 0.0678708
48: 1321  label: 1 pred: 0.260693 bl: 0.2479 AUTO error_pred: 0.12191 error_bl: 0.187553 improvement: 0.0656437
49: 2216  label: 1 pred: 0.675256 bl: 0.375 AUTO error_pred: 0.0375106 error_bl: 0.103154 improvement: 0.0656437

total is 0
score for UNKNOWN: 1.0000 baseline: 1.0000 diff: 0.0000
total is 1792
score for AUTO: 0.0000 baseline: 0.0000 diff: 0.0000
total is 1046
score for POSS: 0.1879 baseline: 0.1814 diff: 0.0065
total is 162
score for IMP: 1.0000 baseline: 1.0000 diff: 0.0000
writing 15000 official test outputs

0%   10   20   30   40   50   60   70   80   90   100%
|----|----|----|----|----|----|----|----|----|----|
***************************************************
scores: [ 0.0609863 ]
0.0610 +/-    nan
2706.45user 186.41system 15:47.48elapsed 305%CPU (0avgtext+0avgdata 0maxresident)k
0inputs+336outputs (0major+68005921minor)pagefaults 0swaps
